<?xml version="1.0" encoding="UTF-8"?>
<testsuite xmlns:xsi="http://www.w3.org/2001/XMLSchema-instance" xsi:noNamespaceSchemaLocation="https://maven.apache.org/surefire/maven-surefire-plugin/xsd/surefire-test-report.xsd" name="proslab.unicam.usefultests.HttpResponseCodeTest" time="10.507" tests="1" errors="0" skipped="0" failures="1">
  <properties>
    <property name="gopherProxySet" value="false"/>
    <property name="awt.toolkit" value="sun.lwawt.macosx.LWCToolkit"/>
    <property name="file.encoding.pkg" value="sun.io"/>
    <property name="java.specification.version" value="1.8"/>
    <property name="sun.cpu.isalist" value=""/>
    <property name="sun.jnu.encoding" value="UTF-8"/>
    <property name="java.class.path" value="/Users/user/.m2/repository/org/apache/maven/surefire/surefire-booter/2.22.0/surefire-booter-2.22.0.jar:/Users/user/.m2/repository/org/apache/maven/surefire/surefire-api/2.22.0/surefire-api-2.22.0.jar:/Users/user/.m2/repository/org/apache/maven/surefire/surefire-logger-api/2.22.0/surefire-logger-api-2.22.0.jar:/Users/user/Documents/Applicazioni_Importanti/Eclipse IDE for Java EE Developers/New/WorkspaceEclipseJavaEE/proslabSelenium/target/test-classes:/Users/user/Documents/Applicazioni_Importanti/Eclipse IDE for Java EE Developers/New/WorkspaceEclipseJavaEE/proslabSelenium/target/classes:/Users/user/.m2/repository/org/junit/jupiter/junit-jupiter-api/5.3.2/junit-jupiter-api-5.3.2.jar:/Users/user/.m2/repository/org/apiguardian/apiguardian-api/1.0.0/apiguardian-api-1.0.0.jar:/Users/user/.m2/repository/org/opentest4j/opentest4j/1.1.1/opentest4j-1.1.1.jar:/Users/user/.m2/repository/org/junit/platform/junit-platform-commons/1.3.2/junit-platform-commons-1.3.2.jar:/Users/user/.m2/repository/org/junit/jupiter/junit-jupiter-params/5.3.2/junit-jupiter-params-5.3.2.jar:/Users/user/.m2/repository/org/junit/jupiter/junit-jupiter-engine/5.3.2/junit-jupiter-engine-5.3.2.jar:/Users/user/.m2/repository/org/junit/platform/junit-platform-engine/1.3.2/junit-platform-engine-1.3.2.jar:/Users/user/.m2/repository/org/junit/platform/junit-platform-launcher/1.3.2/junit-platform-launcher-1.3.2.jar:/Users/user/.m2/repository/org/junit/platform/junit-platform-runner/1.3.2/junit-platform-runner-1.3.2.jar:/Users/user/.m2/repository/junit/junit/4.12/junit-4.12.jar:/Users/user/.m2/repository/org/junit/platform/junit-platform-suite-api/1.3.2/junit-platform-suite-api-1.3.2.jar:/Users/user/.m2/repository/com/codeborne/phantomjsdriver/1.4.4/phantomjsdriver-1.4.4.jar:/Users/user/.m2/repository/org/seleniumhq/selenium/selenium-api/3.8.1/selenium-api-3.8.1.jar:/Users/user/.m2/repository/org/seleniumhq/selenium/selenium-remote-driver/3.8.1/selenium-remote-driver-3.8.1.jar:/Users/user/.m2/repository/commons-codec/commons-codec/1.10/commons-codec-1.10.jar:/Users/user/.m2/repository/commons-logging/commons-logging/1.2/commons-logging-1.2.jar:/Users/user/.m2/repository/com/google/code/gson/gson/2.8.2/gson-2.8.2.jar:/Users/user/.m2/repository/org/apache/httpcomponents/httpcore/4.4.6/httpcore-4.4.6.jar:/Users/user/.m2/repository/log4j/log4j/1.2.17/log4j-1.2.17.jar:/Users/user/.m2/repository/org/seleniumhq/selenium/selenium-java/3.141.59/selenium-java-3.141.59.jar:/Users/user/.m2/repository/org/seleniumhq/selenium/selenium-edge-driver/3.141.59/selenium-edge-driver-3.141.59.jar:/Users/user/.m2/repository/org/seleniumhq/selenium/selenium-ie-driver/3.141.59/selenium-ie-driver-3.141.59.jar:/Users/user/.m2/repository/org/seleniumhq/selenium/selenium-opera-driver/3.141.59/selenium-opera-driver-3.141.59.jar:/Users/user/.m2/repository/org/seleniumhq/selenium/selenium-safari-driver/3.141.59/selenium-safari-driver-3.141.59.jar:/Users/user/.m2/repository/net/bytebuddy/byte-buddy/1.8.15/byte-buddy-1.8.15.jar:/Users/user/.m2/repository/org/apache/commons/commons-exec/1.3/commons-exec-1.3.jar:/Users/user/.m2/repository/com/google/guava/guava/25.0-jre/guava-25.0-jre.jar:/Users/user/.m2/repository/com/google/code/findbugs/jsr305/1.3.9/jsr305-1.3.9.jar:/Users/user/.m2/repository/org/checkerframework/checker-compat-qual/2.0.0/checker-compat-qual-2.0.0.jar:/Users/user/.m2/repository/com/google/errorprone/error_prone_annotations/2.1.3/error_prone_annotations-2.1.3.jar:/Users/user/.m2/repository/com/google/j2objc/j2objc-annotations/1.1/j2objc-annotations-1.1.jar:/Users/user/.m2/repository/org/codehaus/mojo/animal-sniffer-annotations/1.14/animal-sniffer-annotations-1.14.jar:/Users/user/.m2/repository/com/squareup/okhttp3/okhttp/3.11.0/okhttp-3.11.0.jar:/Users/user/.m2/repository/com/squareup/okio/okio/1.14.0/okio-1.14.0.jar:/Users/user/.m2/repository/org/seleniumhq/selenium/selenium-server/3.141.59/selenium-server-3.141.59.jar:/Users/user/.m2/repository/com/beust/jcommander/1.72/jcommander-1.72.jar:/Users/user/.m2/repository/net/jcip/jcip-annotations/1.0/jcip-annotations-1.0.jar:/Users/user/.m2/repository/org/seleniumhq/selenium/jetty-repacked/9.4.12.v20180830/jetty-repacked-9.4.12.v20180830.jar:/Users/user/.m2/repository/javax/servlet/javax.servlet-api/3.1.0/javax.servlet-api-3.1.0.jar:/Users/user/.m2/repository/org/yaml/snakeyaml/1.19/snakeyaml-1.19.jar:/Users/user/.m2/repository/org/seleniumhq/selenium/selenium-firefox-driver/3.141.59/selenium-firefox-driver-3.141.59.jar:/Users/user/.m2/repository/org/seleniumhq/selenium/selenium-chrome-driver/3.141.59/selenium-chrome-driver-3.141.59.jar:/Users/user/.m2/repository/org/seleniumhq/selenium/selenium-support/3.141.59/selenium-support-3.141.59.jar:/Users/user/.m2/repository/org/seleniumhq/selenium/htmlunit-driver/2.33.3/htmlunit-driver-2.33.3.jar:/Users/user/.m2/repository/net/sourceforge/htmlunit/htmlunit/2.33/htmlunit-2.33.jar:/Users/user/.m2/repository/xalan/xalan/2.7.2/xalan-2.7.2.jar:/Users/user/.m2/repository/xalan/serializer/2.7.2/serializer-2.7.2.jar:/Users/user/.m2/repository/org/apache/commons/commons-lang3/3.8/commons-lang3-3.8.jar:/Users/user/.m2/repository/org/apache/commons/commons-text/1.4/commons-text-1.4.jar:/Users/user/.m2/repository/net/sourceforge/htmlunit/htmlunit-core-js/2.33/htmlunit-core-js-2.33.jar:/Users/user/.m2/repository/net/sourceforge/htmlunit/neko-htmlunit/2.33/neko-htmlunit-2.33.jar:/Users/user/.m2/repository/xerces/xercesImpl/2.12.0/xercesImpl-2.12.0.jar:/Users/user/.m2/repository/xml-apis/xml-apis/1.4.01/xml-apis-1.4.01.jar:/Users/user/.m2/repository/net/sourceforge/htmlunit/htmlunit-cssparser/1.2.0/htmlunit-cssparser-1.2.0.jar:/Users/user/.m2/repository/commons-io/commons-io/2.6/commons-io-2.6.jar:/Users/user/.m2/repository/commons-net/commons-net/3.6/commons-net-3.6.jar:/Users/user/.m2/repository/org/eclipse/jetty/websocket/websocket-client/9.4.12.v20180830/websocket-client-9.4.12.v20180830.jar:/Users/user/.m2/repository/org/eclipse/jetty/jetty-client/9.4.12.v20180830/jetty-client-9.4.12.v20180830.jar:/Users/user/.m2/repository/org/eclipse/jetty/jetty-http/9.4.12.v20180830/jetty-http-9.4.12.v20180830.jar:/Users/user/.m2/repository/org/eclipse/jetty/jetty-xml/9.4.12.v20180830/jetty-xml-9.4.12.v20180830.jar:/Users/user/.m2/repository/org/eclipse/jetty/jetty-util/9.4.12.v20180830/jetty-util-9.4.12.v20180830.jar:/Users/user/.m2/repository/org/eclipse/jetty/jetty-io/9.4.12.v20180830/jetty-io-9.4.12.v20180830.jar:/Users/user/.m2/repository/org/eclipse/jetty/websocket/websocket-common/9.4.12.v20180830/websocket-common-9.4.12.v20180830.jar:/Users/user/.m2/repository/org/eclipse/jetty/websocket/websocket-api/9.4.12.v20180830/websocket-api-9.4.12.v20180830.jar:/Users/user/.m2/repository/io/rest-assured/rest-assured/3.2.0/rest-assured-3.2.0.jar:/Users/user/.m2/repository/org/codehaus/groovy/groovy/2.4.15/groovy-2.4.15.jar:/Users/user/.m2/repository/org/codehaus/groovy/groovy-xml/2.4.15/groovy-xml-2.4.15.jar:/Users/user/.m2/repository/org/apache/httpcomponents/httpclient/4.5.3/httpclient-4.5.3.jar:/Users/user/.m2/repository/org/apache/httpcomponents/httpmime/4.5.1/httpmime-4.5.1.jar:/Users/user/.m2/repository/org/hamcrest/hamcrest-core/1.3/hamcrest-core-1.3.jar:/Users/user/.m2/repository/org/hamcrest/hamcrest-library/1.3/hamcrest-library-1.3.jar:/Users/user/.m2/repository/org/ccil/cowan/tagsoup/tagsoup/1.2.1/tagsoup-1.2.1.jar:/Users/user/.m2/repository/io/rest-assured/json-path/3.2.0/json-path-3.2.0.jar:/Users/user/.m2/repository/org/codehaus/groovy/groovy-json/2.4.15/groovy-json-2.4.15.jar:/Users/user/.m2/repository/io/rest-assured/rest-assured-common/3.2.0/rest-assured-common-3.2.0.jar:/Users/user/.m2/repository/io/rest-assured/xml-path/3.2.0/xml-path-3.2.0.jar:/Users/user/.m2/repository/javax/xml/bind/jaxb-api/2.2.12/jaxb-api-2.2.12.jar:/Users/user/.m2/repository/com/sun/xml/bind/jaxb-osgi/2.2.10/jaxb-osgi-2.2.10.jar:/Users/user/.m2/repository/org/apache/sling/org.apache.sling.javax.activation/0.1.0/org.apache.sling.javax.activation-0.1.0.jar:/Users/user/.m2/repository/javax/activation/activation/1.1.1/activation-1.1.1.jar:/Users/user/.m2/repository/mysql/mysql-connector-java/8.0.13/mysql-connector-java-8.0.13.jar:/Users/user/.m2/repository/com/google/protobuf/protobuf-java/3.6.1/protobuf-java-3.6.1.jar:/Users/user/.m2/repository/org/apache/maven/surefire/surefire-junit-platform/2.22.0/surefire-junit-platform-2.22.0.jar:/Users/user/.m2/repository/org/junit/platform/junit-platform-launcher/1.2.0/junit-platform-launcher-1.2.0.jar:/Users/user/.m2/repository/org/junit/platform/junit-platform-engine/1.2.0/junit-platform-engine-1.2.0.jar:/Users/user/.m2/repository/org/junit/platform/junit-platform-commons/1.2.0/junit-platform-commons-1.2.0.jar:/Users/user/.m2/repository/org/opentest4j/opentest4j/1.1.0/opentest4j-1.1.0.jar"/>
    <property name="java.vm.vendor" value="Oracle Corporation"/>
    <property name="sun.arch.data.model" value="64"/>
    <property name="java.vendor.url" value="http://java.oracle.com/"/>
    <property name="user.timezone" value=""/>
    <property name="user.country.format" value="IT"/>
    <property name="java.vm.specification.version" value="1.8"/>
    <property name="os.name" value="Mac OS X"/>
    <property name="user.country" value="US"/>
    <property name="sun.java.launcher" value="SUN_STANDARD"/>
    <property name="sun.boot.library.path" value="/Library/Java/JavaVirtualMachines/jdk1.8.0_161.jdk/Contents/Home/jre/lib"/>
    <property name="sun.java.command" value="org.apache.maven.surefire.booter.ForkedBooter /Users/user/Documents/Applicazioni_Importanti/Eclipse IDE for Java EE Developers/New/WorkspaceEclipseJavaEE/proslabSelenium/target/surefire 2019-01-14T18-23-41_168-jvmRun1 surefire5916274265958130397tmp surefire_04414245353949278292tmp"/>
    <property name="http.nonProxyHosts" value="local|*.local|169.254/16|*.169.254/16"/>
    <property name="surefire.test.class.path" value="/Users/user/Documents/Applicazioni_Importanti/Eclipse IDE for Java EE Developers/New/WorkspaceEclipseJavaEE/proslabSelenium/target/test-classes:/Users/user/Documents/Applicazioni_Importanti/Eclipse IDE for Java EE Developers/New/WorkspaceEclipseJavaEE/proslabSelenium/target/classes:/Users/user/.m2/repository/org/junit/jupiter/junit-jupiter-api/5.3.2/junit-jupiter-api-5.3.2.jar:/Users/user/.m2/repository/org/apiguardian/apiguardian-api/1.0.0/apiguardian-api-1.0.0.jar:/Users/user/.m2/repository/org/opentest4j/opentest4j/1.1.1/opentest4j-1.1.1.jar:/Users/user/.m2/repository/org/junit/platform/junit-platform-commons/1.3.2/junit-platform-commons-1.3.2.jar:/Users/user/.m2/repository/org/junit/jupiter/junit-jupiter-params/5.3.2/junit-jupiter-params-5.3.2.jar:/Users/user/.m2/repository/org/junit/jupiter/junit-jupiter-engine/5.3.2/junit-jupiter-engine-5.3.2.jar:/Users/user/.m2/repository/org/junit/platform/junit-platform-engine/1.3.2/junit-platform-engine-1.3.2.jar:/Users/user/.m2/repository/org/junit/platform/junit-platform-launcher/1.3.2/junit-platform-launcher-1.3.2.jar:/Users/user/.m2/repository/org/junit/platform/junit-platform-runner/1.3.2/junit-platform-runner-1.3.2.jar:/Users/user/.m2/repository/junit/junit/4.12/junit-4.12.jar:/Users/user/.m2/repository/org/junit/platform/junit-platform-suite-api/1.3.2/junit-platform-suite-api-1.3.2.jar:/Users/user/.m2/repository/com/codeborne/phantomjsdriver/1.4.4/phantomjsdriver-1.4.4.jar:/Users/user/.m2/repository/org/seleniumhq/selenium/selenium-api/3.8.1/selenium-api-3.8.1.jar:/Users/user/.m2/repository/org/seleniumhq/selenium/selenium-remote-driver/3.8.1/selenium-remote-driver-3.8.1.jar:/Users/user/.m2/repository/commons-codec/commons-codec/1.10/commons-codec-1.10.jar:/Users/user/.m2/repository/commons-logging/commons-logging/1.2/commons-logging-1.2.jar:/Users/user/.m2/repository/com/google/code/gson/gson/2.8.2/gson-2.8.2.jar:/Users/user/.m2/repository/org/apache/httpcomponents/httpcore/4.4.6/httpcore-4.4.6.jar:/Users/user/.m2/repository/log4j/log4j/1.2.17/log4j-1.2.17.jar:/Users/user/.m2/repository/org/seleniumhq/selenium/selenium-java/3.141.59/selenium-java-3.141.59.jar:/Users/user/.m2/repository/org/seleniumhq/selenium/selenium-edge-driver/3.141.59/selenium-edge-driver-3.141.59.jar:/Users/user/.m2/repository/org/seleniumhq/selenium/selenium-ie-driver/3.141.59/selenium-ie-driver-3.141.59.jar:/Users/user/.m2/repository/org/seleniumhq/selenium/selenium-opera-driver/3.141.59/selenium-opera-driver-3.141.59.jar:/Users/user/.m2/repository/org/seleniumhq/selenium/selenium-safari-driver/3.141.59/selenium-safari-driver-3.141.59.jar:/Users/user/.m2/repository/net/bytebuddy/byte-buddy/1.8.15/byte-buddy-1.8.15.jar:/Users/user/.m2/repository/org/apache/commons/commons-exec/1.3/commons-exec-1.3.jar:/Users/user/.m2/repository/com/google/guava/guava/25.0-jre/guava-25.0-jre.jar:/Users/user/.m2/repository/com/google/code/findbugs/jsr305/1.3.9/jsr305-1.3.9.jar:/Users/user/.m2/repository/org/checkerframework/checker-compat-qual/2.0.0/checker-compat-qual-2.0.0.jar:/Users/user/.m2/repository/com/google/errorprone/error_prone_annotations/2.1.3/error_prone_annotations-2.1.3.jar:/Users/user/.m2/repository/com/google/j2objc/j2objc-annotations/1.1/j2objc-annotations-1.1.jar:/Users/user/.m2/repository/org/codehaus/mojo/animal-sniffer-annotations/1.14/animal-sniffer-annotations-1.14.jar:/Users/user/.m2/repository/com/squareup/okhttp3/okhttp/3.11.0/okhttp-3.11.0.jar:/Users/user/.m2/repository/com/squareup/okio/okio/1.14.0/okio-1.14.0.jar:/Users/user/.m2/repository/org/seleniumhq/selenium/selenium-server/3.141.59/selenium-server-3.141.59.jar:/Users/user/.m2/repository/com/beust/jcommander/1.72/jcommander-1.72.jar:/Users/user/.m2/repository/net/jcip/jcip-annotations/1.0/jcip-annotations-1.0.jar:/Users/user/.m2/repository/org/seleniumhq/selenium/jetty-repacked/9.4.12.v20180830/jetty-repacked-9.4.12.v20180830.jar:/Users/user/.m2/repository/javax/servlet/javax.servlet-api/3.1.0/javax.servlet-api-3.1.0.jar:/Users/user/.m2/repository/org/yaml/snakeyaml/1.19/snakeyaml-1.19.jar:/Users/user/.m2/repository/org/seleniumhq/selenium/selenium-firefox-driver/3.141.59/selenium-firefox-driver-3.141.59.jar:/Users/user/.m2/repository/org/seleniumhq/selenium/selenium-chrome-driver/3.141.59/selenium-chrome-driver-3.141.59.jar:/Users/user/.m2/repository/org/seleniumhq/selenium/selenium-support/3.141.59/selenium-support-3.141.59.jar:/Users/user/.m2/repository/org/seleniumhq/selenium/htmlunit-driver/2.33.3/htmlunit-driver-2.33.3.jar:/Users/user/.m2/repository/net/sourceforge/htmlunit/htmlunit/2.33/htmlunit-2.33.jar:/Users/user/.m2/repository/xalan/xalan/2.7.2/xalan-2.7.2.jar:/Users/user/.m2/repository/xalan/serializer/2.7.2/serializer-2.7.2.jar:/Users/user/.m2/repository/org/apache/commons/commons-lang3/3.8/commons-lang3-3.8.jar:/Users/user/.m2/repository/org/apache/commons/commons-text/1.4/commons-text-1.4.jar:/Users/user/.m2/repository/net/sourceforge/htmlunit/htmlunit-core-js/2.33/htmlunit-core-js-2.33.jar:/Users/user/.m2/repository/net/sourceforge/htmlunit/neko-htmlunit/2.33/neko-htmlunit-2.33.jar:/Users/user/.m2/repository/xerces/xercesImpl/2.12.0/xercesImpl-2.12.0.jar:/Users/user/.m2/repository/xml-apis/xml-apis/1.4.01/xml-apis-1.4.01.jar:/Users/user/.m2/repository/net/sourceforge/htmlunit/htmlunit-cssparser/1.2.0/htmlunit-cssparser-1.2.0.jar:/Users/user/.m2/repository/commons-io/commons-io/2.6/commons-io-2.6.jar:/Users/user/.m2/repository/commons-net/commons-net/3.6/commons-net-3.6.jar:/Users/user/.m2/repository/org/eclipse/jetty/websocket/websocket-client/9.4.12.v20180830/websocket-client-9.4.12.v20180830.jar:/Users/user/.m2/repository/org/eclipse/jetty/jetty-client/9.4.12.v20180830/jetty-client-9.4.12.v20180830.jar:/Users/user/.m2/repository/org/eclipse/jetty/jetty-http/9.4.12.v20180830/jetty-http-9.4.12.v20180830.jar:/Users/user/.m2/repository/org/eclipse/jetty/jetty-xml/9.4.12.v20180830/jetty-xml-9.4.12.v20180830.jar:/Users/user/.m2/repository/org/eclipse/jetty/jetty-util/9.4.12.v20180830/jetty-util-9.4.12.v20180830.jar:/Users/user/.m2/repository/org/eclipse/jetty/jetty-io/9.4.12.v20180830/jetty-io-9.4.12.v20180830.jar:/Users/user/.m2/repository/org/eclipse/jetty/websocket/websocket-common/9.4.12.v20180830/websocket-common-9.4.12.v20180830.jar:/Users/user/.m2/repository/org/eclipse/jetty/websocket/websocket-api/9.4.12.v20180830/websocket-api-9.4.12.v20180830.jar:/Users/user/.m2/repository/io/rest-assured/rest-assured/3.2.0/rest-assured-3.2.0.jar:/Users/user/.m2/repository/org/codehaus/groovy/groovy/2.4.15/groovy-2.4.15.jar:/Users/user/.m2/repository/org/codehaus/groovy/groovy-xml/2.4.15/groovy-xml-2.4.15.jar:/Users/user/.m2/repository/org/apache/httpcomponents/httpclient/4.5.3/httpclient-4.5.3.jar:/Users/user/.m2/repository/org/apache/httpcomponents/httpmime/4.5.1/httpmime-4.5.1.jar:/Users/user/.m2/repository/org/hamcrest/hamcrest-core/1.3/hamcrest-core-1.3.jar:/Users/user/.m2/repository/org/hamcrest/hamcrest-library/1.3/hamcrest-library-1.3.jar:/Users/user/.m2/repository/org/ccil/cowan/tagsoup/tagsoup/1.2.1/tagsoup-1.2.1.jar:/Users/user/.m2/repository/io/rest-assured/json-path/3.2.0/json-path-3.2.0.jar:/Users/user/.m2/repository/org/codehaus/groovy/groovy-json/2.4.15/groovy-json-2.4.15.jar:/Users/user/.m2/repository/io/rest-assured/rest-assured-common/3.2.0/rest-assured-common-3.2.0.jar:/Users/user/.m2/repository/io/rest-assured/xml-path/3.2.0/xml-path-3.2.0.jar:/Users/user/.m2/repository/javax/xml/bind/jaxb-api/2.2.12/jaxb-api-2.2.12.jar:/Users/user/.m2/repository/com/sun/xml/bind/jaxb-osgi/2.2.10/jaxb-osgi-2.2.10.jar:/Users/user/.m2/repository/org/apache/sling/org.apache.sling.javax.activation/0.1.0/org.apache.sling.javax.activation-0.1.0.jar:/Users/user/.m2/repository/javax/activation/activation/1.1.1/activation-1.1.1.jar:/Users/user/.m2/repository/mysql/mysql-connector-java/8.0.13/mysql-connector-java-8.0.13.jar:/Users/user/.m2/repository/com/google/protobuf/protobuf-java/3.6.1/protobuf-java-3.6.1.jar:"/>
    <property name="sun.cpu.endian" value="little"/>
    <property name="user.home" value="/Users/user"/>
    <property name="user.language" value="en"/>
    <property name="java.specification.vendor" value="Oracle Corporation"/>
    <property name="java.home" value="/Library/Java/JavaVirtualMachines/jdk1.8.0_161.jdk/Contents/Home/jre"/>
    <property name="basedir" value="/Users/user/Documents/Applicazioni_Importanti/Eclipse IDE for Java EE Developers/New/WorkspaceEclipseJavaEE/proslabSelenium"/>
    <property name="file.separator" value="/"/>
    <property name="line.separator" value="&#10;"/>
    <property name="java.vm.specification.vendor" value="Oracle Corporation"/>
    <property name="java.specification.name" value="Java Platform API Specification"/>
    <property name="java.awt.graphicsenv" value="sun.awt.CGraphicsEnvironment"/>
    <property name="sun.boot.class.path" value="/Library/Java/JavaVirtualMachines/jdk1.8.0_161.jdk/Contents/Home/jre/lib/resources.jar:/Library/Java/JavaVirtualMachines/jdk1.8.0_161.jdk/Contents/Home/jre/lib/rt.jar:/Library/Java/JavaVirtualMachines/jdk1.8.0_161.jdk/Contents/Home/jre/lib/sunrsasign.jar:/Library/Java/JavaVirtualMachines/jdk1.8.0_161.jdk/Contents/Home/jre/lib/jsse.jar:/Library/Java/JavaVirtualMachines/jdk1.8.0_161.jdk/Contents/Home/jre/lib/jce.jar:/Library/Java/JavaVirtualMachines/jdk1.8.0_161.jdk/Contents/Home/jre/lib/charsets.jar:/Library/Java/JavaVirtualMachines/jdk1.8.0_161.jdk/Contents/Home/jre/lib/jfr.jar:/Library/Java/JavaVirtualMachines/jdk1.8.0_161.jdk/Contents/Home/jre/classes"/>
    <property name="sun.management.compiler" value="HotSpot 64-Bit Tiered Compilers"/>
    <property name="ftp.nonProxyHosts" value="local|*.local|169.254/16|*.169.254/16"/>
    <property name="java.runtime.version" value="1.8.0_161-b12"/>
    <property name="user.name" value="user"/>
    <property name="path.separator" value=":"/>
    <property name="os.version" value="10.12.5"/>
    <property name="java.endorsed.dirs" value="/Library/Java/JavaVirtualMachines/jdk1.8.0_161.jdk/Contents/Home/jre/lib/endorsed"/>
    <property name="java.runtime.name" value="Java(TM) SE Runtime Environment"/>
    <property name="file.encoding" value="UTF-8"/>
    <property name="java.vm.name" value="Java HotSpot(TM) 64-Bit Server VM"/>
    <property name="localRepository" value="/Users/user/.m2/repository"/>
    <property name="java.vendor.url.bug" value="http://bugreport.sun.com/bugreport/"/>
    <property name="java.io.tmpdir" value="/var/folders/_w/2rr1gddx3bs3q6v6bt6pcwm40000gn/T/"/>
    <property name="java.version" value="1.8.0_161"/>
    <property name="user.dir" value="/Users/user/Documents/Applicazioni_Importanti/Eclipse IDE for Java EE Developers/New/WorkspaceEclipseJavaEE/proslabSelenium"/>
    <property name="os.arch" value="x86_64"/>
    <property name="java.vm.specification.name" value="Java Virtual Machine Specification"/>
    <property name="java.awt.printerjob" value="sun.lwawt.macosx.CPrinterJob"/>
    <property name="sun.os.patch.level" value="unknown"/>
    <property name="java.library.path" value="/Users/user/Library/Java/Extensions:/Library/Java/Extensions:/Network/Library/Java/Extensions:/System/Library/Java/Extensions:/usr/lib/java:."/>
    <property name="java.vm.info" value="mixed mode"/>
    <property name="java.vendor" value="Oracle Corporation"/>
    <property name="java.vm.version" value="25.161-b12"/>
    <property name="java.ext.dirs" value="/Users/user/Library/Java/Extensions:/Library/Java/JavaVirtualMachines/jdk1.8.0_161.jdk/Contents/Home/jre/lib/ext:/Library/Java/Extensions:/Network/Library/Java/Extensions:/System/Library/Java/Extensions:/usr/lib/java"/>
    <property name="sun.io.unicode.encoding" value="UnicodeBig"/>
    <property name="java.class.version" value="52.0"/>
    <property name="socksNonProxyHosts" value="local|*.local|169.254/16|*.169.254/16"/>
  </properties>
  <testcase name="testBrokenLinks" classname="proslab.unicam.usefultests.HttpResponseCodeTest" time="10.501">
    <failure message="mailto:flavio.corradini@unicam.itA clear description of the failure" type="java.lang.AssertionError">java.lang.AssertionError: mailto:flavio.corradini@unicam.itA clear description of the failure
	at proslab.unicam.usefultests.HttpResponseCodeTest.checkBrokenLinks(HttpResponseCodeTest.java:79)
	at proslab.unicam.usefultests.HttpResponseCodeTest.testBrokenLinks(HttpResponseCodeTest.java:45)
Caused by: java.net.ConnectException: Connection refused (Connection refused)
	at proslab.unicam.usefultests.HttpResponseCodeTest.checkBrokenLinks(HttpResponseCodeTest.java:73)
	at proslab.unicam.usefultests.HttpResponseCodeTest.testBrokenLinks(HttpResponseCodeTest.java:45)
</failure>
    <system-out><![CDATA[Chrome
Chrome
DEBUG RequestAddCookies - CookieSpec selected: default
DEBUG RequestAuthCache - Auth cache not set in the context
DEBUG PoolingHttpClientConnectionManager - Connection request: [route: {}->http://localhost:2064][total kept alive: 1; route allocated: 0 of 2000; total allocated: 1 of 2000]
DEBUG PoolingHttpClientConnectionManager - Connection leased: [id: 1][route: {}->http://localhost:2064][total kept alive: 1; route allocated: 1 of 2000; total allocated: 2 of 2000]
DEBUG MainClientExec - Opening connection {}->http://localhost:2064
DEBUG DefaultHttpClientConnectionOperator - Connecting to localhost/127.0.0.1:2064
DEBUG DefaultHttpClientConnectionOperator - Connection established 127.0.0.1:56386<->127.0.0.1:2064
DEBUG DefaultManagedHttpClientConnection - http-outgoing-1: set socket timeout to 10800000
DEBUG MainClientExec - Executing request POST /session HTTP/1.1
DEBUG MainClientExec - Target auth state: UNCHALLENGED
DEBUG MainClientExec - Proxy auth state: UNCHALLENGED
DEBUG headers - http-outgoing-1 >> POST /session HTTP/1.1
DEBUG headers - http-outgoing-1 >> Content-Type: application/json; charset=utf-8
DEBUG headers - http-outgoing-1 >> Content-Length: 335
DEBUG headers - http-outgoing-1 >> Host: localhost:2064
DEBUG headers - http-outgoing-1 >> Connection: Keep-Alive
DEBUG headers - http-outgoing-1 >> User-Agent: Apache-HttpClient/4.5.3 (Java/1.8.0_161)
DEBUG headers - http-outgoing-1 >> Accept-Encoding: gzip,deflate
DEBUG wire - http-outgoing-1 >> "POST /session HTTP/1.1[\r][\n]"
DEBUG wire - http-outgoing-1 >> "Content-Type: application/json; charset=utf-8[\r][\n]"
DEBUG wire - http-outgoing-1 >> "Content-Length: 335[\r][\n]"
DEBUG wire - http-outgoing-1 >> "Host: localhost:2064[\r][\n]"
DEBUG wire - http-outgoing-1 >> "Connection: Keep-Alive[\r][\n]"
DEBUG wire - http-outgoing-1 >> "User-Agent: Apache-HttpClient/4.5.3 (Java/1.8.0_161)[\r][\n]"
DEBUG wire - http-outgoing-1 >> "Accept-Encoding: gzip,deflate[\r][\n]"
DEBUG wire - http-outgoing-1 >> "[\r][\n]"
DEBUG wire - http-outgoing-1 >> "{[\n]"
DEBUG wire - http-outgoing-1 >> "  "desiredCapabilities": {"browserName":"chrome","goog:chromeOptions":{"args":[],"extensions":[]}},[\n]"
DEBUG wire - http-outgoing-1 >> "  "capabilities": {[\n]"
DEBUG wire - http-outgoing-1 >> "    "desiredCapabilities": {"browserName":"chrome","goog:chromeOptions":{"args":[],"extensions":[]}},[\n]"
DEBUG wire - http-outgoing-1 >> "    "firstMatch": [[\n]"
DEBUG wire - http-outgoing-1 >> "      {"browserName":"chrome","goog:chromeOptions":{"args":[],"extensions":[]}}[\n]"
DEBUG wire - http-outgoing-1 >> "    ][\n]"
DEBUG wire - http-outgoing-1 >> "  }[\n]"
DEBUG wire - http-outgoing-1 >> "}"
DEBUG wire - http-outgoing-1 << "HTTP/1.1 200 OK[\r][\n]"
DEBUG wire - http-outgoing-1 << "Content-Length:1013[\r][\n]"
DEBUG wire - http-outgoing-1 << "Content-Type:application/json; charset=utf-8[\r][\n]"
DEBUG wire - http-outgoing-1 << "[\r][\n]"
DEBUG wire - http-outgoing-1 << "{"sessionId":"e9c2f5b492893b90288674161d6e7d46","status":0,"value":{"acceptInsecureCerts":false,"acceptSslCerts":false,"applicationCacheEnabled":false,"browserConnectionEnabled":false,"browserName":"chrome","chrome":{"chromedriverVersion":"2.45.615355 (d5698f682d8b2742017df6c81e0bd8e6a3063189)","userDataDir":"/var/folders/_w/2rr1gddx3bs3q6v6bt6pcwm40000gn/T/.org.chromium.Chromium.BpZsmx"},"cssSelectorsEnabled":true,"databaseEnabled":false,"goog:chromeOptions":{"debuggerAddress":"localhost:56387"},"handlesAlerts":true,"hasTouchScreen":false,"javascriptEnabled":true,"locationContextEnabled":true,"mobileEmulationEnabled":false,"nativeEvents":true,"networkConnectionEnabled":false,"pageLoadStrategy":"normal","platform":"Mac OS X","proxy":{},"rotatable":false,"setWindowRect":true,"strictFileInteractability":false,"takesHeapSnapshot":true,"takesScreenshot":true,"timeouts":{"implicit":0,"pageLoad":300000,"script":30000},"unexpectedAlertBehaviour":"ignore","version":"71.0.3578.98","webStorageEnabled":true}}"
DEBUG headers - http-outgoing-1 << HTTP/1.1 200 OK
DEBUG headers - http-outgoing-1 << Content-Length:1013
DEBUG headers - http-outgoing-1 << Content-Type:application/json; charset=utf-8
DEBUG MainClientExec - Connection can be kept alive indefinitely
DEBUG PoolingHttpClientConnectionManager - Connection [id: 1][route: {}->http://localhost:2064] can be kept alive indefinitely
DEBUG PoolingHttpClientConnectionManager - Connection released: [id: 1][route: {}->http://localhost:2064][total kept alive: 2; route allocated: 1 of 2000; total allocated: 2 of 2000]
DEBUG RequestAddCookies - CookieSpec selected: default
DEBUG RequestAuthCache - Auth cache not set in the context
DEBUG PoolingHttpClientConnectionManager - Connection request: [route: {}->http://localhost:2064][total kept alive: 2; route allocated: 1 of 2000; total allocated: 2 of 2000]
DEBUG PoolingHttpClientConnectionManager - Connection leased: [id: 1][route: {}->http://localhost:2064][total kept alive: 1; route allocated: 1 of 2000; total allocated: 2 of 2000]
DEBUG MainClientExec - Stale connection check
DEBUG wire - http-outgoing-1 << "[read] I/O error: Read timed out"
DEBUG DefaultManagedHttpClientConnection - http-outgoing-1: set socket timeout to 10800000
DEBUG MainClientExec - Executing request POST /session/e9c2f5b492893b90288674161d6e7d46/url HTTP/1.1
DEBUG MainClientExec - Target auth state: UNCHALLENGED
DEBUG MainClientExec - Proxy auth state: UNCHALLENGED
DEBUG headers - http-outgoing-1 >> POST /session/e9c2f5b492893b90288674161d6e7d46/url HTTP/1.1
DEBUG headers - http-outgoing-1 >> Content-Type: application/json; charset=utf-8
DEBUG headers - http-outgoing-1 >> Content-Length: 31
DEBUG headers - http-outgoing-1 >> Host: localhost:2064
DEBUG headers - http-outgoing-1 >> Connection: Keep-Alive
DEBUG headers - http-outgoing-1 >> User-Agent: Apache-HttpClient/4.5.3 (Java/1.8.0_161)
DEBUG headers - http-outgoing-1 >> Accept-Encoding: gzip,deflate
DEBUG wire - http-outgoing-1 >> "POST /session/e9c2f5b492893b90288674161d6e7d46/url HTTP/1.1[\r][\n]"
DEBUG wire - http-outgoing-1 >> "Content-Type: application/json; charset=utf-8[\r][\n]"
DEBUG wire - http-outgoing-1 >> "Content-Length: 31[\r][\n]"
DEBUG wire - http-outgoing-1 >> "Host: localhost:2064[\r][\n]"
DEBUG wire - http-outgoing-1 >> "Connection: Keep-Alive[\r][\n]"
DEBUG wire - http-outgoing-1 >> "User-Agent: Apache-HttpClient/4.5.3 (Java/1.8.0_161)[\r][\n]"
DEBUG wire - http-outgoing-1 >> "Accept-Encoding: gzip,deflate[\r][\n]"
DEBUG wire - http-outgoing-1 >> "[\r][\n]"
DEBUG wire - http-outgoing-1 >> "{"url":"http://pros.unicam.it"}"
DEBUG wire - http-outgoing-1 << "HTTP/1.1 200 OK[\r][\n]"
DEBUG wire - http-outgoing-1 << "Content-Length:72[\r][\n]"
DEBUG wire - http-outgoing-1 << "Content-Type:application/json; charset=utf-8[\r][\n]"
DEBUG wire - http-outgoing-1 << "[\r][\n]"
DEBUG wire - http-outgoing-1 << "{"sessionId":"e9c2f5b492893b90288674161d6e7d46","status":0,"value":null}"
DEBUG headers - http-outgoing-1 << HTTP/1.1 200 OK
DEBUG headers - http-outgoing-1 << Content-Length:72
DEBUG headers - http-outgoing-1 << Content-Type:application/json; charset=utf-8
DEBUG MainClientExec - Connection can be kept alive indefinitely
DEBUG PoolingHttpClientConnectionManager - Connection [id: 1][route: {}->http://localhost:2064] can be kept alive indefinitely
DEBUG PoolingHttpClientConnectionManager - Connection released: [id: 1][route: {}->http://localhost:2064][total kept alive: 2; route allocated: 1 of 2000; total allocated: 2 of 2000]
DEBUG RequestAddCookies - CookieSpec selected: default
DEBUG RequestAuthCache - Auth cache not set in the context
DEBUG PoolingHttpClientConnectionManager - Connection request: [route: {}->http://localhost:2064][total kept alive: 2; route allocated: 1 of 2000; total allocated: 2 of 2000]
DEBUG PoolingHttpClientConnectionManager - Connection leased: [id: 1][route: {}->http://localhost:2064][total kept alive: 1; route allocated: 1 of 2000; total allocated: 2 of 2000]
DEBUG MainClientExec - Stale connection check
DEBUG wire - http-outgoing-1 << "[read] I/O error: Read timed out"
DEBUG DefaultManagedHttpClientConnection - http-outgoing-1: set socket timeout to 10800000
DEBUG MainClientExec - Executing request POST /session/e9c2f5b492893b90288674161d6e7d46/elements HTTP/1.1
DEBUG MainClientExec - Target auth state: UNCHALLENGED
DEBUG MainClientExec - Proxy auth state: UNCHALLENGED
DEBUG headers - http-outgoing-1 >> POST /session/e9c2f5b492893b90288674161d6e7d46/elements HTTP/1.1
DEBUG headers - http-outgoing-1 >> Content-Type: application/json; charset=utf-8
DEBUG headers - http-outgoing-1 >> Content-Length: 36
DEBUG headers - http-outgoing-1 >> Host: localhost:2064
DEBUG headers - http-outgoing-1 >> Connection: Keep-Alive
DEBUG headers - http-outgoing-1 >> User-Agent: Apache-HttpClient/4.5.3 (Java/1.8.0_161)
DEBUG headers - http-outgoing-1 >> Accept-Encoding: gzip,deflate
DEBUG wire - http-outgoing-1 >> "POST /session/e9c2f5b492893b90288674161d6e7d46/elements HTTP/1.1[\r][\n]"
DEBUG wire - http-outgoing-1 >> "Content-Type: application/json; charset=utf-8[\r][\n]"
DEBUG wire - http-outgoing-1 >> "Content-Length: 36[\r][\n]"
DEBUG wire - http-outgoing-1 >> "Host: localhost:2064[\r][\n]"
DEBUG wire - http-outgoing-1 >> "Connection: Keep-Alive[\r][\n]"
DEBUG wire - http-outgoing-1 >> "User-Agent: Apache-HttpClient/4.5.3 (Java/1.8.0_161)[\r][\n]"
DEBUG wire - http-outgoing-1 >> "Accept-Encoding: gzip,deflate[\r][\n]"
DEBUG wire - http-outgoing-1 >> "[\r][\n]"
DEBUG wire - http-outgoing-1 >> "{"using":"css selector","value":"a"}"
DEBUG wire - http-outgoing-1 << "HTTP/1.1 200 OK[\r][\n]"
DEBUG wire - http-outgoing-1 << "Content-Length:2169[\r][\n]"
DEBUG wire - http-outgoing-1 << "Content-Type:application/json; charset=utf-8[\r][\n]"
DEBUG wire - http-outgoing-1 << "[\r][\n]"
DEBUG wire - http-outgoing-1 << "{"sessionId":"e9c2f5b492893b90288674161d6e7d46","status":0,"value":[{"ELEMENT":"0.01484094461664287-1"},{"ELEMENT":"0.01484094461664287-2"},{"ELEMENT":"0.01484094461664287-3"},{"ELEMENT":"0.01484094461664287-4"},{"ELEMENT":"0.01484094461664287-5"},{"ELEMENT":"0.01484094461664287-6"},{"ELEMENT":"0.01484094461664287-7"},{"ELEMENT":"0.01484094461664287-8"},{"ELEMENT":"0.01484094461664287-9"},{"ELEMENT":"0.01484094461664287-10"},{"ELEMENT":"0.01484094461664287-11"},{"ELEMENT":"0.01484094461664287-12"},{"ELEMENT":"0.01484094461664287-13"},{"ELEMENT":"0.01484094461664287-14"},{"ELEMENT":"0.01484094461664287-15"},{"ELEMENT":"0.01484094461664287-16"},{"ELEMENT":"0.01484094461664287-17"},{"ELEMENT":"0.01484094461664287-18"},{"ELEMENT":"0.01484094461664287-19"},{"ELEMENT":"0.01484094461664287-20"},{"ELEMENT":"0.01484094461664287-21"},{"ELEMENT":"0.01484094461664287-22"},{"ELEMENT":"0.01484094461664287-23"},{"ELEMENT":"0.01484094461664287-24"},{"ELEMENT":"0.01484094461664287-25"},{"ELEMENT":"0.01484094461664287-26"},{"ELEMENT":"0.01484094461664287-27"},{"ELEMENT":"0.01484094461664287-28"},{"ELEMENT":"0.01484094461664287-29"},{"ELEMENT":"0.01484094461664287-30"},{"ELEMENT":"0.01484094461664287-31"},{"ELEMENT":"0.01484094461664287-32"},{"ELEMENT":"0.01484094461664287-33"},{"ELEMENT":"0.01484094461664287-34"},{"ELEMENT":"0.01484094461664287-35"},{"ELEMENT":"0.01484094461664287-36"},{"ELEMENT":"0.01484094461664287-37"},{"ELEMENT":"0.01484094461664287-38"},{"ELEMENT":"0.01484094461664287-39"},{"ELEMENT":"0.01484094461664287-40"},{"ELEMENT":"0.01484094461664287-41"},{"ELEMENT":"0.01484094461664287-42"},{"ELEMENT":"0.01484094461664287-43"},{"ELEMENT":"0.01484094461664287-44"},{"ELEMENT":"0.01484094461664287-45"},{"ELEMENT":"0.01484094461664287-46"},{"ELEMENT":"0.01484094461664287-47"},{"ELEMENT":"0.01484094461664287-48"},{"ELEMENT":"0.01484094461664287-49"},{"ELEMENT":"0.01484094461664287-50"},{"ELEMENT":"0.01484094461664287-51"},{"ELEMENT":"0.01484094461664287-52"},{"ELEMENT":"0.01484094461664287-53"},{"ELEMENT":"0.01484094461664287-54"},{"ELEMENT":"0.01484094461664287-55"},{"ELEMENT":"0.01484094461664287-56"},{"ELEMENT":"0.01484094461664287-57"}]}"
DEBUG headers - http-outgoing-1 << HTTP/1.1 200 OK
DEBUG headers - http-outgoing-1 << Content-Length:2169
DEBUG headers - http-outgoing-1 << Content-Type:application/json; charset=utf-8
DEBUG MainClientExec - Connection can be kept alive indefinitely
DEBUG PoolingHttpClientConnectionManager - Connection [id: 1][route: {}->http://localhost:2064] can be kept alive indefinitely
DEBUG PoolingHttpClientConnectionManager - Connection released: [id: 1][route: {}->http://localhost:2064][total kept alive: 2; route allocated: 1 of 2000; total allocated: 2 of 2000]
DEBUG RequestAddCookies - CookieSpec selected: default
DEBUG RequestAuthCache - Auth cache not set in the context
DEBUG PoolingHttpClientConnectionManager - Connection request: [route: {}->http://localhost:2064][total kept alive: 2; route allocated: 1 of 2000; total allocated: 2 of 2000]
DEBUG PoolingHttpClientConnectionManager - Connection leased: [id: 1][route: {}->http://localhost:2064][total kept alive: 1; route allocated: 1 of 2000; total allocated: 2 of 2000]
DEBUG MainClientExec - Stale connection check
DEBUG wire - http-outgoing-1 << "[read] I/O error: Read timed out"
DEBUG DefaultManagedHttpClientConnection - http-outgoing-1: set socket timeout to 10800000
DEBUG MainClientExec - Executing request GET /session/e9c2f5b492893b90288674161d6e7d46/element/0.01484094461664287-1/attribute/href HTTP/1.1
DEBUG MainClientExec - Target auth state: UNCHALLENGED
DEBUG MainClientExec - Proxy auth state: UNCHALLENGED
DEBUG headers - http-outgoing-1 >> GET /session/e9c2f5b492893b90288674161d6e7d46/element/0.01484094461664287-1/attribute/href HTTP/1.1
DEBUG headers - http-outgoing-1 >> Cache-Control: no-cache
DEBUG headers - http-outgoing-1 >> Host: localhost:2064
DEBUG headers - http-outgoing-1 >> Connection: Keep-Alive
DEBUG headers - http-outgoing-1 >> User-Agent: Apache-HttpClient/4.5.3 (Java/1.8.0_161)
DEBUG headers - http-outgoing-1 >> Accept-Encoding: gzip,deflate
DEBUG wire - http-outgoing-1 >> "GET /session/e9c2f5b492893b90288674161d6e7d46/element/0.01484094461664287-1/attribute/href HTTP/1.1[\r][\n]"
DEBUG wire - http-outgoing-1 >> "Cache-Control: no-cache[\r][\n]"
DEBUG wire - http-outgoing-1 >> "Host: localhost:2064[\r][\n]"
DEBUG wire - http-outgoing-1 >> "Connection: Keep-Alive[\r][\n]"
DEBUG wire - http-outgoing-1 >> "User-Agent: Apache-HttpClient/4.5.3 (Java/1.8.0_161)[\r][\n]"
DEBUG wire - http-outgoing-1 >> "Accept-Encoding: gzip,deflate[\r][\n]"
DEBUG wire - http-outgoing-1 >> "[\r][\n]"
DEBUG wire - http-outgoing-1 << "HTTP/1.1 200 OK[\r][\n]"
DEBUG wire - http-outgoing-1 << "Content-Length:92[\r][\n]"
DEBUG wire - http-outgoing-1 << "Content-Type:application/json; charset=utf-8[\r][\n]"
DEBUG wire - http-outgoing-1 << "[\r][\n]"
DEBUG wire - http-outgoing-1 << "{"sessionId":"e9c2f5b492893b90288674161d6e7d46","status":0,"value":"http://pros.unicam.it/"}"
DEBUG headers - http-outgoing-1 << HTTP/1.1 200 OK
DEBUG headers - http-outgoing-1 << Content-Length:92
DEBUG headers - http-outgoing-1 << Content-Type:application/json; charset=utf-8
DEBUG MainClientExec - Connection can be kept alive indefinitely
DEBUG PoolingHttpClientConnectionManager - Connection [id: 1][route: {}->http://localhost:2064] can be kept alive indefinitely
DEBUG PoolingHttpClientConnectionManager - Connection released: [id: 1][route: {}->http://localhost:2064][total kept alive: 2; route allocated: 1 of 2000; total allocated: 2 of 2000]
DEBUG BasicClientConnectionManager - Get connection for route {}->http://pros.unicam.it:80
DEBUG DefaultClientConnectionOperator - Connecting to pros.unicam.it:80
DEBUG RequestAddCookies - CookieSpec selected: ignoreCookies
DEBUG RequestAuthCache - Auth cache not set in the context
DEBUG RequestTargetAuthentication - Target auth state: UNCHALLENGED
DEBUG RequestProxyAuthentication - Proxy auth state: UNCHALLENGED
DEBUG DefaultHttpClient - Attempt 1 to execute request
DEBUG DefaultClientConnection - Sending request: GET / HTTP/1.1
DEBUG wire -  >> "GET / HTTP/1.1[\r][\n]"
DEBUG wire -  >> "Accept: */*[\r][\n]"
DEBUG wire -  >> "Host: pros.unicam.it[\r][\n]"
DEBUG wire -  >> "Connection: Keep-Alive[\r][\n]"
DEBUG wire -  >> "User-Agent: Apache-HttpClient/4.5.3 (Java/1.8.0_161)[\r][\n]"
DEBUG wire -  >> "Accept-Encoding: gzip,deflate[\r][\n]"
DEBUG wire -  >> "[\r][\n]"
DEBUG headers - >> GET / HTTP/1.1
DEBUG headers - >> Accept: */*
DEBUG headers - >> Host: pros.unicam.it
DEBUG headers - >> Connection: Keep-Alive
DEBUG headers - >> User-Agent: Apache-HttpClient/4.5.3 (Java/1.8.0_161)
DEBUG headers - >> Accept-Encoding: gzip,deflate
DEBUG wire -  << "HTTP/1.1 200 OK[\r][\n]"
DEBUG wire -  << "Date: Mon, 14 Jan 2019 17:23:53 GMT[\r][\n]"
DEBUG wire -  << "Server: Apache/2.4.18 (Ubuntu)[\r][\n]"
DEBUG wire -  << "Vary: Accept-Encoding,Cookie[\r][\n]"
DEBUG wire -  << "Cache-Control: max-age=3, must-revalidate[\r][\n]"
DEBUG wire -  << "Content-Encoding: gzip[\r][\n]"
DEBUG wire -  << "Content-Length: 11579[\r][\n]"
DEBUG wire -  << "Keep-Alive: timeout=5, max=100[\r][\n]"
DEBUG wire -  << "Connection: Keep-Alive[\r][\n]"
DEBUG wire -  << "Content-Type: text/html; charset=UTF-8[\r][\n]"
DEBUG wire -  << "[\r][\n]"
DEBUG DefaultClientConnection - Receiving response: HTTP/1.1 200 OK
DEBUG headers - << HTTP/1.1 200 OK
DEBUG headers - << Date: Mon, 14 Jan 2019 17:23:53 GMT
DEBUG headers - << Server: Apache/2.4.18 (Ubuntu)
DEBUG headers - << Vary: Accept-Encoding,Cookie
DEBUG headers - << Cache-Control: max-age=3, must-revalidate
DEBUG headers - << Content-Encoding: gzip
DEBUG headers - << Content-Length: 11579
DEBUG headers - << Keep-Alive: timeout=5, max=100
DEBUG headers - << Connection: Keep-Alive
DEBUG headers - << Content-Type: text/html; charset=UTF-8
DEBUG DefaultHttpClient - Connection can be kept alive for 5000 MILLISECONDS
DEBUG RequestSpecificationImpl$RestAssuredHttpBuilder - Parsing response as: text/html; charset=UTF-8
DEBUG wire -  << "[0x1f][0x8b][0x8][0x0][0x0][0x0][0x0][0x0][0x0][0x3][0xed]}[0xf9]~[0xdb][0xb6][0xd2][0xe8][0xdf][0xf1]S [0xcc][0xd7]XjIj[0xb1][0xbc][[0xce]q[0xbc][0xb4][0xb9][0xbf]l7N[0xce]9[0xfd][0xe2]|[0xfa]A$$[0xc1][0xe1][0xa2]r[0xb1][0xad]8~[0x97][0xf3][0xe][0xf7][\r][0xfa]dw[0x6][0x0]WQ[0x92][0x17][0xa5]m[0xee][0xad][0xdb][0xd8]$0[0x18][0xc][0x6][0x83][0xc1][0xc][0x96][0xe1][0xde][0xe3][0xa3]7[0x87][0xef]}{LF[0x91][0xeb][0xec][0xaf][0xec][0xe1][0x1f][0xe2]Po[0xd8][0xd5][0x98]g|8[0xd5][0xc8]8`[0x3]~[0xd5][0xd5][0xfc][0xe1][0xe][0x0]E[0xe3][0x9d]F[0xc3][0x1f][0x8e]M[0x97]5[0xbc][0xf0][0x89][0xb6][0xbf][0x2]e[0x18][0xb5][0xf7]W[0x1e][0xed][0xb9],[0xa2][0xc4][0x1a][0xd1] dQw[0xf5][0xc3][0xfb][0x13]ck5M[0xf7][0xa8][0xcb][0xba][0xda][0x5]g[0x97]c?[0x88]4b[0xf9]^[0xc4][0xbc][0xa8][0xab]]r;[0x1a]umv[0xc1]-f[0x88][0x17][0x9d]p[0x8f]G[0x9c]:FhQ[0x87]u[[0x1a]bq[0xb8][0xf7][0x99][0x4][0xcc][0xe9]j[0xe3][0xc0][0x1f]p[0x87]id[0x4][0xa4]u5E[0xd4][0xd0][0x1d][0xf]M?[0x18]6[0xae][0x6]^[0xa3]%[0xca]<[0xda][0x8b]x[0xe4][0xb0][0xfd]_|[0x97][0x11][0x83][0xbc]}[0xf7][0xe6][0x14]Y,[0xc]YH[0xa8]g[0x93]S[0x16]`[0xbd]!yI[0xfb]{[\r][0x9][0xbd]Br?{[0xa1][0x15][0xf0]qD[0xa2][0xc9][0x18][0xc8][0x8f][0xd8]U[0xd4]8[0xa7][0x17]T[0xa6]j[0x84][0xdb][0xd0][0x80]q<0[0x90]e1[0x1d]2C[0xe5][0x14][0xb1][0xe0][0xcf][0x5][\r][0x8][0xb][0x2]?[0xe8][0x85]Q[0xd0][0xf3][0xfb][0xe7][0xa4]K[0xae][0xa7][0xa0][0xf0]g5`[0xbf][0xc5]<`[0xf6]*[0xd9]![0xab]<$[0xe9][0xbb]^[\r][0xef][0xf2][0xd0][0xa5][0x91]5[0x12][0xf0][0xb6][0xf][0xcd][0xf1][0xfc][0x88][0xc8][0xa4][0x19]E.[0xa8][0xc3]m[0x1a]q[0xdf]K*[0xc1]""uu[0xaa][0xc4]M[0x91]%[\r][0xd9][0xc6]b[0x13]W[0xf6][0x1e][0x1b][0x6]y?[0x2]L![0x8f][0x18][0x81][0xbf][0xfe]8[0xe2].[0xff][0xc2]lr[0xc9][0xa3][0x11][0x89]F[0x8c][0xfc][0xea][0xd3]0"[0xa7][0xc7]o[0xc8][0xd8][0x89][0x87][0xdc]#[0x17][0xdb]f[0x7][0xba][0x6][0xfb]0[0x84]N[0x9c]`[0xbe]i[0xf9]n[0xe3][0xd2][0xf]l[0x10][0xbd]0lH[0xc8][0xb0][0x11]2[0xbf]A[0xc][0x3][0x84]4[0x13][0x5][0x8b]z[0xbe][0xc7]AJJ[0xc2][0x0]"[0x12][0x9a]1[0xe6][0xb8]&[0x8f][0x1a][0x1a]i@1![0x87][0x90]3fA4[0x11][0x2][0xed][0xf8](`9ad^[0xf]e[0xbe][0x1a][0x1a]e /[0xb8][0xac][0x8f]-[0x9d][0x9][0x8d][0xc2][0x94][0x3][0xbf][0x9d][0x10][0xce][0xc2][0x16][0x7]N[0xe][0xd7][0xdd]Z[0x89]T[0xf6]p[0xfc][0xe5]0[0xdc][0x93][0xc][0xee][0x82][0x8c]/$[0xe4]rl([0x88]F<v|j[0x87][0x8d]v[0xb3][0xb5][0xd9]h5[0x1b][0xfd]8[0xe4][0x1e][0xd4]i[0xb0][0xc1][0x80][[0x9c]y[0xd6][0xc4]h5[0xdb][0x9d][0xab]N{[0xcd]<[0x1f][0xf][0xe7]V[0xbc]#[0xd4]C[0xae]z,9[0xbf][0xc4][0x88][0xf1][0xe1]([0xaf]n[0xa0][0x9e]\[0x9][0xa9][0x95]"[0x90][0xcf][0x88][0x5];[0x16][\r][0xec][0x1c]h[0x18][0xbb].[\r]&3[0xc1][0x1f][0xdc][0xc3]Et[0xdf][0x82][0xb7][0x19]K[0xf3]zl[0x95][0x8e][0xc7][0xe] [0xc4][0xe1][0xdf]p[0xec][0x9f][0xce]CP[0x3][0xfb][0xd7][0xda]?[0x4][0xe6][0xab]H[0xdb][0xd1][0x92][0x1][0x19]Z#[0xe6]R[0xd4][0xab][0x9a][0xae][0xfd]C[0x8c][0x80][0x1d][0xed]_[0xac][0x8a][0x92][0xf])[0xdc]V[0xc0][0xd3][0x94]>I[0x6][0x88][0xae][0xa1][0xf4][0xce][0x2][0x83]l![0x9b];[0xb]eR[0xd7][0xc6]>6[0x1c]f[0x86][0x3][0xb]i[0xd7]v[0xae]S[0x9a]N[0x19][\r][0xac][0x91]J[0xd7][0xb5][0x88][0x6]C[0x16][0xcd][0xac][0xf4]Y[0xd8][0xbd][0xe]E[0x89][0x1e][0xb0][0xde]E[0x95][0xcc][0xbd][0xe1][\r][0x14][0xfc]-f[0xc1][0xc4][0xe0][0xde]8[0xc6][0xd2][0x89][0xe6][0x95]]5]B[0xbb][0xb9][0xc9][0xd4][0xe1]Ry[0xfc]&[0x18]R[0x8f][0xa1][0xaa]=[0xb]8[0x18][0x2]y[0x7][0xa1][0xb6][0xf3]1EzyyiN[0xfc]8[0x8a][0xfb]L[0xe8]S[0x98][0x97]=[0x8f]9[0x8d][0xf][0x87][0xbd][0xc3][0xdf][0xae]^EG[0x83][0xe0][0xe7][0xff][0xbe]|3[0xfc][0xef][0xdf][0xfa][0xfd]&[0xf3][0x87][0xda][0xa7][0x5][0xbd][0xe9][0x17][0x9][0xba]u[0x9f]9[0xfe][0xd0][0x7]@-[0xcf][0xa8][0x9c][0xf4][0xf]}[0xe8][0xc0][0xb4][0x9][0x82]b\[0xb0][0x80][0xf][0x14][0xcf][0xf2][0x8a][0xf6][0xe7]h-|s[0xf8][0xbf][0xb6]^[0x9c]l[0xad]o[0xbf]::y[0xf3]a[0xbc]M[0xff][0xfd][0xe1][0xf4][0xc8][0xde][0xee]M[0xb6]_[0xfc][0xbb]s[0xfc][0xe5][0xcd][0xeb][0x17][0xbf][0x9c]n[0xbd][0x92][0xb2][0x8e]3Qcj[0xae]1[0xc5][0xe4][0x91][0x9b]=Vm/4[0xd0][0xbc]ab[0xee][0x14][0x13][0xc8]j[0xa3][0xe1][0xd2]+[0xcb][0xf6][0xcc][0xbe][0xef]G[0xd0][0xc9]t[0x8c]/[0xc0][0xc1]U[0x81]zQ[0xe1][0x1][0x10][0x1d][0x9a][0xb2]Qt[0xcc][0xc3][0xdb][0x97][0xc][0xcd]K[0x14][0x81][0x12][0xb0]F[0x1d][0x10]7[0x8f][0xe2]<#m[0x90][0xbc]\[0x5]a[0xf8][0xd3][0x95][0xb]3[0x83]PE[0xb][0xb5]:y[0x1a][0xd0][0xdf]b[0x97][0x9c]0f[0xcf][0x9f]1[0x7][0x0][0xa1]&[0x94]oL[0xcb][0xa1][0xef][0xba][0xd0][0xcd][0xe1]-[0x88][0xb2][0x14]h[0x8e]:[0xb0][0xf1][0xe6]Zh[0x8][0xf1][0xe8][0x92]{[0xb6]i[0xf6].[0xc7][0xcc][0xf5][0xcf][0xf9])[0x8b]"[0x18][0xbb]![0x1a]`Z[0x9f][0x86][0xec]C:[0xb8][0xc2][0x9d][0xb3][0xc6]Y[0xd2][0x15]g[\r][0xa1][0x92][0xc3]3[0xa8]8`g[\r]Q[0xf8][0xc]l[0xcb][0xb3][0xc6]f[0xfb]j[0xb3]}[0x86]#O[0xe]es[0xec][0xe1][0xe0][\r]/[0x86]w[0xc7][0x5][0x85][0x4]&[0xf8]{,[0x91][0xc1][0x13][0xbe][0xfb]q`1[0xd4]q0[0x12][0x80][0xc9][0xa2]H2>[0x11]u[0x91];g85p[0xcf]rb[0x1b][0xab]9[0xf]E[0x82](d@[0xef]1h[0xa7][0xe9][0xc2](8[0xf][0x9f][0xc1]8[0xeb][0xae][0x9b]M[0xb3][\r][0xea]k[0x17][0x19][0xf4]x[0x10]{Bs[0xd6][0xa8][0xde][0xd7][0xad][0xfa]u[0xf2]NlL[0xa9]_[0xa3][0xf1]juO[0x85][0xce]3[0x7][0x81][0xef][0x1e][0x82][0x99][0xe8][0xdb]l[0xd7]1-[0xc0][0x1d][0xbc]cVTk[0xea]M[0xfd][0xb3])m[0xf8][0xcf][0xa6][0x9c]z[0xeb][0xba]c[0x82][0xb5][0xee][0xbc][0x7]F[0xd5],[0x13]%fR[0x8b][0xc0]L[0xd4]i[0x1d][0xc0][0x9b][0xf5]][0xc4]mw?[0x9b][0x91]D#[0xfa][0xe1][0xdd][0xcb]Z[0xfd][0x1]X[0xfb]9[0xac][0xac][0x84]5`Q[0x1c]@[0x9b][0xba][0xdd].[0xbb]I[0x9b][0xc8]jT6[0xb0][0xbf][0xcb][0x7][0xb5][0xc7][0xce][0xd7][0xaf][0x8f]3[0xe4]uY[0xe6]qk7[0x84]i[0xda][0x1a][0xd5][0x1c][0x13]E[0xec]9p[0x13][0xc6][0x5][\n]"
DEBUG wire -  << "[0x9c]?[0xd6][0x90][0x18][0x1f]5[0xd5]F[0xb3]I[0xd6][0xda][0xe3]+r[0x10][0xc0]$[0xa5]A[0x13][0xaf]-[0x80][0xd4][0x6][0xe][0x1d]j;[\n]"
DEBUG wire -  << "U[0xad][0xdf][0xb5]k[0x1f][0xd7][0xd7][0xd7][0xd6]7[0xf4][0xf5][0x8d][0xad]6[0xfc]N[0x9e][[0xdb][0x9f][0xf4]B[0xce]V[0xbb][0xb9]V[0xc8][0xae][0xd7][0x9f]>- [0xd8]\[kC^[0xab][0xbd][0x5][0xbf][0xc1][0xb8][0xc9][0x9e][[[0xb9][0xf4]V[0xf6][0xbc][0xd6][0xac][0x86][0xef]lf[0x95][0xb][0xac][0xb2][0xf2][0x1c]h1[0x1][0xf0][0x97] Z[0xa5][0x4][0xa8]i[0x1][0xe][0xa8][0xb3][0xae]?[0xee][0xd7]w[0x5][0x9b][0x94][0x84][0xab]nJ[[0x89][0x90][0x9b][0x1b]M}{s[0xbb][0xad]o[0xac]7[0xd7][0x12].%[0x19][0x2]g.[0x17]Q[0xde]$[0x1d][0x97]u[0xf4] [0xe9]h[0xab][0xdb]7[0xad][0x80][0xc1][0x90]:v[0x18]j[0x94][0x9a][0xa6][0xd4][0x5][0x10]b[0x86][0x81][0xd5][0xa5][0xba]e[0xda][0xa0][0xa1][0x83][0xae]eV+[0x16][0xbd]o[0x82][0x81][0xa1][0xca][0x87][0xcf]'[0xef][0xe9][0xf0]5Lh5[\r][0xbd]a[0xad][0xfe][0xb1][0xf9][0x9][0xa5][0x92]y[0xf6][0xe1][0x88];v[0xcd][0xaa][0xdf]`[0xcd]C}[0xa4]s[0xfd]\[0xff]<M[0x1][0xb8]2[0x80]\[0x3][0xc9][0x6][0xa9][0x5][0xd4][0x87][0xd2]Nx[0xfa]4[0xff]V[0xd3][0xda][0x80]|w[0xe0][0x7][0xb5][0xf3][0xee]A[0x10][0xd0]IM[\n]"
DEBUG wire -  << "[0x97][0xae][0x98]W[0x7][0xc2][0xc3]x[0x8c]>6[0x98]8[0xc]F[0xfa][0x4][0x86][0x85]7[0xdc]y[0xdc][0xd4][0xb3][0xb7][0xe3]+[0x8b][0x8d][0xa3][0x13]([0x8][0xe9]7:[0xef]6w[0xf9][0xde][0xb9][0xe9]0o[0x18][0x8d]v[0xf9]O?[0xd5]3,[0x1f][0xcf]?[0xf2]O[0x9f][0xba][0xac][0x86][0xf3][0xe8][0xcd][0xc]_[0xb7]2[0xf5][0xe9][0xd3]2[0x16]][0x12][0xfb][0xb8][0xdb][0xc5]W[0x90][0xe4][0xca]r[0x19]u[0xd5]x[0xb3][0xfc][0xe9][0x1a]D[0x7]>[0xc][0xe5][0xe3][0x1c][0x4][0x92][0xb]M>z[0xf3][0xea][0x1d]t[0xeb][0xa4][0xfb][0xb8][0x5]o[0x1]>[0x1e]R[0xc7][0xe9]S[0xeb]s7U[0x9d]0[0xd6]s[0x80][0xc0][0xd6][0xca][0x9a][0xbe]~[0xad][0x8d][0x8a]e[\n]"
DEBUG wire -  << "[0xe8]j[0xf5][0x1b][0x90],j[0xdb][0xc7][0x17] [0x15]/y[0x8]&[0x10][0xb][0x9e][0xd5][0xa6][0xd3]j[0x1a]Tv(m[0xa4][0x97][0xe0][0x7][0xc0][0xe4][0x9][0xc2][0xf5][0xb8]U[0xd7]i[0x5],z[\n]"
DEBUG wire -  << "*[0xbf][0xbe]S[0x3][0x88]([0xa2][0xd6]H[0x0][0xd5]4[0xdf]S[0xd9]u[0xac][0xbb][0x98]#[0xa8][0xb]#[0x90]T[0xb4] [0xc1]A[0xd1]s[0xc4][0xc3][0xcc][0xe4][0x8e][0x1d][0x6][0x6][0x1][0xa8][0xd4][0xbe]l[0xc9])[0xc2]b[0xc7][0x94][0xdb]U[0xaf][0xeb][0x82][0xfb]bZ[0xfb][0xfa][0xf5][0xfa]F[0x1f][0x9a][0xb9][0x99][0xed][0xd9][0xa0]Vx[0xaf][0xef][0xc]M5a?}:4[0xa3]K[0xf5]XC8[0xf5]V[0xd7][0xf1]EA[0xd5][0xeb][0xf5][0x9b][0x9a][0x9c][0xea]u[0xdb][0xb7]b[0x1c]V[0xfa][0x8c][0xa9][0xbf][0x8e][0xd3]^f[0x90][0xa2][0x15][0x11]M[0x1c][0x96]7"[0xac]0[0x4][0xeb][0x81][0xbb][0x88][0xdf][0x8]][0xee][0xb0][0x89].^[0x5]"r[0xbd][0xf2][0xc8][0xe6][0xe1][0xd8][0xa1][0x93][0x1d][0xc2]=[0x9c][0xb][0xc8]c[0xee]boS/[0x2][0xec]}?[0xb0][0xc1][0xa9]#[0x9e]?[0x9d]se[0x84]#[\n]"
DEBUG wire -  << "dU[0xe5][0xca][0xf9]m[0x87][0xb4][0x98][[0xcc][0x10][0x13]`E:[0xb8][0xa8]`[0xdc][0xee][0x90]&1[0x9b][0x9b][0xe5]L[0x10][0xbb][0x8][0x97]G[0xc][0xea][0xf0]![0x0][0x19]Ms[\n]"
DEBUG wire -  << "[0x1]v[0xcf]0[0xf0]c[0xcf][0xae][0xa2]g[0xc][0xb2][0x84][0xfa][0x3][0xf0][0xe7][0xd3]oV[0x80]{[0xc8][0xb2][0x82]e+R[0xc2][0x11]c[0xd1]*.[0x8d][0xad][0x2][0xe7][0xfa][0x8e]o}6[0x1c][0xde][0xf][0xc0][0x95]6[0x80][0xa9][0xab]D[0x99][0xbc]3[0xfd][0xdb][0xc4][0x88][0xc1].h[0x0][0x93][0xa3]F[0x1][0x89][0xac]W[0xd8]2[0x0][0x90][0x19]3[0xab][0xca][0xf1]Jzo[0x95][0xb8][0xcc][0xe6][0x14]<1[0xc7])[0x9b][0xe0]eBG,[0x4][0xb7][0xd2][0xb0][0x1c][0x8e][0xda][0xdc][0xe8][0xd3][0xe0]v[0xa4]&[0xae]x[0xb2]F[0x15][0x81]'[0xc7]x[0x8][0xe][\r][0x8e][0xc][0xf0][0x97][0xc0]0[0xf6][0xfb][0x83][0xab][0x9e][0xeb][0xdb][0xb1][0x83]MJ[0x92][\r][0x87][\r][0xa9]5iP[0xb0][0x8e]#[0xd9]TID#G[0xc4][0xf2][0x1a]h[0xd3]p[0xc4][0x81][0xda][0xf0]>][0x90][0x94]].[0xcf][0x91]/[0x86][0xe4][0x8b]1[0x8e][0xfb]H[0x98][0x1]c66$[0x9d][0xcd])J[0xd1][0xad][0x9d][0xe1][0x9c][0x9][0xbf][0xcb][0xa0][0x97],[0xf4]][0xd6][0xe8][0x98][0x9b]fS[0x90][0x9e]O.P[0xdf][0x6][0x90][0xb5]oH}[0xeb][0x1b][0xc9]OV[0x85]h[0x1f][0xd4][0xc][0xe][0xd8][0xf2]Z[0x95][0xf2][0xf5]n[0xe4][0xb][0xb2]S[0x1]V"[0x9d][0xe2][0x12][0x94][0xa6]o[0x85]nh-i[0xe0][0x8a]~[0xe][0xf9][0x17]vK[0xf9][0x9e]Kx*8[0x2]aIl@[0x81]n?[0x84][0xe0][0xbc]D.[0x81][0xd6][0x82][0xdc][0xcf][0x95][0xf8]%[0xb1][0xba]'[0x92][0x1f]B[0xf9][0xb4][0xfa][0xbe]-W[0xe5][0x1c]=E[0x8b][0x9c]~%I%[0x14][0xfb]+[0xa6][0x92][0x10][0xf0][0xd3]P[0xa3][0xea][0xa4][0x94]@[0xd0][0xb3][0x4][0x3][[0xfd][0xe9][0x85]#<[0x86][0x9][0xaf]g[0xd1] "&[0xfe][0xee]90[0x7][0xe1][0x84][0xff](7WB[0xe3][0x1c][0x1f][0xe6][0xf7]'k[0x1b]k[0xeb]k[0x9b][0x90]y[0x3][0xff]f '[0xa6]C[0xfb][0xcc]1[0x6]`g[0xa1][0xfd]A[0xc4][0xfa][0xe2]GA[0xac]\T[0xfc][0xb4]c\[0xb2][0xfe]g[0xe]}[0x17]G[0xb8][0xbd][0xe5][0xc8][\n]"
DEBUG wire -  << "[0x93][0xd4][0xbc][0xd1][0x0][0x8a][0x2]P6[0xf1]?p5[0xb7][0xe1][0x7][0xfe][0xe4][0xe8][0xb8]m[0x93]oA[0xd5]bv[0x9]8[0x2][0xe][0x89]k[0xe2]/[0x3][0xb9]3[0xde][0xe9]3xa[0xb]K[0x83][0xc8][0xd8][0xb1][0xf5]P,[0x85].S[0x85]$[0xf7][0x92]>[0x1a][0x88][0x1f][0xe4][\r]yP'[0x15][0xba][0x4][0x85][0xcc][0xc0][0x9e]R[0xa2][0xa0]j[0xc9][0x99]I[0xa4][0xa2]7[0x8][0xad]h[0x8f]z0<zA[0x1c]N[0xe8],[0xea][0xa7]p[0xed][0x8c]|[0x18]@[0xb7][0xc0]([0x1][0x8b]x"
DEBUG wire -  << "[0x99][0xf8][0x91][0x92][0xb][0xbf][0x81]0d[0xe][0x94][0x10][0x18][0xec][0xc0][0x1f][0x83][0xb8]ybV[0x3][0x1c][\n]"
DEBUG wire -  << "[0xc3]>4`.[0xd8][0x0]L[0xef]p1[0x18][0x5][0x1f][0xe2][0x82]M[0xc1][0xc9][0xbf][0x82][0xec]}$|[0x1][0x19]}[0xdf][0x9e][0xec]x~T3G[0xa0][0xef][0xea]iy[0xf0][0xdd]i[0xec]D%|[0xa6][0xac]T[0x16][0xe8]G^}[0x89]hTO,[0x9][0x99]`""K{[0x18][0x99][0x84][0xfb]ShP[0xf][0x9]5][0x10][0xf2][0x8][0xfc][0xf7]9[0xd9][0x6][0xea][0xf2]<[0x80][0x92][0xf3][0x1c][0xad][0xe6][0x88][0x86][0x6][0xb5],[0xd0][0xd2]R[0x8a][0x85][0x84][0xe0]~[0xae][0x92][0xe9]&mo[0xaf][0xd3]][0xa5][0xde][0xb0][0xc4][0x98][0x82][0xa5]"[0x96]|I[0x8][0x16][0x8a]i[0xc5]A[0x80][0x9e][0x16][0x99][0x95][0xa3][0x1a]3;?'[0x9a][0xd2]k2[\n]"
DEBUG wire -  << "[0x95]gu[0xf7][0xe3]([0xf2]==}[0xca][0xb5][0xe3][0xd2][0xf7][0xc5][0xea]0[0xb8][0x96] [0xfc][0x1][0xa8][0xe9][0x9e]@E$[0xa4][0x1c][0xc5]Z[0x18][0xf7]][0x1e]i[0x9f][0xee]Q$[0xab][0xcb][0xe6][0x17][0xe0][0x12][0xa2][0x9a][\n]"
DEBUG wire -  << "[0xc5][0xc]Ga[0xf2]A%[0xa2][0x92][0xf0]w[0x1][0x85][0xc4][0xf0])[0x5][0x90][0xef][0xcb][0xc3][0x94]Q[0x96]SX[0x9a],'[0x9b]Z[0x95]^]*[0xcf][0xa0][0xaa][0xf4]R[0xa9]'R/[0xaa][0x16][0x91][0xb9][0xe2]1'3[0x91][0x90]y YW[0xc3] [0xc1][0xc6]8[0xe0][0xb8]=[[0x95][0xb6][0x83][0x92]_[0x99][0x91][0x1b][\r][0xe5][0xac][0x1c][0x11][0xe5],9F+[0xf3][0xcc][0xc5]ys0'[0x10]3[[0xb7]S[0x0][0x98]C[0xdc]b[0xf2][0xf3][0xa3]^[0xce][0x16]![0xb7][0x19]j"[0xcc][0xbc][0xb4][0x10]Xq[0xac][\n]"
DEBUG wire -  << "[0xc8]r c![0xd4][0x14][0xaa][0xd9][0xb5]N#[0xbc][0x3][0x85][0x99][0x86][0xbc][0x5][0xda][0xc]V[0xcc][0xf0]j[0x9e][0xcf][0xcb][0x8f][0xc2]q[0xe9][0x7][0x9f]AO[0xc1][0xec]=[0xf0][0x1d][0xee][0x1b]<b[0xee][0x8e][0x17][0x8d][0xc]K,[0xe2]nx?[0xb5][0xea][0xca]LHf-C[0xda][0x89][0xc9]Sb[0xf3]fF[0x85][0x1c]pa[0xf2][0x90]j[0xdd][0xcc][0x94][0xcc]+[0xe1][0xb2][0x81][0x99][0xea][0xe3][\n]"
DEBUG wire -  << "[0xcb]sJ7[0xff]C[0x18][0xcc][0xa4][0x6]N[0xb2][0xa1][0x96][0x8b]67[0xb6][0xc6]WurM[0xc4][0x14][0xff]h[0xce]\[0xb4][0xef][0xf0][0xfd][0xdc][0xcc][0xb0][0x18]4[0xe5]j[0xe5][0xec][0x9d]N[0xdc][0xd3]S8[0xa9][0xa8][0xe6][0xe]e[0xa7][0xeb][0x95][0x9c]M0D[0xfe]p[0xe8][0xb0][0x5]U[0xe4][\r][0x9][0xc2][0xe5][0xe4][0x93]M{y[0xde][\n]"
DEBUG wire -  << "[0xe6]&[0x13]P:[0xb5][0xe7]&[0xf][0x3]T[0x16]L[0xf3]jJ[0xc2][0xdc][0x8f][0x96][0x3][0xee][0xd9][0xff]t[0xb5][0x81]ch[0x9f][0xea][0xca][0x18]Pbj[0x5]>[0x98][0x8c][0x91][0x8f][0xb6][0x9a][0xca]*[0x10][0xae][0xd2][0x84][0x18][0xd7][0xf5][0x5][0x95][0x9a][0xb]j[0xbd]c[0xa5][0xd4][0xb6]{[0x91]/[0xec][0xe8][0x9e][0xc4]\_[0xee][0x8c]W9[0xd7][0x90]YSW[0x95]2[0xd3]3C[0xa6][0xec]>[0xcc][0x9e][0xea][0x97][0xa3][0xef][0xd2][0xb1]X[0xe5][0x94]5[0x9][0xee][0xfb][0xe1][0xbf]&[0x9][0x86]}Zk5[0xf5]NK[0xdf]n[0xea][0xe0][0xdb]v[0xea]z[0x93][0xac]A^[0xb][0xfe][0x19][0x8]T[0x6]i#[0x4][0xe6][0xae]Wch[0x8b][0x15]k[0xa1][0x8][0xfe][0xe8]J[0x13][0xc3][0xf][0xcd]Kt4(ZhIo[0x10][0x95][0xac][0xd4]^[0x92]^[0xa1][0xb6][0xaa][0x14][0xd6]CD[0xfb][0xae][0x3][0xaa]B[0xb6][0xab]l[0xf6]?h`/[0xdb][0x9c][0x9c]o[0xce][0xcd]7[0x11][0xe7][0x19]u[0xd3][0xee][0xc3][0xad]F]n&[0x9f]k[0x10][0xfe][0xa9][0xe6][0xd9]]-'r[0x1b]UrO{g[0xae][0xd9];s%[0x8]Fo[0x7][0x15][0xc0][0x6][0x8e][0xf0][0x16][0xc][0xf1][0xf2][0x10][0xee][0x88]!.`[0xd6][0xb2]1[0x8e]'*[0xd4][0x0][0x87][0xdc]-T[0x11][0xb8][0x92]d[0xac]W[0xea][0x88]j[0xc5]S[0xaa]x[0xaa][0xdc][0xb2]j[0xce][0xaf][0x82][0xe4][0xb5]Q[0xb6]Ldr[0x1c]%[0xd0][0x85][0xc][0xf4][0x90]H[0xc6]a[0x4][0x83]Q([0xa1][0x9c][0xdd]$O[0x84][0xa6][0xda]{[0x18]P[0x1b]wZj[0xb8]zH[0x3][0xdd]a[0x83][0x88][0xc0][0xd8][0xd5][0x89]x[0xea][0xfb] [0xd7][0xae][0x8e][0x87]]jJs[0xd5][0xf5][0xc8]O[0x9f][0xeb][0xfa]}[0x10][0xd9]m[0xfc]O"R[0xcf][0xb2][0x99][0xb3][0xe9][0x94]X[0xb3]Z[0xaa][0x88][0xd1]g[0x2][0xcb]J[0xf4][0xa4][0xb2][0x19]u[0xdd][0xaa][0x8e][0xdb][0xe0]N[0xba]Gj[0xbe][0xa2][0x16][0xc][0xa8][0x7][0xb2][0x8d]b]G[0xfb]+][0xf1][0xa8]^Yr[0xb8][0xe9]{F[0xc8][0xc4]^si[0xc9]&[0xb7]Pe[0xe]b[0x7]/[\n]"
DEBUG wire -  << "[0x4][0x8c]I#[0xb1][0xa2][0xba][0xc5][0xb5]Ma![0xb3][0xac][0xc9][0x85]-K][0x81][0xbc][0xd6]XX(][0xbf][0x1b][0x8a][0xd3][0x90]B[0xb5][0xe6][0x17]F[0x1e][0x15][0x96]D[0x12].[0xab][0xc9]x[0xc0][0xf1]`^[0xda]1[0xc2][0xda]T[0xd8][0xd7]-w]g[0xdd]fC][\r][0xb9][0x8d]-[0xbd][0xbd][0xad][0xb7][0xd6][0xda]:x7[0xcd][0x1f]Dr[0xad][0xbd][0xd6][0xd1][0xd7]7[0xf5]V[0xb][0xd2]Z[0xcd][0xe6][0xf][0xf5]][0xb2][0x92][0xac]q[0x83][0xbb][0xa2]jN[0x10]&[0xce]Jj?[0xd3][0xad][0x96][0xbd][0xd5][0xd9]%i[0x81][0x92][0xbb]S.?[0xed][0xf7]Ty<y[0xac]d[0x1a][0xb3][0x84][0x9b][0xa2][0xe5]x[0x1d][0xff][0x9b]M[0xcb][0x14][0x82][0xdb][0x11][0x93]G[0xbb]25s[0xc8][0xb9][0x1e]A[0x99]m$[0xf6]F"[0x84][0x6]*[0x86][0xdc]k [0xce][0xb4]e[0xef][0xe7]q[0x18][0x89]]]]><![CDATA[>[0x95]&w[0xfd][0xc0][0x19][0xad][0xeb][0xa4]r~[0x17]PRj[0x94]A[0x0][0x90][0xd5]F[\r]8[0x9a][0xd0][0xc][0x94][0xb9][0xc2][0x2][0x98][0xf2][0xa1][0xf2][0x90][0xcf][0xa5][0xc3]Z[0x2]T[0xd3][0xe2]t[0xf5]o[0xf]dR'[0x9a][0x5][0xf8]$`[0xe1][0xd8][0xf7]l[0xa2]L[0x10][0xb5][0xa2]T[0xa0]Gz[0xda][0xb8][0xc0]i[0x8c][0xfd]0*aR[0xde][0xb7][0xe3]P[0x18][0xb][0xd4][0x9][0xd5][0xde]M[0xe4]G[0xf2]e[0xc4][0xac][0xcf]~[0x1c][0x19]U[0x4][0x1b]I.y2[0xa6][0x13]<8[0x2][0xf][0xe][0xb5][0x98]\[0x11],[0x1]+[0xe]N[0x99][0x8a][0xf3]Y[0xb2]xQ[0x92][0xdc]k=[0xa1]X[\r]M;[0xd2][0x12]b|[0x9][0xd6][0xb9][0x94][0x84]"5[0x97][0x96][0x5][0xf3]$[0x5][0xde][0x0]7Q[0xb2][0xd2][0x92][0x15][0xd0]T[0x82][0x97][0x9a]'vk[0xf2]<Pso[0xc][0xfd]Xf[0xc5][0x92]<H[0x89][0xa7][0xaa][0xb9]B[0xb4][0xca][0xb9][0x11][0xed][0xe3]N[0xe3][0xa4][0xa7]zLr?[0xcf]:[0x1c][0xb5][0xc5]A[0xaa][0x12][0x93]A[0x9a]{[0x15][0x83]T[0xbe][0xab][0xd1]]t(r&fu[0x8e]t%[0xae][0x89]:[0xa3][0x83][0x8e][0xc7]N[0xb]L[0xa9]][0x92]&I[0xe3][0xa3][0x9c][0x8a][0x4][0xee][0xac][0xad][0x15][0xd2][0x4][0x95]*[0xf1][0xe6]o}[0xf6][0xb7]>[0xfb][[0x9f]}w[0xfa][0xac]j,[0x15][0x87]Q[0xb6]U[0x8c]Wqe[0x97]\[0x6]xR[0x19][0xc8][0x7]M[0xc0][0xd2]E[0x12][0xe4]8[0x10]+[0x19]^[0x94][\r])[0xe3]Fa[0x1][0xa0]R[0xb6][0xa9]0[0xde]s[0x4]>[0x1]{[0x1e]F[0x5][0xae][0x10]A[0xe3]>r[0xfb][0xba][0xb9]R=P6[0xf0][[0x9a][0xb3][0x9f]fHDU9[0xb5]2[0x81][0x95]~[0x9a]#X[0x92]`[0xd1]9[0xf9][0xbd]}[0xd9]7[0xc5][0xfc]R[0x19][0xd1][0xa3][0x89][0xee][0xb2][0x85][0xa1][0xee];[0xa8][0x82][0x95]z[0xac][0xcf]C[0xb8][0xb8]p%[0xb]Kl[0xae][0xac][0xe0][0xff][0x89][0xf9]Km[0xfa][0xa2]+[0x10][0x87];8[0x1][0xdd][0xac][0xa4][[0x19][0xdc][0xcb][0xb6]2[0xb6][0xc7]Wu[0xe1][\r][0xe1]r[0x9]S>D[0xe2][0x4][0x85].u[0x9c][0xcc][0x91][0xc2]KH[0xfa][0x2][0xd8][0xc]h[0xd4]*[0x14][0x94]9[0x6][0xd4][0xad][0xd4][0x95][0xc4][0xe4][0xc2]0'[0x14]O[0xd4][0x2][0x88][0xf2]L[0x89]p!$|zhL[0xf9]l[0xe9][0xfb][0xe][0xe9][0xb4][0xa1]Yb7[0xe1]fe%![\n]"
DEBUG wire -  << "X6F[0xf5][0xe]=[0xc0][0x1d][0xe1][0xc8][0x81][0x17]*Zk[0x84]Q[0xba][0xd6][0x8a][0x87][0x4][0x98][0xbc]%[0xa0][0xf6][0x83][0x1e][0xe5]'|[0xb2][0xd9][0x94][0xa8][0x1][0xf1]m[0xce][0xe4][0xaa][0xa3]S[0xe2][0xa2]Z[0xe5][0x11][0xcb][0xaa]+lx[0x98][0xea][0xd9][0x80][0xba][0xdc][0x99]t[0xdf][0xf9]`T[0xf8]?[0xac][0x1d][0xac][0x81][[0xd8]>[0xec][0x88][0xdf][0xeb][0xe2][0xf7]&[0xfc][0xde]<[0x94][0x0]?[0x9d]:[0xb4][0xf]P[0x9d]$[0xe7][0xe9][0x93][0xe6][0xda][0xd6].[0xc8].[0x86][0x7]p[0xf0][0x88][\r][0xa4][0x8b][0xbf][0x6][0xde]s[0x10][0xb9][0xcb]9cG[0x3]n[0xc][0xa8]gMp[0xc9][0xea]^[0xe7]0S[0xc][0x86][0x83][0xc2][0xf]x[0xd2][0x3]w[\n]"
DEBUG wire -  << "o[0xe3]\[0xdc][0x14]5[0x93][0xf7][0xd2]Y[0xbb]5s[0xe3]!-[0x10]1[0x5][0xf0]H[0xe9][0xbd][0xa8][0x87][0xa4]8Dq[\n]"
DEBUG wire -  << "D[0x86]]8[0xd8][0xa8][0xd2][0x84]R[\n]"
DEBUG wire -  << "[0x97]w[0x9a]W[0xb2][0xc3][0x88][0xf9]=If[0x82][0x9e][0x84]Rl[0xbf] 7C[0xdb]2[0xb7][0xcd][0x96]i[0x81][0xee][0xf1][0xdd][0x2][0xa3];[0xf]ftx[0x9][0xef][0xd4]aA[0xd4]^[0x1e][0xf5][0x17][0xc0]d?h[0xe4]p[0xcb][0xb3][0xec][0xb9][0x84][0xfb]7#[0x19][0xab]0>[0xe5][0xfd][0xc2][0xc6][0xea]"[0x9a][0xf1][0x2]r[0xa3]|[0xbb][0xf4][0xd8][0xe6][0xd1][0x87]w/[0xaa][0xef]s[0xda][0x85][0xfb][0x9c][0xef]N[0x8f][0xe6][0xdf][0xce][0x4][0xe0]`l[0x99][0xe3][0xd1][0xf8][0x19][0x94]-[0xdf][0x1d][0xbd]t.][0xea][0xf1][0x1]h[0x9f][0xaa][0xda]r[0xd9][0xb2][0xd6]y5[0xe5][0xf][0xa8][0xe7][\n]"
DEBUG wire -  << "[0x9a][0xa2]`c[0x9f][0x14]/[0x18][0xe3][0x5][0x18][\n]"
DEBUG wire -  << "[0xaa]3w[0xa3][0xf8]_0[0xe3][0xbc][0xc5][0xe0][0x12]D^[0x83],[0xb][0xc9][0xc8][0xf]"|[0x9d][0xcf][0xd4];][0xd5]E[0xf6][0xff][0xe4]3[0xb7][0xbf][0xe8][0x92]k[0xd2]U[0x12][0xb6][0xd1]2[0x9b][\r][0xf1][0xf4],[0xe][0x9c].[0x16][0x1][0x9d][0xfa]C[0xfb][0x4][0xfe]/[0x16][0x84][0x84][0x85][0xf7]u[0x85]h[0x1][0x97][0xbe]5!R[0x99][0xe3][0x98][0xa0]QW[0xf5][0xca][0xca][0x8c]+6[0xcf][0xdf][0x1c][0xfd]J[0xcc]L]'[0xd6][0xf4][0xf5][0x17][0xe8]d[0x9b]][0xed][0xb4][0x9b][0xf8]sS[0x82][0xe3][0xa1]0,r)[0xfd][0xe1][0xb5]?[0xa6][0x16][0x8f]&;Msk[0xb3]\[0xa0]?$[0xd7]S[0xab]xO[0x9a][0x83][0xe6][0xa0][0xd5]*[0xc3]F[0xa3][0xd8][0xed][0x87]U[0xf0][0xf2],[0xe6]M2[0xd1]fab[0xe4][0xbc][0x9b][0x86]DIg[0xe2]b|[0x94][0xe7][0xc7]?[0xbf]xM[0x8e][0xaf][0xc0]0~[0xc5]"[0xb0]vCr[0xb1][0xe][0x83][0x93]|[0xf0]8h[0x82][0x90]:[0xe4][0xc0][0xa3][0xce]$[0xc2][0xac],.[\n]"
DEBUG wire -  << "[0xc3][0x12][0xae],![0xe6]c[0x19][0x8]%[0xb9][0xbf]TK[0xef]dq=[0xd4]}}[0xa8][0x7]:[0xd5][0xdd][0xfa]5[0xff][0xb8][0xfa][0xb3][0x98][0xc8]S[0xa4]o[0xfa][0xe7]`[0xb8][0xac]~[0xea][0x6][0xbb][0xfc]c[0xf0][0xa9][0x8b][0xbf][0xbe]~[0xcd][0xdd][0xe9]ZyT[0xc3]4[0xf3][0xb7][0xae][0xfc][0xf3][0xf5][0xeb][0xc7]Ous[0x1c][0x87][0xa3][0x1a][\r][0x86][0xe2]VUX[0xbf][0xd1]E[0xa6][0xd3]m[0xfd][0xe8][0xb1]Kr[0x4]2V[0xab][0xef][0xd2]nX[0xba][0xd5][0xe8][0xe3][0xf9][0x1][0x17][0x92]+[0xef]J[0xfa]xMr[0x97][0x9a]4[0x9c]xV[0xb7][0x5]Ox[0xf7]r[0xb8][0xeb][0x9a]r][0xfc][0xb5]o3[0x13]O;[0x7][0xd1]sq[0xaa][0xb7][0x86][0x8d]Z[0xb9][0xa9]O][0xf3]Z[0x95][0x9c]X[0xd5]W[0xf3][0xf1][0xf]Tl[0x1][0x9a][0xb4]]p.{;[0xf][0x1]~HW[0xeb][0xbb][0xd0]KCZ[[0x95][0xb4][0xaf][0xea]d[0xf5][0xc3][0x81][0xd1]j5;[0x9b][0xeb]kk-[0xa3][0x85])x,;[0x83][0xc]A[0xb9]c*[0x9a]q[0xe8]HaN.[0xbe][0x1]v[0xf5][0xf1][0xeb][0xa3]bGW[0xf6]0[0xf6]bC[0x6]PZ[0xd9]CG[0x95][0x88]-f[0x18][0x93][0x18]L[0xa4]h%&'q[0x84]o.[0xb2][0xb8]m[0xb4][[0x4]'$1-[0x1a][0x18]k[0x81]d[0xb][\n]"
DEBUG wire -  << "[0xca][0xda]u([0x6][0x82]H[0x8a][0x8b]`J[0xe0]D%[0x15]%[0xde][0x9f][0xc][0x98][0xa4]L[0xce][0x84][0x8][0xf9]&o[0xd1]C.[0x9e][0x9c]QYj[0x97][0xa6]tHH[0xbd][0xe][0xf8][0x15][0xf8][0x15]`[0x9d][0x92]$E.[0xac][0xe3][0x86][0x8e][0xd8]&'[0x15][0x9b]4[0xca]0[0xc5]cP,H[0xaa],[0x90][0x9a][0xea][0x86][0xca]\[0x85]R[0xd2],![0xf2][0xd9][0xd2]DG[0xe]%[0xe][0xaf][0xc2][0xb2]GK[0x18][0xfa]@[0xd4][0x2][0xdd][0xa8][0xa9][0xfa]o[0x17][0xeb] [0xe5][0x1f]w[0x87][0x4]E[0xfc][0xee][0xb1]][0x80]k@[0xb2]m(`[0xc]7@@[0xbd][0xdf][0xa2][0xea][0xbd][0x6][0x95][0xbc][0x0][0xf3][0xe3]"[0xe1][%[0xe7][0xd4][0xe6]S[0x91];[0x0])[0xfd]CR84PYT#6[0x8d][0x92]M,[0xec].[0xc7][0xa1][0xe3]0M[0x16]!Y[0xba][0xda][0x13]t[0xa3][0xf0][0x10][0x16][0x1f][0xca]H[0x1f][0xaa][0x1b]p[0xdf];A[0x8b][0xde]%[0x9e]_G[0xf2]1[0xfd][0x9b][0x81][0x84]([0x94][0xce]D[0xdb]/[0x88]&[0xaf]S[0xb2]rE[0xf6][0x1a][0xb2][0xd5]I7f[0x9c]L[0x1f][0x5];1[0x1a]X[0xb9]q[0x99][0xec]Jf[0xe4][0x6][0x84]d[0xce][0xfe]^[0xec][0xc8][0x92][0xe8]F[0xab]%[0x1][0xb1][0x7][0x99]grR[0xc][0xfe]@[0x9][0x87]g%[0xd0][0xf1]6[0xda][0x1b])p[0x9a]H[0xb2]l[0xec]:[0xa1][0x12]z[0xf8][0x94][0xcb][0xf0][0xc5]l W[0xfb][0xb2]T[0xa1]{[0xd4][0x9][0x4]#[0xc3][0x87]P[0xbd][0xf4]IU[0xdc]J[0x0]{Yv[0x9e]."[0x8f]P[0x0][0xd1]4[0xb1]$1N[0xd2][0x82][0xe1]%B[0xb6][0xa1][0xe4][0xee]5[0x1c].l[0x9a]r[0x83][0x9b][[0x8b][,[0xb5][0xe2]ts[0xa7][0xd2][0xd1][0x85][0x17]G<[0xa1]![0xa4]P[0x9]I[0xe] [0xe6][0x1b][0xf0][0xde][0xf7][0x9d]0i[0xc1][0x93][0x94][0x8e][0xf4][0xac][0xa2][0x1a][\r][0xfb][0x2][0x8e][0x14][0xe4][0xcd][0x2]]'W[0xdc][0x0][0xe1]TF*[0xa8][0xe9][0x1f][0x18][0xbb]([0x1f][0xa0]3[0x99]l[0xe8]tm"UF[0xc8]+3[0xa9][0xb5][0xb6]L[0xb1]@t9.<[0x1b][0xf8][0xff]\[0xd0][0x91]}x[0xbf]`[0xd0][0x9f][0x12]8[0xeb][0xd1]Jj;K[0x15][0xe2][0x19]}[0xda][0xea][0xa4]}[0x9a]>[0x88][0xc5]Q[0xc1][0xc6]\[0xf3][0x8e][0x9f][0xfb]o[0x17][0xb4][0x8e][0xf5][0xfd]qcv[0xff][0xb][0x14][0xf][0xee][0xff]G[0xb7][0x15][0x80]*[0x9e]v[0xb6][0x97]*[0x1][0x80][0xae][0xcc]"[0xf2]/[0xd6]'/p[0xce][0x1e]Pk[0xbe]8[0xec]l5[0xb7][0x9a][\r]Q[0xca][0x80]R[0x1f][0xc0][0xb0]K[0xb][0xe2][0xd5]h1[0xf5][0x89]e[0xf8][0xf3]p[0x90][0xb0][0xaf][0x80]>/@[0x8d][0x18][0x3]V[0xce][0x94][0xa6][0xe6]R[0xa5][0x9][0xd1][0x15]d[0xff][0xe4][0xd5]"[0xc9][0x1f][0xb8]B[0xee]O^[0xcd][0x95][0xfa][0x8d][0xdb]([0xb2][0xdb][0xd3][0x89][0xe8]rt[0x1e]v[0x16]DT[0xea][0x0][0x8d][0x87][0x9d][0xb9][0x14]n[0xb5][0xd6][0x97]I![0xa2][0xcb]S8b[0x1][0xcc]wc[0xbe][0x80][0xd0][0x4][0xc][0xe9]M[0x9e][0xe7][0x92][0xbd][0xde]i-[0x93]lD[0x97]#[0xfb][0xd5][0x8b][0xa3][0x83][0xf9][0x14][0xbb][0xdc][0xa6][0x86][0xb]F1[0x1f][0x8b][0xa5][0xe4]0[0x2][0xef][0x92][0x85][0xe0][0x8d][0xd8][0x86][0xb0][0x87][0xa8][0x7]S}[0xe4][0x7][0xd0]"[0xc4]6[0xb7]1[0x9d][0xe5]Js[0xa7]([0xcd][0xaf][0xfc]>?[0xa4][0xb][0x9a][0x3]0[0x16]EZ[0x5][0xf0]|j[0xdb][0x9b]K[0xa5][0x16][0xd0][0xe5][0xa8]=[0xfd][0xfd][0xff][0xcc]'5\[0x3]2[0x1]j.[0x8d][0x9b][0x1b]K[0xa5][0x11][0xd1][0xe5]i[0x94]&[0xb8]T\r[0x17][0x8c][0xbc][0xa5][0x18][0xe6][0xd1][0xb][0x9][0xf7][0xc8]b[0xf1][0x9]%[0x6][0x10][0x9c][0x14][0x3][0xd4])1`[0xf3]nQA[0xce]~[0xca][0xe9][0xca]*V,[0x97][0x13]yF[0xc0][0xb4][0x8f]@[0xe1][0xfc][0xc6][0x8e][0x15][0x14]4,)0[0xcf][0xf8]k-[0xd7][0xae]i[0x15][0xed][0x9a]#[0xb5][0xa8][0xb0][0x80][0xe6]d[0xed][0x1][0x89]N[0x8b][0xcc]5Y[0xd7][0x97];#[0xad][0x17][0xc6][0xf0]![0xfa][0x13]}?[0x10]^[0xc7][0x2][0xd2][0xad][0x2],j[0xd4]B[0xc2]|[0xd6]/[0xb5][0x11][0x88][0xae][0xd0][0x8]p[0xf0][0xad][0x88]|X[0xd8][0x0][0x1]g[0xc4][0x92][0xf8][0xa4]PI[0xe0][0xa5]sVr}[0xf7][0x1a]x[0x81])[0xf1][0xd8][0xc4]"[0x1d][0x98]RI$[0x1f][0x8c][0xa3][0xa5][0x5][0xe5][0xca][0xc][0xb][\n]"
DEBUG wire -  << "[0xe][0x1e][0x18]j~[0x1c]2[0xc7]P[0x1b][0x86]b}[0x99][Z[0xce][0x90][0x13][0xf9]$t[0xb8][0x9d][0xf8][0xbe][0x1]<fY[0x9a]8[0x9f][0xf9]hj[0x89][0xe2]6E[0x95][0xdf]YQ[\n]"
DEBUG wire -  << "TEnid[0xa5][0x8]$[0x8f]D(W[0xac]\on[0x87]T[0x15][0x9f][0xae]dj[0xe9][0xa5][0xc][0x11][0xf8][0x97]j[0x9][0xc7][0xe8][0xf3][0xa1][0xda][0x11]U6[0x9d]V[0xbd][0xee][0x80][0xa7]83X[0xd1][0xe8] = "[0xae][0xd7][0xcb][0xc5] <[0xc9]i[0x84]`:$[0xf][0xfe]`[0x10][0x82][0x19][0xdd]&[0x8f][0x1e]e[0xa8][0xf7]F[0xad]l[0xdd]*[0xdb][0xcb][0x5][0x95]2'[0xe4][0xf7][0xa8][0x95]oOi[0x91][0xa4][0xb4]d[0xa2][0xde]exQ3;[0xf6]![0xc2][0x8a][0x96][0xdb]V8[0x9a][0xab][0x96][0x8b][0x94][0xb4]M[0x1f][0xbf][0x8e][0x3][0xa7]v[0xe7]%![0xc1]/[0xa3][0x8d]kAuM[0xc8]S[0x81][0xbe][0x2][0x1][0x82][0xc6][0xaa]V[0xe4][0xba]^[0xc1][0x14][0x1a][0x9d][0xbd]d+[0x1d]YR[0xae][0xb9]bk[0x9c][0x88][0xc5][0x8f][0x80]r<[0x8a][0x9f].[0xeb][0xa8]}[0xf2]b[0xd7][0xc][0x18][0x8d][0xe2][0x0]zA[0xc6]PO^[0x95][0xcc][0x87][0xe2]D@[0x2][0xdc]Kso[0xb7](8-[0x98]3[\n]"
DEBUG wire -  << ":[0x86]k+[0xa1][0x82][0x87]T[0xa8]J$*[0xf1][0x4][0xff][0x8c][0xe6][0x85][0xad]]-l[0x7]}<v[0x85][0xab]r \[0xed][0xfd][0xbd][0xd1]z[0xea][0xaf]1[0xb9]>,[0x96][0xbc][0xde][0xb1][0xf4]X[0x7][0xc1]P?1vR([0x82]63[0x9d][0xc0][0x90][0xe]8[0xf0][0x10]Qa[0xec]t[0x0][0x8a]F[0xec][0xf7][0xff][0x88][0xc5]>[0x90][[0x9d][0xd8][0xc]O[0x81][0xa5]q[0xd5]mv[0xc1][0x1c],Nz[0xf9][0x83][0xdf][0xff][0x93][0x84][0xa3][0xf][0xff][0xf][0xc8][0xfc][0xef][0xff][0xc1][0xe8]m[0x1e][0xff]-[0xc6][0x4]p[0xb0]$6[0xd7][0xb7][0x99][0xe3]po[0xa8]#[0x14]u&!O[0xe0]s[0xf8][0x10][0x1d][0x8]%[0x8e] B/[0x81][0xb]@[0xb2][0xdc][0xd9][0x11][0x97]U&!h[0x96][0xa4]X[0x98][0x8c]-?[0xc0]S[0xdd][0xd0][0x82][0xdc][0x16]Xh[0x92]7q@[0x86]>u0:|[0xe4][0x13][0xdc]T[0x10][0xe4][0x83][0xfa][0x2][0xb2][0xc5][0x9],[0xc8]tY4[0xf2]m[0xa8]-T[0x8f][0xbe][0xe3][0xf]1[0x8a][0x99][0x18][0xbf][0xb8][0x10][0x8f][0x95][$[0x12][0xcb]+[0xaa]9%[0x16][0x90][0x11][0x1f][0x8e][0x8c][0xdf]b[0xea][0xf0]hBB[0x10][0x9][0xd2]s@&y[0xef][0x83][0xc0]~[0x86][0x9a][0x81]*[0x89]+[0xe][0xf1][0x84][0x15][0xe9]O[0xc8][0x98][0xf9]`[0xb6][0x8b][0xa0][0xf8][0xd4][0x2]4\[0xb4]&[0xe5]7[0x8c]][0x16]8[0x13][0x8c][0x12][0x2][0xb4]`[0xf8]f[0x11]f[\r][0x88][0x81][0x1c][0xd9][0xda]]r[0xc9][0x8][0xe5][0xa0]u[0xa3][0xdf][0xff][0xc3][0x6][0x3]&[0x3]^[0xf4][0xa1]Ka[0xba][0xc1]%V[0x8a][0xd1]TK[0x8d][0x96]<R[0x7]M[0x18]p[0x0][0x9a][0xc2][0xae]0[0xaa]9[0xc]*L[0x12][0xfd][0x97][0x15]H[0x18][0x9f]4[0x90]yC[0x18][0xb][0xc]1[0xeb][0x92]\[\n]"
DEBUG wire -  << "lF[0x2][0xc][0xde][0x87][0xd8][0xf2]=Bl_T[0x15][0xc6] [0x89][0x14]z1t[0xf1][0xdc][0x96]K[0xbd][0x18][0xbc]m[0x90]~)[0x1c]2u[0x88][0xb7][0x11]<[0xb1][0xdd][0x92]$[0x81][0xe2]p[0xa2]QB[0x83]H[0xc2][0xfd]7[0x13]D}Z[0x87][0x96][0xb4]kA[[0x16][0x87]\~[0xde][0x98][0x1a][0xcb]U[0x3][0xf9]*4Z[0xed]d$w[0x88]B[0x84][0x97][0xa5][0xd2][0xc5][0xf7][0xe9][0xea]P[0x90]3[0xd5]@[0xd3][0x5][0xbd][0xfd]J=[0x82][0xab][0xc9]Zb1[0xa8][0xed][0xc0][0x16][0xdb]\[0xeb][0xb3]D[0xd5][0xf1][0x4]t@[0xc9][0x80][0x1a][0xcc][0xe6]bE[0x87][0x17][0xa6][0xcc][0xd2][0x9c]R[0xfe][0xd9][0x1b]u[0xd2][\n]"
DEBUG wire -  << "[0x81][0xbc]D[0xad][0x1c][0xb1][0x90][0xf]=[0xf2][0x94][0xba][0xe3]][0xf2]*[0x19][0xb8][0xc0][0xe7]N5[0xae]d[0xd5][0xbf][0x90]6[0xde]'{[0x8d][0xf1][0xac][0x9]o[0xce][0x6][0xc1][0x9f][0xc8][0xe1][0xad][0x96][0xbd][0xd9]i[0xcf][0xe0][0xb0]8[0xe6][0xba],[0x16][0xff]o[0xa5],$[0x8f][0xf][0x94]B[0xfc][0xff][0x80][0xc5][0xb6][0xbd][0x6]?[0xb3]X[0xec][0xf][0xc3]eq[0xf8][0xd8][0x13][0xbb][0xd8][0xa0][0xa0]Q[0x91][0x1f]e[0xba][0xf8][193[0xe4][0xab][0xc][0xb9]D))[0xb]e[0xae][0xbd][0x12]1[0xea]*[[0x5][0x1f][0xab][0xed][0x14][0x91][0xf3][0xc7][0xd8](y[0xeb]8Gb[0xa5][0xad]R[0xd5][0xe6][0x5][0x8a]X[0xe0]*[0x1a][0xef][0x95]jx[0x9e][0x8][0x87][0xc6]Fb[0xaf]oT7[0xe]o[0x8e][0x8b][0xa0]E[0xea][0x8b]>[0xea][0xc5][0x1]Vi[0x95][0xd4]).[0xac][0xcf][0xf0]'Dq[0xf9][0x19][0x8d]<[0x9f]q[0xd7]5[0x91]Fw[0xa8][0xdd]s[0x7][0xf6][0xa4]w[0xe8][0x7]xF[0xd5][0xe3][0x6]k[0xad]77[[0x9d]v[0x7][0x83]^o[0xc9][0x8f]l[0xa8][0xed]Xh[0x89]IN[0x1c]z[0xc1]}[0x92][0x16][0x80][0xdc]l=[0xa4]2[0xbf][0x91][\r][0xd7][0xaa][0xe][0x9b][0xd7]e[0x8a])[0x9b][0xb3][0x98][0x92][0xf6]b[0xd5][0x87][0x80][0xca]?ST[0x14][0x6][0xb3]`p[0xe2]UU[0xb6]d[0xf6]H[0xce][0xd0]md[0xe8]"6[0xf4][0x83][0x89][0x94]f[0x17]l`[[0xdb]?[0x89][0x1d][0x87] r08[0xfd][0x0][0xf0]m,[0xc0]7.PW[0xb0][0xb2]Su[0x8]V[0x8e][0x13][0xf9];[0x3]A-[0xb8]n[0x8a][0xda][0xa4]=[0xaf][0xed][0xcf][0xce][0x93][0xcb][\n]"
DEBUG wire -  << "y}sON[0x16][0xfa]e[0xe0][0xfb]Q[0xc9][0x9d][0xce][0xe9][0xef][0xe4][0x18][0xb][0x8f][0xc][0x1e][0x99][0xb8][0xf5][0xd1][0xf7][0xfd][0xcf][0xe2][0x0][0x8b][0x8c][0xf9][0xd9][0x90][0x9c]7r2[0x94]l[0xb0][0xf7][0xfa]`[0xfe]N[0x17]$[0xfa][0x91]G[\n]"
DEBUG wire -  << "[0xc7][0xb6][0xc5][[0xc8]1r3[0xb0][0xa8][0xa4][0xef][0x93][0xaa][0xa4][0xce][0xc7][0xa6][0xe7][0xc9][0x9b][0xa9][0xf7][0xe7][0x8][0xeb]l[0xc5][0xf3][0xe8][0xfb][0xd0][0x1f][0xb4][0xb8][0x16][0x85]'[0x8b][0xac][0xc2][0xea][0xa5][0xef]T[0xf1]I[0x8a]G[0xa2]7Z[0xf2][0xd0]G^[0xcd][0x1c]x6(z[0xf2]V[0xd5]_[0xd4]1[0xa5][0xcc]F[0xb9]/[0x17][0xf6][0xdb][0xb7]S2[0xf7][0xe6]h[0x95][0xe0][0xcd][0xd3]N[0x5][0x1e]<\5[0x1d][0x80]F[0xb2]8[0xe4]|+[0xfd]D[0x5][0xbd][0xa6]l~^9[0xcd][0xc8][0xb8][0x9f]f[0xaa][0x14][0x84]G[0xf7][0xd1]N[0xd8]qx[0xdc][0x14]<[0x1d][0x19][0x86][0x99]{[\r]I[0xaa][0xa1][0xa4]v[0xa3][0xd9][0xa7][0x1d][0xda]i,I;%[0x95][0x19]![0xf8][0xe4][0x1][0xcb][0x94]TY[0xa4][0xfe]![0xc9][0x90]T[0xfc][0xd0]n[0xde][0xb3]>[0xf5]m[0xae][0xbf][0x95]a[0xa5][0x8][0x0][0x9f][0xfb]4[0x80][0xff][0xa1]+[0xcc][0xf4][0x83]}([0x8][0xdf]L[0x19]&[0xe7][0xe0]T[0xbd][0xa9]%[0xb6][0xb6][0xbe][0xbe][0xb9][0xb1][0x9e]W[0x91]G[0x81]I[0x9e]K([0xf2][0x8e]e[0xda][0xb1][0x9c][0xfe]WV[0x8c][0xb7][0xe6]n[0x95][0x10]V+[0xc6]b[0xf3][0x97][0xa2][0x13]y([0x82][0xdd]~#[0x9d][0xa8]x`[0x6],[0xaf][0x10][0xab]R[0xff][0x8a][0xda]0[0xed][0xc1]?^[0x3][0xaa][0xaa]{[0x1][0xeb][0xfd][0xad][0xfd]*kx[0xb0][0xf6][0xb3]}t[0xc1]y[0xde]r[0xb1]Y[0x14][0x99]4[0x1c]_=[0xfb][0x10][0xb1][0x17]vw{[]|[0x8b].[0xba][0xb6]|[\n]"
DEBUG wire -  << "[0xe2][0xee]7[0xd3][0x8f].[0xbd][0x2]-[0xa1][0x8e]cW8[0xa6][0x81]8[0x84]b[0xf9][0xe4]=g_[0xbe]p2[0xe5][0x99]N[0x3][0xfc][0x95][0x15][0xe4][0x12];[0xa0]J[0x92][0xe7]z[0xbe]eN}[0x7][0xf6][0xe5] [0xa1][0xd9][0x8c][0x4][0xcd][0x5][0xff]wf[0xde][0x9f][0xa9]WQ[0x91]I[0xfe][0xa6][0xfc][0xfe][[0x99]U[0xd6][0xf0]g[0xad][0x8b][0xb5][0xd6]:[0xcd][0xb5][0xd6][0xf6]V[0xaf][0xd5]l7[0xb7][[0xdb][0xcd][0x8d]N{}}m[0xab][0xb5][0xd9]k[0xaf][0xb5]6[0xda][0xdb][0x1b][0xcd][0xe6][0xd6][0xe6]zkc{[0xbd][0xd3]\[0xef][0xf9]F;[0xaf][0x96][0xd0][0x1c]Q^[0xda]+?[0xe0][0xd6][0x8]F/-[0x1a]k[0x15][0xd9][0xdf][0xdf]jYeC[0x1e][0xae]1[0xd2]m[0xe4][0xcc][0xc][0xfb]&[0x1e][0xa9][0x9b][0xd2]\[0xe1][0x95]Ve[0xfe][0x99]kfs[0xbc][0xd2][0x8c]T[0xa3][0xb3][0xbd][0xb5][0xdd][0xa6][0xdb][0x9b][0xdf][0xdc]0[0xcb][0x93][0xfa][0xb7][0x9e][0xb9][0xb7][0x9e][0x19][0xf8][0x81][0x87][0xd7][0xf2][0x85][0xc7][0xb7][0xd6][0xec][0xac]mm[0xb6]77[0xcb][0xba][0xe4][0x84][0xf6][0x3][0xfe][0x85][0xfb][0xe4]D[0x82][0x17]U[0xc9]t[0xee][0xf7][0xa9]I[0xca][0xed][0xf8][0x16][0x8a]d[0xc9][0x96][0x87][0xa2][0xd8]T[0xdd]X[0xb0]<f[0xe6][0xfd][0xd5][0xb4]HB[0xa9]"[0xf4][0x8f][0xf7][0xe9][0x92][0x8e][0xef][0x9d]lm[0xff]m[0x7]U[0xd6][0xf0]g[0xe9]'7[0xfe][0xc2][yut8[0xe2][0xb8][0xc8][0xf2][\n]"
DEBUG wire -  << "[0xd2]3-TH[0xfc][0xfe][0x94]O[0x8e][0xfc][0x87][0xeb][0x9c][0xb7]#[0x9b][0x9c]F[0xb1][0xcd][0x96][0xad]l,A[0xa5][0x89]=[0x92][0xd7]3[0x95][0xc9]5[0x15]#[0x89]4[0x90]Hc[0xad][0xb9][0xb5]N;[0xad]5[0xfa][0xb7][0x8d][0xf2]}[0xe8][0x0][0x0][0xc]y^[0x7][0xbc][0xf4][0x3][0xe6]}[0xf1][0xc9];[0xcc][0xc8][0xb4]@)[0xf9][0xfb][0xd3][0x3][0x85][0x6][0xfc][0x85]5[0x81]#[0xe9]4E[0xc7][0xe4]u[0xc1][0x8c][0x8c][0xbf][0x9a]6[0x0]2[0x91]@[0xbc][0x12][0xfd][0x9d]j[0x80][0xca]K[0x18][0xf7]8[0x80][0xa5][0xae]|[0x10][0xf5]7[0xe][0x89][0x82]S[0x83]Y[0xde][0xcd][0x90][0x99][0xf2][0xb8]}[0xd5][0x9][0xad][0x4][0x80],[0xf7]([0xbe][0xec]`CL[0xff][0xf5][0xdd][[0x1f][0x1][0x9b]q[0x2][0xac]J[0x9b][0x91]"[0x1b][0xf2][0xe7][0xbc]H[0xa9][0xab]f[0x1e]M[0xff][0x99]Ex[0xdc][0xfc][0xbd][0x1f][#q8[0xbd][0xa2][0x8b]+[0xce][0x82][0x15][0x7][0xd8]t>[0x9e][0xf0]#[0xe9]/c[0x4].[0xf6][0x17][0xa4][0xd2])B[0xb][0xd1][0x14][0x11][0x19]T[0x8c][0x83][0xe4][0x9e]M[0x1e][0xa8]XW[0xf5])[0xc2][0x13][0xee][0xd9][0x4][0xfa][0x9f]F[0xe2]([0xb6]?[0x18]pKnd[0xed][0x8d][0xa7],f[0x1c]T[0xb9]a[0xaf]b[0xb0][0xe0]1O@[0xe][0xa9][0x8b]'[0xa5]}1[0xea][0xfb][0x1][0x86][0x8e]*[0x97][0xf][0xc3](_[0xfe][0xd4][0x1a][0xf9][0xbe][0x83]eO[0xe5]Y}q[0x92][0xf1]=[0x9e][0xae][0xc7]C[0xea][0x93]9[0x98][0x92]S[0xfe][0xea][0x90][0x1e][0xeb]ar[0x1] Az[0xc4]/x(bPHu[0xb4]'[0xf8][0xc4][0xf7][0xdf]B%[0xe4]Er[0xfc][0xde][0xf2][0x89]vH[0x3][0x87][0x92][0x97][0xbe][0xed]_p[0x8b][0x8b][0xc1][0xcc][0xf7]59[0xa8][0x13][0xe6]b[0xd2]?9Xm[0xd4][0xf6]=[0x8f][0x12]<<[0xcc][0xa0][0xf1][0x81][0x5][0xad][0xd7][0xc9]6[0x99][0x6][0xdf]h7[0xd7][0xda]z[0xca] [0x9d][0xbc]:[0xcc][0x1][0xe5]@K[0x9]I[0x1][0x87]Yh[0x88]pQ[0xe9][0x85][0x9e]|[0x9a][0xb8]&[0xe6][0x8a]K[0xf0]Seo!V[0xb9]Zgh[0xac][0xca]14[0xe3][0xa2]G2[0xa6]T[0xbc]W'7[0xa2][0xaa]M[0x91]D[0x8b]T[0xc][0xa0][0xe9]+@I[0x14][0x1e]u-[0xa6][0xf8][0xfd][0x9c][0xfc]9[0xce][0xe2][0xcd][0xaa][0x19][0xf6]w[0xee][0xae][a[0xd2][0x9d][0xa1][0xb3][0xab]m[0x81]4{e[0xa5]p[\r][0x8c][0x7]09[0xf7]D([0xbb]^v[0xbd]I[0xc6]S5<_[0xea][0xd8]j[0xa8]^>[0xba][0x10]^-[0xca][0xdf])RI[0xd1][0x8][0xe6]-2[0xf1][0xe3]4uV[0xe5]2>[0x82]*[0xc6][0x82][0xc0][0xf][0xc2][0x2]&[0x11][0xa2]U][0xbb][0xda][0xc3][0x17]l[0x92][0xbc][0x10][0x1][0x98][0xfc]P[0xce][0x0]0[0x94][0xa6][0xe3][0xb0]][0x19][0xa0][0x12]dW[0x83][0xaa][0x7][0x10][0xdf][0x6][0xb][0x4][0xc1]+[0x8]![0xa2][0xa6][0xde][0xc8][0xf7][0xd8]d[0xec]G[0x6]h[0xb0]t#[0x1e][0x18][0x2]C[0x15][0x93]d[0x9]#[0x17][\r][0x18][0x84][0x9][0x83][0xcf][0xcd][0xcc]dh[0x9e][0xcc][0xcc][\r]cyWrV[0xbe][0xb][0xb5][0xe3][0xb5][0xad][0xa9]|:[0x8e][0xac][0x11][0x9d][0x87][0xd7][0xe5]9[0xb4][0x8a][0xd9][0xf8]a[0x12][0xf1][0x8]9[0xea][0xa2][0x9a][0x10][0x91][0x99][0xbd][0x13][0x81]^c=[0x11][0x8f]Vv[0x95][0xb8][0xeb]U[0x94][0xa5][0xcc][0xce][0x9f]YT[0xf2]v[0xc0][0x99]cK,[0x8a][0xce][0x1e][0xb2].I[0xc9]{[0xb][0xe8]$T[0x0][0xdd][0xba][0x2]y[0x9b]D[0xe4][0xe5][0xa2][0xd0]i[0x99][0x95][0x96]}:&/[0xea][0x15][0x1d][0xab][0xa9][0xd8][0x82]s[0x0][0x14]R[0x8d][0x88][0xb8][0xdb]#[0xdf][0x11]f[0xc8][0xaf]x[0xd7][0xe8][0xb5][0x0][0x8][0xd8]o1[0xf][0xf0][0x92][0x97][0xc7][0xbd][0xb][0xea][0x88][0xa3][0xe5]#[0x1e][0x9a][0xa0][0x9b][0xe]E[0x80][0x9a]b"LU[0xb5][0xd5]cq[0xce]{[0x82][0x85][0x11][0xfb]j][0x83]R[0xd0][0xd5][0xde][0x90][0xcd].[0x84]P[0x80]7fH[0x5]^[0x89][0x15][0x1a]by[0xdd]$[0x84]xa?[0xe5][0xa0][0x1e][0xd0]Q[0x2][0xcb]]{J[0x15][0x9a][0xd3]UE[0xb4]U}u,![0xee][0xde]Y[0x2][0x88][0x88][\n]"
DEBUG wire -  << "[0xfe][0x1a][0xdd][0xa5][0xb4][0xca]t[0x87]Ud[0xff][0xc1]CJ[0xd5]=[0xb7][0xab]R[0x98][0xea][0xce]:M[0xb2][0xef][0xd2]So[0x1d]FC[0xbc]3[0x87][0x1d]F[0x89][0xaa][0xe2]![0xdd][0x95][0xcd][0xc4][0xb3][0x15][0xe2][0xac][0xe]Rj}V[0x7][0x15][0xb2][0xef][0xd8]A[0xd8])[0xe8]+[0x10][0xf0]2[0x80][0x16][0x8c][0xe7][0xe2];[0xf0][0xb0][0xd6][0xbc]kW)*[0xe6]vU[\n]"
DEBUG wire -  << "3g\[0xa5]0[0xf7]T[0x83]x[0x95]Ux[0x89]>[0xde][0xe]w[0xf1][0x12][0xd1][0xed][0xfb][\r]L[0xc7][0x84]#[0xb][0x7]Z[0xb9][0xb7][0xc4][0xbb][0x9a]i3;[0xc5]V[0xc1][0x1][0xaa][0xe6][0xe3][0x94][0xf]C#`*[0xad]8A[0xab]8[0x95]i[0xae]F[0xd4][0xf5]"[0xb0][0x98]?[0xb3]IW[0xdb]xi[0xff]k[0xe3][0xe8][0xd7][0xf][0x7][0xf8][0xf3][0xdc][0xff][0xa7][0xb5][0xd1][0xf9][0xc5]?2F[0xe7][0x9b]o[0xd7][[[0xb4][0xf9][0xf2][0xf3][0xd5]A[0xdf][0xf9][0xb7][0xa0]E[0xb6][0xe7][0x8e][0xcd][0xca][0xa9][0x1][0xb0][0x11][0xb2][0x86][0x15]b[0xff][0xa9]O[\n]"
DEBUG wire -  << "[0x14][0x8d][0x2]#[0xff]E[0x3][0x15]K[0x9e]$[0x8b][0x12][0x89][0x99];[0xf0][0xb][0xa4][0xf3][0xc7][0xfe][0xbd][0xeb]-[0x88][0x1e]t[0xfd])[0x3][0x87][0xed][0x95][0x94][0xbe],[0xae]_[0xc2][0xb4][0xbc]&[0x1b]q[0xdb]f^[0x85][0xd1]K[0xcf][0xe9]U[0x91][0xde]BF[0xb5][0xd4]C[0x9f]*u[0xd1],[0xfa][0xc5][0xe5][0x9e]H[0xaa][0x9d][0x11][0x9a]bZ[0xd7][0x8a][0xfb][0xf3]y35[0xa1]-{_DR[0xea]R[0xdd][0xaa][0xfd][0xc2]`[0x94]^A%[0x1b][\n]"
DEBUG wire -  << "[0xf9][0xb7][0xe1][0xc6][0xac]ZK[0xb6]vR[0xd9]T[0xf2][0xa2]:[0xda][l[0xbd][0xd3]Z[0xdb]hm[0xcf][0xa9][0xac][0xda]&[0x9e][0xdd]@[0x99][0xbb][0xa8]j[0xda][0xdc]`[0x9d][0xe6]fgs[0xa0][0x89]{[0x88]XJL[0xe]s[0xec]k[0xb][0xa6][0xa5]`[0xc0][0xaf][0x92]^Y[0xc9][0xe6][0x14][0xe5][0xfd][0xf8]iH[0x87][0x95][0x92][0xe3]w[0xcb][0x15][0xba][0x5][0xb0][0xa5]%[0xb9]G[0xc2][0xcb][0x12][0x95][0x16]V4[0x15]%F[0x1f][0xda][0xfe]9}[0xe1][0xc3][0xdb][0xdf][0x81][0xac][0xf4][0x9a]e[0xc][0x11][0xf1][0xe1]"C!M}[0xd7]B[0xb0]L[0x95]Y[0x88][0x8a][0x97]K#c[0xfc][0xa8][0x1f]~[0xcc][0xa2]2d[0xe6][0xd6]r[0xc3][\r]./f[0xe6]VG[0x9b]Z[0xc7][0xba]{[0x80][0xcc][0xad][0xa5]FmCt[0x8b][0x88][0xba]c[0x14][0xa7][0xf6][0xd6]R[0xe3]N![0xba]E[0x14][0xde]=f[0xd3][0xd6]R[0xa3][0x84]![0xba]E4> 8S{k[0xa9][0xb1][0x4][0x11][0xdd]bjo[0x13][0x89][0xa9]B[0x19][0x8c]'[0xe2][0xb3]2r[0x8c][0x8a]G[0xa5][0x17]~[0x11][0xe3][0x9f]|M[0xee][0x87][0x83]i[0xd8][0x9f][0x90][0xa9][0xdd][0x12][0xc][0xba][0xc1]x[0xe8]0y!B[0xc4][0xbb][0xf7][0xfc][0x1][0xf0][\n]"
DEBUG wire -  << "[0x17][0xd2][0xdf]c[0xee][0xb][0xc8]U[[0x1b]e[0xf3]|J[0xdf]I[0xb5][0xa1]v [0x8a]Zw[0xce][0xd7]#[0xca][0xb3][0x2][0x8c]h[0x9]r[0xbf][0xcf]H[0xe4][\r][0x9b][0xe4][0x9a]g[0xfa][0xcd][0x8e][0xf4]c[0x11]m[0xb3]s[0x9b][0x8f]E[0xc8][0x85][0xf4]<[0xd8]9[0xbd][0xa0]*N[0xfa]~[0xe3]G[0xb2][0xf7][0xf8][0xe3][0xe1][0xd1][0xc1][0xfb][0x83][0x8f][0xe4][0xc7][0xc6][0xca][0x5][\r][0xc8]x@[0xba][0xe4]Z[0xb][0xc7][0xd4][0xd5]v[0xae]5[0x10]:[0xe6]h;[0xda][0x8b]U[0x97][0x8c]b[0x97]z[0x8f]5][0x13][0xd3][0x1a]$[0xe][0xfa]-[0xd6]non[0xf][0xfa][0xda][0xcd][0xcd][0xae]([0x8e][0xd6]OOJ[0x92][0xc0][0x83][0xef]q[0x80][0x18][0x4][0x3][0xce][0x1a]g%[0x16][0x9c]![0xf][0xa8][0xed]r[0xef][0xac]![0xfe][0x18]X[0x4]? [0x1][0x15][\r][0xb8][0xe3][0xf4]<?[0xe2][0x16]Vw[0x8a][0xda][0xf5]][0xe2]*[0x9c][0xa0][0xb5][0x14]b4[0x14][0x11][0xa0][0x5]A[0x99][0xfd]XSt[0xa0]G[0x1]2$"[0xa0]?[0x9c][0xe][0x8c][0xd5][0xd2]wX[0xf][0xc3][0xce][0xc8][0xb0]\;[0x1a]$[0xbb]4[0xf4][0xbd]`[0x82]/[0xaa][0xda][0x83]w/z'[0x7][0xaf][0xf]}[0xfe][0xe6][0xdf][0xa2][0xde][0xe4][0xcb]1[0xc8]K[0xdc]g:[0xc1]o[0x14]k;[0x3][0xea][0x84]L[0xd7]"[0xb0][0xf5]J)[0xe2][0xa3][0x3][0x8][\r]f[0x9]{[0xe3][0x1d][0xe2][0xd7][0x91]T[0xee][\r]d[0xe3][0xb6][\r][0xe6]^`0[0x18][0x8b]B[0x83][0xa2] [0x86]r[0xae][0x8f]j,v[0xe5];@[0xaa][0xf]_i;[0x1f]5A[0xf1][0xe9][0x8][0x86][0x4]p[0x14]F[0xda][0xa9][0xf8][0xc2][0xad][0x96]V[0xa6]k[0xe2][0x1b]L[0xda]'][0xc3][0x90]A[0xd0][0x1c][0x19][0x1b][0x19]2xk[0xcb][0xc3][0xea]T[0x2]<[0xbd]}w[0xfc]O[0x80]x[0x1b][0xb0][0xb][0xee][0xc7]X[0xf8][0xf5][0xf1][0xbf][0xdf]C[0xca]k[0xb4]Cu[0xed][0xed][0xcb][0x83]_{[0xa7][0xef][0xf][0xde]a[0xda]i[0x84][0xd1]`D[0xfd]![0xd4]Ojo[0xeb][0x19][0xc8][0x9b][0xb7][0x2][0xc2][0x1f]O[0x1][0x9c]|x[0xf9][0xb2]wz[0xf8][0xee][0xf8][0xf8]5[0x80][0x88][0xbb][0xe0][0xf2][0xab][0xbc][0xa4]v[0x82][0xf9][0xef][0xf9][0xf0][0xea][0xf9])d[0xbd][0xc7][0x6]x[0x94];![0xa9][0xfd][0x8c]9[0x87]/[0xdf][0x9c][0x1e]C[0x86]`[0x1b][0xa9][0x1d][0x87][0x16][0xa6][0x1e][0xbf]{[0xf7][0xe6][0x9d][0x0]g[0x89]`[0x80][0x0]%[[0x12][0x16][0xf5]P[0x80][0xfa][0x8c][0xe0]~[0x1e][0xb3]M[0xb2][0xd7][0xf][0xce][0x1a][0xfb]D[0xad][0xc]D[0xe0]B[0xd0]!F[0xc8][0x11]_[0xe1]3A[0xd6][0x81][0xbf]P[0x1a][0xfb][0x0]Yr9[0xee][\r]a[0xc4]1[0x94][0x84]kM|[0x8e][0x9a]#[0x1b][0x93]N[0x13][0x9b][0x8a][0xa2]O[0xd3]B[0xaa][0x93]0$[0xdc]gUYc{0[0x9d][0xc][0xe9][0xf8][0xa1][0x1][0x16][0x8]l[0x0]r.[0x1e][0x16][0xb][0xb6]j[0xeb]Y[0xa2]e[0xce]*>nt[0xa6][0xbe]\[0x3]@[0x88][0x18][0xca][0xb1][0xfe]YC[0xd6]g[0x8e]"[0xd7][0xc1][0x86]K1[0x8f][0xf9][0x1][0x8c][0x4][0xdc][0xcc]rX[0xc4]^[0xb6][0x9a][0x9e][0x10]v[0xcf][0xc7][0xc2][0xd8][0x89]B[0x14][0x7][0x1f]X-^d<$[0x13][0xfa][0x1]\[0x11][0x9][0x0][0xf9]-[0x95][0xad]ra[0xba]`$[0x1e][0x8b][0x9d]4[0x11][0x95][0x99][0x6][0x18]K[0xe][0x1c]_[0x11]$J[0xc5]Rg[0xa6][0x18]u[0xde]$[0xab][0xe7][0x7][0xbb]T[0xcf][0x1d]0[0xe1][0x4]w[0xca][0x1c][0xd0]U[0xcc]F[0x1d][0x87][0x13]e[0xa8][0xde][0xcd]dH[0x3][0xc7][0xc4]Fo[0xda]J[0x90][0x9f][0x98][0xf5][0x1c][0x8e].2[0xbb][0xb2][0x18][0xb3]E[0xe9]_[0xfd][0x98][0x8c][0xe8][0x5]#[0x18][0x80][0xd3][0x1d][0xa3][0x84]Au[0x2][0x18][0x3]Ka<[0xa5][0x9]j)[0x16][0x9a]R[0xb3]1U:[0xec][0xe1][0xd7][0xc1]$BlPHT[0xba][0xd8][0xd9]t[0xe9][0x15]wc[0x97]H"[0x88][0xf8][0xb0][0x98][0x8c]v[0xc5]C[0xb1][0x9b][0x86][0xd8][0xbe][0xb0][0xc0][0xef][0xf5]'[0x91][0xf8]l[0x1e][0x13][0x92][0xe][0xb9][0xe2][0xa4][0xc][0xfc]Ej&fA[0x9c]A[0xe0]G([0xca][0xc0][0x3][0xb9][0xde]"[\n]"
DEBUG wire -  << "[0xe2]4![0xf4]l[0x10]LtY[0x83][0xc0]![0xc][0x5]x[0xc1]a2f[0x81][0x8b]g[0x7]mA[0x5]x[0x8]q[0x80][0x1b][0xa9][0x18][0xa6][\n]"
DEBUG wire -  << "[0xa3]{[0x1]F[0x80][0xea]Q[0xaf]'w[0xe4]K[0xa4][0x88]PZ[0x1e][0x11]y3)[0xc2][0xcc][0x9e][0xcb]\?[0x98][0xe4][0x19][0xfc]J[0xa4][0x90]$[0xa5][0xaa]8[0x11][0xdf]tC[0x9f][0x4][0xea][0xcb]p[0xd9][0x1c][0x94]#n[0xa5][0x86]y|[0x82]0[0xf8][0xdf][0xc1]#[0x15][0x81][0xd8][0x98]*p[0x1c]Y=[0x8b]F[0xb5][0xd1][0xd5][0x13][0xdb]R[0x80][0xeb][0xc0][0x93];T[0xc4][0xb7][0x84]U[0x8f][0x9f][0xfc][0x94]1[0xc2]D[0xb7][0x99]3u[0x9][0x88]3[0xf]CP[0x17]=[0x9][0xd9][0x93]c[0x19]4[0x15][0xcc]k[0x97][0x14][0xe6]7[0xd4]S[0x3]>[0x8c][0xa5][0xe9]'[0xab]I[0xf1]%[0x7]"[0xb0]*[0x8c][0xbb][0x86]K[0x98]8y[0xf1]0[0x12][0x9f];[0xc2][\n]"
DEBUG wire -  << "[0x14][0xe2]J[0x81]u[0xe9][0x84][0xe0][0xa7][0xf][0x12][0xf1]j[0xa5][0x9c]Cm[0x92]6[0xef][0x97][0xf7][0xef][0xdf][0xaa][0x9a]3[0x84][0x3][0xd0][0xbb][0x2][0xd1][0x7]YV[0xbe]#[0x0]x[0xbd]2P[0x8e][0x1]2[0xb][0xc3][0x9e]e"[0x96][0x6]U[0xfb][0xa1][0xf5]_a[0x1f]W([0xa1])[0x12][0x90][0x5]?[0xb4][0xff]+,[0xe1][0x15][0xe3][0xca][0xbe][0xcb]p[0x81]<[0x8c][0xc3]l[0x88][0xea][0x12][0xcc][0xe4]r[0x4][0xb3]J[0x1c][0xca][0xe][0x13][0x8b][0x8a][0xaa]r!=~[0xca][0x81][0x17]o[0xb2][0xf6]'B[0x9f]f[0x9e]&[0xa3] [0x5][0x11][0xc3][0xdb][0xc2][0xbb]J[0x8e]l[0xfe][0x89]<[0xb5][0x86][0x9][0x92]G[0xaa][0x1d]0[0xad][0xe2]U[0xe6][0x8c][0x8b]*[0xc1][0x94]V[0x7][\n]"
DEBUG wire -  << "[0x7][0xe4][0x1d][0xa9]'[0x98]v[0x82][0xd8][0xb3]Fbz[0xd1][0xe][0x93][0xe7][0xb3][0xb8][0xdd]lo[0x8][0xb1]D}[0x8c][0xd8]\[0xff]B* l8[0xc8]B8B[0x8c][0x82][0xbe]^[0xca][0x80][0xc3][0xa2]-[0xeb][0x87]P[0xfc][0xb5]A[0x81][0x85][0xaa][0x1f][0xb1][0xac][0x12][0xde]D[0x13][0xe2][0x17][0xcd]z[0xc9][0xa7][0xe3][0x14][0x16][0xa1][0x11][0x85][0x84][0x6][0xee][0xab][0x10]1[0x1e][0x80][0xe0][0xe2][0xf6]n[0x18][0x7][0xec]YJSO[0xe8][0xb6]_Y[0x88]Q[0xb]1[0x81]p[0xb4][0x16]$Gd[0xe6]k_W[0x1c][0x92]yr]gG[0xeb]o[0xad][0xaf][0xd1]v[0xdf][0xee][0xb7]![0xf1]av\[0xa2][0xcb]o7iVby&[0xc8][0xea][0xae]o[0xb6][0x9b][[0xeb][0xcd][0xbe][0xb5][0x8e][0xbd][\r][0xfe][0xcc][0xa8][0x17]^[0xe]z[0x8b][0x91]&[0xdf],;k[0xe0][0x14][0x9b][0x10][0x94]=[0x99][0x2][0x99][0x9][0xc8][0xa4][0x18]Eb[0xb2][0xff]x-?][0x83][0xfc]E[0xe7]F[0xd8][0xbf]0[0x95]`[0x9f]^EJ[0xb9]A[0xe6][0x8f][0xda][\r]Xq2[0xe0]8M[0xcc][0x6][0x1d][0xdb][\n]"
DEBUG wire -  << "[\n]"
DEBUG wire -  << "[0x81]Q[0xb7][0x97][0xb4]_[0xa6]_[0xd2][0xc0][0x93]r[0xf0]J[0x8d][0x1b][0xf][0xc]*[0x18][0x16][0x18][0x87][0x11][0xf1][0xa3]^[0xb7]FhW[0x83][0xd8][0xe3],[0x95][0x88]<[0x9a]Rb$M[0x92]iO[\r])[0xbb]0[0x1c][0x5][0x88][0x18][0x84]B[0xfd]L[0xeb]A[0x94]J[0x9c]^R[0xc4][0xbf]N[0xe1][0xc3][0xf9][0xc2][0xc3][0x88]<[0xe8]S[0xa4][0xf3]Q[0x15][0xaa][0x9b][0xbf][0x5][0xf5]oA[0xfd]n[0x5]u[0x9]~[0xaa][0xd4][0xef][0xc9][0xb6]Z:[0xe9][0xe][0xf8][0x95]h[0xa4]:D[0x83]AW1[0x96]+L[0x14]3[0x84][0x17][0x17][0xd7]S[0x83][0x14][0xbf][0x93]([0xb9][0x92]09[0x99][0x10]du[0xd0]a[0xe8][0xf1][0xb][0xf2][0x93][0x8d]<([0xc6][0xc3]t[OZ9.[0x8d][0xd0]w[0xd5]l[0x9f]ICP&[0x88][0xe5][0x4].[0xe3][0xa5][0xca]b[0x98]'[0xd2]pP[0xc6][0xf2][0xd4][0xe][0x92][0xa8][0xd0][0xa1]M[0x14][0x8b]8[0xb6][0xb8]i+[0xec]2[Z[0x12]b]B[0xcc]a[0xd4][0x1]R[0xed][0x9]8ujz[0xaf][0x9c][0xc3][0xbe]#[0x8e]'[0x1a][0xe8]4[0xee]Ok/[0xf1]p[0x89][0xf7]>[0xa1]"[0xa5][0x99][0x84]-[0xa3]V[0x98]qS;=RI*t[0xdd][0x94][0x82]+[0xb0][0xab]P[0x1a]Y6[0xc6][0x8f][0xbe][0xa7][0xcb]2[0xaa][0xc9][0x87][0xb2]^[0xb1][0xb1]{([0xeb][0x5][0xbb][0xf2]@[0x6][0xbc]}+[0xf6][0x6]x[0x10]F[0xe9][\n]"
DEBUG wire -  << "[0x8d]\[0xe7]:[0xc1]e[0xae]7[0xd9]z[0x91]d[0x98]\^[0x9][0xf0]3[0xa1][0xa0][0x0][0xd5][0xce][0xdf][0xad]T!~[0xac][0xf2][0xac][0xb0][0x86][0x6].l[0xeb][0xac][0x81][0xdf][0xea][0x93][0xc7]P[0xce][0x1a][0xda]M[0xd6][0x9][0x1b]l[0xab][0xb9][0xc1][0xb6][0xb7][0xd6][0xa8][0x18][0x94][0xd9]7[0x14][0x87]z_[0xb7][0xeb][0xd7]H[0xa9][0xd5][0xed][0x8b]@[0xda]_[0xbf][0xf6][0xab]?a([0xe][0xf9]iu[0xfd][0xa8][0xab][0x9][0xb1];[0x8d]P`[0xf5][0xe3].x[0xbc]"![0xc4][0x4][0xb9])[0xad][0xe9]'][0xed][0xe8][0xcd][0xab]C[0xe9][0x91][0xbf][0x14][0xaa]C[0xd3][0xee]j[0xd4][0xb6][0x8f]/0[0x9][0x8c]w[0xc]'[0xaf][0xe9][0xbf]t[0xc1][0x1f][0xf][0xce][0x8b][0x1f]G[0xbb][0x9]edP[0xab]_[0xff][0xd7][0xcb][0x83][0xe7][0xa6][0xec][0x94][0xda]-[0xbe][0x8f]z[0x9e]|C7[0xf9]`[0xf1]y[0xa8][0xd5][0xcd]K[0xca][0xa3]Z[0xfd][0x1]h[0xc][0x97][0xf][0x91][0xd1][0xe2][0xb3][0xc7]wBy[0x9b]EO[0xa8]M}[0xd1][0x10][0x17]#%[0xfe];#[0x9e][0xf5][0x15]d@[0xde][0xe7]"|.[0xc]m[[0xc4][0xd4][0xb9]][0x5][0x15][0xcc][0x88]y[0x3][0xb4][0xfe][0x12][0xb8]p[0xcf][0xf]N?[0x84]p[0xd0][0xbb]l[0xcc][0xad][0xcf][0xe0][0xf0][0xdc][0x99][0xfc]j[0x8c]r[0xcf]wY[0xd8]\[0xfc][0xaa][0xc1][0xb2][0x90][0xc9][0x8f][0xb]<[0xc][b[0xfe][0x0]eW[0xfc][0x81][0x94][0xa5][0xb8]R[0x9b]j9[0xe8]@[0xd1][0xd8][0xe][0x98]c[0xf][0x97][0xc8][0xaa]oZ[0x9f][0xe7]?[0xc8][0x1d][0x81]v[0x92][0xf2][0x83][0xe3][0xc8][0xf7][0x1e],[0x90][0xa1][0x1f]D[0xb8][0xd6][0xfe][0xcd]h/szYx[0xb][0xdf]T_2[0xfa][0xdb]|F[0xfc]~[0x8c]W[0xc7][0xa6][0x8c][0x80][0x8d][0x9d][0xc9]=[0xa8][0x16];paC[0xee][0xd7]'4[0xf7]}?[0xc2][0x5][0xa8][0xb1]P[0xb3][0xc9][0xcb][0xb2][0xb0][0x3]N[0x89][0xe0][0xc1][0xb2]6[0xf6]C[0x8e]S[0xea][0xd2][0x94][0x15][0xf3][0xe2][0x87][0xe1]BK[0xb3][0xd5][0x9a],[0x8b] [0x9a][[0xa5][0x18][0xb7][0xc2]x8[0xc4][0xaf][0xab]?@[0xae]g[0xcf][0xc4]y[0x3][0xf3]>[0xf3]0[0xbc][0x8a][0x1b]%[0xd5][0xd4][0x15]?[0x4]-.[0xd5][0xa5][0x87][0xec][0x1a]t[0xcc][0xa1][0xc4][0xb3][0x91][0xd3]e^[0xef][0xc3][0xe9]}[0x1a]6[0xc3]v[0x91]xdsvo~[0xa9][0xe5][0xbe][0xae][0xcd][0x7]5[0xb1][0xf7][0xa0][0xe1]w?[0xc4][0xeb]c[0xeb]c[0xf3]S[0xfd][0xfa][0x97][0xec][0xeb][0xda][0xa6][0x85]+[0xd9]Lo[0xaf][0xd7]w[0x3][0x16][0xc5][0x81]wcu[0x11][0xea]Fl[0xb3][0x82]IZ[0xfc][0xc8][0xb6]&[0xeb][0x3]+[0x94]u[0xc5][0xc6][0xd3].5}[0xf]U][0x97]~<[0xfe][0xd4]-V_[0xa3][0x1f][0x8f]>=}[0x8a][0xbf][0x1f]wq'^[0xca][0x88][0x96]%I[0x9f]V[0xab][0xfd][0xca][0xea][0xd7][0x92][0x0]"7[0xb4][0x8a]x[0xbd][0xd8]qvY[0x17][0xdd][0xf4]][0xb0]Lo[0xd4][0xf7][0xbb][0xef]$[0x17]6[0x1b]0\47[0xb2][0xcd][0xe9]0'[0x1e][0xe][0xed][0xab][0x9e]U[[0xdf]MsM[0xdb][0xb5][0xca][0x1f][0x5][0xb7]L[0xe1]`[0x1c][0xe2][0xe7]>[0xeb]7z[0xb3][0xbe][0xb][\r][0xed]Cs[0xba][0x82][0xc8][0xa7]O[0xfb][0x1f][0x6][0x1e][0x8b][0x14]-Y[0x1][0xdd][0xc5][0xc4][0xda][0x89]n[0xe7][0x19][0xd4]7[0x3][0x86][0xb][0xa8][0x5]s[0x1c][0x81]t[0xc1][0x81][0xfa][0xae][0xc4][0x91]r[0xed]F[0xa5][0xdf][0xdc][0xd4]k[0xe8][0x88][0xa6][0x9f]$[0xaf][0xef][0xae]4~$[0x9f]>[0xed][0x93][0x1f][0x1b][0xe9][0x97][0xc1][0xf7][0x1a][0xf8][0x89]o[0xf1][0xc9][0xef][0xc8]u[0xf0][0x93][0xdf]x[0x9e][0xeb]h[0xe2]Q[0x97][[0xf2][0xbb][0xde][0xe2]sR4[0x92][0xab][0xd2]kf[0xbb][0xd5][0xc2][0x9d][0x16][0xdf][0xc3]O[0x83][0x88][0xaf][0x85]c[0x89]C[0xe1][0x19][0x96][0xb][0xf4]'[0xe4]_o[0x8d][0xd3]x[0xc]CM@[0x10]p[0x19][0xda][0xcd][0xd6][0xb6][0xd1]l[0x19][0xad][0xe]im[0xed][0xb4][0xb6]wZmysF [\n]"
DEBUG wire -  << "[0x11][0x18][0xfc]F[0x4][0x86][0xd4][0xff][0xb][0xb4][0xea][0xce][0x89][0xf][0xc6][0x0][0x0]"
DEBUG RequestSpecificationImpl$RestAssuredHttpBuilder - Parsed data to instance of: class org.apache.http.conn.EofSensorInputStream
DEBUG RequestAddCookies - CookieSpec selected: default
DEBUG RequestAuthCache - Auth cache not set in the context
DEBUG PoolingHttpClientConnectionManager - Connection request: [route: {}->http://localhost:2064][total kept alive: 2; route allocated: 1 of 2000; total allocated: 2 of 2000]
DEBUG PoolingHttpClientConnectionManager - Connection leased: [id: 1][route: {}->http://localhost:2064][total kept alive: 1; route allocated: 1 of 2000; total allocated: 2 of 2000]
DEBUG MainClientExec - Stale connection check
DEBUG wire - http-outgoing-1 << "[read] I/O error: Read timed out"
DEBUG DefaultManagedHttpClientConnection - http-outgoing-1: set socket timeout to 10800000
DEBUG MainClientExec - Executing request GET /session/e9c2f5b492893b90288674161d6e7d46/element/0.01484094461664287-2/attribute/href HTTP/1.1
DEBUG MainClientExec - Target auth state: UNCHALLENGED
DEBUG MainClientExec - Proxy auth state: UNCHALLENGED
DEBUG headers - http-outgoing-1 >> GET /session/e9c2f5b492893b90288674161d6e7d46/element/0.01484094461664287-2/attribute/href HTTP/1.1
DEBUG headers - http-outgoing-1 >> Cache-Control: no-cache
DEBUG headers - http-outgoing-1 >> Host: localhost:2064
DEBUG headers - http-outgoing-1 >> Connection: Keep-Alive
DEBUG headers - http-outgoing-1 >> User-Agent: Apache-HttpClient/4.5.3 (Java/1.8.0_161)
DEBUG headers - http-outgoing-1 >> Accept-Encoding: gzip,deflate
DEBUG wire - http-outgoing-1 >> "GET /session/e9c2f5b492893b90288674161d6e7d46/element/0.01484094461664287-2/attribute/href HTTP/1.1[\r][\n]"
DEBUG wire - http-outgoing-1 >> "Cache-Control: no-cache[\r][\n]"
DEBUG wire - http-outgoing-1 >> "Host: localhost:2064[\r][\n]"
DEBUG wire - http-outgoing-1 >> "Connection: Keep-Alive[\r][\n]"
DEBUG wire - http-outgoing-1 >> "User-Agent: Apache-HttpClient/4.5.3 (Java/1.8.0_161)[\r][\n]"
DEBUG wire - http-outgoing-1 >> "Accept-Encoding: gzip,deflate[\r][\n]"
DEBUG wire - http-outgoing-1 >> "[\r][\n]"
DEBUG wire - http-outgoing-1 << "HTTP/1.1 200 OK[\r][\n]"
DEBUG wire - http-outgoing-1 << "Content-Length:92[\r][\n]"
DEBUG wire - http-outgoing-1 << "Content-Type:application/json; charset=utf-8[\r][\n]"
DEBUG wire - http-outgoing-1 << "[\r][\n]"
DEBUG wire - http-outgoing-1 << "{"sessionId":"e9c2f5b492893b90288674161d6e7d46","status":0,"value":"http://pros.unicam.it/"}"
DEBUG headers - http-outgoing-1 << HTTP/1.1 200 OK
DEBUG headers - http-outgoing-1 << Content-Length:92
DEBUG headers - http-outgoing-1 << Content-Type:application/json; charset=utf-8
DEBUG MainClientExec - Connection can be kept alive indefinitely
DEBUG PoolingHttpClientConnectionManager - Connection [id: 1][route: {}->http://localhost:2064] can be kept alive indefinitely
DEBUG PoolingHttpClientConnectionManager - Connection released: [id: 1][route: {}->http://localhost:2064][total kept alive: 2; route allocated: 1 of 2000; total allocated: 2 of 2000]
DEBUG BasicClientConnectionManager - Get connection for route {}->http://pros.unicam.it:80
DEBUG DefaultClientConnectionOperator - Connecting to pros.unicam.it:80
DEBUG RequestAddCookies - CookieSpec selected: ignoreCookies
DEBUG RequestAuthCache - Auth cache not set in the context
DEBUG RequestTargetAuthentication - Target auth state: UNCHALLENGED
DEBUG RequestProxyAuthentication - Proxy auth state: UNCHALLENGED
DEBUG DefaultHttpClient - Attempt 1 to execute request
DEBUG DefaultClientConnection - Sending request: GET / HTTP/1.1
DEBUG wire -  >> "GET / HTTP/1.1[\r][\n]"
DEBUG wire -  >> "Accept: */*[\r][\n]"
DEBUG wire -  >> "Host: pros.unicam.it[\r][\n]"
DEBUG wire -  >> "Connection: Keep-Alive[\r][\n]"
DEBUG wire -  >> "User-Agent: Apache-HttpClient/4.5.3 (Java/1.8.0_161)[\r][\n]"
DEBUG wire -  >> "Accept-Encoding: gzip,deflate[\r][\n]"
DEBUG wire -  >> "[\r][\n]"
DEBUG headers - >> GET / HTTP/1.1
DEBUG headers - >> Accept: */*
DEBUG headers - >> Host: pros.unicam.it
DEBUG headers - >> Connection: Keep-Alive
DEBUG headers - >> User-Agent: Apache-HttpClient/4.5.3 (Java/1.8.0_161)
DEBUG headers - >> Accept-Encoding: gzip,deflate
DEBUG wire -  << "HTTP/1.1 200 OK[\r][\n]"
DEBUG wire -  << "Date: Mon, 14 Jan 2019 17:23:54 GMT[\r][\n]"
DEBUG wire -  << "Server: Apache/2.4.18 (Ubuntu)[\r][\n]"
DEBUG wire -  << "Vary: Accept-Encoding,Cookie[\r][\n]"
DEBUG wire -  << "Cache-Control: max-age=3, must-revalidate[\r][\n]"
DEBUG wire -  << "Content-Encoding: gzip[\r][\n]"
DEBUG wire -  << "Content-Length: 11579[\r][\n]"
DEBUG wire -  << "Keep-Alive: timeout=5, max=100[\r][\n]"
DEBUG wire -  << "Connection: Keep-Alive[\r][\n]"
DEBUG wire -  << "Content-Type: text/html; charset=UTF-8[\r][\n]"
DEBUG wire -  << "[\r][\n]"
DEBUG DefaultClientConnection - Receiving response: HTTP/1.1 200 OK
DEBUG headers - << HTTP/1.1 200 OK
DEBUG headers - << Date: Mon, 14 Jan 2019 17:23:54 GMT
DEBUG headers - << Server: Apache/2.4.18 (Ubuntu)
DEBUG headers - << Vary: Accept-Encoding,Cookie
DEBUG headers - << Cache-Control: max-age=3, must-revalidate
DEBUG headers - << Content-Encoding: gzip
DEBUG headers - << Content-Length: 11579
DEBUG headers - << Keep-Alive: timeout=5, max=100
DEBUG headers - << Connection: Keep-Alive
DEBUG headers - << Content-Type: text/html; charset=UTF-8
DEBUG DefaultHttpClient - Connection can be kept alive for 5000 MILLISECONDS
DEBUG RequestSpecificationImpl$RestAssuredHttpBuilder - Parsing response as: text/html; charset=UTF-8
DEBUG wire -  << "[0x1f][0x8b][0x8][0x0][0x0][0x0][0x0][0x0][0x0][0x3][0xed]}[0xf9]~[0xdb][0xb6][0xd2][0xe8][0xdf][0xf1]S [0xcc][0xd7]XjIj[0xb1][0xbc][[0xce]q[0xbc][0xb4][0xb9][0xbf]l7N[0xce]9[0xfd][0xe2]|[0xfa]A$$[0xc1][0xe1][0xa2]r[0xb1][0xad]8~[0x97][0xf3][0xe][0xf7][\r][0xfa]dw[0x6][0x0]WQ[0x92][0x17][0xa5]m[0xee][0xad][0xdb][0xd8]$0[0x18][0xc][0x6][0x83][0xc1][0xc][0x96][0xe1][0xde][0xe3][0xa3]7[0x87][0xef]}{LF[0x91][0xeb][0xec][0xaf][0xec][0xe1][0x1f][0xe2]Po[0xd8][0xd5][0x98]g|8[0xd5][0xc8]8`[0x3]~[0xd5][0xd5][0xfc][0xe1][0xe][0x0]E[0xe3][0x9d]F[0xc3][0x1f][0x8e]M[0x97]5[0xbc][0xf0][0x89][0xb6][0xbf][0x2]e[0x18][0xb5][0xf7]W[0x1e][0xed][0xb9],[0xa2][0xc4][0x1a][0xd1] dQw[0xf5][0xc3][0xfb][0x13]ck5M[0xf7][0xa8][0xcb][0xba][0xda][0x5]g[0x97]c?[0x88]4b[0xf9]^[0xc4][0xbc][0xa8][0xab]]r;[0x1a]umv[0xc1]-f[0x88][0x17][0x9d]p[0x8f]G[0x9c]:FhQ[0x87]u[[0x1a]bq[0xb8][0xf7][0x99][0x4][0xcc][0xe9]j[0xe3][0xc0][0x1f]p[0x87]id[0x4][0xa4]u5E[0xd4][0xd0][0x1d][0xf]M?[0x18]6[0xae][0x6]^[0xa3]%[0xca]<[0xda][0x8b]x[0xe4][0xb0][0xfd]_|[0x97][0x11][0x83][0xbc]}[0xf7][0xe6][0x14]Y,[0xc]YH[0xa8]g[0x93]S[0x16]`[0xbd]!yI[0xfb]{[\r][0x9][0xbd]Br?{[0xa1][0x15][0xf0]qD[0xa2][0xc9][0x18][0xc8][0x8f][0xd8]U[0xd4]8[0xa7][0x17]T[0xa6]j[0x84][0xdb][0xd0][0x80]q<0[0x90]e1[0x1d]2C[0xe5][0x14][0xb1][0xe0][0xcf][0x5][\r][0x8][0xb][0x2]?[0xe8][0x85]Q[0xd0][0xf3][0xfb][0xe7][0xa4]K[0xae][0xa7][0xa0][0xf0]g5`[0xbf][0xc5]<`[0xf6]*[0xd9]![0xab]<$[0xe9][0xbb]^[\r][0xef][0xf2][0xd0][0xa5][0x91]5[0x12][0xf0][0xb6][0xf][0xcd][0xf1][0xfc][0x88][0xc8][0xa4][0x19]E.[0xa8][0xc3]m[0x1a]q[0xdf]K*[0xc1]""uu[0xaa][0xc4]M[0x91]%[\r][0xd9][0xc6]b[0x13]W[0xf6][0x1e][0x1b][0x6]y?[0x2]L![0x8f][0x18][0x81][0xbf][0xfe]8[0xe2].[0xff][0xc2]lr[0xc9][0xa3][0x11][0x89]F[0x8c][0xfc][0xea][0xd3]0"[0xa7][0xc7]o[0xc8][0xd8][0x89][0x87][0xdc]#[0x17][0xdb]f[0x7][0xba][0x6][0xfb]0[0x84]N[0x9c]`[0xbe]i[0xf9]n[0xe3][0xd2][0xf]l[0x10][0xbd]0lH[0xc8][0xb0][0x11]2[0xbf]A[0xc][0x3][0x84]4[0x13][0x5][0x8b]z[0xbe][0xc7]AJJ[0xc2][0x0]"[0x12][0x9a]1[0xe6][0xb8]&[0x8f][0x1a][0x1a]i@1![0x87][0x90]3fA4[0x11][0x2][0xed][0xf8](`9ad^[0xf]e[0xbe][0x1a][0x1a]e /[0xb8][0xac][0x8f]-[0x9d][0x9][0x8d][0xc2][0x94][0x3][0xbf][0x9d][0x10][0xce][0xc2][0x16][0x7]N[0xe][0xd7][0xdd]Z[0x89]T[0xf6]p[0xfc][0xe5]0[0xdc][0x93][0xc][0xee][0x82][0x8c]/$[0xe4]rl([0x88]F<v|j[0x87][0x8d]v[0xb3][0xb5][0xd9]h5[0x1b][0xfd]8[0xe4][0x1e][0xd4]i[0xb0][0xc1][0x80][[0x9c]y[0xd6][0xc4]h5[0xdb][0x9d][0xab]N{[0xcd]<[0x1f][0xf][0xe7]V[0xbc]#[0xd4]C[0xae]z,9[0xbf][0xc4][0x88][0xf1][0xe1]([0xaf]n[0xa0][0x9e]\[0x9][0xa9][0x95]"[0x90][0xcf][0x88][0x5];[0x16][\r][0xec][0x1c]h[0x18][0xbb].[\r]&3[0xc1][0x1f][0xdc][0xc3]Et[0xdf][0x82][0xb7][0x19]K[0xf3]zl[0x95][0x8e][0xc7][0xe] [0xc4][0xe1][0xdf]p[0xec][0x9f][0xce]CP[0x3][0xfb][0xd7][0xda]?[0x4][0xe6][0xab]H[0xdb][0xd1][0x92][0x1][0x19]Z#[0xe6]R[0xd4][0xab][0x9a][0xae][0xfd]C[0x8c][0x80][0x1d][0xed]_[0xac][0x8a][0x92][0xf])[0xdc]V[0xc0][0xd3][0x94]>I[0x6][0x88][0xae][0xa1][0xf4][0xce][0x2][0x83]l![0x9b];[0xb]eR[0xd7][0xc6]>6[0x1c]f[0x86][0x3][0xb]i[0xd7]v[0xae]S[0x9a]N[0x19][\r][0xac][0x91]J[0xd7][0xb5][0x88][0x6]C[0x16][0xcd][0xac][0xf4]Y[0xd8][0xbd][0xe]E[0x89][0x1e][0xb0][0xde]E[0x95][0xcc][0xbd][0xe1][\r][0x14][0xfc]-f[0xc1][0xc4][0xe0][0xde]8[0xc6][0xd2][0x89][0xe6][0x95]]5]B[0xbb][0xb9][0xc9][0xd4][0xe1]Ry[0xfc]&[0x18]R[0x8f][0xa1][0xaa]=[0xb]8[0x18][0x2]y[0x7][0xa1][0xb6][0xf3]1EzyyiN[0xfc]8[0x8a][0xfb]L[0xe8]S[0x98][0x97]=[0x8f]9[0x8d][0xf][0x87][0xbd][0xc3][0xdf][0xae]^EG[0x83][0xe0][0xe7][0xff][0xbe]|3[0xfc][0xef][0xdf][0xfa][0xfd]&[0xf3][0x87][0xda][0xa7][0x5][0xbd][0xe9][0x17][0x9][0xba]u[0x9f]9[0xfe][0xd0][0x7]@-[0xcf][0xa8][0x9c][0xf4][0xf]}[0xe8][0xc0][0xb4][0x9][0x82]b\[0xb0][0x80][0xf][0x14][0xcf][0xf2][0x8a][0xf6][0xe7]h-|s[0xf8][0xbf][0xb6]^[0x9c]l[0xad]o[0xbf]::y[0xf3]a[0xbc]M[0xff][0xfd][0xe1][0xf4][0xc8][0xde][0xee]M[0xb6]_[0xfc][0xbb]s[0xfc][0xe5][0xcd][0xeb][0x17][0xbf][0x9c]n[0xbd][0x92][0xb2][0x8e]3Qcj[0xae]1[0xc5][0xe4][0x91][0x9b]=Vm/4[0xd0][0xbc]ab[0xee][0x14][0x13][0xc8]j[0xa3][0xe1][0xd2]+[0xcb][0xf6][0xcc][0xbe][0xef]G[0xd0][0xc9]t[0x8c]/[0xc0][0xc1]U[0x81]zQ[0xe1][0x1][0x10][0x1d][0x9a][0xb2]Qt[0xcc][0xc3][0xdb][0x97][0xc][0xcd]K[0x14][0x81][0x12][0xb0]F[0x1d][0x10]7[0x8f][0xe2]<#m[0x90][0xbc]\[0x5]a[0xf8][0xd3][0x95][0xb]3[0x83]PE[0xb][0xb5]:y[0x1a][0xd0][0xdf]b[0x97][0x9c]0f[0xcf][0x9f]1[0x7][0x0][0xa1]&[0x94]oL[0xcb][0xa1][0xef][0xba][0xd0][0xcd][0xe1]-[0x88][0xb2][0x14]h[0x8e]:[0xb0][0xf1][0xe6]Zh[0x8][0xf1][0xe8][0x92]{[0xb6]i[0xf6].[0xc7][0xcc][0xf5][0xcf][0xf9])[0x8b]"[0x18][0xbb]![0x1a]`Z[0x9f][0x86][0xec]C:[0xb8][0xc2][0x9d][0xb3][0xc6]Y[0xd2][0x15]g[\r][0xa1][0x92][0xc3]3[0xa8]8`g[\r]Q[0xf8][0xc]l[0xcb][0xb3][0xc6]f[0xfb]j[0xb3]}[0x86]#O[0xe]es[0xec][0xe1][0xe0][\r]/[0x86]w[0xc7][0x5][0x85][0x4]&[0xf8]{,[0x91][0xc1][0x13][0xbe][0xfb]q`1[0xd4]q0[0x12][0x80][0xc9][0xa2]H2>[0x11]u[0x91];g85p[0xcf]rb[0x1b][0xab]9[0xf]E[0x82](d@[0xef]1h[0xa7][0xe9][0xc2](8[0xf][0x9f][0xc1]8[0xeb][0xae][0x9b]M[0xb3][\r][0xea]k[0x17][0x19][0xf4]x[0x10]{Bs[0xd6][0xa8][0xde][0xd7][0xad][0xfa]u[0xf2]NlL[0xa9]_[0xa3][0xf1]juO[0x85][0xce]3[0x7][0x81][0xef][0x1e][0x82][0x99][0xe8][0xdb]l[0xd7]1-[0xc0][0x1d][0xbc]cVTk[0xea]M[0xfd][0xb3])m[0xf8][0xcf][0xa6][0x9c]z[0xeb][0xba]c[0x82][0xb5][0xee][0xbc][0x7]F[0xd5],[0x13]%fR[0x8b][0xc0]L[0xd4]i[0x1d][0xc0][0x9b][0xf5]][0xc4]mw?[0x9b][0x91]D#[0xfa][0xe1][0xdd][0xcb]Z[0xfd][0x1]X[0xfb]9[0xac][0xac][0x84]5`Q[0x1c]@[0x9b][0xba][0xdd].[0xbb]I[0x9b][0xc8]jT6[0xb0][0xbf][0xcb][0x7][0xb5][0xc7][0xce][0xd7][0xaf][0x8f]3[0xe4]uY[0xe6]qk7[0x84]i[0xda][0x1a][0xd5][0x1c][0x13]E[0xec]9p[0x13][0xc6][0x5][\n]"
DEBUG wire -  << "[0x9c]?[0xd6][0x90][0x18][0x1f]5[0xd5]F[0xb3]I[0xd6][0xda][0xe3]+r[0x10][0xc0]$[0xa5]A[0x13][0xaf]-[0x80][0xd4][0x6][0xe][0x1d]j;[\n]"
DEBUG wire -  << "U[0xad][0xdf][0xb5]k[0x1f][0xd7][0xd7][0xd7][0xd6]7[0xf4][0xf5][0x8d][0xad]6[0xfc]N[0x9e][[0xdb][0x9f][0xf4]B[0xce]V[0xbb][0xb9]V[0xc8][0xae][0xd7][0x9f]>- [0xd8]\[kC^[0xab][0xbd][0x5][0xbf][0xc1][0xb8][0xc9][0x9e][[[0xb9][0xf4]V[0xf6][0xbc][0xd6][0xac][0x86][0xef]lf[0x95][0xb][0xac][0xb2][0xf2][0x1c]h1[0x1][0xf0][0x97] Z[0xa5][0x4][0xa8]i[0x1][0xe][0xa8][0xb3][0xae]?[0xee][0xd7]w[0x5][0x9b][0x94][0x84][0xab]nJ[[0x89][0x90][0x9b][0x1b]M}{s[0xbb][0xad]o[0xac]7[0xd7][0x12].%[0x19][0x2]g.[0x17]Q[0xde]$[0x1d][0x97]u[0xf4] [0xe9]h[0xab][0xdb]7[0xad][0x80][0xc1][0x90]:v[0x18]j[0x94][0x9a][0xa6][0xd4][0x5][0x10]b[0x86][0x81][0xd5][0xa5][0xba]e[0xda][0xa0][0xa1][0x83][0xae]eV+[0x16][0xbd]o[0x82][0x81][0xa1][0xca][0x87][0xcf]'[0xef][0xe9][0xf0]5Lh5[\r][0xbd]a[0xad][0xfe][0xb1][0xf9][0x9][0xa5][0x92]y[0xf6][0xe1][0x88];v[0xcd][0xaa][0xdf]`[0xcd]C}[0xa4]s[0xfd]\[0xff]<M[0x1][0xb8]2[0x80]\[0x3][0xc9][0x6][0xa9][0x5][0xd4][0x87][0xd2]Nx[0xfa]4[0xff]V[0xd3][0xda][0x80]|w[0xe0][0x7][0xb5][0xf3][0xee]A[0x10][0xd0]IM[\n]"
DEBUG wire -  << "[0x97][0xae][0x98]W[0x7][0xc2][0xc3]x[0x8c]>6[0x98]8[0xc]F[0xfa][0x4][0x86][0x85]7[0xdc]y[0xdc][0xd4][0xb3][0xb7][0xe3]+[0x8b][0x8d][0xa3][0x13]([0x8][0xe9]7:[0xef]6w[0xf9][0xde][0xb9][0xe9]0o[0x18][0x8d]v[0xf9]O?[0xd5]3,[0x1f][0xcf]?[0xf2]O[0x9f][0xba][0xac][0x86][0xf3][0xe8][0xcd][0xc]_[0xb7]2[0xf5][0xe9][0xd3]2[0x16]][0x12][0xfb][0xb8][0xdb][0xc5]W[0x90][0xe4][0xca]r[0x19]u[0xd5]x[0xb3][0xfc][0xe9][0x1a]D[0x7]>[0xc][0xe5][0xe3][0x1c][0x4][0x92][0xb]M>z[0xf3][0xea][0x1d]t[0xeb][0xa4][0xfb][0xb8][0x5]o[0x1]>[0x1e]R[0xc7][0xe9]S[0xeb]s7U[0x9d]0[0xd6]s[0x80][0xc0][0xd6][0xca][0x9a][0xbe]~[0xad][0x8d][0x8a]e[\n]"
DEBUG wire -  << "[0xe8]j[0xf5][0x1b][0x90],j[0xdb][0xc7][0x17] [0x15]/y[0x8]&[0x10][0xb][0x9e][0xd5][0xa6][0xd3]j[0x1a]Tv(m[0xa4][0x97][0xe0][0x7][0xc0][0xe4][0x9][0xc2][0xf5][0xb8]U[0xd7]i[0x5],z[\n]"
DEBUG wire -  << "*[0xbf][0xbe]S[0x3][0x88]([0xa2][0xd6]H[0x0][0xd5]4[0xdf]S[0xd9]u[0xac][0xbb][0x98]#[0xa8][0xb]#[0x90]T[0xb4] [0xc1]A[0xd1]s[0xc4][0xc3][0xcc][0xe4][0x8e][0x1d][0x6][0x6][0x1][0xa8][0xd4][0xbe]l[0xc9])[0xc2]b[0xc7][0x94][0xdb]U[0xaf][0xeb][0x82][0xfb]bZ[0xfb][0xfa][0xf5][0xfa]F[0x1f][0x9a][0xb9][0x99][0xed][0xd9][0xa0]Vx[0xaf][0xef][0xc]M5a?}:4[0xa3]K[0xf5]XC8[0xf5]V[0xd7][0xf1]EA[0xd5][0xeb][0xf5][0x9b][0x9a][0x9c][0xea]u[0xdb][0xb7]b[0x1c]V[0xfa][0x8c][0xa9][0xbf][0x8e][0xd3]^f[0x90][0xa2][0x15][0x11]M[0x1c][0x96]7"[0xac]0[0x4][0xeb][0x81][0xbb][0x88][0xdf][0x8]][0xee][0xb0][0x89].^[0x5]"r[0xbd][0xf2][0xc8][0xe6][0xe1][0xd8][0xa1][0x93][0x1d][0xc2]=[0x9c][0xb][0xc8]c[0xee]boS/[0x2][0xec]}?[0xb0][0xc1][0xa9]#[0x9e]?[0x9d]se[0x84]#[\n]"
DEBUG wire -  << "dU[0xe5][0xca][0xf9]m[0x87][0xb4][0x98][[0xcc][0x10][0x13]`E:[0xb8][0xa8]`[0xdc][0xee][0x90]&1[0x9b][0x9b][0xe5]L[0x10][0xbb][0x8][0x97]G[0xc][0xea][0xf0]![0x0][0x19]Ms[\n]"
DEBUG wire -  << "[0x1]v[0xcf]0[0xf0]c[0xcf][0xae][0xa2]g[0xc][0xb2][0x84][0xfa][0x3][0xf0][0xe7][0xd3]oV[0x80]{[0xc8][0xb2][0x82]e+R[0xc2][0x11]c[0xd1]*.[0x8d][0xad][0x2][0xe7][0xfa][0x8e]o}6[0x1c][0xde][0xf][0xc0][0x95]6[0x80][0xa9][0xab]D[0x99][0xbc]3[0xfd][0xdb][0xc4][0x88][0xc1].h[0x0][0x93][0xa3]F[0x1][0x89][0xac]W[0xd8]2[0x0][0x90][0x19]3[0xab][0xca][0xf1]Jzo[0x95][0xb8][0xcc][0xe6][0x14]<1[0xc7])[0x9b][0xe0]eBG,[0x4][0xb7][0xd2][0xb0][0x1c][0x8e][0xda][0xdc][0xe8][0xd3][0xe0]v[0xa4]&[0xae]x[0xb2]F[0x15][0x81]'[0xc7]x[0x8][0xe][\r][0x8e][0xc][0xf0][0x97][0xc0]0[0xf6][0xfb][0x83][0xab][0x9e][0xeb][0xdb][0xb1][0x83]MJ[0x92][\r][0x87][\r][0xa9]5iP[0xb0][0x8e]#[0xd9]TID#G[0xc4][0xf2][0x1a]h[0xd3]p[0xc4][0x81][0xda][0xf0]>][0x90][0x94]].[0xcf][0x91]/[0x86][0xe4][0x8b]1[0x8e][0xfb]H[0x98][0x1]c66$[0x9d][0xcd])J[0xd1][0xad][0x9d][0xe1][0x9c][0x9][0xbf][0xcb][0xa0][0x97],[0xf4]][0xd6][0xe8][0x98][0x9b]fS[0x90][0x9e]O.P[0xdf][0x6][0x90][0xb5]oH}[0xeb][0x1b][0xc9]OV[0x85]h[0x1f][0xd4][0xc][0xe][0xd8][0xf2]Z[0x95][0xf2][0xf5]n[0xe4][0xb][0xb2]S[0x1]V"[0x9d][0xe2][0x12][0x94][0xa6]o[0x85]nh-i[0xe0][0x8a]~[0xe][0xf9][0x17]vK[0xf9][0x9e]Kx*8[0x2]aIl@[0x81]n?[0x84][0xe0][0xbc]D.[0x81][0xd6][0x82][0xdc][0xcf][0x95][0xf8]%[0xb1][0xba]'[0x92][0x1f]B[0xf9][0xb4][0xfa][0xbe]-W[0xe5][0x1c]=E[0x8b][0x9c]~%I%[0x14][0xfb]+[0xa6][0x92][0x10][0xf0][0xd3]P[0xa3][0xea][0xa4][0x94]@[0xd0][0xb3][0x4][0x3][[0xfd][0xe9][0x85]#<[0x86][0x9][0xaf]g[0xd1] "&[0xfe][0xee]90[0x7][0xe1][0x84][0xff](7WB[0xe3][0x1c][0x1f][0xe6][0xf7]'k[0x1b]k[0xeb]k[0x9b][0x90]y[0x3][0xff]f '[0xa6]C[0xfb][0xcc]1[0x6]`g[0xa1][0xfd]A[0xc4][0xfa][0xe2]GA[0xac]\T[0xfc][0xb4]c\[0xb2][0xfe]g[0xe]}[0x17]G[0xb8][0xbd][0xe5][0xc8][\n]"
DEBUG wire -  << "[0x93][0xd4][0xbc][0xd1][0x0][0x8a][0x2]P6[0xf1]?p5[0xb7][0xe1][0x7][0xfe][0xe4][0xe8][0xb8]m[0x93]oA[0xd5]bv[0x9]8[0x2][0xe][0x89]k[0xe2]/[0x3][0xb9]3[0xde][0xe9]3xa[0xb]K[0x83][0xc8][0xd8][0xb1][0xf5]P,[0x85].S[0x85]$[0xf7][0x92]>[0x1a][0x88][0x1f][0xe4][\r]yP'[0x15][0xba][0x4][0x85][0xcc][0xc0][0x9e]R[0xa2][0xa0]j[0xc9][0x99]I[0xa4][0xa2]7[0x8][0xad]h[0x8f]z0<zA[0x1c]N[0xe8],[0xea][0xa7]p[0xed][0x8c]|[0x18]@[0xb7][0xc0]([0x1][0x8b]x[0x99][0xf8][0x91][0x92][0xb][0xbf][0x81]0d[0xe][0x94][0x10][0x18][0xec][0xc0][0x1f][0x83][0xb8]ybV[0x3][0x1c][\n]"
DEBUG wire -  << "[0xc3]>4`.[0xd8][0x0]L[0xef]p1[0x18][0x5][0x1f][0xe2][0x82]M[0xc1][0xc9][0xbf][0x82][0xec]}$|[0x1][0x19]}[0xdf][0x9e][0xec]x~T3G[0xa0][0xef][0xea]iy[0xf0][0xdd]i[0xec]D%|[0xa6][0xac]T[0x16][0xe8]G^}[0x89]hTO,[0x9][0x99]`""K{[0x18][0x99][0x84][0xfb]ShP[0xf][0x9]5][0x10][0xf2][0x8][0xfc][0xf7]9[0xd9][0x6][0xea][0xf2]<[0x80][0x92][0xf3][0x1c][0xad][0xe6][0x88][0x86][0x6][0xb5],[0xd0][0xd2]R[0x8a][0x85][0x84][0xe0]~[0xae][0x92][0xe9]&mo[0xaf][0xd3]][0xa5][0xde][0xb0][0xc4][0x98][0x82][0xa5]"[0x96]|I[0x8][0x16][0x8a]i[0xc5]A[0x80][0x9e][0x16][0x99][0x95][0xa3][0x1a]3;?'[0x9a][0xd2]k2[\n]"
DEBUG wire -  << "[0x95]gu[0xf7][0xe3]([0xf2]==}[0xca][0xb5][0xe3][0xd2][0xf7][0xc5][0xea]0[0xb8][0x96] [0xfc][0x1][0xa8][0xe9][0x9e]@E$[0xa4][0x1c][0xc5]Z[0x18][0xf7]][0x1e]i[0x9f][0xee]Q$[0xab][0xcb][0xe6][0x17][0xe0][0x12][0xa2][0x9a][\n]"
DEBUG wire -  << "[0xc5][0xc]Ga[0xf2]A%[0xa2][0x92][0xf0]w[0x1][0x85][0xc4][0xf0])[0x5][0x90][0xef][0xcb][0xc3][0x94]Q[0x96]SX[0x9a],'[0x9b]Z[0x95]^]*[0xcf][0xa0][0xaa][0xf4]R[0xa9]'R/[0xaa][0x16][0x91][0xb9][0xe2]1'3[0x91][0x90]y YW[0xc3] [0xc1][0xc6]8[0xe0][0xb8]=[[0x95][0xb6][0x83][0x92]_[0x99][0x91][0x1b][\r][0xe5][0xac][0x1c][0x11][0xe5],9F+[0xf3][0xcc][0xc5]ys0'[0x10]3[[0xb7]S[0x0][0x98]C[0xdc]b[0xf2][0xf3][0xa3]^[0xce][0x16]![0xb7][0x19]j"[0xcc][0xbc][0xb4][0x10]Xq[0xac][\n]"
DEBUG wire -  << "[0xc8]r c![0xd4][0x14][0xaa][0xd9][0xb5]N#[0xbc][0x3][0x85][0x99][0x86][0xbc][0x5][0xda][0xc]V[0xcc][0xf0]j[0x9e][0xcf][0xcb][0x8f][0xc2]q[0xe9][0x7][0x9f]AO[0xc1][0xec]=[0xf0][0x1d][0xee][0x1b]<b[0xee][0x8e][0x17][0x8d][0xc]K,[0xe2]nx?[0xb5][0xea][0xca]LHf-C[0xda][0x89][0xc9]Sb[0xf3]fF[0x85][0x1c]pa[0xf2][0x90]j[0xdd][0xcc][0x94][0xcc]+[0xe1][0xb2][0x81][0x99][0xea][0xe3][\n]"
DEBUG wire -  << "[0xcb]sJ7[0xff]C[0x18][0xcc][0xa4][0x6]N[0xb2][0xa1][0x96][0x8b]67[0xb6][0xc6]WurM[0xc4][0x14][0xff]h[0xce]\[0xb4][0xef][0xf0][0xfd][0xdc][0xcc][0xb0][0x18]4[0xe5]j[0xe5][0xec][0x9d]N[0xdc][0xd3]S8[0xa9][0xa8][0xe6][0xe]e[0xa7][0xeb][0x95][0x9c]M0D[0xfe]p[0xe8][0xb0][0x5]U[0xe4][\r][0x9][0xc2][0xe5][0xe4][0x93]M{y[0xde][\n]"
DEBUG wire -  << "[0xe6]&[0x13]P:[0xb5][0xe7]&[0xf][0x3]T[0x16]L[0xf3]jJ[0xc2][0xdc][0x8f][0x96][0x3][0xee][0xd9][0xff]t[0xb5][0x81]ch[0x9f][0xea][0xca][0x18]Pbj[0x5]>[0x98][0x8c][0x91][0x8f][0xb6][0x9a][0xca]*[0x10][0xae][0xd2][0x84][0x18][0xd7][0xf5][0x5][0x95][0x9a][0xb]j[0xbd]c[0xa5][0xd4][0xb6]{[0x91]/[0xec][0xe8][0x9e][0xc4]\_[0xee][0x8c]W9[0xd7][0x90]YSW[0x95]2[0xd3]3C[0xa6][0xec]>[0xcc][0x9e][0xea][0x97][0xa3][0xef][0xd2][0xb1]X[0xe5][0x94]5[0x9][0xee][0xfb][0xe1][0xbf]&[0x9][0x86]}Zk5[0xf5]NK[0xdf]n[0xea][0xe0][0xdb]v[0xea]z[0x93][0xac]A^[0xb][0xfe][0x19][0x8]T[0x6]i#[0x4][0xe6][0xae]Wch[0x8b][0x15]k[0xa1][0x8][0xfe][0xe8]J[0x13][0xc3][0xf][0xcd]Kt4(ZhIo[0x10][0x95][0xac][0xd4]^[0x92]^[0xa1][0xb6][0xaa][0x14][0xd6]CD[0xfb][0xae][0x3][0xaa]B[0xb6][0xab]l[0xf6]?h`/[0xdb][0x9c][0x9c]o[0xce][0xcd]7[0x11][0xe7][0x19]u[0xd3][0xee][0xc3][0xad]F]n&[0x9f]k[0x10][0xfe][0xa9][0xe6][0xd9]]-'r[0x1b]UrO{g[0xae][0xd9];s%[0x8]Fo[0x7][0x15][0xc0][0x6][0x8e][0xf0][0x16][0xc][0xf1][0xf2][0x10][0xee][0x88]!.`[0xd6][0xb2]1[0x8e]'*[0xd4][0x0][0x87][0xdc]-T[0x11][0xb8][0x92]d[0xac]W[0xea][0x88]j[0xc5]S[0xaa]x[0xaa][0xdc][0xb2]j[0xce][0xaf][0x82][0xe4][0xb5]Q[0xb6]Ldr[0x1c]%[0xd0][0x85][0xc][0xf4][0x90]H[0xc6]a[0x4][0x83]Q([0xa1][0x9c][0xdd]$O[0x84][0xa6][0xda]{[0x18]P[0x1b]wZj[0xb8]zH[0x3][0xdd]a[0x83][0x88][0xc0][0xd8][0xd5][0x89]x[0xea][0xfb] [0xd7][0xae][0x8e][0x87]]jJs[0xd5][0xf5][0xc8]O[0x9f][0xeb][0xfa]}[0x10][0xd9]m[0xfc]O"R[0xcf][0xb2][0x99][0xb3][0xe9][0x94]X[0xb3]Z[0xaa][0x88][0xd1]g[0x2][0xcb]J[0xf4][0xa4][0xb2][0x19]u[0xdd][0xaa][0x8e][0xdb][0xe0]N[0xba]Gj[0xbe][0xa2][0x16][0xc][0xa8][0x7][0xb2][0x8d]b]G[0xfb]+][0xf1][0xa8]^Yr[0xb8][0xe9]{F[0xc8][0xc4]^si[0xc9]&[0xb7]Pe[0xe]b[0x7]/[\n]"
DEBUG wire -  << "[0x4][0x8c]I#[0xb1][0xa2][0xba][0xc5][0xb5]Ma![0xb3][0xac][0xc9][0x85]-K][0x81][0xbc][0xd6]XX(][0xbf][0x1b][0x8a][0xd3][0x90]B[0xb5][0xe6][0x17]F[0x1e][0x15][0x96]D[0x12].[0xab][0xc9]x[0xc0][0xf1]`^[0xda]1[0xc2][0xda]T[0xd8][0xd7]-w]g[0xdd]fC][\r][0xb9][0x8d]-[0xbd][0xbd][0xad][0xb7][0xd6][0xda]:x7[0xcd][0x1f]Dr[0xad][0xbd][0xd6][0xd1][0xd7]7[0xf5]V[0xb][0xd2]Z[0xcd][0xe6][0xf][0xf5]][0xb2][0x92][0xac]q[0x83][0xbb][0xa2]jN[0x10]&[0xce]Jj?[0xd3][0xad][0x96][0xbd][0xd5][0xd9]%i[0x81][0x92][0xbb]S.?[0xed][0xf7]Ty<y[0xac]d[0x1a][0xb3][0x84][0x9b][0xa2][0xe5]x[0x1d][0xff][0x9b]M[0xcb][0x14][0x82][0xdb][0x11][0x93]G[0xbb]25s[0xc8][0xb9][0x1e]A[0x99]m$[0xf6]F"[0x84][0x6]*[0x86][0xdc]k [0xce][0xb4]e[0xef][0xe7]q[0x18][0x89]]]]><![CDATA[>[0x95]&w[0xfd][0xc0][0x19][0xad][0xeb][0xa4]r~[0x17]PRj[0x94]A[0x0][0x90][0xd5]F[\r]8[0x9a][0xd0][0xc][0x94][0xb9][0xc2][0x2][0x98][0xf2][0xa1][0xf2][0x90][0xcf][0xa5][0xc3]Z[0x2]T[0xd3][0xe2]t[0xf5]o[0xf]dR'[0x9a][0x5][0xf8]$`[0xe1][0xd8][0xf7]l[0xa2]L[0x10][0xb5][0xa2]T[0xa0]Gz[0xda][0xb8][0xc0]i[0x8c][0xfd]0*aR[0xde][0xb7][0xe3]P[0x18][0xb][0xd4][0x9][0xd5][0xde]M[0xe4]G[0xf2]e[0xc4][0xac][0xcf]~[0x1c][0x19]U[0x4][0x1b]I.y2[0xa6][0x13]<8[0x2][0xf][0xe][0xb5][0x98]\[0x11],[0x1]+[0xe]N[0x99][0x8a][0xf3]Y[0xb2]xQ[0x92][0xdc]k=[0xa1]X[\r]M;[0xd2][0x12]b|[0x9][0xd6][0xb9][0x94][0x84]"5[0x97][0x96][0x5][0xf3]$[0x5][0xde][0x0]7Q[0xb2][0xd2][0x92][0x15][0xd0]T[0x82][0x97][0x9a]'vk[0xf2]<Pso[0xc][0xfd]Xf[0xc5][0x92]<H[0x89][0xa7][0xaa][0xb9]B[0xb4][0xca][0xb9][0x11][0xed][0xe3]N[0xe3][0xa4][0xa7]zLr?[0xcf]:[0x1c][0xb5][0xc5]A[0xaa][0x12][0x93]A[0x9a]{[0x15][0x83]T[0xbe][0xab][0xd1]]t(r&fu[0x8e]t%[0xae][0x89]:[0xa3][0x83][0x8e][0xc7]N[0xb]L[0xa9]][0x92]&I[0xe3][0xa3][0x9c][0x8a][0x4][0xee][0xac][0xad][0x15][0xd2][0x4][0x95]*[0xf1][0xe6]o}[0xf6][0xb7]>[0xfb][[0x9f]}w[0xfa][0xac]j,[0x15][0x87]Q[0xb6]U[0x8c]Wqe[0x97]\[0x6]xR[0x19][0xc8][0x7]M[0xc0][0xd2]E[0x12][0xe4]8[0x10]+[0x19]^[0x94][\r])[0xe3]Fa[0x1][0xa0]R[0xb6][0xa9]0[0xde]s[0x4]>[0x1]{[0x1e]F[0x5][0xae][0x10]A[0xe3]>r[0xfb][0xba][0xb9]R=P6[0xf0][[0x9a][0xb3][0x9f]fHDU9[0xb5]2[0x81][0x95]~[0x9a]#X[0x92]`[0xd1]9[0xf9][0xbd]}[0xd9]7[0xc5][0xfc]R[0x19][0xd1][0xa3][0x89][0xee][0xb2][0x85][0xa1][0xee];[0xa8][0x82][0x95]z[0xac][0xcf]C[0xb8][0xb8]p%[0xb]Kl[0xae][0xac][0xe0][0xff][0x89][0xf9]Km[0xfa][0xa2]+[0x10][0x87];8[0x1][0xdd][0xac][0xa4][[0x19][0xdc][0xcb][0xb6]2[0xb6][0xc7]Wu[0xe1][\r][0xe1]r[0x9]S>D[0xe2][0x4][0x85].u[0x9c][0xcc][0x91][0xc2]KH[0xfa][0x2][0xd8][0xc]h[0xd4]*[0x14][0x94]9[0x6][0xd4][0xad][0xd4][0x95][0xc4][0xe4][0xc2]0'[0x14]O[0xd4][0x2][0x88][0xf2]L[0x89]p!$|zhL[0xf9]l[0xe9][0xfb][0xe][0xe9][0xb4][0xa1]Yb7[0xe1]fe%![\n]"
DEBUG wire -  << "X6F[0xf5][0xe]=[0xc0][0x1d][0xe1][0xc8][0x81][0x17]*Zk[0x84]Q[0xba][0xd6][0x8a][0x87][0x4][0x98][0xbc]%[0xa0][0xf6][0x83][0x1e][0xe5]'|[0xb2][0xd9][0x94][0xa8][0x1][0xf1]m[0xce][0xe4][0xaa][0xa3]S[0xe2][0xa2]Z[0xe5][0x11][0xcb][0xaa]+lx[0x98][0xea][0xd9][0x80][0xba][0xdc][0x99]t[0xdf][0xf9]`T[0xf8]?[0xac][0x1d][0xac][0x81][[0xd8]>[0xec][0x88][0xdf][0xeb][0xe2][0xf7]&[0xfc][0xde]<[0x94][0x0]?[0x9d]:[0xb4][0xf]P[0x9d]$[0xe7][0xe9][0x93][0xe6][0xda][0xd6].[0xc8].[0x86][0x7]p[0xf0][0x88][\r][0xa4][0x8b][0xbf][0x6][0xde]s[0x10][0xb9][0xcb]9cG[0x3]n[0xc][0xa8]gMp[0xc9][0xea]^[0xe7]0S[0xc][0x86][0x83][0xc2][0xf]x[0xd2][0x3]w[\n]"
DEBUG wire -  << "o[0xe3]\[0xdc][0x14]5[0x93][0xf7][0xd2]Y[0xbb]5s[0xe3]!-[0x10]1[0x5][0xf0]H[0xe9][0xbd][0xa8][0x87][0xa4]8Dq[\n]"
DEBUG wire -  << "D[0x86]]8[0xd8][0xa8][0xd2][0x84]R[\n]"
DEBUG wire -  << "[0x97]w[0x9a]W[0xb2][0xc3][0x88][0xf9]=If[0x82][0x9e][0x84]Rl[0xbf] 7C[0xdb]2[0xb7][0xcd][0x96]i[0x81][0xee][0xf1][0xdd][0x2][0xa3];[0xf]ftx[0x9][0xef][0xd4]aA[0xd4]^[0x1e][0xf5][0x17][0xc0]d?h[0xe4]p[0xcb][0xb3][0xec][0xb9][0x84][0xfb]7#[0x19][0xab]0>[0xe5][0xfd][0xc2][0xc6][0xea]"[0x9a][0xf1][0x2]r[0xa3]|[0xbb][0xf4][0xd8][0xe6][0xd1][0x87]w/[0xaa][0xef]s[0xda][0x85][0xfb][0x9c][0xef]N[0x8f][0xe6][0xdf][0xce][0x4][0xe0]`l[0x99][0xe3][0xd1][0xf8][0x19][0x94]-[0xdf][0x1d][0xbd]t.][0xea][0xf1][0x1]h[0x9f][0xaa][0xda]r[0xd9][0xb2][0xd6]y5[0xe5][0xf][0xa8][0xe7][\n]"
DEBUG wire -  << "[0x9a][0xa2]`c[0x9f][0x14]/[0x18][0xe3][0x5][0x18][\n]"
DEBUG wire -  << "[0xaa]3w[0xa3][0xf8]_0[0xe3][0xbc][0xc5][0xe0][0x12]D^[0x83],[0xb][0xc9][0xc8][0xf]"|[0x9d][0xcf][0xd4];][0xd5]E[0xf6][0xff][0xe4]3[0xb7][0xbf][0xe8][0x92]k[0xd2]U[0x12][0xb6][0xd1]2[0x9b][\r][0xf1][0xf4],[0xe][0x9c].[0x16][0x1][0x9d][0xfa]C[0xfb][0x4][0xfe]/[0x16][0x84][0x84][0x85][0xf7]u[0x85]h[0x1][0x97][0xbe]5!R[0x99][0xe3][0x98][0xa0]QW[0xf5][0xca][0xca][0x8c]+6[0xcf][0xdf][0x1c][0xfd]J[0xcc]L]'[0xd6][0xf4][0xf5][0x17][0xe8]d[0x9b]][0xed][0xb4][0x9b][0xf8]sS[0x82][0xe3][0xa1]0,r)[0xfd][0xe1][0xb5]?[0xa6][0x16][0x8f]&;Msk[0xb3]\[0xa0]?$[0xd7]S[0xab]xO[0x9a][0x83][0xe6][0xa0][0xd5]*[0xc3]F[0xa3][0xd8][0xed][0x87]U[0xf0][0xf2],[0xe6]M2[0xd1]fab[0xe4][0xbc][0x9b][0x86]DIg[0xe2]b|[0x94][0xe7][0xc7]?[0xbf]xM[0x8e][0xaf][0xc0]0~[0xc5]"[0xb0]vCr[0xb1][0xe][0x83][0x93]|[0xf0]8h[0x82][0x90]:[0xe4][0xc0][0xa3][0xce]$[0xc2][0xac],.[\n]"
DEBUG wire -  << "[0xc3][0x12][0xae],![0xe6]c[0x19][0x8]%[0xb9][0xbf]TK[0xef]dq=[0xd4]}}[0xa8][0x7]:[0xd5][0xdd][0xfa]5[0xff][0xb8][0xfa][0xb3][0x98][0xc8]S[0xa4]o[0xfa][0xe7]`[0xb8][0xac]~[0xea][0x6][0xbb][0xfc]c[0xf0][0xa9][0x8b][0xbf][0xbe]~[0xcd][0xdd][0xe9]ZyT[0xc3]4[0xf3][0xb7][0xae][0xfc][0xf3][0xf5][0xeb][0xc7]Ous[0x1c][0x87][0xa3][0x1a][\r][0x86][0xe2]VUX[0xbf][0xd1]E[0xa6][0xd3]m[0xfd][0xe8][0xb1]Kr[0x4]2V[0xab][0xef][0xd2]nX[0xba][0xd5][0xe8][0xe3][0xf9][0x1][0x17][0x92]+[0xef]J[0xfa]xMr[0x97][0x9a]4[0x9c]xV[0xb7][0x5]Ox[0xf7]r[0xb8][0xeb][0x9a]r][0xfc][0xb5]o3[0x13]O;[0x7][0xd1]sq[0xaa][0xb7][0x86][0x8d]Z[0xb9][0xa9]O][0xf3]Z[0x95][0x9c]X[0xd5]W[0xf3][0xf1][0xf]Tl[0x1][0x9a][0xb4]]p.{;[0xf][0x1]~HW[0xeb][0xbb][0xd0]KCZ[[0x95][0xb4][0xaf][0xea]d[0xf5][0xc3][0x81][0xd1]j5;[0x9b][0xeb]kk-[0xa3][0x85])x,;[0x83][0xc]A[0xb9]c*[0x9a]q[0xe8]HaN.[0xbe][0x1]v[0xf5][0xf1][0xeb][0xa3]bGW[0xf6]0[0xf6]bC[0x6]PZ[0xd9]CG[0x95][0x88]-f[0x18][0x93][0x18]L[0xa4]h%&'q[0x84]o.[0xb2][0xb8]m[0xb4][[0x4]'$1-[0x1a][0x18]k[0x81]d[0xb][\n]"
DEBUG wire -  << "[0xca][0xda]u([0x6][0x82]H[0x8a][0x8b]`J[0xe0]D%[0x15]%[0xde][0x9f][0xc][0x98][0xa4]L[0xce][0x84][0x8][0xf9]&o[0xd1]C.[0x9e][0x9c]QYj[0x97][0xa6]tHH[0xbd][0xe][0xf8][0x15][0xf8][0x15]`[0x9d][0x92]$E.[0xac][0xe3][0x86][0x8e][0xd8]&'[0x15][0x9b]4[0xca]0[0xc5]cP,H[0xaa],[0x90][0x9a][0xea][0x86][0xca]\[0x85]R[0xd2],![0xf2][0xd9][0xd2]DG[0xe]%[0xe][0xaf][0xc2][0xb2]GK[0x18][0xfa]@[0xd4][0x2][0xdd][0xa8][0xa9][0xfa]o[0x17][0xeb] [0xe5][0x1f]w[0x87][0x4]E[0xfc][0xee][0xb1]][0x80]k@[0xb2]m(`[0xc]7@@[0xbd][0xdf][0xa2][0xea][0xbd][0x6][0x95][0xbc][0x0][0xf3][0xe3]"[0xe1][%[0xe7][0xd4][0xe6]S[0x91];[0x0])[0xfd]CR84PYT#6[0x8d][0x92]M,[0xec].[0xc7][0xa1][0xe3]0M[0x16]!Y[0xba][0xda][0x13]t[0xa3][0xf0][0x10][0x16][0x1f][0xca]H[0x1f][0xaa][0x1b]p[0xdf];A[0x8b][0xde]%[0x9e]_G[0xf2]1[0xfd][0x9b][0x81][0x84]([0x94][0xce]D[0xdb]/[0x88]&[0xaf]S[0xb2]rE[0xf6][0x1a][0xb2][0xd5]I7f[0x9c]L[0x1f][0x5];1[0x1a]X[0xb9]q[0x99][0xec]Jf[0xe4][0x6][0x84]d[0xce][0xfe]^[0xec][0xc8][0x92][0xe8]F[0xab]%[0x1][0xb1][0x7][0x99]grR[0xc][0xfe]@[0x9][0x87]g%[0xd0][0xf1]6[0xda][0x1b])p[0x9a]H[0xb2]l[0xec]:[0xa1][0x12]z[0xf8][0x94][0xcb][0xf0][0xc5]l W[0xfb][0xb2]T[0xa1]{[0xd4][0x9][0x4]#[0xc3][0x87]P[0xbd][0xf4]IU[0xdc]J[0x0]{Yv[0x9e]."[0x8f]P[0x0][0xd1]4[0xb1]$1N[0xd2][0x82][0xe1]%B[0xb6][0xa1][0xe4][0xee]5[0x1c].l[0x9a]r[0x83][0x9b][[0x8b][,[0xb5][0xe2]ts[0xa7][0xd2][0xd1][0x85][0x17]G<[0xa1]![0xa4]P[0x9]I[0xe] [0xe6][0x1b][0xf0][0xde][0xf7][0x9d]0i[0xc1][0x93][0x94][0x8e][0xf4][0xac][0xa2][0x1a][\r][0xfb][0x2][0x8e][0x14][0xe4][0xcd][0x2]]'W[0xdc][0x0][0xe1]TF*[0xa8][0xe9][0x1f][0x18][0xbb]([0x1f][0xa0]3[0x99]l[0xe8]tm"UF[0xc8]+3[0xa9][0xb5][0xb6]L[0xb1]@t9.<[0x1b][0xf8][0xff]\[0xd0][0x91]}x[0xbf]`[0xd0][0x9f][0x12]8[0xeb][0xd1]Jj;K[0x15][0xe2][0x19]}[0xda][0xea][0xa4]}[0x9a]>[0x88][0xc5]Q[0xc1][0xc6]\[0xf3][0x8e][0x9f][0xfb]o[0x17][0xb4][0x8e][0xf5][0xfd]qcv[0xff][0xb][0x14][0xf][0xee][0xff]G[0xb7][0x15][0x80]*[0x9e]v[0xb6][0x97]*[0x1][0x80][0xae][0xcc]"[0xf2]/[0xd6]'/p[0xce][0x1e]Pk[0xbe]8[0xec]l5[0xb7][0x9a][\r]Q[0xca][0x80]R[0x1f][0xc0][0xb0]K[0xb][0xe2][0xd5]h1[0xf5][0x89]e[0xf8][0xf3]p[0x90][0xb0][0xaf][0x80]>/@[0x8d][0x18][0x3]V[0xce][0x94][0xa6][0xe6]R[0xa5][0x9][0xd1][0x15]d[0xff][0xe4][0xd5]"[0xc9][0x1f][0xb8]B[0xee]O^[0xcd][0x95][0xfa][0x8d][0xdb]([0xb2][0xdb][0xd3][0x89][0xe8]rt[0x1e]v[0x16]DT[0xea][0x0][0x8d][0x87][0x9d][0xb9][0x14]n[0xb5][0xd6][0x97]I![0xa2][0xcb]S8b[0x1][0xcc]wc[0xbe][0x80][0xd0][0x4][0xc][0xe9]M[0x9e][0xe7][0x92][0xbd][0xde]i-[0x93]lD[0x97]#[0xfb][0xd5][0x8b][0xa3][0x83][0xf9][0x14][0xbb][0xdc][0xa6][0x86][0xb]F1[0x1f][0x8b][0xa5][0xe4]0[0x2][0xef][0x92][0x85][0xe0][0x8d][0xd8][0x86][0xb0][0x87][0xa8][0x7]S}[0xe4][0x7][0xd0]"[0xc4]6[0xb7]1[0x9d][0xe5]Js[0xa7]([0xcd][0xaf][0xfc]>?[0xa4][0xb][0x9a][0x3]0[0x16]EZ[0x5][0xf0]|j[0xdb][0x9b]K[0xa5][0x16][0xd0][0xe5][0xa8]=[0xfd][0xfd][0xff][0xcc]'5\[0x3]2[0x1]j.[0x8d][0x9b][0x1b]K[0xa5][0x11][0xd1][0xe5]i[0x94]&[0xb8]T\r[0x17][0x8c][0xbc][0xa5][0x18][0xe6][0xd1][0xb][0x9][0xf7][0xc8]b[0xf1][0x9]%[0x6][0x10][0x9c][0x14][0x3][0xd4])1`[0xf3]nQA[0xce]~[0xca][0xe9][0xca]*V,[0x97][0x13]yF[0xc0][0xb4][0x8f]@[0xe1][0xfc][0xc6][0x8e][0x15][0x14]4,)0[0xcf][0xf8]k-[0xd7][0xae]i[0x15][0xed][0x9a]#[0xb5][0xa8][0xb0][0x80][0xe6]d[0xed][0x1][0x89]N[0x8b][0xcc]5Y[0xd7][0x97];#[0xad][0x17][0xc6][0xf0]![0xfa][0x13]}?[0x10]^[0xc7][0x2][0xd2][0xad][0x2],j[0xd4]B[0xc2]|[0xd6]/[0xb5][0x11][0x88][0xae][0xd0][0x8]p[0xf0][0xad][0x88]|X[0xd8][0x0][0x1]g[0xc4][0x92][0xf8][0xa4]PI[0xe0][0xa5]sVr}[0xf7][0x1a]x[0x81])[0xf1][0xd8][0xc4]"[0x1d][0x98]RI$[0x1f][0x8c][0xa3][0xa5][0x5][0xe5][0xca][0xc][0xb][\n]"
DEBUG wire -  << "[0xe][0x1e][0x18]j~[0x1c]2[0xc7]P[0x1b][0x86]b}[0x99][Z[0xce][0x90][0x13][0xf9]$t[0xb8][0x9d][0xf8][0xbe][0x1]<fY[0x9a]8[0x9f][0xf9]hj[0x89][0xe2]6E[0x95][0xdf]YQ[\n]"
DEBUG wire -  << "TEnid[0xa5][0x8]$[0x8f]D(W[0xac]\on[0x87]T[0x15][0x9f][0xae]dj[0xe9][0xa5][0xc][0x11][0xf8][0x97]j[0x9][0xc7][0xe8][0xf3][0xa1][0xda][0x11]U6[0x9d]V[0xbd][0xee][0x80][0xa7]83X[0xd1][0xe8] = "[0xae][0xd7][0xcb][0xc5] <[0xc9]i[0x84]`:$[0xf][0xfe]`[0x10][0x82][0x19][0xdd]&[0x8f][0x1e]e[0xa8][0xf7]F[0xad]l[0xdd]*[0xdb][0xcb][0x5][0x95]2'[0xe4][0xf7][0xa8][0x95]oOi[0x91][0xa4][0xb4]d[0xa2][0xde]exQ3;[0xf6]![0xc2][0x8a][0x96][0xdb]V8[0x9a][0xab][0x96][0x8b][0x94][0xb4]M[0x1f][0xbf][0x8e][0x3][0xa7]v[0xe7]%![0xc1]/[0xa3][0x8d]kAuM[0xc8]S[0x81][0xbe][0x2][0x1][0x82][0xc6][0xaa]V[0xe4][0xba]^[0xc1][0x14][0x1a][0x9d][0xbd]d+[0x1d]YR[0xae][0xb9]bk[0x9c][0x88][0xc5][0x8f][0x80]r<[0x8a][0x9f].[0xeb][0xa8]}[0xf2]b[0xd7][0xc][0x18][0x8d][0xe2][0x0]zA[0xc6]PO^[0x95][0xcc][0x87][0xe2]D@[0x2][0xdc]Kso[0xb7](8-[0x98]3[\n]"
DEBUG wire -  << ":[0x86]k+[0xa1][0x82][0x87]T[0xa8]J$*[0xf1][0x4][0xff][0x8c][0xe6][0x85][0xad]]-l[0x7]}<v[0x85][0xab]r \[0xed][0xfd][0xbd][0xd1]z[0xea][0xaf]1[0xb9]>,[0x96][0xbc][0xde][0xb1][0xf4]X[0x7][0xc1]P?1vR([0x82]63[0x9d][0xc0][0x90][0xe]8[0xf0][0x10]Qa[0xec]t[0x0][0x8a]F[0xec][0xf7][0xff][0x88][0xc5]>[0x90][[0x9d][0xd8][0xc]O[0x81][0xa5]q[0xd5]mv[0xc1][0x1c],Nz[0xf9][0x83][0xdf][0xff][0x93][0x84][0xa3][0xf][0xff][0xf][0xc8][0xfc][0xef][0xff][0xc1][0xe8]m[0x1e][0xff]-[0xc6][0x4]p[0xb0]$6[0xd7][0xb7][0x99][0xe3]po[0xa8]#[0x14]u&!O[0xe0]s[0xf8][0x10][0x1d][0x8]%[0x8e] B/[0x81][0xb]@[0xb2][0xdc][0xd9][0x11][0x97]U&!h[0x96][0xa4]X[0x98][0x8c]-?[0xc0]S[0xdd][0xd0][0x82][0xdc][0x16]Xh[0x92]7q@[0x86]>u0:|[0xe4][0x13][0xdc]T[0x10][0xe4][0x83][0xfa][0x2][0xb2][0xc5][0x9],[0xc8]tY4[0xf2]m[0xa8]-T[0x8f][0xbe][0xe3][0xf]1[0x8a][0x99][0x18][0xbf][0xb8][0x10][0x8f][0x95][$[0x12][0xcb]+[0xaa]9%[0x16][0x90][0x11][0x1f][0x8e][0x8c][0xdf]b[0xea][0xf0]hBB[0x10][0x9][0xd2]s@&y[0xef][0x83][0xc0]~[0x86][0x9a][0x81]*[0x89]+[0xe][0xf1][0x84][0x15][0xe9]O[0xc8][0x98][0xf9]`[0xb6][0x8b][0xa0][0xf8][0xd4][0x2]4\[0xb4]&[0xe5]7[0x8c]][0x16]8[0x13][0x8c][0x12][0x2][0xb4]`[0xf8]f[0x11]f[\r][0x88][0x81][0x1c][0xd9][0xda]]r[0xc9][0x8][0xe5][0xa0]u[0xa3][0xdf][0xff][0xc3][0x6][0x3]&[0x3]^[0xf4][0xa1]Ka[0xba][0xc1]%V[0x8a][0xd1]TK[0x8d][0x96]<R[0x7]M[0x18]p[0x0][0x9a][0xc2][0xae]0[0xaa]9[0xc]*L[0x12][0xfd][0x97][0x15]H[0x18][0x9f]4[0x90]yC[0x18][0xb][0xc]1[0xeb][0x92]\[\n]"
DEBUG wire -  << "lF[0x2][0xc][0xde][0x87][0xd8][0xf2]=Bl_T[0x15][0xc6] [0x89][0x14]z1t[0xf1][0xdc][0x96]K[0xbd][0x18][0xbc]m[0x90]~)[0x1c]2u[0x88][0xb7][0x11]<[0xb1][0xdd][0x92]$[0x81][0xe2]p[0xa2]QB[0x83]H[0xc2][0xfd]7[0x13]D}Z[0x87][0x96][0xb4]kA[[0x16][0x87]\~[0xde][0x98][0x1a][0xcb]U[0x3][0xf9]*4Z[0xed]d$w[0x88]B[0x84][0x97][0xa5][0xd2][0xc5][0xf7][0xe9][0xea]P[0x90]3[0xd5]@[0xd3][0x5][0xbd][0xfd]J=[0x82][0xab][0xc9]Zb1[0xa8][0xed][0xc0][0x16][0xdb]\[0xeb][0xb3]D[0xd5][0xf1][0x4]t@[0xc9][0x80][0x1a][0xcc][0xe6]bE[0x87][0x17][0xa6][0xcc][0xd2][0x9c]R[0xfe][0xd9][0x1b]u[0xd2][\n]"
DEBUG wire -  << "[0x81][0xbc]D[0xad][0x1c][0xb1][0x90][0xf]=[0xf2][0x94][0xba][0xe3]][0xf2]*[0x19][0xb8][0xc0][0xe7]N5[0xae]d[0xd5][0xbf][0x90]6[0xde]'{[0x8d][0xf1][0xac][0x9]o[0xce][0x6][0xc1][0x9f][0xc8][0xe1][0xad][0x96][0xbd][0xd9]i[0xcf][0xe0][0xb0]8[0xe6][0xba],[0x16][0xff]o[0xa5],$[0x8f][0xf][0x94]B[0xfc][0xff][0x80][0xc5][0xb6][0xbd][0x6]?[0xb3]X[0xec][0xf][0xc3]eq[0xf8][0xd8][0x13][0xbb][0xd8][0xa0][0xa0]Q[0x91][0x1f]e[0xba][0xf8][193[0xe4][0xab][0xc][0xb9]D))[0xb]e[0xae][0xbd][0x12]1[0xea]*[[0x5][0x1f][0xab][0xed][0x14][0x91][0xf3][0xc7][0xd8](y[0xeb]8Gb[0xa5][0xad]R[0xd5][0xe6][0x5][0x8a]X[0xe0]*[0x1a][0xef][0x95]jx[0x9e][0x8][0x87][0xc6]Fb[0xaf]oT7[0xe]o[0x8e][0x8b][0xa0]E[0xea][0x8b]>[0xea][0xc5][0x1]Vi[0x95][0xd4]).[0xac][0xcf][0xf0]'Dq[0xf9][0x19][0x8d]<[0x9f]q[0xd7]5[0x91]Fw[0xa8][0xdd]s[0x7][0xf6][0xa4]w[0xe8][0x7]xF[0xd5][0xe3][0x6]k[0xad]77[[0x9d]v[0x7][0x83]^o[0xc9][0x8f]l[0xa8][0xed]Xh[0x89]IN[0x1c]z[0xc1]}[0x92][0x16][0x80][0xdc]l=[0xa4]2[0xbf][0x91][\r][0xd7][0xaa][0xe][0x9b][0xd7]e[0x8a])"
DEBUG wire -  << "[0x9b][0xb3][0x98][0x92][0xf6]b[0xd5][0x87][0x80][0xca]?ST[0x14][0x6][0xb3]`p[0xe2]UU[0xb6]d[0xf6]H[0xce][0xd0]md[0xe8]"6[0xf4][0x83][0x89][0x94]f[0x17]l`[[0xdb]?[0x89][0x1d][0x87] r08[0xfd][0x0][0xf0]m,[0xc0]7.PW[0xb0][0xb2]Su[0x8]V[0x8e][0x13][0xf9];[0x3]A-[0xb8]n[0x8a][0xda][0xa4]=[0xaf][0xed][0xcf][0xce][0x93][0xcb][\n]"
DEBUG wire -  << "y}sON[0x16][0xfa]e[0xe0][0xfb]Q[0xc9][0x9d][0xce][0xe9][0xef][0xe4][0x18][0xb][0x8f][0xc][0x1e][0x99][0xb8][0xf5][0xd1][0xf7][0xfd][0xcf][0xe2][0x0][0x8b][0x8c][0xf9][0xd9][0x90][0x9c]7r2[0x94]l[0xb0][0xf7][0xfa]`[0xfe]N[0x17]$[0xfa][0x91]G[\n]"
DEBUG wire -  << "[0xc7][0xb6][0xc5][[0xc8]1r3[0xb0][0xa8][0xa4][0xef][0x93][0xaa][0xa4][0xce][0xc7][0xa6][0xe7][0xc9][0x9b][0xa9][0xf7][0xe7][0x8][0xeb]l[0xc5][0xf3][0xe8][0xfb][0xd0][0x1f][0xb4][0xb8][0x16][0x85]'[0x8b][0xac][0xc2][0xea][0xa5][0xef]T[0xf1]I[0x8a]G[0xa2]7Z[0xf2][0xd0]G^[0xcd][0x1c]x6(z[0xf2]V[0xd5]_[0xd4]1[0xa5][0xcc]F[0xb9]/[0x17][0xf6][0xdb][0xb7]S2[0xf7][0xe6]h[0x95][0xe0][0xcd][0xd3]N[0x5][0x1e]<\5[0x1d][0x80]F[0xb2]8[0xe4]|+[0xfd]D[0x5][0xbd][0xa6]l~^9[0xcd][0xc8][0xb8][0x9f]f[0xaa][0x14][0x84]G[0xf7][0xd1]N[0xd8]qx[0xdc][0x14]<[0x1d][0x19][0x86][0x99]{[\r]I[0xaa][0xa1][0xa4]v[0xa3][0xd9][0xa7][0x1d][0xda]i,I;%[0x95][0x19]![0xf8][0xe4][0x1][0xcb][0x94]TY[0xa4][0xfe]![0xc9][0x90]T[0xfc][0xd0]n[0xde][0xb3]>[0xf5]m[0xae][0xbf][0x95]a[0xa5][0x8][0x0][0x9f][0xfb]4[0x80][0xff][0xa1]+[0xcc][0xf4][0x83]}([0x8][0xdf]L[0x19]&[0xe7][0xe0]T[0xbd][0xa9]%[0xb6][0xb6][0xbe][0xbe][0xb9][0xb1][0x9e]W[0x91]G[0x81]I[0x9e]K([0xf2][0x8e]e[0xda][0xb1][0x9c][0xfe]WV[0x8c][0xb7][0xe6]n[0x95][0x10]V+[0xc6]b[0xf3][0x97][0xa2][0x13]y([0x82][0xdd]~#[0x9d][0xa8]x`[0x6],[0xaf][0x10][0xab]R[0xff][0x8a][0xda]0[0xed][0xc1]?^[0x3][0xaa][0xaa]{[0x1][0xeb][0xfd][0xad][0xfd]*kx[0xb0][0xf6][0xb3]}t[0xc1]y[0xde]r[0xb1]Y[0x14][0x99]4[0x1c]_=[0xfb][0x10][0xb1][0x17]vw{[]|[0x8b].[0xba][0xb6]|[\n]"
DEBUG wire -  << "[0xe2][0xee]7[0xd3][0x8f].[0xbd][0x2]-[0xa1][0x8e]cW8[0xa6][0x81]8[0x84]b[0xf9][0xe4]=g_[0xbe]p2[0xe5][0x99]N[0x3][0xfc][0x95][0x15][0xe4][0x12];[0xa0]J[0x92][0xe7]z[0xbe]eN}[0x7][0xf6][0xe5] [0xa1][0xd9][0x8c][0x4][0xcd][0x5][0xff]wf[0xde][0x9f][0xa9]WQ[0x91]I[0xfe][0xa6][0xfc][0xfe][[0x99]U[0xd6][0xf0]g[0xad][0x8b][0xb5][0xd6]:[0xcd][0xb5][0xd6][0xf6]V[0xaf][0xd5]l7[0xb7][[0xdb][0xcd][0x8d]N{}}m[0xab][0xb5][0xd9]k[0xaf][0xb5]6[0xda][0xdb][0x1b][0xcd][0xe6][0xd6][0xe6]zkc{[0xbd][0xd3]\[0xef][0xf9]F;[0xaf][0x96][0xd0][0x1c]Q^[0xda]+?[0xe0][0xd6][0x8]F/-[0x1a]k[0x15][0xd9][0xdf][0xdf]jYeC[0x1e][0xae]1[0xd2]m[0xe4][0xcc][0xc][0xfb]&[0x1e][0xa9][0x9b][0xd2]\[0xe1][0x95]Ve[0xfe][0x99]kfs[0xbc][0xd2][0x8c]T[0xa3][0xb3][0xbd][0xb5][0xdd][0xa6][0xdb][0x9b][0xdf][0xdc]0[0xcb][0x93][0xfa][0xb7][0x9e][0xb9][0xb7][0x9e][0x19][0xf8][0x81][0x87][0xd7][0xf2][0x85][0xc7][0xb7][0xd6][0xec][0xac]mm[0xb6]77[0xcb][0xba][0xe4][0x84][0xf6][0x3][0xfe][0x85][0xfb][0xe4]D[0x82][0x17]U[0xc9]t[0xee][0xf7][0xa9]I[0xca][0xed][0xf8][0x16][0x8a]d[0xc9][0x96][0x87][0xa2][0xd8]T[0xdd]X[0xb0]<f[0xe6][0xfd][0xd5][0xb4]HB[0xa9]"[0xf4][0x8f][0xf7][0xe9][0x92][0x8e][0xef][0x9d]lm[0xff]m[0x7]U[0xd6][0xf0]g[0xe9]'7[0xfe][0xc2][yut8[0xe2][0xb8][0xc8][0xf2][\n]"
DEBUG wire -  << "[0xd2]3-TH[0xfc][0xfe][0x94]O[0x8e][0xfc][0x87][0xeb][0x9c][0xb7]#[0x9b][0x9c]F[0xb1][0xcd][0x96][0xad]l,A[0xa5][0x89]=[0x92][0xd7]3[0x95][0xc9]5[0x15]#[0x89]4[0x90]Hc[0xad][0xb9][0xb5]N;[0xad]5[0xfa][0xb7][0x8d][0xf2]}[0xe8][0x0][0x0][0xc]y^[0x7][0xbc][0xf4][0x3][0xe6]}[0xf1][0xc9];[0xcc][0xc8][0xb4]@)[0xf9][0xfb][0xd3][0x3][0x85][0x6][0xfc][0x85]5[0x81]#[0xe9]4E[0xc7][0xe4]u[0xc1][0x8c][0x8c][0xbf][0x9a]6[0x0]2[0x91]@[0xbc][0x12][0xfd][0x9d]j[0x80][0xca]K[0x18][0xf7]8[0x80][0xa5][0xae]|[0x10][0xf5]7[0xe][0x89][0x82]S[0x83]Y[0xde][0xcd][0x90][0x99][0xf2][0xb8]}[0xd5][0x9][0xad][0x4][0x80],[0xf7]([0xbe][0xec]`CL[0xff][0xf5][0xdd][[0x1f][0x1][0x9b]q[0x2][0xac]J[0x9b][0x91]"[0x1b][0xf2][0xe7][0xbc]H[0xa9][0xab]f[0x1e]M[0xff][0x99]Ex[0xdc][0xfc][0xbd][0x1f][#q8[0xbd][0xa2][0x8b]+[0xce][0x82][0x15][0x7][0xd8]t>[0x9e][0xf0]#[0xe9]/c[0x4].[0xf6][0x17][0xa4][0xd2])B[0xb][0xd1][0x14][0x11][0x19]T[0x8c][0x83][0xe4][0x9e]M[0x1e][0xa8]XW[0xf5])[0xc2][0x13][0xee][0xd9][0x4][0xfa][0x9f]F[0xe2]([0xb6]?[0x18]pKnd[0xed][0x8d][0xa7],f[0x1c]T[0xb9]a[0xaf]b[0xb0][0xe0]1O@[0xe][0xa9][0x8b]'[0xa5]}1[0xea][0xfb][0x1][0x86][0x8e]*[0x97][0xf][0xc3](_[0xfe][0xd4][0x1a][0xf9][0xbe][0x83]eO[0xe5]Y}q[0x92][0xf1]=[0x9e][0xae][0xc7]C[0xea][0x93]9[0x98][0x92]S[0xfe][0xea][0x90][0x1e][0xeb]ar[0x1] Az[0xc4]/x(bPHu[0xb4]'[0xf8][0xc4][0xf7][0xdf]B%[0xe4]Er[0xfc][0xde][0xf2][0x89]vH[0x3][0x87][0x92][0x97][0xbe][0xed]_p[0x8b][0x8b][0xc1][0xcc][0xf7]59[0xa8][0x13][0xe6]b[0xd2]?9Xm[0xd4][0xf6]=[0x8f][0x12]<<[0xcc][0xa0][0xf1][0x81][0x5][0xad][0xd7][0xc9]6[0x99][0x6][0xdf]h7[0xd7][0xda]z[0xca] [0x9d][0xbc]:[0xcc][0x1][0xe5]@K[0x9]I[0x1][0x87]Yh[0x88]pQ[0xe9][0x85][0x9e]|[0x9a][0xb8]&[0xe6][0x8a]K[0xf0]Seo!V[0xb9]Zgh[0xac][0xca]14[0xe3][0xa2]G2[0xa6]T[0xbc]W'7[0xa2][0xaa]M[0x91]D[0x8b]T[0xc][0xa0][0xe9]+@I[0x14][0x1e]u-[0xa6][0xf8][0xfd][0x9c][0xfc]9[0xce][0xe2][0xcd][0xaa][0x19][0xf6]w[0xee][0xae][a[0xd2][0x9d][0xa1][0xb3][0xab]m[0x81]4{e[0xa5]p[\r][0x8c][0x7]09[0xf7]D([0xbb]^v[0xbd]I[0xc6]S5<_[0xea][0xd8]j[0xa8]^>[0xba][0x10]^-[0xca][0xdf])RI[0xd1][0x8][0xe6]-2[0xf1][0xe3]4uV[0xe5]2>[0x82]*[0xc6][0x82][0xc0][0xf][0xc2][0x2]&[0x11][0xa2]U][0xbb][0xda][0xc3][0x17]l[0x92][0xbc][0x10][0x1][0x98][0xfc]P[0xce][0x0]0[0x94][0xa6][0xe3][0xb0]][0x19][0xa0][0x12]dW[0x83][0xaa][0x7][0x10][0xdf][0x6][0xb][0x4][0xc1]+[0x8]![0xa2][0xa6][0xde][0xc8][0xf7][0xd8]d[0xec]G[0x6]h[0xb0]t#[0x1e][0x18][0x2]C[0x15][0x93]d[0x9]#[0x17][\r][0x18][0x84][0x9][0x83][0xcf][0xcd][0xcc]dh[0x9e][0xcc][0xcc][\r]cyWrV[0xbe][0xb][0xb5][0xe3][0xb5][0xad][0xa9]|:[0x8e][0xac][0x11][0x9d][0x87][0xd7][0xe5]9[0xb4][0x8a][0xd9][0xf8]a[0x12][0xf1][0x8]9[0xea][0xa2][0x9a][0x10][0x91][0x99][0xbd][0x13][0x81]^c=[0x11][0x8f]Vv[0x95][0xb8][0xeb]U[0x94][0xa5][0xcc][0xce][0x9f]YT[0xf2]v[0xc0][0x99]cK,[0x8a][0xce][0x1e][0xb2].I[0xc9]{[0xb][0xe8]$T[0x0][0xdd][0xba][0x2]y[0x9b]D[0xe4][0xe5][0xa2][0xd0]i[0x99][0x95][0x96]}:&/[0xea][0x15][0x1d][0xab][0xa9][0xd8][0x82]s[0x0][0x14]R[0x8d][0x88][0xb8][0xdb]#[0xdf][0x11]f[0xc8][0xaf]x[0xd7][0xe8][0xb5][0x0][0x8][0xd8]o1[0xf][0xf0][0x92][0x97][0xc7][0xbd][0xb][0xea][0x88][0xa3][0xe5]#[0x1e][0x9a][0xa0][0x9b][0xe]E[0x80][0x9a]b"LU[0xb5][0xd5]cq[0xce]{[0x82][0x85][0x11][0xfb]j][0x83]R[0xd0][0xd5][0xde][0x90][0xcd].[0x84]P[0x80]7fH[0x5]^[0x89][0x15][0x1a]by[0xdd]$[0x84]xa?[0xe5][0xa0][0x1e][0xd0]Q[0x2][0xcb]]{J[0x15][0x9a][0xd3]UE[0xb4]U}u,![0xee][0xde]Y[0x2][0x88][0x88][\n]"
DEBUG wire -  << "[0xfe][0x1a][0xdd][0xa5][0xb4][0xca]t[0x87]Ud[0xff][0xc1]CJ[0xd5]=[0xb7][0xab]R[0x98][0xea][0xce]:M[0xb2][0xef][0xd2]So[0x1d]FC[0xbc]3[0x87][0x1d]F[0x89][0xaa][0xe2]![0xdd][0x95][0xcd][0xc4][0xb3][0x15][0xe2][0xac][0xe]Rj}V[0x7][0x15][0xb2][0xef][0xd8]A[0xd8])[0xe8]+[0x10][0xf0]2[0x80][0x16][0x8c][0xe7][0xe2];[0xf0][0xb0][0xd6][0xbc]kW)*[0xe6]vU[\n]"
DEBUG wire -  << "3g\[0xa5]0[0xf7]T[0x83]x[0x95]Ux[0x89]>[0xde][0xe]w[0xf1][0x12][0xd1][0xed][0xfb][\r]L[0xc7][0x84]#[0xb][0x7]Z[0xb9][0xb7][0xc4][0xbb][0x9a]i3;[0xc5]V[0xc1][0x1][0xaa][0xe6][0xe3][0x94][0xf]C#`*[0xad]8A[0xab]8[0x95]i[0xae]F[0xd4][0xf5]"[0xb0][0x98]?[0xb3]IW[0xdb]xi[0xff]k[0xe3][0xe8][0xd7][0xf][0x7][0xf8][0xf3][0xdc][0xff][0xa7][0xb5][0xd1][0xf9][0xc5]?2F[0xe7][0x9b]o[0xd7][[[0xb4][0xf9][0xf2][0xf3][0xd5]A[0xdf][0xf9][0xb7][0xa0]E[0xb6][0xe7][0x8e][0xcd][0xca][0xa9][0x1][0xb0][0x11][0xb2][0x86][0x15]b[0xff][0xa9]O[\n]"
DEBUG wire -  << "[0x14][0x8d][0x2]#[0xff]E[0x3][0x15]K[0x9e]$[0x8b][0x12][0x89][0x99];[0xf0][0xb][0xa4][0xf3][0xc7][0xfe][0xbd][0xeb]-[0x88][0x1e]t[0xfd])[0x3][0x87][0xed][0x95][0x94][0xbe],[0xae]_[0xc2][0xb4][0xbc]&[0x1b]q[0xdb]f^[0x85][0xd1]K[0xcf][0xe9]U[0x91][0xde]BF[0xb5][0xd4]C[0x9f]*u[0xd1],[0xfa][0xc5][0xe5][0x9e]H[0xaa][0x9d][0x11][0x9a]bZ[0xd7][0x8a][0xfb][0xf3]y35[0xa1]-{_DR[0xea]R[0xdd][0xaa][0xfd][0xc2]`[0x94]^A%[0x1b][\n]"
DEBUG wire -  << "[0xf9][0xb7][0xe1][0xc6][0xac]ZK[0xb6]vR[0xd9]T[0xf2][0xa2]:[0xda][l[0xbd][0xd3]Z[0xdb]hm[0xcf][0xa9][0xac][0xda]&[0x9e][0xdd]@[0x99][0xbb][0xa8]j[0xda][0xdc]`[0x9d][0xe6]fgs[0xa0][0x89]{[0x88]XJL[0xe]s[0xec]k[0xb][0xa6][0xa5]`[0xc0][0xaf][0x92]^Y[0xc9][0xe6][0x14][0xe5][0xfd][0xf8]iH[0x87][0x95][0x92][0xe3]w[0xcb][0x15][0xba][0x5][0xb0][0xa5]%[0xb9]G[0xc2][0xcb][0x12][0x95][0x16]V4[0x15]%F[0x1f][0xda][0xfe]9}[0xe1][0xc3][0xdb][0xdf][0x81][0xac][0xf4][0x9a]e[0xc][0x11][0xf1][0xe1]"C!M}[0xd7]B[0xb0]L[0x95]Y[0x88][0x8a][0x97]K#c[0xfc][0xa8][0x1f]~[0xcc][0xa2]2d[0xe6][0xd6]r[0xc3][\r]./f[0xe6]VG[0x9b]Z[0xc7][0xba]{[0x80][0xcc][0xad][0xa5]FmCt[0x8b][0x88][0xba]c[0x14][0xa7][0xf6][0xd6]R[0xe3]N![0xba]E[0x14][0xde]=f[0xd3][0xd6]R[0xa3][0x84]![0xba]E4> 8S{k[0xa9][0xb1][0x4][0x11][0xdd]bjo[0x13][0x89][0xa9]B[0x19][0x8c]'[0xe2][0xb3]2r[0x8c][0x8a]G[0xa5][0x17]~[0x11][0xe3][0x9f]|M[0xee][0x87][0x83]i[0xd8][0x9f][0x90][0xa9][0xdd][0x12][0xc][0xba][0xc1]x[0xe8]0y!B[0xc4][0xbb][0xf7][0xfc][0x1][0xf0][\n]"
DEBUG wire -  << "[0x17][0xd2][0xdf]c[0xee][0xb][0xc8]U[[0x1b]e[0xf3]|J[0xdf]I[0xb5][0xa1]v [0x8a]Zw[0xce][0xd7]#[0xca][0xb3][0x2][0x8c]h[0x9]r[0xbf][0xcf]H[0xe4][\r][0x9b][0xe4][0x9a]g[0xfa][0xcd][0x8e][0xf4]c[0x11]m[0xb3]s[0x9b][0x8f]E[0xc8][0x85][0xf4]<[0xd8]9[0xbd][0xa0]*N[0xfa]~[0xe3]G[0xb2][0xf7][0xf8][0xe3][0xe1][0xd1][0xc1][0xfb][0x83][0x8f][0xe4][0xc7][0xc6][0xca][0x5][\r][0xc8]x@[0xba][0xe4]Z[0xb][0xc7][0xd4][0xd5]v[0xae]5[0x10]:[0xe6]h;[0xda][0x8b]U[0x97][0x8c]b[0x97]z[0x8f]5][0x13][0xd3][0x1a]$[0xe][0xfa]-[0xd6]non[0xf][0xfa][0xda][0xcd][0xcd][0xae]([0x8e][0xd6]OOJ[0x92][0xc0][0x83][0xef]q[0x80][0x18][0x4][0x3][0xce][0x1a]g%[0x16][0x9c]![0xf][0xa8][0xed]r[0xef][0xac]![0xfe][0x18]X[0x4]? [0x1][0x15][\r][0xb8][0xe3][0xf4]<?[0xe2][0x16]Vw[0x8a][0xda][0xf5]][0xe2]*[0x9c][0xa0][0xb5][0x14]b4[0x14][0x11][0xa0][0x5]A[0x99][0xfd]XSt[0xa0]G[0x1]2$"[0xa0]?[0x9c][0xe][0x8c][0xd5][0xd2]wX[0xf][0xc3][0xce][0xc8][0xb0]\;[0x1a]$[0xbb]4[0xf4][0xbd]`[0x82]/[0xaa][0xda][0x83]w/z'[0x7][0xaf][0xf]}[0xfe][0xe6][0xdf][0xa2][0xde][0xe4][0xcb]1[0xc8]K[0xdc]g:[0xc1]o[0x14]k;[0x3][0xea][0x84]L[0xd7]"[0xb0][0xf5]J)[0xe2][0xa3][0x3][0x8][\r]f[0x9]{[0xe3][0x1d][0xe2][0xd7][0x91]T[0xee][\r]d[0xe3][0xb6][\r][0xe6]^`0[0x18][0x8b]B[0x83][0xa2] [0x86]r[0xae][0x8f]j,v[0xe5];@[0xaa][0xf]_i;[0x1f]5A[0xf1][0xe9][0x8][0x86][0x4]p[0x14]F[0xda][0xa9][0xf8][0xc2][0xad][0x96]V[0xa6]k[0xe2][0x1b]L[0xda]'][0xc3][0x90]A[0xd0][0x1c][0x19][0x1b][0x19]2xk[0xcb][0xc3][0xea]T[0x2]<[0xbd]}w[0xfc]O[0x80]x[0x1b][0xb0][0xb][0xee][0xc7]X[0xf8][0xf5][0xf1][0xbf][0xdf]C[0xca]k[0xb4]Cu[0xed][0xed][0xcb][0x83]_{[0xa7][0xef][0xf][0xde]a[0xda]i[0x84][0xd1]`D[0xfd]![0xd4]Ojo[0xeb][0x19][0xc8][0x9b][0xb7][0x2][0xc2][0x1f]O[0x1][0x9c]|x[0xf9][0xb2]wz[0xf8][0xee][0xf8][0xf8]5[0x80][0x88][0xbb][0xe0][0xf2][0xab][0xbc][0xa4]v[0x82][0xf9][0xef][0xf9][0xf0][0xea][0xf9])d[0xbd][0xc7][0x6]x[0x94];![0xa9][0xfd][0x8c]9[0x87]/[0xdf][0x9c][0x1e]C[0x86]`[0x1b][0xa9][0x1d][0x87][0x16][0xa6][0x1e][0xbf]{[0xf7][0xe6][0x9d][0x0]g[0x89]`[0x80][0x0]%[[0x12][0x16][0xf5]P[0x80][0xfa][0x8c][0xe0]~[0x1e][0xb3]M[0xb2][0xd7][0xf][0xce][0x1a][0xfb]D[0xad][0xc]D[0xe0]B[0xd0]!F[0xc8][0x11]_[0xe1]3A[0xd6][0x81][0xbf]P[0x1a][0xfb][0x0]Yr9[0xee][\r]a[0xc4]1[0x94][0x84]kM|[0x8e][0x9a]#[0x1b][0x93]N[0x13][0x9b][0x8a][0xa2]O[0xd3]B[0xaa][0x93]0$[0xdc]gUYc{0[0x9d][0xc][0xe9][0xf8][0xa1][0x1][0x16][0x8]l[0x0]r.[0x1e][0x16][0xb][0xb6]j[0xeb]Y[0xa2]e[0xce]*>nt[0xa6][0xbe]\[0x3]@[0x88][0x18][0xca][0xb1][0xfe]YC[0xd6]g[0x8e]"[0xd7][0xc1][0x86]K1[0x8f][0xf9][0x1][0x8c][0x4][0xdc][0xcc]rX[0xc4]^[0xb6][0x9a][0x9e][0x10]v[0xcf][0xc7][0xc2][0xd8][0x89]B[0x14][0x7][0x1f]X-^d<$[0x13][0xfa][0x1]\[0x11][0x9][0x0][0xf9]-[0x95][0xad]ra[0xba]`$[0x1e][0x8b][0x9d]4[0x11][0x95][0x99][0x6][0x18]K[0xe][0x1c]_[0x11]$J[0xc5]Rg[0xa6][0x18]u[0xde]$[0xab][0xe7][0x7][0xbb]T[0xcf][0x1d]0[0xe1][0x4]w[0xca][0x1c][0xd0]U[0xcc]F[0x1d][0x87][0x13]e[0xa8][0xde][0xcd]dH[0x3][0xc7][0xc4]Fo[0xda]J[0x90][0x9f][0x98][0xf5][0x1c][0x8e].2[0xbb][0xb2][0x18][0xb3]E[0xe9]_[0xfd][0x98][0x8c][0xe8][0x5]#[0x18][0x80][0xd3][0x1d][0xa3][0x84]Au[0x2][0x18][0x3]Ka<[0xa5][0x9]j)[0x16][0x9a]R[0xb3]1U:[0xec][0xe1][0xd7][0xc1]$BlPHT[0xba][0xd8][0xd9]t[0xe9][0x15]wc[0x97]H"[0x88][0xf8][0xb0][0x98][0x8c]v[0xc5]C[0xb1][0x9b][0x86][0xd8][0xbe][0xb0][0xc0][0xef][0xf5]'[0x91][0xf8]l[0x1e][0x13][0x92][0xe][0xb9][0xe2][0xa4][0xc][0xfc]Ej&fA[0x9c]A[0xe0]G([0xca][0xc0][0x3][0xb9][0xde]"[\n]"
DEBUG wire -  << "[0xe2]4![0xf4]l[0x10]LtY[0x83][0xc0]![0xc][0x5]x[0xc1]a2f[0x81][0x8b]g[0x7]mA[0x5]x[0x8]q[0x80][0x1b][0xa9][0x18][0xa6][\n]"
DEBUG wire -  << "[0xa3]{[0x1]F[0x80][0xea]Q[0xaf]'w[0xe4]K[0xa4][0x88]PZ[0x1e][0x11]y3)[0xc2][0xcc][0x9e][0xcb]\?[0x98][0xe4][0x19][0xfc]J[0xa4][0x90]$[0xa5][0xaa]8[0x11][0xdf]tC[0x9f][0x4][0xea][0xcb]p[0xd9][0x1c][0x94]#n[0xa5][0x86]y|[0x82]0[0xf8][0xdf][0xc1]#[0x15][0x81][0xd8][0x98]*p[0x1c]Y=[0x8b]F[0xb5][0xd1][0xd5][0x13][0xdb]R[0x80][0xeb][0xc0][0x93];T[0xc4][0xb7][0x84]U[0x8f][0x9f][0xfc][0x94]1[0xc2]D[0xb7][0x99]3u[0x9][0x88]3[0xf]CP[0x17]=[0x9][0xd9][0x93]c[0x19]4[0x15][0xcc]k[0x97][0x14][0xe6]7[0xd4]S[0x3]>[0x8c][0xa5][0xe9]'[0xab]I[0xf1]%[0x7]"[0xb0]*[0x8c][0xbb][0x86]K[0x98]8y[0xf1]0[0x12][0x9f];[0xc2][\n]"
DEBUG wire -  << "[0x14][0xe2]J[0x81]u[0xe9][0x84][0xe0][0xa7][0xf][0x12][0xf1]j[0xa5][0x9c]Cm[0x92]6[0xef][0x97][0xf7][0xef][0xdf][0xaa][0x9a]3[0x84][0x3][0xd0][0xbb][0x2][0xd1][0x7]YV[0xbe]#[0x0]x[0xbd]2P[0x8e][0x1]2[0xb][0xc3][0x9e]e"[0x96][0x6]U[0xfb][0xa1][0xf5]_a[0x1f]W([0xa1])[0x12][0x90][0x5]?[0xb4][0xff]+,[0xe1][0x15][0xe3][0xca][0xbe][0xcb]p[0x81]<[0x8c][0xc3]l[0x88][0xea][0x12][0xcc][0xe4]r[0x4][0xb3]J[0x1c][0xca][0xe][0x13][0x8b][0x8a][0xaa]r!=~[0xca][0x81][0x17]o[0xb2][0xf6]'B[0x9f]f[0x9e]&[0xa3] [0x5][0x11][0xc3][0xdb][0xc2][0xbb]J[0x8e]l[0xfe][0x89]<[0xb5][0x86][0x9][0x92]G[0xaa][0x1d]0[0xad][0xe2]U[0xe6][0x8c][0x8b]*[0xc1][0x94]V[0x7][\n]"
DEBUG wire -  << "[0x7][0xe4][0x1d][0xa9]'[0x98]v[0x82][0xd8][0xb3]Fbz[0xd1][0xe][0x93][0xe7][0xb3][0xb8][0xdd]lo[0x8][0xb1]D}[0x8c][0xd8]\[0xff]B* l8[0xc8]B8B[0x8c][0x82][0xbe]^[0xca][0x80][0xc3][0xa2]-[0xeb][0x87]P[0xfc][0xb5]A[0x81][0x85][0xaa][0x1f][0xb1][0xac][0x12][0xde]D[0x13][0xe2][0x17][0xcd]z[0xc9][0xa7][0xe3][0x14][0x16][0xa1][0x11][0x85][0x84][0x6][0xee][0xab][0x10]1[0x1e][0x80][0xe0][0xe2][0xf6]n[0x18][0x7][0xec]YJSO[0xe8][0xb6]_Y[0x88]Q[0xb]1[0x81]p[0xb4][0x16]$Gd[0xe6]k_W[0x1c][0x92]yr]gG[0xeb]o[0xad][0xaf][0xd1]v[0xdf][0xee][0xb7]![0xf1]av\[0xa2][0xcb]o7iVby&[0xc8][0xea][0xae]o[0xb6][0x9b][[0xeb][0xcd][0xbe][0xb5][0x8e][0xbd][\r][0xfe][0xcc][0xa8][0x17]^[0xe]z[0x8b][0x91]&[0xdf],;k[0xe0][0x14][0x9b][0x10][0x94]=[0x99][0x2][0x99][0x9][0xc8][0xa4][0x18]Eb[0xb2][0xff]x-?][0x83][0xfc]E[0xe7]F[0xd8][0xbf]0[0x95]`[0x9f]^EJ[0xb9]A[0xe6][0x8f][0xda][\r]Xq2[0xe0]8M[0xcc][0x6][0x1d][0xdb][\n]"
DEBUG wire -  << "[\n]"
DEBUG wire -  << "[0x81]Q[0xb7][0x97][0xb4]_[0xa6]_[0xd2][0xc0][0x93]r[0xf0]J[0x8d][0x1b][0xf][0xc]*[0x18][0x16][0x18][0x87][0x11][0xf1][0xa3]^[0xb7]FhW[0x83][0xd8][0xe3],[0x95][0x88]<[0x9a]Rb$M[0x92]iO[\r])[0xbb]0[0x1c][0x5][0x88][0x18][0x84]B[0xfd]L[0xeb]A[0x94]J[0x9c]^R[0xc4][0xbf]N[0xe1][0xc3][0xf9][0xc2][0xc3][0x88]<[0xe8]S[0xa4][0xf3]Q[0x15][0xaa][0x9b][0xbf][0x5][0xf5]oA[0xfd]n[0x5]u[0x9]~[0xaa][0xd4][0xef][0xc9][0xb6]Z:[0xe9][0xe][0xf8][0x95]h[0xa4]:D[0x83]AW1[0x96]+L[0x14]3[0x84][0x17][0x17][0xd7]S[0x83][0x14][0xbf][0x93]([0xb9][0x92]09[0x99][0x10]du[0xd0]a[0xe8][0xf1][0xb][0xf2][0x93][0x8d]<([0xc6][0xc3]t[OZ9.[0x8d][0xd0]w[0xd5]l[0x9f]ICP&[0x88][0xe5][0x4].[0xe3][0xa5][0xca]b[0x98]'[0xd2]pP[0xc6][0xf2][0xd4][0xe][0x92][0xa8][0xd0][0xa1]M[0x14][0x8b]8[0xb6][0xb8]i+[0xec]2[Z[0x12]b]B[0xcc]a[0xd4][0x1]R[0xed][0x9]8ujz[0xaf][0x9c][0xc3][0xbe]#[0x8e]'[0x1a][0xe8]4[0xee]Ok/[0xf1]p[0x89][0xf7]>[0xa1]"[0xa5][0x99][0x84]-[0xa3]V[0x98]qS;=RI*t[0xdd][0x94][0x82]+[0xb0][0xab]P[0x1a]Y6[0xc6][0x8f][0xbe][0xa7][0xcb]2[0xaa][0xc9][0x87][0xb2]^[0xb1][0xb1]{([0xeb][0x5][0xbb][0xf2]@[0x6][0xbc]}+[0xf6][0x6]x[0x10]F[0xe9][\n]"
DEBUG wire -  << "[0x8d]\[0xe7]:[0xc1]e[0xae]7[0xd9]z[0x91]d[0x98]\^[0x9][0xf0]3[0xa1][0xa0][0x0][0xd5][0xce][0xdf][0xad]T!~[0xac][0xf2][0xac][0xb0][0x86][0x6].l[0xeb][0xac][0x81][0xdf][0xea][0x93][0xc7]P[0xce][0x1a][0xda]M[0xd6][0x9][0x1b]l[0xab][0xb9][0xc1][0xb6][0xb7][0xd6][0xa8][0x18][0x94][0xd9]7[0x14][0x87]z_[0xb7][0xeb][0xd7]H[0xa9][0xd5][0xed][0x8b]@[0xda]_[0xbf][0xf6][0xab]?a([0xe][0xf9]iu[0xfd][0xa8][0xab][0x9][0xb1];[0x8d]P`[0xf5][0xe3].x[0xbc]"![0xc4][0x4][0xb9])[0xad][0xe9]'][0xed][0xe8][0xcd][0xab]C[0xe9][0x91][0xbf][0x14][0xaa]C[0xd3][0xee]j[0xd4][0xb6][0x8f]/0[0x9][0x8c]w[0xc]'[0xaf][0xe9][0xbf]t[0xc1][0x1f][0xf][0xce][0x8b][0x1f]G[0xbb][0x9]edP[0xab]_[0xff][0xd7][0xcb][0x83][0xe7][0xa6][0xec][0x94][0xda]-[0xbe][0x8f]z[0x9e]|C7[0xf9]`[0xf1]y[0xa8][0xd5][0xcd]K[0xca][0xa3]Z[0xfd][0x1]h[0xc][0x97][0xf][0x91][0xd1][0xe2][0xb3][0xc7]wBy[0x9b]EO[0xa8]M}[0xd1][0x10][0x17]#%[0xfe];#[0x9e][0xf5][0x15]d@[0xde][0xe7]"|.[0xc]m[[0xc4][0xd4][0xb9]][0x5][0x15][0xcc][0x88]y[0x3][0xb4][0xfe][0x12][0xb8]p[0xcf][0xf]N?[0x84]p[0xd0][0xbb]l[0xcc][0xad][0xcf][0xe0][0xf0][0xdc][0x99][0xfc]j[0x8c]r[0xcf]wY[0xd8]\[0xfc][0xaa][0xc1][0xb2][0x90][0xc9][0x8f][0xb]<[0xc][b[0xfe][0x0]eW[0xfc][0x81][0x94][0xa5][0xb8]R[0x9b]j9[0xe8]@[0xd1][0xd8][0xe][0x98]c[0xf][0x97][0xc8][0xaa]oZ[0x9f][0xe7]?[0xc8][0x1d][0x81]v[0x92][0xf2][0x83][0xe3][0xc8][0xf7][0x1e],[0x90][0xa1][0x1f]D[0xb8][0xd6][0xfe][0xcd]h/szYx[0xb][0xdf]T_2[0xfa][0xdb]|F[0xfc]~[0x8c]W[0xc7][0xa6][0x8c][0x80][0x8d][0x9d][0xc9]=[0xa8][0x16];paC[0xee][0xd7]'4[0xf7]}?[0xc2][0x5][0xa8][0xb1]P[0xb3][0xc9][0xcb][0xb2][0xb0][0x3]N[0x89][0xe0][0xc1][0xb2]6[0xf6]C[0x8e]S[0xea][0xd2][0x94][0x15][0xf3][0xe2][0x87][0xe1]BK[0xb3][0xd5][0x9a],[0x8b] [0x9a][[0xa5][0x18][0xb7][0xc2]x8[0xc4][0xaf][0xab]?@[0xae]g[0xcf][0xc4]y[0x3][0xf3]>[0xf3]0[0xbc][0x8a][0x1b]%[0xd5][0xd4][0x15]?[0x4]-.[0xd5][0xa5][0x87][0xec][0x1a]t[0xcc][0xa1][0xc4][0xb3][0x91][0xd3]e^[0xef][0xc3][0xe9]}[0x1a]6[0xc3]v[0x91]xdsvo~[0xa9][0xe5][0xbe][0xae][0xcd][0x7]5[0xb1][0xf7][0xa0][0xe1]w?[0xc4][0xeb]c[0xeb]c[0xf3]S[0xfd][0xfa][0x97][0xec][0xeb][0xda][0xa6][0x85]+[0xd9]Lo[0xaf][0xd7]w[0x3][0x16][0xc5][0x81]wcu[0x11][0xea]Fl[0xb3][0x82]IZ[0xfc][0xc8][0xb6]&[0xeb][0x3]+[0x94]u[0xc5][0xc6][0xd3].5}[0xf]U][0x97]~<[0xfe][0xd4]-V_[0xa3][0x1f][0x8f]>=}[0x8a][0xbf][0x1f]wq'^[0xca][0x88][0x96]%I[0x9f]V[0xab][0xfd][0xca][0xea][0xd7][0x92][0x0]"7[0xb4][0x8a]x[0xbd][0xd8]qvY[0x17][0xdd][0xf4]][0xb0]Lo[0xd4][0xf7][0xbb][0xef]$[0x17]6[0x1b]0\47[0xb2][0xcd][0xe9]0'[0x1e][0xe][0xed][0xab][0x9e]U[[0xdf]MsM[0xdb][0xb5][0xca][0x1f][0x5][0xb7]L[0xe1]`[0x1c][0xe2][0xe7]>[0xeb]7z[0xb3][0xbe][0xb][\r][0xed]Cs[0xba][0x82][0xc8][0xa7]O[0xfb][0x1f][0x6][0x1e][0x8b][0x14]-Y[0x1][0xdd][0xc5][0xc4][0xda][0x89]n[0xe7][0x19][0xd4]7[0x3][0x86][0xb][0xa8][0x5]s[0x1c][0x81]t[0xc1][0x81][0xfa][0xae][0xc4][0x91]r[0xed]F[0xa5][0xdf][0xdc][0xd4]k[0xe8][0x88][0xa6][0x9f]$[0xaf][0xef][0xae]4~$[0x9f]>[0xed][0x93][0x1f][0x1b][0xe9][0x97][0xc1][0xf7][0x1a][0xf8][0x89]o[0xf1][0xc9][0xef][0xc8]u[0xf0][0x93][0xdf]x[0x9e][0xeb]h[0xe2]Q[0x97][[0xf2][0xbb][0xde][0xe2]sR4[0x92][0xab][0xd2]kf[0xbb][0xd5][0xc2][0x9d][0x16][0xdf][0xc3]O[0x83][0x88][0xaf][0x85]c[0x89]C[0xe1][0x19][0x96][0xb][0xf4]'[0xe4]_o[0x8d][0xd3]x[0xc]CM@[0x10]p[0x19][0xda][0xcd][0xd6][0xb6][0xd1]l[0x19][0xad][0xe]im[0xed][0xb4][0xb6]wZmysF [\n]"
DEBUG wire -  << "[0x11][0x18][0xfc]F[0x4][0x86][0xd4][0xff][0xb][0xb4][0xea][0xce][0x89][0xf][0xc6][0x0][0x0]"
DEBUG RequestSpecificationImpl$RestAssuredHttpBuilder - Parsed data to instance of: class org.apache.http.conn.EofSensorInputStream
DEBUG RequestAddCookies - CookieSpec selected: default
DEBUG RequestAuthCache - Auth cache not set in the context
DEBUG PoolingHttpClientConnectionManager - Connection request: [route: {}->http://localhost:2064][total kept alive: 2; route allocated: 1 of 2000; total allocated: 2 of 2000]
DEBUG PoolingHttpClientConnectionManager - Connection leased: [id: 1][route: {}->http://localhost:2064][total kept alive: 1; route allocated: 1 of 2000; total allocated: 2 of 2000]
DEBUG MainClientExec - Stale connection check
DEBUG wire - http-outgoing-1 << "[read] I/O error: Read timed out"
DEBUG DefaultManagedHttpClientConnection - http-outgoing-1: set socket timeout to 10800000
DEBUG MainClientExec - Executing request GET /session/e9c2f5b492893b90288674161d6e7d46/element/0.01484094461664287-3/attribute/href HTTP/1.1
DEBUG MainClientExec - Target auth state: UNCHALLENGED
DEBUG MainClientExec - Proxy auth state: UNCHALLENGED
DEBUG headers - http-outgoing-1 >> GET /session/e9c2f5b492893b90288674161d6e7d46/element/0.01484094461664287-3/attribute/href HTTP/1.1
DEBUG headers - http-outgoing-1 >> Cache-Control: no-cache
DEBUG headers - http-outgoing-1 >> Host: localhost:2064
DEBUG headers - http-outgoing-1 >> Connection: Keep-Alive
DEBUG headers - http-outgoing-1 >> User-Agent: Apache-HttpClient/4.5.3 (Java/1.8.0_161)
DEBUG headers - http-outgoing-1 >> Accept-Encoding: gzip,deflate
DEBUG wire - http-outgoing-1 >> "GET /session/e9c2f5b492893b90288674161d6e7d46/element/0.01484094461664287-3/attribute/href HTTP/1.1[\r][\n]"
DEBUG wire - http-outgoing-1 >> "Cache-Control: no-cache[\r][\n]"
DEBUG wire - http-outgoing-1 >> "Host: localhost:2064[\r][\n]"
DEBUG wire - http-outgoing-1 >> "Connection: Keep-Alive[\r][\n]"
DEBUG wire - http-outgoing-1 >> "User-Agent: Apache-HttpClient/4.5.3 (Java/1.8.0_161)[\r][\n]"
DEBUG wire - http-outgoing-1 >> "Accept-Encoding: gzip,deflate[\r][\n]"
DEBUG wire - http-outgoing-1 >> "[\r][\n]"
DEBUG wire - http-outgoing-1 << "HTTP/1.1 200 OK[\r][\n]"
DEBUG wire - http-outgoing-1 << "Content-Length:93[\r][\n]"
DEBUG wire - http-outgoing-1 << "Content-Type:application/json; charset=utf-8[\r][\n]"
DEBUG wire - http-outgoing-1 << "[\r][\n]"
DEBUG wire - http-outgoing-1 << "{"sessionId":"e9c2f5b492893b90288674161d6e7d46","status":0,"value":"http://pros.unicam.it/#"}"
DEBUG headers - http-outgoing-1 << HTTP/1.1 200 OK
DEBUG headers - http-outgoing-1 << Content-Length:93
DEBUG headers - http-outgoing-1 << Content-Type:application/json; charset=utf-8
DEBUG MainClientExec - Connection can be kept alive indefinitely
DEBUG PoolingHttpClientConnectionManager - Connection [id: 1][route: {}->http://localhost:2064] can be kept alive indefinitely
DEBUG PoolingHttpClientConnectionManager - Connection released: [id: 1][route: {}->http://localhost:2064][total kept alive: 2; route allocated: 1 of 2000; total allocated: 2 of 2000]
DEBUG BasicClientConnectionManager - Get connection for route {}->http://pros.unicam.it:80
DEBUG DefaultClientConnectionOperator - Connecting to pros.unicam.it:80
DEBUG RequestAddCookies - CookieSpec selected: ignoreCookies
DEBUG RequestAuthCache - Auth cache not set in the context
DEBUG RequestTargetAuthentication - Target auth state: UNCHALLENGED
DEBUG RequestProxyAuthentication - Proxy auth state: UNCHALLENGED
DEBUG DefaultHttpClient - Attempt 1 to execute request
DEBUG DefaultClientConnection - Sending request: GET / HTTP/1.1
DEBUG wire -  >> "GET / HTTP/1.1[\r][\n]"
DEBUG wire -  >> "Accept: */*[\r][\n]"
DEBUG wire -  >> "Host: pros.unicam.it[\r][\n]"
DEBUG wire -  >> "Connection: Keep-Alive[\r][\n]"
DEBUG wire -  >> "User-Agent: Apache-HttpClient/4.5.3 (Java/1.8.0_161)[\r][\n]"
DEBUG wire -  >> "Accept-Encoding: gzip,deflate[\r][\n]"
DEBUG wire -  >> "[\r][\n]"
DEBUG headers - >> GET / HTTP/1.1
DEBUG headers - >> Accept: */*
DEBUG headers - >> Host: pros.unicam.it
DEBUG headers - >> Connection: Keep-Alive
DEBUG headers - >> User-Agent: Apache-HttpClient/4.5.3 (Java/1.8.0_161)
DEBUG headers - >> Accept-Encoding: gzip,deflate
DEBUG wire -  << "HTTP/1.1 200 OK[\r][\n]"
DEBUG wire -  << "Date: Mon, 14 Jan 2019 17:23:54 GMT[\r][\n]"
DEBUG wire -  << "Server: Apache/2.4.18 (Ubuntu)[\r][\n]"
DEBUG wire -  << "Vary: Accept-Encoding,Cookie[\r][\n]"
DEBUG wire -  << "Cache-Control: max-age=3, must-revalidate[\r][\n]"
DEBUG wire -  << "Content-Encoding: gzip[\r][\n]"
DEBUG wire -  << "Content-Length: 11579[\r][\n]"
DEBUG wire -  << "Keep-Alive: timeout=5, max=100[\r][\n]"
DEBUG wire -  << "Connection: Keep-Alive[\r][\n]"
DEBUG wire -  << "Content-Type: text/html; charset=UTF-8[\r][\n]"
DEBUG wire -  << "[\r][\n]"
DEBUG DefaultClientConnection - Receiving response: HTTP/1.1 200 OK
DEBUG headers - << HTTP/1.1 200 OK
DEBUG headers - << Date: Mon, 14 Jan 2019 17:23:54 GMT
DEBUG headers - << Server: Apache/2.4.18 (Ubuntu)
DEBUG headers - << Vary: Accept-Encoding,Cookie
DEBUG headers - << Cache-Control: max-age=3, must-revalidate
DEBUG headers - << Content-Encoding: gzip
DEBUG headers - << Content-Length: 11579
DEBUG headers - << Keep-Alive: timeout=5, max=100
DEBUG headers - << Connection: Keep-Alive
DEBUG headers - << Content-Type: text/html; charset=UTF-8
DEBUG DefaultHttpClient - Connection can be kept alive for 5000 MILLISECONDS
DEBUG RequestSpecificationImpl$RestAssuredHttpBuilder - Parsing response as: text/html; charset=UTF-8
DEBUG wire -  << "[0x1f][0x8b][0x8][0x0][0x0][0x0][0x0][0x0][0x0][0x3][0xed]}[0xf9]~[0xdb][0xb6][0xd2][0xe8][0xdf][0xf1]S [0xcc][0xd7]XjIj[0xb1][0xbc][[0xce]q[0xbc][0xb4][0xb9][0xbf]l7N[0xce]9[0xfd][0xe2]|[0xfa]A$$[0xc1][0xe1][0xa2]r[0xb1][0xad]8~[0x97][0xf3][0xe][0xf7][\r][0xfa]dw[0x6][0x0]WQ[0x92][0x17][0xa5]m[0xee][0xad][0xdb][0xd8]$0[0x18][0xc][0x6][0x83][0xc1][0xc][0x96][0xe1][0xde][0xe3][0xa3]7[0x87][0xef]}{LF[0x91][0xeb][0xec][0xaf][0xec][0xe1][0x1f][0xe2]Po[0xd8][0xd5][0x98]g|8[0xd5][0xc8]8`[0x3]~[0xd5][0xd5][0xfc][0xe1][0xe][0x0]E[0xe3][0x9d]F[0xc3][0x1f][0x8e]M[0x97]5[0xbc][0xf0][0x89][0xb6][0xbf][0x2]e[0x18][0xb5][0xf7]W[0x1e][0xed][0xb9],[0xa2][0xc4][0x1a][0xd1] dQw[0xf5][0xc3][0xfb][0x13]ck5M[0xf7][0xa8][0xcb][0xba][0xda][0x5]g[0x97]c?[0x88]4b[0xf9]^[0xc4][0xbc][0xa8][0xab]]r;[0x1a]umv[0xc1]-f[0x88][0x17][0x9d]p[0x8f]G[0x9c]:FhQ[0x87]u[[0x1a]bq[0xb8][0xf7][0x99][0x4][0xcc][0xe9]j[0xe3][0xc0][0x1f]p[0x87]id[0x4][0xa4]u5E[0xd4][0xd0][0x1d][0xf]M?[0x18]6[0xae][0x6]^[0xa3]%[0xca]<[0xda][0x8b]x[0xe4][0xb0][0xfd]_|[0x97][0x11][0x83][0xbc]}[0xf7][0xe6][0x14]Y,[0xc]YH[0xa8]g[0x93]S[0x16]`[0xbd]!yI[0xfb]{[\r][0x9][0xbd]Br?{[0xa1][0x15][0xf0]qD[0xa2][0xc9][0x18][0xc8][0x8f][0xd8]U[0xd4]8[0xa7][0x17]T[0xa6]j[0x84][0xdb][0xd0][0x80]q<0[0x90]e1[0x1d]2C[0xe5][0x14][0xb1][0xe0][0xcf][0x5][\r][0x8][0xb][0x2]?[0xe8][0x85]Q[0xd0][0xf3][0xfb][0xe7][0xa4]K[0xae][0xa7][0xa0][0xf0]g5`[0xbf][0xc5]<`[0xf6]*[0xd9]![0xab]<$[0xe9][0xbb]^[\r][0xef][0xf2][0xd0][0xa5][0x91]5[0x12][0xf0][0xb6][0xf][0xcd][0xf1][0xfc][0x88][0xc8][0xa4][0x19]E.[0xa8][0xc3]m[0x1a]q[0xdf]K*[0xc1]""uu[0xaa][0xc4]M[0x91]%[\r][0xd9][0xc6]b[0x13]W[0xf6][0x1e][0x1b][0x6]y?[0x2]L![0x8f][0x18][0x81][0xbf][0xfe]8[0xe2].[0xff][0xc2]lr[0xc9][0xa3][0x11][0x89]F[0x8c][0xfc][0xea][0xd3]0"[0xa7][0xc7]o[0xc8][0xd8][0x89][0x87][0xdc]#[0x17][0xdb]f[0x7][0xba][0x6][0xfb]0[0x84]N[0x9c]`[0xbe]i[0xf9]n[0xe3][0xd2][0xf]l[0x10][0xbd]0lH[0xc8][0xb0][0x11]2[0xbf]A[0xc][0x3][0x84]4[0x13][0x5][0x8b]z[0xbe][0xc7]AJJ[0xc2][0x0]"[0x12][0x9a]1[0xe6][0xb8]&[0x8f][0x1a][0x1a]i@1![0x87][0x90]3fA4[0x11][0x2][0xed][0xf8](`9ad^[0xf]e[0xbe][0x1a][0x1a]e /[0xb8][0xac][0x8f]-[0x9d][0x9][0x8d][0xc2][0x94][0x3][0xbf][0x9d][0x10][0xce][0xc2][0x16][0x7]N[0xe][0xd7][0xdd]Z[0x89]T[0xf6]p[0xfc][0xe5]0[0xdc][0x93][0xc][0xee][0x82][0x8c]/$[0xe4]rl([0x88]F<v|j[0x87][0x8d]v[0xb3][0xb5][0xd9]h5[0x1b][0xfd]8[0xe4][0x1e][0xd4]i[0xb0][0xc1][0x80][[0x9c]y[0xd6][0xc4]h5[0xdb][0x9d][0xab]N{[0xcd]<[0x1f][0xf][0xe7]V[0xbc]#[0xd4]C[0xae]z,9[0xbf][0xc4][0x88][0xf1][0xe1]([0xaf]n[0xa0][0x9e]\[0x9][0xa9][0x95]"[0x90][0xcf][0x88][0x5];[0x16][\r][0xec][0x1c]h[0x18][0xbb].[\r]&3[0xc1][0x1f][0xdc][0xc3]Et[0xdf][0x82][0xb7][0x19]K[0xf3]zl[0x95][0x8e][0xc7][0xe] [0xc4][0xe1][0xdf]p[0xec][0x9f][0xce]CP[0x3][0xfb][0xd7][0xda]?[0x4][0xe6][0xab]H[0xdb][0xd1][0x92][0x1][0x19]Z#[0xe6]R[0xd4][0xab][0x9a][0xae][0xfd]C[0x8c][0x80][0x1d][0xed]_[0xac][0x8a][0x92][0xf])[0xdc]V[0xc0][0xd3][0x94]>I[0x6][0x88][0xae][0xa1][0xf4][0xce][0x2][0x83]l![0x9b];[0xb]eR[0xd7][0xc6]>6[0x1c]f[0x86][0x3][0xb]i[0xd7]v[0xae]S[0x9a]N[0x19][\r][0xac][0x91]J[0xd7][0xb5][0x88][0x6]C[0x16][0xcd][0xac][0xf4]Y[0xd8][0xbd][0xe]E[0x89][0x1e][0xb0][0xde]E[0x95][0xcc][0xbd][0xe1][\r][0x14][0xfc]-f[0xc1][0xc4][0xe0][0xde]8[0xc6][0xd2][0x89][0xe6][0x95]]5]B[0xbb][0xb9][0xc9][0xd4][0xe1]Ry[0xfc]&[0x18]R[0x8f][0xa1][0xaa]=[0xb]8[0x18][0x2]y[0x7][0xa1][0xb6][0xf3]1EzyyiN[0xfc]8[0x8a][0xfb]L[0xe8]S[0x98][0x97]=[0x8f]9[0x8d][0xf][0x87][0xbd][0xc3][0xdf][0xae]^EG[0x83][0xe0][0xe7][0xff][0xbe]|3[0xfc][0xef][0xdf][0xfa][0xfd]&[0xf3][0x87][0xda][0xa7][0x5][0xbd][0xe9][0x17][0x9][0xba]u[0x9f]9[0xfe][0xd0][0x7]@-[0xcf][0xa8][0x9c][0xf4][0xf]}[0xe8][0xc0][0xb4][0x9][0x82]b\[0xb0][0x80][0xf][0x14][0xcf][0xf2][0x8a][0xf6][0xe7]h-|s[0xf8][0xbf][0xb6]^[0x9c]l[0xad]o[0xbf]::y[0xf3]a[0xbc]M[0xff][0xfd][0xe1][0xf4][0xc8][0xde][0xee]M[0xb6]_[0xfc][0xbb]s[0xfc][0xe5][0xcd][0xeb][0x17][0xbf][0x9c]n[0xbd][0x92][0xb2][0x8e]3Qcj[0xae]1[0xc5][0xe4][0x91][0x9b]=Vm/4[0xd0][0xbc]ab[0xee][0x14][0x13][0xc8]j[0xa3][0xe1][0xd2]+[0xcb][0xf6][0xcc][0xbe][0xef]G[0xd0][0xc9]t[0x8c]/[0xc0][0xc1]U[0x81]zQ[0xe1][0x1][0x10][0x1d][0x9a][0xb2]Qt[0xcc][0xc3][0xdb][0x97][0xc][0xcd]K[0x14][0x81][0x12][0xb0]F[0x1d][0x10]7[0x8f][0xe2]<#m[0x90][0xbc]\[0x5]a[0xf8][0xd3][0x95][0xb]3[0x83]PE[0xb][0xb5]:y[0x1a][0xd0][0xdf]b[0x97][0x9c]0f[0xcf][0x9f]1[0x7][0x0][0xa1]&[0x94]oL[0xcb][0xa1][0xef][0xba][0xd0][0xcd][0xe1]-[0x88][0xb2][0x14]h[0x8e]:[0xb0][0xf1][0xe6]Zh[0x8][0xf1][0xe8][0x92]{[0xb6]i[0xf6].[0xc7][0xcc][0xf5][0xcf][0xf9])[0x8b]"[0x18][0xbb]![0x1a]`Z[0x9f][0x86][0xec]C:[0xb8][0xc2][0x9d][0xb3][0xc6]Y[0xd2][0x15]g[\r][0xa1][0x92][0xc3]3[0xa8]8`g[\r]Q[0xf8][0xc]l[0xcb][0xb3][0xc6]f[0xfb]j[0xb3]}[0x86]#O[0xe]es[0xec][0xe1][0xe0][\r]/[0x86]w[0xc7][0x5][0x85][0x4]&[0xf8]{,[0x91][0xc1][0x13][0xbe][0xfb]q`1[0xd4]q0[0x12][0x80][0xc9][0xa2]H2>[0x11]u[0x91];g85p[0xcf]rb[0x1b][0xab]9[0xf]E[0x82](d@[0xef]1h[0xa7][0xe9][0xc2](8[0xf][0x9f][0xc1]8[0xeb][0xae][0x9b]M[0xb3][\r][0xea]k[0x17][0x19][0xf4]x[0x10]{Bs[0xd6][0xa8][0xde][0xd7][0xad][0xfa]u[0xf2]NlL[0xa9]_[0xa3][0xf1]juO[0x85][0xce]3[0x7][0x81][0xef][0x1e][0x82][0x99][0xe8][0xdb]l[0xd7]1-[0xc0][0x1d][0xbc]cVTk[0xea]M[0xfd][0xb3])m[0xf8][0xcf][0xa6][0x9c]z[0xeb][0xba]c[0x82][0xb5][0xee][0xbc][0x7]F[0xd5],[0x13]%fR[0x8b][0xc0]L[0xd4]i[0x1d][0xc0][0x9b][0xf5]][0xc4]mw?[0x9b][0x91]D#[0xfa][0xe1][0xdd][0xcb]Z[0xfd][0x1]X[0xfb]9[0xac][0xac][0x84]5`Q[0x1c]@[0x9b][0xba][0xdd].[0xbb]I[0x9b][0xc8]jT6[0xb0][0xbf][0xcb][0x7][0xb5][0xc7][0xce][0xd7][0xaf][0x8f]3[0xe4]uY[0xe6]qk7[0x84]i[0xda][0x1a][0xd5][0x1c][0x13]E[0xec]9p[0x13][0xc6][0x5][\n]"
DEBUG wire -  << "[0x9c]?[0xd6][0x90][0x18][0x1f]5[0xd5]F[0xb3]I[0xd6][0xda][0xe3]+r[0x10][0xc0]$[0xa5]A[0x13][0xaf]-[0x80][0xd4][0x6][0xe][0x1d]j;[\n]"
DEBUG wire -  << "U[0xad][0xdf][0xb5]k[0x1f][0xd7][0xd7][0xd7][0xd6]7[0xf4][0xf5][0x8d][0xad]6[0xfc]N[0x9e][[0xdb][0x9f][0xf4]B[0xce]V[0xbb][0xb9]V[0xc8][0xae][0xd7][0x9f]>- [0xd8]\[kC^[0xab][0xbd][0x5][0xbf][0xc1][0xb8][0xc9][0x9e][[[0xb9][0xf4]V[0xf6][0xbc][0xd6][0xac][0x86][0xef]lf[0x95][0xb][0xac][0xb2][0xf2][0x1c]h1[0x1][0xf0][0x97] Z[0xa5][0x4][0xa8]i[0x1][0xe][0xa8][0xb3][0xae]?[0xee][0xd7]w[0x5][0x9b][0x94][0x84][0xab]nJ[[0x89][0x90][0x9b][0x1b]M}{s[0xbb][0xad]o[0xac]7[0xd7][0x12].%[0x19][0x2]g.[0x17]Q[0xde]$[0x1d][0x97]u[0xf4] [0xe9]h[0xab][0xdb]7[0xad][0x80][0xc1][0x90]:v[0x18]j[0x94][0x9a][0xa6][0xd4][0x5][0x10]b[0x86][0x81][0xd5][0xa5][0xba]e[0xda][0xa0][0xa1][0x83][0xae]eV+[0x16][0xbd]o[0x82][0x81][0xa1][0xca][0x87][0xcf]'[0xef][0xe9][0xf0]5Lh5[\r][0xbd]a[0xad][0xfe][0xb1][0xf9][0x9][0xa5][0x92]y[0xf6][0xe1][0x88];v[0xcd][0xaa][0xdf]`[0xcd]C}[0xa4]s[0xfd]\[0xff]<M[0x1][0xb8]2[0x80]\[0x3][0xc9][0x6][0xa9][0x5][0xd4][0x87][0xd2]Nx[0xfa]4[0xff]V[0xd3][0xda][0x80]|w[0xe0][0x7][0xb5][0xf3][0xee]A[0x10][0xd0]IM[\n]"
DEBUG wire -  << "[0x97][0xae][0x98]W[0x7][0xc2][0xc3]x[0x8c]>6[0x98]8[0xc]F[0xfa][0x4][0x86][0x85]7[0xdc]y[0xdc][0xd4][0xb3][0xb7][0xe3]+[0x8b][0x8d][0xa3][0x13]([0x8][0xe9]7:[0xef]6w[0xf9][0xde][0xb9][0xe9]0o[0x18][0x8d]v[0xf9]O?[0xd5]3,[0x1f][0xcf]?[0xf2]O[0x9f][0xba][0xac][0x86][0xf3][0xe8][0xcd][0xc]_[0xb7]2[0xf5][0xe9][0xd3]2[0x16]][0x12][0xfb][0xb8][0xdb][0xc5]W[0x90][0xe4][0xca]r[0x19]u[0xd5]x[0xb3][0xfc][0xe9][0x1a]D[0x7]>[0xc][0xe5][0xe3][0x1c][0x4][0x92][0xb]M>z[0xf3][0xea][0x1d]t[0xeb][0xa4][0xfb][0xb8][0x5]o[0x1]>[0x1e]R[0xc7][0xe9]S[0xeb]s7U[0x9d]0[0xd6]s[0x80][0xc0][0xd6][0xca][0x9a][0xbe]~[0xad][0x8d][0x8a]e[\n]"
DEBUG wire -  << "[0xe8]j[0xf5][0x1b][0x90],j[0xdb][0xc7][0x17] [0x15]/y[0x8]&[0x10][0xb][0x9e][0xd5][0xa6][0xd3]j[0x1a]Tv(m[0xa4][0x97][0xe0][0x7][0xc0][0xe4][0x9][0xc2][0xf5][0xb8]U[0xd7]i[0x5],z[\n]"
DEBUG wire -  << "*[0xbf][0xbe]S[0x3][0x88]([0xa2][0xd6]H[0x0][0xd5]4[0xdf]S[0xd9]u[0xac][0xbb][0x98]#[0xa8][0xb]#[0x90]T[0xb4] [0xc1]A[0xd1]s[0xc4][0xc3][0xcc][0xe4][0x8e][0x1d][0x6][0x6][0x1][0xa8][0xd4][0xbe]l[0xc9])[0xc2]b[0xc7][0x94][0xdb]U[0xaf][0xeb][0x82][0xfb]bZ[0xfb][0xfa][0xf5][0xfa]F[0x1f][0x9a][0xb9][0x99][0xed][0xd9][0xa0]Vx[0xaf][0xef][0xc]M5a?}:4[0xa3]K[0xf5]XC8[0xf5]V[0xd7][0xf1]EA[0xd5][0xeb][0xf5][0x9b][0x9a][0x9c][0xea]u[0xdb][0xb7]b[0x1c]V[0xfa][0x8c][0xa9][0xbf][0x8e][0xd3]^f[0x90][0xa2][0x15][0x11]M[0x1c][0x96]7"[0xac]0[0x4][0xeb][0x81][0xbb][0x88][0xdf][0x8]][0xee][0xb0][0x89].^[0x5]"r[0xbd][0xf2][0xc8][0xe6][0xe1][0xd8][0xa1][0x93][0x1d][0xc2]=[0x9c][0xb][0xc8]c[0xee]boS/[0x2][0xec]}?[0xb0][0xc1][0xa9]#[0x9e]?[0x9d]se[0x84]#[\n]"
DEBUG wire -  << "dU[0xe5][0xca][0xf9]m[0x87][0xb4][0x98][[0xcc][0x10][0x13]`E:[0xb8][0xa8]`[0xdc][0xee][0x90]&1[0x9b][0x9b][0xe5]L[0x10][0xbb][0x8][0x97]G[0xc][0xea][0xf0]![0x0][0x19]Ms[\n]"
DEBUG wire -  << "[0x1]v[0xcf]0[0xf0]c[0xcf][0xae][0xa2]g[0xc][0xb2][0x84][0xfa][0x3][0xf0][0xe7][0xd3]oV[0x80]{[0xc8][0xb2][0x82]e+R[0xc2][0x11]c[0xd1]*.[0x8d][0xad][0x2][0xe7][0xfa][0x8e]o}6[0x1c][0xde][0xf][0xc0][0x95]6[0x80][0xa9][0xab]D[0x99][0xbc]3[0xfd][0xdb][0xc4][0x88][0xc1].h[0x0][0x93][0xa3]F[0x1][0x89][0xac]W[0xd8]2[0x0][0x90][0x19]3[0xab][0xca][0xf1]Jzo[0x95][0xb8][0xcc][0xe6][0x14]<1[0xc7])[0x9b][0xe0]eBG,[0x4][0xb7][0xd2][0xb0][0x1c][0x8e][0xda][0xdc][0xe8][0xd3][0xe0]v[0xa4]&[0xae]x[0xb2]F[0x15][0x81]'[0xc7]x[0x8][0xe][\r][0x8e][0xc][0xf0][0x97][0xc0]0[0xf6][0xfb][0x83][0xab][0x9e][0xeb][0xdb][0xb1][0x83]MJ[0x92][\r][0x87][\r][0xa9]5iP[0xb0][0x8e]#[0xd9]TID#G[0xc4][0xf2][0x1a]h[0xd3]p[0xc4][0x81][0xda][0xf0]>][0x90][0x94]].[0xcf][0x91]/[0x86][0xe4][0x8b]1[0x8e][0xfb]H[0x98][0x1]c66$[0x9d][0xcd])J[0xd1][0xad][0x9d][0xe1][0x9c][0x9][0xbf][0xcb][0xa0][0x97],[0xf4]][0xd6][0xe8][0x98][0x9b]fS[0x90][0x9e]O.P[0xdf][0x6][0x90][0xb5]oH}[0xeb][0x1b][0xc9]OV[0x85]h[0x1f][0xd4][0xc][0xe][0xd8][0xf2]Z[0x95][0xf2][0xf5]n[0xe4][0xb][0xb2]S[0x1]V"[0x9d][0xe2][0x12][0x94][0xa6]o[0x85]nh-i[0xe0][0x8a]~[0xe][0xf9][0x17]vK[0xf9][0x9e]Kx*8[0x2]aIl@[0x81]n?[0x84][0xe0][0xbc]D.[0x81][0xd6][0x82][0xdc][0xcf][0x95][0xf8]%[0xb1][0xba]'[0x92][0x1f]B[0xf9][0xb4][0xfa][0xbe]-W[0xe5][0x1c]=E[0x8b][0x9c]~%I%[0x14][0xfb]+[0xa6][0x92][0x10][0xf0][0xd3]P[0xa3][0xea][0xa4][0x94]@[0xd0][0xb3][0x4][0x3][[0xfd][0xe9][0x85]#<[0x86][0x9][0xaf]g[0xd1] "&[0xfe][0xee]90[0x7][0xe1][0x84][0xff](7WB[0xe3][0x1c][0x1f][0xe6][0xf7]'k[0x1b]k[0xeb]k[0x9b][0x90]y[0x3][0xff]f '[0xa6]C[0xfb][0xcc]1[0x6]`g[0xa1][0xfd]A[0xc4][0xfa][0xe2]GA[0xac]\T[0xfc][0xb4]c\[0xb2][0xfe]g[0xe]}[0x17]G[0xb8][0xbd][0xe5][0xc8][\n]"
DEBUG wire -  << "[0x93][0xd4][0xbc][0xd1][0x0][0x8a][0x2]P6[0xf1]?p5[0xb7][0xe1][0x7][0xfe][0xe4][0xe8][0xb8]m[0x93]oA[0xd5]bv[0x9]8[0x2][0xe][0x89]k[0xe2]/[0x3][0xb9]3[0xde][0xe9]3xa[0xb]K[0x83][0xc8][0xd8][0xb1][0xf5]P,[0x85].S[0x85]$[0xf7][0x92]>[0x1a][0x88][0x1f][0xe4][\r]yP'[0x15][0xba][0x4][0x85][0xcc][0xc0][0x9e]R[0xa2][0xa0]j[0xc9][0x99]I[0xa4][0xa2]7[0x8][0xad]h[0x8f]z0<zA[0x1c]N[0xe8],[0xea][0xa7]p[0xed][0x8c]|[0x18]@[0xb7][0xc0]([0x1][0x8b]x[0x99][0xf8][0x91][0x92][0xb][0xbf][0x81]0d[0xe][0x94][0x10][0x18][0xec][0xc0][0x1f][0x83][0xb8]ybV[0x3][0x1c][\n]"
DEBUG wire -  << "[0xc3]>4`.[0xd8][0x0]L[0xef]p1[0x18][0x5][0x1f][0xe2][0x82]M[0xc1][0xc9][0xbf][0x82][0xec]}$|[0x1][0x19]}[0xdf][0x9e][0xec]x~T3G[0xa0][0xef][0xea]iy[0xf0][0xdd]i[0xec]D%|[0xa6][0xac]T[0x16][0xe8]G^}[0x89]hTO,[0x9][0x99]`""K{[0x18][0x99][0x84][0xfb]ShP[0xf][0x9]5][0x10][0xf2][0x8][0xfc][0xf7]9[0xd9][0x6][0xea][0xf2]<[0x80][0x92][0xf3][0x1c][0xad][0xe6][0x88][0x86][0x6][0xb5],[0xd0][0xd2]R[0x8a][0x85][0x84][0xe0]~[0xae][0x92][0xe9]&mo[0xaf][0xd3]][0xa5][0xde][0xb0][0xc4][0x98][0x82][0xa5]"[0x96]|I[0x8][0x16][0x8a]i[0xc5]A[0x80][0x9e][0x16][0x99][0x95][0xa3][0x1a]3;?'[0x9a][0xd2]k2[\n]"
DEBUG wire -  << "[0x95]gu[0xf7][0xe3]([0xf2]==}[0xca][0xb5][0xe3][0xd2][0xf7][0xc5][0xea]0[0xb8][0x96] [0xfc][0x1][0xa8][0xe9][0x9e]@E$[0xa4][0x1c][0xc5]Z[0x18][0xf7]][0x1e]i[0x9f][0xee]Q$[0xab][0xcb][0xe6][0x17][0xe0][0x12][0xa2][0x9a][\n]"
DEBUG wire -  << "[0xc5][0xc]Ga[0xf2]A%[0xa2][0x92][0xf0]w[0x1][0x85][0xc4][0xf0])[0x5][0x90][0xef][0xcb][0xc3][0x94]Q[0x96]SX[0x9a],'[0x9b]Z[0x95]^]*[0xcf][0xa0][0xaa][0xf4]R[0xa9]'R/[0xaa][0x16][0x91][0xb9][0xe2]1'3[0x91][0x90]y YW[0xc3] [0xc1][0xc6]8[0xe0][0xb8]=[[0x95][0xb6][0x83][0x92]_[0x99][0x91][0x1b][\r][0xe5][0xac][0x1c][0x11][0xe5],9F+[0xf3][0xcc][0xc5]ys0'[0x10]3[[0xb7]S[0x0][0x98]C[0xdc]b[0xf2][0xf3][0xa3]^[0xce][0x16]![0xb7][0x19]j"[0xcc][0xbc][0xb4][0x10]Xq[0xac][\n]"
DEBUG wire -  << "[0xc8]r c![0xd4][0x14][0xaa][0xd9][0xb5]N#[0xbc][0x3][0x85][0x99][0x86][0xbc][0x5][0xda][0xc]V[0xcc][0xf0]j[0x9e][0xcf][0xcb][0x8f][0xc2]q[0xe9][0x7][0x9f]AO[0xc1][0xec]=[0xf0][0x1d][0xee][0x1b]<b[0xee][0x8e][0x17][0x8d][0xc]K,[0xe2]nx?[0xb5][0xea][0xca]LHf-C[0xda][0x89][0xc9]Sb[0xf3]fF[0x85][0x1c]pa[0xf2][0x90]j[0xdd][0xcc][0x94][0xcc]+[0xe1][0xb2][0x81][0x99][0xea][0xe3][\n]"
DEBUG wire -  << "[0xcb]sJ7[0xff]C[0x18][0xcc][0xa4][0x6]N[0xb2][0xa1][0x96][0x8b]67[0xb6][0xc6]WurM[0xc4][0x14][0xff]h[0xce]\[0xb4][0xef][0xf0][0xfd][0xdc][0xcc][0xb0][0x18]4[0xe5]j[0xe5][0xec][0x9d]N[0xdc][0xd3]S8[0xa9][0xa8][0xe6][0xe]e[0xa7][0xeb][0x95][0x9c]M0D[0xfe]p[0xe8][0xb0][0x5]U[0xe4][\r][0x9][0xc2][0xe5][0xe4][0x93]M{y[0xde][\n]"
DEBUG wire -  << "[0xe6]&[0x13]P:[0xb5][0xe7]&[0xf][0x3]T[0x16]L[0xf3]jJ[0xc2][0xdc][0x8f][0x96][0x3][0xee][0xd9][0xff]t[0xb5][0x81]ch[0x9f][0xea][0xca][0x18]Pbj[0x5]>[0x98][0x8c][0x91][0x8f][0xb6][0x9a][0xca]*[0x10][0xae][0xd2][0x84][0x18][0xd7][0xf5][0x5][0x95][0x9a][0xb]j[0xbd]c[0xa5][0xd4][0xb6]{[0x91]/[0xec][0xe8][0x9e][0xc4]\_[0xee][0x8c]W9[0xd7][0x90]YSW[0x95]2[0xd3]3C[0xa6][0xec]>[0xcc][0x9e][0xea][0x97][0xa3][0xef][0xd2][0xb1]X[0xe5][0x94]5[0x9][0xee][0xfb][0xe1][0xbf]&[0x9][0x86]}Zk5[0xf5]NK[0xdf]n[0xea][0xe0][0xdb]v[0xea]z[0x93][0xac]A^[0xb][0xfe][0x19][0x8]T[0x6]i#[0x4][0xe6][0xae]Wch[0x8b][0x15]k[0xa1][0x8][0xfe][0xe8]J[0x13][0xc3][0xf][0xcd]Kt4(ZhIo[0x10][0x95][0xac][0xd4]^[0x92]^[0xa1][0xb6][0xaa][0x14][0xd6]CD[0xfb][0xae][0x3][0xaa]B[0xb6][0xab]l[0xf6]?h`/[0xdb][0x9c][0x9c]o[0xce][0xcd]7[0x11][0xe7][0x19]u[0xd3][0xee][0xc3][0xad]F]n&[0x9f]k[0x10][0xfe][0xa9][0xe6][0xd9]]-'r[0x1b]UrO{g[0xae][0xd9];s%[0x8]Fo[0x7][0x15][0xc0][0x6][0x8e][0xf0][0x16][0xc][0xf1][0xf2][0x10][0xee][0x88]!.`[0xd6][0xb2]1[0x8e]'*[0xd4][0x0][0x87][0xdc]-T[0x11][0xb8][0x92]d[0xac]W[0xea][0x88]j[0xc5]S[0xaa]x[0xaa][0xdc][0xb2]j[0xce][0xaf][0x82][0xe4][0xb5]Q[0xb6]Ldr[0x1c]%[0xd0][0x85][0xc][0xf4][0x90]H[0xc6]a[0x4][0x83]Q([0xa1][0x9c][0xdd]$O[0x84][0xa6][0xda]{[0x18]P[0x1b]wZj[0xb8]zH[0x3][0xdd]a[0x83][0x88][0xc0][0xd8][0xd5][0x89]x[0xea][0xfb] [0xd7][0xae][0x8e][0x87]]jJs[0xd5][0xf5][0xc8]O[0x9f][0xeb][0xfa]}[0x10][0xd9]m[0xfc]O"R[0xcf][0xb2][0x99][0xb3][0xe9][0x94]X[0xb3]Z[0xaa][0x88][0xd1]g[0x2][0xcb]J[0xf4][0xa4][0xb2][0x19]u[0xdd][0xaa][0x8e][0xdb][0xe0]N[0xba]Gj[0xbe][0xa2][0x16][0xc][0xa8][0x7][0xb2][0x8d]b]G[0xfb]+][0xf1][0xa8]^Yr[0xb8][0xe9]{F[0xc8][0xc4]^si[0xc9]&[0xb7]Pe[0xe]b[0x7]/[\n]"
DEBUG wire -  << "[0x4][0x8c]I#[0xb1][0xa2][0xba][0xc5][0xb5]Ma![0xb3][0xac][0xc9][0x85]-K][0x81][0xbc][0xd6]XX(][0xbf][0x1b][0x8a][0xd3][0x90]B[0xb5][0xe6][0x17]F[0x1e][0x15][0x96]D[0x12].[0xab][0xc9]x[0xc0][0xf1]`^[0xda]1[0xc2][0xda]T[0xd8][0xd7]-w]g[0xdd]fC][\r][0xb9][0x8d]-[0xbd][0xbd][0xad][0xb7][0xd6][0xda]:x7[0xcd][0x1f]Dr[0xad][0xbd][0xd6][0xd1][0xd7]7[0xf5]V[0xb][0xd2]Z[0xcd][0xe6][0xf][0xf5]][0xb2][0x92][0xac]q[0x83][0xbb][0xa2]jN[0x10]&[0xce]Jj?[0xd3][0xad][0x96][0xbd][0xd5][0xd9]%i[0x81][0x92][0xbb]S.?[0xed][0xf7]Ty<y[0xac]d[0x1a][0xb3][0x84][0x9b][0xa2][0xe5]x[0x1d][0xff][0x9b]M[0xcb][0x14][0x82][0xdb][0x11][0x93]G[0xbb]25s[0xc8][0xb9][0x1e]A[0x99]m$[0xf6]F"[0x84][0x6]*[0x86][0xdc]k [0xce][0xb4]e[0xef][0xe7]q[0x18][0x89]]]]><![CDATA[>[0x95]&w[0xfd][0xc0][0x19][0xad][0xeb][0xa4]r~[0x17]PRj[0x94]A[0x0][0x90][0xd5]F[\r]8[0x9a][0xd0][0xc][0x94][0xb9][0xc2][0x2][0x98][0xf2][0xa1][0xf2][0x90][0xcf][0xa5][0xc3]Z[0x2]T[0xd3][0xe2]t[0xf5]o[0xf]dR'[0x9a][0x5][0xf8]$`[0xe1][0xd8][0xf7]l[0xa2]L[0x10][0xb5][0xa2]T[0xa0]Gz[0xda][0xb8][0xc0]i[0x8c][0xfd]0*aR[0xde][0xb7][0xe3]P[0x18][0xb][0xd4][0x9][0xd5][0xde]M[0xe4]G[0xf2]e[0xc4][0xac][0xcf]~[0x1c][0x19]U[0x4][0x1b]I.y2[0xa6][0x13]<8[0x2][0xf][0xe][0xb5][0x98]\[0x11],[0x1]+[0xe]N[0x99][0x8a][0xf3]Y[0xb2]xQ[0x92][0xdc]k=[0xa1]X[\r]M;[0xd2][0x12]b|[0x9][0xd6][0xb9][0x94][0x84]"5[0x97][0x96][0x5][0xf3]$[0x5][0xde][0x0]7Q[0xb2][0xd2][0x92][0x15][0xd0]T[0x82][0x97][0x9a]'vk[0xf2]<Pso[0xc][0xfd]Xf[0xc5][0x92]<H[0x89][0xa7][0xaa][0xb9]B[0xb4][0xca][0xb9][0x11][0xed][0xe3]N[0xe3][0xa4][0xa7]zLr?[0xcf]:[0x1c][0xb5][0xc5]A[0xaa][0x12][0x93]A[0x9a]{[0x15][0x83]T[0xbe][0xab][0xd1]]t(r&fu[0x8e]t%[0xae][0x89]:[0xa3][0x83][0x8e][0xc7]N[0xb]L[0xa9]][0x92]&I[0xe3][0xa3][0x9c][0x8a][0x4][0xee][0xac][0xad][0x15][0xd2][0x4][0x95]*[0xf1][0xe6]o}[0xf6][0xb7]>[0xfb][[0x9f]}w[0xfa][0xac]j,[0x15][0x87]Q[0xb6]U[0x8c]Wqe[0x97]\[0x6]xR[0x19][0xc8][0x7]M[0xc0][0xd2]E[0x12][0xe4]8[0x10]+[0x19]^[0x94][\r])[0xe3]Fa[0x1][0xa0]R[0xb6][0xa9]0[0xde]s[0x4]>[0x1]{[0x1e]F[0x5][0xae][0x10]A[0xe3]>r[0xfb][0xba][0xb9]R=P6[0xf0][[0x9a][0xb3][0x9f]fHDU9[0xb5]2[0x81][0x95]~[0x9a]#X[0x92]`[0xd1]9[0xf9][0xbd]}[0xd9]7[0xc5][0xfc]R[0x19][0xd1][0xa3][0x89][0xee][0xb2][0x85][0xa1][0xee];[0xa8][0x82][0x95]z[0xac][0xcf]C[0xb8][0xb8]p%[0xb]Kl[0xae][0xac][0xe0][0xff][0x89][0xf9]Km[0xfa][0xa2]+[0x10][0x87];8[0x1][0xdd][0xac][0xa4][[0x19][0xdc][0xcb][0xb6]2[0xb6][0xc7]Wu[0xe1][\r][0xe1]r[0x9]S>D[0xe2][0x4][0x85].u[0x9c][0xcc][0x91][0xc2]KH[0xfa][0x2][0xd8][0xc]h[0xd4]*[0x14][0x94]9[0x6][0xd4][0xad][0xd4][0x95][0xc4][0xe4][0xc2]0'[0x14]O[0xd4][0x2][0x88][0xf2]L[0x89]p!$|zhL[0xf9]l[0xe9][0xfb][0xe][0xe9][0xb4][0xa1]Yb7[0xe1]fe%![\n]"
DEBUG wire -  << "X6F[0xf5][0xe]=[0xc0][0x1d][0xe1][0xc8][0x81][0x17]*Zk[0x84]Q[0xba][0xd6][0x8a][0x87][0x4][0x98][0xbc]%[0xa0][0xf6][0x83][0x1e][0xe5]'|[0xb2][0xd9][0x94][0xa8][0x1][0xf1]m[0xce][0xe4][0xaa][0xa3]S[0xe2][0xa2]Z[0xe5][0x11][0xcb][0xaa]+lx[0x98][0xea][0xd9][0x80][0xba][0xdc][0x99]t[0xdf][0xf9]`T[0xf8]?[0xac][0x1d][0xac][0x81][[0xd8]>[0xec][0x88][0xdf][0xeb][0xe2][0xf7]&[0xfc][0xde]<[0x94][0x0]?[0x9d]:[0xb4][0xf]P[0x9d]$[0xe7][0xe9][0x93][0xe6][0xda][0xd6].[0xc8].[0x86][0x7]p[0xf0][0x88][\r][0xa4][0x8b][0xbf][0x6][0xde]s[0x10][0xb9][0xcb]9cG[0x3]n[0xc][0xa8]gMp[0xc9][0xea]^[0xe7]0S[0xc][0x86][0x83][0xc2][0xf]x[0xd2][0x3]w[\n]"
DEBUG wire -  << "o[0xe3]\[0xdc][0x14]5[0x93][0xf7][0xd2]Y[0xbb]5s[0xe3]!-[0x10]1[0x5][0xf0]H[0xe9][0xbd][0xa8][0x87][0xa4]8Dq[\n]"
DEBUG wire -  << "D[0x86]]8[0xd8][0xa8][0xd2][0x84]R[\n]"
DEBUG wire -  << "[0x97]w[0x9a]W[0xb2][0xc3][0x88][0xf9]=If[0x82][0x9e][0x84]Rl[0xbf] 7C[0xdb]2[0xb7][0xcd][0x96]i[0x81][0xee][0xf1][0xdd][0x2][0xa3];[0xf]ftx[0x9][0xef][0xd4]aA[0xd4]^[0x1e][0xf5][0x17][0xc0]d?h[0xe4]p[0xcb][0xb3][0xec][0xb9][0x84][0xfb]7#[0x19][0xab]0>[0xe5][0xfd][0xc2][0xc6][0xea]"[0x9a][0xf1][0x2]r[0xa3]|[0xbb][0xf4][0xd8][0xe6][0xd1][0x87]w/[0xaa][0xef]s[0xda][0x85][0xfb][0x9c][0xef]N[0x8f][0xe6][0xdf][0xce][0x4][0xe0]`l[0x99][0xe3][0xd1][0xf8][0x19][0x94]-[0xdf][0x1d][0xbd]t.][0xea][0xf1][0x1]h[0x9f][0xaa][0xda]r[0xd9][0xb2][0xd6]y5[0xe5][0xf][0xa8][0xe7][\n]"
DEBUG wire -  << "[0x9a][0xa2]`c[0x9f][0x14]/[0x18][0xe3][0x5][0x18][\n]"
DEBUG wire -  << "[0xaa]3w[0xa3][0xf8]_0[0xe3][0xbc][0xc5][0xe0][0x12]D^[0x83],[0xb][0xc9][0xc8][0xf]"|[0x9d][0xcf][0xd4];][0xd5]E[0xf6][0xff][0xe4]3[0xb7][0xbf][0xe8][0x92]k[0xd2]U[0x12][0xb6][0xd1]2[0x9b][\r][0xf1][0xf4],[0xe][0x9c].[0x16][0x1][0x9d][0xfa]C[0xfb][0x4][0xfe]/[0x16][0x84][0x84][0x85][0xf7]u[0x85]h[0x1][0x97][0xbe]5!R[0x99][0xe3][0x98][0xa0]QW[0xf5][0xca][0xca][0x8c]+6[0xcf][0xdf][0x1c][0xfd]J[0xcc]L]'[0xd6][0xf4][0xf5][0x17][0xe8]d[0x9b]][0xed][0xb4][0x9b][0xf8]sS[0x82][0xe3][0xa1]0,r)[0xfd][0xe1][0xb5]?[0xa6][0x16][0x8f]&;Msk[0xb3]\[0xa0]?$[0xd7]S[0xab]xO[0x9a][0x83][0xe6][0xa0][0xd5]*[0xc3]F[0xa3][0xd8][0xed][0x87]U[0xf0][0xf2],[0xe6]M2[0xd1]fab[0xe4][0xbc][0x9b][0x86]DIg[0xe2]b|[0x94][0xe7][0xc7]?[0xbf]xM[0x8e][0xaf][0xc0]0~[0xc5]"[0xb0]vCr[0xb1][0xe][0x83][0x93]|[0xf0]8h[0x82][0x90]:[0xe4][0xc0][0xa3][0xce]$[0xc2][0xac],.[\n]"
DEBUG wire -  << "[0xc3][0x12][0xae],![0xe6]c[0x19][0x8]%[0xb9][0xbf]TK[0xef]dq=[0xd4]}}[0xa8][0x7]:[0xd5][0xdd][0xfa]5[0xff][0xb8][0xfa][0xb3][0x98][0xc8]S[0xa4]o[0xfa][0xe7]`[0xb8][0xac]~[0xea][0x6][0xbb][0xfc]c[0xf0][0xa9][0x8b][0xbf][0xbe]~[0xcd][0xdd][0xe9]ZyT[0xc3]4[0xf3][0xb7][0xae][0xfc][0xf3][0xf5][0xeb][0xc7]Ous[0x1c][0x87][0xa3][0x1a][\r][0x86][0xe2]VUX[0xbf][0xd1]E[0xa6][0xd3]m[0xfd][0xe8][0xb1]Kr[0x4]2V[0xab][0xef][0xd2]nX[0xba][0xd5][0xe8][0xe3][0xf9][0x1][0x17][0x92]+[0xef]J[0xfa]xMr[0x97][0x9a]4[0x9c]xV[0xb7][0x5]Ox[0xf7]r[0xb8][0xeb][0x9a]r][0xfc][0xb5]o3[0x13]O;[0x7][0xd1]sq[0xaa][0xb7][0x86][0x8d]Z[0xb9][0xa9]O][0xf3]Z[0x95][0x9c]X[0xd5]W[0xf3][0xf1][0xf]Tl[0x1][0x9a][0xb4]]p.{;[0xf][0x1]~HW[0xeb][0xbb][0xd0]KCZ[[0x95][0xb4][0xaf][0xea]d[0xf5][0xc3][0x81][0xd1]j5;[0x9b][0xeb]kk-[0xa3][0x85])x,;[0x83][0xc]A[0xb9]c*[0x9a]q[0xe8]HaN.[0xbe][0x1]v[0xf5][0xf1][0xeb][0xa3]bGW[0xf6]0[0xf6]bC[0x6]PZ[0xd9]CG[0x95][0x88]-f[0x18][0x93][0x18]L[0xa4]h%&'q[0x84]o.[0xb2][0xb8]m[0xb4][[0x4]'$1-[0x1a][0x18]k[0x81]d[0xb][\n]"
DEBUG wire -  << "[0xca][0xda]u([0x6][0x82]H[0x8a][0x8b]`J[0xe0]D%[0x15]%[0xde][0x9f][0xc][0x98][0xa4]L[0xce][0x84][0x8][0xf9]&o[0xd1]C.[0x9e][0x9c]QYj[0x97][0xa6]tHH[0xbd][0xe][0xf8][0x15][0xf8][0x15]`[0x9d][0x92]$E.[0xac][0xe3][0x86][0x8e][0xd8]&'[0x15][0x9b]4[0xca]0[0xc5]cP,H[0xaa],[0x90][0x9a][0xea][0x86][0xca]\[0x85]R[0xd2],![0xf2][0xd9][0xd2]DG[0xe]%[0xe][0xaf][0xc2][0xb2]GK[0x18][0xfa]@[0xd4][0x2][0xdd][0xa8][0xa9][0xfa]o[0x17][0xeb] [0xe5][0x1f]w[0x87][0x4]E[0xfc][0xee][0xb1]][0x80]k@[0xb2]m(`[0xc]7@@[0xbd][0xdf][0xa2][0xea][0xbd][0x6][0x95][0xbc][0x0][0xf3][0xe3]"[0xe1][%[0xe7][0xd4][0xe6]S[0x91];[0x0])[0xfd]CR84PYT#6[0x8d][0x92]M,[0xec].[0xc7][0xa1][0xe3]0M[0x16]!Y[0xba][0xda][0x13]t[0xa3][0xf0][0x10][0x16][0x1f][0xca]H[0x1f][0xaa][0x1b]p[0xdf];A[0x8b][0xde]%[0x9e]_G[0xf2]1[0xfd][0x9b][0x81][0x84]([0x94][0xce]D[0xdb]/[0x88]&[0xaf]S[0xb2]rE[0xf6][0x1a][0xb2][0xd5]I7f[0x9c]L[0x1f][0x5];1[0x1a]X[0xb9]q[0x99][0xec]Jf[0xe4][0x6][0x84]d[0xce][0xfe]^[0xec][0xc8][0x92][0xe8]F[0xab]%[0x1][0xb1][0x7][0x99]grR[0xc][0xfe]@[0x9][0x87]g%[0xd0][0xf1]6[0xda][0x1b])p[0x9a]H[0xb2]l[0xec]:[0xa1][0x12]z[0xf8][0x94][0xcb][0xf0][0xc5]l W[0xfb][0xb2]T[0xa1]{[0xd4][0x9][0x4]#[0xc3][0x87]P[0xbd][0xf4]IU[0xdc]J[0x0]{Yv[0x9e]."[0x8f]P[0x0][0xd1]4[0xb1]$1N[0xd2][0x82][0xe1]%B[0xb6][0xa1][0xe4][0xee]5[0x1c].l[0x9a]r[0x83][0x9b][[0x8b][,[0xb5][0xe2]ts[0xa7][0xd2][0xd1][0x85][0x17]G<[0xa1]![0xa4]P[0x9]I[0xe] [0xe6][0x1b][0xf0][0xde][0xf7][0x9d]0i[0xc1][0x93][0x94][0x8e][0xf4][0xac][0xa2][0x1a][\r][0xfb][0x2][0x8e][0x14][0xe4][0xcd][0x2]]'W[0xdc][0x0][0xe1]TF*[0xa8][0xe9][0x1f][0x18][0xbb]([0x1f][0xa0]3[0x99]l[0xe8]tm"UF[0xc8]+3[0xa9][0xb5][0xb6]L[0xb1]@t9.<[0x1b][0xf8][0xff]\[0xd0][0x91]}x[0xbf]`[0xd0][0x9f][0x12]8[0xeb][0xd1]Jj;K[0x15][0xe2][0x19]}[0xda][0xea][0xa4]}[0x9a]>[0x88][0xc5]Q[0xc1][0xc6]\[0xf3][0x8e][0x9f][0xfb]o[0x17][0xb4][0x8e][0xf5][0xfd]qcv[0xff][0xb][0x14][0xf][0xee][0xff]G[0xb7][0x15][0x80]*[0x9e]v[0xb6][0x97]*[0x1][0x80][0xae][0xcc]"[0xf2]/[0xd6]'/p[0xce][0x1e]Pk[0xbe]8[0xec]l5[0xb7][0x9a][\r]Q[0xca][0x80]R[0x1f][0xc0][0xb0]K[0xb][0xe2][0xd5]h1[0xf5][0x89]e[0xf8][0xf3]p[0x90][0xb0][0xaf][0x80]>/@[0x8d][0x18][0x3]V[0xce][0x94][0xa6][0xe6]R[0xa5][0x9][0xd1][0x15]d[0xff][0xe4][0xd5]"[0xc9][0x1f][0xb8]B[0xee]O^[0xcd][0x95][0xfa][0x8d][0xdb]([0xb2][0xdb][0xd3][0x89][0xe8]rt[0x1e]v[0x16]DT[0xea][0x0][0x8d][0x87][0x9d][0xb9][0x14]n[0xb5][0xd6][0x97]I![0xa2][0xcb]S8b[0x1][0xcc]wc[0xbe][0x80][0xd0][0x4][0xc][0xe9]M[0x9e][0xe7][0x92][0xbd][0xde]i-[0x93]lD[0x97]#[0xfb][0xd5][0x8b][0xa3][0x83][0xf9][0x14][0xbb][0xdc][0xa6][0x86][0xb]F1[0x1f][0x8b][0xa5][0xe4]0[0x2][0xef][0x92][0x85][0xe0][0x8d][0xd8][0x86][0xb0][0x87][0xa8][0x7]S}[0xe4][0x7][0xd0]"[0xc4]6[0xb7]1[0x9d][0xe5]Js[0xa7]([0xcd][0xaf][0xfc]>?[0xa4][0xb][0x9a][0x3]0[0x16]EZ[0x5][0xf0]|j[0xdb][0x9b]K[0xa5][0x16][0xd0][0xe5][0xa8]=[0xfd][0xfd][0xff][0xcc]'5\[0x3]2[0x1]j.[0x8d][0x9b][0x1b]K[0xa5][0x11][0xd1][0xe5]i[0x94]&[0xb8]T\r[0x17][0x8c][0xbc][0xa5][0x18][0xe6][0xd1][0xb][0x9][0xf7][0xc8]b[0xf1][0x9]%[0x6][0x10][0x9c][0x14][0x3][0xd4])1`[0xf3]nQA[0xce]~[0xca][0xe9][0xca]*V,[0x97][0x13]yF[0xc0][0xb4][0x8f]@[0xe1][0xfc][0xc6][0x8e][0x15][0x14]4,)0[0xcf][0xf8]k-[0xd7][0xae]i[0x15][0xed][0x9a]#[0xb5][0xa8][0xb0][0x80][0xe6]d[0xed][0x1][0x89]N[0x8b][0xcc]5Y[0xd7][0x97];#[0xad][0x17][0xc6][0xf0]![0xfa][0x13]}?[0x10]^[0xc7][0x2][0xd2][0xad][0x2],j[0xd4]B[0xc2]|[0xd6]/[0xb5][0x11][0x88][0xae][0xd0][0x8]p[0xf0][0xad][0x88]|X[0xd8][0x0][0x1]g[0xc4][0x92][0xf8][0xa4]PI[0xe0][0xa5]sVr}[0xf7][0x1a]x[0x81])[0xf1][0xd8][0xc4]"[0x1d][0x98]RI$[0x1f][0x8c][0xa3][0xa5][0x5][0xe5][0xca][0xc][0xb][\n]"
DEBUG wire -  << "[0xe][0x1e][0x18]j~[0x1c]2[0xc7]P[0x1b][0x86]b}[0x99][Z[0xce][0x90][0x13][0xf9]$t[0xb8][0x9d][0xf8][0xbe][0x1]<fY[0x9a]8[0x9f][0xf9]hj[0x89][0xe2]6E[0x95][0xdf]YQ[\n]"
DEBUG wire -  << "TEnid[0xa5][0x8]$[0x8f]D(W[0xac]\on[0x87]T[0x15][0x9f][0xae]dj[0xe9][0xa5][0xc][0x11][0xf8][0x97]j[0x9][0xc7][0xe8][0xf3][0xa1][0xda][0x11]U6[0x9d]V[0xbd][0xee][0x80][0xa7]83X[0xd1][0xe8] = "[0xae][0xd7][0xcb][0xc5] <[0xc9]i[0x84]`:$[0xf][0xfe]`[0x10][0x82][0x19][0xdd]&[0x8f][0x1e]e[0xa8][0xf7]F[0xad]l[0xdd]*[0xdb][0xcb][0x5][0x95]2'[0xe4][0xf7][0xa8][0x95]oOi[0x91][0xa4][0xb4]d[0xa2][0xde]exQ3;[0xf6]![0xc2][0x8a][0x96][0xdb]V8[0x9a][0xab][0x96][0x8b][0x94][0xb4]M[0x1f][0xbf][0x8e][0x3][0xa7]v[0xe7]%![0xc1]/[0xa3][0x8d]kAuM[0xc8]S[0x81][0xbe][0x2][0x1][0x82][0xc6][0xaa]V[0xe4][0xba]^[0xc1][0x14][0x1a][0x9d][0xbd]d+[0x1d]YR[0xae][0xb9]bk[0x9c][0x88][0xc5][0x8f][0x80]r<[0x8a][0x9f].[0xeb][0xa8]}[0xf2]b[0xd7][0xc][0x18][0x8d][0xe2][0x0]zA[0xc6]PO^[0x95][0xcc][0x87][0xe2]D@[0x2][0xdc]Kso[0xb7](8-[0x98]3[\n]"
DEBUG wire -  << ":[0x86]k+[0xa1][0x82][0x87]T[0xa8]J$*[0xf1][0x4][0xff][0x8c][0xe6][0x85][0xad]]-l[0x7]}<v[0x85][0xab]r \[0xed][0xfd][0xbd][0xd1]z[0xea][0xaf]1[0xb9]>,[0x96][0xbc][0xde][0xb1][0xf4]X[0x7][0xc1]P?1vR([0x82]63[0x9d][0xc0][0x90][0xe]8[0xf0][0x10]Qa[0xec]t[0x0][0x8a]F[0xec][0xf7][0xff][0x88][0xc5]>[0x90][[0x9d][0xd8][0xc]O[0x81][0xa5]q[0xd5]mv[0xc1][0x1c],Nz[0xf9][0x83][0xdf][0xff][0x93][0x84][0xa3][0xf][0xff][0xf][0xc8][0xfc][0xef][0xff][0xc1][0xe8]m[0x1e][0xff]-[0xc6][0x4]p[0xb0]$6[0xd7][0xb7][0x99][0xe3]po[0xa8]#[0x14]u&!O[0xe0]s[0xf8][0x10][0x1d][0x8]%[0x8e] B/[0x81][0xb]@[0xb2][0xdc][0xd9][0x11][0x97]U&!h[0x96][0xa4]X[0x98][0x8c]-?[0xc0]S[0xdd][0xd0][0x82][0xdc][0x16]Xh[0x92]7q@[0x86]>u0:|[0xe4][0x13][0xdc]T[0x10][0xe4][0x83][0xfa][0x2][0xb2][0xc5][0x9],[0xc8]tY4[0xf2]m[0xa8]-T[0x8f][0xbe][0xe3][0xf]1[0x8a][0x99][0x18][0xbf][0xb8][0x10][0x8f][0x95][$[0x12][0xcb]+[0xaa]9%[0x16][0x90][0x11][0x1f][0x8e][0x8c][0xdf]b[0xea][0xf0]hBB[0x10][0x9][0xd2]s@&y[0xef][0x83][0xc0]~[0x86][0x9a][0x81]*[0x89]+[0xe][0xf1][0x84][0x15][0xe9]O[0xc8][0x98][0xf9]`[0xb6][0x8b][0xa0][0xf8][0xd4][0x2]4\[0xb4]&[0xe5]7[0x8c]][0x16]8[0x13][0x8c][0x12][0x2][0xb4]`[0xf8]f[0x11]f[\r][0x88][0x81][0x1c][0xd9][0xda]]r[0xc9][0x8][0xe5][0xa0]u[0xa3][0xdf][0xff][0xc3][0x6][0x3]&[0x3]^[0xf4][0xa1]Ka[0xba][0xc1]%V[0x8a][0xd1]TK[0x8d][0x96]<R[0x7]M[0x18]p[0x0][0x9a][0xc2][0xae]0[0xaa]9[0xc]*L[0x12][0xfd][0x97][0x15]H[0x18][0x9f]4[0x90]yC[0x18][0xb][0xc]1[0xeb][0x92]\[\n]"
DEBUG wire -  << "lF[0x2][0xc][0xde][0x87][0xd8][0xf2]=Bl_T[0x15][0xc6] [0x89][0x14]z1t[0xf1][0xdc][0x96]K[0xbd][0x18][0xbc]m[0x90]~)[0x1c]2u[0x88][0xb7][0x11]<[0xb1][0xdd][0x92]$[0x81][0xe2]p[0xa2]QB[0x83]H[0xc2][0xfd]7[0x13]D}Z[0x87][0x96][0xb4]kA[[0x16][0x87]\~[0xde][0x98][0x1a][0xcb]U[0x3][0xf9]*4Z[0xed]d$w[0x88]B[0x84][0x97][0xa5][0xd2][0xc5][0xf7][0xe9][0xea]P[0x90]3[0xd5]@[0xd3][0x5][0xbd][0xfd]J=[0x82][0xab][0xc9]Zb1[0xa8][0xed][0xc0][0x16][0xdb]\[0xeb][0xb3]D[0xd5][0xf1][0x4]t@[0xc9][0x80][0x1a][0xcc][0xe6]bE[0x87][0x17][0xa6][0xcc][0xd2][0x9c]R[0xfe][0xd9][0x1b]u[0xd2][\n]"
DEBUG wire -  << "[0x81][0xbc]D[0xad][0x1c][0xb1][0x90][0xf]=[0xf2][0x94][0xba][0xe3]][0xf2]*[0x19][0xb8][0xc0][0xe7]N5[0xae]d[0xd5][0xbf][0x90]6[0xde]'{[0x8d][0xf1][0xac][0x9]o[0xce][0x6][0xc1][0x9f][0xc8][0xe1][0xad][0x96][0xbd][0xd9]i[0xcf][0xe0][0xb0]8[0xe6][0xba],[0x16][0xff]o[0xa5],$[0x8f][0xf][0x94]B[0xfc][0xff][0x80][0xc5][0xb6][0xbd][0x6]?[0xb3]X[0xec][0xf][0xc3]eq[0xf8][0xd8][0x13][0xbb][0xd8][0xa0][0xa0]Q[0x91][0x1f]e[0xba][0xf8][193[0xe4][0xab][0xc][0xb9]D))[0xb]e[0xae][0xbd][0x12]1[0xea]*[[0x5][0x1f][0xab][0xed][0x14][0x91][0xf3][0xc7][0xd8](y[0xeb]8Gb[0xa5][0xad]R[0xd5][0xe6][0x5][0x8a]X[0xe0]*[0x1a][0xef][0x95]jx[0x9e][0x8][0x87][0xc6]Fb[0xaf]oT7[0xe]o[0x8e][0x8b][0xa0]E[0xea][0x8b]>[0xea][0xc5][0x1]Vi[0x95][0xd4]).[0xac][0xcf][0xf0]'Dq[0xf9][0x19][0x8d]<[0x9f]q[0xd7]5[0x91]Fw[0xa8][0xdd]s[0x7][0xf6][0xa4]w[0xe8][0x7]xF[0xd5][0xe3][0x6]k[0xad]77[[0x9d]v[0x7][0x83]^o[0xc9][0x8f]l[0xa8][0xed]Xh[0x89]IN[0x1c]z[0xc1]}[0x92][0x16][0x80][0xdc]l=[0xa4]2[0xbf][0x91][\r][0xd7][0xaa][0xe][0x9b][0xd7]e[0x8a])"
DEBUG wire -  << "[0x9b][0xb3][0x98][0x92][0xf6]b[0xd5][0x87][0x80][0xca]?ST[0x14][0x6][0xb3]`p[0xe2]UU[0xb6]d[0xf6]H[0xce][0xd0]md[0xe8]"6[0xf4][0x83][0x89][0x94]f[0x17]l`[[0xdb]?[0x89][0x1d][0x87] r08[0xfd][0x0][0xf0]m,[0xc0]7.PW[0xb0][0xb2]Su[0x8]V[0x8e][0x13][0xf9];[0x3]A-[0xb8]n[0x8a][0xda][0xa4]=[0xaf][0xed][0xcf][0xce][0x93][0xcb][\n]"
DEBUG wire -  << "y}sON[0x16][0xfa]e[0xe0][0xfb]Q[0xc9][0x9d][0xce][0xe9][0xef][0xe4][0x18][0xb][0x8f][0xc][0x1e][0x99][0xb8][0xf5][0xd1][0xf7][0xfd][0xcf][0xe2][0x0][0x8b][0x8c][0xf9][0xd9][0x90][0x9c]7r2[0x94]l[0xb0][0xf7][0xfa]`[0xfe]N[0x17]$[0xfa][0x91]G[\n]"
DEBUG wire -  << "[0xc7][0xb6][0xc5][[0xc8]1r3[0xb0][0xa8][0xa4][0xef][0x93][0xaa][0xa4][0xce][0xc7][0xa6][0xe7][0xc9][0x9b][0xa9][0xf7][0xe7][0x8][0xeb]l[0xc5][0xf3][0xe8][0xfb][0xd0][0x1f][0xb4][0xb8][0x16][0x85]'[0x8b][0xac][0xc2][0xea][0xa5][0xef]T[0xf1]I[0x8a]G[0xa2]7Z[0xf2][0xd0]G^[0xcd][0x1c]x6(z[0xf2]V[0xd5]_[0xd4]1[0xa5][0xcc]F[0xb9]/[0x17][0xf6][0xdb][0xb7]S2[0xf7][0xe6]h[0x95][0xe0][0xcd][0xd3]N[0x5][0x1e]<\5[0x1d][0x80]F[0xb2]8[0xe4]|+[0xfd]D[0x5][0xbd][0xa6]l~^9[0xcd][0xc8][0xb8][0x9f]f[0xaa][0x14][0x84]G[0xf7][0xd1]N[0xd8]qx[0xdc][0x14]<[0x1d][0x19][0x86][0x99]{[\r]I[0xaa][0xa1][0xa4]v[0xa3][0xd9][0xa7][0x1d][0xda]i,I;%[0x95][0x19]![0xf8][0xe4][0x1][0xcb][0x94]TY[0xa4][0xfe]![0xc9][0x90]T[0xfc][0xd0]n[0xde][0xb3]>[0xf5]m[0xae][0xbf][0x95]a[0xa5][0x8][0x0][0x9f][0xfb]4[0x80][0xff][0xa1]+[0xcc][0xf4][0x83]}([0x8][0xdf]L[0x19]&[0xe7][0xe0]T[0xbd][0xa9]%[0xb6][0xb6][0xbe][0xbe][0xb9][0xb1][0x9e]W[0x91]G[0x81]I[0x9e]K([0xf2][0x8e]e[0xda][0xb1][0x9c][0xfe]WV[0x8c][0xb7][0xe6]n[0x95][0x10]V+[0xc6]b[0xf3][0x97][0xa2][0x13]y([0x82][0xdd]~#[0x9d][0xa8]x`[0x6],[0xaf][0x10][0xab]R[0xff][0x8a][0xda]0[0xed][0xc1]?^[0x3][0xaa][0xaa]{[0x1][0xeb][0xfd][0xad][0xfd]*kx[0xb0][0xf6][0xb3]}t[0xc1]y[0xde]r[0xb1]Y[0x14][0x99]4[0x1c]_=[0xfb][0x10][0xb1][0x17]vw{[]|[0x8b].[0xba][0xb6]|[\n]"
DEBUG wire -  << "[0xe2][0xee]7[0xd3][0x8f].[0xbd][0x2]-[0xa1][0x8e]cW8[0xa6][0x81]8[0x84]b[0xf9][0xe4]=g_[0xbe]p2[0xe5][0x99]N[0x3][0xfc][0x95][0x15][0xe4][0x12];[0xa0]J[0x92][0xe7]z[0xbe]eN}[0x7][0xf6][0xe5] [0xa1][0xd9][0x8c][0x4][0xcd][0x5][0xff]wf[0xde][0x9f][0xa9]WQ[0x91]I[0xfe][0xa6][0xfc][0xfe][[0x99]U[0xd6][0xf0]g[0xad][0x8b][0xb5][0xd6]:[0xcd][0xb5][0xd6][0xf6]V[0xaf][0xd5]l7[0xb7][[0xdb][0xcd][0x8d]N{}}m[0xab][0xb5][0xd9]k[0xaf][0xb5]6[0xda][0xdb][0x1b][0xcd][0xe6][0xd6][0xe6]zkc{[0xbd][0xd3]\[0xef][0xf9]F;[0xaf][0x96][0xd0][0x1c]Q^[0xda]+?[0xe0][0xd6][0x8]F/-[0x1a]k[0x15][0xd9][0xdf][0xdf]jYeC[0x1e][0xae]1[0xd2]m[0xe4][0xcc][0xc][0xfb]&[0x1e][0xa9][0x9b][0xd2]\[0xe1][0x95]Ve[0xfe][0x99]kfs[0xbc][0xd2][0x8c]T[0xa3][0xb3][0xbd][0xb5][0xdd][0xa6][0xdb][0x9b][0xdf][0xdc]0[0xcb][0x93][0xfa][0xb7][0x9e][0xb9][0xb7][0x9e][0x19][0xf8][0x81][0x87][0xd7][0xf2][0x85][0xc7][0xb7][0xd6][0xec][0xac]mm[0xb6]77[0xcb][0xba][0xe4][0x84][0xf6][0x3][0xfe][0x85][0xfb][0xe4]D[0x82][0x17]U[0xc9]t[0xee][0xf7][0xa9]I[0xca][0xed][0xf8][0x16][0x8a]d[0xc9][0x96][0x87][0xa2][0xd8]T[0xdd]X[0xb0]<f[0xe6][0xfd][0xd5][0xb4]HB[0xa9]"[0xf4][0x8f][0xf7][0xe9][0x92][0x8e][0xef][0x9d]lm[0xff]m[0x7]U[0xd6][0xf0]g[0xe9]'7[0xfe][0xc2][yut8[0xe2][0xb8][0xc8][0xf2][\n]"
DEBUG wire -  << "[0xd2]3-TH[0xfc][0xfe][0x94]O[0x8e][0xfc][0x87][0xeb][0x9c][0xb7]#[0x9b][0x9c]F[0xb1][0xcd][0x96][0xad]l,A[0xa5][0x89]=[0x92][0xd7]3[0x95][0xc9]5[0x15]#[0x89]4[0x90]Hc[0xad][0xb9][0xb5]N;[0xad]5[0xfa][0xb7][0x8d][0xf2]}[0xe8][0x0][0x0][0xc]y^[0x7][0xbc][0xf4][0x3][0xe6]}[0xf1][0xc9];[0xcc][0xc8][0xb4]@)[0xf9][0xfb][0xd3][0x3][0x85][0x6][0xfc][0x85]5[0x81]#[0xe9]4E[0xc7][0xe4]u[0xc1][0x8c][0x8c][0xbf][0x9a]6[0x0]2[0x91]@[0xbc][0x12][0xfd][0x9d]j[0x80][0xca]K[0x18][0xf7]8[0x80][0xa5][0xae]|[0x10][0xf5]7[0xe][0x89][0x82]S[0x83]Y[0xde][0xcd][0x90][0x99][0xf2][0xb8]}[0xd5][0x9][0xad][0x4][0x80],[0xf7]([0xbe][0xec]`CL[0xff][0xf5][0xdd][[0x1f][0x1][0x9b]q[0x2][0xac]J[0x9b][0x91]"[0x1b][0xf2][0xe7][0xbc]H[0xa9][0xab]f[0x1e]M[0xff][0x99]Ex[0xdc][0xfc][0xbd][0x1f][#q8[0xbd][0xa2][0x8b]+[0xce][0x82][0x15][0x7][0xd8]t>[0x9e][0xf0]#[0xe9]/c[0x4].[0xf6][0x17][0xa4][0xd2])B[0xb][0xd1][0x14][0x11][0x19]T[0x8c][0x83][0xe4][0x9e]M[0x1e][0xa8]XW[0xf5])[0xc2][0x13][0xee][0xd9][0x4][0xfa][0x9f]F[0xe2]([0xb6]?[0x18]pKnd[0xed][0x8d][0xa7],f[0x1c]T[0xb9]a[0xaf]b[0xb0][0xe0]1O@[0xe][0xa9][0x8b]'[0xa5]}1[0xea][0xfb][0x1][0x86][0x8e]*[0x97][0xf][0xc3](_[0xfe][0xd4][0x1a][0xf9][0xbe][0x83]eO[0xe5]Y}q[0x92][0xf1]=[0x9e][0xae][0xc7]C[0xea][0x93]9[0x98][0x92]S[0xfe][0xea][0x90][0x1e][0xeb]ar[0x1] Az[0xc4]/x(bPHu[0xb4]'[0xf8][0xc4][0xf7][0xdf]B%[0xe4]Er[0xfc][0xde][0xf2][0x89]vH[0x3][0x87][0x92][0x97][0xbe][0xed]_p[0x8b][0x8b][0xc1][0xcc][0xf7]59[0xa8][0x13][0xe6]b[0xd2]?9Xm[0xd4][0xf6]=[0x8f][0x12]<<[0xcc][0xa0][0xf1][0x81][0x5][0xad][0xd7][0xc9]6[0x99][0x6][0xdf]h7[0xd7][0xda]z[0xca] [0x9d][0xbc]:[0xcc][0x1][0xe5]@K[0x9]I[0x1][0x87]Yh[0x88]pQ[0xe9][0x85][0x9e]|[0x9a][0xb8]&[0xe6][0x8a]K[0xf0]Seo!V[0xb9]Zgh[0xac][0xca]14[0xe3][0xa2]G2[0xa6]T[0xbc]W'7[0xa2][0xaa]M[0x91]D[0x8b]T[0xc][0xa0][0xe9]+@I[0x14][0x1e]u-[0xa6][0xf8][0xfd][0x9c][0xfc]9[0xce][0xe2][0xcd][0xaa][0x19][0xf6]w[0xee][0xae][a[0xd2][0x9d][0xa1][0xb3][0xab]m[0x81]4{e[0xa5]p[\r][0x8c][0x7]09[0xf7]D([0xbb]^v[0xbd]I[0xc6]S5<_[0xea][0xd8]j[0xa8]^>[0xba][0x10]^-[0xca][0xdf])RI[0xd1][0x8][0xe6]-2[0xf1][0xe3]4uV[0xe5]2>[0x82]*[0xc6][0x82][0xc0][0xf][0xc2][0x2]&[0x11][0xa2]U][0xbb][0xda][0xc3][0x17]l[0x92][0xbc][0x10][0x1][0x98][0xfc]P[0xce][0x0]0[0x94][0xa6][0xe3][0xb0]][0x19][0xa0][0x12]dW[0x83][0xaa][0x7][0x10][0xdf][0x6][0xb][0x4][0xc1]+[0x8]![0xa2][0xa6][0xde][0xc8][0xf7][0xd8]d[0xec]G[0x6]h[0xb0]t#[0x1e][0x18][0x2]C[0x15][0x93]d[0x9]#[0x17][\r][0x18][0x84][0x9][0x83][0xcf][0xcd][0xcc]dh[0x9e][0xcc][0xcc][\r]cyWrV[0xbe][0xb][0xb5][0xe3][0xb5][0xad][0xa9]|:[0x8e][0xac][0x11][0x9d][0x87][0xd7][0xe5]9[0xb4][0x8a][0xd9][0xf8]a[0x12][0xf1][0x8]9[0xea][0xa2][0x9a][0x10][0x91][0x99][0xbd][0x13][0x81]^c=[0x11][0x8f]Vv[0x95][0xb8][0xeb]U[0x94][0xa5][0xcc][0xce][0x9f]YT[0xf2]v[0xc0][0x99]cK,[0x8a][0xce][0x1e][0xb2].I[0xc9]{[0xb][0xe8]$T[0x0][0xdd][0xba][0x2]y[0x9b]D[0xe4][0xe5][0xa2][0xd0]i[0x99][0x95][0x96]}:&/[0xea][0x15][0x1d][0xab][0xa9][0xd8][0x82]s[0x0][0x14]R[0x8d][0x88][0xb8][0xdb]#[0xdf][0x11]f[0xc8][0xaf]x[0xd7][0xe8][0xb5][0x0][0x8][0xd8]o1[0xf][0xf0][0x92][0x97][0xc7][0xbd][0xb][0xea][0x88][0xa3][0xe5]#[0x1e][0x9a][0xa0][0x9b][0xe]E[0x80][0x9a]b"LU[0xb5][0xd5]cq[0xce]{[0x82][0x85][0x11][0xfb]j][0x83]R[0xd0][0xd5][0xde][0x90][0xcd].[0x84]P[0x80]7fH[0x5]^[0x89][0x15][0x1a]by[0xdd]$[0x84]xa?[0xe5][0xa0][0x1e][0xd0]Q[0x2][0xcb]]{J[0x15][0x9a][0xd3]UE[0xb4]U}u,![0xee][0xde]Y[0x2][0x88][0x88][\n]"
DEBUG wire -  << "[0xfe][0x1a][0xdd][0xa5][0xb4][0xca]t[0x87]Ud[0xff][0xc1]CJ[0xd5]=[0xb7][0xab]R[0x98][0xea][0xce]:M[0xb2][0xef][0xd2]So[0x1d]FC[0xbc]3[0x87][0x1d]F[0x89][0xaa][0xe2]![0xdd][0x95][0xcd][0xc4][0xb3][0x15][0xe2][0xac][0xe]Rj}V[0x7][0x15][0xb2][0xef][0xd8]A[0xd8])[0xe8]+[0x10][0xf0]2[0x80][0x16][0x8c][0xe7][0xe2];[0xf0][0xb0][0xd6][0xbc]kW)*[0xe6]vU[\n]"
DEBUG wire -  << "3g\[0xa5]0[0xf7]T[0x83]x[0x95]Ux[0x89]>[0xde][0xe]w[0xf1][0x12][0xd1][0xed][0xfb][\r]L[0xc7][0x84]#[0xb][0x7]Z[0xb9][0xb7][0xc4][0xbb][0x9a]i3;[0xc5]V[0xc1][0x1][0xaa][0xe6][0xe3][0x94][0xf]C#`*[0xad]8A[0xab]8[0x95]i[0xae]F[0xd4][0xf5]"[0xb0][0x98]?[0xb3]IW[0xdb]xi[0xff]k[0xe3][0xe8][0xd7][0xf][0x7][0xf8][0xf3][0xdc][0xff][0xa7][0xb5][0xd1][0xf9][0xc5]?2F[0xe7][0x9b]o[0xd7][[[0xb4][0xf9][0xf2][0xf3][0xd5]A[0xdf][0xf9][0xb7][0xa0]E[0xb6][0xe7][0x8e][0xcd][0xca][0xa9][0x1][0xb0][0x11][0xb2][0x86][0x15]b[0xff][0xa9]O[\n]"
DEBUG wire -  << "[0x14][0x8d][0x2]#[0xff]E[0x3][0x15]K[0x9e]$[0x8b][0x12][0x89][0x99];[0xf0][0xb][0xa4][0xf3][0xc7][0xfe][0xbd][0xeb]-[0x88][0x1e]t[0xfd])[0x3][0x87][0xed][0x95][0x94][0xbe],[0xae]_[0xc2][0xb4][0xbc]&[0x1b]q[0xdb]f^[0x85][0xd1]K[0xcf][0xe9]U[0x91][0xde]BF[0xb5][0xd4]C[0x9f]*u[0xd1],[0xfa][0xc5][0xe5][0x9e]H[0xaa][0x9d][0x11][0x9a]bZ[0xd7][0x8a][0xfb][0xf3]y35[0xa1]-{_DR[0xea]R[0xdd][0xaa][0xfd][0xc2]`[0x94]^A%[0x1b][\n]"
DEBUG wire -  << "[0xf9][0xb7][0xe1][0xc6][0xac]ZK[0xb6]vR[0xd9]T[0xf2][0xa2]:[0xda][l[0xbd][0xd3]Z[0xdb]hm[0xcf][0xa9][0xac][0xda]&[0x9e][0xdd]@[0x99][0xbb][0xa8]j[0xda][0xdc]`[0x9d][0xe6]fgs[0xa0][0x89]{[0x88]XJL[0xe]s[0xec]k[0xb][0xa6][0xa5]`[0xc0][0xaf][0x92]^Y[0xc9][0xe6][0x14][0xe5][0xfd][0xf8]iH[0x87][0x95][0x92][0xe3]w[0xcb][0x15][0xba][0x5][0xb0][0xa5]%[0xb9]G[0xc2][0xcb][0x12][0x95][0x16]V4[0x15]%F[0x1f][0xda][0xfe]9}[0xe1][0xc3][0xdb][0xdf][0x81][0xac][0xf4][0x9a]e[0xc][0x11][0xf1][0xe1]"C!M}[0xd7]B[0xb0]L[0x95]Y[0x88][0x8a][0x97]K#c[0xfc][0xa8][0x1f]~[0xcc][0xa2]2d[0xe6][0xd6]r[0xc3][\r]./f[0xe6]VG[0x9b]Z[0xc7][0xba]{[0x80][0xcc][0xad][0xa5]FmCt[0x8b][0x88][0xba]c[0x14][0xa7][0xf6][0xd6]R[0xe3]N![0xba]E[0x14][0xde]=f[0xd3][0xd6]R[0xa3][0x84]![0xba]E4> 8S{k[0xa9][0xb1][0x4][0x11][0xdd]bjo[0x13][0x89][0xa9]B[0x19][0x8c]'[0xe2][0xb3]2r[0x8c][0x8a]G[0xa5][0x17]~[0x11][0xe3][0x9f]|M[0xee][0x87][0x83]i[0xd8][0x9f][0x90][0xa9][0xdd][0x12][0xc][0xba][0xc1]x[0xe8]0y!B[0xc4][0xbb][0xf7][0xfc][0x1][0xf0][\n]"
DEBUG wire -  << "[0x17][0xd2][0xdf]c[0xee][0xb][0xc8]U[[0x1b]e[0xf3]|J[0xdf]I[0xb5][0xa1]v [0x8a]Zw[0xce][0xd7]#[0xca][0xb3][0x2][0x8c]h[0x9]r[0xbf][0xcf]H[0xe4][\r][0x9b][0xe4][0x9a]g[0xfa][0xcd][0x8e][0xf4]c[0x11]m[0xb3]s[0x9b][0x8f]E[0xc8][0x85][0xf4]<[0xd8]9[0xbd][0xa0]*N[0xfa]~[0xe3]G[0xb2][0xf7][0xf8][0xe3][0xe1][0xd1][0xc1][0xfb][0x83][0x8f][0xe4][0xc7][0xc6][0xca][0x5][\r][0xc8]x@[0xba][0xe4]Z[0xb][0xc7][0xd4][0xd5]v[0xae]5[0x10]:[0xe6]h;[0xda][0x8b]U[0x97][0x8c]b[0x97]z[0x8f]5][0x13][0xd3][0x1a]$[0xe][0xfa]-[0xd6]non[0xf][0xfa][0xda][0xcd][0xcd][0xae]([0x8e][0xd6]OOJ[0x92][0xc0][0x83][0xef]q[0x80][0x18][0x4][0x3][0xce][0x1a]g%[0x16][0x9c]![0xf][0xa8][0xed]r[0xef][0xac]![0xfe][0x18]X[0x4]? [0x1][0x15][\r][0xb8][0xe3][0xf4]<?[0xe2][0x16]Vw[0x8a][0xda][0xf5]][0xe2]*[0x9c][0xa0][0xb5][0x14]b4[0x14][0x11][0xa0][0x5]A[0x99][0xfd]XSt[0xa0]G[0x1]2$"[0xa0]?[0x9c][0xe][0x8c][0xd5][0xd2]wX[0xf][0xc3][0xce][0xc8][0xb0]\;[0x1a]$[0xbb]4[0xf4][0xbd]`[0x82]/[0xaa][0xda][0x83]w/z'[0x7][0xaf][0xf]}[0xfe][0xe6][0xdf][0xa2][0xde][0xe4][0xcb]1[0xc8]K[0xdc]g:[0xc1]o[0x14]k;[0x3][0xea][0x84]L[0xd7]"[0xb0][0xf5]J)[0xe2][0xa3][0x3][0x8][\r]f[0x9]{[0xe3][0x1d][0xe2][0xd7][0x91]T[0xee][\r]d[0xe3][0xb6][\r][0xe6]^`0[0x18][0x8b]B[0x83][0xa2] [0x86]r[0xae][0x8f]j,v[0xe5];@[0xaa][0xf]_i;[0x1f]5A[0xf1][0xe9][0x8][0x86][0x4]p[0x14]F[0xda][0xa9][0xf8][0xc2][0xad][0x96]V[0xa6]k[0xe2][0x1b]L[0xda]'][0xc3][0x90]A[0xd0][0x1c][0x19][0x1b][0x19]2xk[0xcb][0xc3][0xea]T[0x2]<[0xbd]}w[0xfc]O[0x80]x[0x1b][0xb0][0xb][0xee][0xc7]X[0xf8][0xf5][0xf1][0xbf][0xdf]C[0xca]k[0xb4]Cu[0xed][0xed][0xcb][0x83]_{[0xa7][0xef][0xf][0xde]a[0xda]i[0x84][0xd1]`D[0xfd]![0xd4]Ojo[0xeb][0x19][0xc8][0x9b][0xb7][0x2][0xc2][0x1f]O[0x1][0x9c]|x[0xf9][0xb2]wz[0xf8][0xee][0xf8][0xf8]5[0x80][0x88][0xbb][0xe0][0xf2][0xab][0xbc][0xa4]v[0x82][0xf9][0xef][0xf9][0xf0][0xea][0xf9])d[0xbd][0xc7][0x6]x[0x94];![0xa9][0xfd][0x8c]9[0x87]/[0xdf][0x9c][0x1e]C[0x86]`[0x1b][0xa9][0x1d][0x87][0x16][0xa6][0x1e][0xbf]{[0xf7][0xe6][0x9d][0x0]g[0x89]`[0x80][0x0]%[[0x12][0x16][0xf5]P[0x80][0xfa][0x8c][0xe0]~[0x1e][0xb3]M[0xb2][0xd7][0xf][0xce][0x1a][0xfb]D[0xad][0xc]D[0xe0]B[0xd0]!F[0xc8][0x11]_[0xe1]3A[0xd6][0x81][0xbf]P[0x1a][0xfb][0x0]Yr9[0xee][\r]a[0xc4]1[0x94][0x84]kM|[0x8e][0x9a]#[0x1b][0x93]N[0x13][0x9b][0x8a][0xa2]O[0xd3]B[0xaa][0x93]0$[0xdc]gUYc{0[0x9d][0xc][0xe9][0xf8][0xa1][0x1][0x16][0x8]l[0x0]r.[0x1e][0x16][0xb][0xb6]j[0xeb]Y[0xa2]e[0xce]*>nt[0xa6][0xbe]\[0x3]@[0x88][0x18][0xca][0xb1][0xfe]YC[0xd6]g[0x8e]"[0xd7][0xc1][0x86]K1[0x8f][0xf9][0x1][0x8c][0x4][0xdc][0xcc]rX[0xc4]^[0xb6][0x9a][0x9e][0x10]v[0xcf][0xc7][0xc2][0xd8][0x89]B[0x14][0x7][0x1f]X-^d<$[0x13][0xfa][0x1]\[0x11][0x9][0x0][0xf9]-[0x95][0xad]ra[0xba]`$[0x1e][0x8b][0x9d]4[0x11][0x95][0x99][0x6][0x18]K[0xe][0x1c]_[0x11]$J[0xc5]Rg[0xa6][0x18]u[0xde]$[0xab][0xe7][0x7][0xbb]T[0xcf][0x1d]0[0xe1][0x4]w[0xca][0x1c][0xd0]U[0xcc]F[0x1d][0x87][0x13]e[0xa8][0xde][0xcd]dH[0x3][0xc7][0xc4]Fo[0xda]J[0x90][0x9f][0x98][0xf5][0x1c][0x8e].2[0xbb][0xb2][0x18][0xb3]E[0xe9]_[0xfd][0x98][0x8c][0xe8][0x5]#[0x18][0x80][0xd3][0x1d][0xa3][0x84]Au[0x2][0x18][0x3]Ka<[0xa5][0x9]j)[0x16][0x9a]R[0xb3]1U:[0xec][0xe1][0xd7][0xc1]$BlPHT[0xba][0xd8][0xd9]t[0xe9][0x15]wc[0x97]H"[0x88][0xf8][0xb0][0x98][0x8c]v[0xc5]C[0xb1][0x9b][0x86][0xd8][0xbe][0xb0][0xc0][0xef][0xf5]'[0x91][0xf8]l[0x1e][0x13][0x92][0xe][0xb9][0xe2][0xa4][0xc][0xfc]Ej&fA[0x9c]A[0xe0]G([0xca][0xc0][0x3][0xb9][0xde]"[\n]"
DEBUG wire -  << "[0xe2]4![0xf4]l[0x10]LtY[0x83][0xc0]![0xc][0x5]x[0xc1]a2f[0x81][0x8b]g[0x7]mA[0x5]x[0x8]q[0x80][0x1b][0xa9][0x18][0xa6][\n]"
DEBUG wire -  << "[0xa3]{[0x1]F[0x80][0xea]Q[0xaf]'w[0xe4]K[0xa4][0x88]PZ[0x1e][0x11]y3)[0xc2][0xcc][0x9e][0xcb]\?[0x98][0xe4][0x19][0xfc]J[0xa4][0x90]$[0xa5][0xaa]8[0x11][0xdf]tC[0x9f][0x4][0xea][0xcb]p[0xd9][0x1c][0x94]#n[0xa5][0x86]y|[0x82]0[0xf8][0xdf][0xc1]#[0x15][0x81][0xd8][0x98]*p[0x1c]Y=[0x8b]F[0xb5][0xd1][0xd5][0x13][0xdb]R[0x80][0xeb][0xc0][0x93];T[0xc4][0xb7][0x84]U[0x8f][0x9f][0xfc][0x94]1[0xc2]D[0xb7][0x99]3u[0x9][0x88]3[0xf]CP[0x17]=[0x9][0xd9][0x93]c[0x19]4[0x15][0xcc]k[0x97][0x14][0xe6]7[0xd4]S[0x3]>[0x8c][0xa5][0xe9]'[0xab]I[0xf1]%[0x7]"[0xb0]*[0x8c][0xbb][0x86]K[0x98]8y[0xf1]0[0x12][0x9f];[0xc2][\n]"
DEBUG wire -  << "[0x14][0xe2]J[0x81]u[0xe9][0x84][0xe0][0xa7][0xf][0x12][0xf1]j[0xa5][0x9c]Cm[0x92]6[0xef][0x97][0xf7][0xef][0xdf][0xaa][0x9a]3[0x84][0x3][0xd0][0xbb][0x2][0xd1][0x7]YV[0xbe]#[0x0]x[0xbd]2P[0x8e][0x1]2[0xb][0xc3][0x9e]e"[0x96][0x6]U[0xfb][0xa1][0xf5]_a[0x1f]W([0xa1])[0x12][0x90][0x5]?[0xb4][0xff]+,[0xe1][0x15][0xe3][0xca][0xbe][0xcb]p[0x81]<[0x8c][0xc3]l[0x88][0xea][0x12][0xcc][0xe4]r[0x4][0xb3]J[0x1c][0xca][0xe][0x13][0x8b][0x8a][0xaa]r!=~[0xca][0x81][0x17]o[0xb2][0xf6]'B[0x9f]f[0x9e]&[0xa3] [0x5][0x11][0xc3][0xdb][0xc2][0xbb]J[0x8e]l[0xfe][0x89]<[0xb5][0x86][0x9][0x92]G[0xaa][0x1d]0[0xad][0xe2]U[0xe6][0x8c][0x8b]*[0xc1][0x94]V[0x7][\n]"
DEBUG wire -  << "[0x7][0xe4][0x1d][0xa9]'[0x98]v[0x82][0xd8][0xb3]Fbz[0xd1][0xe][0x93][0xe7][0xb3][0xb8][0xdd]lo[0x8][0xb1]D}[0x8c][0xd8]\[0xff]B* l8[0xc8]B8B[0x8c][0x82][0xbe]^[0xca][0x80][0xc3][0xa2]-[0xeb][0x87]P[0xfc][0xb5]A[0x81][0x85][0xaa][0x1f][0xb1][0xac][0x12][0xde]D[0x13][0xe2][0x17][0xcd]z[0xc9][0xa7][0xe3][0x14][0x16][0xa1][0x11][0x85][0x84][0x6][0xee][0xab][0x10]1[0x1e][0x80][0xe0][0xe2][0xf6]n[0x18][0x7][0xec]YJSO[0xe8][0xb6]_Y[0x88]Q[0xb]1[0x81]p[0xb4][0x16]$Gd[0xe6]k_W[0x1c][0x92]yr]gG[0xeb]o[0xad][0xaf][0xd1]v[0xdf][0xee][0xb7]![0xf1]av\[0xa2][0xcb]o7iVby&[0xc8][0xea][0xae]o[0xb6][0x9b][[0xeb][0xcd][0xbe][0xb5][0x8e][0xbd][\r][0xfe][0xcc][0xa8][0x17]^[0xe]z[0x8b][0x91]&[0xdf],;k[0xe0][0x14][0x9b][0x10][0x94]=[0x99][0x2][0x99][0x9][0xc8][0xa4][0x18]Eb[0xb2][0xff]x-?][0x83][0xfc]E[0xe7]F[0xd8][0xbf]0[0x95]`[0x9f]^EJ[0xb9]A[0xe6][0x8f][0xda][\r]Xq2[0xe0]8M[0xcc][0x6][0x1d][0xdb][\n]"
DEBUG wire -  << "[\n]"
DEBUG wire -  << "[0x81]Q[0xb7][0x97][0xb4]_[0xa6]_[0xd2][0xc0][0x93]r[0xf0]J[0x8d][0x1b][0xf][0xc]*[0x18][0x16][0x18][0x87][0x11][0xf1][0xa3]^[0xb7]FhW[0x83][0xd8][0xe3],[0x95][0x88]<[0x9a]Rb$M[0x92]iO[\r])[0xbb]0[0x1c][0x5][0x88][0x18][0x84]B[0xfd]L[0xeb]A[0x94]J[0x9c]^R[0xc4][0xbf]N[0xe1][0xc3][0xf9][0xc2][0xc3][0x88]<[0xe8]S[0xa4][0xf3]Q[0x15][0xaa][0x9b][0xbf][0x5][0xf5]oA[0xfd]n[0x5]u[0x9]~[0xaa][0xd4][0xef][0xc9][0xb6]Z:[0xe9][0xe][0xf8][0x95]h[0xa4]:D[0x83]AW1[0x96]+L[0x14]3[0x84][0x17][0x17][0xd7]S[0x83][0x14][0xbf][0x93]([0xb9][0x92]09[0x99][0x10]du[0xd0]a[0xe8][0xf1][0xb][0xf2][0x93][0x8d]<([0xc6][0xc3]t[OZ9.[0x8d][0xd0]w[0xd5]l[0x9f]ICP&[0x88][0xe5][0x4].[0xe3][0xa5][0xca]b[0x98]'[0xd2]pP[0xc6][0xf2][0xd4][0xe][0x92][0xa8][0xd0][0xa1]M[0x14][0x8b]8[0xb6][0xb8]i+[0xec]2[Z[0x12]b]B[0xcc]a[0xd4][0x1]R[0xed][0x9]8ujz[0xaf][0x9c][0xc3][0xbe]#[0x8e]'[0x1a][0xe8]4[0xee]Ok/[0xf1]p[0x89][0xf7]>[0xa1]"[0xa5][0x99][0x84]-[0xa3]V[0x98]qS;=RI*t[0xdd][0x94][0x82]+[0xb0][0xab]P[0x1a]Y6[0xc6][0x8f][0xbe][0xa7][0xcb]2[0xaa][0xc9][0x87][0xb2]^[0xb1][0xb1]{([0xeb][0x5][0xbb][0xf2]@[0x6][0xbc]}+[0xf6][0x6]x[0x10]F[0xe9][\n]"
DEBUG wire -  << "[0x8d]\[0xe7]:[0xc1]e[0xae]7[0xd9]z[0x91]d[0x98]\^[0x9][0xf0]3[0xa1][0xa0][0x0][0xd5][0xce][0xdf][0xad]T!~[0xac][0xf2][0xac][0xb0][0x86][0x6].l[0xeb][0xac][0x81][0xdf][0xea][0x93][0xc7]P[0xce][0x1a][0xda]M[0xd6][0x9][0x1b]l[0xab][0xb9][0xc1][0xb6][0xb7][0xd6][0xa8][0x18][0x94][0xd9]7[0x14][0x87]z_[0xb7][0xeb][0xd7]H[0xa9][0xd5][0xed][0x8b]@[0xda]_[0xbf][0xf6][0xab]?a([0xe][0xf9]iu[0xfd][0xa8][0xab][0x9][0xb1];[0x8d]P`[0xf5][0xe3].x[0xbc]"![0xc4][0x4][0xb9])[0xad][0xe9]'][0xed][0xe8][0xcd][0xab]C[0xe9][0x91][0xbf][0x14][0xaa]C[0xd3][0xee]j[0xd4][0xb6][0x8f]/0[0x9][0x8c]w[0xc]'[0xaf][0xe9][0xbf]t[0xc1][0x1f][0xf][0xce][0x8b][0x1f]G[0xbb][0x9]edP[0xab]_[0xff][0xd7][0xcb][0x83][0xe7][0xa6][0xec][0x94][0xda]-[0xbe][0x8f]z[0x9e]|C7[0xf9]`[0xf1]y[0xa8][0xd5][0xcd]K[0xca][0xa3]Z[0xfd][0x1]h[0xc][0x97][0xf][0x91][0xd1][0xe2][0xb3][0xc7]wBy[0x9b]EO[0xa8]M}[0xd1][0x10][0x17]#%[0xfe];#[0x9e][0xf5][0x15]d@[0xde][0xe7]"|.[0xc]m[[0xc4][0xd4][0xb9]][0x5][0x15][0xcc][0x88]y[0x3][0xb4][0xfe][0x12][0xb8]p[0xcf][0xf]N?[0x84]p[0xd0][0xbb]l[0xcc][0xad][0xcf][0xe0][0xf0][0xdc][0x99][0xfc]j[0x8c]r[0xcf]wY[0xd8]\[0xfc][0xaa][0xc1][0xb2][0x90][0xc9][0x8f][0xb]<[0xc][b[0xfe][0x0]eW[0xfc][0x81][0x94][0xa5][0xb8]R[0x9b]j9[0xe8]@[0xd1][0xd8][0xe][0x98]c[0xf][0x97][0xc8][0xaa]oZ[0x9f][0xe7]?[0xc8][0x1d][0x81]v[0x92][0xf2][0x83][0xe3][0xc8][0xf7][0x1e],[0x90][0xa1][0x1f]D[0xb8][0xd6][0xfe][0xcd]h/szYx[0xb][0xdf]T_2[0xfa][0xdb]|F[0xfc]~[0x8c]W[0xc7][0xa6][0x8c][0x80][0x8d][0x9d][0xc9]=[0xa8][0x16];paC[0xee][0xd7]'4[0xf7]}?[0xc2][0x5][0xa8][0xb1]P[0xb3][0xc9][0xcb][0xb2][0xb0][0x3]N[0x89][0xe0][0xc1][0xb2]6[0xf6]C[0x8e]S[0xea][0xd2][0x94][0x15][0xf3][0xe2][0x87][0xe1]BK[0xb3][0xd5][0x9a],[0x8b] [0x9a][[0xa5][0x18][0xb7][0xc2]x8[0xc4][0xaf][0xab]?@[0xae]g[0xcf][0xc4]y[0x3][0xf3]>[0xf3]0[0xbc][0x8a][0x1b]%[0xd5][0xd4][0x15]?[0x4]-.[0xd5][0xa5][0x87][0xec][0x1a]t[0xcc][0xa1][0xc4][0xb3][0x91][0xd3]e^[0xef][0xc3][0xe9]}[0x1a]6[0xc3]v[0x91]xdsvo~[0xa9][0xe5][0xbe][0xae][0xcd][0x7]5[0xb1][0xf7][0xa0][0xe1]w?[0xc4][0xeb]c[0xeb]c[0xf3]S[0xfd][0xfa][0x97][0xec][0xeb][0xda][0xa6][0x85]+[0xd9]Lo[0xaf][0xd7]w[0x3][0x16][0xc5][0x81]wcu[0x11][0xea]Fl[0xb3][0x82]IZ[0xfc][0xc8][0xb6]&[0xeb][0x3]+[0x94]u[0xc5][0xc6][0xd3].5}[0xf]U][0x97]~<[0xfe][0xd4]-V_[0xa3][0x1f][0x8f]>=}[0x8a][0xbf][0x1f]wq'^[0xca][0x88][0x96]%I[0x9f]V[0xab][0xfd][0xca][0xea][0xd7][0x92][0x0]"7[0xb4][0x8a]x[0xbd][0xd8]qvY[0x17][0xdd][0xf4]][0xb0]Lo[0xd4][0xf7][0xbb][0xef]$[0x17]6[0x1b]0\47[0xb2][0xcd][0xe9]0'[0x1e][0xe][0xed][0xab][0x9e]U[[0xdf]MsM[0xdb][0xb5][0xca][0x1f][0x5][0xb7]L[0xe1]`[0x1c][0xe2][0xe7]>[0xeb]7z[0xb3][0xbe][0xb][\r][0xed]Cs[0xba][0x82][0xc8][0xa7]O[0xfb][0x1f][0x6][0x1e][0x8b][0x14]-Y[0x1][0xdd][0xc5][0xc4][0xda][0x89]n[0xe7][0x19][0xd4]7[0x3][0x86][0xb][0xa8][0x5]s[0x1c][0x81]t[0xc1][0x81][0xfa][0xae][0xc4][0x91]r[0xed]F[0xa5][0xdf][0xdc][0xd4]k[0xe8][0x88][0xa6][0x9f]$[0xaf][0xef][0xae]4~$[0x9f]>[0xed][0x93][0x1f][0x1b][0xe9][0x97][0xc1][0xf7][0x1a][0xf8][0x89]o[0xf1][0xc9][0xef][0xc8]u[0xf0][0x93][0xdf]x[0x9e][0xeb]h[0xe2]Q[0x97][[0xf2][0xbb][0xde][0xe2]sR4[0x92][0xab][0xd2]kf[0xbb][0xd5][0xc2][0x9d][0x16][0xdf][0xc3]O[0x83][0x88][0xaf][0x85]c[0x89]C[0xe1][0x19][0x96][0xb][0xf4]'[0xe4]_o[0x8d][0xd3]x[0xc]CM@[0x10]p[0x19][0xda][0xcd][0xd6][0xb6][0xd1]l[0x19][0xad][0xe]im[0xed][0xb4][0xb6]wZmysF [\n]"
DEBUG wire -  << "[0x11][0x18][0xfc]F[0x4][0x86][0xd4][0xff][0xb][0xb4][0xea][0xce][0x89][0xf][0xc6][0x0][0x0]"
DEBUG RequestSpecificationImpl$RestAssuredHttpBuilder - Parsed data to instance of: class org.apache.http.conn.EofSensorInputStream
DEBUG RequestAddCookies - CookieSpec selected: default
DEBUG RequestAuthCache - Auth cache not set in the context
DEBUG PoolingHttpClientConnectionManager - Connection request: [route: {}->http://localhost:2064][total kept alive: 2; route allocated: 1 of 2000; total allocated: 2 of 2000]
DEBUG PoolingHttpClientConnectionManager - Connection leased: [id: 1][route: {}->http://localhost:2064][total kept alive: 1; route allocated: 1 of 2000; total allocated: 2 of 2000]
DEBUG MainClientExec - Stale connection check
DEBUG wire - http-outgoing-1 << "[read] I/O error: Read timed out"
DEBUG DefaultManagedHttpClientConnection - http-outgoing-1: set socket timeout to 10800000
DEBUG MainClientExec - Executing request GET /session/e9c2f5b492893b90288674161d6e7d46/element/0.01484094461664287-4/attribute/href HTTP/1.1
DEBUG MainClientExec - Target auth state: UNCHALLENGED
DEBUG MainClientExec - Proxy auth state: UNCHALLENGED
DEBUG headers - http-outgoing-1 >> GET /session/e9c2f5b492893b90288674161d6e7d46/element/0.01484094461664287-4/attribute/href HTTP/1.1
DEBUG headers - http-outgoing-1 >> Cache-Control: no-cache
DEBUG headers - http-outgoing-1 >> Host: localhost:2064
DEBUG headers - http-outgoing-1 >> Connection: Keep-Alive
DEBUG headers - http-outgoing-1 >> User-Agent: Apache-HttpClient/4.5.3 (Java/1.8.0_161)
DEBUG headers - http-outgoing-1 >> Accept-Encoding: gzip,deflate
DEBUG wire - http-outgoing-1 >> "GET /session/e9c2f5b492893b90288674161d6e7d46/element/0.01484094461664287-4/attribute/href HTTP/1.1[\r][\n]"
DEBUG wire - http-outgoing-1 >> "Cache-Control: no-cache[\r][\n]"
DEBUG wire - http-outgoing-1 >> "Host: localhost:2064[\r][\n]"
DEBUG wire - http-outgoing-1 >> "Connection: Keep-Alive[\r][\n]"
DEBUG wire - http-outgoing-1 >> "User-Agent: Apache-HttpClient/4.5.3 (Java/1.8.0_161)[\r][\n]"
DEBUG wire - http-outgoing-1 >> "Accept-Encoding: gzip,deflate[\r][\n]"
DEBUG wire - http-outgoing-1 >> "[\r][\n]"
DEBUG wire - http-outgoing-1 << "HTTP/1.1 200 OK[\r][\n]"
DEBUG wire - http-outgoing-1 << "Content-Length:99[\r][\n]"
DEBUG wire - http-outgoing-1 << "Content-Type:application/json; charset=utf-8[\r][\n]"
DEBUG wire - http-outgoing-1 << "[\r][\n]"
DEBUG wire - http-outgoing-1 << "{"sessionId":"e9c2f5b492893b90288674161d6e7d46","status":0,"value":"http://pros.unicam.it/bprove/"}"
DEBUG headers - http-outgoing-1 << HTTP/1.1 200 OK
DEBUG headers - http-outgoing-1 << Content-Length:99
DEBUG headers - http-outgoing-1 << Content-Type:application/json; charset=utf-8
DEBUG MainClientExec - Connection can be kept alive indefinitely
DEBUG PoolingHttpClientConnectionManager - Connection [id: 1][route: {}->http://localhost:2064] can be kept alive indefinitely
DEBUG PoolingHttpClientConnectionManager - Connection released: [id: 1][route: {}->http://localhost:2064][total kept alive: 2; route allocated: 1 of 2000; total allocated: 2 of 2000]
DEBUG BasicClientConnectionManager - Get connection for route {}->http://pros.unicam.it:80
DEBUG DefaultClientConnectionOperator - Connecting to pros.unicam.it:80
DEBUG RequestAddCookies - CookieSpec selected: ignoreCookies
DEBUG RequestAuthCache - Auth cache not set in the context
DEBUG RequestTargetAuthentication - Target auth state: UNCHALLENGED
DEBUG RequestProxyAuthentication - Proxy auth state: UNCHALLENGED
DEBUG DefaultHttpClient - Attempt 1 to execute request
DEBUG DefaultClientConnection - Sending request: GET /bprove/ HTTP/1.1
DEBUG wire -  >> "GET /bprove/ HTTP/1.1[\r][\n]"
DEBUG wire -  >> "Accept: */*[\r][\n]"
DEBUG wire -  >> "Host: pros.unicam.it[\r][\n]"
DEBUG wire -  >> "Connection: Keep-Alive[\r][\n]"
DEBUG wire -  >> "User-Agent: Apache-HttpClient/4.5.3 (Java/1.8.0_161)[\r][\n]"
DEBUG wire -  >> "Accept-Encoding: gzip,deflate[\r][\n]"
DEBUG wire -  >> "[\r][\n]"
DEBUG headers - >> GET /bprove/ HTTP/1.1
DEBUG headers - >> Accept: */*
DEBUG headers - >> Host: pros.unicam.it
DEBUG headers - >> Connection: Keep-Alive
DEBUG headers - >> User-Agent: Apache-HttpClient/4.5.3 (Java/1.8.0_161)
DEBUG headers - >> Accept-Encoding: gzip,deflate
DEBUG wire -  << "HTTP/1.1 200 OK[\r][\n]"
DEBUG wire -  << "Date: Mon, 14 Jan 2019 17:23:54 GMT[\r][\n]"
DEBUG wire -  << "Server: Apache/2.4.18 (Ubuntu)[\r][\n]"
DEBUG wire -  << "Vary: Accept-Encoding,Cookie[\r][\n]"
DEBUG wire -  << "Cache-Control: max-age=3, must-revalidate[\r][\n]"
DEBUG wire -  << "Content-Encoding: gzip[\r][\n]"
DEBUG wire -  << "Content-Length: 13644[\r][\n]"
DEBUG wire -  << "Keep-Alive: timeout=5, max=100[\r][\n]"
DEBUG wire -  << "Connection: Keep-Alive[\r][\n]"
DEBUG wire -  << "Content-Type: text/html; charset=UTF-8[\r][\n]"
DEBUG wire -  << "[\r][\n]"
DEBUG DefaultClientConnection - Receiving response: HTTP/1.1 200 OK
DEBUG headers - << HTTP/1.1 200 OK
DEBUG headers - << Date: Mon, 14 Jan 2019 17:23:54 GMT
DEBUG headers - << Server: Apache/2.4.18 (Ubuntu)
DEBUG headers - << Vary: Accept-Encoding,Cookie
DEBUG headers - << Cache-Control: max-age=3, must-revalidate
DEBUG headers - << Content-Encoding: gzip
DEBUG headers - << Content-Length: 13644
DEBUG headers - << Keep-Alive: timeout=5, max=100
DEBUG headers - << Connection: Keep-Alive
DEBUG headers - << Content-Type: text/html; charset=UTF-8
DEBUG DefaultHttpClient - Connection can be kept alive for 5000 MILLISECONDS
DEBUG RequestSpecificationImpl$RestAssuredHttpBuilder - Parsing response as: text/html; charset=UTF-8
DEBUG wire -  << "[0x1f][0x8b][0x8][0x0][0x0][0x0][0x0][0x0][0x0][0x3][0xed]}[0xdb]v[0xdb]F[0xb2][0xe8]s[0xfc][0x15]md[0xc7]"[0x13][0x0]$HQ[0xa2]$S[0x19]Y[0x96][0x12][0xcf][0xf8]v$y[0xb2][0xb3]mo[0xae]&[0xd0]$a[0x83][0x0][0x3][0x80][0x92][0x18][k[0xcd][0xfb][0xf9][0x85]}[0xd6][0xca]?[0x9c]?[0xf0][0xa7][0xcc][0x97][0x9c][0xaa][0xea][0xc6][0x95][0xa0][0xa8][0xb]3[0x97][0xb3][0x92][0xbd][0xc7]"[0x1a][0xdd][0xd5][0xd5][0xd5][0xd5]u[0xeb][0xea][0xc6][0xe3][0x87]O_[0x1d][0x9e][0xfd][0xfc][0xfa][0x88][0x8d][0xe3][0x89][0xb7][0xff][0xe0]1[0xfe]a[0x1e][0xf7]G=M[0xf8][0xc6][0x9b]S[0x8d]MC1t/{Z0[0xda][0x85]J[0xf1]t[0xb7][0xd1][0x8]FSs"[0x1a]~[0xf4][0xb5][0xb6][0xff][0x0][0xda][0x8][0xee][0xec]?[0xf8][0xea][0xf1]D[0xc4][0x9c][0xd9]c[0x1e]F"[0xee]m[0xbc]9;6[0xba][0x1b]i[0xb9][0xcf]'[0xa2][0xa7][0x9d][0xbb][0xe2]b[0x1a][0x84][0xb1][0xc6][0xec][0xc0][0x8f][0x85][0x1f][0xf7][0xb4][0xb][0xd7][0x89][0xc7]=G[0x9c][0xbb][0xb6]0[0xe8]Ag[0xae][0xef][0xc6].[0xf7][0x8c][0xc8][0xe6][0x9e][0xe8]Y[0x1a]B[0xf1]\[0xff]#[0xb][0x85][0xd7][0xd3][0xa6]a0t=[0xa1][0xb1]1[0xa0][0xd6][0xd3][0x14]R[0xa3][0xc9]td[0x6][0xe1][0xa8]q9[0xf4][0x1b][0x16][0xb5][0xf9][0xea]q[0xec][0xc6][0x9e][0xd8][0xf2]:[0xc][0xfe]*[0x98][0xc1]^[0x9f][0xbc]:[0xc5]l[0x11]E"b[0xdc]w[0xd8][0xa9][0x8][0xb1][0xe7][0x88]=[0xe7][0x83][0xc7][\r]Y[0xff][0x1][0xcb][0xfd][0xf7]8[0xb2]Cw[0x1a][0xb3]x>[0x85][0x1][0xc4][0xe2]2n|[0xe0][0xe7]\[0x96]j[0xcc]u`[0x8][0xd3][0xd9][0xd0]@[0xa2][0xcd][0xf8]H[0x18][0xea]M[0x11][\n]"
DEBUG wire -  << "[0xfe]w[0xce]C&[0xc2]0[0x8][0xfb]Q[0x1c][0xf6][0x83][0xc1][0x7][0xd6]c[0x9f][0x16]j[0xe1][0x1b][0xa1][0xf8]e[0xe6][0x86][0xc2][0xd9]`[0xbb]l[0xc3][0x8d]X[0xfa][0xac]W[0xd7][0x9f][0xb8][0xd1][0x84][0xc7][0xf6][0x98][0xea];[0x1][0xc][0xc7][0xf]b&[0x8b][0x96]49[0xe7][0x9e][0xeb][0xf0][0xd8][\r][0xfc][0xa4][0x13]lB[0xa5][0x1b][0xb]-[0xae][0x8a]$i[0xc8]1[0x16][0x87][0xf8][0xe0][0xf1]C[0xc3]`gc[0x80][0x14][0xb9][0xb1]`[0xf0]7[0x98][0xc6][0xee][0xc4][0xfd]U8[0xec][0xc2][0x8d][0xc7],[0x1e][0xb][0xf6]s[0xc0][0xa3][0x98][0x9d][0x1e][0xbd]bSo6r}v[0xbe]cn[0xc2][0xd4][0xe0],F0[0x8d]s|o[0xda][0xc1][0xa4]q[0x11][0x84][0xe]0_[0x14]5d[0xcd][0xa8][0x11][0x89][0xa0][0xc1][0xc][0x3][0xd8]4c[0x6][0x9b][0xfb][0x81][0xef][0x2][0x9f][0x94][0xd8][0x1][0x98]$2g[0xf8]fb[0xba]qc[0x0][0xcf][0xe7][0xa2][0xa1][0xb1][0x6][0xb4]&[0x86][0x84][0x82][0xa9][0x8][0xe3]9q[0xb6][0x17] [0xa7][0xe5][0xb8]R[0xf8]}d[0xfe][0xea][0xda][0xc8][\n]"
DEBUG wire -  << "[0xb9][0xba]<[0x8c]][0x1b][/[0xa9][0x8d]<[0x95][0xab]~Sn\[0x6][0xcf][0x11][0x92][0xfa]0s[0x8b]PkOf[0x91][0xeb][0x3]@[0x6][0xcf][0x8][0x98][0xfd]U[0x84][0xee][0xd0][0x15]a[0x1d]'[0x4][0xd6]![0x90][0xc1]c[0xe7]Th[0xd3][0xf4][0xb3]a[0x8]k[0x13][0xa8][0xfd][0x91][\r][0x83][0x90]=y[0xfd][0xe2]%k[0x99]M[0x13][0xa6]R[0x0]R[0xdc][0x9b]G[0xd0][0x12][0xfe][0xc0]#[0x98]Ih[0xc0][0xb1][0xe2][0x84]{[0xc][0xb1]"[0x18][0xf0];[0x12][0x13][0xee][0x3]!"[0xe6][0x80][0xc0][0xf0][0xa1]&B[0xc3])O [0xb2]I[0xe0][0x8][0xf][0xa6]n[0xc4][0x92][0xc5]b2[0x85][0xb7][0xf0][0xf9][0xc0][0x83]qc[0xfd][0x2]r[0xc1]0[0x19][0xbd][0xb][0xaf][0xa3][0x99]=f[0x1c][0xfe][0x6]3[0xdf][0xa1]a"[0xd5]">[0x14][0xf4]0[0x8][0x80][0xcb]x[0x8c]-[0xec][0xe4][0xa5][0x1d]x[0x1e][0x1f][0x4][0x12]O[0xe6][0x9][0x18][0xbe][0xc9][0xe][0x1c][0xc7][0x95]x{s[0x1d][0xf0][\n]"
DEBUG wire -  << "[0x5][0x8b][0xa6][0xc2][0xc6]n[0xf3][0xdd]q(4F[0x9c][0xa7]{[0xcb][0xa6]c[0x16]z[0xb9]i[0xb8][0x13][0xf7][0xe1]r[0xe9][0xa3][0x80][0xcc][0x1][0xba]#s[0xb8][0x13][0xa0][0xea]J|.[0xa6][0x86][0xaa][0xd1][0x98]M[0xbd][0x80];Q[0xa3][0xd5][0xb4][0xb6][0x1b]V[0xb3][0xf1]R\[0xc8])y[0x1e][0x8c][0x2]s[0xea][0x8f]r=I[0x19][0x1e][0xc3]Z[0x8e]E[0xb8]k[0xf3][0xd0][0xc9][0xf5][0x14][0xcd]&[0x13][0x1e][0xce][0x97]V[0xff][0x83]m[0xff][0xa1]l[0xfb]6[0xe1][0xdb][0xf7]Kgd[\r][0x82][0xa9][0x8][0xf0][0xf7]b[0xbe][0xbc][0x6][0xde][0xe0][0xd3][0xa9][0xa7][0xa8][0xdc][0xf0][0x9c][0xef]>D[0xa0][0xc0][0xf6]?i"[0x98][0x97][0xb1][0xb6][0xab]%[0xaa]$[0xb2][0xc7]0[0xb9]h[0x13]h[0xba][0xf6]'[0x12][0xda][0xbb][0xda][0xab]p[0xc4]}[0xf7]Wj[0xf][0xc5][0xb8]zw[0x97] [\n]"
DEBUG wire -  << "[0xaf]#[0x18][0xdf]A[0xa4][0xed][0xbe]M[0x81]^\\[0x98][0xf3]`[0x16][0xcf][0x6][0x82][0xb4][0x14][0xd8];[0xbe]/[0xbc][0xc6][0x9b][0xc3][0xfe][0xe1]/[0x97]/[0xe2][0xa7][0xc3][0xf0][0x87][0xff][0xba]x5[0xfa][0xaf]_[0x6][0x83][0xa6][0x8]F[0xda]{[0xe8][0xdb]u[0x96]v[0xf2]uPD[0x88][0xc4][0xc0][0xee][0xca][0xe5][0xaf]k[0x1e][0x90][0x8]*jW[0x99]6&[0x5][0xdc]XP[0xb1]&[0xe9][0xcc][0x9c][0xd2][0xdc]p[0xfc][0xc8]@[0xbb]N[0x90][0xc9]@zs[0xa3][0xd1][0x98][0xf0]K[0xdb][0xf1][0xcd]A[0x10][0xc4]`[0xa0][0xf0])>[0xc0][0x10]7h[0xe]V5[0x1e][0x2][0xf9]#s[0x14][0x4]#O[0xf0][0xa9][0x1b][0xdd][0xbc]ed^[0xe0][0x1c][0x95]*k[0xdc][0x3][0x96][0xf2]y[0xc][0xc]%M[0xaf][0xfc][0xc4][0x87]Q[0xf4][0xdd][0xe5][0x4][0x4]/[0xf1][0xf0]Ji[0xc9][0x1e][0x85][0xfc][0x97]Y[0xb0][0xc7][0x8e][0x85]p[0xae]7[0x14][0x86]PC[0x9][0xea][0xdf][0x19][0x97][0xc3]`2[0x81]E[0x10][0xdd][0x0])[U[0xcd]a[0x7][0xc6][0xed][0xb5][0x86])[0xd6][0xf8][0xea][0xc2][0xf5][0x9d][0xe0][0xc2][0xec]_L[0xc5]$[0xf8][0xe0][0x9e][0x8a]8[0x6]1[0x16][0xa1][0xdd][0xa9][0xa1]X|[0x93]r[0xb4][0xfb][0xae][0xf1].[0x99][0x8a]w[\r]Z[0xc9][0xd1];[0xe8]8[0x14][0xef][0x1a][0xd4][0xf8][0x1d][0x18][0xd5][0xef][0x1a][0xdb][0xad][0xcb][0xed][0xd6];\[0x1a]r[0xad][0xd1]"[0x85]ur>[0xba]=,hD[0x90][0xe0][0xef][0x91][0x4][0x6][0xbf][0xf0]9[0x98][0x85]6,[0x82]O[0x1a][0xac]i 25I[0x16][0x10][0x82].R[0xe7][0x1d]J[0x14][0xd7][0xb7][0xbd][0x99][0x83][0xdd]|[0x88][0xa8][0x80][0x1a][0x19]0{[0x2][0xc6]iN`[0x15]|[0x88][0xbe][0x7][0x11][0xdd][0xeb][0x80][0x8e]hiWW{H[0xa0][0x87][0xc3][0x99]o[0xe3],[0xd6][0xb8]>[0xd0][0xed][0xfa][0xa7][0xe4][0x99]9XR[0xff][0x84]6[0xbb][0xdd];[0x8d]C[0xa0][0x9b]9[0xc][0x83][0xc9]![0xf8]7[0x87][0xa0][0x10][0xf6]<[0x13]l>[0x1e][0x9e][0x8];[0xae]5[0xf5][0xa6][0xfe][0xd1][0x94][0xce][0xcb]Gs,[0xdc][0xd1]8[0xae][0xeb][0x9e][0x9]n[0x8a]w[0x6][0x84][0xaa][0xd9]&r[0xcc][0xbc][0x16][0x83]u[0xac][0xf3]:To[0xd6][0xf7][0x10][0xb6][0xd3][0xfb]h[0xc6][0xc1]S[0x1e][0xf3]7'[0xcf]k[0xf5]{@[0x1d][0xe4][0xa0][0x8a][0x12][0xd4]P[0xc4][0xb3][0x10][0xc6][0xd4][0xeb][0xf5][0xc4]U:DQ[0xe3]r[0x80][0x83]=wX{[0xe8]}[0xfe][0xfc]0[0x3]^[0x97]m[0x1e]Z{[0x11]Hw{\[0xf3]Ld[0xb1]'@MX[0x17][0xc8]p[0xc1]TCd[0x2][0x94][0xf4][[0xcd]&k[0xb7][0xa6][0x97][0xec] [0x4][0xbf]M[0x83]!~[0xb2][0xa1][0xa6]6[0xf4][0xf8]H[0xdb]U[0xa0]j[0x83][0x9e]S{[0xdb][0xe9][0xb4];[zg[0xab][0xdb][0x82][0x93][0xdf][0xd6][0xce]{[0xbd][0xf0][0xa6][0xdb]j[0xb6][0xb][0xaf][0xeb][0xf5]G[0x8f][\n]"
DEBUG wire -  << "[0x0][0xb6][0xdb][0xed][0x16][0xbc][0xb3]Z][0xf8]w[0xb3][0xd5][0xce]~[[0xdd]\[0xb9][0x95][0xfd]n7[0xab][0xeb]ong[0x9d][0x13]T[0xd9]y[0xae]j[0xb1][0x0][0xe0][0x97]jX[0xa5][0x2][0xe8]i[0x5][0xc][0xe8][0xb3][0xae]?[0x1c][0xd4][0xf7][0x88]L[0x8a][0xc3][0xd5]4[0xa5][0xa3][0xc4][0x9a][0xdb][M}g{[0xa7][0xa5]ou[0x9a][0xed][0x84]J[0xc9][0xb][0x82][0x99]{[0x8b] [0xaf][0x92][0x89][0xcb]&z[0x98]L[0xb4][0xdd][0x1b][0x98]v(`I[0x1d]y[0x2]%JMS[0xe2][0x2][0x10]1[0xa3][0xd0][0xee]q[0xdd]6[0xc1][0x10][0x82]ub[0x9b][0xd5][0x82]E[0x1f][0x98]#[0x11][0xab][0xf6][0xd1][0x93][0xf9][0x19][0x1f][0xbd][0x4][0x9d]U[0xd3]0[0xc][0xa0][0xd5][0xdf]6[0xdf]#W[\n]"
DEBUG wire -  << "[0xdf]9[0x1c][0xbb][0x9e]S[0xb3][0xeb]W[0xd8][0xf3]H[0x1f][0xeb][0xae][0xfe]A[0xff][0xb8][0x88][0x1]xp[0x0]\[0x3][0xce][0x6][0xae][0x5][0xd0][0x87]R[0x91]?z[0x94][0xaa]i-[0x0][0xbe][0x7][0xb6]Y[0xed]C[0xef] [0xc][0xf9][0xbc]&[0x99]KW[0xc4][0xab][0x3][0xe2][0xd1]l[0x8a][0xc1][0x85][0xa8][0xf7][0x9][0xcc][0xa5]p[0xe][0xcb][0xc2][0x1f][0xed]>l[0xea][0xd9][0xd3][0xd1][0xa5]-[0xa6][0xf1]14[0x84][0xf2]+[0xdd][0xed]5[0xf7][0xdc][0xc7][0x1f]LO[0xf8][0xa3]x[0xbc][0xe7]~[0xf7]]=[0x83][0xf2][0xf6][0xc3][[0xf7][0xfd][0xfb][0x9e][0xa8][0xe1][0xdf]<x3[0x83][0xd7][0xab],}[0xf4][0xa8][0xc]E[0x97][0xc8]>[0xec][0xf5][0xf0][0x11]8[0xb9][0xb2]][0x86]]5[0xdc][0xec][0xfd]b[0xf]4[0x81][0xf7][0x3][0xf9]0W[0x3][0xd1][0x85]!?}[0xf5][0xe2][0x4][0xa6]u[0xde]{h[0xc1]S[0x88]?[0xf][0xc1][0xf8][0x1c]p[0xfb]c/[0x15][0x9d][0xb0][0xd6]s[0x15][0x81][0xac][0x95]=}[0xfe]\[0x1b][0x17][0xdb][0x14][0xc0][0xd5][0xea]W[0xc0]Y[0xdc]q[0x8e][0xce][0x81]+[0x9e][0xbb][0x11][0x18][0x88]"[0xfc][0xbe][0xb6]XV[0xd3][0xa0][0xb3]CiA>[0x7][0xf3][0x11][0x94]'0[0xd7]C[0xab][0xae][0xf3][0x8a][0xba]h`[0xaa][0xf7][0xf5][0xdd][0x1a][0xd4][0x88]cn[0x8f][0xa9]RM[0xb]|[0xf5][0xba][0x8e]}[0x17][0xdf][0x10]vQ[0xc][0x9c][0x8a]&[0x1e][0xd8][0xb5]z[0xe]y[0xd0]L[0x93][0xa9]'[0xc0] [0x0][0x91]:[0x90]#9[0xc5][0xba]81[0xe5]q[0xd5][0xeb]:Q[0x9f][0xd4][0xda][0xe7][0xcf][0x9f][0xae][0xf4][0x91][0x99][0xd3]l[0xdf][0xf]k[0x85][0xe7][0xfa][0xee][0xc8]T[\n]"
DEBUG wire -  << "[0xfb][0xd1][0xa3][0x91][0x19]_[0xa8][0x9f]5[0xac][0xa7][0x9e][0xea]:>[0xa8]Z[0xf5]z[0xfd][0xaa]&U[0xbd][0xee][0x4][0xf6][0xc][0x97][0x95][0xbe]D[0xf5][0xd7]Q[0xed]e[0x16]#Z[0x11][0xf1][0xdc][0x13]y#[0xc2][0x8e]"[0xb0][0x1e][0xdc][0x9][0xc2]7[0xa2][0x89][0xeb][0x89][0xb9]N[0x8f][0x4][0x88]}z[0xf0][0x95][0xe3]FS[0x8f][0xcf]w[0x99][0xeb][0xa3].`[0xf][0xdd][0x9][0xce]6[0xf8]Q[0x0][0x1d]|[0x16][0x7]|[0x1][0xf0][0xd8][0x16][0xdf]\[0x1a][0xd1][0x98][0x3]ZUo[0xa5]~[0xdb]e[0x96][0x98][0x14]_[0x90][0x2][0xac]([0x7]o[0x13][0x8c][0xdb]][0xd6]dfs[0xbb][0xfc][0xf2][0x1c]]![0x9b]{[0x6][0xf7][0xdc][0x11]T2[0x9a][0xe6][0x2][0x0][0x9c][0x9e]Q[0x88].Y[0x15]>S[0xe0]%[0x94][0x1f][0x0]?_~[0xf5][0x0][0xa8][0x87]$+X[0xb6]T[0x12][0x8d][0x85][0x88]70"[0xb8][0x1][0x94][0x1b]x[0x81][0xfd][0xd1][0xf0][0xdc]A[0x8]^[0xb1][0x1]D[0xdd]`[0xca][0xe4]][0xea][0x16]%F[0xc]NA[0x3][0x88][0x1c]7[\n]"
DEBUG wire -  << "@d[0xbf]d[0xcb]@[0x85][0xcc][0x98][0xd9]P[0x9e]Q2{[0x1b]l"[0x1c][0x97][0x83][0xab][0xe4]ye[0x13][0xbc][0x8c][0xe8]XD[0xb1][0xcb][\r][0xdb]sQ[0x9a][0x1b][0x3][0x1e][0xde][0xc][0xd5][0xc4][0x83]KBs[0xe0][0x0]O[0x84][0x1b]y[0xc2][0xc0][0x95][0x1][0xe][\r][0x18][0xc6][0xc1]`x[0xd9][0x7][0xe7]y[0xe6][0xe1][0x90][0x92]b[0xc3][0x13]#n[0xcf][0x1b][0x1c][0xac][0xe3]X[0xe]U"[0xd1][0xc8]![0xb1][0xbe][0x1]:<[0x1a][0xbb][0x80]mt[0x97])H[0xda][0xae][0x97][0xe6]H[0x17]C[0xd2][0xc5][0x98][0xce][0x6][0x88][0x98][0x1]kvfH<[0x9b][0xb][0x98][0xa2][0xdf][0xb9][0xc4]9#[0xbf][0xcb][0xe0][0x17]"[\n]"
DEBUG wire -  << "&[0xa2][0xb1]in[0x9b]MB=_\[0xc0][0xbe][0x5]U[0xda][0xbf]#[0xf6][0xd6][0xef][0xc4]?Y[0x17]4>[0xe8][0x19][0x1c][0xb0][0xf5][0x8d]*[0xa5][0xeb][0xed][0xd0]'[0xb4]S[0x6]V,[0x9d][0xc2]"L[0xd3][0xa7][0xc2]4XkZ[0xb8]4[0xcf][0x91][0xfb][0xab][0xb8]!_[0x8b]x[0xca]8[0x4][0xb0][0xc4]6 @w[0xee][0x83]p[0x9e]#[0xd7][0x80]k[0x81][0xef][0xaf][0xe5][0xf8]5[0x91][0xba]O[0xc5][0xf7][0xc1]|Q|[0xdf][0x94][0xaa]RG/[0xe0]"[0xd5][0xaf]D[0xa9][0x4]b[0xff][0x81][0xa9]8[0x4][0xfc]4[0x94][0xa8]:+[0x15]0[0xf4],[0xc1][0xc0]V[0xfa][0xd1]8[0x98]NA[0xe1][0xf5]m[0x1e][0xc6][0xcc][0xc4][0xfb][0x1e][0xe8] T[0xf8]_[0xe5]t%[0xc][0xce][0xb]@[0xbf][0xdd][0xde]jw[0xda][0xdb][0xf0][0xf2][\n]"
DEBUG wire -  << "[0xfe][0xb7][0x4]83=>[0x10][0x9e]1[0x4];[0xb][0xed][0xf][0xb0][0x18][0xa6][0xb3][0xf8]-![0x1b][0x81][0x9f]k[0x8f][0xdf][0xef][0x1a][0x17]b[0xf0][0xd1][0x85][0xb9][0x9b][0xc5][0xb8][0xaf][0xe7][0xc9][0xe][0x93][0xd2][0xbc][0xd1][0x0][0x82][0x2]@6[0xf1][0xff][0xc0][0xd5][0xdc][0x81][0xff][0xe0]O[0xe][0x8f][0x9b][0xe][0xf9][0x6]X[0xad]&[0x17][0xd5][0xa3][0x88][0xb2][0x89][0xff][0x18]H[0x9d][0xe9][0xee]@[0xc0][0x83]X[0xd9][0x1a]X[0xc6][0x99][0xd9][0xf7][0x85]R[0x98]2[0xd5]HR/[0x99][0xa3]![0xfd][0x87][0xb4]a[0xf7][0x9a][0xa4][0xc2][0x94] [0x93][0x19]8S[0x8a][0x15]T/93[0x89]U[0xcc][0x6][0xe3][0x15][0xe3]Q?[0xc][0x9f][0x9f]3[0xcf]e|[0x19][0xf6][0xb][0xb0]v[0xc7][0x1],[0xa0][0x1b]@[0x94][0x15][0x8b]p[0x5][0xfd]'9[0x17][0xfe][0x5][0xc4][0x90]8[0xd0][0x82] 8a0[0x5]v[0xf3]I[0xab][0x1][0xc][0x5]a[0x1f][0x6]pm[0xb5]![0x98][0xde][0xd1][0xea]j[0x1c]|[0x88]s[0xb1]PO[0xfe]%[0xb4][0xf7][0x11][0xf1][0x15]h[0xc][0x2]g[0xbe][0xeb][0x7]q[0xcd][0x1c][0x83][0xbc][0xab][0xa7][0xed][0xc1]w[0xe7]3/.[0xc1]3e[0xa7][0xb2][0xc1] [0xf6][0xeb]k[0x4][0xa3]fbM[0xc0][0x88][0x88][0x8],[0x9d]a$[0x12]n5[0xa1]A=b[0xdc][0xc4]][0x8f][0x18][0xfc][0xf7]k^[0x1b]([0xcb][0xf3][0x15][0x14][0x9f][0xe7]p5[0xc7]<2[0xb8]m[0x83][0x94][0x96]\L[0x1c][0x82][0xdb][0xd8][0x8a][0xa7][0x9b][0xbc][0xb5][0xd3][0xe1]{J[0xbc]a[0x8b])[0x7]KEn[0xc7]D`[0xa1][0x98][0xf6],[0xc][0xd1][0xd3]b[0xcb][0xde][0xa8][0xc1],[0x9f]cM[0xe9]5[0x19][0x85][0xce][0xb3][0xbe][0x7][0xb3]8[0xe]|=[0xfd][0x95][0x1b][0xc7]E[0x10]Pt[0x18]\K`[0xfe][0x10][0xc4]t[0x9f]@1YS[0xae]b-[0x9a][\r]&n[0xac][0xbd][0xbf]C[0x93][0xac]/[0xc7]=[0x7][0x97][0x10][0xc5]TD[0x1a][0x8e][0x83][0xf2]A![0xa2][0x8a][0xf0][0xdf][0x2][0x8][0x9][0xe1]}ZA>[0xaf][0xf]R[0x86]YN`i[0xb2][0x9d][0x1c]jUyu[0xab]<[0x81][0xaa][0xca]K[0xad][0xbe][0x96]rQ[0x8d][0x88]][0xcb][0x1e][0xd7][0xbc]L8[0xe4][0xba]*[0xd9]T[0xc3]"[0xc1][0xff][0x19][0xd3][0xd0][0xc5][0x9d][0xd6][0xaa][0xb2]][0xe4][0xfc][0xca][0x17][0xb9][0xd5]P~[0x95]C[0xa2][0xfc]J[0xae][0xd1][0xca]w[0xe6][0xea]w[0xd7]@Nj,[0x1d][0xdd]n[0xa1][0xc2]5[0xc8][0xad]F?[0xbf][0xea][0xa5][0xb6][0x88]\G[0xa0]$[\n]"
DEBUG wire -  << "[0xa6][0xc2]O[0x1b][0x81][0x15]'[0xaa]*[0xd9][0x1e][0xbc]XYk[0x1][0xd4][0xf2]^[0x17][0x1][0xde][0x2][0xc3]LB[0xde][0x0]lV[0x97]4[0xbc][0xd2][0xf3]y[0xfe]Q0h[0x1b][0xdd]D[0xed]=[0xc]<70[0xdc]XLv[0xfd]xl[0xd8][0x14][0xc4][0xdd][0xf2][0xbf][0xb3][0xea][0xca]LH[0xb4][0x96]![0xed][0xc4][0xe4]Wb[0xf3]fF[0x85]\pQ[0xf2]#[0x95][0xba][0x99])[0x99][0x17][0xc2]e[0x3]3[0x95][0xc7][0x15][0x96][0xe7][0x82]l[0xfe][0x13][0x19][0xcc][0xac][0x6]N[0xb2][0xa1][0xc2]E[0xdb][[0xdd][0xe9]e[0x9d]}b[0xa4][0xe2][0xbf][0xba]F[0x17][0xed]{[0xee]~N3[0xac][0xae][0x9a]R[0xb5]R{[0xa7][0x8a]{Q[0x85][0xb3][0x8a]nn[0xd1]v[0xb1]_I[0xd9][0x4]B[0x1c][0x8c]F[0x9e]X[0xd1]E[0xde][0x90]`[0xae]T>[0x99][0xda][0xcb][0xd3][0x96][0x88][0x9b]([0xa0]T[0xb5][0xe7][0x94][0x87][0x1]"[0xb][0xd4][0xbc]RI[0xf8][0xf6][0xad][0xed][0x81]{[0xf6][0xdf]=m[0xe8][0x19][0xda][0xfb][0xba]2[0x6][0x14][0x9b][0xda]a[0x0]&c[0x1c][0xa0][0xad][0xa6]^[0x15][0x10]We[0xc4][0xc6]u}E[0xa7][0xe6][0x8a]^o[0xd9])w[0x9c]~[0x1c][0x90][0x1d][0xdd][0x97][0x90][0xeb][0xeb][0xd5]x[0x95][0xba][0x86]-S]U[0xc2]L[0xcf][0xc][0x99][0xb2][0xfb][0xb0]\[0xd5][0xaf]G[0xde][0xa5]k[0xb1][0xca])k2[0xdc][0xf7][0xc3][0xff]5Y8[0x1a][0xf0][0x9a][0xd5][0xd4]7-}[0xa7][0xa9][0x83]o[0xbb]Y[0xd7][0x9b][0xac][\r][0xef],[0xf8][0x9f][0x81][0x95][0xca]UZX[0x3][0xdf]v[0xaa]![0xb4](bM[0x82][0xe0][0x1f][0xdd]ib[0xf8][0xa1]y[0x89][0x8e][0x6]G[0xb]-[0x99][\r][0xa6][0x8a][0x95][0xd8]K[0xca]+[0xc4]V[0x95][0xc0][0xba][0xf]k[0xdf]vAU[0xf0]v[0x95][0xcd][0xfe][0xf]Z[0xd8][0xeb]6'[0xaf]7[0xe7][0xae]7[0x11][0xaf]3[0xea][0x16][0xdd][0x87][0x1b][0xad][0xba][0x9c]&[0xbf][0xd6] [0xfc][0xa7][0x9a]g[0xb7][0xb5][0x9c][0xd8]MD[0xc9][0x1d][0xed][0x9d]k[0xcd][0xde][0xa5][0x91] X[0xbd][0x9b]([0x0][0xb6]p[0x85][[0xb0][0xc4][0xcb]Kx[0x93][0x96]8[0xd5]igk[0x1c]3*[0xd4][0x2][0x87][0xb7]][0x14][0x11][0x18]I2:[0x95]2[0xa2]Z[0xf0][0x94]:^h[0xb7][0xae][0x9e][0xf3]Q[0x90][0xbc]4[0xca][0xc2]D[0xa6][0x8b][0xab][0x4][0xa6]P[0x80][0x1c][0xa2]b\F[0xb0][0x18]I[0x8][0xe5][0xec]&[0xca][0xc0][0xd9]M[0xa5][0xf7]([0xe4][0xe][0xee][0xb4][0xd4]0z[0xc8]C[0xdd][0x13][0xc3][0x98][0xc1][0xda][0xd5][0x19][0xfd][0x1a][0x4][0xc0][0xd7][0x13][0x1d][0x93]]jJr[0xd5][0xf5]8H[0xd7][0xf5][0xbb][0x0]rZ[0xf8][0x12][0x90][0xfa]-[0x87][0xb9][0x1c]O[0x9]5[0xeb][0xa5][\n]"
DEBUG wire -  << "[0x19]}ie[0xd9][0x89][0x9e]t[0xb6][0xa4][0xaf][0x1b][0xf5]q[0x13][0xd8][0xc9][0xf4]H[0xc9]W[0x94][0x82]![0xf7][0x81][0xb7][0x91][0xad][0xeb]h[0xa5][0x11][0x8f][0xea][0xc8][0x92][0xe7][0x9a][0x81]oD[0x82][0xf6][0x9a]K![0x9b]\[0xa0][0xca][0x1c][0xce]<<![0x11][\n]"
DEBUG wire -  << "![0x8d][0xc4][0x8a][0xee]V[0xf7][0xb6][0x0][0x85]-[0xb3]&W[0x8e],u[0x5][0xf2]Rce[0xa3]4~[0x87][0xbd][0x19]R[0xb4][0xe6][0x3]#_[0x15]B"[0x9][0x95][0x95]2[0x1e][0xba][0x98][0x98][0x97]N[0xc]Y[0xfb]_[0x15][0xf6]u[0xcb]S[0xb7][0xd9]q[0xc4]HWKn[0xab][0xab][0xb7]vt[0xab][0xdd][0xd2][0xc1][0xbb]i~C[0xc5][0xb5]V{S[0xef]l[0xeb][0x96][0x5]eV[0xb3][0xf9]M}[0x8f]=Hb[0xdc][0xe0][0xae][0xa8][0x9e][0x13][0x80][0x89][0xb3][0x92][0xda][0xcf][0xbc]k9[0xdd][0xcd]=[0x96]6([0xb9];[0xe5][0xf6][0x8b]~O[0x95][0xc7][0x93][0x87][0xca][0x16]![0xcb]z[0xb][0xb8][0x1c]u[0xf0][0xff][0x96][0xe3][0xb2][0x0][0xe0]f[0xc8][0xe4][0xc1]>X[0xd0][0x1c]R[0xd7]cU[0xe1][0x18][0x89][0xbd][0x91]0[0xa1][0x81][0x82]![0xf7][0x18]RN[[0xf6][0xfc]a[0x16][0xc5][0xb4][0xcb][0xa7][0xca][0xe4][0xae][0x1f]8[0xa3]u[0x9d]U[0xea]w[0xaa]%[0xb9]F[0x19][0x4]P[0xb3][0xda][0xa8][0x1]G[0x13][0x86][0x81]<W[0x8][0x80])[0x1f]*_[0xf3][0x89]tXK[0x15][0x95][0xfa]O[0x9c][0xae][0xc1][0xcd]+[0x99][0xdc][0x8b][0x97]U[0xfc]:[0x14][0xd1]4[0xf0][0x1d][0xa6]L[0x10][0x15]Q*[0xe0]#=m[0xc]p[0x1a][0xd3] [0x8a]K[0x90][0x94][0xf7][0xed]y[0x1c][0xd6][0x2][0xf7]"[0xb5]w[0x13][0x7][0xb1]|[0x18][0xb][0xfb]c0[0x8b][0x8d]*[0x84][0x8d][0xe4]-[0xfb]z[0xca][0xe7][0x98]8[0x2]?<n[0xb][0x19][0x11],UV[0x14]\0[0x15][0xaf]'[0xc9][0xea][0xa0]$[0xbb]S<[0xa1][0xd8][\r]O'[0xd2]&6[0xbe][0x0][0xeb]\rB[0x11][0x9b][0xb][0xdb][0x6]=[0xc9][0x81]6@M[0xe4][0xac][0xb4]eEm.[0xab][0x97][0x86]G[0xbb]5y[0x1a]([0xdd];[0x83]y,[0x93]bM[0x1e][0xa4][0x84]S5\b[0xad][0xf2][0xdb][0x18]O%[0x98][0x93]y_[0xcd][0x98][0xa4]~[0x9e]t[0xb8]j[0x8b][0x8b]T[0x15]&[0x8b]4[0xf7]H[0x8b]T>[0xff]^[0xab][0xbb][0xe8]P[0xe4]L[0xcc][0xea]7[0xd2][0x95][0xf8][0xc4]T[0x8e][0xe]:[0x1e][0xbb][0x16][0x98]R{,-[0x92][0xc6]G[0xb9][0x14][0x11][0xdc]m[0xb7][0xb]e[0x84][0xa5]*[0xbc][0xfa]C[0x9e][0xfd]![0xcf][0xfe][0x90]g[0xff]v[0xf2][0xac]j-[0x15][0x97]Q[0xb6]U[0x8c]g[0x90][0xe5][0x94]\[0x84][0x98][0xa9][0xc][0xe8][0x83]$[0x10]i[0x90][0x4])[0xe][0xc8]J[0x82][0x17]yC[0xf2][0xb8]Q[0x8][0x0]T[0xf2]6'[0xe3]=[0x87][0xe0][0xd7]`[0xcf][0xc3][0xaa][0xc0][0x8][0x11][0xc][0xee][0xad][0xeb][0xfc]w/[0xd7][0xaa][0xf][0xc2][0x6][0xfe][0x95][0xe6][0xec][0xfb]%[0x1c]Q[0xd5]NE&[0xb0][0xd3][0xf7][0xd7]0[0x96]D[0x98]&'[0xbf][0xb7]/[0xe7][0xa6][0xf8][0xbe][0xd4][0x86]f4[0x91]][0xe][0x19][0xea][0x81][0x87]"X[0x89][0xc7][0xfa]u[0x0]W7[0xae]$a[0x89][0xcc][0x95][0x1d][0xfc][0xa1][0xbf][0xd4][0xa6]/[0xba][0x2][0xb3]h[0x17][0x15][0xd0][0xd5][0x83]t+[0xc3][0xf5][0xb3][0xad][0x8c][0x9d][0xe9]e[0x9d][0xbc]![0xc][0x97][0x8][0xe5]C$NP4[0xe1][0x9e][0x97]9Rx[0x8]I_Q7[0xab]4[0xb6][\n]"
DEBUG wire -  << "[\r][0xe5][0x1b][0x3][0xfa]V[0xe2]JB[0x9a][0xc0]2g[0xea][0x98][0xb3][0xa9]<SF.[0x84][0xac][0x9f]&[0x8d])[0x9f]-}[0xde]e[0x9b]-[0x18][0x16][0xed]&\=x[0x90] [0x5]$[0x9b][0xa2]x[0x87][0x19]p=r[0xe4][0xc0][0xb][0xa5][0xd1][0x1a]Q[0x9c][0xc6]Z1I@[0xc8]S[0x2]j?[0xe8][0xab][0xbc][0xc2]g[0xdb]M[0x9][0x1a][0x0][0xdf]$'W[0xa5]N[0xd1]A[0xb5][0xca][0x14][0xcb][0xaa]#l[0x98]L[0xf5][0xfd][0x90]O\o[0xde];[0x9][0xc0][0xa8][0x8][0xbe]i[0x1f][0xb4][0xc1]-l[0x1d]n[0xd2][0xbf][0x1d][0xfa]w[0x1b][0xfe][0xdd]>[0x94][0x15][0xbe];[0xf5][0xf8][0x0]jm&o[0x1e]}[0xdd]lw[0xf7][0x80]w[0xf1]^[0x4][0xf]Sl[0xa0][0x9c][0xfe][0x1a]x[0xce][0x81][0xde][0xae]'[0xc7][0x8e][0x87][0xae]1[0xe4][0xbe]=[0xc7][0x90][0xd5][0x9d][0xf2]0S[0x8][0x86][0x87][0xcc][0xf]p[0xd2][0x84];[0x5][0xb7][0xf1][0xe1][0x97][0x99][0x8][0xe7]f[0xf2]\[0xca][0xb5]k[0x9b][[0xf7][0x19][0x1]][0xa5][0x80])[0xa5]w[0xc2][0x1e][0x8a]f[0x11][0xb2]SH/[0x9c]Bb[0xa3]*#[0xa1][0x14][0xad]/[0x9b]W[0x92][0xc3][0x98][0xb9]wDY[0x10]>[0x9][0xa6]8~B7[0x3]k[0x99];[0xa6]e[0xda] {[0x82]I[0x81][0xd0][0x9b][0xf7]&tt[0x1][0xcf][0xdc][0x13]a[0xdc]Z[0x1f][0xf6][0xe7]@[0xe4] l[0xe4]`[0xcb]\[0xf6]\[0xc1][0xdd][0x87][0x91][0xac]UX[0x9f][0xf2]|acc[0x15][0xce]xB[0xb8]Q>]z[0xe4][0xb8][0xf1][0x9b][0x93]g[0xd5][0xe7]9[0x9d][0xc2]y[0xce][0x93][0xd3][0xa7][0xd7][0x9f][0xce][0x84][0xca][0xe1][0xd4]6[0xa7][0xe3][0xe9][0xf7][0xd0][0xb6]|v[0xf4][0xc2][0xbb][0x98]p[0xdf][0x1d][0x82][0xf4][0xa9][0xea]-[0xf7]Z[0xf6]z]O[0xf9][0x4][0xf5]\C[0x93][0x1a]6[0xf6]Y[0xe1]T[0xf6][0x8][0xf][0xc0]p[0x10][0x9d][0xb9][0x13][0xd9]?[0x81][0xc6]y[0x8d]wj0y[0xc][0xb2][0xcc]$[0xe3] [0x8c][0xf1][0xf1]z[0xa2]~?[0xed][0xb5],[0xeb]V[0x7]vq[0x12][0xbe][0xb][0xc4]d[0xb0][0xea][0xa8]k2a[0xb2]n[0xc3]2[0x9b][\r][0xfa][0xf5][0xfd],[0xf4]z[0xd8][0x4]$[0xeb]7[0xad]c[0xf8][0xff]bC([0x90][0xb7],[0xc0][0x8f][0x95][0xc7]w[0x89][0xd3][0x80]h[0xff]0[0x8c][0xa4][0x90][0xa7][0xeb][0x7][0xe2][0x9e][0x9a][0xad][0x7]K[0x8e][0xde]<y[0xf5][0xf4]gffb<[0xb1][0xb2]?[0xfd][\n]"
DEBUG wire -  << "[0x93][0xef][0x88][0xcb][0xdd]V[0x13][0xff][0xbb]*[0xd5]s#28r%[0x83][0xd1][0xa7]`[0xca]m7[0x9e][0xef]6[0xcd][0xee]v[0xb9][0xc1]`[0xc4]>-D[0xf7][0xbe]n[0xe][0x9b]C[0xcb]*[0xd7][0x8d][0xc7][0xb3][0xc9] [0xaa][0xaa]/s4[0xaf][0x12][0x5][0x9c][0xdd][0x9a]#[0xf5]qzCL[0xaa][0xa1][0x8b][0xd7][0xc5]<9[0xfa][0xe1][0xd9]Kvt[0x9][0x6][0xf3][0xb][0x11][0x87]x[0xf][0xc3]y[0x7][0x84][0xc2]6{[0xe3][0xbb] !"[0xee][0xb1][0x3][0xbc][0xcc][0x81][0xae]h[0xc8][0xae][0x89][0x11][0xd8]b"[[0x90][0x9e][0x96][0xf7][0xc2]$[0xe7][0x9a]j[0xe9]Y-W[0x8f][0xf4]@[0x1f][0xe9][0xa1][0xce][0xf5]I[0xfd][0x93][0xfb]v[0xe3][0x7]R[0xf0])[0xd0]W[0x83][0xf]`[0xd0]l[0xbc][0xef][0x85]{[0xee][0xdb][0xf0]}[0xf][0xff][0xf9][0xfc]9w[0xd6][0xeb][0xc1]W5,3[0xe9][0xc9]?[0x9f]?[0xbf]}_7[0xa7][0xb3]h\[0xe3][0xe1][0x88]N[E[0xf5]+[0x9d]^z=[0xeb][_\[0xb0][0xa7][0xc0]l[0xb5][0xfa][0x1e][0xef]E[0xa5][0xd3][0x8e][0x1][0xe6][0x15]L[0xa0][0xb8][0xf2][0xc]e[0x80][0xc7]'[0xf7][0xb8][0xc9][0xa3][0xb9]o[0xf7],[0xf8][0x85]g2G{[0x13]S[0xc6][0xcb]_[0x6][0x8e]01[0xb]:[0x8c][0x9f]P[0xb6]o[\r][0x7][0xf5][0xe0][0xaa][0xbe]p[0xfc]kCRbC[0xdf][0xc8]_\ m[0x1b][0x83]'c'[0xca]eO[0x1f]"[0xa8]?[0xe2][0x1b][0xf5]=[0x98][0xa5][0x11][0xaf]mH[0xdc]7t[0xb6][0xf1][0xe6][0xc0][0xb0][0xac][0xe6][0xe6]v[0xa7][0xdd][0xb6][0xc][0xb]K0];[0xab][0x19][0x81][0xd0][0xc7]R4[0xef][0xd0][0xc1][0xc2]7[0xa5][0x8b][0x9][0x8e]^>-Nt[0xe5][0xc][0xe3],6[0xe4][0x8d]R[0xf][0x1e][0xa3][0x3][0xcb]h[0xeb][0xb9][0xa7][0x15][\r][0xc7]$9[0x87][0xdc]uz[0xe5]:[0x6][0x8]%[0x86]J[0x8a]T[0xa5][0x81][0x17]$[0xb0],[0xc8][0xa0],`[0x8f][0xe3][0xed][\r]I{[0xba]Y[\n]"
DEBUG wire -  << "[0x1c][0xab][0xa4][0x93][0xc4]#d[0x9]|y[0x8d][0x94][0xb2]GU%[0xf5]$[0x8f][0xd8][0xc3][L[0xab]Q[0xaf][0xd4][0x16]N)[0x83]H=[0xe][0xdd]Kp:[0xc0]t[0x5]5+mQ[0xcc]|[0x12]iu[0xf0][0x14][0xf2][0x9b]#[0x9][0xfc][0x2][0x82][0xa9]4[0xa8]|[0xab][0x0]I[0x4]e[0x8d][0xfc]ki[0xac]#][0x12][0xd7]WAy[0xcc]K[0x10][0x6][0x80][0xc6][\n]"
DEBUG wire -  << "[0xb1][0xa8][0xa9][0xfe]ov[0xeb]AJ,w2b[0xc8][0xd4][0xb7][0xbf][0x1c][0xc4][0xe][0x3]@[0xd9]1Te[0xba][0x1d][0x4]$[0xfb][\r][0xba]~[0xdc][0xe0][0x92][0x16]`[0x88][0x9c]'t[0xab][0xa4][0x9c][0xda][0x86]*R[0x7]jJO[0x91][0x15][0xd2][0x7]*[0x9b]j[0xcc][0xe1]q[0xb2][0x9d][0x85][0xd3][0xe5]y|[0x1a][0xa5][0xc5] 0[0xc0][0x7][0xd0][0xbe]F[0x87][\n]"
DEBUG wire -  << "[0xd3][0xb1][0xdc][0x91][0xbc][0xf7]CM[0x3][0xee][0x80]'`[0xd1][0xcf][0xc4]LvD[0x1f][0xcb][0xb7]*[0x11]x[0xaa][0xbe]7[0xd7][0xf6][0xcf][0x8]i[0xf6]2E+[0xd7][0xe4]qC[0x8e]:[0x99][0xc6][0x8c][0x92][0xe9]O"'^[0x87]V[0x1e]\[0xc6][0xbb][0x92][0x18][0x9][0xbf][0xa7][0xc4][0xd9]<[0xf3]dKt[0xa8]Up[0x80]v#[0xf3]DN[0x97][0x9]?[0x87][0x16][0x9e][0x9b][0xb5]@[0x17][0xdc]hm[0xa5][0x95][0xd3]B[0x96][0xbd][0xc6][0xa9]#A[0xd0][0xc7]_[0xb9][0x17][0x1][0xc9][0x19][0xf7][0xcb]J1[0x83][0x9d][0x15][0x80][0xef][0xc3]"Q[0xbc][0xfe]c0)[0xdf]>W^[0x1c][0xfb]X[0x7][0xf9][0xee]q[0xc3]s[0xc9][0x18])[0xa3][0xdb][0xec][0xae][0xc6]WJ[0xb2]EdU[0xb9][0xca][0x95][0x90][0xc7][0xef]@U[0x83]P[0x1]G[0xb9]P[0xaa][0xf6][0x81]s[0x3][0x3][0xa7][0x9d][0x92]:[0xa1][0x9c][0x15][0xd0]aI[0xca]a~[0xa8]gA[0xe0]E[0xc9]X[0xbf]N1N[0xb3][0x13][0x15][0xd7][0xef]S=V[0xe0]+[0x1b][0xba][0x96]16[0x0][0xb8][0xf0]"e[0xc8][0xf4][0xf][0xac]Q[0xe4][0x83]0[0xc0]~[0xb][0x93]_[0xc8][0x85]T[0x97][0x1][0x96][0xc9]i[0xb5][0xef]?[0xfd][0x5][0xca][0x11][0x0],[0xee][0xa7][0xbf][0x92][0xae][0xac][0xa4]f?{_@[0x85][0xc9][0xf4][0x99]<![0xe5][0xbd]F7[0xbb][0xa4]N]X[0x98][0xb1]O[0xe5][0x80]7[0xd7][0xca][0xef]K[0xd8][0xc2][0xda]L[0xd9]"[0xfd]A[0x11]U[0x9a][0x89][0xdc][0xf0][0x8e][0x9e][0x4][0xaf]W[0x8c]N[0xc][0x82]ic9[0xb][0x11][0x88]{[0xb3][0xd0]W7[0xe5][0xa1]*[0x9a]n[0xee][0xac][0x93][0xa6][0x8][0xae]L"[0xf6][0x93][0x18][0xb0]g[0xa8][0xf5][0x87][0xdc][0xbe][0x9e][0x1d]v[0xbb][0xcd]n[0xb3]A[0xad][0xc]h[0xf5][0x6][0xac][0xbe][0xb4]![0x9e][0xa7]&-I[0xb1][0xfb][0xf][0xd1]0!_[0x1]|[0x9e][0x81][0x1a]3[0xbc][0xde]s)75[0xd7][0xca]M[0x8][0xae][0xc0][0xfb][0xc7]/Vq[0xfe]pB|[0xfc][0xe2]Z[0xae][0xdf][0xba][0x89][0xd4][0xbc]9[0x9e][0x8].[0x87][0xe7][0xe1][0xe6][0x8a]k[0x98]6[0x1][0xc7][0xc3][0xcd]k1[0xec]Z[0x9d]ub[0x88][0xe0][0xf2][0x18][0x8e]E[0x8][0xaa]q[0xea][0xae]@4[0xa9][0x86][0xf8]&[0xbf][0xaf]E[0xbb][0xb3]i[0xad][0x13]m[0x4][0x97]C[0xfb][0xc5][0xb3][0xa7][0x7][0xd7]c<q[0x1d]nL[0xc0]Xv[0xa7][0x14][0x8e]b[0xd2]g[0xa0][0xd5][0x1c][0x83]L'[0xee][0x83]U[0x0][0xea][\r]F[0x84][0xd0][0xae][0x1d][0xcc][0xe6]z[0xb9]y[0xb3][0xc8][0xcd]/[0x82][0x81]{[0xc8]W[0xc][0x7][0xea][0xd8][0x1c]q[0xa5][0xca][0xd7]c[0xdb][0xda]^+[0xb6][0x0].[0x87][0xed][0xe9][0x97][0xff]{=[0xaa]Q[0x1b][0xd0][0x84]Z[0xd7][0xe2][0xb8][0xbd][0xb5]V[0x1c][0x11]\[0x1e]Gi[0xad]K[0xc1]%[0xb7][0xce][0xd8]k[0x8e]W[\n]"
DEBUG wire -  << "[0xfa][0x11]s}[0xb6][0x9a]}"[0x9][0x1][0x18]'[0x85][0x0]}J[0x8]8[0xbc][0x1b]t[0x90]3[0xd6]r[0xb2][0xb2][0x8a][0x14][0xeb][0xa5]D[0x9e][0x10][0xa0][0xf6][0xb1]Rt[0xfd]`[0xa7][0xaa][0x16][0xc],ip[0x9d][0xa5]i[0xad][0xc3]4*[0x82][0xcb][0xa1][0xfc]TE[0x1c]V[0xe0][0x9c][0x4]&[0x10][0xe9][0xb4][0xc9][0xb5][0xf6]qg[0xbd][0x1a][0xa9]SX[0xc3][0x87][0xf9][0xdb]5W[0xa0]^[0xb8][0x89][0x13][0xf1]/6[0xbe][0x9e][0xf4]k[0x1d][0x4][0x82]+[0xc][0xc2][0x8f][0x81][0x99][0xd9][0x9b][0x95][0x3][0xa0]z[0xc6]L"[0x9f]4*1[0xbc][0xf4][0xe3]J^[0xf2][0xe3][0x6][0x9e]zJ[0x9c];[0x8a][0xe0][0x81])[0x95]\[0xff][0x83][0x97][0xe6]hiC[0x19][0xb6][0x11]![0xc0]K<A[0xe5][0xca][0xa5]4[0x18][0x4][0x18][0x1]Q![0x18][0x15]F[0xc9][0xed]R[0xb2][0xfc].[0xa5]r[0x99][0xc1][0x81][0x81][0x7]~[0xd9][0xd3][0x94]M[0xcd][0xf6][0x97][0xc4]C[0xf2][0xc5]ap[0xa1][0x95][0xea]y[0xc6][0xc4]1[0xac]&S[0xbf][0x82][0xe1]0[0x2][0xdb][0xd2]bt[0x9a]][0x6]b[0xa0][0xc9][0xd8][0xca][0xa2]<[0xd9][0xb6]([0xcb]L[0xf2][0xb1][0xa5][0x6]\[0xf8]7[0xd7]S!5UKh[0xb6][0x98]y<[0xb][0xbd][0xda][0xad]c [0xc9]5[0xb9][0x86][0xba]*[0x16]4[0xe4][0xd9][0xb]C[0xed][0xcc][0x1a][0x9e][0xf9][0xc2][0xc0][0xaa][0x86][0x85][0xe1][0x91][0xfa][0x9e][0xb6][0x14]K[0xda][0xd1]e[0xe4][0xa9][0x87][0xdc][0xc5][0xc]r-[0x9d][0xe6]d[0xb2][0xd2][0xd0][0xd9][0xc2][0xab]R[0x14][0xea][0x1][0xa8][0xc][0x85][0x83][0x9c]vh[0x84]nR:[0xef][0xc9][0x96][0xb1][0xfa]K7[0x8],[0x0][0xa5]9[0xab][0xc]y[0xd1][0x84]u%[0xa7]$[0xe7]m[0xd0])`[0xa5][0xc9]l%q[0x14][0x1a][0xed]`[0xff][0x1e][0xc1][0xa6][0x8a][0x9b]h)[0xd6][0xa4]1y_[0xbd][0xd6]n~[0x93][0xe][0xf][0xb7]epR[0x8d]v[0xb7][0xcb][0xe8][0xc2])Z[0x19][0xd8]5n[0xf9][0xae][0xa1]w[0xd6][0xe9]v.tv?@Fk{[0xe7][0xb2][0xdd]l[0x12]@[0xf8]}[0x1][0x18][0xe2]E/=-p[0x12]z[0xc2][0x83][0x93]V[0xb3]y[0xe]=[0xd2][0x13][0xee]V<n[0xc][0x88][0xa4][0xf8]G[\n]"
DEBUG wire -  << "[0x88][0xc7][0x19]g[0xc9][0xdf][0xf][0x1e]O[0xb1][0xca][\r][0xae]t&([0xe4][0xcf][0xa9][0xe5]A[0x9][0x3][0x17][0xea][0x6][0xb0][0xcd]f[0x13]8[0xf7]_[0xf1][0xda][0xe7][0xd4][0xd1][0x9c][0x16][0x7]{[0x93][0xf1][0xfc][0xb][0xdf][0x15][0x9d][0x90][0x0]D[0x82]Lk[0x8b][0x3][0xc0]6[0x9a][0xc1]+D[0x16][0x98][0x8b]([0x8][0x6]9[0xe2][0x8a]ED[0x1b][0xac][0x96][0x82][0x1c][0x88]1?w[0x83][0x19]Hk[0x96]X^&;[0x6][0xa2][0x8a]K[0x8e]w[0xe5][0xe9][0xc][0xaf])[0x5][0x91]3[0x87][0xba]l[0x16][0x89][0xe1][0x8c] P[0xc6][0x9e][0xea]'[0xc]A@@[0x3]y[0xe3][0x1e]v6[0x81]1[0xe2][0xf5][0xb1]H[0x91][0xb][0x98][0xe][0x96][0xdc]w[0xce][0xc4]y[0xe0][0xcd]r[0xf4][0x93][0xd4]@[0x1d][0xe1][0xd2][0xc0]j[0x17][0x82][0xe1]][0xc3]4[0x1a][0xbc][0x88][0x7]A8[0x1][0x9]>G[0xe0][0x5][0x95][0x18][0x18][0xcb](Q_[0x98][0xdd][0x15][0x13][0xfa]8[0x8a][0xc3][0xc0][0x1f][0xa5],[0xa0][0x1e][0xbf][0xfc][0x6][0xa3][0xa4][0xeb][0xa9][0xa2]1[0xd0][0x94][0xe3][0x14]1[0xda][0x99][0x93][0x17][0x0]2e[0xbe]1[0x98]^!Y[0xee][0x87][0xd7][0xcf]Y[0x8b]y`[0xa1][0xfa][0x91]0[0xd9][0xb3][0x98][0xd9][0xd0][0x6][0xa8][0x84][0x1][0xb][0x8f][0xae]8dx[0x8a][0x86]*[0x83][0xfe][0xcf][0x94]=n[0xec]`[0xf8][0xfb]9[0x1f][0xfc]i[0xe0][0xc6][0x83][0x99][0xfd]Q[0xc4][0xb4]-[0x8e]2[0x2][0x98]"[0x16]|[0xa2][0xe2]J[0xe6][0xc8][0x8d][0x13]=[0xc6][0x9e]$[0x95][0x81]F [0xae]][0xf0][0xac][0xe6]h[0x10][0x98]_~+[0x90][0xa1][0xb0][0xbc][0xc7]!m[[0x16][0xca]H[0x8][0xac][0xa0][0x14].[0xcd][0x4]j*[0x1f]n[0xb2]f[0x12][0x12]c[0x1e][0x18]X@v[0xc],[0x99][0x12][0x1a][0x17]y4[0xf7][0x81]&[0x11])0[0x98]W[0xa4][0xcf][0x10][0x16]Cp[0x81][0xcb]v[0xe8][0x8e][0xa0]~6[0xad][0xd5]R+[0xa5][0xa7][0xc4][0xeb]0[0x98]LAx[0xfb][0xf1]S[0x97][0x8f]@[0xd4]hw[0xd7]"V[0xa3][0x1a][0xa4]T'2[0xf9][0xab][0xa7]5[0xa5]t[0xe5][0xcb][0x11]\A[0xa4][0xe3][0x84]3[0xe8][0xd0][0x15][0xa6][0x98]%[0xab]T[0x12]@[0xf1]?Sip[0xb0],[0x90][0xbb]"[0x81][0x8b];[0x84]iE[0xd8][0x9][0x8e][0xd1].{[0x91][\n]"
DEBUG wire -  << "[0xbe]#[0xff][0xdc][0x5]Z[0xd3][0x8e]br[0xe5][0xfd]Ob[0xa0][0xdc])[0x9d][0x84][0x8f]*>N[0xc4][0xb2][0x94][0xc4][0x95]0[0xb2]^[0x90][0xeb]B[0x11][0xd1][0xf5][0xd7][0x88][0x1b]&[0x6]2:[0xc8][0x6][0xc8]:0[0xa1]#_[\n]"
DEBUG wire -  << "b[0x12]4R[0xca][0xa5][0xd2]f[0xce].[0xc6].[0x8][0xc9][0x9c][0x14]+[0x8a][0xa5]1[0xc9][0x97][0x90]]p[0x82][0x1f]Hq;7[0xe5][0xc7]I2$[0xe8][0xc1][0xf7][0x81][0xaf]d[0xc7]R[0xfc][0x97]FI}'~e$?d[0xe2][0xc6][0xec][0xdc][0xe5][0xec][0xc7][0xb3][0xb3][0xd7][0xf4]i[0x16]0[0x15]A[0xd8][0x1d][0xe4]P[0xa6]V[0xd9][0xb7][0x19]2$H[0xe0][0xe2][0xde][0xe9][0x84][0xd3][0x5][0x95][0xde][0x9c]![0x19][0x92][0xee]1~[0x17]%[0xe4][0x95][0xc3][0x4]Y[0xe8]$z#[0xe9][0x8c][\r][0xe6] e[0xc3][0x8][0x9][0x9c]*[0xad][0xac]c,J[0xbb][0x6][0xdc]"
DEBUG wire -  << "%l\,[0xfc][0x92][0xe1][0x85][0xb]S[0x1c]1[0xc0][0xc8][0x8d]87[0x81][0xcf]|[0x4][0xe][0xe8][0xcd]<[0xbc]EKv[0x1c][0xe1]N&[0x8a][0xda]\[0xb7]Y[0x1f]$[0xe5][0x9e][0x9f]='][0xb][0xcd]$[0x17][0x94]A[0x17]i[0x9f][0xd3][0xd0][0xe1][0xcc][0xf7][0xe5][0xcd]S2[0xf0][0x83][0x1d][0xbd]8x[0xf3][0xf4][0x88])[0xf1][0x97]~?F[0x96][0xaa][[0x1][0x99][0x8b][0x9a][0x5]Y[0xab]@[0x88]L[0xb9]'[0xc4]@[0xcc][0xd2][0x96]@$R:"\%[0x1b][0xaa]E[0xde][0xb8]uW[0xdd][0xc0][0x92][0xf2][0x19]*[0xb5][0xb4]8[0xc5][0x2] [0xe3][0x1e][0x88]t%[0xaf][0x83]~}[0xef][0xa8]s29[0xae]:A[0xc2]:[0x6][0xf7][0xf0][0xa2]S[0xdc]v[0x97][0xfb]{[\n]"
DEBUG wire -  << "[0x81]U[0xb6][0xb]qs[0x94]B\U[0x1b][0xb4][0x95][0x10][0xc0][0xd9][0xc8]jQ[0xe4][0x82][0xd9][0x93]0[0xf5]MA[0xc4]c[0xb0]qf[0xb8][0x9d]K3*[0xf5]'[0x8e][0x0][0xf][0xdd][0xcb]<[0x1a]T[0xad][0x94][0x1b]L[0x8e]"[0xa1]([0xaf][0xbe][0x8e][0x8a][0xe6][0x95]d][0x8a][0xf3]p[0xf2][0xf6]f`[0xa2]$ |[0x7][0x97][0x19][0x0][0x7])[0x80][0xa6][0x6][0x9e][0xec][0xf][0xfc][0xf2][0x9a]r[0xe3]HxC3Ub[0xa9][0xbb][0xbf]9b7[0xa4]F2[0x85][0x98]ug[0xb8][0xfe]";[0xc1]hh[0xbe][0x93][0xd9][0x94][0x8f]l[0xcf][0x9d]Fy[0xee][0xbb]Yw_~[0xab]%5[0xcb][0xb6][0x6]&[0x91][0x8][0x9][0x96][0xac][0x8c][0xc1]t[0xe2][0xb7][0xc]"[0x92][0xc0][0xd0][0xec]*[0xd0]K[0xe0][0xe4]6pVA[0xa8][0xa7]k[0xfa][0x96][0xc4];[0x0];[0xe9][0xc5][0xab][0x93][0xa3][0x8c][0x1c][0x98]IB[0xe9][0x8b]7[0x5]U+[0xd0][0x83][0xb2][0x10]A[0xf7][0x82]e--.[0x5][0xae]1[0x14][0x1c][\r][0x95]H[0xd9]]r[0xd4]7[0xad][0x8d]4[0xa8][0x83]N[0xfe][0x88][0x12][0x8d][0x9f]s[0xd7]C[0xaf][0x1]9[0x17]U$[0x18][0xc6][0xc0][0xc6][0xea]vm[0xac][0x81]z[0x8e]X;[0xf3]V[0x90]>[0xe7]n[0x4]\[0xee]F[0xb4][0x2]t[0xc9][0xfa][0xc3][0xd0][0x5][0xa3][0x17]V[0xe5][0x4][0xbf]XR[0x90][0xeb][0xa9][0x2][0xcd]/[0x1c][0xb3][0xcc][0xed]7[0xe4]iE[0xde][0x8b]L[0x93][0xe5]x3'[0x11]@[0xfd][0xd0][0xd7][0xe6]([0xc4][0x90]j[0xd1]b[0xa7]2[0x12];n[0xe7][0xec][0xc6]S[0x92]c[0x7]([0xc7][0xa4]3[\n]"
DEBUG wire -  << "o[0xd1]\G}S![0xe3]P[0xc3][0x83]}[0x98][0xac][0xff]?[0x3]I[0xd9]A[0x96][0x98][0xa8]t[0xec][0x12]{[0xbb][0x92][0xff]q'[0x11][0xf3][0x9e]1w*[0x1a]7~[0xb5][0xf8][0xaf]][0xbb][0x1b][0xe]v[0xce][0xdb][0xcd][0xf1][0xa0]qpp[0xf0][0xe7][0xa6]1[0xf7]wD[0xf7][0xe3][0xd3]A[0xfc][0xd3]_~[0xb4]O[0xfe][0xf2]f[0xee][0xf1][0xef][0x1d][0xaf][0xd7][0xd4][0xf6][0xc9][0xb]R0[0xf0]x[0xf2]GS[0x1a][0xe4]t[0xa4][0xc9]NV[0xc6][0xb8][0xa7][0xb1][0x98]2[0xcb][0xcc][0xf8][0xf6]9[0x9f][0xf9][0xf6]8[0xa7][0xbb][0xfb]R2[0xe2][0xb0][0xcd][0xf]x;bn|[0x3]L[0xa0]rmb':U[0xed][0xc6]f[0xea][0xe1][0xdc][0xc9][0xb2][0xed]6[0x9a][0xed][0xc6][0xa9]<1~:[0xe]b[0x8c]8u[0x8d]f[0xdb][0xb0]Z[0x6][0x8f][0xe1]_[0xb3][0xb5]i[0xca]([0xc3]B[0xd0]d{Gc[0xf2][0xa2][0xef][0x9e][0xd6][0xda][0xda]Y[0x8c][0xa0]t[0xac][0x8e][0x8c][0xa0][0xa0]1{[0xb7][0x8][0xca]-[0xf0]c[0xdb][0xcd][0xd6]-[0xc3]*7[0x84]n[0xb4][0x9b][0xcd][0xcb][0x96][0xb5]I[0xbd][0xc0][0xef][0xea]X[0xb][0xd0]#[0x17]k[0xa1]'[0xf2][0x6][0xf2]3[0xdf][0xca][0xcf]<`[0x1]L[0x9c][0xd3]L[0xb5]8[0x4]5[0xeb][0x86]x[0xce][0xbd]OE&[0xca][0xe4][0xba][0xf4][0x86][0x80][0xd3][0xc0][0x1d]r[0xc8][0xd0][0xb9][0x9e][0xbf][0xda][0xb9]^NA[0x98][0x83][0xca]Y[0xc4][0xcf]1[0xb9][0xe][0x3][0xe]d[0x3]c[0xde]![\n]"
DEBUG wire -  << "[0x12][0xd7][0x13][0x94]c,[0x8d]<[0x95]g[0x8c]k[0x6]_\[0xe0][0x15][0xae]*@[0x8]m[0xa4][0xa2]Un[0xfa]B[0xe8]C[0x5];v[0xd9]k[0xfc]j[0xa4][0xa3][0x6]Ek[0x8f][0x6][0x9][0x96]+[0xfd]}[0x95][0xb][0xdd][0x9c][0xa6][0xd6][0xdd])[0x19][0xb4]{[0x85]^[0xf8][0x0]O[0xff][0xa9]c#L9[0x19][0x89]oH[0xe0][0xf7]r[0xc6][0xac][\n]"
DEBUG wire -  << "o[0xe0]q#[0xe8]=[0x8f][0x1a][0xd8][0xf3]/_[0x9d][0x1d][0xed]**[0xa6]#[0x1b][0xe4][0x7][0xec]N(S=F[g[0x0][0xdd]^[0x84][0xf8]!,[0x18][0xaa][0x8f][0xc6][0xcf]0[0xa6][0x9c][0xc1] 5[0x97]s[0xeb]r[0xe5][0x84]l[0xe6]&[0xe4][0x10][0x17][0xb0]\[0xbd][0x14].8zytrpv[0xa4]NO[0x15][0x1c][0xf5]F[0x1a][0x88][0xcb][0x3][0xeb][0xe4][0x80]=[0x1b][0xb2][0xec][0xa3][0xc][0xf4][0x91][0xc6][0x8f][0xba][0x14][0x11][0xb2][0x87][0x9f][0x8f]N[0x91][0xec][0x14]Q[0xc9][0xdc][0xa2][0xd4][0xd2]/L[0x1f]nM[0xc8][0xee]U[0xb7][0x85][0xe1][0xdc]][0xba]([0xb1]v[0x9a][0x8a][0xb5][0xbe]U%NZ;[0xdb][0x99]8[0xb1][0x9a][0x9d]*q[0xb2]-[0xc5][0x89][\n]"
DEBUG wire -  << "[0xf0][0xdf]][0xa0],A[0x89]mnu[0xef]"A*[0xc0][0x91][0xc8][0xb0][0x9a][[0xd7][0x8b][0xc][0x18]sNd[0xd0][0x93][0xc] L[0xab]f[0xad]s[0xd0][0xaa][0x14][0xe9]]+[0x9b][0x83][0xcd]V3[0x9d][0x3][0x96][0x9b][0x84]-9[0x9][0x14][0x81]X[0xeb][0x1c][0xb4]dp|ks=s[0xd0]2Z[0xdb][0xad]\[0x88][0xbc][0xb5]Dlw[0xad][0xbc][0xd8][0xc6]'9[0x7]i[0x8][0xb0][0xb0][0xfa][0xb6][0xf2]Ky[0x1c][0xe0][0x85]jh[0xa0]T[0xc5][0x6]0[0x98]KKQ[0xd9]fS!o[0xb][0xfe][0xfb][0xdf][0xfe][0xe7][0xf0][0xc7][0xa3][0xc3][0xbf][0xfc][0xfd]o[0xff]'9[0x91][0xcb]~:xvFQk[0x9e][0x8]4[0x0]4[0x10][0x14][0xd0][0xb][0xe3], vprt[0x80][0x11]c[0xfc]-O[0xc5][0xa7][0xe1][0x12][0xbc]5F[0x89]9w[0x8]p[0xa0][0x9b]c[0xee]E[0x2][0xbb]Q0[0xe9][0xe3][0xb3][0xe8]U[0x9][0xf0][0x94]r[0xb2][0xdf][0xc1][0xca]v0u[0xb9]E[0x1a][0x7][0x9b],[\n]"
DEBUG wire -  << "H%[0x13][0x1][0x18][0x0][0x7][0xb8]([0xc3]s[0x1a][0x8c]<[0xfb]1p[0x6][0x1d]8[0x13][0xd2][0xb6]O[0xe4]7N[0x8b][\n]"
DEBUG wire -  << "5[0xa0][0x1a]:w[0x3][0x8f][0xc7][0xe5][0xe8][0x83][0xc9][0x8e]8[0xda]C[0xee]D[0xac][0x1c][0x83]t,[0x17]Q[0xa7]q[0xa1]0[0x84][0x99]PR[0xdc][0xcc]$[0xdb]B[0xc8]3[0xdd][0xd8]rc[0x11][0x19]t[0x1c]D~iD[0xed]$[0xca][0xc]b<[0xa9][0x18][0xc][0x87][0xda][0xf2]6[0xea][0x4](j[0xc2][0xac]T+[0xf5]Z[0xf9][0xa7]2`[0xf1][0xf]A[0xab][0xd8][0xeb]x[0x13]l[0xf3][0xc4]'Hn[0x88][0xe9][0xd0]{,w[0xe][0xd4][0x2]A[0x5].[0xc2][0x89][0xfc][0x90][0xb1][0xda][0xfe]'[0xf3]}3[0x8b]y[0xec][0x93]yn[0x99][0xdb][0xdf][0x15]31[0xae][0xa1][0xc3]t[0xff][0x91]?[0x88][0xa6]{[0x89]M[0x9b][0xfa][0xc7][0xd1]E[0x85][0x89][\n]"
DEBUG wire -  << "[0x8e][\n]"
DEBUG wire -  << ",[0xbf][0xd4][0x3]O[0xfd][0x94]k[0xe6]2[0xa1][0x1][0xda]T*[0xbf]4ub[0xd4][0x82]}[0xf2][0xfa][0x4]![0xab]/'c[0xd0]-u[0x10][0xd5]bW=[0xb2][0x17]<[0xfc](b[0xba][0xfa][0x0][0xd6]>9n[0xfb]YH[0xa8][0xec][0xd6]L[0xb2][0xda][0x5][0xf7]>[0x91][0x9c]yG[0xf6][0xe6][0xf5]i?![0xf3][0x1e][0x15]YfS[0x7]D[0x3][0x11][0x10][0x10][0xe2][0xd7]f.([0x9]-[0x9b][0xf4][0xb1]I#[0xf5][0xa6]WW][0xc8][0xe8]A^U[0x82][0xf8][0x19][0x6][0x1a][0xf1][0x8a][0x89]B[0x18]L2[0xa3][0xda][0xfa]);`9/6[\r][0xb9][0xd3][0x8d]Y6[0xc9][0xf4][0xdd][0x8c][0xbc]6[0x8][0xb6][0xfd][0x1f][0x85]7}[0xdc][0xa0][0x9f]_~k[0xc0]K[0xfa][0xa9][0xfa]e/[0xc5][0x5];[\r][0x86][0xf1][0x5][0xf][0x85]i[0x9a][0xaa][0xe2][0xfd][0xd5][0xb5][0x9a][0xff]*M[0xbd][0x89][0x19][0xf2][0xa9][0xa6][0xde]nWj[0xea]nQS[0x17][0x97]u[0xdb][0xde][0xec]v[0xba][0xc5]e[0xbd][0x85][0xcb][0xfa][0xde]*=[0x87]6[0xeb]4[0xef]cQ)H[0xa0][0xc8][0x9b]9E[0xbe][0xc4][0x98][0xda][0xc4]{[0xfc]RENO[0x99]1U[0xc9][0x6][0xad]<[0x1b][0xe4][0xc3]F[0xfb][0x87][0x89][0xde][0xfe][0xf2][2[0xd9][0x7][0x8e][0x93]r@b[0xab]/n1[0x96][0x1d][0xb1]e[0x1d]<[0xf3][0x17][0xa0][0xb3][0x93][0xdc][0xe6][0x9d][0xea][0xe8][0xcb]o[0xe0][0x91][0xe0]][0xf8][0xa4][0xe9][0xf0][0x1c][0xb][0xb8]V:[0xe8][0xcf]([0x16][0xf9]xn[0x1d].!v[0xc5][0x92][0xca][0xac][0x93][0x4][0x8b]WI{^=[0xb8][0xcd][0xa5][0x83]{[0xe3]SH>[0x1b][0xdd][0xf]x[0xc3]![0xc3][0xb4]'[0xda][0xec][0xc0][0x8f][0xa3][0x8d][0xb2]a[0xae][0xee][0xaa]s[0xfd]D[0x95][0x16][0xeb]Kq[0x19]'[0xa0][0x95][0xac]<[0xa0]m[0x12][0xb9][0xb1]&wf[0xc9]<[0x93][0xdb][0x8b][0x89][0xfd]a[0xb]GnI.[0xec][0x98][0xfe][0x8b][0xe8][0xa5]L[0xe2][0xbd][0xc1]-[0x87][0x2]MH[0xd8]!.[0xaf]p[0xc7][0xc5][0x95][0x92][0x9][0xcd][0xbc]y0[0xa3][0x88][0x98][0xc][0xd6]%[0xc][0xb3][0x10]I[0xca]1[0x13][0x1e]3b5[0xcc]Z[0x18][0xe3]I[0x81]%[[0xb1]u[0x19]0p[0x93][0xfc][0xf4]4[0x94]K[0xdb]![0xb4]3F[0xfb]T`^2[0xf9][0xb9][0xf0]A!1[0x83][0xba][0xca][0xc5][0xba][\n]"
DEBUG wire -  << "[0xdb]6[0xeb][0x12][0x9d][0xfd]3[0xbc]h[0xa8][0xff][0xc]jWI[0xd1]n[0xab][0x93]I[0xd1]N7[0xf3]w[0xd2][0xbc][0x9f][0x9c]8EwhM[0xa2][0xb1][0x84][0x16][0xb3]Z[0xad][0xfb]8=[0x8b]PU[0xc4][0xca]J[0xdd][0xcf][0xb5][0x2][0xdf][0xde][0xea]^v6U[0xd0][0xed]^.s[0x5]p[0xab][0xd9][0xda][0xbc][0xdc][0xb6]v$a[0xe0][0xa1]Z[0xda][0xc3][0xd4][0xe5][0xa4]==Ii_m[0xd5][0xaa]u[0xf2]W[0xd7][0x11][0x1];[0x9b][0x81][0x90][0x5][0xb9]Z[0xb5]|[0x9e][0x8][0x94][0x8]<a[0xd0]XU%[0xc6]u)[0xf0][0xc][0xb2]K%[0xe7]dF[0xa1][0xf4]J[0xa4][0xab]f.[0xdf][0x80][0xc4](-[0xa5]<%[0xc][0xb8][0xdd]i[0xe6][0x1d][0xee][0x96][0x96]q}[0xd5][0xf7][0xc9][0xe5][0xa1]u[0xf7][0xb8][0xf3][0xea][0xc5][0xf6][0xf9]_[0xe2][0xa7][0x7][0xdf][0xab][\r][0x87][0x9e]<[0xcf].O[0xa6][0xcb][0xdc][0xa4][0xf][0x11][0x9f][0xba]=K[0x16]I_[0xad]W9M[0x9a][0xcc][0xc2][0xca][0xa5]0p\[0xe9][0xb0][0x8]`[0xec][0x98][0x1b][0xba][0xc7][0x84]o[0x87]s[0xdc]f6(D[0xa6]j[0xe0]=/[0xf2][0xb2]Q[0x18][0xa6][0x1c][0xd7]b[0xa2][0xc9]z][0x8b][0xa2]q]v0[0xe0][0x9f]d>^[\n]"
DEBUG wire -  << "[0x98][0x9f][0x13][0xf9][0xc1]hV[0xdb]4[0xb7][0xcc]v}[0xb1][0x16]z[0xae]-[0xa6]v[0xbc]p[0x83] [0xbf][0x1d][0x92][0xc7][0xe7][0x96];g7[0xab][0x87]&[0xed][0x97][0xdf]j~[0x10]C[0xbf][0xa1]k[0xc7][0xde]<[0xdb][0xb9][0xc4][0xc8][0xc0][0x97][0xdf][0xc8][0x95][0x9e][0x3]k[0xc9][0x8f][0x86];[0xcb]r*[0xea]7v[0xb1][0xfe]9^oa[0xff][0xbd][0xec]X[0x1d][0xa8][0xad][0xb4][0x85][0x1d][0xa0]%[0x8e][0xd3][0x1d]7[0xee][0x94][0xbf][0xf5][0xf7][0xbf][0xfd][0xef][0x82][0xaf]%s[0xba][0x12][0x1c][0x94];[0x86]S[0x93][0xea]*`y<[0x8a])[0xb2][0xdc][0x17][0x93][0xfd]\[0xd4][0xaa][0xa8])[0x14]v[0x19][0xe4][0x9b][0xe1]i{[0xc1][0xc][0xe8][0x95]"[0xe0][0xc3][0x84]F[0x92]50\+[0xa2][0x98][0xe4]Nr[0x87][0x1]L[0x11]&[0xc9][0xa8]xF[0xd9]$X[0xe2][0xfd]P[0xd2]cO;zi[0xbc]9[0xcd][0xe5][0x18][0xa5]}[0x1e][0xd1][0x8][0xf5]/[0xbf][0xd1][0xd6]</g[0xa0][0xd8][0xd2][0xc8]J[0xb7][0xd2]S+[0x1][0xcc][0xb2][0x3]&o+`[0xd3]`[0x1a][0x81][0x1d]J[0x99]=r[0xcf]![0x17][0xd6][0xc1][0xb4][0x9e],2F[[0x2][0x9c][0xf6][0xcd][0xc]:[0x8c]H[0xb1][0xab][0x92]_{VHTY[0xd8]l[0x88][0x83][0x91][0x80][0xc2]0K&[0xc1][0x90][0xd1][0x97][0xdf]B)8[0x9c]\w[0xe5][0xe4][0x96]rL[0xed][0xef][0xfb][0x9f][0xbf][0xe6]A[0x9f]P[0xaf][0x18]H[0x2]#[0x86][0x9b][0x18]d[0xcf]e[0xcd][0x0][0x0]_[0xe0]a[0xe8]s[0x91][0x19][0x8e][0xc0][0x2]x[0x93][0xa0]P;[0x90]2[0xb4][0xa5][0xd2]|[0x92][0xae][0xbf][0xfc][0x96][0x84][0xd4][0xf2][0x1]2[0x17]s[0x1a][0x9c][0xea]t[0xc5][0xc2][0xac][0xdd][0xc3]&z[0x86][0x6]L[0xbf][0xdd][0x97]3W[0x19][0xf9][0xed]n[0xe7][0xa2][0xef][0x9d][0xe6][0xce][0xf5][0x96][0x90]u[0xf]K[0xa8][0x2][0x19]fY;[0xb7][0xcd][0x88][0xae][0x82]%[0x83][0xee][0xdb][0x9b][0xf7][0xb1]z[0xca] [0xd1][0xd6][0xd9][0xdc][0xec][0xdc][0xc7][0xd6])[0x83]$[0xb][0xa7][0xb3][0xb3][0xb9][0xca][0xc2][0xd9][0xce]o[0xe][0xd0][0x93][\n]"
DEBUG wire -  << "Lg[0x9c]rc[0xd3]f[0xba][0x1e][0xc3]f[0xba]6#[0xc6];vO[0xfb]?[0x1b][0xa3][0xf9][0xe8][0xfd][0x8b][0x1a]19mu[0xab][0x4]1[0xf6][0xe8][0xeb].[0x98][0xde]{[0x94][0xfe]w[0x9a]fJ[0x95][0xb3][0xc3]25[0x97]e)&[0xd5])[0x1a]XH[0xae][0x98][0x8][0xee]SbGE[0x96][0x5];`>}[0xf5][0x92][0x8c][0x8][0xe0][0xa8][0xc9][0xc]^[0xe][0xb2]Dp[0xca]8[0xcf]e%[0xe6]r9[0xb0]Hi[0xb0]*[0x1d][0xb3][0xa0][0xc1]nk[0xdf][0x1b]Y[0xe6][0xa5][0xf1][0xc3][0xc][0x18][0xd4][0x9c]:`K[0x1c][0xb0][0x11]>H[0xd6]KN[0xf1][0x1][0xe6][0xa9](_[0xa4][0x8])[0xe4][0xbc][0xde]6[0x17]'IM[0x82][0x18][0xbb][0xca][0x13][0x8d][0xc0][0x92])[0xa8][0xc4]v[0xce]x[0xfc][0x9])t[0xe][0x8b]b[0x8a][0xca][0xe2]"[0xc8][0xd2][0xf][0xb];[0xdc][0xe9][0x9][0x82][0xea]]k<o[0xc8]g00[0xf6][0xca][0x17][0xba][0xda][0x97][0x6][0xfa];.e[0xbf][0x17]a[0xea]j)E4r[0x81][0xfb][0x1c][0xe1][0xcc]K-[0x87],[0xd3][0x91][0xcc][0x89]P[0xe6][0xf9][0x13]xh[0x88][0x1b][0x19]H$l[0x11]I[0xdf][^CJ[0xce][0xbe][0xe0][0x8e][0xca][0xdb][0x84].[0xd1][0xde]qR[0xab]I[0xaa]$bvR[0xc2]0[0xe][0xba][0x1c]t[0x88]A[0xa4][0xb0][0xb8]O[0x8e]q&[0xff]#U[0xc3]O[0xef]&[0x14][0xa2][0xed][0x1b]4Q?f#[0xde][0x83][0xba][0xb8][0xfb]%[0xd3][0xfb]1[0x1b][0x9f][0xa1]%[0xcb][0x87][0xc3]D[0xf7]#[0xcf]R|[0xa1]4[0xbc]\[0x18][0xf9][0x80]2P[0x1][0x8b]B[0x96][0x80][0x1c][0xf2][0x18],[0xb3][0x1][0xac][0xcb][0xdc]4![0xd9][0xe8][0xcc][0x84]2[0x7]"[0xda][0xdb][0xcf]E[0xa5][0x83][0x94][0x81][0x96][0xe6][0x19]$[0xcd][0xf4],[0xb9][0x96]P[0xc0][0x2]<V[0x11][0xe3]m[0xa2]2[0xbf][0xe8][0x7]7[0xce][0x5][0xe5][0xee][0x96][0xac]?[0xf1]a[0xc9]P[0xb2][0xfe]]Z[0x99][0x85][0x3][0x89][0xfb]g[0x1]&[0xd7][0xca][0x3][0x10][0x18][0xd7][0xf1][0xd5][0xa6]~[0x92][0xea][0xb4][0xb0]`'[0xc4][0x9b]@[0xf2][0x99];[0xb3]M[0xe1][0xcc][0x1a][0xda]R[0x1f]G[0x5][0xcb][0x88][0xf8][0xb9][0x1c]>[0xb6][0x90](W[0x1]t[0xe9]+[0x99][0x2]W[\n]"
DEBUG wire -  << "[0xb6][0x9d][0x1c][0x1d]<}q$[0xf7][0xe9][0xf2][0xd6][0x18]-[0x89]$[0xc9][0xe5][0x16][0xde][0xa2][0xf4][0x1c]JIfj[0xd9][0x9f][0xe1][0xd1]?T[0x16][0x3][0xd3][[0xb9][0xa3]J [0xa5],[0xe9][0xe1][0xdd]?[0xe0][0x98][0xa1]y[0xe][0xa8][0xdf][0xe4][0xf8][0x3]E[0xd9]Z[0x9d][0xad][0x9d]$[\r]^][0xfe][0x97][0x9a][0xa1][0xc4][0xb3][0x7]6w[0xc4][0xc4][0xb5][0xd9]3[0x1f][0x96][0xbb][0xb4]2+[0x13]8[0x81][0xd8][0xc0]&[0xdc]%[0xe6]Y9[0xa9][0xb]-n[0x93][0xa4])[0x85]ML[0xa9][0xea]x|[0xc8][\r]'2[0x1e][0xed]Jk[0x18][0xfd]W[0xe1]9[0xe8]T[0x4]0[0xa7][0xbe][0x93][0x8c][0x90]*)[[0x18]/[0xef][0x13][0xe7][0xf8]9[0xe1][0xc2][0xe1][0xa2][0xd4]=[0x80][0xd5][0xe7]E[0x81][0xca][0xb3][0x1]r[0xb8]![0xb5][0xe0]t[0x86][0x6][0x16][0xa3]:[0x0]%[0x1d][0xb2]Kh[0xe4]Rl[0xa0][0x88][0x10][0x0][0xc5] y[0x18] [0x1f]E[0x2][0xc3][0xcd]r[0x1b]]%[0xeb][0xa8][0xbd][0xb5]))[0x1c][0xa9][0xfe][0xc0][0xc2][0xc7][0xf]c[0x3][0xc5]s[0xee]t[0xd1][0x1c]O[0xe][0xc0][0xf2]8[0x6][0xb8][0xd8]m[0xbf][0x83][0x81]CE[0xb2]$[0x8f]`[0xa7][0x89][0x6]Z[0x96][0xb4]b[0xf3][0xa9]Lb[0xca][0xa5][0xac][0xfc]NYz[0x1d]ss[0xdb][0xec][0xb4][0xab]S:r[0xc6][0x99][0xb5][0xd5][0xaa]H[0xab][0xa1][0xb1][0xfc][0xe][0xb9]y9[0xac][0xd8][0xe6][0xce][0xd6][0x9a]s[0xf3][0x14]ti[0xf3][0xb7][0xba]+r[0xf3][0xba][0xcd]B[0x92]GS[0xd9][0xd2][0xd3][0xc5][0xf9]R[0xe7]Y[0x8f][0x93][0xab][0x5][0xf0][0xf0][0x82]d[0xe7]SX[0x8e][0xd1]p[0x8e]*[0xed][0xb4]p[0x9e][0xef]T[0x9d][0xe7]#[0x9b][0xa4]b[0x7][0x1f][0xcf][0xba][0xa6]7[0x90][0xbe][0xc6][0xe8]x[0xa7][0x14]P[0x91][0xa7][0xa8][0xf][0x80][0x19]K/@4[0xcd]&x[0xa5][0x18][0xa0][0xaa][0xf8][0x8d][0xce]8[0x13]S[0xed]2[0xc9]V{[0xda]5[0xd1][0x9e]E[0xd6][0xdd]*[0xb3][0xee]V[0xa7][0xf5][0xcf]d[0xdd][0x1d][0xd3][0xaa]d[0xdd][0xad][0xcd]V[0x9e]u[0xb7][0xab]Xw[0xeb]wc[0xdd][0x4]+[0xb6][0xd3][0xbe]Sl~5tb[0xdd][0xed][0xee]}[0xbc][0xd5][0x1b]t[0x82][0xe]l[0xab][0x99][0x5][0xeb]+[0xd7][0xc7][0x16][0xde][0xec][0x9d][0xae][0xf]zZ[0xb1]>[0xe]@[0x9d]!'S[0xa2]N[\r]s[0xd6][0xa3]:[0xa6][0x1e][0xce][0xd0][0xa8][0x94]J[0x8d][0x9a][\n]"
DEBUG wire -  << "[0xf2]d[0xc0]-[0xa3]D[0x1f][0xb0][0x11]g[0xe0][0xe3][0x85][0xb8][0xaa]TZPT[0xc8][0xe7],/[0xa1][0xa2][0x89]/U7[0xc5][0xf]+4^{[0xcb][0xdc]$[0x9d][0xf7][0x1a][0xf]l[0xda][0xc9][0x8d][0xe][0xd7][0xa7]kTfm[0x1c][0x9b][0xec]0[0x8][0xf1]*w[0xdf][0xd5][0xd9][0x81][0xc9]^[0x7][0x1e][0xfd]|b[0x82]A[0xa8]3x[0xe6][0x8a]_uwKY[0xf]h[0xdf]Q[0x1a]x4E_[0xc][0xcc][0x18][0xba]v|[0xc][0xa4][0x13]a[0xc3]j[0x9a]@[0xe1][0xed]oZ[0xc7];[0xdb]][0x3][0xe6][0xdf][0xda]1Z][0xe0]/[0xa3][0xd5][0xdf][0x1][0x1][0xa1].[0x14][0xec][0xf]<0[0xc2]5y[0xdd][0xad][0x1f]([0xbb][0xc9][0xf]08G[0xb]19[0x4][0xe1]/1q[0x81][0xb8][0xa4][0xcc][\n]"
DEBUG wire -  << "w[[0xe4][0xc] [0xbe]o[0xb2][0xe3][0x83][0xc3]S[0x6],[0xd3][0xc1]m[0xcb][0xb0][0xba]M[0x93][0xbd]][0xdb]X[0xf6][0xb1]!v[0xf4]>3^[0x8b]D=[0xa6][0xf3][0xc4]>[0xf]+[0x9][0xc]%[0x5][0xc9][0xea][0xfa]9Z[0x9b][0xe9]i[0x84][0xb2]![0xe4][\n]"
DEBUG wire -  << "[0x1]&[0x1]~[0x6][0xc0][0xc4][0x9f]d[0xe0]$w[0x94]4[0xba][0x96][0xd5][0xd9]jw[0xd2][0x8b][0xd8]v[0xc1][0xb0]?[0x96]g[0xc8][0xb]Q[0xbf][0xe3][0xe2]Q[0xf4][0xf2]yw[0xa9][0x3]T[0x16]L[0x92][0x0][0xd8]n[0x81][0xf4]vtt[0xd4]88|!/[0xa4][0xf1][0x93][0xe9]8[0x4][0xc3][0x4]V[0x2][0x9d][0xf3][0xd9][0x81]<$[0x8][0xb]#I[0x14]aG[0xfe][0x8][0xba][0x10]H[[0x18][0xf0][0xe9][0x11][0xce][0xc6][0xb6][0xc9][0xde][0x84][0x3][0xee]sv8[0xe6][0x93])[0x7][0xf1][0xab][0xb3]gx[0x14]$p[0xc1]Dzsz[0xa0][0xb3]Wv[0x1c][0xe0][0x12]j7[0xd3]H[0xc3]K0.iY[0xb5]u[0x5]eq*oH[0xa4][0xad][0x89][0xdb]nvs[0x13][0x87][0xf7][0x12][0xb2]Sy^[0xa6]z[0x96][0xf2]3*]'[0xd5][0xb3][0xf9];[0xcc]UJ~[0xc2][0xeb][0xa9][0x98][0x4][0xff][0xc4][0xd9][0x93][0x94][0xaa][0x98]=[0xe9][0x0][0xdc]f[0xe][0xb3][0x89][0xab][0xa1]N[0xa9]g[0xf3]w[0x90][0xdc][0xbe][0x90][0x1a][0xd9] [0xd1]In[0xa7]g[0x95]Jw![0xc][0x92][0x19]J[0xc2][0xe4][0xc5][0xb]x[0xaa][0xf2]:[0xdc][0xfd]S[0xdb][0x15][0xea][0xdc]([0x1e][0xb7][0x9e][0xa1]K[0x0]3[0x8c][0xc7][0xad]'[0xe4][0xca]%[0xa3][0xd2][0xb3][0xcc][0xf]w[0xdf][0xda][0xda][0xca][0xbd]a[0xed][0x8e][0xb1][0xdd][0xcc]N[0xc0]/[0x92][0x14][0xe3][0x92][0x91][0xec]IFk[0xe4]! Y[0xd2]PW[0xa0]4[0xa6][0xae][0xdb]8m[0x82][0xf5][0x1]J[0xb1]mu[0xdb][0xcd]V[0xb3][0xd3][0xbe][0x9e][0xd0])i_[0x98][0xec]9g'A[0xc4][0xaf]'sF[0xe0]C[0xcc][0x9b]AZ.p[0xf6][0xa1][0xbc]O[0x81][0xca][\n]"
DEBUG wire -  << "{f)[0x83][0x1f][0x1e][0xb8][0x92]1[0xbb][0xec][0xf8][0xd5][0xc9][0x9b][0x17])=[0xcb][0x9d][0xa8]8[0x9d]G[0x94][0x85][0x93][0xf8][0x9c][0xee][0x8][0xaf][0xb7][0xe6][0xec]([0xe4]&;U[0x82]^g[0xcf]_>y[0xf6]Zg[0xe7][0x81][0x7][0xb][0xc7][0xda][0xd6][0xd9]tj2[0xcb][0xda][0x4][0xe3][0xa2][\r]hs[0xe4]i[0xe0][0xed][0xa3]([0xe]|[0x17]Fg[0x81][0x6][0xe9]0[0xbc][0xb2][0x86][0x10]0[0xb]9:_~[0xbb][0x83]bidje[0xa7][0xb5][0xd3][0xb4][0x8c][0x9d][0xbe]e[0x15][0xe8][0xbe]x[0xb4]l=;[0x9d][0xe5]-[0xfb]|[0xb2]O[0xa1][0x87][0x85][0xeb][0x95][0xe4][0xef][0xc7][0x9][0xef][0xd0][0x9d]8iaV[0xf1][0xab][0xc7][0xc3] [0x88][0xb3]+[0xa8][0xd5][0x93][0xfc]c[0x80][0xf2][0xb7]?[0xa6][0xf][0xee][0xe8][0x86]7Gg[0xff][0x15][0xef]/[0xa2]{[0x8f]d[0xa6][0xb8][0xa1][0x80]*c[0xb2]tS[0xaf]zY[0xb8]g3W[0xc6][0xa6][0xf8]mQ:[0xc8]Uu_ow[0xbd][0x17][0x98][0x96].[0xec][0xed][0xca][0xab][0xb2][0xee]yIow[0xad][0x97]9"[0xb8]UHMow[0xb9][[0xab][0xbb][0xd6][0xeb][0xe8][0x10][0xdc]*[0xc]o[0x95][w[0xad][0x97][0x7]"[0xb8]U8[0xde][0xe3][0xce][0xb6]Vw[0xad]W[0x8c]"[0xb8][0xd5][0xd8][0xde][0xe4][0x82][0xb6][0x8a][0x15]=[0x9d]S[0xa2][0xae]\h2gW.[0xee][0x1f]i[0x11][0xb3][0xcf]`b$[0x81][0xf0]AE4[0x1a][0xa3][0xc2][0xc2][0x8d]<[0xda]e+y[0xf]tm[0xcb]D<[0x83][0xb7][0x88]HAr-[0xb9]+N[0xae][0xfd][0xe2][0xb5][0xe0][0x89][0xfc][0x93][0x9f][0x2][0xc8][0xe9][0xe5][0x3]?[0xe7][0xea]+[0x5][0xfb][0x8d]o[0xd9][0xe3][0x87]o[0xf][0x9f][0x1e][0x9c][0x1d][0xbc]e[0xdf]6[0x1e][0x9c][0xf3][0x90]M[0x87][0xac][0xc7]>i [0xb3]'[0xda][0xee]'[\r][0xa6]Ox[0xda][0xae][0xf6]lc[0xc2][0xc6]3[0xf0][[0x1e]j[0xba]v[0xce][0xbd][0x99][0x80][0xc2][0xe1][0xc0][0x12][0xad][0xd6][0xf6][0xce]p[0xa0]]][0xed]Qs[0xfe][0x81]_[0xf6][0xe5][0x9c][0x10][0x1c]|[0x9e][0x85][0x8][0x81]&[0xe1]][0xe3]]i[0x1a][0xde][0xa1][0xd7][0xcc][0x1d]0[0x17][0xde]5[0xe8][0x8f][0x81]M[0xf0][0xb3].[0xd0][0xd1][0xd0][0xf5][0xbc][0xbe][0x1f]`[0x8][0x10] [0x9c][0xa2][0xb0]9I[0xd2][0x6][0x8e]][0xe1]9[0xf2]&%[0xc]lbU[0xe1]<[0xd4][0x14][0x1e]j[0xcf][0x8d][0xf6][0xdf][0xee][0x8f][0x87][0xe3]F[0x18][0x92][0xec][0xe3][0x1e]e[0xe4][0xb9][0xe]b[0x3][0xc5][0x13][0x1e][0x5]~8[0xc7][0x7][0xd5][0xed][0xc1][0xc9][0xb3][0xfe][0xf1][0xc1][0xcb][0xc3][0x9f][0x9f][0xbc][0xfa]O[0xea]7[0xf9][0x9e][0x13][0xd2][0x12]o[0xa3];[0xc6]/[0x87]k[0xbb]C<+[0xa3]k1[0xe8][0xb3]R[0x9]}[0xf2][0x3]k[0x8f][0xa1][0x9b]W[0xfe]!~[0xb3]L[0xbd][0xbd][0x82][0xd7][0xc1][0xcc][0x1e][0xe3][0xdb]s[0xc][0xc6][0xda][0x1c][0x6][0x14][0x87]3h7[0x9]P [0xcc]&[0xf2][0x19]j[0xaa][0xcf][0xd1]i[0xbb]o5[0xc2][0xf8]t[0xc][0xcc][0x5][0x14][0x5][0x9e][0x95][0xb1][0x8]-[0xed]L[0xd7][0xe8][0xcb]h[0xda]{][0xc3]D[0x6][0x18][0x8e][0xbc][0xe9][0x1c]^[0xb8]V[0xd7][0xc7][0xee]T[0x1][0xfc]z}r[0xf4]W[0xa8][0xf1]:[0x14][0x18][0x1a][0xc6][0xc6]/[0x8f][0xfe][0xf3][0xc]J0[0x99][0x17][0x9e]^??[0xf8][0xb9]zvp[0x82]e[0xa7]1~[0x97][0x8f][0xfa][0xc7][0x14]UV{][0xcf][0xaa][0xbc]zM5[0x82][0xe9]B[0x85][0xe3]7[0xcf][0x9f][0xf7]O[0xf]O[0x8e][0x8e]^B[0x95]c@[0x99][0xc9][0x9d]_V;[0xc6][0xf7]g?[0xbe]y[0xf1][0xe4][0x14]^[0x9d][0xe1][0x0]|[0xee]z[0x11][0xab][0xfd][0x80]o[0xe][0x9f][0xbf]:=[0x82][0x17]D6V;[0x8a]l,=:9yuB[0xd5][0xd3][0xbb]\[0x84][0x93]|[0x9e][0x7][0xb3][0x83][0x90][0x81][0x6]B[0xdd]z[0x2]F[0xde] |[0xd7][0xd8]g[0xaf]eR[0x1a][0x9d][0xf5][0x1d][0xe1][0xb9]Z[0xfa]6[0xa6][0x9][0xbc][0xe][0xf4][0x85][0xd6]8[0x7]H[0x92][0x8b]i[0x84]9[0xbc][0xc8][0x9][0x9f]4[0xfa]H[0xbc][0x8b]dL&[0x8d]B`4[0xa7]i#5Ij[0xb7][0xbd][0xea][0x15][0xee][0xbf].[0x14]C9~[0xe6]C[0x84][0x4][\r][0xaa]|[0xa0][0x1f][0xab][0x19][[0x8d][0xf5]][0xf2][0x9][0xa9]w[0x15][0x9f][0x1c]{[0xa7][0xbe]'[0x5][0x95][0x10]0[0xb4][0x13][0x83]w[\r][0xd9][0x9f][0x89][0xbb][0xd9]8p[0xc9][0xe6]3[0x17]]/[0xbc]V[0xc6][0x13][0xb1]xn5}bv?[0x90][0x19]9[0x11][0xb2]C[0x90][0xde]r0[0xa4]O_[0xc3]<[0x4][0xbe][0x90][0x15][0xe0][0xbd][0x95][0xa4][0xe9][0xc8][0xb7] x19[0x9e]\[0x13][0xca]4[0xe2]a[0x8][0xfc][0xf0]Q[0xcc]ig@}[0xd7]@[0x98][0xb4][0xea][0xfc]y[0xd6][0xcf]7N[0xa9][0x9f][@BU![0x8f]][0xb][0x7]e[0x1c][0xaa][0x9c]H=[0x9b][0xc9][0x92][0x6][0x8a]Q,/[0x1d]%[0xf0][0xcf]L[0xf4]=w[0xe2][0xc6]}q[0x89][0xc7]u[0xa9]5&[0x9a][0x8d][0xf1][0xe8]6^[0xc3]6[0x99][0xaa][0xcb][0x8d][0xa8]2[0xde]"[0x81][0xf7]?[0xcc]i#-2[0xa5]d[0x13][0xaa]u[0xd4][0xc7][0xa8][0x98][0x4][0x88][0x3][0x8a][0x98]*[0x97][0xc1]6~[0xe9]Nf[0x13]&[0x91][0xa0][0x90][0xa0][0xca]w[0xc3][0x8b][0xb8]\9[0x90]_E[0x18][0xf4][0x7][0xf3][0x98]>f)[0x88][0xd3][0x93][0xe3][0xd3][0xf0][0x17][0xb1][0x99][0x9b][0x5]v[0x6][0x86][0x1f]#+[0x3][\r]|[0x90][0xe6][0xae]C[\r]QM[0x90][0x9c][\r][0xf1]B[0x96][0xec][0x8]6[0xa9]\[0xb5][0x81]4[0x15][0xe1][0x4][0xf][0xea][0xc9]=[0xde]H[0xd8][0xb3][0xd0][0x8d]1[0xf1][0x11]e![\r][\r]j[0xf5][0xb9][0xdf]'[0xae]/[0xa3]B[0x1b][0xcf][0xb8][0xf5][0x8d][0xf7][0xfa]-[0xc3][0x88][0xb2]p&[0xe0][0xa5][0x87][0xf3]<[0x81]_P[0x9]KJ[0xaa][0x9a]3[0xba][0xc3][0x14]Mt[0xe8]/[0x83][0xe5][0xe0][0x16][0x14][0xed]%[0xe7][0xe1][0x11]b[0xf0][0xff][0xb4]E[0x18][0xd2][0x86]z[0x81][0xe2]H[0xea]e8[0xaa]o[0xcc][0xf4][0x5][0xf0]V[0x8][0xb0][0xe]|F?Y`S.d[0xba]W([0xa7][0xcd]\*K[0x80][0x9d][0xdd][0x8][0x8f][0xaa][0xf7]e[0xcd][0xbe]\[0xcb] [0xa9]@[0xaf]][0xd0][0xd5][0x1e][0xb4]q6[0x9a][0xa9][0x8c][0x1f][0xea]&[0x85][0xa7]l[0x18][0xb5]m[0x1f][0xe2][0xce]%)/[0x17][0x9c]M[0xbc][0xb7][0x1b];P[0x80]+[0x19][0x16][0xef][0x5][0xa4]c[0xf3][0x8a][0xbd][0xac][0x94]r(M[0xd2][0xe1][0xd1][0x95][[0xb2][0xe7][0xc][0xe0][0x10][0xe4].[0x1]z#[0xdb][0xca]g[0xac][0x0][0xce]P[0xbf]\)G[0x0][0xf9]J[0x9e]'[0xcd]N[0xf9][0xab][0x84][0x80]o[0xac][0xff][0x88][0x6][0xb0]`1[0xd7]@V[0x14][0xe1]7[0xad][0xff][0x88]Jpi]9[0xb7]Y.[0xf0][0xe]/:7[0xa8][0xbb][0x4][0xb2][0xbc][0x85]h[0xa6].[0xb2][0x9b][0xe3][0xb6][0xa4][0xea][0x9c][0xb8]'H)[0xf0][0xec]U6[0xfe][0x84][0xe9][0xd3][0x97][0xa7][0xc9]*H[0xab][0xd0][0xf2][0xb6][0xf1]N-O[0xe][0xff][0x18]{[0x95][0x5][0x92]Fj[0x1c][0xa0]V[0xf1][0xf3]:[0x19][0x15]U[0x81])[0xad][0xe]d[0xe]x[0xf7]T[0xfd][0x2][0xb5][0x13][0xe2]-$[0xa4]^[0xb4][0xc3][0xe4][0xf7][0xbb]Y[0xab][0xd9][0xda]"[0xb6]Dy[0x8c][0xd0]&[0x94]Y[0xa2][0x12][0x89][0x80][0x17][0xa2]1B$[0xfc][0xfa])[0xfd][0xa1][0x1e]6[0xb5][0xec]o"[0xfa][0xeb][0xd0][0xbe][0xb9][0x9c]2l[0xab][0x98]7[0x91][0x84][0xf8][0x9d][0xc1]~[0xf2]AG[0x5][0x85]$[0xa2][0xda][0xda]}[0x11]![0xc4][0x3]`\Ly[0xc0][0x8b],[0xbf]Oq[0xea][0x93]l[0xfb][0x19][0xb7][0x8f]e[0x1]s[0xd1]Z[0x90][0x14][0x91]/_[0x6][0xba][0xa2][0x90]|[0xe7][0x7]>[0x99]}[0x83]n[0xa7][0xcd][[0x3]g[0xd0][0x82][0xc2][0xfb][0xd9]q[0x89],[0xbf][0x99][0xd2][0xac][0x84][0xf2]=[0xa1][0xd5][0xeb]l[0xb7][0x9a][0xdd]Ns`wp[0xb6][0xc1]3[0x18][0xf7][0xa3][0x8b]a5[0xd0][0xe4]K[0x82][0xef][0x1a][0xa8]b[0x13][0x84][0xb2]_&[0x1]3[0x1][0x98]d[0xa3][0x98][0x94][0xfd][0xdb]O[0xf2]3RH_t[0x13][0xc8][0xfe][0x5]U[0x82]sz[0x19]+[0xe1][0x6]/[0xbf][0xd5][0xae][0xc0][0x8a][0x93]7[0xfa][0xf3][0xc4]l[0xd0]q[0xac] [0x10][0x4][0x9f][0xf4][0x93][0xf1][0xcb][0xf2][0xb][0x1e][0xfa][0x92][0xf]^[0xa8]u[0x93][0xed][0xfa][0x90][0xaa]B[0xb9]n[0x8f][0xd1][0xae][0x6][0xb6]G-[0x95][0xb0][0xfc][0x19]]t[0xe8][0xc9][0xa9]&[0xb5][0xa7][0x96][0x94]SX[0x8e]T[0x85][0x16]![0x89][0x9f]E9[0x88]\[0x89][0xea]%[0x5][0xfc][0xf3][0x2]<[0xd4][0x17]~rKi[0xaa][0x8f][0xaa]@][0xfd][0xc1][0xa8]0[0xea][0xbf]-[0xa3][0xae][0xc1]O[0x95][0xf2]][0xdd][0xde][0x9b])[0xdd][0xa1]{)[0xd3]q[0xf0]u[0x94][0xbb]gf[0x19][0xf3]^[0x4][0xa1][0x93][0x1a][0xa4][0xf8][0xf5]RI[0x95][0x84][0xc8][0x89]B[0x90][0xdd][0xc1][0x84][0xa1][0xc7]O[0xe8]'I[0xfd][0xd0][0x8c][0xf2][0x91][0xd5][0x13]Y9[0x13][0x1e][0xa3][0xef][0xaa]9[0x81][0x90][0x86][0xa0],[0xa0]p[0x82][0xeb][0xc8][0x8f][0x96]Q3|Ge[0xb8](g[0xf2][0xf2][0x1e]DQ[0x81]C[0x9b][0x8][0xc8][0x1][0x16][0x0][0x3][0x97]&[0x9c][0xab][0xf4]@hHq[0x9][0xd2]a[0xdc][0x3]T[0x9d][0xb9][0xcc][0x1]C[0xf5]^[0xa9][0xc3][0xfe][0x8d]([0x9e]H[0xa0][0xd3][0xd9]`Qz[0xd1][0xf][0xbc]v[0x95]nv[0x96][0x92][0x89]l[0x99][0xe4]\[0xe]~[0x5][0x9b]b>hAV[0xc8][0xba][0x5][0x1]W W[0xa1]5[0x92]l[0xca][0xed][0x8f]YXF[\r][0xf9]P[0xf6][0xfb]3[0xf6]{([0xfb][0x5][0xbb][0xf2]@[0xde][0xa4][0xf2][0x9a]B[0xe5]n[0x18][0xc5][0x14][0xa1][0xc9]>[0x14]:[0xd2][0x7][0xba]S[0xff][0x84]}[0xd9][0xbd][0x1]}[0x82][0xfc][0xf3][0xe7]A[0xf5]w:[0xe9][0x92][0xad][0xae]?[0xed]i4[0xbb][0xa7]1[0xf2][0x85]~[0xd4][0x3][0xc7][0x92][\n]"
DEBUG wire -  << "",[0x90]i[0xae][0x9a]~[0xdc][0xd3][0x9e][0xbe]zq([0x1d][0xdf][0xe7][0xb4]B5[0xfd][0x87][0x9e][0xc6][0x1d][0xe7][0xe8][0x1c][0x8b][0xc0]F[0xa6]mz[0xfd][0xc7][0x1e][0xb8][0xbd]g[0xe0]#[0x80]7[0xbe][0x97]`[0xc6][0x86][0xb5][0xfa][0xa7][0xff]x~[0xf0][0xc4][0x94]c[0xaf][0xdd][0xe0][0xe3][0xc0][0x1f][0x92][0xf]H'_[0xeb][0x6][0xf7][0xbc]n^p7[0xae][0xd5][0xef][0x1][0xc6][0x98][0xb8][0x98][0xef]/[0xe8][0x9b][0xdf][0xb7][0x2]Y[0xfe]p[0xf4][0xd4]E8[0xf2][[0xdc][\r][0xba]-[0xdb][0xc6][0xde][0xd4][0xa7];1[0xe6]'[0xe1][0xdf][0x1a][0xf0][0xb2]O[0x80][0x3][0xf0][0x81]K[0x17]$[0xc2][\n]"
DEBUG wire -  << "r[0xf0][0x13][0xc8]7[0xec][0xa0][0x82][0x18]3[0xb7]a[0xe3][0xb6][0xea][0xbd][0xa9]p[0xc7][0xaf][0xad][0xdf][0x7]q<[0xcb]?u[0xe9][0xf2][0xdb][[0xa3]_[\r][0xf1][0xc2]u`[0x91][0xac][0xb][0xda]$[0x80][0xe9][[0x17]0[\n]"
DEBUG wire -  << "[0xe7][0xdd]s[0xa0][0x89][0x95][0x1][0x98]][0xba][0xf7][0xc4],[0x85][0x95][0x9a].[0xeb][0x1]'[0xaf][0x88][0xe][0xa3][0xfb]sd[0xd5][0x7][0xdd]?[0xe4][0xbf]F[0x8f][0xc9][[0x92]p[0x1d][0x5][0xfe][0xbd][0x19]2[\n]"
DEBUG wire -  << "[0xc2][0x98]Ng[0xfc]^[0xb8][0x97])[0xbd].[0xb8][0x89][0x84]!![0xb6]f[0xf0][0xa0][0x16][0x9c] lD[0x17]B[0xc4][0x1c]f6n5[0xc0][0x7][0x8f][0xf3][0x5]w$[0xbc]<[0x15][0x1c][0x1b][0xa1][0x98]z[0xf3];`M[FQC[0xee][0x12]'8[0xf][0x82] [0xc6]8[0xcf][0x94][0xc4]l[0xf2][0xb0].[0xe8][0x0]S[0x2][0xb8]7[0xaf][0xd1][0xb9][0xc]7[0xcf][0xb4][0xf7][0x14]Vx[0x8][0xf5]^[0xb0][0xd0][0xa0][0xb3][0xac][0xf9][0xba][0x10][0xe2][0xb9]`[0xf8][0xfd][0xa8][0x15][0xcd]F#[0x98][0x85][0xfb][0xf0][0xf5]rM[0x9c][0xb7][0xe3][0xee][0xa2][0x87][0xe1][0x91]r2R[0xec][0xf6][0xae]~[0xac][0xe5]>[0xd9][0xee][0xe]k[0x14]R[0xd7]0[0xa5][0x94][0x1e][0x1f][0xda]o[0x9b][0xef][0xeb][0x9f]~[0xcc]>[0xd9]n[0xe2][0xe5][0xfb]B[0xe8][0xad]N}O[0xde][0xe]we[0xf7][0xb0][0xd6][0x15][0xed][0x1e][0x82][0x9]X[0xfc]r[0xbb]&1[0x4][0xab]O[0xf4]h?e[0x8f][0x9b][0x1][0x1d][0xa1][0xe9][0xf1][0xb7]G[0xef]{[0xc5][0xee]k[0xfc][0xed][0xd3][0xf7][0x8f][0x1e][0xe1][0xbf][0xf]{[0xb8]U+[0xe7]D[0xcb][0x8a][0xa4][0xab][0xa6][0xd5]?[0x16][0xf5]O[0x12][0x1]&[0xf7]i[0x8a]p[0xfd][0x99][0xe7][0xed][0x89][0x1e]z[0x9f]{`[0x9]^[0xa9][0x8f][0xc2][0xdf]j[0x1e][0x1c][0xfc][0xe][\n]"
DEBUG wire -  << "[0xb8]?F[0xb6][0xe7][0x1a][0xe5][0xa6][0xc3][0xe3][0x3]E[0xc9][0xef][0xcf]E[0xd8][0xc3][0xcf][0xe9][0xb4][0xb5]=[0xbb][0xfc][0xa5]y[0xdb]$[0xbb][0xf9][0x10]?[0x13][[0xbf][0xd2][0x9b][0xf5]=[0x18][0xe8][0x0][0x86][0xd3]#$[0x1f]=[0x1a][0xbc][0xfd][0x1]hL%Z[0x12][0xd8][0xdb][0xc3][0xc2][0xda][0xb1][0xee][0xe4][0x9]40C[0x81]q[0xc1][0x82][0xf9][0x8b][0x95]t[0xa2]@}O[0xc2]H[0xa9]v[0xa5][0xca][0xaf][0xae][0xea]5[0xf4][0xaf][0xd2][0xef][0xdc][0xd7][0xf7][0x1e]4[0xbe]e[0xef][0xdf][0xef][0xb3]o[0x1b][0xe9][0xe7][0xe6][0x1f]7[0xf0][0xbb][0xf1][0xb8]k[0x8e]{E[0xf8][0x1d]y[0xfc][0xfc][0xfc][0xd3][0xb9][0xcf][0xf1][0x94][0xc][0xed][0xcf][0xe7][0xae]p[0xf5]Y[0xdb]lu[[0xea]d\d[0xca]O[0xd0]c[0x8b]Crx[0xca][\r][0x6]s[0xf6][0xd3]k[0xe3]t6[0x5][0xd6][0xa6][0x1a][0x98][0xff][0xd7]jZ;F[0xd3]2[0xac]Mfm[0xef]v[0xb6]v[0xad][0xe][0xc1][0x91][0x80]"[0xac][0xc][0xee][0x10]V[0x86][0xd2][0xff][0x7]n^M!u[0xc9][0x0][0x0]"
DEBUG RequestSpecificationImpl$RestAssuredHttpBuilder - Parsed data to instance of: class org.apache.http.conn.EofSensorInputStream
DEBUG RequestAddCookies - CookieSpec selected: default
DEBUG RequestAuthCache - Auth cache not set in the context
DEBUG PoolingHttpClientConnectionManager - Connection request: [route: {}->http://localhost:2064][total kept alive: 2; route allocated: 1 of 2000; total allocated: 2 of 2000]
DEBUG PoolingHttpClientConnectionManager - Connection leased: [id: 1][route: {}->http://localhost:2064][total kept alive: 1; route allocated: 1 of 2000; total allocated: 2 of 2000]
DEBUG MainClientExec - Stale connection check
DEBUG wire - http-outgoing-1 << "[read] I/O error: Read timed out"
DEBUG DefaultManagedHttpClientConnection - http-outgoing-1: set socket timeout to 10800000
DEBUG MainClientExec - Executing request GET /session/e9c2f5b492893b90288674161d6e7d46/element/0.01484094461664287-5/attribute/href HTTP/1.1
DEBUG MainClientExec - Target auth state: UNCHALLENGED
DEBUG MainClientExec - Proxy auth state: UNCHALLENGED
DEBUG headers - http-outgoing-1 >> GET /session/e9c2f5b492893b90288674161d6e7d46/element/0.01484094461664287-5/attribute/href HTTP/1.1
DEBUG headers - http-outgoing-1 >> Cache-Control: no-cache
DEBUG headers - http-outgoing-1 >> Host: localhost:2064
DEBUG headers - http-outgoing-1 >> Connection: Keep-Alive
DEBUG headers - http-outgoing-1 >> User-Agent: Apache-HttpClient/4.5.3 (Java/1.8.0_161)
DEBUG headers - http-outgoing-1 >> Accept-Encoding: gzip,deflate
DEBUG wire - http-outgoing-1 >> "GET /session/e9c2f5b492893b90288674161d6e7d46/element/0.01484094461664287-5/attribute/href HTTP/1.1[\r][\n]"
DEBUG wire - http-outgoing-1 >> "Cache-Control: no-cache[\r][\n]"
DEBUG wire - http-outgoing-1 >> "Host: localhost:2064[\r][\n]"
DEBUG wire - http-outgoing-1 >> "Connection: Keep-Alive[\r][\n]"
DEBUG wire - http-outgoing-1 >> "User-Agent: Apache-HttpClient/4.5.3 (Java/1.8.0_161)[\r][\n]"
DEBUG wire - http-outgoing-1 >> "Accept-Encoding: gzip,deflate[\r][\n]"
DEBUG wire - http-outgoing-1 >> "[\r][\n]"
DEBUG wire - http-outgoing-1 << "HTTP/1.1 200 OK[\r][\n]"
DEBUG wire - http-outgoing-1 << "Content-Length:98[\r][\n]"
DEBUG wire - http-outgoing-1 << "Content-Type:application/json; charset=utf-8[\r][\n]"
DEBUG wire - http-outgoing-1 << "[\r][\n]"
DEBUG wire - http-outgoing-1 << "{"sessionId":"e9c2f5b492893b90288674161d6e7d46","status":0,"value":"http://pros.unicam.it/bebop/"}"
DEBUG headers - http-outgoing-1 << HTTP/1.1 200 OK
DEBUG headers - http-outgoing-1 << Content-Length:98
DEBUG headers - http-outgoing-1 << Content-Type:application/json; charset=utf-8
DEBUG MainClientExec - Connection can be kept alive indefinitely
DEBUG PoolingHttpClientConnectionManager - Connection [id: 1][route: {}->http://localhost:2064] can be kept alive indefinitely
DEBUG PoolingHttpClientConnectionManager - Connection released: [id: 1][route: {}->http://localhost:2064][total kept alive: 2; route allocated: 1 of 2000; total allocated: 2 of 2000]
DEBUG BasicClientConnectionManager - Get connection for route {}->http://pros.unicam.it:80
DEBUG DefaultClientConnectionOperator - Connecting to pros.unicam.it:80
DEBUG RequestAddCookies - CookieSpec selected: ignoreCookies
DEBUG RequestAuthCache - Auth cache not set in the context
DEBUG RequestTargetAuthentication - Target auth state: UNCHALLENGED
DEBUG RequestProxyAuthentication - Proxy auth state: UNCHALLENGED
DEBUG DefaultHttpClient - Attempt 1 to execute request
DEBUG DefaultClientConnection - Sending request: GET /bebop/ HTTP/1.1
DEBUG wire -  >> "GET /bebop/ HTTP/1.1[\r][\n]"
DEBUG wire -  >> "Accept: */*[\r][\n]"
DEBUG wire -  >> "Host: pros.unicam.it[\r][\n]"
DEBUG wire -  >> "Connection: Keep-Alive[\r][\n]"
DEBUG wire -  >> "User-Agent: Apache-HttpClient/4.5.3 (Java/1.8.0_161)[\r][\n]"
DEBUG wire -  >> "Accept-Encoding: gzip,deflate[\r][\n]"
DEBUG wire -  >> "[\r][\n]"
DEBUG headers - >> GET /bebop/ HTTP/1.1
DEBUG headers - >> Accept: */*
DEBUG headers - >> Host: pros.unicam.it
DEBUG headers - >> Connection: Keep-Alive
DEBUG headers - >> User-Agent: Apache-HttpClient/4.5.3 (Java/1.8.0_161)
DEBUG headers - >> Accept-Encoding: gzip,deflate
DEBUG wire -  << "HTTP/1.1 200 OK[\r][\n]"
DEBUG wire -  << "Date: Mon, 14 Jan 2019 17:23:54 GMT[\r][\n]"
DEBUG wire -  << "Server: Apache/2.4.18 (Ubuntu)[\r][\n]"
DEBUG wire -  << "Vary: Accept-Encoding,Cookie[\r][\n]"
DEBUG wire -  << "Cache-Control: max-age=3, must-revalidate[\r][\n]"
DEBUG wire -  << "Content-Encoding: gzip[\r][\n]"
DEBUG wire -  << "Content-Length: 12021[\r][\n]"
DEBUG wire -  << "Keep-Alive: timeout=5, max=100[\r][\n]"
DEBUG wire -  << "Connection: Keep-Alive[\r][\n]"
DEBUG wire -  << "Content-Type: text/html; charset=UTF-8[\r][\n]"
DEBUG wire -  << "[\r][\n]"
DEBUG DefaultClientConnection - Receiving response: HTTP/1.1 200 OK
DEBUG headers - << HTTP/1.1 200 OK
DEBUG headers - << Date: Mon, 14 Jan 2019 17:23:54 GMT
DEBUG headers - << Server: Apache/2.4.18 (Ubuntu)
DEBUG headers - << Vary: Accept-Encoding,Cookie
DEBUG headers - << Cache-Control: max-age=3, must-revalidate
DEBUG headers - << Content-Encoding: gzip
DEBUG headers - << Content-Length: 12021
DEBUG headers - << Keep-Alive: timeout=5, max=100
DEBUG headers - << Connection: Keep-Alive
DEBUG headers - << Content-Type: text/html; charset=UTF-8
DEBUG DefaultHttpClient - Connection can be kept alive for 5000 MILLISECONDS
DEBUG RequestSpecificationImpl$RestAssuredHttpBuilder - Parsing response as: text/html; charset=UTF-8
DEBUG wire -  << "[0x1f][0x8b][0x8][0x0][0x0][0x0][0x0][0x0][0x0][0x3][0xed]}[0xd9]v[0xdb]H[0xb2][0xe0]s[0xf9]+[0xd2][0xf0]-[0x8b][0xec][0x2][0xc0]M+%[0xca]-[0xcb][0xb2][0xcb]=[0xde][0xc6][0xb2][0xbb][0xbb][0xae][0xed][0xcb][0x93][0x4][0x92]$l,,[0x0][0x94][0xc4][0x96]uN[0xbf][0xcf][0xe3]<[0xcd]9s[0xcf][0xa9][0x98]?[0xa8]O[0xe9]/[0x99][0x88][0xc8]L,$([0xca][0x12][0xab][0xef][0xf4][0x9c]R[0x95]% [0x97][0xc8][0xc8][0xc8][0xc8][0xd8]r[0xc1][0xc1][0xfd]'[0xaf][0x8f][0xdf][0xfd][0xf4][0xe6][0x84][0x8d][0xd3][0xc0]?[0xbc]w[0x80][0x98][0xcf][0xc3]Q[0xcf][0x10][0xa1][0xf5][0xfe][0xd4]`[0x93]X[0xc][0xbd][0x8b][0x9e][0x11][0x8d][0xba]P([0x9d]t[0x1b][0x8d]h4[0xb1][0x3][0xd1][0x8][0x93][0x7][0xc6][0xe1]=[0xa8]#[0xb8]{x[0xef][0xbb][0x83]@[0xa4][0x9c]9c[0x1e]'"[0xed]m[0xbc][0xf7][0xd4][0xda][0xdd][0xc8][0xd2]C[0x1e][0x88][0x9e]q[0xe6][0x89][0xf3]I[0x14][0xa7][0x6]s[0xa2]0[0x15]a[0xda]3[0xce]=7[0x1d][0xf7]\q[0xe6]9[0xc2][0xa2][0x17][0x93]y[0xa1][0x97]z[0xdc][0xb7][0x12][0x87][0xfb][0xa2][0xd7]2[0x10][0x8a][0xef][0x85]_X,[0xfc][0x9e]1[0x89][0xa3][0xa1][0xe7][0xb][0x83][0x8d][0x1][0xb5][0x9e][0xa1][0x90][0x1a][0x5][0x93][0x91][0x1d][0xc5][0xa3][0xc6][0xc5]0l[0xb4][0xa8][0xce]w[0x7][0xa9][0x97][0xfa][0xe2][0xf0][0xf1][0xc9][0xe3][0xe8][\r][0xb3][0xd8][0x9b][0xb7][0xaf]O[0xf1][0x97]#[0x92]D$[0x8c][0x87].;[0x15]16[0x9c][0xb0][0x17]|p[0xd0][0x90][0xc5][0xef][0xb1][0xc2][0xcf]A[0xe2][0xc4][0xde]$e[0xe9]l[0x2][0xf8][0xa7][0xe2]"m|[0xe6]g\[0xa6][0x1a][0xcc]s[0xa1][0x7][0x93][0xe9][0xd0]B[0x9a]M[0xf9]HX*[0xa7][0xc][0x5][0xce]x[0xcc]D[0x1c]Gq?I[0xe3]~4[0xf8][0xcc]z[0xec]r[0xa1][0x14][0xfe]l[0xc4][0xe2][0xe7][0xa9][0x17][0xb]w[0x83]u[0xd9][0x86][0x97][0xb0][0xec][0xdd][0xac].[0x1f]xI[0xc0]SgL[0xe5][0xdd][0x8][0xba][0x13]F)[0x93]IK[0xaa][0x9c]q[0xdf]sy[0xea]E[0xa1]n[0x4][0xab]P[0xea][0xc6]B[0x8d][0xab]2I[0x1a][0xb2][0x8f][0xe5].[0xde];[0xb8]oY[0xec][0xdd][0x18] %^*[0x18][0xfc][0x8d]&[0xa9][0x17]x[0x13].;[0xf7][0xd2]1K[0xc7][0x82][0xfd][0x14][0xf1]$e[0xa7]'[0xaf][0xd9][0xc4][0x9f][0x8e][0xbc][0x90][0x9d][0xed][0xd9][0x9b]048[0x88][0x9][0x8c][0xe2][0xc][0xf3]m'[\n]"
DEBUG wire -  << "[0x1a][0xe7]Q[0xec][0x2][0xef]%IC[0x96]L[0x1a][0x89][0x88][0x1a][0xcc][0xb2][0x80]Ks^px[0x18][0x85][0x1e][0xb0][0xc9][0x1c]7[0x0][0x8f]$[0xf6][0x14]s[0x2][0xdb]K[0x1b][0x3]1[0x88]&[\r][0x83]5[0xa0]2[0xb1]#[0xe4]OD[0x9c][0xce][0x88][0xaf][0xfd][0x8][0xf9][0xac][0xc0][0x93]"[0xec]#[0xeb]W[0x97]FN([0x94][0xe5]q[0xea]9X{Iid[0xa9]B[0xf1][0x1b][0xf2][0xe2]2p[0xae][0x90][0xb4][0x87]q[0x9b][0x7][0xfa][0xeb]/[0xb5]i[0xe8][0x8a]8I[0x1][0x18][0xec][0xf9]^:cg'[0xb1]7[0xf4]D[0xcc][0x86]Q[0xcc][0x1e]O[0x13]/[0x84][0xf6][0xd8][0x9b]8[0xc2]vY[0x10][0xb9][0xc2]O[0xea]8V[0x9c][0xfd][0x9][0xd8][0x9a][0xa5]Q[0xe4][0xc3]@[0xf1][0x94]%[0xd3][0x9][0xce][0xd4][0x84][\r]t[0xad][0x89][0xaa][0x5]8x[0xa3][0x10][0x1a][0x82]y[0xca][0x4]47[0xf0][0xbd]d[0xec][0x85]#v>[0x16]0[0xc8]1[0x0]{[0xfc][0xe6][0xe5]+[0x9][0x1e][0xb0][0xc]&[0xfe][0x8c]X[0xe0][0xd7]_[0xb6][0x9a][0xac][0x80][0xe4]@"I[0xe5]|[0x4]0[0x9a]z[0xf0][0x88][0xcd][0xd9][0xc0]J[0x2]j[0x89]X[0x0][0x4][0xdf][0x17]N*\[0x93]%[0xb3][0x10]ZH[0x88][0xa9][0x90]f[0xe3]([0x88]F"[0xa4][0xf7]a[0x1c][0x5][0xc]:[0xe1][0xf9][0x80][0x91]@[0xe4][0x0][0xba][0x88]y:[0x8d][0x85][0xcd][0xde]'[0x88]1[0xf0][0xb][0x13]<[0x99]1[0xee]P_[0xe4]p[0xa8]^[0xc7][0xd1]t4[0x6][0xb0]3[0xf6][0x17]1`[0x83]8:O[0xb0]3)q[0xee][0x10][0x90][0x88][0xce][0x1][0xc9]_A[0xf6][0xb3][0xfd][0x85]=O[0xd9][0xc3]1b>[0xd9]_6^[0xd3][0xd8]/[0x8c][0xd3]m[0x98][0x13]'S[0x1f][0xa5]g[0x1][0xce]-[0x99][0xc7][0xb]@@[0xad]D[0xe7]|b[0xa9][0x12][0x8d][0xe9][0xc4][0x8f][0xb8][0x9b]4[0xda][0xcd][0xd6]n[0xa3][0xd9]i[0x0][0xb5]^[0xbf]i[-{[0x12][0x8e][\n]"
DEBUG wire -  << "[0x8d]H[0xd9][0x9e][0xc2][0x8][0x3][0xb9][0xbb][0xe][0x8f][0xdd]B#[0xc9]4[0x8]x<[Z[0xfc]w[0x8e][0xfe][0x8b][0xa3]?h[0x96][0xfe][0xb4]t[0xc8][0xee].[0xd3][0xca][0xf0]~[0x3][0xbe],j[0xed][\r]>[0x99][0xf8][0x0][0x5]Y[0xac][0xe1][0xbb]?|N@[0xe9][0x1d]^[0x1a]$p[0x17][0xa9][0xd1]5[0xb4][0xfa]I[0x9c][0xb1][0x8]8[0x9a][0x11][0x86]i[0xfc][0x91]$}[0xd7]x[0x1d][0x8f]8[0x8c][0x7][0xd5][0x87]d[0x9c][0xd2][0xdd]%8Bv[0x2]];J[0x8c][0xee][0x87][0xc][0xe8][0xf9][0xf9][0xb9]=[0x8b][0xa6][0xe9]t H[0xb3][0x81][0x89][0x14][0x86][0xc2]o[0xbc]?[0xee][0x1f][0xff]|[0xf1]2}2[0x8c][0x9f][0xfd][0xfb][0xf9][0xeb][0xd1][0xbf][0xff]<[0x18]4E42>A[0xdb][0x9e][0xbb][0xb4][0x91][0x7]Q[0x19]![0x12][0xe][0xdd][0x95]B[0xc1]4[0xfc]h[0x14]AA[0xe3]*[0xd7][0xe0][0xa4][0xb4][0x1b][0xb]j[0xd9]&=[P[0xb4][0x1b]n[0x98]Xh[\n]"
DEBUG wire -  << "[\n]"
DEBUG wire -  << "23H[0xd7]n4[0x1a][0x1][0xbf]p[0xdc][0xd0][0x1e]DQ[\n]"
DEBUG wire -  << "F[\r][0x9f][0xe0][0xb]tq[0x83][0xc6]`U[0xe5]![0x90]?[0xb1]GQ4[0xf2][0x5][0x9f]x[0xc9][0xcd]k&[0xf6]9[0x8e][0xd1]\a[0x83][0xfb][0xc0]M!O[0x81][0x97][0xa4][0xb9]V[0x1c][0xf8]8I~[0xb8][0x8]@[0x1a][0x13][0xf7][0xae][0x94][0xa1][0xec]a[0xcc][0x9e]F[0xfb][0xec][0xa9][0x10][0xee][0xf5][0xc6][0xc5][0x10]J([0xf1][0xfd][0x1b][0xe3]r[0x1c][0x5][0x1][0xf0]r[0x3][0xa4][0x1c]U[0xb4][0x80][0x1d][0xd8][0xc3][0xd7][0x1a][0xb3]X[0xe2];[0x90][0x7]ntn[0xf7][0xcf]'"[0x88]>{[0xa7]"MAB$h[0xab][0x1a][0x3][0x9e][0x88][0xf7][0x19][0xf7]'[0xdd][0x8f][0x8d][0x8f]z(>6h[0x12]'[0x1f][0xa1][0xe1]X|lP[0xe5][0x8f]`[0x87]l[0xec][0xb4]/v[0xda][0x1f]qj[0xc8][0xb9]F[0x93][0x14][0xe6][0xc9][0xd9][0xe8][0xdb]aA%[0x82][0x4]O$0x[0xc2][0xf7]h[0x1a];0[0x9].[\r][0x98][0xd3]@d[0xaa][0xa2]'[0x10][0x82].S[0xe7]#[\n]"
DEBUG wire -  << "[0x13]/t[0xfc][0xa9][0x8b][0xcd]|N([0x81]*Y0z N[0x85][0x1d][0xc0],[0xf8][0x9c]<:[0x13]qo[0xcb]n[0xda]m[0xe3][0xea]j[0x1f][0x9]t8[\r][0x1d][0x1c][0xc5][0x1a]7[0x7][0xa6]S[0xbf][0xd4][0xef][0xcc][0xc5][0x94][0xfa]%[0xda][0xf9]N[0xef]4[0x8d][0x81]n6J[0xf0]cp[0x89][0x8e]A![0xec][0xfb]6[0x18][0x8a]<~[0xb][0x92][0xbf][0xd6]4[0x9b][0xe6][0x17][[0xfa];_[0xec][0xb1][0xf0]F[0xe3][0xb4]n[0xfa]6x6[0xfe]; T[0xcd][0xb1][0x91]cf[0xb5][0x14],j[0x93][0xd7][0xa1]x[0xb3][0xbe][0x8f][0xb0][0xdd][0xde][0x17];[0x8d][0x9e][0xf0][0x94][0xbf][0xfb][0xa2]V[0xbf][0x3][0xd4]A[0x1][0xaa][0x98][0x83][0x1a][0xb]P2[0xd0][0xa7]^[0xaf]'[0xae][0xb2].[0x8a][0x1a][0x97][0x1d][0x1c][0xec]{[0xc3][0xda]}[0xff][0xeb][0xd7][0xfb]9[0xf0][0xba][0xac]s[0xbf][0xb5][0x9f][0x80]`w[0xc6]5[0xdf]F[0x16]{[0xc][0xd4]D[0x5][0x8][0xc][0x17]M[0xc]D&B![0xbf][0xdd]l[0xb2]N{r[0xc1][0x8e]bp[0xf5][0xc][0xe8][0xe2][0xa5][0x3]%[0x8d][0xa1][0xcf]GFW[0x81][0xaa][\r]zn[0xed][0xc3][0xd6]Vgk[0xdb][0xdc][0xda][0xde]m[0xc3]o[0xfd][0xdc][0xda][0xfb]d[0x96]rv[0xdb][0xcd]N)[0xbb]^[0xf8][0xb0][0x4]`[0xa7][0xd3]iC^[0xab][0xbd][0xb][0xbf]7[0xdb][0x9d][0xfc][0xb9][0xb5][Ho[0xe5][0xcf][0x9d]fu[0xf9][0xcd][0x9d][0xbc]q[0x82]*[0x1b]/[0x14]-'[0x0][0xfc][0xb9][0x12][0xad][0xb9][0x4]hi[0x5][0xc]h[0xb3]n[0xde][0x1f][0xd4][0xf7][0x89]L[0x8a][0xc3][0xd5]0e[0xbd][0xc4][0x92];[0xdb]Msog[0xaf]mno5;[0x9a]J:[0x83]`[0x16]r[0x11][0xe4][0x95][0x1e][0xb8]|[0xa0][0x87]z[0xa0][0x9d][0xde][0xc0]vb[0x1]S[0xea][0xc4][0x17](Qj[0x86][0x12][0x17][0x80][0x88][0x9d][0xc4]N[0x8f][0x9b][0x8e][0xed][0x82][0x84][0x8e]{[0x8e]]-X[0xcc][0x81]=[0x12][0xa9][0xaa][0x9f]<[0x9e][0xbd][0xe3][0xa3]W[0xa0][0xb3]j[0x6]F[0xe][0x8c][0xfa][0x87][0xe6]'[0xe4]J[0x11][0xba][0xc7]c[0xcf]wkN[0xfd][\n]"
DEBUG wire -  << "[[0x1e][0x99]c[0xd3]3?[0x9b]_[0x16]1[0x0][0x9b][0x7][0x80][0x1b][0xc0][0xd9][0xc0][0xb5][0x0][0xfa]X*[0xf2][0x87][0xf][0x8b]o5[0xa3][\r][0xc0][0xf7][0xc1]L[0xac]}[0xee][0x1d][0xc5]1[0x9f][0xd5]$s[0x99][0x8a]xu@\[0xdb][0x84][0xbd]K[0x1]3}[0x96][0xa2][0xd1][0xd7][0xbd][0xdf]4[0xf3][0xb7][0x93][0xb]GL[0xd2][0xa7]P[0x11][0xd2][0xaf]L[0xaf][0xd7][0xdc][0xf7][0xe]>[0xdb][0xbe][0x8]G[0xe9]x[0xdf][0xfb][0xe1][0x87]z[0xe][0xe5][0xc3][0xe7][0xf][0xde][0xa7]O=Q[0xc3][0xbf]E[0xf0]v[0xe][0xaf]W[0x99][0xfa][0xf0][0xe1]<[0x14]S"{[0xbf][0xd7][0xc3]W[0xe0][0xe4][0xca]z9v[0xd5]p[0xf3][0xfc][0xc5][0x16]h[0x0][0xef][0x6][0xf2]~[0xa1][0x4][0xa2][0xb]]~[0xf2][0xfa][0xe5][[0x18][0xd6]Y[0xef]~[0xb][0xde]b|<[0xe6][0xbe]?[0xe0][0xce][0x97]^&:a[0xae][0x17][\n]"
DEBUG wire -  << "[0x2]Y+[[0xfa][0xfa][0xb5]6.[0xd7])[0x81][0xab][0xd5][0xaf][0x80][0xb3][0xb8][0xeb][0x9e][0x9c][0x1]W[0xbc][0xf0][0x12][0xb0][\r]E[0xfc][0xa8][0xb6][0x98]V3[0xa0][0xb1]ci<[0xbe][0x0][0xcb][0x11][0x94]'0[0xd7][0xfd]V[0xdd][0xe4][0x15]e[0xd1][0xb6]T[0xf9][0xf5]n[\r]J[0xa4])w[0xc6]T[0xa8]fD[0xa1][0xca][0xae]c[0xdb][0xe5][0x1c][0xc2][0xe][0xfc][0x80]T[0xa0][0x89][0x7]&[0xad]Y@[0xde] [0xaf]A[0x80]A[0x0]"u {r[0x8a]eq`[0xe6][0xfb]U[0xaf][0x9b]D}Rk_[0xbf]^^[0x99]#[0xbb][0xa0][0xd9][0x1e][\r]k[0xa5][0xf7]zwd+[0x85][0xfd][0xf0][0xe1][0xc8]N[0xcf][0xd5]c[\r][0xcb][0xa9][0xb7][0xba][0x89]/[0xaa]T[0xbd]^[0xbf][0xaa]IUo[0xba][0x91]3[0xc5]ie.Q[0xfd]uT{[0xb9][0xc5][0x88]VD:[0x3]o[0xa4]0[0xd7][0x9d]$[0x1][0xeb][0xc1][0xb][0x10][0xbe][0x95][0x4][0x9e]/f&[0xbd][0x12] vy[0xef];[0xd7]K&>[0x9f]u[0xc1][0x87]A][0xc0][0xee]{[0x1][0x8e]6[0xf]S[0x80]>[0x88]bp[0xa0][0xba],[0x8c][0x16]s.[0xac]d[0xcc][0x1][0xad][0xaa]\[0xa9][0xdf][0xba][0xac]%[0x82]r[0x6])[0xc0][0x8a]tpD[0xc1][0xb8][0xed][0xb2]&[0xb3][0x9b];[0xf3][0x99][0xc0]v)F[0x92],[0xee][0x83]3[0xd8]eV[0xd3]^[0x0][0x80][0xc3]3[0x2][0xa7]*t[0xab][0xf0][0x99][0x0]/[0xa1][0xfc][0x0][0xf8][0xc5][0xf4][0xab]{@=$Y[0xc9][0xb2][0xa5][0x94]d,D[0xba][0x81]Q[0xc4][\r][0xa0][0xdc][0xc0][0x8f][0x9c]/[0x96][0xef][\r]bp[0x98]- [0xea][0x6]S&[0xef]R[0x8f]H[0x1b]18[0x4][\r] r[0xda]([0x1][0x91][0xed][0x92]-[0x3][0x5]rcfCyFz[0xf4]6X \[0x8f][0x83][0xab][0xe4][0xfb][0xf3]&[0xf8]<[0xa2][0xe0][0xac][0xa6][0x1e][0xb7][0x1c][0xdf]Cin[\r]x|3T[0xb5][0xf3][0xa6][0xc3]y[0xe0][0x82][0x6][0xc2]K|a[0xe1][0xcc][0x0][0x87][0x6][0xc][0xe3]h0[0xbc][0xe8][0x83][0xf3]<[0xf5][0xb1]K:[0xd9][0xf2][0xc5][0x88];[0xb3][0x6][0x7][0xeb]8[0x95]][0x95]H4[\n]"
DEBUG wire -  << "H[0xac][0xaf][0x83].[0x7][0xdf][0x1f][0xb0]Mn3[0x4][0xba][0xee]zi[0x8e]t[0xb1]$][0xac][0xc9]t[0x80][0x88]Y0g[0xa7][0x96][0xc4][0xb3][0xb9][0x80])[0xfa][0x9d]K[0x9c]3[0xf2][0xbb],~.[0x92]([0x10][0x8d]M{[0xc7]n[0x12][0xea][0xc5][0xe4][0x12][0xf6]m([0xd2][0xf9][\r][0xb1]o[0xfd]F[0xfc][0x93]7A[0xfd][0x83][0x96][0xc1][0x1][_[0xaf]2[0xba]~[0x1b][0xfa][0x84]v[0xc6][0xc0][0x8a][0xa5]3X[0x84]i[0xf6]V[0x1a][0x86][0xd6][0x9a]&.[0x8d]3[0xc6][0x9b]n[0xc8][0xdf][0xd7]"[0x9e]1[0xe][0x1][0x9c]c[0x1b][0x10][0xa0]{wA[0xb8][0xc8][0x91]k[0xc0][0xb5][0xc4][0xf7][0xd7]r[0xfc][0x9a]H[0xdd][0xa7][0xe4][0xbb]`[0xbe]([0xbe]oJU[0xa9][0xa3][0x17]p[0x91][0xea]W[0xa2]4[0x7][0xe2][0xf0][0x9e][0xad]8[0x4][0xfc]4[0x94][0xa8]&[0x9b]K`[0xe8]Y[0x82][0x81][0xad][0xfe][0xf4][0x93]q4[0x99][0x80][0xc2][0xeb];<N[0x99][0x8d][0xbf][0xfb]>[0xe8] T[0xf8][0xdf][0x15]t%t[0xce][0x8f]@[0xbf]?[0xe8]lw[0xb6]:;[0x90]y[0x5][0xff][0x96][0x0]g[0xb6][0xcf][0x7][0xc2][0xb7][0x86]`g[0xa1][0xfd][0x1][0x16][0xc3]d[0x9a]~ d[0x13][0xf0]s[0x9d][0xf1][0xa7][0xae]u.[0x6]_<[0x18][0xbb]i[0x8a]K[0x81][0xbe]lP[0xa7][0x16][0x8d][0x6][0x10]"
DEBUG wire -  << "[0x14][0x0][0xb2][0x89][0xff][0x81][0xab][0xb9][0x7]?[0xf0][0xa7][0x80][0xc7]M[0xbb]|[0x3][0xac]V[0x93][0x8b][0xca]a[0xdc]:[0xb0][0xf1][0x97][0x85][0xd4][0x99]t[0x7][0x2]^[0xc4][0xca][0xda][0xc0]2[0xee][0xd4][0xb9]+[0x94][0xd2][0x90][0xa9]J[0x92]zz[0x8c][0x86][0xf4][0x83][0xb4]aw[0x1a][0xa4][0xd2][0x90] [0x93]Y8R[0x8a][0x15]T+[0x5]3[0x89]U[0x8c][0x6][0xe3][0x15][0xfd]Q[0xf]V[0xc8][0xcf][0x98][0xef]1[0xbe][0xc][0xfb][0x5]X[0xdd]q[0x4][0x13][0xe8][0x6][0x10]e[0xc1]2\A?[0x92]s[0xe1]7 [0x86][0xc4][0x81][0x1a][0x4][0xc1][0x8d][0xa3][0x9][0xb0][HZ[\r]`([0x8][0x87][0xd0][0x81]k[0x8b][\r][0xc1][0xf4]NV[0x17][0xe3][0xe0]C[0x9c][0x89][0x85]r[0xf2]/[0xa1]}[0x88][0x88][0xaf]@c[0x10][0xb9][0xb3]n[0x18][0xa5]5{[0xc][0xf2][0xae][0x9e][0xd5][0x7][0xdf][0x9d]O[0xfd]t[0xe][0x9e]-[0x1b][0x95][0x15][0x6]iX_#[0x18]5[0x12]k[0x2]FDD`[0xd9][0x8]#[0x91]p[0x15][\n]"
DEBUG wire -  << "[\r][0xea][0x11][0xe3]v[0x0]L[0x9e][0x82][0xff]~M[0xb6][0x85][0xb2][0xbc]X@[0xf1]y[0x1]W{[0xcc][0x13][0xb][0x17]Y@i[0x10][[0x10][0x87][0xe0][0xd2][0xb7][0xe2][0xe9]&o[0xef]m[0xf1]}%[0xde][0xb0][0xc6][0x84][0x83][0xa5]B!_[0x96][0x80][0x85]b;[0xd3]8FO[0x8b]-[0xcb]Q[0x9d]Y[0x9e]_`M[0xe9]5Y[0xa5][0xc6][0xf3][0xb6][0x7][0xd3]4[0x8d]B3{*[0xf4][0xe3]<[0x8a](:[0xc][0xae]%0[0xc]b[0xba]O[0xa0][0x98],)g[0xb1][0x91]L[0x7][0x81][0x97][0x1a][0x9f]nQ%o[0xcb][0xf5][0xce][0xc0]%D1[0x95][0x90][0x86][0xe3][0xa0]|P[0x88][0xa8]$[0xfc]][0x2]!!|[0xca][\n]"
DEBUG wire -  << "[0xc8][0xf7][0xf5]A[0xca]1+[0x8],C[0xd6][0x93]][0xad]J[0xaf][0xae]U$PU[0xfa]\[0xad][0x7]R.[0xaa][0x1e][0xb1]k[0xd9][0xe3][0x9a]L[0xcd]![0xd7][0x15][0xc9][0x87][0x1a]&[0x9][0xfe][0xb3]&[0xb1][0x87][0x8b][0xb0]Ui][0xe4][0xfc][0xca][0x8c][0xc2]l[0x98][0xcf]* 1[0x9f]%[0xe7]he[0x9e][0xbd]:[0xef][0x1a][0xc8][0xba][0xc4][0xd2][0xde]uK[0x5][0xae]An5[0xfa][0xc5]Y/[0xb5]E[0xe2][0xb9][0x2]%Q4[0x11]aV[0x9][0xac]8QU[0xc8][0xf1]!ce[0xa9][0x5]P[0xcb][][0x4][0xf8][\r][0x18][0xe6][0x12][0xf2][0x6]`[0xf3][0xb2][0xa4][0xe1][0x95][0x9e]/[0xf2][0x8f][0x82]q[0x1e][0xc5]_@N[0x81][0xf6][0x1e]F[0xbe][0x17]Y^*[0x82]n[0x98][0x8e]-[0x87][0x82][0xb8][0xdb][0xe1][0xf][0xad][0xba]2[0x13][0xb4][0xd6][0xb2][0xa4][0x9d][0xa8][0x9f][0xb4][0xcd][0x9b][0x1b][0x15]r[0xc2]%[0xfa]![0x93][0xba][0xb9])Y[0x14][0xc2][0xf3][0x6]f&[0x8f]+,[0xcf][0x5][0xd9][0xfc]G2[0x98]Y[\r][0x9c]dK[0x85][0x8b]v[0xb6]w'[0x17]uv[0xc9]H[0xc5]w[0x8d].:[0xf4][0xbd][0xc3][0x82]fX]4[0xa3]j[0xa5][0xf6][0xce][0x14][0xf7][0xa2][\n]"
DEBUG wire -  << "g[0x15][0xcd]|C[0xdd][0xc5]v%e5[0x84]4[0x1a][0x8d]|[0xb1][0xa2][0x89][0xa2]![0xc1]<[0xa9]|r[0xb5]W[0xa4]-[0x11]W+[0xa0]L[0xb5][0x17][0x94][0x87][0x5]"[0xb][0xd4][0xbc]RI[0x98][0xfb][0xc1][0xf1][0xc1]=[0xfb][0x8f][0x9e]1[0xf4]-[0xe3]S][0x19][0x3][0x8a]M[0x9d]8[0x2][0x93]1[0x8d][0xd0]VSY%[0xc4]U[0x1a][0xb1]q[0xdd]\[0xd1][0xa8][0xbd][0xa2][0xd5]ol[0x94][0xbb]n?[0x8d][0xc8][0x8e][0xee]K[0xc8][0xf5][0xf5]j[0xbc]J][0xc3][0x96][0xa9][0xae]*af[0xe6][0x86][0xcc][0xbc][0xfb][0xb0]\[0xd5][0xaf]G[0xde]es[0xb1][0xca])k2\[0xf7][0xc3]M[0x16][0x8f][0x6][0xbc][0xd6]j[0x9a][0x9b]-s[0xaf]i[0x82]o[0xbb]Y7[0x9b][0xac][0x3]y-[0xf8]ga[0xa1][0xf9]"m,[0x81][0xb9][[0xd5][0x10][0xda][0x14][0xb1]&A[0xf0][0xcf]nT[0x1b]~h^[0xa2][0xa3][0xc1][0xd1]B[0xd3][0xa3][0xc1]T[0xb2][0x12]{:[0xbd]BlU[0x9][0xac][0xbb][0xb0][0xf6][0xb7]N[0xa8][\n]"
DEBUG wire -  << "[0xde][0xae][0xb2][0xd9][0xff]I[0x13]{[0xdd][0xe6][0xe4][0xf5][0xe6][0xdc][0xf5]&[0xe2]uF[0xdd][0xa2][0xfb]p[0xa3]YW[0xd0][0xe4][0xd7][0x1a][0x84][0xff][0xa5][0xe6][0xd9][0xb7]ZN[0xec]&[0xa2][0xe4][0x96][0xf6][0xce][0xb5]f[0xef][0xd2]H[0x10][0xcc][0xde]M[0x14][0x0][0xdb]8[0xc3][0[0xc5][0xe7][0xa7][0xf0]&Mq*[0xd3][0xc9][0xe7]8[0xee][0xa8]P[0x13][0x1c]rwQD`$[0xc9][0xda][0xaa][0x94][0x11][0xd5][0x82]g[0xae][0xe1][0x85]z[0xeb]j[0xb9][0x18][0x5])J[0xa3]<Ld{8K`[0x8][0x5][0xc8]!J[0xc6]i[0x4][0x93][0x91][0x84]P[0xc1]n[0xa2][0x1d]8[0xdd]Lz[0x8f]b[0xee][0xe2]JK[\r][0xa3][0x87]<6}1L[0x19][0xcc]][0x93][0xd1][0xd3] [0x2][0xbe][0xe]L[0xdc][0xec]RS[0x92][0xab]n[0xa6]Q[0xf6]\7o[0x3][0xc8]m[0xe3][0x12][0x90]z[0x96][0xdd]\[0x8e][0xa7][0x84][0x9a][0xb7]R[0x85][0x8c][0xb9][0xb4][0xb0]l[0xc4][0xd4][0x8d]-i[0xeb]Fm[0xdc][0x4][0xb6][0x1e][0x1e])[0xf9][0xca]R0[0xe6]![0xf0]6[0xb2]u[0x1d][0xed][0xaf],[0xe2]Q[0x1d]Y[0xf2]=;[\n]"
DEBUG wire -  << "[0xad]D[0xd0]Z[0xf3]\[0xc8][0xa6][0x10][0xa8][0xb2][0x87]S[0x1f][0xf]U[0xc4]BH#[0xb1][0xa2][0xb9][0xd5][0xad]-@a[0xcb][0xac][0xc9][0x95]=[0xcb]\[0x81][0xa2][0xd4]XY)[0x8b][0xdf]ak[0x96][0x14][0xad][0xc5][0xc0][0xc8]w[0xa5][0x90][0x88][0xa6][0xb2]R[0xc6]C[0xf]7[0xe6]e[0x3]C[0xd6][0xfe]w[0xa5]u[0xdd][0xf9][0xa1][0xdb][0xdc]r[0xc5][0xc8]TSn{[0xd7]l[0xef][0x99][0xad]N[0xdb][0x4][0xef][0xa6][0xf9]=%[0xd7][0xda][0x9d]Msk[0xc7]l[0xb5] [0xad][0xd5]l~_[0xdf]g[0xf7]t[0x8c][0x1b][0xdc][0x15][0xd5][0xb2][0x6][0xa8][0x9d][0x95][0xcc]~[0xe6][0xbb]-wws[0x9f]e[0x15][0xe6][0xdc][0x9d][0xf9][0xfa][0x8b]~O[0x95][0xc7]S[0x84][0xca][0x16]![0xcb]r[0xb][0xb8][0x9c]l[0xe1][0xcb]qY[0x0]p3d[0x8a]`[0xef]-h[0xe][0xa9][0xeb][0xb1][0xa8]p-moh&[0xb4]P0[0x14]^c[0xda][0xd3][0x96][0xbf][0x9e]&)[0xad][0xf2][0xa9]4[0xb9][0xea][0x7][0xce]h[0xdd]d[0x95][0xfa][0x9d]JI[0xae]Q[0x6][0x1][0x94][0xac]6j[0xc0][0xd1][0x84]n [0xcf][0x95][0x2]`[0xca][0x87]*[0x96]|,[0x1d][0xd6][0xb9][0x82]J[0xfd]k[0xa7]kp[0xf3]B6[0xf7][0xd3]e[0x5][0x1f][0xc4]"[0x99]D[0xa1][0xcb][0x94][0x9][0xa2]"J%|[0xa4][0xa7][0x8d][0x1]Nk[0x12]%[0xe9][0x1c]$[0xe5]}[0xfb]>[0xc7][0xdd][0xe4]~[0xa2][0xd6]n[0xd2]([0x95]/c[0xe1]|[0x89][0xa6][0xa9]U[0x85][0xb0][0xa5]s[0xd9][0x83][0x9][0x9f][0xe1][0xc6][0x11]x[0xf0][0xb9]#dDp[0xae][0xb0][0xa2][0xe0][0x82][0xa9]x=IV[0x7]%[0xd9][0xad][0xe2][0x9][0xe5]fx6[0x90][0xe][0xb1][0xf1]9X[0xe7][0x92][0x13][0xca][0xd8][0x9c];[0xe][0xe8]I[0xe][0xb4][0x1]j"ge5+JsY|[0xae]{[0xb4]ZS[0xa4][0x81][0xd2][0xbd]S[0x18][0xc7]yR[0xac][0xc9][0x83][0x94]p[0xaa][0xba]K[0xac]5[0x9f][0x8b]g[0x1e][0x84][0x1d][0xcc][0xfa]j[0xc4]$[0xf5][0x8b][0xa4][0xc3]Y[[0x9e][0xa4]*QO[0xd2][0xc2]+MR[0xf9][0xfe][[0xcd][0xee][0xb2]CQ01[0xab]s[0xa4]+q[0xc9][0xd4][0x1e][0x1d]t<[0xba]-0[0xa5][0xf6]Y[0x96]$[0x8d][0x8f][0xf9]TD[0xb0][0xdb][0xe9][0x94][0xd2][0x8]K[0x95]x[0xf5][0xbb]<[0xfb]][0x9e][0xfd].[0xcf][0xfe][0xe5][0xe4]Y[0xd5]\*O[0xa3]|[0xa9][0x18][0x8f]-[0xcb]!9[0x8f]q[0xa7]2[0xa0][0xf][0x92]@dA[0x12][0xa4]8 +[0x9]^[0xe6][\r][0xc9][0xe3]V)[0x0]P[0xc9][0xdb][0x9c][0x8c][0xf7][0x2][0x82][0xf][0xc0][0x9e][0x87]Y[0x81][0x11]"[0xe8][0xdc][0x7][0xcf][0xfd][0x8f]^[0xa1]V[0x1f][0x84][\r][0xfc][0x96][0xe6][0xec][0xa7]%[0x1c]QUOE&[0xb0][0xd1]O[0xd7]0[0x96]D[0x98][0x6][0xa7][0xb8][0xb6]/[0xc7][0xa6][0x9c]?W[0x87]FT[0xcb].[0x97][0xc][0xf5][0xc8]G[0x11][0xac][0xc4]c[0xfd]:[0x80][0xab]+W[0x92]p[0x8e][0xcc][0x95][\r][0xfc][0xa1][0xbf][0xd4][0xa2]/[0xba][0x2][0xd3][0xa4][0x8b][\n]"
DEBUG wire -  << "[0xe8][0xea]^[0xb6][0x94][0xe1][0x85][0xf9]R[0xc6][0xde][0xe4][0xa2]N[0xde][0x10][0x86]K[0x84][0xf2]![0xb4][0x13][0x94][0x4][0xdc][0xf7]sG[\n]"
DEBUG wire -  << "[0xf]![0x99]+[0xca][0xe6][0x85][0xc6][0xad]RE[0x99]cA[0xdb]J\IH[0x1]Ls[0xa6][0xce]F[0xdb][0xca]3e[0xe4]B[0xc8][0xf2][0xd9][0xa6]1[0xe5][0xb3]e[0xef]][0xb6][0xd9][0x86]n[0xd1]j[0xc2][0xd5][0xbd]{[0x1a]) [0xd9][0x4][0xc5];[0x8c][0x80][0xe7][0x93]#[0x7]^([0xf5][0xd6]J[0xd2],[0xd6][0x8a][0x9b][0x4][0x84]<%[0xa0][0xd6][0x83][0xbe]+*|[0xb6][0xd3][0x94][0xa0][0x1][0xf0]M[0xf6][0xe4][0xaa][0xad]StP[0xad]r[0x8b]e[0xd5][0x11]6[0xdc]L[0xf5]h[0xc8][0x3][0xcf][0x9f][0xf5][0xde]F`TD[0xdf]w[0x8e]:[0xe0][0x16][0xb6][0x8f]7[0xe9][0xf7][0x16][0xfd][0xde][0x81][0xdf];[0xc7][0xb2][0xc0][0xf][0xa7]>[0x1f]@[0xa9]M[0x9d][0xf3][0xf0]A[0xb3][0xb3][0xbb][0xf][0xbc][0x8b]W)[0xf8][0xb8][0xc5][0x6][0xd2][0xe9][0xaf][0x85][0xe7][0x1c](w={[0xec]x[0xec]YC[0x1e]:3[0xc]Y[0xdd]j[0x1f]f[0x6][0xc1][0xf2][0x91][0xf9][0x1]N[0xb6][0xe1]N[0xc1]m|[0xfe]y*[0xe2][0x99][0xad][0xdf][0xe7][0xf6][0xda]u[0xec][0xed][0xbb][0xf4][0x80][0xae]_[0xc0]-[0xa5][0xb7][0xc2][0x1e][0x92][0xa6][0x9][0xb2]SL[0x19]nic[0xa3]J#[0xa1][0x94][0xac]o7[0xaf]$[0x87]5[0xf5]n[0x89][0xb2] |4[0xa6][0xd8]B7[0x7][0xdb][0xb2][0xf7][0xec][0x96][0xed][0x80][0xec][0x89][0x82][0x12][0xa1]7[0xef]L[0xe8][0xe4][0x1c][0xde][0xb9]/[0xe2][0xb4][0xbd]>[0xec][0xcf][0x80][0xc8]Q[0xdc]([0xc0][0x96]{[0xd9][0xb][0x9][0xb7][0xef][0x86][0x9e][0xab]0?[0xe5][0xf9][0xc2][0xc6][0xc6]*[0x9c][0xf1][0x84]pc[0xfe]t[0xe9][0x89][0xeb][0xa5][0xef][0xdf]>[0xaf]>[0xcf][0xe9][0x96][0xce]s[0xbe]=}r[0xfd][0xe9]L([0x1c]O[0x1c]{2[0x9e]<[0x82][0xba][0xf3]gG[0xcf][0xfd][0xf3][0x80][0x87][0xde][0x10][0xa4]OUk[0x85]l[0xd9][0xea]u-[0x15]7[0xa8][0x17]*[0xda]T[0xb1]q[0xc8]J[0x7][0xb2]Gx[0x0][0x86][0x83][0xe8],[0x1c][0xc6][0xfe][0xb]h[0x9c]7x[0xf][0x7][0x93][0xc7] [0xe7][0x99]d[0x1c][0xc5])[0xbe]^O[0xd4]G[0x93]^[0xbb][0xb9][0xf7]M[0x7]vq[0x10]~[0x88]D0Xu[0xd4]U[0xf][0x98],[0xdb]h[0xd9][0xcd][0x6]==[0x9a][0xc6]~[0xf][0xab][0x80]d[0xfd][0xbe][0xfd][0x14][0xfe]/W[0x84][0x4][0xba]z[0x1][0xfe][0xae]<[0xbd]K[0x8c][0x6]4[0xfb]g!$E<[0xce][0x14][0x9e][0xf6][0xd4]X[0xdd][r[0xf0][0xe6][0xf1][0xeb]'?1;[0x17][0xe2][0xda][0xc6][0xbe][0xfc][0x1b][0xc][0xbd]+.[0xba][0xed]&[0xfe]\[0xcd][0x95][0xf3][0x12]27[\n]"
DEBUG wire -  << ")[0x83][0xd1]e4[0xe1][0x8e][0x97][0xce][0xba]M{wg[0xbe][0xc2]`[0xc4].[0x17]b{[0xf][0x9a][0xc3][0xe6][0xb0][0xd5][0x9a]/[0x9b][0x8e][0xa7][0xc1] [0xa9]*/wh^i[0xf5][0x9b][0xdf][0xb3]#[0xb5]qv[0xa7]L[0xa6][0x9f][0xcb][0x17][0xcc]<>y[0xf6][0xfc][0x15];[0xb9][0x0]s[0xf9][0xa5]H[0xc1][0x6]N[0xd8][0xd9][0x16][0x88][0x84][0x1d][0xf6]>[0xf4]@>$[0xdc]gG![0xf7]g)f[0xe5][0x17][0xcb][0x8][0xac][0x11][0xc8][0x1a][0xa4][0xa5][0xe5]M2[0xfa]TS-;[0xa9][0xe5][0x99][0x89][0x19][0x99]#36[0xb9][0x19][0xd4]/[0xbd][0xf][0x1b][0xcf]H[0xbd]g@_[0xf]>[0x83]9[0xb3][0xf1][0xa9][0x17][0xef]{[0x1f][0xe2]O=[0xfc][0xf5][0xf5]k[0xe1][0xa4][0xd7][0xbd][0xef]j[0x98]f[0xff][0xdc][0x93][0xbe]~[0xfd][0xf0][0xa9]nO[0xa6][0xc9][0xb8][0xc6][0xe3][0x11][0x9d][0xb5]J[0xea]W&e[0xfa][0xbd][0xd6][0x1f]Bq[0xce][0x9e][0x0][0xaf][0xd5][0xea][0xfb][0xbc][0x97][0xcc][0x9d]u[0x8c]pWA[0x0][0xc9][0x95]'(#<<[0xb9][0xcf]m[0x9e][0xcc]B[0xa7][0xd7][0x82]'<[0x91]9[0xda][0xf]l[0x19]-[0x15][0xb9][0xc2][0xc6]=[0xd0]q[0xfa][0x98][0xf6][0xfa][0xd6][0xb0]S[0xf7][0xae][0xea][0xb][0x87][0xbf]6$%6[0xcc][0x8d][0xe2][0xb5][0x5][0xd2][0xb2][0xb1][0xb8][0xee];Q.[0xfb][0x9c]@[0xf9][0x11][0xdf][0xa8][0xef][0xc3]([0x8d]xmC[0xe2][0xbe]a[0xb2][0x8d][0xf7]GV[0xab][0xd5][0xdc][0xdc][0xd9][0xea]tZV[0xb]Sp[0xb3]v^2[0x1][0x91][0x8f][0xa9]h[0xdc][0xa1]{[0x85]9s[0xd7][0x12][0x9c][0xbc]zR[0x1e][0xe8][0xca][0x11][0xc6]Ql[0xc8]+[0xa8][0xee][0x1d][0xa0][0xfb][0xca]h[0xe1][0xb9]g[0x94][0xcd]F[0xbd]5[0x87][0x9c]u[0xca][0xf2]\[0xb]D[0x12]C[0x15]E[0x8a][0xd2][0xc2][0xeb][0x11]X[0x1e]bP[0xf6][0xaf][0xcf][0xf1][0xee][0x6]][0x9f][0xae][0xa2][0x2][0xb7]J7[0xa2][0xfd]A[0xa6][0xe1][0xcb]{[0xa7][0x94]5[0xaa][\n]"
DEBUG wire -  << "[0xa9]7y[0xc0][0x1e]rqS[0x8d][0xca]R[0xb]8s[0xfb][0x87][0xd4][0xeb][0xd0][0xbb][0x0][0x97][0x3][0xc]WP[0xb2][0xd2][0x12][0xc5]}O"+[0xe]~BqiD[0xc3]/![0x98]I[0x83][0xca]\[0x5]H"(K[0x14][0xb3][0xa5][0xa9][0x8e]t[0xd1][0x8e][0xaf][0x82]r[0xc0][0xe7] [0xc][0x0][0x8d][0x15]R[0xd1]P[0xed][0xdf][0xec][0xce][0x83][0x8c]X^0b[0xc8][0xd4][0xdf]t+[0xc8]N[0xa3][0xd5]l8q[0x4]([0xbb][0x96]*Lw[0x83][0x80]`[0xbf]A[0xd3][0x7][\r].i[0x1]f[0xc8][0x99][0xa6][%[0xe5][0xd4]"T[0x99]:PR[0xfa][0x89][0xac][0xb4]y[0xa0][0xb2][0xaa][0xc1]\[0x9e][0xea][0xc5],[0x1c].[0xdf][0xe7][0x93]$K[0x6][0x81][0x1][0x1e][0x80][0xf1][0x0][0xdd])[0xdc][0x8c][0xe5][0x8d][0xe4][0xad][0x1f]j[0x18]p[0xfd][[0x83]E/[0x13][0xf7][0xb1]#[0xfa][0x98][0xfe][0x9b][0x15]I[0xc0]O[\r][0xfd][0x99]q[0xf8][0x8e][0x90]f[0xaf]2[0xb4][\n]"
DEBUG wire -  << "U[0xe][0x1a][0xb2][0xd7]z[0x18]sJf[0x8f]DN[0xbc]@m[0xbe]s9[0xef]Jbh~[0xcf][0x88]sx0[0xf5]eMt[0xa7]Uh[0x80][0xd6]"[0x8b]D[0xce][0xa6][0x9]?[0x83][0x1a][0xbe][0x97][0xd7]@[0x7][0xdc]jog[0x85][0xb3]D[0x96]g[0xe3][0xd0][0x91] [0xe8][0xe3]S!#"[0xf9]/[0xa3]~y*[0xee]_g%[0xe0][0x87]0I[0x14][0xaf][0xff][0x18][0x5][0xf3][0xd7][0xd5][0xcd]O[0x8e]C,[0x83]|w[0xd0][0xf0]=[0xb2]E[0xe6][0xd1]m[0xee][0xae][0xc6]WJ[0xb2]EdU[0xba][0xda])![0xf][0xdf][0x81][0xaa][0x6][0xa1][0x2]nr)U[0xad][0x2][0x17]:[0x6].;m[0xe9][0x84]tVB[0x87][0xe9][\r][0x87][0xc5][0xae][0xbe][0x8b]"?[0xd1]}}[0x90]a[0x9c][0xed]MT\H[0xe5]X[0x89][0xaf][0x1c]hZF[0xd8][0x0][0xe0]BF[0xc6][0x90][0xd9][0x1f][0x98][0xa3][0xc8][0x7]q[0x84][0xed][0x96][0x6][0xbf][0xb4][0x13]R[0xdd][0x1e]8O[0xce]Vg[0x9d][0xc3][0x8f][0xe0][\n]"
DEBUG wire -  << "Tx[0xfc]&[0x8e][0xfe][0xbc]b[0xc8][0x7][0xf0]~&`[0xe4]e[0xe1]|[0xec]+[0xb1][0xdd][0xbc];[0xb6][0xa5]q&[0x0][0x98][0xdc][0xcf][0x9e][0xf4][0xc0][0xee][0xe9][0x92][0xfd]<5?[0xb4]63~[0xc8][0x1e]([0x90][0x8a];[0x4][0xe4][0xde][0xa0][0x12][0x85][0xf0][0xce][0xa8][0x9b]][0xda][0xb7][0x8c][0x85][0xe4][0xb5]Swe[0xa1][0xef]n[0xca]CU[0xc3][0xb2][0xb9][0xb7]V&[0x2]p[0xf3]$[0xa2][0x8b][0xbb][0x9e][0xa3][0xd6][0x1f]r[0xe7]z[0x8e][0xea][0xee]6w[0x9b][\r][0xaa]eA-[0xbc][0x1e],[0xab][0x88][0xa7][0xa9]IKR[0xe4][0xfe]s2[0xd4][0xe4]+[0x81]/[0xf2]`c[0x8a][0xf7][0x81].e[0xc8][0xe6][0x1a][0x18][0xb2][0xc][0xae]4}[0x9e][0xbe]\5y[0x86][0x1]M[0x9d][0xa7]/[0xaf][0x9d]8[0xdb]7[0x91][0x9a]7[0xc7][0x13][0xc1][0x15][0xf0]<[0xde]\q[0x9][0xd3]&[0xe0]x[0xbc]y-[0x86][0xbb][0xad][0xad]ub[0x88][0xe0][0x8a][0x18][0x8e]E[0xc][0xaa]q[0xe2][0xad]@T[0x17]C|[0xf5][0xf3][0xb5]hom[0xb6][0xd6][0x89]6[0x82]+[0xa0][0xfd][0xf2][0xf9][0x93][0xa3][0xeb]1[0xe]<[0x97][[0x1][0x18][0xcb][0xde][0x84][0xa2][0xcf]x[0xfd][0x1e][0xb0]9h5[0xd7]"[0xd3][0x89][0x87]`[0x15][0x80]z[0x83][0x1e]![0xb4]k;[0xb3][0xb9]^n[0xde],s[0xf3][0xcb]h[0xe0][0x1d][0xf3][0x15][0xdd][0x81]2[0xe]G\[0xa9][0xf0][0xf5][0xd8][0xb6]w[0xd6][0x8a]-[0x80]+`{[0xfa][0xeb][0xff][0xb9][0x1e][0xd5][0xa4][0x3]hB[0xa9]kq[0xdc][0xd9]^+[0x8e][0x8][0xae][0x88][0xa3][0xb4][0xd6][0xa5][0xe0][0x92][0xb]g[0xec][\r][0xc7][0xbb][0x4]C[0xba][0xc2]q5[0xfb]$[0x12][0x2]0N[0x6][0x1][0xda][0x94][0x10][0xb0]{7h[0xa0]`[0xac][0x15]de[0x15])[0xd6]K[0x89]"![0xc0]r[0xc0]B[0xc9][0xf5][0x9d][0x9d][0xa8]R[0xd0]1][0xe1]:K[0xb3][0xb5]^[0xd3][0xa8]U6[0x8d][0x9e][0xa8][0x88][0xc3][\n]"
DEBUG wire -  << "[0x9c]u`[0x2][0x91][0xce][0xaa]\k[0x1f]o[0xad]W#m[0x95][0xe6][0xf0]1[0xba][0x1e][0x83](&[0x7]e[0x5][0xea]N[0xa9],J[0xd4]R[0xc2][0xf5][0xa4]_k'[0x10]\[0xa9][0x13]a[\n]"
DEBUG wire -  << "[0xcc][0xcc][0xde][0xaf][0xec][0x0][0x95][0xb3][0xa6][0x12]y]i[0x8e][0xe1][0xa5][0x1f]7[0xe7]%[0x1f]4[0xf0][0xcc][0x93]v[0xee]([0x82][0x7][0xa6][0x94][0xbe][0xfc][0x7][0xaf][0xcc]1[0xb2][0x8a]2l#b[0x80][0xa7]=A[0xe5][0xca]e4[0x18]D[0x18][0x1]Q![0x18][0x15]F)[0xac]Q[0xb2][0xe2][0x1a][0xa5]r[0x99][0xc1][0x81][0x81][0x17]~[0xd1]3[0x94][0xd1][0xc9][0xe][0x97][0xc4]C[0x8a][0xc9]qtn[0xcc][0x95][0xf3][0xad][0xc0][0xb5]ZM[0xa6][0x9e][0xa2][0xe1]0[0x1][0xdb][0xb2][0xc5][0xe8],[0xbb][0xc][0xc4]@[0x95]q+[0x8f][0xf2][0xe4][0x8b][0xa2]L[0x99]W[0xd0][0xc5][0x96][0xea]o[0xe9]w[0xa1][0xa1][0xd2][0xbe]TC[0x93]lq[0xdb][0xf1]4[0xf6]k[0xdf][0x1c][0x2][0xd1][0xf7][0xe3]Z[0xea][0xa6][P[0x90][0xef]^ZjY[0xd6][0xfa][0xd3]4[0x14][0x16][0x16][0x95]7[0xa7][0xd6][0xf7][0x8d][0xa5]X[0xd2]r.#G=[0xe6][0x1e]n[0x1f]7[0xb2]Q[0xd6]c[0x95]E[0xce][0x16][0xb2][0xe6][0x82]P[0xf7]@c([0x1c][0xe4][0xa8]C%[0xf4];[0xb2]a[0xd7][0xeb][0xc5][0xea]/][0x1f][0xb0][0x0][0x94][0x86][0xac]2[0xe2]E[0xe3][0xb5]+[0x19]E[0x1f][0xb6]A[0x9f][0x80][0xcd][0x8d]e[[0x87]Q&[0x87][0x7][0x83][0xc3][0xdb]E[0x9a]*[0xee][0x9f][0xa5][0x18][0x93][0xc1][0xe4][0xc5][0xf6]Fk[0xbb][\r][0xb3][0x8d]n[0xaa][0x82][0x97][0xdd]f[0xd6]I[0xba]f[0x8a].[0x91][0xc2]5[0x1a][0x1c]dk[0x1b][0x8d]*@[0x1]W}[0xef][0x86][0x5][0xeb]t[0xda][0xe7]&[0xbb]5[0xc][0xab][0xbd][0xd3][0xbc][0xe8]4[0x9b][0x4][0xb][0x9e][0xcf][0x1]/[0xbc][0xe1][0xa5]g[0x14]OLB[0xdf][0xf0][0xc4]d[0xab][0xd9]<[0x83][0xc6][0xe8][\r][0x17]*[0xe][0x1a]@[0xcd][0xc6][0x4][0xe6]5[0x11]V[0xcd][0x84][0xc1][0xe1][0xef][0xf7]9_w[0x9f][0xb3][0xa6][0xd8][0x1a][0xaf]u[0x6][0xd1][0xbf]6[0x91][0xe9]Xd[0xe0][0xf3][0xf0][0x8b]![0x17][0xca][0xc2]H6[0x7][0xa2][0x1d][0x17][0x93]p[0x86][0xe3]*[0x1a][0xaa][\n]"
DEBUG wire -  << "u[0x9f][0xf4][0x98][0xc3][0x0][0x9][0x11][0xc2][0xb4]H"[0x86][0xf6][0xd6][0x8]:,p[0xb7][0x1f][0xa2];[0x87]$.<[0x8c][0xa2][0xc8][0x1e][0xf9][\r][0xe7]tt[0xfc][0xb7][0xf7]K[0xdb][0xd5][0xcd][0xbd][0x10]<[0x6][0xe3][0xec][0xc8]-[0xc][0x92][0x8][0xcf][0xbc]8[\n]"
DEBUG wire -  << "[0xd1]f@LL[0x1a][0x88][0xca][0xf6]h][0x18]F%[0x82][0x1][0xc0][0xa5][0xe1][0x9b]w[0xf3]HUc[0xb8][0xbe][0x80]TR}[0x6][0xa6][0xa0][[0xd7]#[0x14][0x92]4^[0xc8][0xbb][0xd8]w[0x90]:[0xc0]+[0xc0][0x15][0xc8][0xcb][0xca][0x0]%[0xcc]p[0xac][0x7][0x2][0x87][0xdb][0x3]6,[0x93][0x8][0x7][0x99]:[0x86][0xfd]Bp[0x19][0x9f]<[0xcb]8[0x91]q@[0x83][0xce][0xf7]H[0xe8][0x19][0x7]teY[0xb2]NAo[0x1f]$)Pet[0xf8][0x8c][0x96]y}\a[0xa3]w[0x1b][0xc7]I[0xaf][0x12][0x17]8\N3/[0x98][0xa0][0xfe][0xc7][0xb]n=[0xea]A[0x98]B#[0x13][0xb4]"[0xa1]K[0xc4]rx[0xf6][0x2]w[0x9][0xe5]s[\n]"
DEBUG wire -  << "[0xb1][0x9d][0x90][0xe5][0xc]}[0xac][0xed][0x15][0x80][0xd6][0xed][0xcc][0xf8][0xc9][0x10]z[0x15][0xa5]:~[0xbc][0x2][0xa3][0x88][0x6][0x91]M[0x13]4tT[0xeb][0xd4]*N;~[0xc1]j[0xad][0xed][0x15]m[0xbd][0xc0][0x13][0xe9][0x88][0xdf][0xea][0xc6]P"a[0x3] [0xae]A[0x9c][0xd0][0xd6]PhR^[0xa9][0xcf][0xe8]d;[0x90]([0x92][0xed][0xab]]G[0x9]`[0xb0][0xb9][0x2][0x3][0xed]H[0xdc][0x90][0xfe][0xc9]t4[0x2][0x19][0x86]<[0x3]D[0x7]Y[0xe9][0xc0]x[0xc7]x[0xbf][0xa4][0xc6]h[0xe][0x81][0xce][0x8a][0xf6][0x8f]&[0x13][0x98]3[0xe8].[0xdf][0x8c][0x4][0xb8][0xd6][0x3][0x15][0xf0]K0[0x9][0xb4] O[0xde][0x15]i/[0xa5]hm[0xb7][0xaa]][0xe9][0x1a]M[0xe]qZ[0x9c][0x8f]#[0x90]ztC[0x14]T[0xaf][0x92][0xa9]8W[0x14][0x1a]z[0xc2][0xb2]w[0xc2][0x19][0xd3]'>[0xd8][[0x81][0xf2][0x1e][0x94])[0xb0]{&E[0xf5]|[0xd0][0x96][0x13][0x99]g[0xea][\n]"
DEBUG wire -  << "Gi[0xa5][0xed][0x93][\r]\[0x96]1[0xb8][0xb8][0x89][0x11]>[0xdc][0x8d][0x84]k[0x9a]Ic[0xd8][0x19]N[gAp[0xd6][0xf9]2[0x8b][0x13][0xaf][0x91]5[0xdb][0x97][0xcd][0xf6][0x9f]l[0xda][0xa0]Z[0xdd][0xe1]#[0xd7][0xef]5[0x8d][0xc3]y[0xb4][0xc8]:[0x1e][0xc4][0xb4]N[0xbf][0xf6][0xd6][0xa4][0x14]Z[0x1f][0xf2][0xb7]^Uk7[0x9e][0x81]!5[0x6][0xd3][\r][0x13][0xad][0xa7][0x9e]/[0xc8]'y[0xe3][0xe]m[0xcf][0x89]2[0xe3][0xa7]h[0xe3][0xa8]E[0xcb][0xcc][0xca][0xd9][0xdc]kg[0xd6]Q[0xd1]8[0xda]nK[0xe3][0x81][0x1f]V[0x88]8[0xda][0xa5][\r]P[0xe8]k8 [0x85][0x94] -[0xa9]E[0x14]V`[0x4]LI[0xdb]+A[0xb][0x9c][0x8a][0x9b][0x1c][0xe4]M[0xaa]Ly[0xc2]R[0xc3][0x13]w={[0xf3][0x82][0xb5][0x81]'[0x1][0xc9]D[0xd8][\n]"
DEBUG wire -  << "[0x9e]*[0xed][0x0][0x87]j[0xe1][0x8c][0xa1]`[0x9f][0xae][0x8e]%-^[0xa1][0xb6]pU[0x11][0x84][0xcb][0x1f][0x7]^:[0x98][0x2][0xae]))[0x14]$,[0xf0]i*x [0x3][0xda][0xfd][0xb3]>[0xee][0xda][0x1b]y[0xe9][0xcd]u[0xcd]c[\r][0x92]tL[0x95]i[0x95][0xab]Y[0x1f]a[0x82][0x1a][0xa1][0xad]4[0x80]-[0x9d][0x8b]k[0xb5][0xec][0xf6][0xde][0xa6][0xb2][0xa6][0x16]f[0x18]M[0xe2]#[0x7]:[0x17][0x80]pyN[0x1f]_[0xa2][0x1b][0xa7]j[0xf3][0xba]r0[0x1][0x17]@*[0xca][0xc3][0x85]$[0x9c][0xf3][0xfc][0x90][0xbd][0x96][0xca][0xc0][0x4][0xcb][0x88][0x88][0x97][0xf0][0x19][0x8d][0x8d][0x89][0xbc]1&[0xcb][0x5][0x1b]%<[0x13]\[0x90][0x8f]I[0x1c][0x14][0x84][0x0]'[0x1][0x85][0xa2][0x15][0x8][0x9f][0x0]*[0xc9][0xd0][0xcb][0xb1][0xc5][0xb][0x1d][0xa1](2[0x80][0xec][0x8f][0x89][0xc9]1}q[0x8]<0PC[0x1c][0x1d]M[0x16][0x8a][0x11]p[0x9f][0x87][0x86][0x16][0xf]p[0xb][0xb8][0x92]Y[0x1][0xfb][0xc7][0xdf][0xff][0xa7][0xa2][0x1][0xa9])rE[0xa6][0x80][0xf]P[\r]o?[0xc3][0xeb][0xc8]"D[0x4][0xb][0x12][[0xe5]b[0xe]m[0xb3][0x4]z[0xe1][0xbb][0xd0][0x18][0xa2][0xe]Xj[0x8c][0xf0][0x19][0xb4]%.[0xeb]H-[0xb5]`GJ[0xc][0xbc]Xa[0x9e][0xf][0xe5][0xed]}[0x8f]Sy[0x10][0xf3]t[0x1c][0xa1][0xf][0xd5][0xda][0xb5][0x9a][0x1d][0xab][0xd3][0xb4]8[0xb8][0xaa]-[0xbb][0xd5][0xb6][0xdb][0x9b]U^[0xc9][0xee][0xf6]^>[0xf1][0xda][[0xad][\n]"
DEBUG wire -  << "[0xaf][0x4]MX[0xda]e[[0xf0]O[0xd0]G[0xbb][0xb5]r3L[0x19][0xa0]v[0x1b][0xcf]e5txm^[0xec][0xee]H[0xf7][0xa8][0xd9][0xfc][0x8d][0x1a][0xd9][0xd9][0xde][0xbd]h[0xb7][0xdb][0xd4][\n]"
DEBUG wire -  << "<W;N[0xbb][0xb4]?[;N[0xf4]&e[0xdf]D[0x6]C[0xb2][0xdf][0xf3][0xe][0x94][0x92]Fx[0x80]{[0xce][0xb8][0xe3]z5[0xb5][0xa8][0x7]][0xe1][0xa8][0xb0]SWr#N0[0xd0][0x87][0x1c][0x84][0x98] )A[0xde][0x5]M[0x92]s1[0xb0][0xf0][0xb][0xf].+[0xec][0xc2]S+er[0x16]Lq[0xb7][0x4]M[0x5])S[0x89][0xb3]c[0x97][0xc9]mj[0x9][0xca][[0xda]yO[0x81][0x18][0xb2]l[0xe5][0xc5][0xf2]%[0x8b][0x2][0x8c][0x88][0xa9][0x9f][0x92]g[0xc6])[0x96][0xa2][0xaa][0x17][0xc][0x95]o[0xec][\n]"
DEBUG wire -  << "[0xee],[0xb5][0x0][0x9c]6[0xd7][0x8e]@[0x12][0xbf]|[0xfd][0xf6]$[0xb3][0xcc][0x13][0xdd][0x8b]Z[0x95][0xc9]_[0xff][0x96][0xc6][0xa0]O[0xd8][0x4]9[0x1d]o[0xb8][0xcb]^fF[0xcc]I[0xd1][0xe7](4[0xa7][0x15]6w[0xa3][0x8b][0xb]j[0xd0][0x7][0xd1][0xda][0x0]j7[0xd0][0xaa][\n]"
DEBUG wire -  << "'[0xdc][0x85][0xe6][0xce][0x84][0x8f]V[0xa5][0x5][0x15][0x1d][0x81][0xc][0x99]F[0xa4]W[0xcf][0xb6][0xec]f[0x9d][0x5][0xfc][0xb]6[0x91]{[0x8e][0xca][\r]v[0xc6][0x18][0x96]Q~0[0x96][0x98]&[0xca][0xe9][0xcd][0x8d]+D[0xf9][0xcc]K[0xa6]0[0xb1][0x13][0xea][0x91])I?[0x8c]=[0x11][0xba][0xc0][0x2][0x1]~[0x8d]&&![0x9a][\r][0x8e][0xb2][0xee]H[0xe9][0xce][r[0xda][0x8c]|[0xaf]mp[0xa9]3[0xc9][0xab][0xb9]!W[0xb1][0x87][0xf]v[0xdb][0xad][0xd6][0xfe]z=[0xd4][0xc3][0xd2]8[0xe6]w![0xe0][0xe6]G[0x18][0xbb][0xf][0xef][0xde][0xfe][0xc4][0x9e][0xbf][0xbb][0xff][0xfe][0xa7][0xc2][0xfa][0xaf][0x9d][0xd9][0xc0][0x7]d[0xea][0xa3][0x8c]\#Fx[0x9f]+Q[0xed]a8H&[0xfb]Z[0xde][0xe7]k[0xaf][0x8]!_[0x80][0xfd][0xf5][0x17][0x8e][0xaa][0x9f][0xdc][\n]"
DEBUG wire -  << "[0xbd]4[0x91]<O[0x19]'[0xca]s[0x1c][0xcc][0xd8])[0x1d]n[0xa1][0x91]/[0x5]4p&[0x14][0xa6][0x1c](dt[0x1b][0x88][0xf4]J[0xe5]4r![0xf3][0xdb][0xe8][0x1e][0xb0]77[0xed][0xce]V[0x95][0xee][0xe9][0xec]l[0x15]"b[0xcd]\[0xf7]Ti[0x9c][0xf6][0x1e]+[0x18][0x91][0xbf][0x8d][0xf6])[0xe0][0xca][0x0][0xb9]5+[0x6][0x5]]j[0x9f]V[0xa6]}*[0xf5][0x2][0xb4]^[0xd0][0xb][0xf4]&[0xf5]BY'[0x1c][\r][0xd3][0xf9][0x18]Vf[0xff][0xc9][0x3]O[0x14][0x8a]B[0x9e]Y[0xc2][0x6]`z~[0x81]$:[0xe8][0xa8][0xad]^([0xe][0xc2]A[0x8b]l[0x9e]9jx<[0x93][0x82][[0xac][0x6][0x92]c[0x84][0x1d][0xad]+[0xb1][0x12][0xf9]\[0xa7][0x83]=V/[0xb4][0x86]'[0xf2]([0xea]O[0xcc][0x89][0xe1][0x8f]9w1[0xe3][0xea][0xcc]q%[0x1d][0xa3]`[0xce][0xe3]>[0x6]n[0xa1][0xe3]%[0xd2][0xe][0x84][0xc6][0xd6]a;Q[0xbf][0xfb][0xf3][0xf3][0xb8]2[0x8a][0xbb][0xd9][0xda][0xc9][0x99]v[0xa7][0xb3]sC[0x83][0xa9]s[0xc7][0x80][0xee][0x12][0xf4][0x18][0xe2]s[0xcb][0xf8]n[0x5]H[0xe2][0xcd][0xd6][0xd6][0xf6]]L[0xa3]%[0x90][0xd1][0x1c][0xea][0xec][0xed]e[0xe6][0xd0][0xfa] [0xb7][0x9a][0xed][0xcd][0x8b][0xad]NG[0xd2][0x3]^[0x96][0xc4][0xa8][0x81]R[0xc5] 5[0xbd][0xe6][0xc6][0xd6]R}[0x6]\[0xa6][\r][0x89]\E[0xa8]*[0x18][0xcc]P{[0xa4]pV%[0xc5][0x80][0x8][0xd9]j[0xd7][0x85][0x18][0xb5]U[0xd2][0x18][\n]"
DEBUG wire -  << "[\n]"
DEBUG wire -  << "[0xfc]&j'[0x98]q[0x8][0xfe][0xc6][0xff][0xc0]`a[0xae][0xe6][0xc9][0x81]-D[0x1a][0xf1][0x8][\r](M[0xd0][([0xe2][0xff][0xf1][0xf7][0xff][0xfd][0x6]oO[0xf6][0xff][0xf1][0xf7][0xff][0xa4][0x9][0xc9][0xc3][0x88][0xa2][0xdb][0xda][0x12][0x82][0x2]xj%[0x8a][0xb1]@!(J[0xe1][0x1e]eJJ][0x9d][0x5][0xa7]C[0xed][0xa4][0xe4][0xcd][0x86][0x11][0x6][0x85]j[0xc2][0x1e][0xd9]li[0xcf][0x8a][[0x19][0x97][0xe7]![0xe6][0xf5][0x5][0x15][0x94][0xcb][0xff]T$[0x16][0x1d][0x95][0x90][0x11][0x1c][0xb5][0xcc]&[0xb7][0xd7][0xe2]![0xbe]h[0x8]Jui[0x1d]u8[0x12][0x17][0x8e][0xf2][0xd4]k[0xca][0xeb][0xf3][0xd5][0xc5]4[0xb2][0xba][0xd4][0xd7][0xfa][0x8c][0xeb]cJ[0xde]0[0xe6][0x81][0xd0][0x12]b[0x13][0x97]v2[0x8f]j'_[0xe7]Q[0xc0],[0x14][0x86][0xa8][0xc1][0xd4]b[0xec]O[0xd1][0xf4][0x1d]$[0x83][0xc0]sE[0xc4]tf&[0xc7][0xaa]>[0x1c]([0x8f][0x93][0xec][0xbe]x[0x17][0x9d][0xf0][0xf1][0xf1][0xb0][0xfd][0xdf][0x1f]a[0xc0][0xa0][0xf9][0x90][0x7][0x93][0xfd]s[0x94][0xaa][0xbd]h[0xc2][0x9e][0x2][0xde][0x84][0x99]$G[0xcf]h[0xa2]0[0x3][0xab][0x2]E[0x93][0xbc][0xb6][0x7][0xa5]V)A[0xad][0x9d][0x6]x[0x92];[0xe6][0xa3][0x80]N[0xfe][0xe0][0x8e][0x9c][0x86][0xec]dI[0x3][0xe9][0xe7]I[0xb5][0xc1][0xb5][0xb][0xe6][0xd6].[0x1a]\[0x7]"[0x0][0x8f]E[0xce]&e[0xf0][0xe5]L%[0x19][0xf7][0x0][0xfa][0x94][0xed][0xc6][0x93][0xc1][0xb3]wE[0xd6][0x93][0xa5]0l[0x83]dJ[0x94]}K[0xaa][0x83][0xb3]s[0xc],DLm[0x1c][0x96]*C[0xea][0x96]XL[0xa2][0x4][0xf9]~[0x6][0xe2][0x6][0xb2][0xc9]>[0x92][0x87][0x9b]|[0x86][0xa7][\r]dT[0x4]+[0xe0][0xe][0xd8],[0x92]`[0xb3][0xa7]8[0x9]0}"[.L[0x1a][0xc][0x9][0xc8][0x80][0x86][0xc0][0xb5][0x9e][0xb2][0xfa]U[0xb1][0x9]{0[0x9]B[0xe5][0xd0][0xc8][0x9][0xa5][0xbb][0xf2][0x8f][0xbf][0xff][0xaf][0xa4][0x80][0x97][0x9c][0xae][0xc9][0x17][0x1d]`EC[O[0xbc]%[0xcb]Os[0x91]R[0x87]K[0xfb]^[0x9a][0xed]R[0xf][0xab]o*[0xf]u'`[0xfe]KS[0xb5][0x10]H;[0xc6][0xa6]P[0x1e][0xd0][0xd6][0x82]<[0x10][0x96]m[0xde][0xa4][\r][0x9b]x[0x1e][0xcc][0xc5][0xfa]t[0xd2][0xe2]o[0x80][0xfe][0xda][0xec]u[0xe8][0xa8][0xc0][0x6][0x1a][0xad]hq[0xe0][0x87][0xa9]E[0x82]M[0xcf][0xe9]k[0xea][0x10][0xae][0xbb]0<~[0x8b][0x16][0x7][0x10]3[0xe5][0x3]M(E^[0x90]v[0xca]L[0x10].Q'V[0xc6][0xac][0xb6]=[0xb0]lff[0x14][0xe0][0x13][0xb] [0x92]D[0xc8][0xc2]7d[0xcb][0xc2][0xa5][0xfc][0x87][0x98]w[0x90][0x9][0xfc];[0x18][0xe]m/l[\r]=[0xe8]S[0x95][0xad][0xb0][0xb3][0xd3][0xc9]%[0xc1][0xe6]f[0xfb][0x86][0xa6]B[0xab]y[0x7]S[0xa1][0x84][0x10][0x3][0xc]n[0xa3]h3 [0xd2][0x1e][0xd8]i[0xdf][0xc5][0x1e][0xc8][0x81][0xa1][0x9][0xb0][0xd9][0xd9][0xbb]>"[0x2]([0x17][0xb4]4[0xbd]I%[0x9d][0xa9][0xde]AQ[0x8]]+[0x99][0x17]x^[0x89][0x91]?[0xc3][0xcc][0xb7][0xc1]w[0x1f][0xa6]]5[0x89][0x95][0xe2][0xe6]j[0x16][0xcb][0x90][0x5][0xb1][0xf4][0xbc][0xf]%]a[0xf6]V~q[\n]"
DEBUG wire -  << "Z%[0xd7]Lq[0xa8]t[0x9b][0x91]s5[0xdf]V[0xf0][0xac]]%C[0xbf]U[0x9e].[0x91][0xa6]R[0xcb][0xaf][0x92][0xa6][0xb2][0x14]S.[0xa6][0x94][0xa5][0x18][0xbe][0xa4]C[[0x8b]"P[0x16][0x87]I,[0xe7];[0x8a][0xbe];I[0xac]L[0xe6]*[0x8f][0x85]"[0xb6]r[0xa9][0x1e]?[0x95][0x89][0xcb][0xe9][0xb2]%[0x8f]V[0xf2][0x83]I[0xaa][0xbf][0x1c][0xf][0xb2][0x9e][0x8e][0xab][0x11]y[0xb5][0xd0][0xab][0x12][0xb]:>S^[0x11][0x9b]w,[0x2][0xd9][0x96][0x82][0x99][0xb][0xa0]4[0xca][0xa5][0x1b][0xc5]t[0x13][0x15][\n]"
DEBUG wire -  << "9[0x8f](J[0x9c]tQ2[0xe1]=[0x85][0x14][0xb4][0x6][0xe9]X[0xe0][0xb1]?+tP[0xb4][0xaa][0xfd].J[0xef][0xc4][0x9e][0xee][0x86][0xef]S[0x3]^(5[0x4]r[0x1f][0x1f][0xe0][0xd5]3[0x8b]8Ktu_[0x8b]~[0x15]i[0xe]F[0x17]M,[0xe2][0xc1][0x9e][0xe4][0xa2][0x10]1)8a[0xe7]c[0xcf][0x19][0xe7][0x90]r[0x8f]1#[0xe4]`[0xa6][\n]"
DEBUG wire -  << "[0x15]Q[0xb1][0xd9]_[0xc6][0x9e]/[0xe5]~[0xde]wm:Q[0xcc][0x1d][0xf0]tL6[0xe0][0x9][0xae]8[0xf9]3[0xbd]P[0xa8][0x91]_[0xec]n[0xb9][0xab]H[0x9b][0xae]\O5[0xe9][0xc4][0x94]\[0xae]w5w[0xa9][0x82][0xfb]:[0xfa][0x9f]Je,g^N[0x6]w[0x6][0xfa]@a [0xbf][0xbf][0x97]0[0x19]y[0x82][0xb2][0xb2]_[\n]"
DEBUG wire -  << "[0x92][0x6]L#[0x93][0x8d][0xb8][0x94][0x8]0[0x1][0x9e]#h[0xe8][0x18][0xd8][0x17][0xd2][0x87]&=[0xa3][0xeb]h[0xfa][0x99]%[0xba][0x91])![0xe4][0x1e][0x10][0xdd][0x8c][0xda]v[0x90]&E[0xfd]d[0xd2]b}%[0xcf][0xd9][0xec]Hr[0x2]~B[0x1a][0xcc][0xc4][0x0][0xda]8[0x1f][0xe3][0xce][0x89]0[0xc3][0x1c][0xe9][0xad][0x9b][0xc9][0xd4]<[0xf6][0xc3][0x84][0x86][0xb2][0x9d][0x6][0x5]o[0xd9]d[0xb8]9F[0x9b][0x9][0xae][0xbc][0xe8][0xcf][0xd4]j[0x18]d[0xd8][0x14][0x4][0xe3]H[0xae][0xe9]q[0xb2][0x9c]*Vyi[0xc2][0xe2][0xa4][0xa1][0x6]Hzp6[0xe4][0x9]F!b[0xe1]D[0xa3][0xd0][X[0x14][0xd6][0x18]/ad[0xa2][0x8d]/[0xf8][0x99]HJ[0xf3]N[0x1a][0x7][0x18]<[0x94][0x82][0x84][0x96]W[0xc0][0xd3]r[0xd2][0xb9][0xfa][\n]"
DEBUG wire -  << ".h|p[0x88][0x16][0x2][0xb8][0xf3]*[0x1][0xbf]O[0x8b]=[0xc5]V[0xf3][0xde]V[0xf5]un[0xb3]A4[0x91][\n]"
DEBUG wire -  << ""[0xb7][0xf5][0xec],z8[0xb9][0x81].[0xba]Kt[0x2][0x97][0xb][0xb5][0xf0][0xae]64vsCc[0xab][0xb3]w[0xed][0xd6][0xb2][0xd6][0x9d]"[0x11][0xf3][0xa8][0xb0][0xdd][0xe6][0xad]L[0x8c][0x12] 23[0xda][0xcd][0xdd];[0x85][0x1d]J[0x0][0xd1][0xd4][0xd8][0xea][0xac]X|[0x1][0xb2][0x95]L[0x8d][0xdd]r[0x90][0x8d][0x96]\[0xde][0xd0][0xc7][0xe2][0xf4][0x86][0xdd]Aie&[0xdb]N3[0xe7][0xb];b[\n]"
DEBUG wire -  << "[0xae]jBN[0xfe][0x9f]#[0xdf]j[0xed][0xb5][0x9b][\r][0xe0][0x9b]>.[0x9d][0xf7]'|"bx[0xdc][0xc4]ex[0xe3][0xf0])([0xda]([0xe]y[0xec][0x99][0xec][0xd4]f[0xcf][0x80][0xdf][0xe0][0xe9]%[0x98]'[0x9c][0xbd][0x8d][0x12]n[0xb2]#[0x1b][0xec][0x16]`DH~[0xc][0x86][0x87][0x9c]1[0xcf][0xc0][\n]"
DEBUG wire -  << "[0xb7][0xd9][0xe9][0x84][0x8f]B[0x98][0xc8][0xb6][0xb4][0xe6]qr-[0xec][0x9c]{[0xa9]5pAGyy0[0xc1]F[0x8e]f[0xb5]'"[0x88][0xea][0xd0][0x0][0x8f][0x1d][0xe1][0x83][0x91]n"l[0xf][0xa4][0xd4][0xa9][0x0][0xf5][0xb][0xfe]f[0xc]t[0xb2]Z[&[0xc3]N[0xd8][0xa5][0xbd][0xcb][0xd5][0xbb]*[0x12][0xc7][0x13][0xe0]'[0xb8][0x1e][0xce]Y[0xb9]=A[0xa6]4[0xd4][0x96][0xcf][0xc6][0xc4][0xf3][0x1a][0xa7][0xcd][0xd6][0xf6]^[0xb3][0xdd][0xf9]kk[0xbb][0xd3][0xec]l[0xb6][0xfe][0xfa][0xe8][0xcc][0xe3][0xdf]w[0x9e]x[0xe3][0xe9][0x0][0xf7][0x1c][0xc7]x[0xc3][0x11]v[0xfd][0xa9][\r][0xff][0x4][0xbc][0xc6][0x1e]P[0xc4][0xcc][0x89][0x86][0x19]D5 [0x9f][0xa9](E%[0x80]R[0x8f]m3[0xa3][0x91]$[0x19][0x90][0xb3]H[0x88][0xa7][0xe8][0xd4][0xd2][0x17],[0xd0][0x9a]y_0_|%[0xbe]^[0xea][0xa5]r<[0x9a][0xcf][0x19][0xf9][0xd8][0xec][0xbf][0x85][0xd1][0xb9]/[0xdc][0x11][0xd8]F!8ZB[0xe0]7[0xbe]3k[0xec][0xc4]O[0xf0]({l[0x12][0x95]~+[0xda][0xfc][0xfa][0xb][0xf0][0xd6][0x14][0x14]D[0xab][0xd5]1[0xd9][0xaf][0xbf][0xfc][0x89][0x87]S[0xbc]#[0xc]'[0x4][0xd0][0x1]?[0x9c][0xce]Z[0xed]=[0x18][0xb3]M{[0xf1][0x88][0x82][0xde][0xa9]][0xde][0xb3]-[0x9f][0xf]4[0x16][0xb4][0xd3]6K,[0x1c][0x81]>[0x18]FQ[0x9a][0x9f]kWo[0xf2][0x8f]5[0xf0][0xb9][0xf3]%{[0xf1]F7<[0x8e][0x9e][0xff][0x94]wE[0xd3]fjy%[0xa3][0xa5][0x80]*[0x19]0w[0xfc]We[0x96][0xe][0xef][0x15][0xd2][0xd8][0x4][0xaf]+F[0xcb][0xa5][0xf2][0x10][0xf0][0xee]Z7[0xdc][0xcf][0x9f][0x2][0xde][0xdd]4[0x16][0xc4][0xc4][0xb7][0x9f][0xfc][0xdd]][0xeb][0x9]1[0x4][0xb7][\n]"
DEBUG wire -  << "[0xa9]o<1[0xd2][0xde]][0xeb][0x19][0x17][0x4][0xb7][\n]"
DEBUG wire -  << "[0xc3]o?[0x1f][0xb2][0xbb][0xd6][0x13]I[0x8]n[0x15][0x8e]w8[0x8][0xd2][0xde]][0xeb][0xb9]E[0x4][0xb7][0x1a][0xdb][0x9b][0x9c][0xfa][0xa8][0x98][0xd1][0x93][0x99][0xb2][0xc2]q[0xa2][0xd1][0xa3][0x9a][0xdc]?[0xd2]$f_[0xc1])[0x91][0xeb][0xdb]d*/H[0xc6][0xec]C[0xae]([0x11][0xe7]6A[0x19][0x18]k[0xf][0xc4]s[0xc8]EDJ[0x92]k[0xc9][0x1][0x14]9[0xf7][0xcb]w[\r]h[0xdd].[0xcd][0xf0][0xe2][0xe5]Q[0xf9]g[0xea]7[0xe][0x1b]`[0x7][0xf7]?[0x1c]?9zw[0xf4][0x81][0xfd][0xa1]q[0xf][0xbf]B?[0x19][0xb2][0x1e][0xbb]4[0xc0][0xe2][0xb][0x8c][0xee][0xa5]A^[0x8a][0xd1]5[0x9e]o[0x4]l<[\r]xx[0xdf]0[0x8d]3[0xee]O[0x5]$[0xe][0x7]-[0xd1]n[0xef][0xec][\r][0x7][0xc6][0xd5][0xd5]>U[0xe7][0x9f][0xf9]E_[0x8e][0x9][0xc1][0xc1][0xf7]i[0x8c][0x10]h[0x10]>6>[0xce][\r][0xc3]G4v[0xb8][0x1b]x[0xe1][0xc7][0x6][0xfd][0xb1][0xb0][\n]"
DEBUG wire -  << "[0xde][0x14][0x5][\r][0xe1][0x17][0x14][0xfb]a[0x84][0x9b]j[0x1][0xc2])[\n]"
DEBUG wire -  << "[0x9b][0xb7][0xe2][0xe7][0xa9][0x87][0x86][0xfd]SO[0xf8][0xae][0xdc][\n]"
DEBUG wire -  << "[0xc]%[0x18][0x16][0x15][0xee]}C[0xe1][0xa1][0xa2][0x1a]t<[0xe3][0xee]x[0x80][0xfb][0x82][0x9a][0xb2][0x8f]W[0xba]$>hU[0x80][0x3][0xc9][0x1]O[0xa2]0[0x9e][0xe1][0x8b]j[0xf6][0xe8][0xed][0xf3][0xfe][0xd3][0xa3]W[0xc7]?=~[0xfd]WjW_[0x11][0x87][0xb4][0xc4]3.O[0xf1]c[0x4]Fw[0x8]n[0x8b]0[\r][0xfc][0xe6][0xed]\[\n]"
DEBUG wire -  << "[0xdd]#[0x84][0xa5][0xc7][0xd0][0xcc][0xeb][0xf0][0x18][0xaf]AT[0xb9]W[0x90][0x1d]M[0x9d]1[0xe6][0xea][0x8f]w[0x1b][0xdd]4[0x9e]B[0xbd] B[0x81]0[\r][0xe4];[0x94]T7\[0x1a][0xdd][0xf][0x6]a|:[0x6][0xe6][0x2][0x8a][0x2][0xcf][0xca][0xb5][#k[0xcc]4[0xe8][0xb2]E[0xe3][0x93][0x9][0xc3][\r]Vw[0xd7][0x90][0xd7]'@[0x86][0xd7][0xda][\r][0xb1]9[0x95][0x0]Oo[0xde][0x9e][0xfc][0x19]J[0xbc][0x89]A[0xf5]GS[0xac][0xfc][0xea][0xe4][0xaf][0xef] [0xe5][0x15][0x9e]Y1[0x8d]7/[0x8e]~[0xea][0x9f][0xbe];z[0x8b]i[0xa7][0xb4]c[0x8c][0xda]O[0xa0]}V{S[0xcf][0x8b][0xbc]~C%[0xc0][0xe1][0x98]/[0xf0][0xf4][0xfd][0x8b][0x17][0xfd][0xd3][0xe3][0xb7]''[0xaf][0xa0][0xc8]S[0xc][0x1b][0xca][0xb0]=[0xab]=[0xc5][0xfc]w?[0xbe][0xf9][0xf8][0x14][0xb2][0xde]a[0x7]B[0xee][0x81][0xe1]R{[0x86]9[0xc7]/^[0x9f][0x9e]@[0x6][0x91][0x8d][0xd5]N[0x12][0x7]SO[0xde][0xbe]}[0xfd][0x96][0x8a][0x8b]B[0x4]W{[0xd6][0xe][0xf][0x91][0x81][0x6][0xe0][0xee][0xd3]~G[0x9b][0x1d][0xc][0xe2][0x8f][0x8d]C[0xf6][0x6][0xdc]5[0x80][0x92]b[0xf4]z[0x84][0x1b]O[0xe8][0xba]][0x1b]x[0x1d][0xe8][0xb][0xb5]q[0xc][0x90]$[0xe7][0x93][0xfe][0x8][0xbc]D[0x81][0x9c]pi[0xd0][0xbe]t[0xf][0xc9][0xa8][0x7][0x8d][0x1c][0x12][0x1a][0xd3][0xac][0x92][0x1a]$[0xbd][0xee]R[0x91][0x85]F[0xf3]B2[0xa4]c4[0x1f][0x8c]7[0xcc][0x83]"[0x9f][0xe9]a5c[0xab][0xbe]~[0xd4][0xb7][0xd2]}[0xac][0xb8][0xc5][0xf0][0xa3][0xba][0xa2][0xe][\n]"
DEBUG wire -  << "![0xe0][0x8f][0xb8]e[0xe7]cC[0xb6]g[0x8f][0xd3][0xc0][0xc7][0x8e]K6[0x9f]zG0[0x13][0xe8][0x18][0x89]H[0xc5][0x8b]V3$f[0xf][0xa3][0xb7]r?[\r][0xb2]C[0x94]m[0xae][0x19][0xd2]m[0xfa]0[0xe][0xe0][0xa0][0xc9][0x2][0x90][0xdf]R[0xd9]*[0x17][0xf7][0x85][0xb0][0xe9]DF[0xb7]1*[0xcf][0xe3][0x18][0xf8][0xe1][0x8b][0x98]%[0xc5]5[0xf][0x9b]f]8[0xcb][0xdb][0xf9][0xde][0x9d]k[0xe7][0x1b] [0xa1][0xaa]8U[0xd1][0x5][0x94]q[0xa8]rt[0xb4][0xc1][0xd6]S[0x1a](F.X[0xd6]K[0xe0][0x9f][0xa9][0xe8][0xfb]^[0xe0][0xa5]}q[0xe1][0x8][0xe1]R[0xed][0x9f][0xa2])[0xae][0xbd][0x80][0xdb][0x92][0xe2]%L[0xa9][0x8c]uPa[0xdc][0xbc][0x84][0xdb][0x8e]f([0xa5]DbK[0xc9]&T[0xed][0xa4][0x8f]>[0x9b][0x4][0x88][0x1d]J[0x98]J[0x97][0xa1][0x8]~[0xe1][0x5][0xd3][0x80]I$[0xc8][0xbd]S[0xcb][0x9d][0x18][0x1a][0xf1]dG[0xfe]&[0xe2][0xa8]?[0x98][0xa5]t?[0xae] N[0x87]\|[0xc6][0x10][0x9]b3[0xb3]K[0xec],[0xd7]M[0x89][0x6]!Hs[0xcf][0xa5][0x8a][0xa8]&H[0xce][0xc6]1E[0x82]4[0xc]R[0xb9][0xf0][0x82][0xd3][0x4][0x9c]:[0xb9][0xdd][0x82][0xb0]H[0x84]3[0x8d]1l[0x11][0xb][0x94][0x85][0xd4]5([0xd5][0xe7]a[0x9f][0xb8]~[0x1e][0x15][0x84][0xc0]CFyK1[0xc2][0xcc]~[0x0][0x8e]Z<+[0x12][0xf8]%[0xa5]0[0x9d]RU[0x9d][0xd1][0xc1]H4[0xd1][0xa1][0xbd][0x1c][0x96][0xeb][0x81]p[0xc4]E[0xeb][0xa4][0x8][0x8f][0x10][0x83][0xff]ic.[0x12][0x94][0x87]%[0x8a]#[0xa9][0x97][0xe1][0xa8].[0xae][0xea][0x83][0xa3][0x16][0xc5][0x0][0xeb](d[0xf4][0xc8]"[0x87][0xd6][0xc9][0xb3][0xcd][0xbb]r[0xd8][0xec][0xa5][0xb2][0x4][0xd8][0xd9]K0`[0xd5][0x97]%[0xfb]r.[0xbf][0xa3][\r][0xbe][0xe7][0xb4][0xc7][0xc][0xe6][0xee][0xd0][0x1b]M[0xa5][0x11]%[0x9b][0xc9][0xe0])[0x1b]F[0x85][0xe3]b[0xc]8[0x93][0xf2][0xf2][0xf0]s[0xea]iD[\r]([0xc0][0x95][0xc][0x1b][0xf0][0x19][0xc3][0xbb][0x8d]4{[0xb5]2[0xca][0xa1]4[0xc9][0xba][0xf7][0xe3][0xbb]woT[0xcb]9[0xc0]![0xc8]][0x2][0xf4]^[0xd6][0x95][0xef]X[0x0][0x9c][0xa1][0xfe]|[0xa1][0x2][0x1]d[0x96][0x8c][0x90]i[0xde][0xc8]v[0xc7]|[0xdf][0xfa][0xb7]D[0x1f][0xf0][0x92][0x5]E[0xfc]}[0xfb][0xdf][0x92]9[0xb8]4[0xaf][0xdc]o[0x99].[0x90][0x87]k[0x16][0x16]5[0xa7]![0xcb]x#}[0x1e][0x8][0xc6][0x4][0xc4]q[0xac]O[0x97][0x11][0xf7]D[0x19][0x5][0x9e][0xbf][0xce][0xfb][0xaf][0x99]>[0xcb]<[0xd5][0xb3] +B[0xd3][0xdb][0xc1]#'[0xbe][0xec]>[0x1e][0x1c]`2A[0xd2]H[0xf5][0x3][0xd4]*[0xde][0xd9][0x95]SQ%[0xd8][0xd2][0xea]@[0xe6][0x80][0xbc]'[0xea][0x9][0xd4]N<[\r][0x9d]1[0xa9][0x17][0xe3]X?[0x9c][0xb6][0x9b][0xed]mbK[0x94][0xc7][0x8]-[0x88][0xce][0xf2]`+[0xf0]B2F[0x88][0x84]_?[0xa3]?[0x94][0xc3][0xaa]-[0xe7][0xfb][0x84][0xfe][0xba][0x14]#[0x97]C[0x86]u[0x15][0xf3]jI[0x88]W[0x97][0xf6][0xf5][0x1d][0xb1][\n]"
DEBUG wire -  << "[\n]"
DEBUG wire -  << "ID[0xe2][0xd0]8x[0x99] [0xc4]#`\ $K[0xa6][0xb1]x[0x94][0xe1][0xd4]'[0xd9][0xf6][0x13][0xed][0x93][0xa2][0x4][0xe6][0xa1][0xb5] )"3_E[0xa6][0xa2][0x90][0xcc][0xb][0xa3][0x90][0xcc][0xbe][0xc1][0xee]V[0x87][0xb7][0x7][0xee][0xa0][\r][0x89]w[0xb3][0xe3][0xb4],[0xbf][0x99][0xd2][0xac][0x84][0xf2][0x88][0xd0][0xea]m[0xed][0xb4][0x9b][0xbb][[0xcd][0x81][0xb3][0x85][0xa3][\r][0x9e][0xc1][0xb8][0x9f][0x9c][0xf][0xfb][0xab][0x81][0xea]CG[0x1f][0x1b][0xa8]b5B[0xf9][0x93]M[0xc0]l[0x0]&[0xd9](%e[0xff][0xe1]R[0xde]M[0x87][0xf4]E7[0x81][0xec]_P%8[0xa6][0x17][0xa9][0x12]n[0x90][0xf9][0x7][0xe3][\n]"
DEBUG wire -  << "[0xac]8yM[0x8][0xd7]f[0x83][0x89]}[0x5][0x81] x[0xd0][0xd7][0xfd][0x97][0xe9][0xe7]<[0xe]%[0x1f][0xbc]T[0xf3]&[0x9c]R[0xc],[0x1a]JU[0x85]r[0xdd][0x19][0xa3]]m[0xd2]n[0xc5][0x8c][0xe5][0xd1][0x94][0xa2][0x99]4[0xd3]jOM)[0xb7]4[0x1d][0xa9][0x8]MB[0x12]?[0x8b]r[0x10][0xb9][0x12][0xd5]K[0x6][0xf8][0xa7][0x5]x[0xa8]/B[0x1d][0x13][0xcf][0xf4]Q[0x15][0xa8][0xab][0xdf][0x19][0xf5]wF[0xfd][0x97]e[0xd4]5[0xf8][0xa9]R[0xbe][0x7]"I[0xa4][0xed][0xa5]Z[0x1e]z[0x17]ra[0x11][0xb3][0xc9][\n]"
DEBUG wire -  << "[0xa6][0x83][0xe3][0xa0]([0x96]0[0xef]y[0x14][0xbb][0x99]A[0x8a][0x17]"K[0xaa]h"k[0x85] [0x9b][0x83][0x1]C[0x8f][0x9f][0xd0][0x8f][0x95]w[0xe][0xd5]<[0xb9][[0x86][0xde][0xc8][0xca][0x9]x[0x8a][0xbe][0xab][0xe1]FB[0x1a][0x82]2[0x81][0xc2][0x9][0x9e]+oB[0xa4]j[0x98]Gi8)[0xa7]r[0x13]=[0xa2][0xa8][0xc0][0xa1]M[0x4][0xe4][0x0][0xb][0x80][0x81]K[0xa3][0xb6][0x16][0x91]%Aq[0x9][0xd2]a[0xdc][0x7]T[0xdd][0x99]\[0xef]E[0xf5]^[0xa9][0xc3][0xfe][0x85]([0xae]%[0xd0][0xe9]t[0xb0]([0xbd][0xe8][0xe1][0x1c]Oq[0xe1][0xea][0xa1][0x94]Ld[0xcb][0xe8]=[0x9b]x[0xb1][0xbe]^[0x90]e[0x15][0xb2]nA[0xc0][0x95][0xc8]U[0xaa][0x8d]$[0x9b][0xe0][0xd7]][0xb2][0xb0][0x8c][0xea][0xf2][0xb1]l[0xf7]'l[0xf7]X[0xb6][0xb]v[0xe5][0x11][0xdd]I[0xc2][0xde]P[0xa8][0xdc][0x8b][0x93][0x94]"4[0xf9][0xed][0xc3]#s`[0xba][0xf5]Kl[0xcb][0xe9][\r][0xe8][0xab][0x6]_[0xbf][0xe][0xaa]/[0xff][0xa5][0xab]C[0x8c][0xba][0xf9][0xa4]g[0xd0][0xe8][0x9e][0xa6][0xc8][0x17][0xe6]I[0xf][0x1c]KJ[0xc0][0x95]y![0x97][0xc2][\r][0xf3]i[0xcf]x[0xf2][0xfa][0xe5][0xb1]t|_[0xd0][0xc]5[0xcc]g=[0x83][0xbb][0xee][0xc9][0x19]&[0x81][0x8d]L[0xa7][\r][0xcd][0x1f]{[0xe0][0xf6][0xbe][0x3][0x1f][0x1][0xbc][0xf1]}[0x8d][0x19][0x1b][0xd6][0xea][0x97][0xff][0xf6][0xe2][0xe8][0xb1]-[0xfb]^[0xbb][0xc1]}[0xe3][0x9f][0xf5][0x9d][0xf4][0xfa][0x3][0x0][0xe0][0x9e][0xd7][0xed]s[0xee][0xa5][0xb5][0xfa][0x1d][0xc0]X[0x81]G[0xe7][0xe3][0xe9]3[0x2][0xdf][0x4]r[0xfe].[0xfa][0x89][0x87]p[0xe4][0xf5][0xfe][\r]:7[0xea]`k[0xea]>`[0x8c][0xf9]I[0xf8][0xdf][0xc]x[0xd9]W[0x5][0x0][0xf8][0xc0][0xa3]}{0[0x83]\[0xbc]U[0xfd][0x86][\r]T[0x10]c[0xea]5[0x1c]\[0xc8][0xbb]3[0x15]n[0xf9][0x1][0x87][0xbb] [0xe][0xe2]ML<<[0xd0][0xfb][0xed][0xe8]WC[0x94]_[0xb2]Y[0x17][0xb4] [0x82][0xe1][[0x17]0[\n]"
DEBUG wire -  << "[0xe7][0xdd][0xb1][0xa3][0xda][0xca][0x0][0xcc].[0xbc];b[0x96][0xc1][0xca]L[0x97][0xf5][0x80][0x3]A[0xe3][0xe2][0xf9][0xd8][0xbb]sd[0xd5]7">[0x17]?p[0x81][0x9b]c$[0xff][0xe0]<[0x8a][0xc2];3d[0x82];[0x4][0xe9][0x8b]Q[0xbf][0x11][0xee][0xf3][0x94]^[0x17][0xdc][0xd2]7J[0xd6][0xc][0xfe]&[0x9f][0xe5][0xb8][0x1d][0xe1][0xe9][0xc3]Maj[0xc5]b[0xe2][0xcf]n[0x81]5-[0x19]%[\r][0xb9]J[0xac]q[0x1e]DQ[0x8a]q[0x9e][0x9][0x89]Y[0xfd][0xb2].[0xe8][0x0]S[0x2][0xb8]3[0xaf][0xd1][0x1e]p[0xaf][0xc8][0xb4]w[0x14]V"[0x9c][0xde][\r][0x16][0x1a]t[0xad][0xd6]l][0x8][0xf1]B0[0xfc]n[0xd4]Rw[0x9f][0xdc][0x85][0xaf][0x97]k[0xe2][0xa2][0x1d]w[0x1b]=[0xc][0xaf]t"#[0xc3]n[0xff][0xea][0xc7]Z[0xe1];[0x10][0xde][0xb0]F!u[0xc3][0xb][0x99]C[0xaf][0xf7][0x9d][0xf][0xcd]O[0xf5][0xcb][0x1f][0xf3][0xef]@[0xd8][0xb8]_Q[0x8][0xb3][0xbd]U[0xdf][0x97]'[0xef][0xae][0x9c][0x1e][0x96][0xba][0xa2][0xd5]C0[0x1][0xcb][0x9f][0x83]0$[0x86]`[0xf5][0x89][0x1e][0xad][0xa7][0xec]s;[0xa2][0x8b])z[0xfc][0xc3][0xc9][0xa7]^[0xb9][0xf9][0x1a][0xff][0xf0][0xe4][0xd3][0xc3][0x87][0xf8][0xfb]~[0xf][0x97]j[0xe5][0x98][0x18]y[0x92]t[0xd5][0x8c][0xfa][0xd7][0xaf][0xa2]~)[0x11]`r[0x9d][0xa6][0xc]7[0x9c][0xfa][0xfe][0xbe][0xe8][0xa1][0xf7][0xb9][0xf][0x96][0xe0][0x95][0xfa][0xd2][0xc4]7[0x8d][0x83][0xab][0xee][0xed][0xb0][0xf2]5[0xd7][0xa4]0[0x1c]>[0x1f](J>[0xd2][0x9f][0xb6][0xea][0x18][0xfb][0xce][0xfc][0xe7]+[0x1c][0x9b][0xec][0xe6]c[0xbc][0x82][0xba]~e6[0xeb][0xfb][0xd0][0xd1][0x1]t[0xa7]GH>|8[0xf8][0xf0][0xc]hL)[0x86][0xe][0xec][0xed]cb[0xed][0xa9][0xe9][0x16][0x9]4[0xb0]c[0x81]q[0xc1][0x92][0xf9][0x8b][0x85]L[0xa2]@}_[0xc2][0xc8][0xa8]v[0xa5][0xd2][0xaf][0xae][0xea]5[0xf4][0xaf][0xb2][0x8f]g[0xd4][0xf7][0xef]5[0xfe][0xc0]>}:dhd[0xdf][0xb0]8h[0xe0][0xc7]([0xe8][0xe3][0x14]i[0xe0][0xe3][0xc7])[0xf0][0x9b][0x16]O[0xe4]&U[0xf9][0x19][\n]"
DEBUG wire -  << "[0xf5][0xb9][0x1d][0x19]lm[0xda][0xad][0x9d][0x1d]&[0xbf][0xf9][0x97][0xd8][0xf2][0xbb][0x16]X[0xe3][0x98][0x1c][0x9e][0xf9][\n]"
DEBUG wire -  << "[0x83][0x19][0xfb][0xcb][0x1b][0xeb]t[0x8a]g[0xc6][0xa9][0x4]nVl7[{V[0xb3]e[0xb5]6Yk[0xa7][0xbb][0xb5][0xdd]mm[0x11][0x1c][0x9]([0xc1][0xc2][0xe0][0xe]aaH[0xfd][0xbf][0xba][0xa7]Uz[0xfb][0xad][0x0][0x0]"
DEBUG RequestSpecificationImpl$RestAssuredHttpBuilder - Parsed data to instance of: class org.apache.http.conn.EofSensorInputStream
DEBUG RequestAddCookies - CookieSpec selected: default
DEBUG RequestAuthCache - Auth cache not set in the context
DEBUG PoolingHttpClientConnectionManager - Connection request: [route: {}->http://localhost:2064][total kept alive: 2; route allocated: 1 of 2000; total allocated: 2 of 2000]
DEBUG PoolingHttpClientConnectionManager - Connection leased: [id: 1][route: {}->http://localhost:2064][total kept alive: 1; route allocated: 1 of 2000; total allocated: 2 of 2000]
DEBUG MainClientExec - Stale connection check
DEBUG wire - http-outgoing-1 << "[read] I/O error: Read timed out"
DEBUG DefaultManagedHttpClientConnection - http-outgoing-1: set socket timeout to 10800000
DEBUG MainClientExec - Executing request GET /session/e9c2f5b492893b90288674161d6e7d46/element/0.01484094461664287-6/attribute/href HTTP/1.1
DEBUG MainClientExec - Target auth state: UNCHALLENGED
DEBUG MainClientExec - Proxy auth state: UNCHALLENGED
DEBUG headers - http-outgoing-1 >> GET /session/e9c2f5b492893b90288674161d6e7d46/element/0.01484094461664287-6/attribute/href HTTP/1.1
DEBUG headers - http-outgoing-1 >> Cache-Control: no-cache
DEBUG headers - http-outgoing-1 >> Host: localhost:2064
DEBUG headers - http-outgoing-1 >> Connection: Keep-Alive
DEBUG headers - http-outgoing-1 >> User-Agent: Apache-HttpClient/4.5.3 (Java/1.8.0_161)
DEBUG headers - http-outgoing-1 >> Accept-Encoding: gzip,deflate
DEBUG wire - http-outgoing-1 >> "GET /session/e9c2f5b492893b90288674161d6e7d46/element/0.01484094461664287-6/attribute/href HTTP/1.1[\r][\n]"
DEBUG wire - http-outgoing-1 >> "Cache-Control: no-cache[\r][\n]"
DEBUG wire - http-outgoing-1 >> "Host: localhost:2064[\r][\n]"
DEBUG wire - http-outgoing-1 >> "Connection: Keep-Alive[\r][\n]"
DEBUG wire - http-outgoing-1 >> "User-Agent: Apache-HttpClient/4.5.3 (Java/1.8.0_161)[\r][\n]"
DEBUG wire - http-outgoing-1 >> "Accept-Encoding: gzip,deflate[\r][\n]"
DEBUG wire - http-outgoing-1 >> "[\r][\n]"
DEBUG wire - http-outgoing-1 << "HTTP/1.1 200 OK[\r][\n]"
DEBUG wire - http-outgoing-1 << "Content-Length:136[\r][\n]"
DEBUG wire - http-outgoing-1 << "Content-Type:application/json; charset=utf-8[\r][\n]"
DEBUG wire - http-outgoing-1 << "[\r][\n]"
DEBUG wire - http-outgoing-1 << "{"sessionId":"e9c2f5b492893b90288674161d6e7d46","status":0,"value":"http://pros.unicam.it:8080/BEBoP-WebUserInterfaces/contentform.jsf"}"
DEBUG headers - http-outgoing-1 << HTTP/1.1 200 OK
DEBUG headers - http-outgoing-1 << Content-Length:136
DEBUG headers - http-outgoing-1 << Content-Type:application/json; charset=utf-8
DEBUG MainClientExec - Connection can be kept alive indefinitely
DEBUG PoolingHttpClientConnectionManager - Connection [id: 1][route: {}->http://localhost:2064] can be kept alive indefinitely
DEBUG PoolingHttpClientConnectionManager - Connection released: [id: 1][route: {}->http://localhost:2064][total kept alive: 2; route allocated: 1 of 2000; total allocated: 2 of 2000]
DEBUG BasicClientConnectionManager - Get connection for route {}->http://pros.unicam.it:8080
DEBUG DefaultClientConnectionOperator - Connecting to pros.unicam.it:8080
DEBUG RequestAddCookies - CookieSpec selected: ignoreCookies
DEBUG RequestAuthCache - Auth cache not set in the context
DEBUG RequestTargetAuthentication - Target auth state: UNCHALLENGED
DEBUG RequestProxyAuthentication - Proxy auth state: UNCHALLENGED
DEBUG DefaultHttpClient - Attempt 1 to execute request
DEBUG DefaultClientConnection - Sending request: GET /BEBoP-WebUserInterfaces/contentform.jsf HTTP/1.1
DEBUG wire -  >> "GET /BEBoP-WebUserInterfaces/contentform.jsf HTTP/1.1[\r][\n]"
DEBUG wire -  >> "Accept: */*[\r][\n]"
DEBUG wire -  >> "Host: pros.unicam.it:8080[\r][\n]"
DEBUG wire -  >> "Connection: Keep-Alive[\r][\n]"
DEBUG wire -  >> "User-Agent: Apache-HttpClient/4.5.3 (Java/1.8.0_161)[\r][\n]"
DEBUG wire -  >> "Accept-Encoding: gzip,deflate[\r][\n]"
DEBUG wire -  >> "[\r][\n]"
DEBUG headers - >> GET /BEBoP-WebUserInterfaces/contentform.jsf HTTP/1.1
DEBUG headers - >> Accept: */*
DEBUG headers - >> Host: pros.unicam.it:8080
DEBUG headers - >> Connection: Keep-Alive
DEBUG headers - >> User-Agent: Apache-HttpClient/4.5.3 (Java/1.8.0_161)
DEBUG headers - >> Accept-Encoding: gzip,deflate
DEBUG wire -  << "HTTP/1.1 200 [\r][\n]"
DEBUG wire -  << "X-Powered-By: JSF/2.0[\r][\n]"
DEBUG wire -  << "Set-Cookie: JSESSIONID=78BB9243FBF3F1330B8179C027BD2274; Path=/BEBoP-WebUserInterfaces; HttpOnly[\r][\n]"
DEBUG wire -  << "Set-Cookie: ice.push.browser=1bjqwll568; Path=/[\r][\n]"
DEBUG wire -  << "Content-Type: text/html;charset=UTF-8[\r][\n]"
DEBUG wire -  << "Transfer-Encoding: chunked[\r][\n]"
DEBUG wire -  << "Date: Mon, 14 Jan 2019 17:23:54 GMT[\r][\n]"
DEBUG wire -  << "[\r][\n]"
DEBUG DefaultClientConnection - Receiving response: HTTP/1.1 200 
DEBUG headers - << HTTP/1.1 200 
DEBUG headers - << X-Powered-By: JSF/2.0
DEBUG headers - << Set-Cookie: JSESSIONID=78BB9243FBF3F1330B8179C027BD2274; Path=/BEBoP-WebUserInterfaces; HttpOnly
DEBUG headers - << Set-Cookie: ice.push.browser=1bjqwll568; Path=/
DEBUG headers - << Content-Type: text/html;charset=UTF-8
DEBUG headers - << Transfer-Encoding: chunked
DEBUG headers - << Date: Mon, 14 Jan 2019 17:23:54 GMT
DEBUG DefaultHttpClient - Connection can be kept alive indefinitely
DEBUG RequestSpecificationImpl$RestAssuredHttpBuilder - Parsing response as: text/html;charset=UTF-8
DEBUG RequestSpecificationImpl$RestAssuredHttpBuilder - Parsed data to instance of: class org.apache.http.conn.EofSensorInputStream
DEBUG DefaultClientConnection - Connection 0.0.0.0:56418<->193.205.92.119:80 closed
DEBUG DefaultClientConnection - Connection 0.0.0.0:56419<->193.205.92.119:80 closed
DEBUG DefaultClientConnection - Connection 0.0.0.0:56420<->193.205.92.119:80 closed
DEBUG DefaultClientConnection - Connection 0.0.0.0:56421<->193.205.92.119:80 closed
DEBUG DefaultClientConnection - Connection 0.0.0.0:56422<->193.205.92.119:80 closed
DEBUG RequestAddCookies - CookieSpec selected: default
DEBUG RequestAuthCache - Auth cache not set in the context
DEBUG PoolingHttpClientConnectionManager - Connection request: [route: {}->http://localhost:2064][total kept alive: 2; route allocated: 1 of 2000; total allocated: 2 of 2000]
DEBUG PoolingHttpClientConnectionManager - Connection leased: [id: 1][route: {}->http://localhost:2064][total kept alive: 1; route allocated: 1 of 2000; total allocated: 2 of 2000]
DEBUG MainClientExec - Stale connection check
DEBUG wire - http-outgoing-1 << "[read] I/O error: Read timed out"
DEBUG DefaultManagedHttpClientConnection - http-outgoing-1: set socket timeout to 10800000
DEBUG MainClientExec - Executing request GET /session/e9c2f5b492893b90288674161d6e7d46/element/0.01484094461664287-7/attribute/href HTTP/1.1
DEBUG MainClientExec - Target auth state: UNCHALLENGED
DEBUG MainClientExec - Proxy auth state: UNCHALLENGED
DEBUG headers - http-outgoing-1 >> GET /session/e9c2f5b492893b90288674161d6e7d46/element/0.01484094461664287-7/attribute/href HTTP/1.1
DEBUG headers - http-outgoing-1 >> Cache-Control: no-cache
DEBUG headers - http-outgoing-1 >> Host: localhost:2064
DEBUG headers - http-outgoing-1 >> Connection: Keep-Alive
DEBUG headers - http-outgoing-1 >> User-Agent: Apache-HttpClient/4.5.3 (Java/1.8.0_161)
DEBUG headers - http-outgoing-1 >> Accept-Encoding: gzip,deflate
DEBUG wire - http-outgoing-1 >> "GET /session/e9c2f5b492893b90288674161d6e7d46/element/0.01484094461664287-7/attribute/href HTTP/1.1[\r][\n]"
DEBUG wire - http-outgoing-1 >> "Cache-Control: no-cache[\r][\n]"
DEBUG wire - http-outgoing-1 >> "Host: localhost:2064[\r][\n]"
DEBUG wire - http-outgoing-1 >> "Connection: Keep-Alive[\r][\n]"
DEBUG wire - http-outgoing-1 >> "User-Agent: Apache-HttpClient/4.5.3 (Java/1.8.0_161)[\r][\n]"
DEBUG wire - http-outgoing-1 >> "Accept-Encoding: gzip,deflate[\r][\n]"
DEBUG wire - http-outgoing-1 >> "[\r][\n]"
DEBUG wire - http-outgoing-1 << "HTTP/1.1 200 OK[\r][\n]"
DEBUG wire - http-outgoing-1 << "Content-Length:97[\r][\n]"
DEBUG wire - http-outgoing-1 << "Content-Type:application/json; charset=utf-8[\r][\n]"
DEBUG wire - http-outgoing-1 << "[\r][\n]"
DEBUG wire - http-outgoing-1 << "{"sessionId":"e9c2f5b492893b90288674161d6e7d46","status":0,"value":"http://pros.unicam.it/bpfm/"}"
DEBUG headers - http-outgoing-1 << HTTP/1.1 200 OK
DEBUG headers - http-outgoing-1 << Content-Length:97
DEBUG headers - http-outgoing-1 << Content-Type:application/json; charset=utf-8
DEBUG MainClientExec - Connection can be kept alive indefinitely
DEBUG PoolingHttpClientConnectionManager - Connection [id: 1][route: {}->http://localhost:2064] can be kept alive indefinitely
DEBUG PoolingHttpClientConnectionManager - Connection released: [id: 1][route: {}->http://localhost:2064][total kept alive: 2; route allocated: 1 of 2000; total allocated: 2 of 2000]
DEBUG BasicClientConnectionManager - Get connection for route {}->http://pros.unicam.it:80
DEBUG DefaultClientConnectionOperator - Connecting to pros.unicam.it:80
DEBUG RequestAddCookies - CookieSpec selected: ignoreCookies
DEBUG RequestAuthCache - Auth cache not set in the context
DEBUG RequestTargetAuthentication - Target auth state: UNCHALLENGED
DEBUG RequestProxyAuthentication - Proxy auth state: UNCHALLENGED
DEBUG DefaultHttpClient - Attempt 1 to execute request
DEBUG DefaultClientConnection - Sending request: GET /bpfm/ HTTP/1.1
DEBUG wire -  >> "GET /bpfm/ HTTP/1.1[\r][\n]"
DEBUG wire -  >> "Accept: */*[\r][\n]"
DEBUG wire -  >> "Host: pros.unicam.it[\r][\n]"
DEBUG wire -  >> "Connection: Keep-Alive[\r][\n]"
DEBUG wire -  >> "User-Agent: Apache-HttpClient/4.5.3 (Java/1.8.0_161)[\r][\n]"
DEBUG wire -  >> "Accept-Encoding: gzip,deflate[\r][\n]"
DEBUG wire -  >> "[\r][\n]"
DEBUG headers - >> GET /bpfm/ HTTP/1.1
DEBUG headers - >> Accept: */*
DEBUG headers - >> Host: pros.unicam.it
DEBUG headers - >> Connection: Keep-Alive
DEBUG headers - >> User-Agent: Apache-HttpClient/4.5.3 (Java/1.8.0_161)
DEBUG headers - >> Accept-Encoding: gzip,deflate
DEBUG wire -  << "HTTP/1.1 200 OK[\r][\n]"
DEBUG wire -  << "Date: Mon, 14 Jan 2019 17:23:54 GMT[\r][\n]"
DEBUG wire -  << "Server: Apache/2.4.18 (Ubuntu)[\r][\n]"
DEBUG wire -  << "Vary: Accept-Encoding,Cookie[\r][\n]"
DEBUG wire -  << "Cache-Control: max-age=3, must-revalidate[\r][\n]"
DEBUG wire -  << "Content-Encoding: gzip[\r][\n]"
DEBUG wire -  << "Content-Length: 9070[\r][\n]"
DEBUG wire -  << "Keep-Alive: timeout=5, max=100[\r][\n]"
DEBUG wire -  << "Connection: Keep-Alive[\r][\n]"
DEBUG wire -  << "Content-Type: text/html; charset=UTF-8[\r][\n]"
DEBUG wire -  << "[\r][\n]"
DEBUG DefaultClientConnection - Receiving response: HTTP/1.1 200 OK
DEBUG headers - << HTTP/1.1 200 OK
DEBUG headers - << Date: Mon, 14 Jan 2019 17:23:54 GMT
DEBUG headers - << Server: Apache/2.4.18 (Ubuntu)
DEBUG headers - << Vary: Accept-Encoding,Cookie
DEBUG headers - << Cache-Control: max-age=3, must-revalidate
DEBUG headers - << Content-Encoding: gzip
DEBUG headers - << Content-Length: 9070
DEBUG headers - << Keep-Alive: timeout=5, max=100
DEBUG headers - << Connection: Keep-Alive
DEBUG headers - << Content-Type: text/html; charset=UTF-8
DEBUG DefaultHttpClient - Connection can be kept alive for 5000 MILLISECONDS
DEBUG RequestSpecificationImpl$RestAssuredHttpBuilder - Parsing response as: text/html; charset=UTF-8
DEBUG wire -  << "[0x1f][0x8b][0x8][0x0][0x0][0x0][0x0][0x0][0x0][0x3][0xed]=[0xdb]v[0xdb]8[0x92][0xcf][0xf1]W [0xcc]t,u[0x93][0x94]([0xdf]e[0xcb]=[0x8e][0xe3]tgO.>v2[0xb3]Y[0xc7][0xab][0x3][0x92][0x90]D[0x87][0xb7]&([0xdb]j[0xc7][0xff]2[0xff][0xb0]0_[0xb6]U[0x0]H[0x91][0x14]%9[0xb1]z[0xf6][0xcc][0x9e]vwl[0x12]([0x14][\n]"
DEBUG wire -  << "[0x85]B]@\[0xe][0x9e][0xbe]|[0xfc][0xe1][0xd3][0xe9][0x9][0x19][0xa5][0x81][0xb8]v[0x80][0x88]O[0xc3]aOc[0xa1][0xf1][0xf1]\#q[0xc2][0x6][0xde]mO[0x8b][0x86]][0x0]J[0xe3]n[0xab][0x15][\r]c3`[0xad][0x90]?[0xd3][0xe][0xd7][0xa0][0xc][0xa3][0xee][0xe1][0xda][0x93][0x83][0x80][0xa5][0x94]8#[0x9a]p[0x96][0xf6][0xd6]?~xe[0xec][0xae][0xe7][0xe9]![\r]XO[0xbb][0xf6][0xd8]M[0x1c]%[0xa9]F[0x9c](LY[0x98][0xf6][0xb4][0x1b][0xcf]MG=[0x97]]{[0xe]3[0xc4][0x8b]N[0xbc][0xd0]K=[0xea][0x1b][0xdc][0xa1]>[0xeb]Y[0x1a]b[0xf1][0xbd][0xf0][0xb]I[0x98][0xdf][0xd3][0xe2]$[0x1a]x>[0xd3][0xc8][0x8]H[0xeb]i[0x8a][0xa8]a[0x10][0xf][0xcd]([0x19][0xb6]n[0x7]a[0xcb][0x12]e[0x9e][0x1c][0xa4]^[0xea][0xb3][0xc3][0x17][0xa7][0xaf][0xde][0x12][0x83][0x9c][0x9e][0xbd]?[0xc7]_[0xe][0xe3][0x9c]qBC[0x97][0x9c][0xb3][0x4][0xeb][0xe5][0xe4][\r][0xb5][0xf]Z[0x12]z[0x8d][0x14]~[0xe][0xb8][0x93]xqJ[0xd2]I[0xc][0xe4][0xa7][0xec]6m][0xd1]k*S5[0xe2][0xb9][0xd0][0x80]x<0[0x90]ec:d[0x86][0xca])c[0xc1][0x9f]k[0x9a][0x10][0x96]$Q[0xd2][0xe7]i[0xd2][0x8f][0xec]+[0xd2]#w3P[0xf8][0xb3][0x9e][0xb0][0xdf][0xc6]^[0xc2][0xdc]u[0xd2]%[0xeb][0x1e]'[0xf9][0xbb]^[0xf][0x1f]x<[0xa0][0xa9]3[0x12][0xf0]n[0x4][0xcd][0x9][0xa3][0x94][0xc8][0xa4]9E[0xae][0xa9][0xef][0xb9]4[0xf5][0xa2]0[0xab][0x4][0x8b][0x88][0xd4][0xf5][0x99][0x12][0xf7]e[0x96][0xb4]d[0x1b][0xcb]M\;xj[0x18][0xe4][0xc3][0x8]0q/e[0x4][0xfe]Fq[0xea][0x5][0xde][0xef][0xcc]%7^:"[0xe9][0x88][0x91]O[0x11][0xe5])9?yOb<[0xf4]Br[0xbd]gnB[0xd7]`[0x1f]r[0xe8][0xc4][0x9][0xe6][0x9b]N[0x14][0xb4]n[0xa2][0xc4][0x5][0xd1][0xe3][0xbc]%!y[0x8b][0xb3][0xa8]E[0xc][0x3][0x84]t*[\n]"
DEBUG wire -  << "[0xe][\r][0xa3][0xd0][0x3])[0xa9][0x8][0x3][0x88][0x8]7[0xc7][0x98][0x13][0x98]^[0xda][0xb2][0xe3]A[0xd0][0xd2]H[0xb][0xca][\n]"
DEBUG wire -  << "a[0x84][0xec][0x98]%[0xe9]DH[0xb5][0x1f][0xa1][0x94][0x15]$[0x92][0x85]}[0x14][0xfc]zh[0x14][0x84][0x2],MR[0xcf][0xc1][0xd2]s[0xa0]Q[0xa2][\n]"
DEBUG wire -  << "[0xe0][0xf][0x93][0xc4]y[0xd8]\&9[0xf][0xbd]V[0xc1][0xf9][0xcf][0x0][0xbf])[0x9]"[0x97][0xf9][0xc0][0x9d]![0xf6][0xa6][0xe8]][0x2][0x12][0xcb]B[0x17][0x93]^1[0x9a][0x8e][0x13]F[0xde]"[0x10][0xcf]!8I#[0xe2]2[0xea][0xcb]^z1[0xe6]^[0x8]d[0x91][0xd3]$B[0xf2][0xc8][0xdf]h[0xe2]Q[0xdb][0xf3][0xbd]tbB[0xff]2"[0xda][0x90][0xe3][0x7][0xea][0x2]/[0x15]HD[0xed]@[0xc5][0x80][0x6][0x9e]?![0xd1][0x80][0xd8][0x19][0xb2]X"[0x83][0xe6]ya[0x9a]D[0xee][0xd8]A[0x8a]\o0`[0x9]4[0x82][0xf8][0xec][0x1a]i[0x82]".[0xb4][0xda][0xf3][0x5]K[0x6][0x91][0x83][0xe5][0x87][0x4][0xaa]A[0xe1][0x89]#([0x8c]0[0xa8]E[0xf0]/%<f[0x8e]7[0xf0][0x1c][0x2][0x3][0x9f][0x86][0x1e][0x17]4[0x15][0xc8]|[0x9b]3[0xe4][0xd4][0xa7][0xe9] J[0x2]$[0xe5][0xda]s[0x5][0xd7][0x9][0xb][0xaf][0xbd]$[\n]"
DEBUG wire -  << "[0x3]$!o[0xc0][0xf3][0x11][0x16][0x89][0xf7][0xe7][0xf5][0xc2]8[0xf1][0xb][0xdc][0xff][0xe][0x81][0xc3][0xf1][0xd1]G}X@[0xf3]p[0x89][0x90][0x8a]4[0x85][0xce]JY[0xd2]uh[0xe2][0x16][0xd0][0xf0]q[0x10][0xd0]d2[0x17][0xfc]O[0x9][0xfa]WH[0xd0]E&B[0x97]s;[0xe2]1[0x8a][0xa1]h[0x92][0xd6]i[0x1c][0xfb] uHu[0xcb]w[0xba][0xe2][0xa0][0xd1][0xf][0xef][0xb4][0xbf][\n]"
DEBUG wire -  << "[0xcc][0xb7][0xa9][0xd6][0xd5]2[0xdd][0xca][0x9d][0x11][0xb]([0x9a]HM[0xd7][0xfe]*[0xf4]XW{/Z[0xfd][0xbb]([0xf][0xc9]([0xdb][0xdd]92[\r][0xd9][0x1c][0xda]p[0xc4][0xb5][0xee]E[0x8e][0xf4][0xe6][0xe6][0xc6][0x9c]D[0xe3]tl3[0xa1][0xb6][0xc1][0xfc][0x87]![0xf3][[0x1f][0x8f][0xfb][0xc7][0xbf][0xdd][0xbe]M_[0xe][0x92]_[0xfe][0xeb][0xe6][0xfd][0xf0][0xbf]~[0xb3][0xed]6[0x8b][0x86][0xda]%[0xd4][0xed][0xb9]s+y[0x16][0x95][0x9][0x12][0xc3][0xa4][0xbb]tx[0xe8][0x9a][0x1f][\r]#[0x0][0xd4][0xee][0xa7][0xe6]IX[0xa4][0xd6][0x8c][0xcd]1[0x85][0x11])X[0x91]u7[0xe4][0x6][0xba]9L[0xd8]PaH[0xd6][[0xad][0x80][0xde]:nh[0xda]Q[0x94][0x82][0xc5][0xa6]1[0xbe]@[0x13][0xd7]E[0x1f],+<[0x0][0xf6]ss[0x18]EC[0x9f][0xd1][0xd8][0xe3][0xf]/[0xc9][0xcd][0x1b][0xec][0xa3][\n]"
DEBUG wire -  << "[0xb0]F}[0x10][0x9b][0x90][0xa6] 4[0xd2][0x17])v|[0xc2][0xf9]O[0xb7][0x1][0xa8]%!VK[0xb5][0x9]y[0x9e][0xd0][0xdf][0xc6][0xd1]>[0xc]h[0xe6].[0xb6][0x9c][0x3][0x80]P[0x8a][0xec][0xf][0xa6][0xe5]8[\n]"
DEBUG wire -  << "p[0x14][0xf1][0x7][0x10][0xe5]([0xd0][0x2]u[0xe0][0xeb]-[0xf4][0xd4][0x10][0xe2][0xc9][0x8d][0x17][0xba][0xd1][0x8d][0xd9][0xbf][0x89]Y[0x10]]y[0xe7],Ma`st[0xc4]4[0x9b]r[0xf6]1[0x97]~[0xde][0xfd][0xdc][0xfa][0x9c]u[0xc5][0xe7][0x96][0x17][0x80]k[0xc7]?C[0xc5][0x9][0xfb][0xdc][0x12][0x85]?[0x83][0x8f][0xf9][0xb9][0xb5][0xd3][0xb9][0xdd][0xe9]|[0xc6][0xa1]![0xc7][0x9a][0x19][0x87]8[0xba][0xf8][0xf5][0xf0][0xdb]qA![0x81][0x9][0xfe][0x9e]Hd[0xf0][0x84][0xef][0xd1]8q`[0x10][0xdc]i0[0xa6][0x81][0xc9][0xa2]H6[0x80][0x10]u[0x99];[0x9f][7[0xb1][0xe1][0x85][0x8e]?v[0xb1][0x9a]+.[0x12]D![0x3]z[0x8f]A;[0xcd][0x0]F[0xc1][0x15][0xff][0xf9][0x9a]%[0xbd]-[0xb3]mv[0xb4][0xfb][0xfb]}d[0xd0][0xd3][0xc1]8t[0xb0][0x17][0x1b]T[0xb7]u[0xa7]y[0x97][0xbd][0x13][0x17]S[0x9a]w[0xe8][0xc4]:[0xbd][0xf3]4[0x1][0xbe][0x99][0x83]$[\n]"
DEBUG wire -  << "[0x8e][0xc1][0xdd]?[0x6][0xa5][0xb7][0xef][0x9b][0xe0][0x6][0xd1][0xe4][0x8c]9i[0xa3][0xad][0xb7][0xf5]/[0xa6][0xf4][0xe5][0xbf][0x98]#[0xe6][\r]GiS[0xf7]M[0xf0][0xda][0xfd][0xf][0xc0][0xa8][0x86]c[0xa2][0xc4]L[0x1a])[0xb8][0x8b]:m[0x2]x[0xbb][0xb9][0x8f][0xb8][0xdd][0xde][0x17]3[0x8d]^[0xd2][0x94]~<{[0xd3]h>[0x2][0xab]][0xc0][0xca]*X[0x13][0x6]f[0xc][0xda][0xd4][0xeb][0xf5][0xd8]}[0xde]D[0xd6][0xa0][0xb2][0x81][0xf6][0xbe]7h<[0xf5][0xbf]~}:E[0xde][0x94]e[0x9e]Z[0xfb][0x1c]4[0xb8]3j[0xf8]&[0x8a][0xd8][0xb][0xe0]&[0x8c][0xb][0x14][0xb8]([0xd6][0x90][0x98][0x8][0xb5][0xf9]v[0xbb]M6:[0xf1]-9[0x2][0xcb][0xe7]k[0xd0][0xc4];[0x7] [0xb5][0x81]O[0x87]ZW[0xa1]j[0xd8]=[0xb7]q[0xb1][0xb5][0xb5][0xb1][0xb5][0xad]om[0xef]v[0xe0]w[0xf6]l[0xed]][0xea][0xa5][0x9c][0xdd]N{[0xa3][0x94][0xdd]l>^B[0xb0][0xb3][0xb1][0xd1][0x81]<[0xab][0xb3][0xb][0xbf]7;[0x1b][0xd3]gk[0xb7][0x90]nM[0x9f]7[0xda][0xf5][0xf0][0x9b];[0xd3][0xca][0x5]VYy[0x1][0xb4][0x9c][0x0][0xf8]+[0x10]V%[0x1]jZ[0x82][0x3][0xea]l[0xea]O[0xed][0xe6][0xbe]`[0x93][0x92]p[0xd5]My+[0x11]rg[0xbb][0xad][0xef][0xed][0xec]u[0xf4][0xed][0xad][0xf6]F[0xc6][0xa5],C[0xe0],[0xe4]"[0xca][0xfb][0xac][0xe3][0xa6][0x1d]=[0xc8]:[0xda][0xe9][0xd9][0xa6][0x93][0x80]S[0xc3]N|[0x86][0x1a][0xa5][0xa1])u[0x1][0x84][0x98]<qzTwL[0x17]4t[0xd2]s[0xcc]z[0xc5][0xa2][0xdb][0xe6][0x90][0xa5][0xaa]<1[0xf9]@[0x87][0xef][0xc0]f54[0x8c][0x8a][0xb5][0xe6]E[0xfb][0x12][0xa5][0x12][0x1c][0xa8][0xe3][0x91][0xe7][0xbb][\r][0xa7]y[0x8f]5[0xf][0xf5][0x91][0xee][0xe9]W[0xfa][0x97]Y[\n]"
DEBUG wire -  << " [0xa4][0x1][0xe4][0x1a]H6H-[0xa0]>[0x96][0x86][0xfc][0xf9][0xf3][0xe2][C[0xeb][0x0][0xf2]}pG[0x1a]W[0xbd][0xa3]$[0xa1][0x93][0x86][0x14].]1[0xaf][0x9][0x84][0xf3]q[0x8c][0xb1]6[0xef][0xdd][0x81]o[0x94]L`X[0x84][0xc3][0xee][0xd3][0xb6]>};[0xb9]uX[0x9c][0xbe][0x82][0x82][0x90]~[0xaf]{[0xbd][0xf6][0xbe]wpe[0xfa],[0x1c][0xa6][0xa3]}[0xef][0xa7][0x9f][0x9a]S,[0x17]W[0x17][0xde][0xe5]e[0x8f]5[0xf0]o[0x11][0xbd]9[0xc5][0xd7][0xab]M}[0xfe][0xbc][0x8a]E[0x97][0xc4]>[0xed][0xf5][0xf0][0x15]$[0xb9][0xb6][0xdc][0x94][0xba]z[0xbc][0xd3][0xfc][0xd9][0x1a]D[0x7]>[0xe][0xe5][0xd3][0x2][0x4][0x92][0xb]M~[0xf9][0xfe][0xed][0x19]t[0xeb][0xa4][0xf7][0xd4][0x82][0xb7][0x4][0x1f][0x8f][0xa9][0xef][0xdb][0xd4][0xf9][0xd2][0xcb]U'[0x8c][0xf5][0x2] [0xb0][0xb5][0xb6][0xa6][0xaf]_[0x1b][0xa3]r[0x99][0x12][0xba]F[0xf3][0x1e]$[0x8b][0xba][0xee][0xc9]5H[0xc5][0x1b][0x8f][0x83][0x9b][0xc8][0x92][0x9f][0x1b][0xb3]i[\r][\r]*;[0x96]~[0xe4][0x9b][0x88][0xba]`<A[0xb8][0x9e]ZM[0x9d][0xd6][0xc0][0xfa][0x0][0xa1][0xf2][0x9b][0xdd][0x6]@[0xa4])uF[0x2][0xa8][0xa1]E[0xa1][0xca]nb[0xdd][0xe5][0x1c]A[0x1d][0x7][0x97][0x9d][0xa1][0x8b]7d[0x9a]^ [0x1e],S[0x10][0xfb][0xc][0x1c][0x2]P[0xa9][0xb6]l[0xc9]9[0xc2]b[0xc7]T[0xdb][0xd5]l[0xea][0x82][0xfb][0xc2][0xac]}[0xfd]zw[0xaf][0xf][0xcd][0x82]e[0xfb]y[0xd0]([0xbd]7[0xbb]CS[0x19][0xec][0xe7][0xcf][0x87]fz[0xa3][0x1e][0x1b][0x8][0xa7][0xde][0x9a]:[0xbe]([0xa8]f[0xb3]y[0xdf][0x90][0xa6]^w![0x0][0xc0]a[0xa5][0xcf]1[0xfd]M4{S[0x8f][0x11][0xbd][0x88]t[0xe2][0xb3][0xa2][0x13][0xe1]p[0xe][0xde][0x83][0x17] ~[0x83]C\[0xc2]&[0xba]x[0x15][0x88][0xc8][0xdd][0xda][0x13][0xd7][0xe3][0xb1]O'][0x88]L[0xd0][0x16][0x90][0xa7]^[0x80][0xbd]M[0xc3][0x14][0xb0][0xdb]Q[0xe2][0x82][0xbf][0xf][0xe1][0xce]l[0xce][0xad][0xc1]G[0x14][0xc8][0xaa][0xcb][0x95][0xf6][0xad]K,[0x16][0x94]3[0x84][0x1][0xac]I[0x87][0xb8][0xf][0x9c][0xdb].i[0x13][0xb3][0xbd]S[0xcd][0x4][0xb1]Kq[0x9a][0xc4][0xa0][0xbe]7[0x4] [0xa3]m[0xce] [0xc0][0xee][0x19]&[0xd1]8t[0xeb][0xe8][0x89]A[0x96]P[0x0][0xfe]b[0xfa][0xfd][0x1a]p[0xf]YV[0xf2]lE[\n]"
DEBUG wire -  << "[0x1f]1[0x96][0xae][0xe3][0x14][0xd9]:p[0xce][0xf6]#[0xe7][0x8b][0xe1]{v[0x2][0xf1][0xa9][0x1]L]'[0xca][0xe5][0xad][0xf7][0xf1][\n]"
DEBUG wire -  << "N[0xc]vA[0xb][0x98][0xc]au[0x11][0x89][0xac]W[0xf8]2[0x0]0uf[0xd6]Ud[0x94][0xf5][0xde]:[0x9][0x98][0xeb]Q[0x8][0x95]|[0xbf][0xea][0x82]W[0x9][0x1d]1[0x9e]z[0xd4]p|[0xf][0xb5][0xb9]a[0xd3][0xe4]a[0xa4][0xaa]8.[0x9f][0xab][0x82]`3`[0x1e][0xf7][0x99][0x81]#[0x3][0x2][0x1a]p[0x8c]#{p[0xdb][0x87][0x0]q[0xec]c[0x93][0xb2]d[0xc3]gC[0xea]LZ[0x14][0xbc][0xe3]T6U[0x12][0xd1]*[0x10][0xb1][0xba][0x6][0xba][0x94][0x8f]<[0xa0][0x96]O[0x17]deW[0xcb]s[0xe4][0x8b]![0xf9]b[0xc4]c[0x1b][0x9]3`[0xcc][0x8e][\r]Ig{[0x86]R[0x8c];[0xe7][0x4]g"[0xee]2[0xe8][\r][0xe3]Q[0xc0]Z[0x9b][0xe6][0x8e][0xd9][0x16][0xa4][0x17][0x93]K[0xd4]w[0x0]d[0xe3][0xf][0xa4][0xde][0xfa][0x83][0xe4]gZ[0x85]h[0x1f][0xd4][0xc][0x1][0xd8][0xea]Z[0x95][0xf3][0xf5][0xdb][0xc8][0x17]d[0xe7][0x2][0xac]D:[0xc7]%([0xcd][0xdf]J[0xdd]`[0xad]h[0xe0][0x8a]~[0xe6][0xde][0xef][0xec][0x81][0xf2][0xbd][0x90][0xf0]\p[0x4][0xc2][0x8a][0xd8][0x80][0x2][0xdd]{[0xc][0xc1]E[0x89]\[0x1][0xad]%[0xb9]_([0xf1]+bu_$?[0x86][0xf2]Y[0xf5][0xfd]P[0xae]J[0x1b]=C[0x8b]4[0xbf][0x92][0xa4][\n]"
DEBUG wire -  << "[0x8a][0xc3]5SI[0x8][0xc4]i[0xa8]QuRI [0x18]Y[0x82][0x83][0xad][0xfe][0xf4][0xf9]([0x8a]c0x}[0x87]&)1[0xf1]w[0xdf][0x7][0x1b][0x84][0x6][0xff]I[0xc1]VB[0xe3][0xfc][0x8][0xec][0xfb][0xb3][0x8d][0xed][0x8d][0xad][0x8d][0x1d][0xc8][0xbc][0x87]s[0x90][0x13][0xd3][0xa7]6[0xf3][0x8d][0x1][0xf8]Y[0xe8][0x80][0xc7][0x10][0x8f][0xd3][0xb]A,[0x87]8[0xd7][0x19]]v[0x8d][0x1b]f[0xf1][0xa0][0xef][0xc6])~[0xe6][0xf2]e[0x85]Yj[0xd1]i[0x0]E[0x1]([0xdb][0xf8][0x1f][0x84][0x9a]{[0xf0][0x3][\n]"
DEBUG wire -  << "t<[0xb4][0xc9][0xf][0xa0]j9[0xbb][0x4][0x1c][0xc1][0xf9]Q[0x13][0x19][0xc8][0x9d][0xb8]k3xaKK[0xc7]bB[0xf7][0xb1]XJ][0xa6][\n]"
DEBUG wire -  << "I[0xee]e}4[0x10]?[0xc8][0x1b][0xf2][0xa8]N*u[0x9][\n]"
DEBUG wire -  << "[0x99][0x81]=[0xa5]DA[0xd5]Rp[0x93]HMo[0x10]Z[0xd3][0x1e][0xf5]`[0x84][0xf4][0x9a][0xf8][0x1e][0xa1][0xf3][0xa8][0x9f][0xc1][0xd5][0x1d]E0[0x80][0x1e][0x80]Q[0x2][0x96][0xf1]2[0xf1]#%[0x17]~[0x3]a[0xc8][0x1c](!0[0xb8]I[0x14][0x83][0xb8][0x85][0xc2][0xaa][0x1][0xe][0x85][0xe1][0x10][0x1a][0xb0][0x10]L[0xcc][0xbd]/[0x7][0xa3][0x10]C\[0xb3][0x19]8[0xf9]W[0x90]}[0x88][0x84]/![0xc3][0x8e][0xdc]I7[0x8c][0xd2][0x86]9[0x2]}[0xd7][0xcc][0xcb]C[0xec]N[0xc7]~Z[0xc1]g[0xca]Je[0x1];[\r][0x9b]+D[0xa3]zbE[0xc8][0x4][0x13][0x11]Y[0xde][0xc3][0xc8]$[0xfc][0xe8][0x83][0xe][0xf5][0x90]P3[0x0]!O!~_[0x90]m[0xa0]./[0x2](9/[0xd0]j[0x8e](7[0xa8][0xe3][0x80][0x96][0x96]R,$[0x4][0xbf][0xeb]*[0x99]n[0xd3][0xce][0xde][0x16][0xdd]W[0xea][\r]K[0xc4][0x14]<[0x15][0xf9][0x5][0x87][0x83][0x87]b:[0xe3][0x4]?[0xc4][0x80][0xc][0xce][0xc9]Q[0x8d][0x99][0x9f]_[0x10]M[0x19]5[0x19][0xa5][0xca][0xa7]u[0xdb][0xe3]4[0x8d]B=*[0xb4][0xe3]&[0x8a][0xc4][0xec]0[0x84][0x96] [0xfc][0x9][0xa8][0xe9][0xbe]@E$[0xa4][0x1c][0xc5][0x1a][0x1f][0xdb][0x81][0x97]j[0x97][0xdf]QdZ[0x97][0xeb]]CH[0x88]j[0x8a][0xb][0xb]G[0xc1][0xf8][0xa0][0x12]QI[0xe2]SQ[0x11][0x85][0xc4]p[0x99][0x3][0xc8][0xf7][0xd5]a[0x9a]RVPX[0x9a],'[0x9b]Z[0x97]^_[0xaa][0xc8][0xa0][0xba][0xf4]J[0xa9]gR/[0xaa][0x16][0x91][0x85][0xe2][0xb1] 3[0x93][0x90]E [0xd3][0xae][0x86]A[0x82][0xff][0x8c]8[0xf1][0xf0][0x9b]g]Z[0x17]%[0xbf]6[0xa3]0[0x1a][0xaa]Y[0x5]"[0xaa]Yr[0x8c][0xd6][0xe6][0x99][0xcb][0xf3][0x16]`[0xce] [0xe6][0xb6][0xae][[0x2]X@[0xdc]r[0xf2][0x8b][0xa3]^Z[0xb][0xee][0xb9][0xc]5Q[0x14][0xb3]0/[0x4]^[0x1c][0xab][0x3]r|[0xc8]X[\n]"
DEBUG wire -  << "5[0x83]j~[0xad][0xb3][0x8][0xbf][0x81][0xc2][0xa9][0x86]|[0x0][0xda])[0xac][0xb0][0xf0][0xca][0xce][0x17][0xe5]G[0xe1][0xb8][0x89][0x92]/[0xa0][0xa7][0xc0]z[0xf]"[0xdf][0x8b][0xc]/eA7LG[0x86]#&q[0xb7][0xc3][0x9f][0xac][0xa6]r[0x13]2[0xab]eH?1{[0xca]|[0xde][0xa9]S![0x7][0x1c][0xcf][0x1e]r[0xad];u%[0x8b]J[0xb8][0xea]`[0xe6][0xfa][0xb8][0xc6][0xf3][0x9c][0xd1][0xcd][0x15][0xe]3i@[0x90]l[0xa8][0xe9][0xa2][0x9d][0xed][0xdd][0xf8][0xb6]I[0xee][0x88]0[0xf1]O[0x16][0xd8][0xa2]C[0xdf];,X[0x86][0xe5][0xa0]9Wk[0xad]wn[0xb8]gM8[0xa9][0xa9][0xe6][0x1b][0xca][0xce][0xd6]+9[0x9b]aH[0xa3][0xe1][0xd0]gK[0xaa](:[0x12][0xc4][0x93][0xc6]gj[0xf6][0x8a][0xbc][0x15][0xcc][0xcd][0xc]Pn[0xda][0xb][0xc6][0xc3][0x0][0x95][0x5]f^[0x99]$[0xcc][0xbd]p|[0x8][0xcf][0xfe][0xbb][0xa7][\r]|C[0xbb]l*g@[0x89][0xa9][0x93]D[0xe0]2[0xa6][0x11][0xfa]j*[0xab]D[0xb8]J[0x13]b[0xdc][0xd4][0x97]Tj.[0xa9][0xf5][0x1b]+[0xa5][0xae][0xdb]O#[0xe1]G[0xf7]%[0xe6][0xe6]j-^[0xad][0xad]![0xf3]LW[0x9d]2[0xd3][0xa7][0x8e]L5|[0x98]o[0xea]W[0xa3][0xef][0xf2][0xb1]X[0x17][0x94][0xb5][0x9]~[0xf7][0xc3]m[0x92][0xc]m[0xda][0xb0][0xda][0xfa][0xa6][0xa5][0xef][0xb5]u[0x88]m7[0x9b]z[0x9b]l@[0x9e][0x5][0xff][0xc][0x4][0xaa][0x82]t[0x10][0x2]s[0xb7][0xea]1t[0xc4][0x8c][0xb5]P[0x4][0xff][0xea]J3[0xc7][0xf][0xdd]K[0xc]4(zhYo[0x10][0x95][0xac][0xd4]^[0x96]^[0xa3][0xb6][0xea][0x14][0xd6]cD[0xfb][[0x7]T[0x8d]l[0xd7][0xf9][0xec][0xff][0xa2][0x81][0xbd]jwr[0xb1];[0xb7][0xd8]E\[0xe4][0xd4][0xcd][0x86][0xf][0xf][0x1a]u[0x5]K[0xbe][0xd0]![0xfc]?u[0xcf][0xbe][0xd5]s"[0xf]Q%[0xdf][0xe9][0xef],t{[0xe7][0xce][0x4][0xc1][0xe8][0xdd]D[0x5][0xb0][0x8d]#[0xdc][0x82]!^[0x1d][0xc2][0x9b]b[0x88][0xb][0x98][0x8d][0xe9][0x18][0xc7][0x15][0x15]j[0x80]C[0xee].[0xaa][0x8][0x9c]I2[0xb6]juD[0xbd][0xe2][0xa9]T<SnU5[0x17]gA[0x8a][0xda]h:Mdz8J[0xa0][0xb][0x19][0xe8]![0x91][0x8c][0xc3][0x8][0x6][0xa3]PB[0x5][0xbf]I[0xac][0xc0][0xe9][0xe6][0xda]{[0x98]P[0x17][0xbf][0xb4]4p[0xf6][0x90]&[0xba][0xcf][0x6][0xb8][0x96]/[0xd6][0x89]x[0xb2]#[0x90][0xeb]@[0xc7][0xc5].[\r][0xa5][0xb9][0x9a]z[0x1a][0xe5][0xcf]M[0xfd]{[0x10][0xb9][0x1d][0xfc]O"R[0xcf][0xb2][0x99][0xf3][0xe9][0x94]X[0xa7][0xb5][0xd4][0x11][0xa3][0xcf][0x5][0x96][0x95][0xe8]Yes[0xea]zP[0x1d][0xf][0xc1][0x9d]u[0x8f][0xd4]|e-[0x98][0xd0][0x10]d[0x1b][0xc5][0xba][0x89][0xfe]W>[0xe3]Q?[0xb3][0xe4]{f[0x14][0x1a][0x9c][0x89]o[0xcd][0x95])[0x9b][0xc2]D[0x95]9[0x18][0xfb][0xb8]a aL:[0x89]5[0xd5]-[0xaf]m[0x6][0xb][0x99][0xe7]M.mY[0x1e][\n]"
DEBUG wire -  << "[0x14][0xb5][0xc6][0xd2]B[0xf9][0xfc][0x1d][0xd6]fH[0xd5]Z[0x9c][0x18]yR[0x9a][0x12][0xc9][0xb8][0xac][0x8c][0xf1][0xc0][0xc3][0x85]yy[0xc7][0x8]o[0xff]I[0xe9][0xbb]n[0xb5][0xeb]6[0xb7]\6[0xd4][0xd5][0x90][0xdb][0xde][0xd5];{[0xba][0xb5][0xd1][0xd1]![0xba]i[0xff] [0x92][0x1b][0x9d][0x8d]M}kG[0xb7],H[0xb3][0xda][0xed][0x1f][0x9a][0xfb]d-[0x9b][0xe3][0x86]pE[0xd5][0x9c]![0xcc][0x82][0x95][0xdc][0xa6][0xbb][0x96][0xbb][0xbb][0xb9]O[0xf2][0x2][0x95]p[0xa7]Z~6[0xee][0xa9][0x8b]x[0x8a]X[0xc9],f[0x9]7C[0xcb][0xc9][0x16][0xfe]7[0x9f][0x96][0x19][0x4][0xf]#[0xa6][0x88]vm[0xc6]rH[[0x8f][0xa0][0xcc]52#[0x13]B[0x3][0x15]C[0xe1]5[0x11]k[0xda][0xa6][0xef]Wc[0x9e][0x8a][0xaf]|*M~[0xf5][0x83]`[0xb4][0xa9][0x93]Z[0xfb].[0xa0][0xa4][0xd4]([0x87][0x0] [0xeb][0x9d][0x1a][0x8]4[0xa1][0x19](s[0xa5][0x9]0[0x15]C[0x15]!_[0xc8][0x80][0xb5][0x2][0xa8][0xcc][0x16]t[0xd9][0xf][0x7]2[0xa9][0x9f][0xce][0x3]|[0x96]0[0x1e]G[0xa1]K[0x94][0xb][0xa2]f[0x94]J[0xf4][0xc8]H[0x1b]'8[0x8d]8[0xe2]i[0x5][0x93][0x8a][0xbe]}[0x9f][0xc2]X[0xa0]>W[0xdf]n[0xd2]([0x95]/#[0xe6]|[0x89][0xc6][0xa9]QG[0xb0][0x91][0xe5][0x92]g1[0x9d][0x88]E[0xdd][0xcf]b[0x9f]:L[0xce][0x8]V[0x80][0x15][0x7]g\[0xc5][0xc5],Y>)I[0xbe]k>[0xa1]\[\r][0xcd];[0xd2][0x11]b|[0x3][0xde][0xb9][0x94][0x84]257[0x8e][0x3]v[0x92][0x2]o[0x80][0x9b](Yy[0xc9][0x1a]h*[0xc1]+[0xcd][0x13]_k[0x8a]<P[0xb6]w[0xc][0xfd]Xe[0xc5][0x8a]"H[0x89][0xa7][0xae][0xb9]B[0xb4][0xaa][0xb9])[0xb5][0xf1]K[0xe3][0xa4][0xaf]zLr[0xbf][0xc8]:[0x1c][0xb5][0xe5]A[0xaa][0x12][0xb3]AZx[0x15][0x83]T[0xbe][0xff]Q[0xa3][0xbb][0x1c]P[0x14]\[0xcc][0xfa][0x1c][0x19]J[0xdc][0x11][0xb5]F[0x7][0x3][0x8f][0xae][0x5][0xae][0xd4]>[0xc9][0x93][0xa4][0xf3]QME[0x2][0xbb][0x1b][0x1b][0xa5]4A[0xa5]J[0xbc][0xff]S[0x9f][0xfd][0xa9][0xcf][0xfe][0xd4]g[0xff]v[0xfa][0xac]n,[0x95][0x87][0xd1][0xf4]S1n[0x85][0x92]]r[0x93][0xe0]Je [0x1f]4[0x1][0xcb]'I[0x90][0xe3]@[0xac]dxY6[0xa4][0x8c][0x1b][0xa5][0x9][0x80]Z[0xd9][0xa6][0x8e][0xdc]'[0x96][0x13][0xf8][0xc][0xfc]y[0x18][0x15]8C[0x4][0x8d][0xbb][0xf0][0xdc][0xff][0xee][0x15]J[0xf5]A[0xd9][0xc0]o[0xe9][0xce]^[0xce][0x91][0x88][0xba]rjf[0x2]+[0xbd]\ X[0x92]`[0xd1]9[0xc5]o[0xfb][0xb2]o[0xca][0xf9][0x95]2[0xa2]G3[0xdd][0xe5][\n]"
DEBUG wire -  << "G=[0xf2]Q[0x5]+[0xf5][0xd8]\[0x84]py[0xe1]Z[0x16]V[0xd8]\[[0xc1][0xff][0xb][0xfb][0xa5]>[0xfa]b(0[0xe6]]4@[0xf7]k[0xf9][0xa7][0xc]/[0x9c]~[0xca][0xd8][0x8b]o[0x9b]"[0x1a][0xc2][0xe9][0x12][0xa6]b[0x88],[0x8][0xe2][0x1][0xf5][0xfd]i [0x85][0x9b][0x90][0xf4]%[0xb0]S[0xa0][0x91]U*(s[0xc][0xa8][[0xa9]+[0x89])[0x80]aN[0xd4][0xce]_SE[0xa6]D[0x84][0x10][0x12]>_4[0xa6]b[0xb6][0xfc][0xbd]K6;[0xd0],[0xf1]5[0xe1]~m-#[\n]"
DEBUG wire -  << "X[0x16][0xa3]z[0x87][0x1e][0xf0]|[0x11][0xc8]A[0x14]*Zk[0xf0]4[0x9f]k[0xc5]E[0x2]L[0xee][0x12]P[0xdf][0x83][0x9e][0x14][\r]>[0xd9]iK[0xd4][0x80][0xf8]!kr[0xd5][0xd2])[0xb1]Q[0xad]v[0x89]e[0xdd][0x16]6\L[0xf5][0xb3][0xdc][0x9d][0xd9];[0x8b][0xc0][0xa9][0x88]~[0xd8]8[0xda][0x80][0xb0][0xb0]s[0xbc])~o[0x89][0xdf];[0xf0]{[0xe7]X[0x2][0xfc]t[0xee]S[0x1b][0xa0]6[0xb3][0x9c][0xe7][0xcf][0xda][0x1b][0xbb][0xfb] [0xbb]xL[0x80][0x8f]Kl ][0xfc]5p[0x9f][0x83][0xc8]][0xcd][0x1a];[0x9a]x[0xc6][0x80][0x86][0xce][0x4][0xa7][0xac][0xbe]k[0x1d]f[0x8e][0xc1][0xf0]Q[0xf8][0x1]O[0xbe][0xe0]N[0xe1]m][0xfd]6f[0xc9][0xc4][0xcc][0xde]+k[0xed]6[0xcc][0xed][0xc7][0xb4]@[0x9c]-[0x80]KJ[0xbf][0x8b]zH[0x1a]s[0x14][0xa7]Dd[0xb8][0xa5][0x85][0x8d]*M(%[0xbe][0xba][0xd5][0xbc][0x92][0x1d][0xc6][0xd8][0xfb]N[0x92][0x99][0xa0]'[0xa3][0x14][0xdb]/[0xc8][0x9d][0xa2][0xb5][0xcc]=[0xd3]2[0x1d][0xd0]=QPb[0xf4][0xe6][0xa3][0x19][0xcd]o[0xe0][0x9d][0xfa],I;[0xab][0xa3][0xfe][0x1a][0x98][0x1c]%[0xad][0x2]n[0xb9][0x96][0xbd][0x90][0xf0][0xfd][0xcd][0xc8][0xc6]*[0x8c]O[0xb9][0xbf][0xb0][0xb5][0xbe][0x8c]f[0xdc]![0xdc][0xaa][0xee].=q[0xbd][0xf4][0xe3][0xd9][0xeb][0xfa][0xfd][0x9c]ni?[0xe7][0xd9][0xf9][0xcb][0xc5][0xbb]3[0x1]8[0x89][0x1d]3[0x1e][0xc5]?C[0xd9][0xea][0xde][0xd1][0x1b][0xff]&[0xa0][0xa1]7[0x0][0xed]SW[![[0xd6][0xba][0xa8][0xa6][0xe2][0x2][0xf5]BAS[0x14]l[0x1d][0x92][0xd2][0xce][0xeb]!n[0x80][0xa1][0xa0]:[0xb][0xbb][0xae][0xff][0xe][0x16][0xe7][0x14][0xf][0x99] r[0x1b]dUHFQ[0x92][0xe2][0xeb]b[0xa6][0xfe][0x1c][0xf7]:[0xed][0xce]7m[0xd8][0xc5]N[0xf8])b[0x81][0xbd]l[0xab]k[0xd6]a[0x12][0xb6]e[0x99][0xed][0x96]x[0xfa]y[0x9c][0xf8]=,[0x2][0x9a][0xf5][0x87][0xce]+[0xf8][0xbf]\[0x10][0x12][0xf0][0xc][0x2][0xf8][0xb3]t[0xf3][0xae][0x90]3`[0xd9][0xbf][0x88][0x1e][0xa9][0xe0]q[0x9c][0xd0][0xb4][0xa7]zjm[0xce][0xb6][0x9b][0x17][0xef]_~"[0xe6]T[0x85]g[0x1e][0xf6][0xdd][0xef][0xd0][0xf1].[0xbb][0xed]v[0xda][0xf8]s_[0x81][0xf3][0xb8]p6[\n]"
DEBUG wire -  << ")[0xf6][0xf0].[0x8a][0xa9][0xe3][0xa5][0x93]n[0xdb][0xdc][0xdd][0xa9][0x16][0xb0][0x87][0xe4]nff[0xef]Y{[0xd0][0x1e]XV[0x15]6[0x1d][0x8d][0x3][0x9b][0xd7][0xc1][0xcb][0xf5][0x99][0xf7][0x99][0xf1][0x9d][0x1e]!#mq~\Jn[0x9d][0xcb]g[0xa7][0xbc]8[0xf9][0xe5][0xf5];rr[0xb][0xce][0xf2][[0x96][0x82][0x7][0xcc][0xc9][0xf5][0x16]([0x84][0x1d][0xf2]1[0xf4]@;p[0xea][0x93][0xa3][0x90][0xfa][0x93][0x14][0xb3][0xa6]g[0xa6]0,[0x11][0xc8][0x12][0xc2]F[0xcb]CR[0xb2]=M[0x8d]|[0x9f][0x96][0xa7]s=[0xd2][0x87]z[0xa2]S=h[0xde]y[0x17][0xeb][0xbf][0x8][0xe3][0x9e]#}o_[0x81]3[0xb3]~[0xd9]K[0xf6][0xbd][0x8b][0xe4][0xb2][0x87][0xbf][0xbe]~-[0xec][0xf3]Z{[0xd2][0xc0]4[0xf3][0xb7][0x9e][0xfc][0xf3][0xf5][0xeb][0xc5]e[0xd3][0x8c][0xc7]|[0xd4][0xa0][0xc9]P[0xec][0xb4][0xe2][0xcd]{]d[0xfa]=[0xeb][0xc7][0x90][0xdd][0x90][0x97] j[0x8d][0xe6]>[0xed][0xf1][0xca]N[0xc7][0x8][0xd7][0x14][0x4][0x90]\[0xbb]2[0xc2][0xad][0x93][0xfb][0xd4][0xa4]|[0x12]:=[0xb][0x9e]p?[0xe6]p?0[0xe5]\[0xf9][0xbb][0xc8]e&[0xae][0x80]N[0xd2][0x17]b[0xa5]o[0x3][0x1b][0xb5]v[0xdf][0x9c][0xd9][0xfa][0xb5].9[0xb1][0xae][0xaf][0x17][0xf]-[0x90]~[0x8d]A[0xb3][0xb6][0xb][0xce]M[0xdf][0xae]8[0xc0][0xf][0xe9]zs[0x1f]ziH[0x1b][0xeb][0x92][0xf6]u[0x9d][0xac]<2,[0xab][0xbd][0xb9][0xb3][0xb5][0xb1]a[0x19][0x16][0xa6][0xe0]R[0xed])$[0x7][0x85][0x8f][0xa9][0xe8][0xda]ap[0x85]9[0x95]C[0x9]N[0xde][0xbd],wtm[0xf]c/[0xb6][0xe4][0xe1]Jk[0x7][0x18][0xbc][0x12][0xf1][0xd9][0xb9][0xa7][0x95][0x9d][0xc6]la[0x8e][0x8][0xd5]E[0x96][0xe7][0x1a][0xa0][0x90][0x8][0x1a](a&[\r]<[0x1c][0x81]L'[0x18][0x94][0xf7][0xeb]S<[0xb9]!+/[0xe]Y[0x82][0xa0]*[0xab]$[0x8b][0x6]I[0x86]_[0x9e][0xa8][0xa4]|Q[0x5][0xa4][0xde][0xe4][0xf6]z[0xc8][0xc5]%5*K}[0xbe][0xa9][0xac][0x1e]R[0xaf][0x3][0xef][0x16][0x2][0xe]p[[0xc1][0xc4]J?[0x14]W=[0xb1][0x1c][0x1c][0xa2][0x84][0xe2][0x87][0x91][0xc][0x89][0xc0]\[0x1b][0xd4][0xe6]*D[0x92]@[0x9]Q[0xcc][0x96][0x8e]:[0xf2]%[0xb]{[0x15][0x96][0x3]Z[0xc1]`[0x3][0x19]K[0x94][0xa2][0xa6][0xea][0xd8][0x89][0x7]9[0xb3][0xbc]`HP[0xa8][0xe7][0xab][0xda][0xcc][0xbf][0x18][0xc7][0xb8]1[0x93][0xb7]:mk[0xa7]e[0xb5][N[0x12][0x1][0xc9][0xae][0xa1][0x80][0xf1][0xd0][0x1][0x2]z[0xfd][0x1]U[0x1f][0xb4][0xa8][0xe4][0x5]8![0xd7][0x19][0xdf]j9[0xa7]>A[0x95][0xb9][0x3][0x90]2J$[0xa5][0xa5][0x3][0xb5]E5[0xe2][0xd2]4[0xfb][0x94][0x85][0xdd][0xe5][0xfb]4[0xe6]y2([0xc][0xf0][0xff][0xb5]g[0x18]L[0xe1]R,o([0xcf][0xfc]P[0xdd][0x80]_[0xbf]3[0xb4][0x18]c[0xe2]*v$[0x1f][0xd3][0xff]0[0x10][0xe]Qj[0xe8]O[0xb4][0xc3][0xf][0x82]h[0xf2].'[0xab]P[0xe4][0xa0]%[[0x9d]u[0xe3][0x94][0x93][0xf9][0xa3]`'[0x9e][\r]Vm[0xdc]Tv%32y[0xcf][0x99]sx0[0xf6]eI[0xc][0xa6][0xd5][0xc4][0x80][0xf8][0x12]Ydr>L[0xe8]5[0x94][0xf0][0xbd]i[0x9][0xc][0xbf][0x8d][0xce]v[0xe][0x9c]'[0x92]i6v[0x9d]P[0x4]}|*dDB[0xff][0xcb]9[0xbf]i*[0xae]^'%[0xe4][0x87]0H[0x94][0xac][0xff][0x1a][0x5][0xd5][0x83][0xd8][0xaa][0x83][0xe3][0x10]aP[0xee][0xe]Z[0xbe]'\[0x91]*[0xb9][0xed][0xdd][0xe5][0xf4]JM6K[0xac]JW[0xeb]$[0xe4][0xd6];0[0xd5][0xa0]T H.[0xa5][0xaa]o[0xc0][0x85][0x86]A[0xc0].[0x16]tB:)[0x91]C[0xb2][0xe5][0x86][0xc5][0xa6]~[0x88]"[0x9f]gm}[0x96]S[0x9c][0xaf]LTR([0xe0]HI[0xae][0x1c][0xa8]Z[0xce][0xaf][0x1][0xc2][0x99][0x8c]\ [0xf3]?0FQ[0xe][0x92][0x8][0xeb]-u~i[0x1d][0xa4]:[0x17][0xaf][0xca]Nkc[0x95][0xdd][0x8f][0xe8][\n]"
DEBUG wire -  << "\xq[0x9a]D[[0xd2][0xe5]6[0x9e][0x90][0xc4][0xa0][0xe7]%[0xf0][0xb4][0xef]k[0xa9][0xdd]\[0xa9][0xb0][0xce][0xe9]Sk3[0xef][0xd3][0xfc]AL[0x85][\n]"
DEBUG wire -  << "6[0x16][0x9a]w[0xf2]":][0xd2]:fGqk~[0xff][0xb][0x14][0x8f][0xee][0xff]'[0xf][0x15][0x80]:[0x9e]n[0xee][0xad]T[0x2][0x0]][0x95]E[0xe4][0xef][0xcc]&[0xaf][0xd1]d[0xf][0xa8][0xb3]X[0x1c][0xba][0xbb][0xed][0xdd]vK[0x94]2[0xa0][0xd4]Gp[0xd9][0xf2][0x82][0xb8][0x11]Z[0x98]81[0xe9]~[0xc5][0x7][0x19][0xfb]J[0xe8][0x8b][0x2][0xd4][0x1a][0xe3]1[0x95]s[0xa5][0xa9][0xbd][0x2]i*i[\r][0x81][0x0][0x93][0xfb][0xf9]SVU'[0x83][0xec]O[0xf3]K[0xa4][0x10][0xb9]l[0xac]<|^[0xbd]}[0xc8]Y[0x85][0xe2][0xcc][0xca][0x85][0x3]g[0xfb]!Z[0xf3][0xe1][0x9d][0x8c][0xe8][\n]"
DEBUG wire -  << "t[0x1e]o.9[0x82]i[0x13]h<[0xde]\H[0xe1][0xae][0xb5][0xb5]J[\n]"
DEBUG wire -  << "[0x11]][0x91][0xc2][0x11]K[0xc0]4[0xc6][0xde][0x12]B30[0xa4]7{^H[0xf6][0xd6][0xa6][0xb5]J[0xb2][0x11]][0x81][0xec][0xb7][0xaf]_[0x1e]-[0xa6]8[0xf0]\j[0x4][0xe0],{[0xb1][0x98]{[0xe6][0xa9][0xb0]g`[0xd5]\C[0xb8]N4[0x4][0xaf][0x0][0xcc][0x1b][0xb4][0x8][0xb1]-l[0xcc][0xe6]*[0x6]D[0x19]][0xb1]1[0x91][0xed][0x1d][0xd3]%[0xcd][0x1][0x18][0x87]"[0xad][0x2]x1[0xb5][0x9d][0x9d][0x95]R[0xb][0xe8][\n]"
DEBUG wire -  << "[0xd4][0x9e][0xff][0xf3][0x16][0x93][0xca]7[0x80]L[0x80]ZH[0xe3][0xce][0xf6]JiDtE[0x1a][0xa5][0xb7].u[0x9f][0xfc]lFN)[0x1e][0x19][0x18][0xe2][0xc9][0x87]d[0xb9][0xf8]p[0x89][0x1][0x4]'[0xc7][0x0]uJ[0xc][0xd8][0xbc][0x7]TPp[0xd6][\n]"
DEBUG wire -  << "[0xea][0xb6][0x8e][0x15][0xab][0xe5]D[0x91][0x11][0xe0]9 [0x10]_[0xdc][0xd8]XAA[0xc3][0xb2][0x2][0x8b]<Mk[0xb5][0xae][0x91]Uv[0x8d]^[0xaa][0x19][0x87]%4g[0x13][0x13]Ht^d[0xa1][0xbc][0xb5][0xd2]1[0x8c][0xe8][0x8a]z[0x14]C[0xf];J[0xe4]Q[0x9e][0xcb][0xe][0xde]+[0xc2][0xa2]F-%,f[0xfd]J[0x1b][0x81][0xe8]J[0x8d][0x8]S[0x10]f[0xf2]qi[0x3][0x4][0x9c]1[0x96][0xc4]g[0x85]*[0x2]/[0xe3][0xb8]J[0x94]|[0xd0][0xc2][0x1d]OYp'f[0xf0][0xc0][0x1b][0xcb][0x8e][0xfe][0xc1][0x3]s[0xb4][0xbc][0xa0][0x9c][0xb6]a[0x9][0xe0][0xcb]"A[0x15][0xca][0xe5]<[0xb0]#[0x9c][0x1]QS0j[0x1a][0xa5][0xf0][0x85][0x92][0x14][0xbf]P[0xaa][0x90][0x19][0x2][0x18]x[0xa1][0xb7]=M[0xf9][0x15][0xe4]p[0xce]|H19[0x89]n[0xb4][\n]"
DEBUG wire -  << "[0x9c]o[0x4][0xae]a[0xb5][0x89]z[0x8a][0x6][0x3][0xe][0xee][0xa9]E[0xc4]Nv9[0x11][0x3]EF[0xd6]t[0x96]g[0xfa]I[0x94]d[0xae][0xc9][0xc8]R[0xcd]-[0xfd].[0xd4]SZ[0x94][0xaa]e[0x1c][0x9b]]s<N[0xfc][0xc6]7[0xcf][0x80]d[0x87][0xcc][0x1a][0xf9][0xb9][0xb0][0xc6][0x87][0xb7][0x86][0xfa]&k[0xfc][0xc7]8d[0x6][0x82][0x1a][0x16]N[0x8e]4[0xf7][0xb5][0xb9]T[0x8a]o[0xb9]D[0xc4][0xe9][0x9][0xf5]p[0xed][0xb8][0x96]wr[0xd6]U[0xf9][0xc4][0xd9]LVe[0xe]j[\r][0xc][0x86][0xa2]Av:[0x14]BG1[0xef][0xf5][0xec]c[0xb1][0xfa]+[0xce][0xe][0x98]A*z[0xac]v[0xc2]Kt[0xd7][0xae][0x94][0x93]l[0xa7][\r]F[0x15][0xa4][0xd2][0x95][0x9d]l[0x16]%><[0xb0]U[0xd9][0x87][0x1e][0xf1][0xbb][0xba]#~e[0x9d][0xe9]LK[0xe5][0xf7]([0xcc][0xb][0xa8]8[0x8c][0x82]d[0xd3][0xe7][0x14][0x98][0xe3]1[0xc1][0x83][0x17][0xa7]o[0xdf][0x11][0xfc][0xbc][\r]U'L[0xae][0xe]GT[0xb8][0x1e][0x84]P[0x9f]G[0xd3][0xfa]3P[0x9d][0x9c][0x83][0x1b][0xe8][0xe2][0x1e][0xab][0xac][0x8b]^zt[0x98][0xd0]@p[0xa1][0x9a][0x6][0x8d][0xc0][0x89]wJ[0x12][0x86][0x87][0xa8][0x3][0xe9][0x92][0xbc][0xbc]?[0xcd][0x83]V[0xc][0xda])>[0xfc][0x9b][0xc7][0xbd]4[0xaf][0xfd][0x9f][0xff][0x0][0x9d]ZR[0xa0]t[0xcc]S[0xe8][3[0x82][0xee][0xa2][0xb6][0xf8][0xc4][0x18][0xf3] [0xb][0xdb]d[0xb4][0xe2][0x85][0x83]H[0x93]_[0x97][0xc2]h[0x0]&[0x1][0x5][0xf8][0x6]"8[0x14]T[0xd4][0xad][0xff][0xfc][0x7][0x12][0x84]g[0x11][0x10][0x84][0xc5]O?[0xd8][0x5][0x19][\r][0x7][0x1e][0xb8]%>[0xc][0x9][0x18]}[0xa7][0xe2]$[0xa3][0xcc][0x9e]x[0x87][0x12]Fx![0xa0][0x9f][0xcf]<[0x7][0xf7][0x99]E[0xe4]8[0x1a][0x86]^[0xe8][0xe9][0xe4][0x95]O[0xaf]=|Op[0xdd][0x8][0xa6][0x1c][0x85][0x10][0xfc]Sr[0x1a][0xf9][0xe2][0xf5][0x5]MlP[0x9c][0xe4][0x8c]u+[0xad][0xc3]O[0x1][0xf8]][0xcc][0xe4]1[0x9e]g[0xca][0x92][0xec][0x4][0xe3][0x18][0x14][0x16]([0x19][0xd3]j[0xb7]w~[0xe8][0xbc][0xda][0xdb][0xd9]56[0x8c][\r]k[0xcf][0xd8][0xd8][0xdb][0x4][0x9d][0xb2][0xdd][0xdf][0x9d]i[0xed][0xcc][0x88]([\r][0xa4].[0x10]E[0x8e]b[0xe8]U[0xea][0x8c]P[0x2]^[0xe6]C[0xa9]0rPZ[0xab]x[0x98][0xb0]M&y[0x19][0x9][0x15]u[0x9e][0x89]2[0xd8].<[0xa9]p[0xc]hD[\r](i[0xa0][0xf0][0xb6][0xbb][0xc4][0xda][0xb1][0xc]ko3[0xb7][0xc3][0x87]gf[0x81][f[0x91]S[0xe7]&[0xf9][0x5]*C[0x9e][0x99]S~[0x99][0xc0]*[0xf3]A[0xac]R[0xaa].cU[0x8b][[0xed][0x9d][0xbd]m[0x3][0xc8]0[0xf6][0xb6][0x81]i[0x9d][0x7][0xb0][0xc9]g[0xb7][0x9e]j[0xfe][0xf3]g[0xbb][0x1d][0xcb][0xda]'G[0xe4]|[0xc2][0xc1][0xc8][0x83][0x10]8[0xe4][0x8d][0x87]~[0xaa]`[0xe5][0x99][0xf8][0x9c]"[0xd9]F[0xc9]y4Ho($K`@[0xc9][0x12][0x1c][0xe9]h[0x19]M)t[0xaf][0xa7][0xb2]F[0xb8][0x82][0x12][0xeb][0x1e]<[0x0]5[0xc1][0x5]&[0xe2][0x86][0x1][0xb3][0xe8][0xeb][0xce]X}[0xf9]|[0x90]5V([0xeb]<[0xb1]0[0x89]~0[0x88][0xa2]t[0xfa]eD[0xbd][0xc9]?[0x86][0xed][0x83][0xd9][0xcb]_[0xbc][0xe1][0x3]?hL[0xca][0x86]U[0x98]c[0xb9][0xa4][0xd7]PH[0xd5][0x80][0xac]L [0xab][0xcc][0xd2][0xc]R![0x8d][0xc4][0xb8][0xdd][0x5][0x97]y[0xd5]N#[0xef][0xae]vj[0xae]2[0x8f][0xbc]+=[0xb8]G[0xce][0x1d][0xef][0xae]t[0x8e][0x1][0xd1]-#[0xea][0x1b]c[0x8e][0xce][0xee]J[0xa3]$D[0xb7][0x8c][0xc2]o[0x8f]0vW[0x1a][0xd3]"[0xba]e4>"[0x94][0xe8][0xec][0xae]t[0xe6][0xb][0xd1]-[0xa7][0xf6]!qC[0xcd][0x88][0x8e]'b[0xd5][0xa4][0x1c]h[0xe2]Q[\r][0xee]_[0xc5] &_[0xc1][0x14][0x80]W[0x13][0xc5]`[0xfa][0xec][0x9][0x99]Q[0xba][0xf9]A[0x80][0xa8]pg[0xd4][0xe9][0x7][0xcc]}[\r][0xb9]HHIs[0xcd][0x9]a[0xe4][0xd8]/[0xad]R[0xcb][0xd7][\n]"
DEBUG wire -  << "T[0x8e]9^?l[0xfd]H[0xe][0x9e]^[0x1c][0xbf]<[0xfa]ptA~l[0xad][0xe1])[0xc6][0xf1]@[0x1c][0x9d][0xce]c[0x1a][0xe0][0xf1][0xe4][0xe2]<[0xc][0xad][0xab][0xbd]^[0xf][0xc8]h[0x1c][0xd0][0xf0][0xa9][0xa6]k[0xd7][0xd4][0x1f][0xe3][0x9][0xfe][0x3][0xdb]b[0x9d][0xce][0xce][0xde][0xc0][0x16][0x87][0x8d]cqzEo[0xfb][0xb2]O[0x4][0x1e]|/\@0[0xe7]hs[0xea][0x6]^[0xf8][0xb9]%[0xfe][0x18]X[0x4]W[0x1a]AEx[0x2]W[0x1f][0xfc][0x1b][0xf][0xcf]J[0xd7][0xce]Q[0xd9][0x9c][0xa9]{s[0xc8]+[0x8f][0xf9]."
DEBUG wire -  << "8s`-[0xf0][0x9a][0x1b][0x4]e[0xee]SM[0xd1][0x81][0xd7][0xeb]@o[0x8][0xf][0xff][0xf1]t@H[0x88][0xcb][0xb3][0xfb][0xb8]([0x80][0xfb][0xe0][0xc4][0xe1][0xad][0x4]:[0xc4][0x19]<[\n]"
DEBUG wire -  << "![0xfe][0xc3]+[\n]"
DEBUG wire -  << "d[0xb5]Gg[0xaf][0xfb][0xaf][0x8e][0xde][0x1d]z[0xf1][0xfe]?E[0xbd][0xd9][0x12]C[0xe4]%[0x86]I[0xaf][0xd0][0xb5][0xd5][0xba][0x3][0xf0][0x8][0x99][0xae][0xe1][0x99][0x89][0x95][0x14][0xb1][0x12][0x5][0xa1]GP[0xcd][0xfb][0xf0][0x18][0x97][0xd1][0xaa][0xdc]{[0xc8][0x8e][0xc6][0xce][0x8]s[0xb3][0xc3]_[0xb5]n[0x9a][0x8c][0xa1]\[0x10][0xa1]B[0x18][0x7][0xf2][0x1d] [0xd5][\n]"
DEBUG wire -  << "i[0xbc][0xd7]AP|>[0x2][0xe1][0x2][0x8e][0x82][0xcc][0x9e][0x8b][0xad][0x90]Z^[0x99][0xae][0x89][0xc5][0xba]x[0x8d][0x3]^y[0x4][0xcd][0x91][0x1f][0xe0] [0xc3][0xb3]vCqJ[0xbd]L[0x80][0xa7][0xd3][0xb3][0x93][0xbf][0xe1][0xe5][\r][0x9][0x18][0xee]h[0x8c][0x85][0xdf][0x9d][0xfc][0xe7][0x7]Hy[0x87]a[0x8f][0xae][0x9d][0xbe]9[0xfa][0xd4]?[0xff]pt[0x86]i[0xe0][0xdf]&)[0x11][0xf5]s[0xa8][0x9f]4N[0x9b]S[0x90][0xf7][0xa7][0x2]"[0x8a]g[0x0]^}|[0xf3][0xa6]~|vr[0xf2][0xe]@^[0x1][0xc9]Dn[0xdf]$[0x8d]W[0x98][0xff][0xe1][0xd7][0x8f]o_[0x9c]C[0xd6][0x7]l@[0x8]a[0x3]'[0x8d]_0[0xe7][0xf8][0xcd][0xfb][0xf3][0x13][0xc8][0x10]l#[0x8d][0x13][0xee]`[0xea][0xc9][0xd9][0xd9][0xfb]3[0x1][0xce]2[0xc1][0x0][0x1][0xca]v+84D[0x1][0xb2][0x19][0xf1][0xc5]Q[0xcb]&9[0xb0][0x93][0xcf][0xad]C[0x88][0x1c][0xf0]`}[0x92]&[0x13]B[0x87][0x18]R[0x8a][0xed][0x1a]&[0xc8]:[0xf0][0x17]Jc[0x1f] Kn[0xe2][0xfe][0x10][0x82]x[0x86][0x92]p[0xa7][0x89]}[0xcb][0x1e][0xb2]1[0xeb]4y;[0x80]:[0xec]_[0x16]R[0x9d][0xa4]n[0xd9][0xa8][0xcb][0x8a][0xdd][0xc1]l2[0xa4][0xa3][0xbb][0x4][0x9e][0xe][0xe6][0x1][0xc8][0x95]xX.[0xd8][0xaa][0xad][0x9f][0xb3]U[0x8d][0x9f]kV[0xc1]~VK[0x1c][0x1][0x8][0x11]C9fn[0xc9][0xfa]L[0xbc]C[0xc][0x1b].[0xc5]|[0xec][0x1d][0xc1]H[0xc8][0xe][0x88]~c[0xb5]C![0xec]at[0xc6][0xf8][0xd8]O9[0x8a]C[0x4][0xac][0x16]/[0xe0]"[0xe1]nL[0xe8][0x87](d[0x12][0x0][0xf2]-[0x95][0xad]rA[0xf1]22[0x8e]E[0xe0]#>[0xe8][0xd1][0x4]Bf[0xf2][0x85]MDt[0xa5]>[0xb7]3S[0x8c][0xba]p2[0xad][0xe7][0x7][0xb7]R[0xcf]7`BS[0x91][0x5])[0xa8][0xe3][0xd0][0xe4]p[0xf5]nfC[0x1a]8&[0xe6])[0xf2]V[0x82][0xfc][0x8c]Y[0xdf][0xf7] [0xfa][0xed][0xb3][[0x87]1W[0x94][0xfe][0x14][0x8d][0xc9][0x88]^3[0x82][0x13][0xaf]A[0x8c][0x12][0x6][0xd5][0x9]`[0xc][0xc3][0x8][0x92][0x8d]Z[0x8a]qSj6[0xa6]J[0xf3]>.#[0x97][0x8][0xb1]A[0x9c][0xa8]t[0x11][0xc1][0x5][0xf4][0xd6][0xb][0xc6][0x1][0x91]D[0x10][0xb1][0x2][0x1d][0x3][0xaf]4[0xbb][0x95][0xb][0xb1][0xfd][0xce][0x92][0xa8]oOR[0xb1][0xbf][0x82][0x9]I[0x87]\|[0xc6];[0xbb][0x90][0x1a][0x8][0xe1][0x8b][0xe2][0xc][0x2]?BQ[0x6][0x1e][0x84][0xe2][0x82]0QP[0xdd][0x1f]s[0xe][0xd1][0xc4]D[0x97]5[0x8][0x1c][0xc2][0xe4][0xaa][0xeb][0xc4]d[0xd8][0x8f][0xad]C*8s[0xc6][0x9][0xfa][0xf9][0x10][0x9d]q[0xc]A[0xf1]z[0x97]([0xed][0xd3][0xb0]/[0xa4][0xbe]J[\n]"
DEBUG wire -  << "b[0x80][0xf0][[0xe4][0xcd][0xa5][0x8]3[0xfb][0x1][0x83][0xd0]rRd[0xf0][[0x91]B[0xb2][0x94][0xba][0xe2]DL[0xad][0xa1][0x8b][0xe][0xf5]Mq[0xb9][0x1e](G[0x8e].H[0x11][0x9f] [0xc][0xfe][0xf7]q[0xd5][\n]"
DEBUG wire -  << "2[0x94][0x86]%[0x8e]#[0xab][0xe7][0xd1][0xa8][0x96]>[0xf5][0xc5][0xe5]o[0x80][0xb]BA[0xf1]H"G|?[0xc4][0xbd]a[0x2][0x99][0xec]6s[0xae].[0x1]q[0xf6]8[0xce];[0xf4]%d_[0x8e]e[0xd0]T`[0xd7]n([0xce][0xed][0xc0][0xd8][0x1d]x[0xc3]q[0xa2][0xa6]u[0xb0][0x9a][0x1c][0x9f][0xf2]aDU[0xf8][0x91][0x0][0xda]![0x8c][0x97][0x87][0xc7][0xf1][0xa6][0x91][0xa8]@![0xae][0x15][0xd8][0x80]B[0x84][0x1a][0xfa][0x93]L[0xbc][0xac][0x9c]s[0xa8]M[0xf2][0xe6][0xfd][0xfa][0xe1][0xc3][0xa9][0xaa]y[0x8a]p[0x0]zW [0xfa]([0xcb][0xca]w[0x4][0x80]`[0xa8]_[0x5]*0@f[0xc9][0xb9][0x96]L6[0xf2][0xdb][0xe4]~[0xb0][0xfe][0xc2]m[0x18][0xb0][0xd0][0x1a][0x5][0xc8][0x92][0x1f]:[0xe1][0x15][0xbc]b\[0xb9][0xdf]2\ [0xf][0xbf][0xbf][0x19][0xa2][0xba][0xc]3[0xb9][0x19][0x81]U[0x11][0xc7]K@[0x9f][0x80]:N[0x88][0xaa]\HO[0x94]s[0xe0][0xf5][0xfb]i[0xfb]3[0xa1][0xcf]3[0xcf][0xb3]Q[0x90][0x83][0x88][0xe1][0xed][0xe0]7>_6[0xff][0x15][0xd6]*[0x13]$[0x8f]T;[0xc0][0xac][0xe2][0xaa][0xaf])[0x17]U[0x82])[0xbd][0xe][0x14][0xe][0xc8]{[0xa9][0x9e][0xc0][0xec]$[0xe3][0xd0][0x19][0x9][0xf3][0xa2][0x1d]g[0xcf][0x9f][0xc7][0x9d]vg[[0x88]%[0xea]c[0xc4][0x16]D[0xd7]R[0x1][0x89]Y[0xa0][0x84][0xf2][0x11]b[0x94]w[0x15][0xe6][0xfc][0x7]8,j9?p[0xf1][0xd7][0x5][0x5][0xc6]U?bY%[0xbc][0x99]&[0xc4][0xa5][0xef][0xfd]l[0x8f][0x81][0xc2]"4[0xa2][0x90][0xd0]$x[0xcb][0x11][0xe3][0x11][0x8].0[0x92]p[0x8][0xef][0xce]i[0xea][0xb][0xdd][0xf6][0x89]q[0x9d][0xc8][0x4][0xe2][0xa1][0xb7] 9"3[0xdf]E[0xba][0xe2][0x90][0xcc][0xb]q:[0x4][0xd2][0xed][0xdd][0xad][\r][0xda][0xb1]][0xbb][0x3][0x89][0x8f][0xf3][0xe3]2][0xfe]0[0xa3]Y[0x8b][0xe5]gAVok[0xa7][0xd3][0xde][0xdd]j[0xdb][0xce][0x96]&.[0xbe][0xe0][0xa3]>[0xbf][0x19][0xf4][0x97]#-[0xdf][0xe2][0x93][0x11]4}2[0x5]2[0x13][0x90]I1J[0x85][0xb1][0xbf][0xb8][0x93][0xab][0x1b][0x91][0xbf][0x18]&[0x8][0xff][0x17]L[0x89][0xbc][0xa4]H)7[0xc8][0xfc]Q[0xbb][0x7]/N~h[0xa6][0x99][0xdb] [0xae][0x0][0x3][0x85][0xc0]h[0xd0][0xcf][0xda]/[0xd3]oh[0x12]J9x[0xab][0xc6]M[0x8][0xe][0x15][0xc][0x8b]h M[0x15][0xea]ug[0x84]~5[0x88]=Z[0xa9]L[0xe4][0xd1][0x95][0x12]#i[0x92][0x99]=5[0xa4][0xdc][0xd2]p[0x14] b[0x10][\n]"
DEBUG wire -  << "[0xf5]3[0xab][0x7]Q*[0xd1][0xbc][0xe4][0x88]?[0xcd][0xe0][0xa3]b[0x6][0x16]l[0x12][0xc6][0x14][0xb9]=[0xaa]Cu[0xff][0xa7][0xa0][0xfe])[0xa8][0xff][0xb6][0x82][0xba][0x82]8U[0xea][0xf7][0x80]q.}/U[0xf3][0xc0][0xbb][0x15][0x8d][0x14][0xd9][0xc2][0xb][0x16][0x9f]e[0xf0]V[0x99]z[0xe1][0xc5][0x8b]Zs[0x87][0x14]7[0xd4]H[0xae]dL[0xce][0xc][0xc2][0xcc][0xd5][0xb7]Zv[0xab]-[0x14]+[0xdc]q+[0xbd][0x1c]qw-d[0x94]/[0xb3][0x95][0xd3][0x9][0xea][0xde]ZY,[0xbf][0xb5][0x16][0x7][0xe5]Xn[0xb0]A[0x12][0x15]:[0xf4][0x89][0x80][0x1d][0xe0][0x1][0x10][0x8]i[0x84]_[0xe6]JOB[0xcc]K[0x8][0x1b]F}qC[\r][0x4]u[0xca][0xbc][0xd7][0xda][0xb0]#[0x8e]g[0x1a][0xe8]|l[0xcf]j/[0xf1]pC[0xe5][0xb7],[0xa5][0x99][0x84]/[0xa3][0xd6][0xb2][0x11][0xdc][0x98][0x99][0xdd][0x11]Jjt[0xdd][0x8c][0x82]+[0xb1][0xab]T[0x1a]Y[0x16][0xe3][0xe9][0x0][0xf9][0xb4][0x8c]j[0xf2][0xb1][0xac][0xf7][0x13][0xd6]{,[0xeb][0x5][0xbf][0xf2]H[0x1e][0x5]~*[0xa6][0xca][0xbd][0x84][0xa7]b[0x86]f[0xba]e[0xa8][0xdb][0xba];[0xbd][0xb9][0xb][0xbf]/[0xfd][0xba][0xf8][0xfa]-[0xfd]eO[0x9b][0xde]F[0xa4][0xe9]'[0xbd][0xda][0xab][0x8c]^[0xf5]j.Q[0xfa][0xa5][0xa7]U[0xef]O[0xd2][0xf4]_{[0x10][0xf6]~[0x80][0x18][0x1][0xa2][0xf1][0xfd][0xc2][0x8d]b[0xcd][0xbb][0xbf][0xbc]9za[0xca][0xb6]7[0x1e][0xb0]_[0xed]*[0xdb][0xd3][0x98]m [0x85][0xf0][0xbc]i[0xde]P/m4[0x1f][0x81][0xc6][0x8][0xbc]a[0x82]![0xab][0xbc][0xe2][0xef][0x1b]PV[0xf7]2[0xc6][0x1e][0xe2][0x91][0xdb]C[0xd5][0xfd]"X[0x9b][0xda]Q[0x82]s~[0x12][0xff]7#[0x9e][0xb7]+[0x15][0x90][0xdb][0x9e][0xf8][0xe][0xb]#[0xc8][0x15][0x1f]f[0x1e]VA[\r]3[0xc6][0x9e][0xb8]_[0xf1][0xf1]\[0xf8][0xce][\r][0xc0][0x8f]![0x1c][0xd4][0x1b][0x8b]=[0xe7][0xb][0xc4][0x15][0xdf]L~=FuM[0xc2][0x8a][0xb0][0x5][0xd1][0x98][0x7]g[0xeb][0x91][0x89][0xe9][0xbc]G64[0xf3]2[0x80][0xb2][[0xef][0x91][0x94][0xe5][0xb8]r[0xd7]e5[0xe8]@[0xd1][0xb8]>~u|[0xb4]D[0xd6][0xed]1[0xbe]*n[0x90]NA;I[0xf9][0xc1]q[0x14][0x85][0x8f][0x16]H[0x8e][0xb7]X[0xd8][0xfe][\n]"
DEBUG wire -  << "F[0xd3][0x1c][0xda][0xab][0x9c]^[0x15][0xde][0xd2][0x1e][0xf7][0x15][0xa3][0xc8][0xb6][0xee][0xef]c[0xbc][0xba][0xdd][0xd6]HX[0xec]O[0xbe][0x83][0xea]%[0x97]0]U[0xef]`Z[0x1]v[0xc0])[0x11]<Z[0xd6][0xe2][0x88]{bm[0xc8][0xaa][0x94][0x15][0x9e][0x4][0xf9](\[0xe8][0xd0]Y[0xd6]dU[0x4][0xd1][0xc2]d[0xf8][0xe3][0xb8][0xc5][0xc7][0xc3]![0xee]v[0x84]\[0xcf][0xb7][0xc4]E?[0xee]{[0xec][0xb0][0xb8]r[0xd8]f[0xd3]A[0xbd][0xff]k[0xa3][0xb0][0x93][0xd8][0x1b]4[0xc4][0x94][0xba][0xe6][0x85][0xc4][0x11][0xaf]O[0x9d][0x8b][0xf6]e[0xf3][0xee][0xd7][0xe9]Nb[0xd3][0xc1][0x9]Z[0xa6]w[0xb6][0xb2]+{[0xef][0x9d][0x1e]B[0x89]+T[0xe9][0xfc][0xcb][u[0xd6][0x13][0xdf]S[0xf6][0xa9])[0xaf][0xb4][0xec][0xd1][0x8b][0x93][0xcb]^[0xb9][0xfa][0x6][0xbd]xy[0xf9][0xfc]9[0xfe]~[0xda][0xeb]Mo[0xb0][0x9c]&[0xc9]PMk~[0xfd][0xca][0x9a]w[0xea]2Z[0xf9][0x9d][0xa6][0x8c]7[0x1c][0xfb][0xfe]>[0xeb]a[0xf4][0xb9][0xf][0x9e][0xe0][0xbd][0xda][0xab][0xfc]M[0xfd] .[0x99][0xc5]Cx[0xa6][0xdf]\y[0xa1];p[0xe9]U[0xe1][0xd2]f\;[0xb6][0xa1][0xed];[0xd5][\r][0xd0][0x8e])[0xfc]fq[0xd5]l[0xf3][0x1e][0xaf]?[0x86][0x86][0xda][0xd0][0x9c][0x9e] [0xf2][0xf9]s[0xfb][0xe2][0x17][0xe0][0xb1]H[0xd1][0xb2][0x89][0xbd]}Ll[0xbc][0xd2][0xdd]"[0x83][0xf0][0x12]O[0x9c][0x17],_[0x1f][\n]"
DEBUG wire -  << "@[0xba][0xe0]@s_[0xe2][0xc8][0xb9]v[0xaf][0xd2][0xef][0xef][0x9b][0xf2][0xfe][0xe5]l[\r]Bs[0xad][0xf5]#[0xb9][0xbc]<$?[0xb6][0xf2]][0xd0][0x7]-[0xdc][0xce],[0xb6]7[0xa7][0x81][0x8f][0xdb][0x9b]qW[0xf4][0xcb]IH[0x3][0xcf][0x91][0x1b][0x99][0xd5]q[\r]r[0xb2][0xb5]mZ[0xdb][0x9b]D[0x9e][0x19][0xc5][0xe5][0xfd][0xed][0xa2][0xc4][0xb1][0x8]x[0xaa][0x5][0xec][0x9][0xf9][0xfb][0xa9]q>[0x8e]A[0xb4][0x5][0x4][0xae][\r][0xec][0xb4][0xad]=[0xa3]m[0x19][0xd6]&[0xb1]v[0xba][[0xdb]]kK[0xdd][0x3][0x8f][0x88]8[0x2]C8[0x84][0xc0][0x90][0xfa][0xbf][0xf]A[0x7],[0x17][0x87][0x0][0x0]"
DEBUG RequestSpecificationImpl$RestAssuredHttpBuilder - Parsed data to instance of: class org.apache.http.conn.EofSensorInputStream
DEBUG RequestAddCookies - CookieSpec selected: default
DEBUG RequestAuthCache - Auth cache not set in the context
DEBUG PoolingHttpClientConnectionManager - Connection request: [route: {}->http://localhost:2064][total kept alive: 2; route allocated: 1 of 2000; total allocated: 2 of 2000]
DEBUG PoolingHttpClientConnectionManager - Connection leased: [id: 1][route: {}->http://localhost:2064][total kept alive: 1; route allocated: 1 of 2000; total allocated: 2 of 2000]
DEBUG MainClientExec - Stale connection check
DEBUG wire - http-outgoing-1 << "[read] I/O error: Read timed out"
DEBUG DefaultManagedHttpClientConnection - http-outgoing-1: set socket timeout to 10800000
DEBUG MainClientExec - Executing request GET /session/e9c2f5b492893b90288674161d6e7d46/element/0.01484094461664287-8/attribute/href HTTP/1.1
DEBUG MainClientExec - Target auth state: UNCHALLENGED
DEBUG MainClientExec - Proxy auth state: UNCHALLENGED
DEBUG headers - http-outgoing-1 >> GET /session/e9c2f5b492893b90288674161d6e7d46/element/0.01484094461664287-8/attribute/href HTTP/1.1
DEBUG headers - http-outgoing-1 >> Cache-Control: no-cache
DEBUG headers - http-outgoing-1 >> Host: localhost:2064
DEBUG headers - http-outgoing-1 >> Connection: Keep-Alive
DEBUG headers - http-outgoing-1 >> User-Agent: Apache-HttpClient/4.5.3 (Java/1.8.0_161)
DEBUG headers - http-outgoing-1 >> Accept-Encoding: gzip,deflate
DEBUG wire - http-outgoing-1 >> "GET /session/e9c2f5b492893b90288674161d6e7d46/element/0.01484094461664287-8/attribute/href HTTP/1.1[\r][\n]"
DEBUG wire - http-outgoing-1 >> "Cache-Control: no-cache[\r][\n]"
DEBUG wire - http-outgoing-1 >> "Host: localhost:2064[\r][\n]"
DEBUG wire - http-outgoing-1 >> "Connection: Keep-Alive[\r][\n]"
DEBUG wire - http-outgoing-1 >> "User-Agent: Apache-HttpClient/4.5.3 (Java/1.8.0_161)[\r][\n]"
DEBUG wire - http-outgoing-1 >> "Accept-Encoding: gzip,deflate[\r][\n]"
DEBUG wire - http-outgoing-1 >> "[\r][\n]"
DEBUG wire - http-outgoing-1 << "HTTP/1.1 200 OK[\r][\n]"
DEBUG wire - http-outgoing-1 << "Content-Length:95[\r][\n]"
DEBUG wire - http-outgoing-1 << "Content-Type:application/json; charset=utf-8[\r][\n]"
DEBUG wire - http-outgoing-1 << "[\r][\n]"
DEBUG wire - http-outgoing-1 << "{"sessionId":"e9c2f5b492893b90288674161d6e7d46","status":0,"value":"http://pros.unicam.it/c4/"}"
DEBUG headers - http-outgoing-1 << HTTP/1.1 200 OK
DEBUG headers - http-outgoing-1 << Content-Length:95
DEBUG headers - http-outgoing-1 << Content-Type:application/json; charset=utf-8
DEBUG MainClientExec - Connection can be kept alive indefinitely
DEBUG PoolingHttpClientConnectionManager - Connection [id: 1][route: {}->http://localhost:2064] can be kept alive indefinitely
DEBUG PoolingHttpClientConnectionManager - Connection released: [id: 1][route: {}->http://localhost:2064][total kept alive: 2; route allocated: 1 of 2000; total allocated: 2 of 2000]
DEBUG BasicClientConnectionManager - Get connection for route {}->http://pros.unicam.it:80
DEBUG DefaultClientConnectionOperator - Connecting to pros.unicam.it:80
DEBUG RequestAddCookies - CookieSpec selected: ignoreCookies
DEBUG RequestAuthCache - Auth cache not set in the context
DEBUG RequestTargetAuthentication - Target auth state: UNCHALLENGED
DEBUG RequestProxyAuthentication - Proxy auth state: UNCHALLENGED
DEBUG DefaultHttpClient - Attempt 1 to execute request
DEBUG DefaultClientConnection - Sending request: GET /c4/ HTTP/1.1
DEBUG wire -  >> "GET /c4/ HTTP/1.1[\r][\n]"
DEBUG wire -  >> "Accept: */*[\r][\n]"
DEBUG wire -  >> "Host: pros.unicam.it[\r][\n]"
DEBUG wire -  >> "Connection: Keep-Alive[\r][\n]"
DEBUG wire -  >> "User-Agent: Apache-HttpClient/4.5.3 (Java/1.8.0_161)[\r][\n]"
DEBUG wire -  >> "Accept-Encoding: gzip,deflate[\r][\n]"
DEBUG wire -  >> "[\r][\n]"
DEBUG headers - >> GET /c4/ HTTP/1.1
DEBUG headers - >> Accept: */*
DEBUG headers - >> Host: pros.unicam.it
DEBUG headers - >> Connection: Keep-Alive
DEBUG headers - >> User-Agent: Apache-HttpClient/4.5.3 (Java/1.8.0_161)
DEBUG headers - >> Accept-Encoding: gzip,deflate
DEBUG wire -  << "HTTP/1.1 200 OK[\r][\n]"
DEBUG wire -  << "Date: Mon, 14 Jan 2019 17:23:54 GMT[\r][\n]"
DEBUG wire -  << "Server: Apache/2.4.18 (Ubuntu)[\r][\n]"
DEBUG wire -  << "Vary: Accept-Encoding,Cookie[\r][\n]"
DEBUG wire -  << "Cache-Control: max-age=3, must-revalidate[\r][\n]"
DEBUG wire -  << "Content-Encoding: gzip[\r][\n]"
DEBUG wire -  << "Content-Length: 10651[\r][\n]"
DEBUG wire -  << "Keep-Alive: timeout=5, max=100[\r][\n]"
DEBUG wire -  << "Connection: Keep-Alive[\r][\n]"
DEBUG wire -  << "Content-Type: text/html; charset=UTF-8[\r][\n]"
DEBUG wire -  << "[\r][\n]"
DEBUG DefaultClientConnection - Receiving response: HTTP/1.1 200 OK
DEBUG headers - << HTTP/1.1 200 OK
DEBUG headers - << Date: Mon, 14 Jan 2019 17:23:54 GMT
DEBUG headers - << Server: Apache/2.4.18 (Ubuntu)
DEBUG headers - << Vary: Accept-Encoding,Cookie
DEBUG headers - << Cache-Control: max-age=3, must-revalidate
DEBUG headers - << Content-Encoding: gzip
DEBUG headers - << Content-Length: 10651
DEBUG headers - << Keep-Alive: timeout=5, max=100
DEBUG headers - << Connection: Keep-Alive
DEBUG headers - << Content-Type: text/html; charset=UTF-8
DEBUG DefaultHttpClient - Connection can be kept alive for 5000 MILLISECONDS
DEBUG RequestSpecificationImpl$RestAssuredHttpBuilder - Parsing response as: text/html; charset=UTF-8
DEBUG wire -  << "[0x1f][0x8b][0x8][0x0][0x0][0x0][0x0][0x0][0x0][0x3][0xed]}[0xd9]v[0xdb]H[0x92][0xe8][0xb3][0xfd][0x15]i[0xb8][0xcb]"[0xbb][0x0]p[0x11][0xb5]X2[0xe5][0x96][0xb5][0x94]=c[:[0x92][0xdc]=5[0xb6][0x9a]'[0x9]$I[0xc8][0xd8][\n]"
DEBUG wire -  << "[0x0]E[0xb1]l[0xfd]K[0xbd][0xde][0xe7][0xfb][0x7][0xf5]e7"2[0x1][0x2]$(J"[0xab]g[0xfa][0x9e]R[0xb9]H"[0x97][0xc8][0xc8][0x88][0xc8]Xr[0xc3][0xab]g[0x87]'[0x7][0x17]?[0x9f][0x1e][0xb1]A[0xe2][0xb9]{O_[0xe1][0x17]s[0xb9][0xdf]ok[0xc2]7>[0x9d]k,[0x8c]D[0xcf][0xb9]ikA[0x7][\n]"
DEBUG wire -  << "%[0xe1]N[0xad][0x16][0xf4]C[0xd3][0x13]5?~[0xae][0xed]=[0x85]:[0x82][0xdb]{O[0x9f][0xbc][0xf2]D[0xc2][0x99]5[0xe0]Q,[0x92][0xf6][0xda][0xa7][0x8b]cc{-K[0xf7][0xb9]'[0xda][0xda][0xb5]#Fa[0x10]%[0x1a][0xb3][0x2]?[0x11]~[0xd2][0xd6]F[0x8e][0x9d][0xc][0xda][0xb6][0xb8]v,a[0xd0][0x83][0xce][0x1c][0xdf]I[0x1c][0xee][0x1a][0xb1][0xc5]][0xd1]nh[0x8][0xc5]u[0xfc][0xaf],[0x12]n[[0xb][0xa3][0xa0][0xe7][0xb8]Bc[0x3]@[0xad][0xad])[0xa4][0xfa]^[0xd8]7[0x83][0xa8]_[0xbb][0xe9][0xf9][0xb5][0x6][0xd5]y[0xf2]*q[0x12]W[0xec][0x1d][0xb4][0x98][0xc1]N[0xcf]N[0xce][0xf1][0xc3][0x12]q,b[0xc6]}[0x9b][0x9d][0x8b][0x8][[0x8d][0xd9]{[0xde]}U[0x93]e[0x9f][0xb2][0xdc][0xdf][0xab][0xd8][0x8a][0x9c]0a[0xc9]8[0x4][0xe4][0x13]q[0x93][0xd4][0xae][0xf8]5[0x97][0xa9][0x1a]sl@?[0x1c][0xf6][0xc]$[0xd8][0x90][0xf7][0x85][0xa1]r[0x8a]P[0xf0][0xef][0x9a]GLDQ[0x10]u[0xe2]$[0xea][0x4][0xdd]+[0xd6]f[0xdf]fJ[0xe1][0xdf]Z$~[0x19]:[0x91][0xb0][0xd7][0xd8][0xe][sb[0x96]=[0xeb][0xe5][0xe5]='[0xf6]xb[\r][0xa8][0xbc][0x1d]@w[0xfc] a2iN[0x95]k[0xee]:6O[0x9c][0xc0]O[0x1b][0xc1]*[0x94][0xba]6S[0xe3][0xb6]H[0x92][0x9a][0xec]c[0xb1][0x8b]O_=3[0xc]v1[0x0]H[0xb1][0x93][0x8][0x6][0xdf]A[0x98]8[0x9e][0xf3][0xab][0xb0][0xd9][0xc8]I[0x6],[0x19][0x8][0xf6]s[0xc0][0xe3][0x84][0x9d][0x1f][0x9d][0xb0][0xd0][0x1d][0xf6][0x1d][0x9f]][0xbf]4[0x91]5[0xc8][0xc1][0x18]X8[0xc6]|[0xd3][\n]"
DEBUG wire -  << "[0xbc][0xda]([0x88]l[0x10][0xbc]8[0xae][0xc9][0x92]q-[0x16]A[0x8d][0x19][0x6][0x88][0xe8]D[0x10],[0xee][0x7][0xbe][0x3]22%[\n]"
DEBUG wire -  << "  [0xb1]9[0xc4][0x1c][0xcf]t[0x92][0x9a][0xd5][0xaa]i[0xac][0x6]5I[0x10]!3[0x14]Q2&[0x89]v[0x3][0x94][0xb0][0x9c]4[\n]"
DEBUG wire -  << "[0xbf][0x83]B_^[0x1a][0xc5] W[0x96]G[0x89]ca[0xed]9[0xa5]Q[0x9e]r[0xc5][0xef]#[0x85][0xf3]`[0xd9]BR[0x1d]8V[0x84]xqr[0xf2][0x9e][0xbd]x[0xbe][0xdd]l4v[0xd9][0xc1][0xc9][0xfb][0xf7][0xfb]oN[0xce][0xf6]/[0xde][0x9d]|d?g[0x7]oO[0xce][0x8e]N~:[0xdb]?}[0xfb]3[0xe4]~<>9[0xfb][0xb0][0xff][0xf1][0xe0][0x8]2[0x8e][0xe][0xfe][0xf3][0xdd][0xc7][0x9f][0xd8][0xbb][0x8f][0xec][0xcd][0xe9][0x87][0x8f][0xac]i[0xd6][0xcf][0x8e][0x8e][0x8f][0xce][0x8e]0[0xf7]t[0xff][0xf4][0xe8][0xec][0x9c][0x1d][0xbb][0xfc][0xda][0x9][0xd8]A[0x10]E[0xdc][0x86]![0xa9][0xb3]}[0xdf][0x8e][0x4]g[0x1f][0x82][0xc8][0xb1][0x6]"Ix[0x96]t[0x1a][0xb8]T[0xe2][\r][0x8f][0xba]<[0xe2][0xec]L[0xe8][0xec]8[0xe2]>[0xf4][0xcb][\n]"
DEBUG wire -  << "[0xd8][0x85]#~[0xfd][0xd5]1[0xff][0xed] p][0xde][\r]"[0x92]=v[0x1d][0xb3][0x83]A[0x10][0x89][0xa0][0x1f][0xf1]p0[0x86][0x96][0xfc]^[0x10]yX[0xb]T@[0x86][0xd8][0xe][0xeb]E[0x81][0x7][0xd2]%[0x82]h[0xcc][0x92][0x80][0x9d]F[0xdc][0x2][0xd2][0xb][0x0][0xf8][0xfb]o[0xcd]&[0xd0][0xf0][0xdd][0xd1][0xd1][0x11];[0x2][0xb2]Da[0xe4][0xc4][0x82][0x1d]:0[0xcc][0x9c][0xee]0[0x1][0xf1];[0xe9]^[0x9]+[0x1][0xe0]^8L[0x1c][0xbf]O[0xcd][0x88]H`+[0x95]#[0xd0][0xac]YolWuv[0x9e][0x4][0xd6][0xd7]A[0xe0]z[0xf0]s$l[0xe1][0xeb][0xec][0xc4]JL[0xd6][0xd8]4[0x1a]/u*[0xb5][0xcb]~[0xff]?[0xf4][0x83]Z4[0xd9][0xe7][0xd3][0xc3][0xe3]K[0xc4][0x8c][0xbd][0x18][0x8][0xd7]u[0xc2][0xdd]y[0x1c][0x1c]Fn[0x8e]s[0xf][0x16]T[0x1c]U[0x1d][0xd4][0xa1]9 [0x8f][0x94]%[0xc7][0x3]M[0xb5][0x10][0x97]Qh[0xa8][0x12][0xb5]a[0xe8][0x6][0xdc][0x8e]k[0xd8][0xef]Z}[0xa3][0xf6][0xab][0x13][0x1a][0xe]d[0x9a][0xa1][0xdf][0xcf]5"5|[0x2][0xa3][0x1d][0xd8][0xb0]c[0xf1][0xc8][0xce]5[0x12][0xf]=[0x8f]G[0xe3][0xb9][0xc5][0xff][0x14][0xf0][0xff][0xed][0x2][0xfe]9[0x95][0xf0][0xcb][0xb9]L\R[0xe3][0x15][0x81][0xfd][0x1]b[0x9a][0xb7][0xe6]k<[0xc]][0x80][0x82]|[0xaa][0xb9][0xf6][0x8f]W1[0x18][0xc3][0xbd]o[0xda][0xdf][0x8][0xdc]M[0xa2][0xed]h[0xa9]Y[0x8a]A[0x14]<[0x8e][0xbe][0x85][0xa6]k##[0xb0][0xa3][0x9d]D}[0xee];[0xbf]R}H[0xc6][0xe1][0xbd]3[0x7]G[0xc8][0x8e][0xa1]k[0xfb][0xb1][0xb6][0xf3]9[0x3]:[0x1a][0x8d][0xcc]q0L[0x86]]A[0x16][0xf][0xfc]&[0xdf][0x17]n[0xed][0xd3]A[0xe7][0xe0][0x97][0x9b][0xf][0xc9]a/[0xfa][0xe9][0xbf]G'[0xfd][0xff][0xfe][0xa5][0xdb][0xad][0x83][0x0]i[0x97][0xd0][0xb6]c[0xcf]m[0xe4]yPD[0x88]t[0xc5][0xce]B[0x1d][0xa1]kn[0xd0][0xf][0xa0][0xa0]v;[0xb1][0xec]d[0xcc]k3[0xe6][0xda]$[0xfb][0x9b]3[0xc0]k[0xb6][0x1f][0x1b][0xe8][0x1f][\n]"
DEBUG wire -  << "r?[0xc8][0x6][0xaf][0xd5]j[0x1e][0xbf][0xb1]l[0xdf][0xec][0x6]A[0x2]B[0xca]C|[0x80].[0xae][0x11][0xf][0x16]U[0xee][0x1][0xf9]c[0xb3][0x1f][0x4]}W[0xf0][0xd0][0x89][0xef]_36G[0xc8][0xa3][0xa9][0xc2][0x1a]wA[0x9a]|[0x9e][0x80],I7.[0xcf][0xf8]([0x8e][0xbc][0xf1]@3[0x93][0xe8].T[0xa9][0xec]E[0xc4][0x19][0x6][0xbb][0xec]X[0x8][0xfb]n[0xa7][0xa3][0x7]%[0x94]6[0xff][0x83]q[0x81]q[0xef][0x81][0xfc][0xc7][0xf7]@[0xca]REs[0xd8][0x81][0x93]|[0xa7][0x93][0x8b]%[0x9e][0x8c][0x1c][0xdf][0xe]Ffg[0x14][\n]"
DEBUG wire -  << "/[0xb8]r[0xce]A3[0x82][0x9e][0x89][0xd1][0x87][0xd5][0xba]<[0x16][0x9f]2[0xe9][0x8f]w[0xbe][0xd4][0xbe][0xa4][0xac][0xf8]R[0xa3]A[0x1c][0x81][0x86]#[0xf1][0xa5]F[0x95][0xbf][0x80]s[0xfe][0xa5][0xb6][0xd5][0xbc][0xd9]j~[0xc1][0xa1]![0xc7][0x1a][\r]R[0x18]'[0xd7][0xfd][0x87][0xc3][0x82]J[0x4][0x9][0xbe][0x8f]$0[0xf8][0x85][0xcf][0xc1]0[0xb2]`[0x10]|[0xd3]`L[0x3][0x91][0xa9]J:[0x80][0x10]t[0x91]:_P[0x99]8[0xbe][0xe5][0xe]ml[0xe6]*[0xa6][0x4][0xaa]d[0x0][0xf7][0x4][0xf4][0xd3][0xf4]`[0x14]\[0xc5][0xaf][0xaf]E[0xd4][0xde]0[0xeb]fS[0xbb][0xbd][0xdd]E[0x2]=[0xeb][\r]}[0xb][0xb9]X[0xe1]zW[0xb7][0xaa][0xdf][0xd2]gfcJ[0xf5][0x1b][0xfa][0xff]V[0xfb][0x1c]t[0xb6][0xdf]7Q[0xdb][0x1f]@[0x9c]t[0x10][0xd8]b[0xd7]5[0xc1][0x87][0xe4][0xd1][0x19][0xa8][0xf0]J][0xaf][0xeb]_M[0x19][0x4]}5[0x7][0xc2][0xe9][0xf][0x92][0xaa][0xee][0x9a][0x10][0xee][0xb8][0x17]@[0xa8][0x8a]e[0xa2][0xc4][0x8c]+[0x9]x[0xda]:[0xaf]B[0xf1]zu[0x17]a[0xdb][0xed][0xaf]f[0x12][0x1c][0xf2][0x84]:{_[0xa9].[0x1][0xb5][0x9b][0x83]*[0xa6][0xa0]F"[0x19]F[0xd0][0xa7]v[0xbb]-n[0xb3].[0x8a][\n]"
DEBUG wire -  << "[0x97][0x1d][0xec][0xee]:[0xbd][0xca]3[0xf7][0xfb][0xf7]g[0x13][0xe0]UY[0xe7]Yc7[0x6][0xc5]n[\r]*[0xae][0x89]"[0xf6][0x6][0xa8][0x9][0xe3][0x2][0x5].[0x8]5D&@%[0xbf]Y[0xaf][0xb3][0xf5]fx[0xc3][0xf6]#[0x88][0xff]4[0xe8][0xe2]7[0xb]Jj=[0x97][0xf7][0xb5][0x1d][0x5][0xaa][0xd2]m[0xdb][0x95][0xcf][0x1b][0x1b][0xeb][0x1b][0x9b][0xfa][0xc6][0xe6]v[0x13]>[0xd3][0xdf][0x8d][0x97][0x97]z!g[0xbb]Y_/dW[0xab]/^[0x14][0x0]l[0xad][0xaf]7![0xaf][0xd1][0xdc][0x86][0xcf]Vs}[0xf2][0xbb][0xb1][0x9d]KoL~[0xaf][0xd7][0xcb][0xcb][0xb7][0xb6]&[0x8d][0x13]T[0xd9]x[0xae]h1[0x1][0xe0]O[0x95]hL%@K[0xb]`@[0x9b]U[0xfd]Y[0xb7][0xba]KdR[0x12][0xae][0xd8][0x94][0xf5][0x12]Knm[0xd6][0xf5][0x97][/[0x9b][0xfa][0xe6]F}=[0xa5]R[0x9a]A0s[0xb9][0x8][0xf2]6e[0xdc][0x84][0xd1][0xbd][0x94][0xd1]V[0xbb]kZ[0xe0][0x15]%[0xe2][0xc8][0x15][0xa8]Q*[0x9a]R[0x17][0x80][0x88][0x19]GV[0x9b][0xeb][0x96]i[0x83][0x86][0x8e][0xda][0x96]Y[0xae]X[0xf4][0xae][0xd9][0x17][0x89][0xaa][0x1f][0xbf][0x19]_[0xf0][0xfe]G[0xb0]Y[0x15][\r][0xa7][0x13][0xb4][0xea][0xe7][0xfa]%J[0xa5][0xf0][0xed][0x83][0x81][0xe3][0xda][0x15][0xab]z[0x8b]-[0xf7][0xf5][0x81][0xee][0xe8]W[0xfa][0xd7]Y[0xc] [0x1a][0x4][0xe0][0x1a]H6H-[0x80]>[0x90][0x86][0xfc][0xc5][0x8b][0xfc]SEk[0x2][0xf0]][0xf0][0xc2]*W[0xed]}[0xf0][0xfb][0xc6][0x15])\[0xba]"^[0x15][0x10][0x8f][0x87]!NR[0xc4][0xed]o[0x2]F[0xfa][0x18][0x86][0x85][0xdf][0xdf]yV[0xd7]'OG7[0x96][0x8][0x13][0xf0][0x1f]1[0xfd]Vw[0xda][0xf5]][0xe7][0xd5][0x95][0xe9][\n]"
DEBUG wire -  << "[0xbf][0x9f][0xc]v[0x9d][0x1f][0xac]N[0xa0]|[0xbe][0xfa][0xec]\^[0xb6]E[0x5][0xbf][0xf3][0xe0][0xcd][0x9][0xbc]vi[0xea][0x8b][0x17][0xd3]Pt[0x89][0xec][0xb3]v[0x1b][0x1f]A[0x92]K[0xeb]M[0xb0]+[0x87];[0xc9][0x9f]m[0x81][0x18][0xb8][0x1c][0xc8]g[0xb9][0x12][0x88].t[0xf9][0xf0][0xe4][0xc3][0x19][0xb0]u[0xdc]~[0xd6][0x80][0xa7][0x8][0x1e]p[0xd7][0xed]r[0xeb]k;S[0x9d]0[0xd6]s[0x5][0x81][0xac][0xa5]-}[0xff]^[0x19][0x14][0xeb][0x14][0xc0]U[0xaa][0xb7] Y[0xdc][0xb6][0x8f][0xae]A*[0xde][0x83][0x9b],|[0x11][0xbd][0xae][0xcc][0xa6]U4h[0xec]@:[0x8f][0xef][0xc1]s[0x4][0xe3][0x9][0xc2][0xf5][0xac]Q[0xd5]yIY[0xf4]-U~u[0xa7][0x2]% 8[0xb0][0x6]T[0xa8][0xa2][0x5][0xbe][0xca][0xae]b[0xdb][0xc5][0x1c][0xc2].N@R[0xd1][0xc5][0x3][0x97]V[0xcf]![0xf][0x96][0xc9][0xb]][0x1][0xe][0x1][0xa8][0xd4][0xae][0xec][0xc9]9[0x96]E[0xc6]L[0xf7][0xab]Z[0xd5][0x89][0xfa]d[0xd6][0xbe][0xff]v[0xab][0xf7][0xcd][0x9c]e{[0xdd][0xab][0x14][0x9e][0xab];}S[0x19][0xec][0x17]/[0xfa]f2R?+XN=Uu|P[0xa5][0xaa][0xd5][0xea]mE[0x9a]z[0xdd][0xe][0xac]![0xe]+}[0x8e][0xe9][0xaf][0xa2][0xd9][0x9b]x[0x8c][0xe8]E$cW[0xe4][0x9d][0x8]+[0x8e][0xc1]{p<[0x84]o[0xc4][0x9e][0xe3][0x8a][0xb1]N[0x8f][0x4][0x88]}{[0xfa][0xc4]v[0xe2][0xd0][0xe5][0xe3][0x1d][0x88][0x85][0xd0][0x16][0xb0]g[0x8e][0x87][0xdc][0xe6]~[0x2][0xd0]![0x88][0xb2]![0xc]`~0[0x9b]sc[0xc4][0x3][0xe]h[0x95][0xe5]J[0xfb][0xb6][0xc3][0x1a][0xc2]+f[0x90][0x1],I[0x87][0xb8][0x14][0x9c][0xdb][0x1d]Vgf}k:[0x13][0xc4].[0xc1][0x19]&[0x83][0xbb]N[0x1f][\n]"
DEBUG wire -  << "[0x19]us[0x6][0x0][0xb2][0xa7][0x1f][0x5]C[0xdf].[0xc3]'[0x4]YB[0xfd][0x1][0xf0][0xf3][0xe9][0xb7]O[0x81]zH[0xb2][0x82]gK)[0xf1]@[0x88]d[\r]g[0x17][0xd7][0x80]r][0x17][0x82]6[0xc3]u[0xba][0x11][0xc4][0xcf][0x6][0x10]u[0x8d])[0x97]wnD[0x94]:1[0xc8][0x82][0x1a][0x10]9[0xa9][0x15][0x80][0xc8]v[0xc9][0x97][0x81][0x2][0x13]gfMEF)[0xf7][0xd6][0x98]'l[0x87]C[0xa8][0xe4][0xba][0xd3].[0xf8]4[0xa2][0x3][0x11]'[0xe]7,[0xd7]Amn@[0x88]|?T[0xd3][0xe0]-[0x9d][0xe6]K [0xd4][0x12]N[0xec][\n]"
DEBUG wire -  << "[0x3]G[0x6][0x4]4[0xe0][0x18][0x7][0xdd][0xde]M[0xc7][0xb][0xec][0xa1][0x8b]]J[0x93][\r]W[0xf4][0xb9]5[0xae]q[0xf0][0x8e][0x13][0xd9]U[0x89]D-[0x87][0xc4][0xea]:h[0xf3]x[0x80][0xd1]d[0xfc][0x18][0x16][0xa4]uWKs[0xa4][0x8b]![0xe9]b[0x84][0xc3]."f[0xc0][0x98][0x1d][0x1a][0x12][0xcf][0xfa][0xc][0xa6][0x18]w[0xce][0x9][0xce]([0xee]2[0xf8]H[0xc4][0x81]'j-s[0xcb][0xac][0x13][0xea][0xf9][0xe4][0x2][0xf6]M([0xb2][0xfe][0x7]b[0xdf][0xf8][0x83][0xe4]g[0xd2][0x4][0xf5][0xf]Z[0x86][0x0]lu[0xbd][0xca][0xe8][0xfa]0[0xf4][0x9][0xed]L[0x80][0x95]Hg[0xb0][0x8][0xd3][0xec][0xa9][0xc0][0x86][0xc6][0x8a][0x6].[0xf1]9v~[0x15][0xf7][0x94][0xef];[0x11][0xcf][0x4][0x87][0x0]N[0x89][\r]([0xd0][0x97][0xcb] [0x9c][0x97][0xc8][0x15][0xe0]Z[0x90][0xfb];%~E[0xa4][0xee]P[0xf2]2[0x98][0xcf][0xaa][0xef][0xfb]RU[0xda][0xe8][0x19]\[0xa4][0xf9][0x95](M[0x81][0xd8]{j*[0x9][0x81]8[\r]5[0xaa][0xce][0xa6][0x12][0x18]F[0x96][0xe0]`[0xab][0xaf]N<[0x8][0xc2][0x10][0xc]^[0xc7][0xe2]Q[0xc2]L[0xfc][0xec][0xb8]`[0x83][0xd0][0xe0]?[0xc9][0xd9]J[0xe8][0x9c][0x1b][0x80]}[0xbe][0xbe][0xb9][0xbe][0xb1][0xbe][0x5][0x99][0xb7][0xf0][0xff]"
DEBUG wire -  << "[0x1c][0xe0][0xcc]tyW[0xb8]F[0xf][0xfc],[0x9a][0xe2]t[0xfc]p[0x98]|&dc[0x88]s[0xad][0xc1][0xe5][0x8e]1[0x12][0xdd][0xaf][0xe][0xf0]n[0x98][0xe0][0xfa][0xa0]+[0x1b]LS[0xf3]N[0x3]([\n]"
DEBUG wire -  << "[0x0]Y[0xc7][0xff] [0xd4]|[0x9][0xf0][0x95][0xc3][0xe3][0xbe]][0xbe][0x7]V[0x8b][0xc9]E[0xe5][0x18]N[0xb][0x9b][0xf8]a u[0xc2][0x9d][0xae][0x80][0x7][0xb1][0xb0]6[0x88][0x8c]=[0xb4][0x96][0x85]R`[0x99][0xaa]$[0xa9][0x97][0xf2][0xa8]GH[0x1b][0xb6][0x14][0x93][\n]"
DEBUG wire -  << ",A!3[0x90]SJ[0x14]T+97[0x89][0x95]p[0x83][0xf1][0x92][0xfe][0xa8][0x1f][0x86][0xcf][0xaf][0x99][0xeb]0>[0xf][0xfb][0x19]X;[0x83][0x0][0x6][0xd0]= [0xca][0x82]E[0xb8][0x82][0xfe][0xa4][0xe4][0xc2]' [0x86][0xc4][0x81][0x1a][0x4][0xc1][0x8e][0x82][0x10][0xc4][0xcd]'[0xab][0x6]0[0x14][0x84]=[0xe8][0xc0][0x9d][0xc5]z[0xe0]z[0xc7][0x8b][0x8b][0xe1][\n]"
DEBUG wire -  << "[0xc1][0xb5][0x98])'[0xbf][0x9][0xed]=D|[0x1][0x1a][0xdd][0xc0][0x1e][0xef][0xf8]AR1[0x7][0xa0][0xef][0xaa]Y}[0x88][0xdd][0xf9][0xd0]M[0xa6][0xe0][0x99][0xb2]QY[0xa1][0x9b][0xf8][0xd5][0x15][0x82]Q[0x9c]X[0x11]0""[0x2][0xcb]8[0x8c]D[0xc2]E)t[0xa8][0xfb][0x8c][0x9b][0x1e][0x8]y[0x2][0xf1][0xfb][0x1d][0xd9][0x6][0xea][0xf2]|[0x1]%[0xe7]9\[0xcd][0x1][0x8f][\r]nY[0xa0][0xa5][0xa5][0x14][0x93][0x84][0xe0][0x92][0xb8][0x92][0xe9]:o[0xbe][0xdc][0xe0][0xbb]J[0xbd]a[0x8d][0x90][0x83][0xa7]"[0xd7][0x87]b[0xf0]PLk[0x18]E[0x18]i[0xb1]y9[0xaa]3[0xf3][0xf3]s[0xa2])[0xa3]&[0xa3][0xd0][0xf8][0xa4][0xed][0xee]0I[0x2]_[0xcf]~[0xe5][0xfa]1[\n]"
DEBUG wire -  << "[0x2][0x9a][0x1d][0x86][0xd0][0x12][0x84]?[0x2]5[0xdd]!PL[0x96][0x94][0xa3]X[0x8b][0x87]][0xcf]I[0xb4][0xcb]GT[0x99][0xb4]e;[0xd7][0x10][0x12][0xa2][0x9a][0x8a][0xc9][0xc2]q0>[0xa8]DT[0x12]~[0x16]@H[0x8][0x97]Y[0x1][0xf9][0xbc]:H[0x13][0xcc]r[\n]"
DEBUG wire -  << "K[0x93][0xf5]dW[0xcb][0xd2][0xcb]k[0xe5][0x9]T[0x96]>U[0xeb][0xb9][0xd4][0x8b][0xaa]G[0xec]N[0xf1][0xb8]#3[0x95][0x90][0xbb][0x8a]LX[\r][0x83][0x4][0xff]7[0xc2][0xc8][0xc1]5[0xd9][0xb2][0xb4][0x1d][0x94][0xfc][0xd2][0x8c][0xdc]h[0x98][0xce][0xca]!1[0x9d]%[0xc7]hi[0x9e][0xb9]8[0xef][0xe][0xc8]i[0x89][0xb9][0xbd][0xdb])[0x14][0xb8][0x3][0xb9][0xc5][0xe8][0xe7]G[0xbd][0xb4][0x16][0xb1]c[0xb][0xd4]DA([0xfc][0xac][0x12]xq[0xa2][0xac][0x90][0xe5]B[0xc6][0xc2]R3[0xa0][0xe6][0xb7]:[0xb][0xf0][0x1][0x18]N4[0xe4]=[0xc0]N[0xca][0x92][0x85]Wv>/?[\n]"
DEBUG wire -  << "[0xc6]([0x88][0xbe][0x82][0x9e][0x2][0xeb][0xdd][0xb]\'0[0x9c]Dx;~20,[0x9a][0xc4][0xdd][0xf4]lT[0x95][0x9b][0x90]Z-C[0xfa][0x89][0xe9][0xaf][0xd4][0xe7][0x9d]8[0x15]r[0xc0][0xc5][0xe9][0x8f]L[0xeb]N\[0xc9][0xbc][0x12][0x9e]v03}\[0xe2]y[0xce][0xe8][0xe6][0xbf][0x91][0xc3][0xcc]*[0x10]$[0x1b]j[0xba]hks;[0xbc][0xa9][0xb2]o[0x8c]L[0xfc][0x93];l[0xd1][0x9e][0xeb][0xec][0xe5],[0xc3][0xe2][0xa2][0x19]UK[0xad]wf[0xb8]gM8+i[0xe6][0x1]ug[0xdb][0x95][0x94]M!$A[0xbf][0xef][0x8a][0x5]M[0xe4][0x1d][0x9][0xe6]H[0xe3]31{y[0xda][0x12]qS[0x3][0x94][0x99][0xf6][0x9c][0xf1]0@e[0x81][0x99]W&[0x9]s?[.[0x84]g[0xff]lk=[0xd7][0xd0].[0xab][0xca][0x19]PbjE[0x1][0xb8][0x8c]I[0x80][0xbe][0x9a][0xca]* [0xae][0xd2]H[0x8c][0xab][0xfa][0x82]F[0xcd][0x5][0xad]>[0xb0]Qn[0xdb][0x9d]$ ?[0xba]#!WWk[0xf1]Jm[\r][0x9b]g[0xba][0xca][0x94][0x99]>qd[0xa6][0xc3][0x87][0xf9][0xa6]~5[0xfa].[0x1b][0x8b]eAY[0x9d][0xe1][0xba][0x1f][0xfe]_gQ[0xbf][0xcb]+[0x8d][0xba][0xde]j[0xe8]/[0xeb]:[0xc4][0xb6][0xad][0xaa]^g[0xeb][0x90][0xd7][0x80][0xff][\r],4][0xa4][0x89]%0w[0xa3][0x1c]B[0x93]f[0xac]I[0x11][0xfc][0xab][0x1b]M[0x1d]?t/1[0xd0][0xe0][0xe8][0xa1][0xa5][0xdc]`*Y[0xa9][0xbd]4[0xbd]Dm[0x95])[0xac]eD[0xfb][0xa1][0x3][0xaa]D[0xb6][0xcb]|[0xf6][0xd1][0xc0]^[0xb5];y[0xb7];w[0xb7][0x8b]x[0x97]S7[0x1b]>[0xdc]k[0xd4][0xe5],[0xf9][0x9d][0xe][0xe1][0xff][0xa8]{[0xf6]P[0xcf][0x89][0xdd]G[0x95]<[0xd2][0xdf][0xb9][0xd3][0xed][0x9d];[0x13][0x4][0xa3][0xb7][0x85][\n]"
DEBUG wire -  << "`[0x13]Gx[0x3][0x86][0xf8][0xf4][0x10]n[0xd1][0x10][0xa7]2[0xeb][0x93]1[0x8e];*[0xd4][0x0][0x87][0xdc]mT[0x11]8[0x93]dl[0x94][0xea][0x88]r[0xc5]3[0xd5][0xf0]L[0xbd]U[0xb5][0x9c][0x9f][0x5][0xc9]k[0xa3][0xc9]4[0x91][0xe9][0xe0]([0x1][0x16][\n]"
DEBUG wire -  << "[0xd0]C[0x94][0x8c][0xc3][0x8][0x6]#)[0xa1][0x9c][0xdf]D;pv2[0xed][0xdd][0xc7]][0x93][0xb8][0xca][0x89][0xb3][0x87]<[0xd2]][0xd1]K[0x18][0x8c]][0x9d][0xd1][0xaf]n[0x0]r[0xed][0xe9][0xb8][0xd9][0xa5][0xa2]4WUO[0x82][0xec]wU[0xc] [0xbb][0x89][0xff]I@[0xea][0xb7][0xec][0xe6]|<%[0xd4]I+e[0xc8][0xe8]s[0xb][0xcb]F[0xf4][0xb4][0xb1]9m[0xdd][0xab][0x8d][0xfb][0xc0]N[0xd9]#5_Q[0xb]F[0xdc][0x7][0xd9]F[0xb1][0xae][0xa2][0xff][0x95][0xcd]x[0x94][0xcf],[0xb9][0x8e][0x19][0xf8]F,h[0xad]yj[0xca]&7Qe[0xf6][0x86].[0x9e][0xb4][0x88][0x84][0x90]NbIs[0x8b][[0x9b][0x81][0xc2][0xe6]y[0x93][0xb]{[0x96][0x85][0x2]y[0xad][0xb1][0xb0]R6[0x87][0xad][0x19]R[0xb5][0xe6]'F[0x9e][0x14][0xa6]DR*+c[0xdc]spc^[0xc6][0x18][0xf2][0xf6][0x9f][0x14][0xd6]u[0xa7]Y[0xd7][0xda][0xb0]E_WCns[o[0xbe][0xd4][0x1b][0xeb]M[0x1d][0xa2][0x9b][0xfa][0xf][0x94]\i[0xae][0xb7][0xf4][0x8d]-[0xbd][0xd1][0x80][0xb4]F[0xbd][0xfe]Cu[0x97]=M[0xe7][0xb8]!\Q-[0xa7][0x0][0xd3]`%[0xf3][0x9f][0xf9]v[0xc3][0xde]n[0xed][0xb2][0xac][0xc2]T[0xb8]3]6[0xee])[0x8b]x[0xf2]P[0xd9],dYn[0x6][0x97][0xa3][\r][0xfc]o>.3[0x0][0xee][0x87]L[0x1e][0xec][0xd3][0x19][0xcb]!m=[0x16][0x15][0xb6][0x91][0xfa][0x1b][0xa9][0x10][0x1a][0xa8][0x18]r[0x8f][0x11][0xed]i[0x9b]<_[\r][0xe3][0x84]V[0xf9]T[0x9a]\[0xf5][0x83]`[0xb4][0xaa][0xb3]R[0xfb]N[0xa5][0xa4][0xd4]([0x87][0x0]J[0x96];5[0x10]hB7P[0xe6][\n]"
DEBUG wire -  << "[0x13]`*[0x86][0xca][0x97]|#[0x3][0xd6][0xa9][0x82][0xca][0xfc][0xa7]AW[0xf7][0xfe][0x85]L[0xee]&[0xf3][\n]"
DEBUG wire -  << ">[0x8f]D[0x1c][0x6][0xbe][0xcd][0x94][0xb][0xa2]f[0x94][\n]"
DEBUG wire -  << "[0xf8][0xc8]H[0x1b]'8[0x8d]0[0x88][0x93])H*[0xfa]v][0xe]c[0x81][0xbb][0xb1]Z[0xbb]I[0x82]D>[0xc][0x84][0xf5]5[0x18]&F[0x19][0xc2]F[0x9a][0xcb][0x9e][0x87]|[0x8c][0x1b]G[0xe0][0x87][0xcb]-!g[0x4][0xa7][\n]"
DEBUG wire -  << "+[\n]"
DEBUG wire -  << "[0xce][0xb8][0x8a]w[0x93]d[0xf1][0xa4]${[0xd4]|B[0xb1][0x19][0x9e]1[0xd2]"1[0x1e][0x81]w.%[0xa1][0x88][0xcd][0xc8][0xb2][0xc0]Nr[0xa0][\r]P[0x13]%+[0xab]YR[0x9a][0xcb][0xe2]S[0xdd][0xa3][0xd5][0x9a]<[\r][0x94][0xed][0x1d][0x2][0x1f][0xa7]I[0xb1][0xa2][0x8]R[0xc2])[0xeb].[0x89][0xd6]tn[0xc2][0xbb][0xb8][0xd2]8[0xee]([0x8e]I[0xea][0xe7]I[0x87][0xa3][0xb6]8HUb:Hs[0x8f]4H[0xe5][0xf3][0x1f]5[0xba][0x8b][0x1]E[0xce][0xc5],[0xcf][0x91][0xa1][0xc4]7[0xa6][0xf6][0xe8]`[0xe0][0xb1][0xd3][0x0]Wj[0x97]eI[0xd2][0xf9][0x98]NE[0x4]w[0xd6][0xd7][0xb]i[0x84][0xa5]J[0xbc][0xfd]S[0x9f][0xfd][0xa9][0xcf][0xfe][0xd4]g[0xff]v[0xfa][0xac]l,[0x15][0x87][0xd1]d[0xa9][0x18][0xcf]2K[0x96][0x8c]"[0xdc][0xa9][0xc][0xe8][0x83]&[0x10][0xd9]$[0x9]R[0x1c][0x90][0x95][0x4]/[0xca][0x86][0x94]q[0xa3]0[0x1]P*[0xdb][0x9c][0x9c][0xf7][0x1c][0x82][0xcf][0xc1][0x9f][0x87]Q[0x81]3D[0xd0][0xb9][0xcf][0x8e][0xfd][0xcf]v[0xae]V[0x7][0x94][\r]|Jw[0xf6]r[0x8e]D[0x94][0xd5]S3[0x13][0xd8][0xe8][0xe5][0x1d][0x82]%[0x11]&[0xe6][0xe4][0xd7][0xf6]%o[0x8a][0xf9]Su[0x88][0xa3][0xa9][0xee][0xb2][0xc9]Q[0xf]\T[0xc1]J=V[0xef][0x2][0xb8][0xb8]r)[0x9][0xa7][0xc8]\[0xda][0xc0][0xff][0x17][0xf6]K-[0xfa]b(0[0x8c]w[0xd0][0x0][0xdd]>[0xcd][0x96]2[0x1c][0xb2][0x94][0xf1]2[0xbc][0xa9]R4[0x84][0xd3]%B[0xc5][0x10]i[0x10][0x14]{[0xdc]u'[0x81][0x14][0x1e]B[0xd2][0x17][0x94][0x9d][0x14][0x1a]4[\n]"
DEBUG wire -  << "[0x15]e[0x8e][0x1]m+u%!y0[0xcc][0x99]:6m[0xaa][0xc8][0x94]Q[0x8]![0xcb]g[0x9b][0xc6]T[0xcc][0x96]=[0xef][0xb0]V[0x13][0xba]E[0xab][0x9][0xb7]O[0x9f][0xa6]H[0x1][0xc9]BT[0xef][0xc0][0x1][0xc7][0xa5]@[0xe][0xa2]P[0xea][0xad][0x11]'[0xd9]\+n[0x12][0x10][0xf2][0x94][0x80]Z[0xf]z[0x92]7[0xf8]l[0xab].A[0x3][0xe0][0xfb][0xec][0xc9]U[[0xa7][0xe8][0xa0]Z[0xe9][0x16][0xcb][0xb2]#l[0xb8][0x99][0xea]u[0x8f]{[0x8e];n[0x9f][0x5][0xe0]T[0x4]?[0xac][0xef][0xaf]CX[0xd8]<h[0xd1][0xe7][0x6]}n[0xc1][0xe7][0xd6][0x81],[0xf0][0xe3][0xb9][0xcb][0xbb]P[0xaa][0x95][0xe6][0xbc]x^_[0xdf][0xde][0x5][0xd9][0xc5][0xfb][0x15]\[0xdc]b[0x3][0xe9][0xf4]m[0xe0]9[0x7][0xca]][0xcd][0x1e];[0x1e]9F[0x8f][0xfb][0xd6][0x18][0xa7][0xac][0x1e][0xb5][0xf]3[0x83]`[0xb8]([0xfc][0x0]'[0xdb]p[0xa7][0xe0][0xd6][0xae]~[0x19][0x8a]hl[0xa6][0xcf]S{[0xed][0xd6][0xcd][0xcd]ez@[0xd7]2[0xe0][0x96][0xd2]Ga[0xf]I[0xc3][0x18][0xc5])[0xa2][0xc][0xbb][0xb0][0xb1]Q[0xa5][0x91]R[0x8a]W[0xb7][0x9b]W[0x92][0xc3][0x18]:[0x8f]DY[0x10]>)[0xa6][0xd8]Bw[0x2][0xb6]a[0xbe]4[0x1b][0xa6][0x5][0xba]'[0xf0][\n]"
DEBUG wire -  << "[0x84]n-M[0xe8]x[0x4][0xcf][0xdc][0x15]Q[0xd2]\[0x1d][0xf6][0xd7]@[0xe4] [0xaa][0xe5]`[0xcb][0xbd][0xec][0xb9][0x84][0xc7]w#[0x1d][0xab]0>[0xe5][0xf9][0xc2][0xda][0xda]"[0x9c][0xf1][0x84]pm[0xfa]t[0xe9][0x91][0xed]$[0x9f][0xce][0xde][0x95][0x9f][0xe7][0xb4][0xb][0xe7]9[0xcf][0xce][0xf][0xef]>[0x9d][0x9][0x85][0xa3][0xd0]2[0xc3]A[0xf8][0x1a][0xea]N[0x9f][0x1d][0x1d][0xb9]#[0x8f][0xfb]N[0xf][0xb4]OYk[0xb9]l[0xd9][0xea]]-[0xe5]7[0xa8][0xe7]*[0x9a]T[0xb1][0xb6][0xc7][\n]"
DEBUG wire -  << "[0x7][0xb2][0xfb]x[0x0][0x86][0x83][0xea][0xcc][0x1d][0xc6][0xfe][0x7]X[0x9c]S[0xbc][0x9f][0x83][0xc9]c[0x90][0xd3]B2[0x8][0xa2][0x4][0x1f][0xef]&[0xea][0xeb][0xb0][0xbd]Y[0xdf]|[0xd0][0x81]]d[0xc2][0x8f][0x81][0xf0][0xba][0x8b][0x8e][0xba][0xa6][0xc][0x93]ek[\r][0xb3]^[0xa3]_[0xaf][0x87][0x91][0xdb][0xc6]*[0xa0]Yh[0x1e][0xc3][0xbf]bEH[0xb0]Z[0xf0][0xb1][0xf0][0xe8].I[0x19][0x10][0xec]_[0x82][0x8d]T[0xee]tw@[0xd2]V\z:[0xe7][0xc8][0xcd][0x9b][0x93][0xc3][0x9f][0x99]9Q[0xdf][0xa9]w[0xfd][0xed]W`[0xba]-nv[0x9a]u[0xfc][0xbb][0x9d]*[0xe7][0xc4][0xe4]h[0xe4]R[0xba][0xfd]oA[0xc8]-'[0x19][0xef][0xd4][0xcd][0xed][0xad][0xe9][\n]"
DEBUG wire -  << "[0xdd]>[0xfb]63[0xab][0xf7][0xbc][0xde][0xab][0xf7][0x1a][0x8d][0xe9][0xb2][0xc9]`[0xe8]u[0xe3][0xb2][0xf2]ro[0xe6]mjx'7[0xef]H;[0x9c][0xdd]2[0x93]Y[0xe6][0xe2][0x95]3o[0x8e]~z[0xf7][0x91][0x1d][0xdd][0x80][0xa3][0xfc]A$[0xe0][0xfd][0xc6][0xec]z[0x3][0x94][0xc1][0x16][0xfb][0xe4];[0xa0][0x19]b[0xee][0xb2]}[0x9f][0xbb][0xe3][0x4][0xb3]&W[0xcd][0x8][0xac][0xe1][0xc9][0x1a]d[0x9f][0xe5][0xdd]2[0xe9]y[0xa6]JvF[0xcb][0xd1]c=[0xd0][0xfb]z[0xa4]s[0xdd][0xab]~s>[0xaf][0xfd]D[0x86]=[0x3]*o_X[0xbb]lG[0xbb][0xce][0xe7][0xe8][0xb2][0x8d][0x1f][0xdf][0xbf][0xe7][0xce]x=}R[0xc1]4[0xf3][0x97][0xb6][0xfc][0xfa][0xfe][0xfd][0xf3]e[0xd5][0xc][0x87][0xf1][0xa0][0xc2][0xa3]>[0x9d][0xb2][0x8a][0xab][0xb7]:e[0xba][0xed][0xc6]_}1b[0x87] h[0x95][0xea].o[0xc7]S[0xa7][0x1c][0x3][0xdc]O[0xe0]Ar[0xe9][0xd9][0xc9][0x0][0x8f]M[0xee]r[0x93][0xc7]c[0xdf]j7[0xe0][0x17][0x9e][0xc5][0xec][0xef]z[0xa6][0x9c]'[0xff][0x18][0xd8][0xc2][0xc4][0xdd][0xcf]Q[0xf2][0x86]v[0xf9]V[0xb0]SOo[0xab]3[0xc7][0xbe][0xd6]$%[0xd6][0xf4][0xb5][0xfc][0x85][0x5][0xd2][0xa7]1x[0xda]w[0xa2][0xdc][0xe4][0xe9]*[0x86][0xf2]}[0xbe]V[0xdd][0x5].[0xf5]yeM[0xe2][0xbe][0xa6][0xb3][0xb5]O[0xfb]F[0xa3]Qomm[0xac][0xaf]7[0x8c][0x6][0xa6][0xe0]6[0xed]I[0xc9][0x18][0x94]=[0xa6][0xa2][[0x87][0x81][0x15][0xe6]L]Hp[0xf4][0xf1][0xb0][0xc8][0xe8]R[0xe]#[0x17]k[0xf2]F[0xaa][0xa7][0xaf]0pe[0xb4][0xe4][0xdc][0xd6][0x8a][0xe]c[0xba])[0x87][0xc2]t[0xca]rl[0x3][0x94][0x11]C[0xe3]D&[0xd2][0xc0][0x8b][0x11][0xd8]drAy[0xbe].[0xc7][[0x1b][0xd2][0xfa]t3[0x15][0x4]Ti#i$[0xc8]R[0xf8][0xf2][0x1a]*[0xe5][0x87][0xaa]B[0xea]I[0x1e][0xad][0x87]\[0xdc]N[0xa3][0xb2][0xd4][0xd2][0xcd][0xd4][0xce]![0xf5][0xd8]sn [0xd8][0x0][0x97][0x15][0xcc][0xab][0xf4]Aq[0xc7][0x93][0xc8][0x8a]C[0x84][0x90]_[0x14]I[0xe1][0x17][0x10][0xcc][0xb4]Ai[0xae][0x2]$[0x11][0x94]%[0xf2][0xd9][0xd2]IG[0xba][0xa4]![0xaf][0x82][0xf2][0x8a]OA[0xe8][0x2][0x1a][0xb]T[0xa2][0xa6][0xda][0xbf][0xdf]m[0x7][0x19][0xb1][0x1c][0xaf][0xcf]P[0xa8][0x1f]t[0x1f][0xc8]V[0xad]Q[0xaf]YQ[0x0]([0xdb][0x86]*L[0xb7][0x82][0x80]V[0xbf]G[0xd3][0xaf]j\[0xd2][0x2][0x1c][0x90][0xeb][0x94]n[0xa5][0x94]S[0xcb]OE[0xea]@I[0x19]![0xb2][0xc2][0xb6][0x81][0xd2][0xaa][0x1a][0xb3]y[0x92].c![0xbb]\[0x97][0x87]q[0x96][0xc][\n]"
DEBUG wire -  << "[0x3]|[0xed]9[0x6]R[0xb8][\r][0xcb][0xe9][0xcb][0xfb]>[0x14][0x1b]p[0xe5];[0x5][0x8b][0xf1]%[0xee]`G[0xf4]1[0xfd][0xf]+[0x12]C[0x84][0xea][0xbb]cm[0xef][0x82][0x90]f[0x1f]3[0xb4]rU^[0xd5]d[0xaf]S6N([0x99][0xfd]$r[0xe2][0x95]j[0xd3][0x9d][0x9b][0xc8][0xae]$F*[0xef][0x19]q[0xf6]^[\r]]Y[0x13][0x3]i5)@[0xab][0x90]y"g[0xc3][0x84]_C[\r][0xd7][0x99][0xd4][0xc0][0xd0][0xdb]hnf[0x85][0xb3]D6[0xc9]F[0xd6][0x91]"[0xe8][0xe0][0xaf]\F@[0xfa]_[0xce][0xf7]MRq[0xe7]:+[0x0][0xdf][0x83]A[0xa2]d[0xfd]m[0xe0]M[0xdf]^7=8[0xf6][0xb0][0xc][0xca][0xdd][0xab][0x9a][0xeb][0x90]#2[0x8d]n}{1[0xbe]R[0x93][0xcd]"[0xab][0xd2][0xd5][0x1e][0x9]y[0xec][0x8e][0xae]2[0xc2][0x0][0xb9][0x90][0xaa][0xd6]s[0x1d][0x83]`[0x9d]6sB:+[0xa0][0xc3][0xd2][0xad][0x86][0xf9][0xae]^[0x4][0x81][0x1b][0xa7]}}[0x9e]a[0x9c][0xed]JTR[0xbf]G[0xe5]XA[0xae],hZ[0xce][0xad][0x1][0xc0][0x99][0x8c]L [0xb3]/[0x18][0xa3]([0x7]Q[0x80][0xed][0x16][0x98]_[0xd8][0x3][0xa9].[0x13][0x9c]&gc}[0x95][0xec]Gp9*[0xbc]9[0x8d][0x82][0xbf]/`y[0x17][0x9e][0xaf][0x5]p^[0x16][0x9e][0xf0][0xbe][0x14][0xdb][0xd6]J[0x85]u[0xe]O[0x1b][0xad][0x8c][0xa7][0xd9][0xf][0x9a][0x6]%2[0xe6][0xba]w[0xf4]&8][0xd0];[0xd1][\r][0xc2][0xda]|[0xfe][0x13][0x88][0xa5][0xf9][0xff][0xe4][0xbe][0x2]PF[0xd3][0xd6][0xcb][0x95]J[0x0][0x80][0x9b]&[0x11][0xfb][0x87][0xe8][0xb2]wh[0xb2]{[0xdc][0xba][[0x1c]v[0xb6][0xeb][0xdb][0xf5][0x1a][0xd5]2[0xa0][0xd6]'p[0xd9][0xb2][0x8a]x[0x8][0x9a]L[0x1c]M[0xb8]_[0xc5][0xbd][0x94]|[0x5][0xf0]y[0x1][0xaa][\r][0xf1]n[0xcf][0xb9][0xd2]T_[0xa9]4![0xb8][0x82][0xec][0x1f]X$[0xf9]=[0x8f][0xe4][0xfe][0xf8][0xc3][0x9d]R[0xbf]y[0x1f][0x95][0xb7][0x8][0xcf][0x82]v#[0x0][0x98][0xdc][0xc9]~[0xa5]Mm[0xa6]%;[0x93][0xfc][0x2]*Lnm[0xcb]w[0xf5][0xa0][0xb5][0xf8]"[0xca][0xbd][0x83][0xd6][0x9d][0x9d][0xdc]nl[0xac][0x92][0x19][0x8].[0x8f][0xe1]@D`[0x1a]Cg[0x1][0xa2]i1[0xc4]7[0xfd]}'[0xda][0x1b][0xad][0xc6]*[0xd1]Fp9[0xb4]?[0xbc];[0xdc][0xbf][0x1b]c[0xcf][0xb1][0xb9][0xe1][0x81][0xb3][0xec][0x84]4[0xef][0x1c]'d[0xcf][0xc0][0xaa][0xd9][0x6][0xb9]N[0xdc][0x7][0xaf][0x0][0xcc][0x1b][0xf4][0x8][0xa1][0xdd][0xd9][0x99][0xd6]j[0x7]D[0xab]8 >[0x4]][0xe7][0x80]/[0xe8][0xe][0x94][0xb1]8[0xe2]J[0x85][0xef][0xc6][0xb6][0xb9][0xb5]Rl[0x1]\[0xe][0xdb][0xf3][0xdf][0xff][0xef][0xdd][0xa8][0xc6][0xeb][0x80]&[0x94][0xba][0x13][0xc7][0xad][0xcd][0x95][0xe2][0x88][0xe0][0xf2]8Jo][0xea]>[0xb9]d[0xc6]N9[0xde]"[0xe8][0xc7]x[0xcf][0xe2]b[0xf1][0x89]%[0x4][0x10][0x9c][0xc][0x2][0xb4])!`[0xf7][0xee][0xd1]@[0xce]Y[0xcb][0xa9][0xdb]2R[0xac][0x96][0x12]yB[0x80][0xe7][0x80][0x85][0xe2][0xbb];[0x1b][0xaa]R[0xd0][0xb1][0xb4][0xc2]][0x9e]fc[0xb5][0xae]Q[0xa3][0xe8][0x1a][0x1d][0xaa][0x19][0x87][0x5]8[0xa7][0x13][0x13][0x88]tV[0xe5]N[0xff]xc[0xb5]Fm[0xa3]0[0x86][0xb][0xd7]|.@[0xdd]*[0x94]E[0x8d]ZH[0xb8][0x9b][0xf4]+[0xed][0x4][0x82]+t[0xc2]O@[0x98][0xd9][0xa7][0x85][0x1d][0xa0]r[0xc6]P"[0x9f]V[0x9a][0x12]x[0x19][0xc7]ME[0xc9][0xaf]jx[0xda])[\r][0xee]h[0x6][0xf][0xbc][0xb1][0xf4][0xda][0x1f][0xbc],G[0xcb]*[0xca]i[0x1b][0x11][0x1][0xbc]4[0x12]T[0xa1]\F[0x83]n[0x80]3 j[\n]"
DEBUG wire -  << "FM[0xa3][0xe4]V'Y~uR[0x85][0xcc][0x10][0xc0][0xc0][0x3][0xbf]ik[0xca]^[0xb3][0xbd]9[0xf3]![0xf9][0xe4]([0x18]iS[0xe5]\[0xc3][0xb3][0x8d]F[0x9d][0xa9]_A[0xaf][0x17][0x83]{[0xda]`t[0x8a]]N[0xc4]@[0x95]Ac2[0xcb]3Y[0xe]e[0xd2][0xec][0xf][0x1a][0xaa][0xb3][0x85][0xcf]\+[0x85][0xed][0xa8]ZJ[0xaf][0xd9][0xdd][0xc6][0xc3][0xc8][0xad]<x[0xfe][0xe3][0xcd]0[0x86][0x8e][0xc6]xuf [0xa7]:[0x8c][0x8b][0xf][0x86]Z[0x8d]5[0xfe]c[0xe8][0xb][0x3][0x8b][0x1a][\r][0x9c][0x1a][0xa9][0xee]js[0xb1][0xa4]U\FQz[0xc4][0x1d][0xdc]5[0xae]e,N[0x19][0x95]M[0x9b][0xcd]dM[0xcd]@=[0x5]s[0xa1]p[0x90],[0x87]J[0xe8]~e<O[0x97][0x89][0xd5]7[0xdd][0x1a]0[0x3][0x94][0xf8]U:[0xdd]E[0xcc][0xda][0x96]R[0x92][0x9e][0xb1][0xc1][0x98][0x82]M1[0xb2][0x99][0xce][0xa1][0x90][0xf0][0xbe][0x8a][0x93]([0xf0][0xfb]*[0xee]P|[0x98]l[0xa4][0xc7][0xf9][0xf3]][0xe4][0xe9]*[0xaf]'[0x9e][0xc4]3i[0xdb][0xf2]{[0xfa][0xda][0xe2]I[0x81]ZH!/i[0xe]5jr[0x93][0x9d][0x93][0x8b]DQ[0xb][0xe0][0x85][0xf8][0xf9][0x12]r[0x10][0xed]G[0x82]Oe@/[0x87][0x9e][0xaf][0xfd][0x1][0xf0]BI[0xce][0xbd]?[0xe0][0xda][0xe5][0x94]v[0x8a]2[0xc0]-[0xcc][0x19][0xd5][0xff]g[0xaf]c[0x6][0xed][0xbd]`[0x9d][0xa9][0xf4]:d[0x18][0xfe][0x7][0xad][0xbf]a[0xe3]8[0xbc]m[0x88][0x18]O[0xf][0x8f]Q[0x81]_J![0x92]*[0xfb]^_9[0xf]g[0x10][0xd1]2T[0xb8][0x87][0xf7]Cg[0xb4]o[0xd1]F0[0xee][0x2]9[0xb9]'[0xf0]Dp[0x8e]z[0x8c];^[0xcc]x[0xc2][0xd4][0xcd]~H[0x1f]/[0xb0][0x85][0x8b][0xdb][0xb0][0x80][0xe6][0xb8]*[0x0]~:^[0xb9][0xe6][0x8e][0x19][0xed][0xc2]c#[0x10][0x9][0x8]B[0x18][0xcf][0xda]([0x98]T\[0x95][0xa4][0xd5]c[0xaa][0x8f][0xef][0xab][0xc0]e[0x83].p[0xc2][0xca]q=[0xc3][0xc0]d[0xfb][0xc][0xd7][0x91][0x1d]_^[0xa0][0xc1][0xe3][0x10][0xd9][0x15][0xf4][0xe8][0x15][0x5][0xb8][0xb3][0x8][0xdf]^[0x90][0xc][0x0][0xc7][0xc]1;[0xa0][0x17]$[0xf8][0x2][0x80]B#_[0xfd]`D[0xa5]UG![0x8f]vi[0x81][0x86][0x16][0x91];[0xa6][0xab]O[0x92][0x98][0xa5]k@[0xdc]u[0x12]G[0xc4]&][0xa3]M[\r][0x8c]8[0xc0][0x14][0xd7][0xc2][\r]B[0x80][0x8][0xf][0xd0]5[0xe1][0xed]a[0xd0]b[0x1b][0xdc][0xc5];[0xe4]b[0x18]6r[0xe][0x15]2t[0xdc][0xe0][0x4]0[0x11]3[0xee][0xc6][0x1][0x95][0xe6][0xd7][0xdc]qqC[0x1b][0x1][0xf0]Y /[0xd1]S[0xae],[0xd5][0xfb][0xfd]7<[0x15][0x1d][0xc7][0xe][0x96][0xba]v8[0xb4]3[0x12]]R[0x86]&8[0xb3][0xc]/|e[0x91][0xe8][0xf3][0xc8][0x8e]u[0x6][0x8][0xf9][0xcc][0xe9]A[0x11][0xf6][0xfb]o[0x8a]?[0xd4]M[0x1a]!D[0xc][0x17][0xfb]Fh[0xd2][0xae]6(9r [0x19][0x86][0xb]X;[0xe8][\n]"
DEBUG wire -  << "v[0x9b].[0xde]J[0x9c][0xae][0x3][0xdd][0x1e][0xcb][0x97]?P][0xec]r[0xec][0xf4]}([0xd6][0x1d][0xb3]#[0xcb]up.[0x97]`[0x90][0x84][0xd6][0xd9][0x1][0xf7][0x80][0x88]\[0xce][0xc1]CYT[0x14]fAD[0xc3][0xbd]G[0xe][0x81][0xfa][0x6][0xc][0x1][0x9c]f4uB[\r]H[0xc3]r[0xff]@B[0x1f][0xb5][0xb0]Pr[0xd1]8-)hL[0xbe][0xd6]D[0xdb][0x84]h^[0xde]H([0xa7][0xeb]D[0xa1]4[0xe5][0xc6][0xe6][0xcb]:[0xa3][0xab][0x5][0xc9][0x17][0x9a][0xb6]4[0xeb]Vk{c[0x9b][0xde])P[0xc4][0xf7][0x1][0xff][0xc8]M[0xbb][0x93]dr[0xae][0xe9][0xa0]U[0x3][0xd9][0x0][0xab][0xff]xB[0xc8][0xfd][0xc1]F[0xc3]@[0xf7]n>I6s$[0xd9],#I#O[0x92][0xda][0xde][0xe2][0x1e]<[0x8e][0xe9][0xf7][0xff][0x87][\n]"
DEBUG wire -  << "l[0x19][0x1c][0x8e]n8^[0xf3][0x19]K,[0x96][0xa0][0xf0]q@[0xdb][0xdc][0x1e]H[0xda][0x8c][0x9a],#[0xf2]V[0xbd][0x99][0x91][0xb6]Kj[0x1c][0xf4][0xf6][0xf9]D[0xff]<[0x88]@P[0xf5][0x84][0x94][0xcf]C)[0xfb][0xe][0xb7]d[0xb2][0x94]:r[0x9c]gF%U[0xf6]oO[0xfe][0x1]n[0x16][0xfb]t~[0xc4].[0xde][0x1e]ac[0xe7][0x17][0xfb][0x1f][0xf][0x8d][0xfd][0xf7]'[0x1f][0x8f][0xd8][0xdf][0xc1]#[0x2]ok[0xca])[0x9a][0xd4]>[0x93]o[0xcf][0xc1]xqg[0x8e][0xe7]tJw{3[0x9a]4r][0xd2]x[0xde][0xc1][0xd9][0xfb][0xa6]4?`x*[0x5][0xce][0xa7][0x8b][0xe1][0x9e][0x15][0xb9]M[0xda]:[0x4][0xe3][0xa6][0x86][0xfb][0xc5]:[0xe0]S[0xc][0xb9][[0xc3][0xa9]f[0xe4][0x9b][0x89]oS[0xd2][0xf6]p[0x13][0x9][0x12][0xba]Jj[0xcd][0xe3]_[0x5][0xaa][0xf2][0x89]f[0x96]^[0xd1][0xef][0xbf][0xa1][0xfb][0x91]922[0x9]q[0x89][0xf1][0xbd][0xb]L.[0x85][0xc7][0x99][0x93][0x98]3[0xc3][0x93][0xce]~[0x8a][0xc5]t'[0x3][0xd5][0xc9]C[0x85][0x13]u/[0xc7]h[0x86]K[0xe8]hE[0xc9][0xae][0xe4]lJ"[0xad]C[0xe6][0x9][0xaf]d[0x0][0xa6][0xa4][0xc8]![0xa9]"[0xdf][0xbd][0xb3][0xa1]?[0xb1][0xc0]d58[0xd8][0xdd]![0xe2][0x2][0xa6][0x2][0xdc][0x80]@[0xe6][0x1f][0xb4][0xcc]+[0x1e]1|[0x3][0x14][0xb]"ZR%[0x7][0xbc]Y[0xdf][0xc5][0xdb][0xa5][0x99][0x81][0xb9][0xb2][0x10]%[0x83]_[0xae]j[0x82][0xb7][0xe6]9`[0x8d]'m[0x9e][0x83][0xd5][0xb1][0xa4][0x8d]+F[0xe9][0xc4])J[0x9e][0xb8][0x10]`[0xc2][0xd1][0xf8]c[0xe7]t[0xd6][0x93][0x1c][0x2][0x4][0x90][0xf1]h[0xf4]|[0xb0][0x9e][0xe]9y`[0x15]q-[0x7][0xc]#t[0x81][0xae][0xbe][0x3][0xe7][0x2][0xed][0xdc][0x8c][0x9f][0xba]*[0x8d]B[[0x9b][0x99][0xc8][0xc6][0x11][0xcf][0x4]h6[0xa8][0xc0]G[0xf2]n,[0xf0][0x19][0xba][0x82][0xd1][0xb1]_[0xf0] [0xd0][0x82]3[0xbc]E<^B?[0x1][0xb9][0x2][0xa0]G[0xa3]L95 h[0x9a][0xa8][0xa7][0xe6]v[0xab]D?[0xe1]^_[0xda][0xc4][0x9b][0xd3]TM[0xa8][0x5][0xd8][0xe0][0xa6][0xd7][0xe5][0x10][0xc2]c[0x98][0xf5][0x91][0xce][0x1e][\r][0xc4]X[0xaf][0xd7]o[0xb6]7[0x8][0xd6][0xfa][0x92][0xa0][0xb6]6[0xb7]o[0x9a][0x8d]m[0x82][0x5][0xbf]G[0x1a][0xf5][0x1d][0x88][0x91][0xbf]|[0x6][0x11][0xc6][0xdb]g[0xe0][0xfb][0x1a]Z[0x93][0x8f]Ro[0xe7][0xd5][0x0]|[0x1c][0xe4][0x87][0x8][0x8d][\r][0xf0][0xc1][0x6][0xb8][0x81][0xf]e[0xf6][0xda][0x89]A/[0xe1][0xbe]jRn[0xe8]m[0xa1][0x9f][0x8c][0x1b]mX^[0x16]0[0xc7][0xc6]Q[0xf5]k[0x10][0xe0][0x16][0xff][0x1a][0x84]t[0xcb]KCs[0x8e]44&[0xd2][0xb0][0xb5]u_ih[0xbc]\^[0x1a][0x9a][0xa9]44[0x96]`a[0x93][0xa4][0xa1][0xb9][0xde]\[0x81]84I[0x1c]6^[0xb6][0x16][0x8a]C[0xa3]([0xe][0x8d]T[0x1c]29[0xa0][0x88][0x9][0xb9][0xac]tb<[0x80]X[0xe5][0xfd][0xc5]y[0xaa][0xb][0xbb][0xc1][0xcd][0xac]D@>#[0x1d][0xb7]<[0xb3][0xd7]W[0xca][0xec][0xed][0xe5][0x99][0xbd][0xbe][\n]"
DEBUG wire -  << "f[0xaf][0xaf][0x90][0xd9][0xeb][0xab]cv:[0xe8][0x15][0xaf][0xd5]N]Q[0xe0]7[0xf9][0xe4][0xcb][0xf3][0xb5][0xb5]R[0xbe]n-[0xcf][0xd7][0xd6]*[0xf8][0xda]Z!_[+[0xe3][0xeb][0xef][0xbf][0xe5][0x1c][0x13][0xc][0x9a][0xc1][0xe7][0x7][0xbd][0x8c][0x9e][0xec]5w[0xc9][0xc7]@[0xff][0xc4][0x9a]b[0xbf][0x9c]-[0xc9][0x95]Z[0xa1][0xc][0x90]#|/[0xb3][0xbe]~_[0x19][0xd8]\J[0x6]&[0x8]-a[0xd6]%[0x90][0x95][0x98]u[0x5]J[0x9a][0xf5][0xad][0xc7][0x9a][0xf5][0xa5]Y4[0xcf][0xd6]>[0x8e]E[0x1b][0xcb][0xb3][0xa8][0xb9][\n]"
DEBUG wire -  << "[0x16]5W[0xc7][0xa2][0xe6][0xb2],[0xca][0x8d][0xd2]w>9[0xcc]4L[0xf3][0x83]S[0xbd]O5[0x86]X"[0xee]9[0xe8]^3:n[\n]"
DEBUG wire -  << "[0xa3]X[0xba][0xe8]X"[0xb3][0xc0][0xcb]3[0xfd][0x1e]6w[0xa3]t:[0xa0][0x94][0xe9][0xad][0xe5][0x99][0xbe][0xac][0xcd][0x95]@[0x88][0xe9][0x8d][0xad][0xfa][\n]"
DEBUG wire -  << "[0xb8].mnk}I[0xdd]\[0xb][0x8a][0xf1][0xf6]y"B[0xa3];6[0xf0][0x9b]a[0xc0][0x17]LE[0xdf][0xb9]UO[0xd5][0xc4]f[0xb]O[0x1b][0xe6]g[0xbd][0xa8][0x9e][0xb6][0x87]{[0xdc]?;=[0xe6]&[0xec][0xdd][0x11]{y[0xb9][0x97][0x1e]FH[0x97][0xbe][0xa7]N[0x2][0xac]Q[0xbd][0xb5][0xea]n[0xb6]M[0xfe][0xd5][0xb3][0xcf][0xc2][0xb7][0x9d][0xde]%m[0x82][0xa7][0xec][0xe9]f[0xc]:[0x99]c[0x81][0x9b]/[0xdf]^,[0x13]7[0xeb][0x9b]Fc2[0x89][0xd4][0xca])[0x8b][0xf5][0xcd]:[0xbd][0x2][0x1a][0xa9][0x8a]k[0xd0][0x9][0xc7]UUy[0x12]([\n]"
DEBUG wire -  << "\[0xb5][0x9e][0x87][0xbf]p[0x93][0x1e][0xbd][0x99]F[0xed]r&[0xd0]5/[0x94][0xe2][0xf4][0x8]YJ[0x86]I[0x80]o[0x1]3[0x1][0xc6][0xeb]N[0xbb]A|xt[0xc0][0x9c][0x87][0xa6][0xed]-U]N`P[0xff][0xf6]&[0xd3][0xd2]/[0xfc]n[0x1c][0xee][0xde]{[0xe][0xeb][0xe4][0xe3][0xfb]w[0xf][0x9b][0xbe][0x8a][0xe7][0xcd]_[0xe1][0xb6][0xbf]7Q0[0x2][0x1f][0xe4][0xfe][0xf3]Bi[0xe5]B[0xe0][0x88][0xd3]3[0xe9][0x84][0xe7][0xff][0xa6])[0xe3][0xf5]fN"[0x9b][0xf7][0x9d]2[0xce]4[0xf5]q[0xe0][0xba]j[0xc5][0x86][0xd6][0xbe][0xed]a$[0xe4]b_[0x18]8~[0xc2][0xd6][0x99][0x9d][0xad][0x19][0xf5]pN)[0x9b]"[0xdb][0xcf]O[0x91]M[0x13][0x17][0x87][0x11][0xb4][0xa2][0xbe][0xc2][0x99]#[0x2][0xe9]o@F.p[0xd3][0xaa]u[0x96][0x98];K[0xf0][0xaa][0x17][0x4][0xc9][0xe4][0x80][0x88]z[0x92]_F[0xd7][0xe5][0xc0][0xa1][0xf4][0xc1][0xe9][0xdf][0xf3]\[0xc7][0xe4][0xaf][0xb8][0xc3][0x80]v%[0xc8][M[0xc][0x5]T1gj[0x1f][0xbd][0xca],l[0xa4][0xcd][0xa5][0xb1][0x10]o[0xfc][0xc2][0x93][0xee][0xa5][0xbb][0xe9][0xb7]W[0xbb]Cyj;[0xfd][0xb6][0xdc][0xc8][0xb2][0xe4][0x16][0xfa][0xed][0x95]n[0xb5]Dp[0x8b][0x90]z[0xe0][0xd6][0xab][0xe6][0xf6]J7[0x8b]![0xb8]E[0x18]>|[0xa3][0xd5][0xf6]J[0xb7][0xf6]![0xb8]E8.[0xb1][0xa3][0xaa][0xb9][0xbd][0x82]=[0xc4]Ep[0x8b][0xb1][0xbd][0xcf][0xf6][0xa9][0x92][0x11][0x1d][0x8e][0xe9][0xe2][0x8]9[0xd0][0xe8][0xa7][0x1a][0xdc]oi[0x10][0xb3][0xef][0xec]0[C[0xee][0x8e][0xd9][0xcc]"E[0xf6].$<[0xa6][0xa7][0xc9]c[0xac]~[0xd0]#e[0xa8][0xe1][0x9a][0xbd]'[0xde]A."R[0xd0]\svr[0xc9][0xb1]_<[0xb4][0x93][0x9a][0xbf][0xf9][0xe7][0xc3][0xe9][0x8][0xb6][0xba]}[0xe1][0x81][0xaf][0xce][0xba][0xc2][0xb7]5Mj[0x17][0x1e][0xd0]\[0xe0]i<z[0x7]X[0xe1][0xea][0x80][0x96][0xd9]47[0x8d][0xad][0xed][0xd6][0xcb]M[0xbb][0xb1][0xdc][0xc9]vc[0x85][0xc8]OA{[0xcc][0x9b][0xc0][\n]"
DEBUG wire -  << "[0xaf][0xaf][0x9e]z[0x9d][0xe6][0xda][0xde][0xd3][0xda]_[0x19]x[0x80][0x7][0x87][0xfb][0x17][0xfb][0x9f][0xd9]_kO[0xf1]u[0x99][0x9d]Q[0xe8][0x89][0xab][0xb8][0xf0][0xc2]^y[0xe6][0xfe][0x94]'[0x3]mG+y[0xe9]m[0x1e]Mz[0xaf].[0x9][0xe4])[0xf4][0xdb][0xb9][0x81][0x1a][0x8][0xcf][0xc0][0xb7][0xeb]&[0x11][0xbe][0x19][0xc0]B[0xa2][0xbc][0xac])[0xc6][0xfd]u[0xb7][0xbb][0x88][0xc9][0xe5][0xe5][0x1e][0xe2][0x90];[0xc2]y7[0xf6]e[0xc8][0x87]=[0xc2]7[0xe][0xb9][0x87]/[0xf1][0xa5][[0xe3][0xa1][0xad]wk[0x1e][0x1b][0xc]=[0xee]?[0x3], [0xe4][0x1a][0xe2]{[0xae]{[0xdd][0x86]h6[0xb7]^[0xf6][0xba][0xf4]J^[0xac][0xce][0xaf][0xf8]MG[0xe][[0x82][0x83][0xcf][0xb9][0xd7]t[0xcf]y[0x1]0[0xb7][0x81]3_j[0xf4]e`[0x15]<[0x8f][0xf][\r][0xe1]{j:[0xb8][0xd1][0x3][0xdf]([0xac][0x9d][0xa3]=R[0xbe][0x99][0xcd][0x8e][0x1d][0xe1][0xda]1[0xe3][0xe0]U`[0xdc][0x87]E[0x85][0xfd]LSxDP[0xc][0x6],[0xed][0x86][[0x1e][0xf][0xdb][0x89]q}[0xae][0x83][0x1b]eb[0x17]|P|w[0xb7][0xae]y<[0xe][0xfc]hL/[0xf2][0x96][0xcd][0xee][0x9f][0xbd][0xeb][0x1c][0xef]<[0xf8][0xf9][0xcd][0xc9]Q[0xbb][0xe9]E[0x1c]HK[0xdc]Rx[0x8c]W[0xbe]j;=[0xee][0xc6]B[0xd7][0xf0][0xcd]bS)tf[0x1b]K[0xf][0xa0][0x99][0x13][0xff][0x0]/[0x9b]Q[0xb9][0xb7][0x90][0x1d][0xc][0xad][0x1][0xe6][0xa6][0xaf]H[0xd4]v[0x92]h[0x8][0xf5][0xbc][0x0]%g[0xe8][0xc9]g([0xa9][0xee][0x11][0xc2][0xb7][0x9f][0x13][0xc6][0xe7][0x3][0xd0]?@QPk[0xe7]ta[0xa8][0x96]5[0x86][0xc2][0x86][0xad]\[0xea][0xc0]n[0x92],yT[\r]2[0x9c][0xc6][0xb6]O[0xef]r[0x96][0x9][0xf0][0xeb][0xf4][0xec][0xe8][0xef][0xf8][0x8a]s\[0xc8][0x8][0x86]X[0xf9][0xe3][0xd1]]@[0xca]G[0xdc]"[0xa8]k[0xa7][0xef][0xf7][0xee][0x9c]_[0xec][0x9f]a[0x1a][0xf8]s[0x11][0x84][0xe4][0xd8]>M[0x89]WN[0xab][0x93]"'[0xa7]T"[0x8]g[\n]"
DEBUG wire -  << "[0x1c]z[0xff][0xbe]s~pvt[0xf4][0x11][0x8a][0x1c][0xf][0xe5]J,[0xe0][0xcc]*[0xc7][0x98][0xf1][0xf6][0xd3][0x87]7[0xe7][0x90]u[0x81][0x1d][0xf0][0xb9][0xe3][0xc6][0xac][0xf2][0x13][0xe6][0x1c][0xbc]?9?[0x82][0xc]"[0x1b][0xab][0x1c][0xc5][0x16][0xa6][0x1e][0x9d][0x9d][0x9d][0x9c]Qq[0x91][\n]"
DEBUG wire -  << "[0x6]nTRwzY[0xdc]G[0x1][0xea][\n]"
DEBUG wire -  << "Ze[0x14][0xb6][0xc9]^u[0xa3]/[0xb5]=[0xa6][0x96][0xa8][0x93]h[0xcc]x[0x1f][0xb7]_[0xd2][0xa5]f&[0xc8]:[0xd0][0x97][0xd6][0x1e][0xa3][0x4]I2[\n]"
DEBUG wire -  << ";}[0xd0][0x17][0x2]%[0xe1][0x9b]F[0xb7][0xfb][0xd2][0x0]M[0x99]&[0xdf][0xa1][0xad]^[0x89]-+)&[0xa9]w[0xd1][0x97]e[0xe1]~[0xb1][0x99]dH[0xc7][0xe5]#[0xf0][0x8c]1[0xf][0x8a]\[0xd1][0x8f][0xc5][0x82][0xad][0xfa][0xfa]%[0xbd][0xfb][0xe3]K[0xc9]]1_[0xd4]E P[0x8][0x1][0xc1]0[0xe3]KM[0xb6]'[0x17][0xd5]o[0xd3]Q>t[0xf6]a$[0xa4][0xaf]Q}[0xdf][0xa8][0xfb]$[0xec]~p&[0xe2][0xa1][0x9b][0xc4]([0xe][0x1][0x90][0x9a][0x1e][0xc0][0x8b][0xc6];K[0x81][0xf][0xe0][0xd6][0xcb][0x2][0x90][0xdf]P[0xd9]*[0x17]l[0xb3]`[0xc3][0x90][0xa6]X[0xe9][0xe8][0x1b][0x8f] [0xb8]b_[0xc5][0x98][0xd6][0xd5][0xc1]Ta[0xd2][0xa8][0xf3][0xc7][0x93]v~[0xb0][0xa7][0xda]y[0x0]$[0xf4]&[0xe4][0xa4][0xaf][0xb0]Q[0xc7][0xa1]W[0x12][0xab]g3[0x1d][0xd2]@1[\n]"
DEBUG wire -  << "[0x9f][0xb2]^[0x82][0xfc][0xc]E[0xc7]u<'[0xe9][0x88][0x1b]K[0x8][0x9b]j[0xff][0x1c][0xc][0xd9][0x80][0xe3][0xde][0xb6][0x4][0xf][0xbc]'r[0xd7][0x1a][0x15][0xc6][0xe5]u[0x86]h[0xd3]"alJ[0xcd]&T[0xed][0xb8][0x83][0x93]"[0x12] v(f*][0xae][0x1b][0xf2][0x1b][0xc7][0x1b]zL"A[0xf3]'*\rbx[0x92][0x1d][0xf9]UDA[0xa7];N[0xe8][0x16]2A[0x92][0xe][0xb9][0xb4]"[0x9][0xdf][0x88][0xcd][0xd8],[0x88]3[0x8][0xfc][0x0]E[0x19]h[0xe0][0x83]6wl[0xaa][0x88]f[0x82][0xf4]l[0x84]w[0xe4]'[0x19][0xc][0xf2][0xca][0xd4][0xfc]Z[0x88][0xeb][0xf9]I[0xa2][0x82][0xb6]XX[0xc3][0x8]w[0x9c]E[0x2]u!u[\r]Ju[0xb8][0xdf]![0xa9][0x9f]F[0x5]!p[0x9f]Q[0xde]\[0x8c]0[0xb3][0xe3][0x9]/[0x88][0xc6]y[0x2][0xa0][0x14][0x96][0xa6][0x94]Ug[0xb4][0x9]][0xc8][0x8d][\n]"
DEBUG wire -  << "[0x13]X[0xb6][0x3][0xca][0x11][0x83][0xc9]8[0xf][0x8f][0x10][0x83].[0x9e][0xef]F[0x82]r[0xbf]@q$[0xf5]<[0x1c][0xd5]%[0x1][0x1d][0x1][0xb2][0x15][0x1][0xac]}[0x9f][0xd1]O[0x16]Xt[0x82][\r]oP$`[0x92]m[0xe6]\][0x2][0xe2][0xec][0xc4]1[0xbe][0x6]N[0x96][0xec][0xc8][0xb1][0xc][0x9a][\n]"
DEBUG wire -  << "[0xec][0xda][0x88]6)[0xe2]NK[0xa7]?T[0xfb].[0xa9][0x99][0xc][0x9e]rs[0xa9])[0xdc][0x83][0x88][0x1b]6[0xd1]x[0xe1][0xce]X<x[0x85][\r]([0xc0][0xa5][0x2][0xeb][0xf1]1na[0x1c][0xa7][0xe2][0xd5][0xc8]([0x87][0xda]$[0xeb][0xde][0xdb][0x8b][0x8b]S[0xd5][0xf2][0x4]`[0xf][0xf4].[0x1][0xfa]$[0xeb][0xca]g,[0x0][0xf1]rg[0xba]P[0x8e][0x0]2[0xb]75ND[0x8c][0xf6][0x9e]`/~h[0xfc]%[0xee][0xca]y[0x15]UPD?4[0xff][0x12]O[0xc1][0xa5]qe?d[0xb8]@[0x1e][0x9e]T3[0xa8][0xb9][0x14]2ns[0xf5][0xe5]n[0xc][0xe0][0x9][0xa8][0xe3][0x88][0xa9][0xc6]Iz[0x82][0x8c][0x2][0xef]N&[0xfd]O[0x85]>[0xcb]<OGAV[0x84][0x86][0xb7][0x85][0x9b][0x9d]][0xd9][0xfd]clU&H[0x1a][0xa9]~[0x80]Y[0xc5][0xfb][0x11]&TT[0x9][0xa6][0xf4]:P8 [0xef]P[0xfd][0x2][0xb3][0x13][\r][0xfd][0xd4][0xff];H[0x19]6[0xeb][0xcd]M[0x12]K[0xd4][0xc7][0x8][0xcd][0xb][0xae][0xa5][0x2][0xa2]=8[0x11][0x8f][0x7][0x8][0x91][0xf0][0xeb]d[0xf4]GW[0x14][0xaa]6[0xac][0x1f]b[0xfa][0xb6]A[0x81][0xc5][0x8a][0x8f]XW[0x9]o[0xaa][0x9][0xf1][0x82][0xa8]Nz[0x13][0x97][0x82]B[0x1a][0x91]$4[0xf2]>[0xc4][0x8]q[0x1f][0x4][0x17][0x8][0xc9][0xe2]a$^g8uH[0xb7][0xfd],b[0x9d][0xc9][0x4][0xe6][0xa0][0xb7] )"3?[0x6][0xba][0xa2][0x90][0xcc][0xf3][0x3][0x9f][0xdc][0xbe][0xee][0xf6][0xc6]:ov[0xed]n[0x13][0x12][0x97][0xf3][0xe3]R]~?[0xa3]Y[\n]"
DEBUG wire -  << "[0xe5]5[0xa1][0xd5][0xde][0xd8]j[0xd6][0xb7]7[0xea]]kC[0xa3][0xd7][0xc3][0xc7][0x83]N<[0xea]u[0x16][0x3]-[0xba][0xfd])B[0x93]_&[0x1]3[0x1][0x98][0x14][0xa3][0x84][0x8c][0xfd][0xe7]o[0xf2][0x1e][0x10][0xa4]/F[0x92][0xe4][0xff][0x82])A[0x9e][0xde]$J[0xb9]A[0xe6]_[0xb5][[0xf0][0xe2][0xe4][0x91]L[0x9e][0xba][\r]:[0xf6][0x15]#[0x7][0xee]u[0xd2][0xfe][0xcb][0xf4][0x11][0x8f]|)[0x7][0x1f][0xd4][0xb8][0xf1][0xc1][0xa1][0x82]a[0x11][0xf4][0xa4][0xa9]B[0xbd]n[\r][0xd0][0xaf][0x6][0xb1]G+[0x95][0x8a][0xfc]E[0xba][0xe3]e[0x9c][0x9a]=5[0xa4][0xec][0xc2]p[0xa4]"4[0x8]I[0xfd][0xcc][0xea]A[0x94]J4/[0x19][0xe0][0x9f]g[0xe0][0xa1][0xbd][0xf0]-[0xb0]I[0x18]Sd[0xf6][0xa8][0xc][0xd4][0xed][0x9f][0x82][0xfa][0xa7][0xa0][0xfe][0xdb][\n]"
DEBUG wire -  << "[0xea][\n]"
DEBUG wire -  << "[0xe2]T[0xa9][0xdf]=[0x11][0xc7][0xd2][0xf7]R-[0xf7][0x9c][0x1b][0xb9]\[0x8a][0xd9][0xe4][0x5][0xd3][0x8c]<[0x18][0x8a]9[0xc2];[\n]"
DEBUG wire -  << "";sH[0xf1][0xda]9I[0x95][0x94][0xc8][0xa9]A[0x90][0xcd][0x1][0xc3]0[0xe2]'[0xf4]#[0x15][0x9d]C5:[0xe4][0xa0][0x9e][0xc8][0xcb][0xf1]x[0x82][0xb1][0xab]f[0x7]B:[0x82]2[0x81][0xa6][0x13][0x1c][[0xde]:C[0xd5]0[0x8f][0xd2]pP[0xe][0xe5]5t[0x82][0xe6];[0x8][0x1c][0xfa]D@[0xe][0xf0][0x0][0x18][0x84]4[0xe4][0x97][0xd9][0xd2][0x93][0xa0]y[0x9][0xb2]a[0xdc][0x5]T[0xed]1[0x4]u[0xca][0xbc][0x97][0xda][0xb0]#[0x8a][0xa7][0x1a][0xe8]|[0xd8][0x9d][0xd5]^[0xf4]c[0x84][0xaf][0xee][0x85][0x86][0x94]f"_F[0xdd][0xa6][0xc0][0xf0][0xfa]R[0x9a][0xf3]A[0xf][0xb2]D[0xd7][0xcd]([0xb8][0x2][0xb9][\n]"
DEBUG wire -  << "[0xb5]i2[0xb][0xef][0xd0][0xce][0xa6]eT[0x97][0xf]d[0xbb]?c[0xbb][0x7][0xb2]][0xf0]+[0xf7][0xe5]y[0x9f]SZMq[0xa2]8[0xa1][0x19][0x9a][0xc9]Mo}[0xbd][0xab][0xdb][0xd5]o[0xd8][0x96][0xd5][0xee][0xd2][0xdd][0xb1][0xdf][0xbf]w[0xcb]/Z[0xa3][0x93][0x9a]ZU?lk[0xc4][0xdd][0xf3][0x4][0xe5]B?jC`I[0x9]1&X[0xe0][0xc7][0x3]+[0xf4][0xe3][0xb6]vx[0xf2][0xe1]@[0x6][0xbe][0xef]i[0x84]j[0xfa]Om[0x8d][0xdb][0xf6][0xd1]5&[0x81][0x8f][0x8c][[0xb7]4[0xfd]m[0x1b][0xc2][0xde][0xb][0x88][0x11] [0x1a][0xdf]M1c[0xbd]J[0xf5][0xdb]_[0xde][0xef][0xbf]1e[0xdf]+[0xf7][0xb8][0xd5][0xf1]*[0xbd][0xf9]3[0xbd]f[0x15][0xc2][0xf3][0xaa]9[0xe2]NR[0xa9].[0x1][0xc6][0xf0][0x9c]>[0xee]0[0xa3][0xe9][0xcb][0x7][0x81][0x9c][0xbe][0xf1]3t[0x10][0x8e][0xbc]D[0xb5][0x16][0xe][0xbb]0[0xb4][0xb0]5u[0xf7][0x1a][0xce][0xf9]I[0xf8][0xf][0x6]<[0xef][0xee]V[0x0][0xde]u[0xe8][0x0][0x13][0x8c] [0x1b][0xef][0xae][0xbc]g[0x3]%[0xc4][0x18]:5P[0xae]+[0xa0][0xc2]#[0xaf][0xc9]][0x6]qPo"tpS[0xc4][0xc3][0xd1]/[0x87][0xa8]^&[0xbe]"h^[0x0][0xec][[0x15]0[0x9a][0xce][[0xb2][0xa3][0xa9][0x97][0x1][0x98][0xdd]8Kb[0x96][0xc1][0xca]\[0x97][0xd5][0x80][0x3]Ec[0xe3]I[0xc5][0xe5]%[0xb2][0xec]&[0xde][0xab][0xfc]5[0xc2][0x9]h')?8[0x8e][0x2]i[0x81][0x8c][0xf1]][0xef]t/[0xff][0x1f][0x84][0xfb]4[0xa5]W[0x5][0xb7]p[0x13][0xf4][0x8a][0xc1][0xdf][0xe7][0xf2][0xe3][0xc7][0x11][0x9e][0xae][0xc7][0xf7][0x13]#[0x12][0xa1];~[0x4][0xd6][0xb4][0xaa][0x18][0xd7][0xe4]F[0x82][0x14][0xe7]n[0x10]$8[0xcf][0x13][0x92][0x9a]M[0x1f]V[0x5][0x1d]`J[0x0]K[0xcb]Z[0x18][0xc4][0xe][0x9a][0xd4][0x95])+|_[0xda]R[0xb0][0xd0][0xa1]k4[0xc6][0xab]B[0x88][0xe7]&[0xc3][0x97][0xa3]V<[0xec][0xf7][0xf1]N[0xe8]%[0xe4]z[0xbe]%[0xce][0xfb]q[0x8f][0xb1][0xc3][0xf0]H[0xf7]'?[0xb2][0x8b]s[0x97][0x95][0xe9][0xbe]([0xb9][0xb6][0xbc][0x1c]G[0xe6][0xb7][0xf0]h[0xf][0xea]AK[0xcb]K[0xd2][0x4]\f[0xdc]s[0x1e][0xc5][0xb5]ktF3[0x90][0xbb][0xb7]o+[0xb9][0xab][0x8d][0x9d]^[0x85]V.4[0xc7]g[0x16]=>[0xb3]>[0xd7]/[0xab][0xdf][0xde]N[0xae]66[0xf1]([0xbf][0x10]zs[0xa3][0xba][0x1b][0x89]d[0x18][0xf9][0xb7]V[0x1b]K[0xdd][0xd2]"-x[0xda][0xc5]}[0x8d][0x9a][0xc4][0x1a][0x9c]k[0xd1][0xa6]e[0xab]]n[0x6]tt[0xb1][0xcd]?[0x1f]][0xb6][0x8b][0xcd]W[0xf8][0xe7][0xc3][0xcb][0x17]/[0xf0][0xf3]Y[0x1b]7MH[0xd1][0xd7]&I2"[0xd6][0xaa][0xdf][0xbf][0x8b][0xea]7[0x89][0x0][0x93][0xcb]aE[0xb8][0xfe][0xd0]uwE[0x1b][0x83][0xfc]]p[0xb8]o[0xd5][0xe5][0xc9][0xf][0x12]w[[0xf4][0x4]N[0xb9][0x1b][0x93][0xa5][0xed]8'[0xf5].[0xef]*J[0xbe]N[0xdf][0xd3][0xb0][0xae][0xed]Z[0xd3]72[&[0x85]'[0x7]x#c[0xf5]V[0xaf]Ww[0xa1][0xa3]][0xe8]N[0x9b][0x90]|[0xf1][0xa2][0xfb][0xf9]'[0xa0]1[0xa5]h[0xe9][0xfc][0xe9].&V[0x8e]u;O[0xa0][0xae][0x19][0x9][0x9c]~-D[0x19]XH'[\n]"
DEBUG wire -  << "Tw%[0x8c][0x8c]j[0xb7]*[0xfd][0xf6][0xb6]Z[0xc1]06[0xbb][0xf][0xba][0x9a][[0xd4][0x9f][0xec]7[0xad][0xe1][0xfd][0xca]t[0xdf]r[0xe2][0xb9]x[0xdf]2^[0xd3]|8[0xf6][0xb9][0xe7]X[0xf2]f[0xe5][0xf4]D[\n]"
DEBUG wire -  << "[0xcd]i[0xd7][0xcd][0xc6][0xc6]&[0x93]/[0xb0][0x89]MyU3[0xd6]8[0xa0][0xb8]r[0xba]Bw[0xcc][0xfe]qj[0x9c][0xf]C[0xd0] T[0x2]7)6[0xeb][0x8d][0x97]F[0xbd]a4Z[0xac][0xb1][0xb5][0xb3][0xb1][0xb9][0xd3][0xd8] 8[0x12]P[0x8c][0x85]![0xea][0xc4][0xc2][0x90][0xfa][0xff][0x0][0xf9][0xa8]G[0xc3][0xdd][0xa4][0x0][0x0]"
DEBUG RequestSpecificationImpl$RestAssuredHttpBuilder - Parsed data to instance of: class org.apache.http.conn.EofSensorInputStream
DEBUG RequestAddCookies - CookieSpec selected: default
DEBUG RequestAuthCache - Auth cache not set in the context
DEBUG PoolingHttpClientConnectionManager - Connection request: [route: {}->http://localhost:2064][total kept alive: 2; route allocated: 1 of 2000; total allocated: 2 of 2000]
DEBUG PoolingHttpClientConnectionManager - Connection leased: [id: 1][route: {}->http://localhost:2064][total kept alive: 1; route allocated: 1 of 2000; total allocated: 2 of 2000]
DEBUG MainClientExec - Stale connection check
DEBUG wire - http-outgoing-1 << "[read] I/O error: Read timed out"
DEBUG DefaultManagedHttpClientConnection - http-outgoing-1: set socket timeout to 10800000
DEBUG MainClientExec - Executing request GET /session/e9c2f5b492893b90288674161d6e7d46/element/0.01484094461664287-9/attribute/href HTTP/1.1
DEBUG MainClientExec - Target auth state: UNCHALLENGED
DEBUG MainClientExec - Proxy auth state: UNCHALLENGED
DEBUG headers - http-outgoing-1 >> GET /session/e9c2f5b492893b90288674161d6e7d46/element/0.01484094461664287-9/attribute/href HTTP/1.1
DEBUG headers - http-outgoing-1 >> Cache-Control: no-cache
DEBUG headers - http-outgoing-1 >> Host: localhost:2064
DEBUG headers - http-outgoing-1 >> Connection: Keep-Alive
DEBUG headers - http-outgoing-1 >> User-Agent: Apache-HttpClient/4.5.3 (Java/1.8.0_161)
DEBUG headers - http-outgoing-1 >> Accept-Encoding: gzip,deflate
DEBUG wire - http-outgoing-1 >> "GET /session/e9c2f5b492893b90288674161d6e7d46/element/0.01484094461664287-9/attribute/href HTTP/1.1[\r][\n]"
DEBUG wire - http-outgoing-1 >> "Cache-Control: no-cache[\r][\n]"
DEBUG wire - http-outgoing-1 >> "Host: localhost:2064[\r][\n]"
DEBUG wire - http-outgoing-1 >> "Connection: Keep-Alive[\r][\n]"
DEBUG wire - http-outgoing-1 >> "User-Agent: Apache-HttpClient/4.5.3 (Java/1.8.0_161)[\r][\n]"
DEBUG wire - http-outgoing-1 >> "Accept-Encoding: gzip,deflate[\r][\n]"
DEBUG wire - http-outgoing-1 >> "[\r][\n]"
DEBUG wire - http-outgoing-1 << "HTTP/1.1 200 OK[\r][\n]"
DEBUG wire - http-outgoing-1 << "Content-Length:102[\r][\n]"
DEBUG wire - http-outgoing-1 << "Content-Type:application/json; charset=utf-8[\r][\n]"
DEBUG wire - http-outgoing-1 << "[\r][\n]"
DEBUG wire - http-outgoing-1 << "{"sessionId":"e9c2f5b492893b90288674161d6e7d46","status":0,"value":"http://pros.unicam.it/cherry-pi/"}"
DEBUG headers - http-outgoing-1 << HTTP/1.1 200 OK
DEBUG headers - http-outgoing-1 << Content-Length:102
DEBUG headers - http-outgoing-1 << Content-Type:application/json; charset=utf-8
DEBUG MainClientExec - Connection can be kept alive indefinitely
DEBUG PoolingHttpClientConnectionManager - Connection [id: 1][route: {}->http://localhost:2064] can be kept alive indefinitely
DEBUG PoolingHttpClientConnectionManager - Connection released: [id: 1][route: {}->http://localhost:2064][total kept alive: 2; route allocated: 1 of 2000; total allocated: 2 of 2000]
DEBUG BasicClientConnectionManager - Get connection for route {}->http://pros.unicam.it:80
DEBUG DefaultClientConnectionOperator - Connecting to pros.unicam.it:80
DEBUG RequestAddCookies - CookieSpec selected: ignoreCookies
DEBUG RequestAuthCache - Auth cache not set in the context
DEBUG RequestTargetAuthentication - Target auth state: UNCHALLENGED
DEBUG RequestProxyAuthentication - Proxy auth state: UNCHALLENGED
DEBUG DefaultHttpClient - Attempt 1 to execute request
DEBUG DefaultClientConnection - Sending request: GET /cherry-pi/ HTTP/1.1
DEBUG wire -  >> "GET /cherry-pi/ HTTP/1.1[\r][\n]"
DEBUG wire -  >> "Accept: */*[\r][\n]"
DEBUG wire -  >> "Host: pros.unicam.it[\r][\n]"
DEBUG wire -  >> "Connection: Keep-Alive[\r][\n]"
DEBUG wire -  >> "User-Agent: Apache-HttpClient/4.5.3 (Java/1.8.0_161)[\r][\n]"
DEBUG wire -  >> "Accept-Encoding: gzip,deflate[\r][\n]"
DEBUG wire -  >> "[\r][\n]"
DEBUG headers - >> GET /cherry-pi/ HTTP/1.1
DEBUG headers - >> Accept: */*
DEBUG headers - >> Host: pros.unicam.it
DEBUG headers - >> Connection: Keep-Alive
DEBUG headers - >> User-Agent: Apache-HttpClient/4.5.3 (Java/1.8.0_161)
DEBUG headers - >> Accept-Encoding: gzip,deflate
DEBUG wire -  << "HTTP/1.1 200 OK[\r][\n]"
DEBUG wire -  << "Date: Mon, 14 Jan 2019 17:23:54 GMT[\r][\n]"
DEBUG wire -  << "Server: Apache/2.4.18 (Ubuntu)[\r][\n]"
DEBUG wire -  << "Vary: Accept-Encoding,Cookie[\r][\n]"
DEBUG wire -  << "Cache-Control: max-age=3, must-revalidate[\r][\n]"
DEBUG wire -  << "Content-Encoding: gzip[\r][\n]"
DEBUG wire -  << "Content-Length: 9440[\r][\n]"
DEBUG wire -  << "Keep-Alive: timeout=5, max=100[\r][\n]"
DEBUG wire -  << "Connection: Keep-Alive[\r][\n]"
DEBUG wire -  << "Content-Type: text/html; charset=UTF-8[\r][\n]"
DEBUG wire -  << "[\r][\n]"
DEBUG DefaultClientConnection - Receiving response: HTTP/1.1 200 OK
DEBUG headers - << HTTP/1.1 200 OK
DEBUG headers - << Date: Mon, 14 Jan 2019 17:23:54 GMT
DEBUG headers - << Server: Apache/2.4.18 (Ubuntu)
DEBUG headers - << Vary: Accept-Encoding,Cookie
DEBUG headers - << Cache-Control: max-age=3, must-revalidate
DEBUG headers - << Content-Encoding: gzip
DEBUG headers - << Content-Length: 9440
DEBUG headers - << Keep-Alive: timeout=5, max=100
DEBUG headers - << Connection: Keep-Alive
DEBUG headers - << Content-Type: text/html; charset=UTF-8
DEBUG DefaultHttpClient - Connection can be kept alive for 5000 MILLISECONDS
DEBUG RequestSpecificationImpl$RestAssuredHttpBuilder - Parsing response as: text/html; charset=UTF-8
DEBUG wire -  << "[0x1f][0x8b][0x8][0x0][0x0][0x0][0x0][0x0][0x0][0x3][0xed]}[0xeb]r[0xdb][0xb8][0x92][0xf0][0xef][0xf8])[0x10][0xe6]L,[0xcd][0x90][0xd4][0xc5][0xd7][0xd8][0x96]s[0x1c][0xc7][0x99][0xc9]W[0xb9]U[0xec][0xec][0xd9][0xd9][0xc4][0xab][0x82]HH[0xa2][0xc3][0xdb][0x10][0x94]e[0x8d][0xe3][0xaa]}[0x90][0xef][0xab][0xfa][0xde]a[0xdf]`[0x1f]e[0x9f]d[0xbb][0x1b] EJ[0x94]e[0xc7][0x9a][0xb3]{[0xb6][0xc6]3[0xb1]I[0xa0][0xd1]h4[0x1a]}[0x1]q9x[0xfc][0xf2][0xfd][0xf1][0xd9][0xaf][0x1f]N[0xd8]0[\r][0xfc][0xc3][0xb5][0x3][0xfc][0xc3]|[0x1e][0xe]:[0x86][0x8][0xad]O[0xa7][0x6][0x8b][0x13][0xd1][0xf7][0xae]:F4[0xd8][0x3][0xa0]4[0xde]k4[0xa2]Al[0x7][0xa2][0x11][0xca]'[0xc6][0xe1][0x1a][0x94][0x11][0xdc]=\{t[0x10][0x88][0x94]3g[0xc8][0x13])[0xd2][0xce][0xfa][0xa7][0xb3]W[0xd6][0xee]z[0x9e][0x1e][0xf2]@t[0x8c]KO[0x8c][0xe3](I[\r][0xe6]Da*[0xc2][0xb4]c[0x8c]=7[0x1d]v\q[0xe9]9[0xc2][0xa2][0x17][0x93]y[0xa1][0x97]z[0xdc][0xb7][0xa4][0xc3]}[0xd1]i[0x19][0x88][0xc5][0xf7][0xc2][0xaf],[0x11]~[0xc7][0x88][0x93][0xa8][0xef][0xf9][0xc2]`C [0xad]ch[0xa2][0x6]A<[0xb0][0xa3]d[0xd0][0xb8][0xea][0x87][0x8d][0x16][0x95]yt[0x90]z[0xa9]/[0xe][0x8f][0x87]"I&V[0xec]1[0x8b]}[0xf8][0xf8][0xfe][0x14]9BJ![0x19][0xf]]v*[0x12][0xac]\[0xb2]7[0xbc]w[0xd0]PE[0xd6]X[0xe1][0xe7]@:[0x89][0x17][0xa7],[0x9d][0xc4][0xd0][0x86]T\[0xa5][0x8d][0xb]~[0xc9]U[0xaa][0xc1]<[0x17]Z[0x11][0x8f][0xfa][0x16][0xf2]m[0xc4][0x7][0xc2][0xd2]9e,[0xf8]s[0xc9][0x13][0x6][0xb4]DIW[0xa6]I7[0xea]][0xb0][0xe][0xbb][0x9e][0x83][0xc2][0x9f][0xf5]D[0xfc]6[0xf2][0x12][0xe1][0xae][0xb3]=[0xb6][0xee]I[0x96][0xbf][0x9b][0xd5][0xf0][0x81]'[0x3][0x9e]:C[0x82]w#hN[0x18][0xa5]L%-(r[0xc9]}[0xcf][0xe5][0xa9][0x17][0x85]Y%X[0x84]R[0xd7][0xe7]J[0xdc][0x94]Y[0xd2]Pm,7q[0xed][0xe0][0xb1]e[0xb1][0xb3]!`[0x92]^*[0x18][0xfc][0x8d][0xe2][0xd4][0xb][0xbc][0xdf][0x85][0xcb][0xc6]^:d[0xe9]P[0xb0]_#.Svz[0xf2][0x9e][0xc5][0xfe]h[0xe0][0x85][0xec][0xf2][0x99][0xbd][0x9]][0x83][0x1d])[0xa1]''[0x98]o;Q[0xd0][0x18]G[0x89][0xb][0xf2]'eCA[0xca][0x86][0x14]Q[0x83]Y[0x16]H[0xea]T[0x1e][0x1c][0x1e]F[0xa1][0x7][0xa2]2#[0x11] '[0xd2][0x1e]aN`{i[0xc3][0xc9][0xa4][0xa0]a[0xb0][0x6]  [0xb1][0x4][0x98]X$[0xe9][0x84][0xe4][0xdb][0x8f]P[0xde][\n]"
DEBUG wire -  << "[0xb2])[0xc2].[0xe][0x81]jh[0x94][0x86][0x2],OR[0xcf][0xc1][0xd2][0xb][0xa0]Q[0xac][\n]"
DEBUG wire -  << "[0xe0][0xf7][0x90][0xc9]E(][0xa1][0xfa][0x0][0xfa][0xaf][0x80][0xf8]i[0xd8][0x93][0xf1]>[0x83]q[0xfd][0xe9][0xed][0xc9][0xbb][0xb3]S[0xf6]1[0xf2][0xfd][0x1e]w[0xbe][0xb2][0x8f][0xc2][0x89].E2[0x81][0xe1][0x5][0xf8][0xa5][0x84]rV[0x8f]K[0xe8][0x9a][0xf]I4Hx[0x10]x[0xe1][0x80][0x9d][0x8e]z[0x81][0x97][0xa6][0x90][0xfa][0x96][0x87]#U[0xc3][0xfc]x[0x19][0xb9][0x82][0xc9]h[0x94] U/ON[0x8f]?[0xbe][0xfe]p[0xf6][0xfa][0xfd];v[0x16]A7p[0x7][0x86]G[0xc4]Fa?[0x82][0xfe][0x12]"d[0x8e][0x97]8[0xa3]@[0xa6]<[0xc4][0x2]Q[0xc2]@[0x1]@[0xc3]x/[0x8c][0x92][0x80][0xfb]( #[0x92]=[0xc9]j[0xc2][0x1e][0xd8]&KF![0xc8][0x8a]P[0x3]D[0xd6][0x91]L[0x10][0x82][0x80]z[0x10][0x1]-[0x7][0x1a][0x98]x[0xe][0x93][0x13][0x99][0x8a]@[0x9a][0xc8][0xe][0xa2][$[0xc0][0xb5]DP[0x9][0xd0]?[0x3][0xc1][0xa2]>[0xfb][0xcf][0xfb][0xbf][0xa3][0xd0][0x8d][0xa0]M[0xff][0xf9]o[0xff][0x8f][0x4][0xcf][0x3][0x16]%@)U:[0x1e]z[0xce][0x90][0xf9][0xd0]N[0xa0][0x9b][0x87]@:[0xf0][0x13][0x7][0x18][0x3][0x9a]Sac[0xbb]80[0x9]D5E[0x81]N[0xb9][0xfc]j2Y[0xe2][6[0xe0]%[0x3][0x19]d= [0x1d]*[0x1c]C[0xc6][0xd3][0xa1][0xf0]}/[0xde]_[0xd4]u[0xa3][0xc4]/t[0xd9][0xf7][0xca]+[0x8e][0xb1].*[0xd6][0x2][0xae][0xbb][0xcb][0x92][0xd2][0xc8][0xe9][0x18];;[0xd9]sx[0xe2][0x16][0xd0][0xc8]Q[0x10][0xf0]d[0xb2][0x10][0xfc]O[0xd9][0xfb][0x1f]+{[0x9f]3[0xe1];_[0xd8]{[0xab]QFe[0x9c]^[0x0][0xc4],[0x15][0xea]qli[0x88][0xc6]([0xf6]#[0xee][0xca]F[0xbb][0xd9][0xda]i[0xb4][0xda][0x8d][0x9f][0x13][0x1e][0x3]_([0xd1]z[0x5][0x6][0x1e][0x15][0xac][0xf5][0xc1][0xed][0xdb][0x9e][0x13][0xa9]j[0x8b]vx[0x9d][0xc7][0xb1][0xaf]{[0xa7][0xe1][0xbb]?]H0c[0x87][0xd7][0xc6]_[0x9][0xff]Uj[0xec][0x19][0x99]A[0x91]0[0x94][0x2][0x8e][0xce][0x81]a[0x1a]%[0xbd][0xbd]g[0xbc]O[0x6]<[0xf4]~[0xa7][0xf2][0x90][0x8c]#ro[0x1][0xd1][0x90]-[0xa1][0xad]G[0xd2][0xd8][0xfb][0x9c]#[0x1d][0x8f][0xc7][0xf6]$[0x1a][0xa5][0xa3][0x9e] [[0x5][0x9d][0x1f][0x86][0xc2]o|:[0xee][0x1e][0xff]v[0xf5]6}[0xd9]O~[0xfe][0x97][0xf1][0xfb][0xc1][0xbf][0xfc][0xd6][0xeb]5E40[0xce][0xa1]n[0xcf]]X[0xc9][0x93][0xa8]L[0x10][0x8d][0xeb][0xbd][0xa5][0xe3][0xd9]4[0xfc]h[0x10][0x1][0xa0]q3[0xb5][0xc9]d[0x86][0x1b]s[0x86][0xd6]&[0xcb]Y0[0x9d][0xeb]n(-t[0xf0][0x4]9[0xe]d=[0xd7][0x1b][0x8d][0x80]_9nh[0xf7][0xa2]([0x5]7[0x85][0xc7][0xf8][0x2]M\[0xa7]>XV[0xb8][0xf][0xec][0x97][0xf6] [0x8a][0x6][0xbe][0xe0][0xb1]'[0xef]^R[0xda]c[0xec][0xa3][0x19]`[0x83][0xfb] ^![0xc][0xb]C;`[0xc5][0x8e]O[0xa4][0xfc][0xe9]*[0x0]eJ"[0xbd]T[0xfd][0xb1][0xa7][0x9][0xff]m[0x14][0xed][0xb3]WB[0xb8][0xb7][0xbb][0xb]}[0x80][0xd0][0x9a][0xf7][0xf][0xa6][0xe5][0x18][0x14][\r][0xc][0x8]y[0x7][0xa2][0x1c][\r]Z[0xa0][0xe][0xbc][0xdc][[0xdd]S[0x84]x4[0xf6]P9[0xd8][0xdd]q,[0x82][0xe8][0xc2];[0x15]i[\n]"
DEBUG wire -  << "[0xba]I[0xa2][0xf7]i[0xa0]:[0xf9][0x94]K[0xbf][0xdc][0xfb][0xd2][0xf8][0x92]u[0xc5][0x97][0x6][0x8d]j[0xf9][0x5]*N[0xc4][0x97][0x6][0x15][0xfe][0x2][0xde][0xf5][0x97][0xc6]N[0xfb]j[0xa7][0xfd][0x5][0x87][0x86][0x1a]kv[0x1c][0xe2][0xe8][0x92][0x97][0x83][0xfb][0xe3][0x82]B[0x84][0x9][0xfe][0x9e](d[0xf0][0x84][0xef][0xa4][0xf1][0x8d][0xbd]k[0x3][0xc6]40[0x99][0x8a]d[0x3][0x8]Q[0x97][0xb9][0xf3][0x5][0xb5][0x8b][0x17]:>X[0xb][0xa8][0xe6]BR[0x2][0x15][0xb2][0xa0][0xf7][0x4][0xb4][0xd3][0x6]3c_[0xc8][0xe7]`[0x8a]:[v[0xd3]n[0x1b]77[0xfb][0xc8][0xa0][0xc7][0xfd]QH[0xca][0xb9][0xc6][0xcd][0x9e][0xe9][0xd4][0xaf][0xb3]w[0xe6]bJ[0xfd][0x1a]=w[0xa7]s[\n]"
DEBUG wire -  << "6 [0x1c][0xd8][0xfd]$[\n]"
DEBUG wire -  << "[0x8e]A[0xd9][0x1f]G[0xae][0xd8][0xf7]mp[0xfb]x[0x2][0x16].[0xad]5[0xcd][0xa6][0xf9][0xd5]VQ[0xcc]W{([0xbc][0xc1]0[0xad][0x9b][0xbe][\r][0xf1][0x8a][0x6][0x8c][0xaa]96J[0xcc][0xa4][0x86]j[0xdd][0xe4]u[0x0]o[0xd6][0xf7][0x11][0xb7][0xdb][0xf9]j[0xa7][0xd1]K[0x9e][0xf2]O[0x1f][0xdf][0xd4][0xea][0xf][0xc0][0xda]+`[0x15]3X[0x13][0x91][0x8e][0x12]hS[0xa7][0xd3][0x11]7y[0x13]E[0x8d][0xab][0x6][0xf6][0xf6][0xbd]~[0xed][0xb1][0xff][0xed][0xdb][0xe3])[0xf2][0xba]*[0xf3][0xb8][0xb5]/A[0xd3];[0xc3][0x9a]o[0xa3][0x88][0xbd][0x0]n[0xc2][0xb8]@[0x81][0x8b]b[0x3][0x89][0x89]P[0xeb]o7[0x9b]l[0xa3][0x1d]_[0xb1][0xa3][0x4][0x2]8[0x3][0x9a]x[0xed][0x0][0xa4][0xd1][0xf7][0xf9][0xc0][0xd8][0xd3][0xa8]j[0xbd][0x8e][[0xfb][0xbc][0xb5][0xb5][0xb1][0xb5]mnm[0xef][0xb6][0xe1]w[0xf6][0xdc]zvn[0x96]rv[0xdb][0xcd][0x8d]Rv[0xbd][0xfe][0xf4]i[0x9][0xc1][0xce][0xc6]F[0x1b][0xf2]Z[0xed]][0xf8][0xbd][0xd9][0xde][0x98]>[0xb7]v[0xb][0xe9][0xad][0xe9][0xf3]F[0xb3][0x1a]~sgZ9aU[0x95][0x17]@[0xcb][0x9][0x80][0x6][0xa2]5[0x93][0x0]5-[0xc1][0x1]u[0xd6][0xcd][0xc7][0xbd][0xfa]>[0xb1]IK[0xb8][0xee][0xa6][0xbc][0x95][0x8][0xb9][0xb3][0xdd]4[0x9f][0xed]<k[0x9b][0xdb][[0xcd][0x8d][0x8c]KY[0x6][0xe1],[0xe4]"[0xca][0x9b][0xac][0xe3][0xa6][0x1d][0xdd][0xcf]:[0xda][0xe9][0xf4]l[0x7]<[0xa7]T[0x9c][0xf8][0x2]5J[0xcd][0xd0][0xea][0x2][0x8][0xb1]e[0xe2]t[0xb8][0xe9][0xd8].h[0xe8][0xa4][0xe3][0xd8][0xd5][0x8a][0xc5][0xec][0xd9][0x3][0x91][0xea][0xf2][0xf2][0xc5][0xe4][0x8c][0xf][0xde][0x81][0xcd][0xaa][0x19]8[0x1f]`[0xd4]?7[0xcf]Q*[0xc1]+9[0x1e]z[0xbe][s[0xea]7X[0xf3][0xc0][0x1c][0x9a][0x9e]ya~[0x9d][0xa7][0x0][0xfc][0x18]@n[0x80]d[0x83][0xd4][0x2][0xea]ce[0xc8][0x9f]>-[0xbe][0xd5][0x8c]6 [0xdf][0x7]W[0xaf]v[0xd1]9J[0x12]>[0xa9])[0xe1]25[0xf3][0xea]@[0xb8][0x1c][0xc5]8[0xcb] ;[0xd7][0x2][0x9d]N[0x18][0x16][0xe1]`[0xef]q[0xd3][0x9c][0xbe][0x9d]\9"N_AAH[0xbf]1[0xbd]Ns[0xdf];[0xb8][0xb0]}[0x11][0xe][0xd2][0xe1][0xbe][0xf7][0xd3]O[0xf5])[0x96][0xcf][0x17][0x9f][0xbd][0xf3][0xf3][0x8e][0xa8][0xe1][0xdf]"z{[0x8a][0xaf]S[0x99][0xfa][0xf4][0xe9],[0x16]S[0x11][0xfb][0xb8][0xd3][0xc1]W[0x90][0xe4][0xca]rS[0xea][0xaa][0xf1]N[0xf3][0xe7]k[0xa0][0xe]|[0x18][0xca][0xc7][0x5][0x8]$[0x17][0x9a][0xfc][0xf2][0xfd][0xdb][0x8f][0xd0][0xad][0x93][0xce][0xe3][0x16][0xbc]%[0xf8]x[0xcc][0x95]o[0xdf][0xc9]U'[0x8c][0xf5][0x2] [0xb0][0xb5][0xb2][0xa6]o[0xdf]j[0xc3]r[0x99][0x12][0xba]Z[0xfd][0x6]$[0x8b][0xbb][0xee][0xc9]%H[0xc5][0x1b][0xf0][0x81]E([0x92][0xe7][0xb5][0xf9][0xb4][0x9a][0x1][0x95][0x1d]+o[0xf2][\r]x[0x8d]`<A[0xb8][0x1e][0xb7][0xea]&[0xaf][0x80]E[0xbf]R[0xe7][0xd7][0xf7]j[0x0][0x91][0xa6][0xdc][0x19][0x12]P[0xcd][0x88]B[0x9d]][0xc7][0xba][0xcb]9D[0x1d][0xf9][0xe5][0xe8][0xe2][0x81][0x8f]k[0x16][0x88][0x7][0xcb][0x14][0xc4][0xe0][0xaa][\n]"
DEBUG wire -  << "[0x3]TjO[0xb5][0xe4][0x14]a[0xb1]cf[0xdb]U[0xaf][0x9b][0xc4]}2k[0xdf][0xbe]][0xdf][0x98][0x3][0xbb]`[0xd9][0x9e][0xf7]k[0xa5][0xf7][0xfa][0xde][0xc0][0xd6][0x6][0xfb][0xe9][0xd3][0x81][0x9d][0x8e][0xf5]c[\r][0xe1][0xf4][[0xdd][0xc4][0x17][\r]U[0xaf][0xd7]oj[0xca][0xd4][0x9b]n[0x4][0x11][0x10][0xb4][0xc0]\`[0xfa][0xeb]h[0xf6][0xa6][0x1e]#z[0x11][0xe9][0xc4][0x17]E'[0xc2][0x91][0x12][0xbc][0x7]/@[0xfc][0x96][0xc][0xc0]#[0x9f][0x98][0xf4]J[0x88][0xd8][0xf5][0xda]#[0xd7][0x93][0xb1][0xcf]'{[0x10][0xdd][0xa0]-`[0x8f][0xbd][0x0]{[0x9b][0x87])`[0xef]E[0x89][0xb]q[0x1][0xb][0xa3][0xf9][0x9c]+K[0xe]9[0x90]U[0x95][0xab][0xec][0xdb][0x1e]k[0x89][0xa0][0x9c]A[0x6][0xb0]"[0x1d][0x2]Upn[0xf7]X[0x93][0xd9][0xcd][0x9d][0xd9]L[0x10][0xbb][0x14][0xe7][0x86],[0xee]{[0x3][0x0][0xb2][0x9a][0xf6][0x1c][0x2][0xec][0x9e]A[0x12]A[0x14]VEO[0xc][0xb2][0x84][0xfa][0x3][0xf0][0x17][0xd3]o[0xd6][0x80]{[0xc8][0xb2][0x92]gK)r(D[0xba][0x8e][0xf3][0x82][0xeb][0xc0][0xb9][0x9e][0x1f]9_-[0xdf][0xeb]%[0x10]P[[0xc0][0xd4]u[0xa6]][0xde][0x85]!R[0xe6][0xc4]`[0x17]4[0x80][0xc9]i[0xa3][0x84]D[0xd5]K[0xbe][0xc][0x0]L[0x9d][0x99]u[0x1d][0x19]e[0xbd][0xb7][0xce][0x2][0xe1]z[0x1c]B%[0xdf][0x9f]u[0xc1]g[0x9][0x1d][\n]"
DEBUG wire -  << "[0x99]z[0xdc]r|[0xf][0xb5]9[0xc4][0x98][0xc9][0xdd]H[0xcd][0xa2][0xb9]l[0x82][0xe]b[0xdd]@x[0xd2][0x17][0x16][0x8e][0xc][0x8]h[0xc0]1[0x8e]z[0xfd][0xab]n[0x10][0xb9]#[0x1f][0x9b][0x94]%[[0xbe][0x18]pg[0xd2][0x80]@W[0xa4][0xaa][0xa9][0x8a][0x88]F[0x81][0x88][0xd5]5[0xd0][0xe5][0x12][0xa2]K[0x88][0xbe][0xbf][0xa7][0xb][0xb2][0xb2][0xab][0xe5]9[0xf2][0xc5]R|[0xb1][0xe2]Q[0xf][0x9][0xb3]`[0xcc][0x8e],Egs[0x8e]R[0x8c];[0x17][0x4]g[0x14]wY|,d[0x14][0x88][0xc6][0xa6][0xbd]c7[0x89][0xf4]br[0x89][0xfa]6[0x80]l[0xfc][0x81][0xd4][0xb7][0xfe] [0xf9][0x99]VA[0xed][0x83][0x9a]![0x0][][0xab]r[0xbe][0xde][0x8f]|";[0x17]`-[0xd2]9.[0xa2]4+uCkE[0x3][0x97][0xfa]Yz[0xbf][0x8b];[0xca][0xf7][0xad][0x84][0xe7][0x82]C[0x8]g[0xc4][0x6][0x14][0xe8][0xb3][0x87][0x10]\[0x94][0xc8][0x15][0xd0]Z[0x92][0xfb][%~E[0xac][0xee]R[0xf2]C([0x9f]W[0xdf]w[0xe5][0xaa][0xb2][0xd1]s[0xb4]([0xf3][0xab]H[0x9a]Aq[0xb8]fk[0x9][0x81]8[\r]5[0xaa][0xc9]f[0x12][0x18]F[0x96][0xe0]`[0xeb]?]9[0x8c][0xe2][0x18][0xc]^[0xd7][0xe1]I[0xca]l[0xfc][0xdd][0xf5]q*[0xf2][0x1a][0x3][0xe5][0xa9][0xad][0x84][0xc6][0xf9][0x11][0xd8][0xf7]'[0x1b][0xdb][0x1b][[0x1b];[0x90]y[0x3][0xff][0x16] g[0xb6][0xcf]{[0xc2][0xb7][0xfa][0xe0]g[0xa1][0xff][0x1][0x1e]C<J?[0x13][0xb1][0x12][0xe2]\gx[0xbe]g[0x8d]E[0xef][0xab][0x7]}7J[0xf1][0x3][0x9f][0xaf]*[0xcc]R[0x8b]N[0x3]([\n]"
DEBUG wire -  << "@[0xd9][0xc4][0xff] [0xd4]|[0x6]?[0xf0][0xa7]@[0xc7]][0x9b]|[0x7][0xaa][0x96][0xb3][0x8b][0xe0][0x18][0x4]$[0x81][0x8d][0xbf],[0xe4]N[0xbc][0xd7][0x13]8[0x1b][0xbd][0xb4]4[0x88][0x8c];r[0x1e][0x8a][0xa5][0xd4]e[0xba][0x90][0xe2]^[0xd6]G}[0xfa]A[0xde][0xb0][0x7]uR[0xa9]KP[0xc8],[0xec])-[\n]"
DEBUG wire -  << "[0xba][0x96][0x82][0x9b][0xc4]*z[0x83][0xf1][0x8a][0xf6][0xe8][0x7]+[0xe4][0x97][0xcc][0xf7][0x18]_D[0xfd][0x1c][0xae][0xbd]!~W[0xb8][0x3]F[0x5]X[0xc6]+[0xe8]GI.[0xfc][0x6][0xc2][0x90]9P[0x82]0[0xb8]I[0x14][0x83][0xb8][0x85]d[0xd5][0x0][0x87][0xc6]p[0x8][\r][0xb8][0x15][0xac][0xf][0xae][0xb7]\[0xe][0x86][0x1f][0x3].[0xc5][0x1c][0x9c][0xfa]Kd[0x1f]"[0xe1]K[0xc8][0xe8]E[0xee]d/[0x8c][0xd2][0x9a]=[0x4]}W[0xcf][0xcb]C[0xec][0xce]G~:[0x83][0xcf]V[0x95][0xaa][0x2][0xbd]4[0xac][0xaf][0x10][0x8d][0xee][0x89][0x15]!#&"[0xb2][0xbc][0x87][0x91]I[0xf8][0x95][\n]"
DEBUG wire -  << "[0x1d][0xea][0x1][0xe3]v[0x0]B[0x9e]B[0xfc]~K[0xb6][0x85][0xba][0xbc][0x8][0xa0][0xe5][0xbc]@[0xab]=[0xe4][0xd2][0xe2][0xe]~[0xde]QRL[0x12][0x82][0x1f][0xb3][0xb5]L7y[0xfb][0xd9][0x16][0xdf][0xd7][0xea][\r]K[0xc4][0x1c]<[0x15][0x9a][0xf2]e[0x12]<[0x14][0xdb][0x19]%[0x9]FZlQ[0x8e]n[0xcc][0xe2][0xfc][0x82]h[0xaa][0xa8][0xc9]*U>[0xad][0xbb]7J[0xd3](4[0xf3][0xa7]B;[0xc6]QD[0xb3][0xc3][0x10]Z[0x82][0xf0]'[0xa0][0xa6][0xbb][0x84][0x8a])H5[0x8a][\r]I_[0xd8][0x8c][0xf3][0xef](2[0xad][0xcb][0xf5].!$D5%[0xc9][0xc2]q0>[0xa8]Dt[0x12][0xfe].[0xa1]P[0x18][0xce]s[0x0][0xf5][0xbe]:LS[0xca][\n]"
DEBUG wire -  << "[\n]"
DEBUG wire -  << "[0xcb]P[0xe5]TS[0xab][0xd2][0xab]K[0x15][0x19]T[0x95]>S[0xea][0x89][0xd2][0x8b][0xba]E[0xec]V[0xf1][0xb8]%3[0x93][0x90][0xdb]@[0xa6]][\r][0x83][0x4][0xff]Yq[0xe2][0xe1]G[0xda][0xaa][0xb4]=[0x94][0xfc][0xca][0x8c][0xc2]h[0x98][0xcd]*[0x10]1[0x9b][0xa5][0xc6]he[0x9e][0xbd]<[0xef][0x16][0xcc][0x19][0xc4][0xc2][0xd6][0xed][0x95][0x0]n!n9[0xf9][0xc5]Q[0xaf][0xac][0x85][0xf4]\[0x81][0x9a]([0x8a]E[0x98][0x17][0x2]/NT[0x1]9>d,[0x85][0x9a]C[0xb5][0xb8][0xd6]y[0x84][0xf7][0xa0]p[0xaa]![0xef][0x80]v[\n]"
DEBUG wire -  << "K[0x16]^[0xdb][0xf9][0xa2][0xfc]h[0x1c][0xe3]([0xf9][\n]"
DEBUG wire -  << "z[\n]"
DEBUG wire -  << "[0xac]w?[0xf2][0xbd][0xc8][0xf2]R[0x11][0xec][0x85][0xe9][0xd0]rh[0x12]w;[0xfc][0xa9]U[0xd7]nBf[0xb5],[0xe5]'fO[0x99][0xcf];u*[0xd4][0x80][0x93][0xd9]C[0xae]u[0xa7][0xae]dQ[0x9][0xcf]:[0x98][0xb9]>[0xae][0xf0]<[0xe7]t[0xf3]_[0xc9]af5[0x8][0x92]-=][0xb4][0xb3][0xbd][0x1b]_[0xd5][0xd9]5#[0x13][0xff][0xe8][0x16][t[0xe8]{[0x87][0x5][0xcb][0xb0][0x1c]4[0xe7]j[0xa5][0xf5][0xce][\r][0xf7][0xbc][0x9]g[0x15][0xd5][0xdc][0xa3][0xec]|[0xbd][0x8a][0xb3][0x19][0x86]4[0x1a][0xc]|[0xb1][0xa4][0x8a][0xa2]#[0xc1]<e|[0xa6]f[0xaf][0xc8][bnf[0x80]r[0xd3]^0[0x1e][0x16][0xa8],0[0xf3][0xda]$a[0xee]g[0xc7][0x87][0xf0][0xec]_;F[0xdf][0xb7][0x8c][0xf3][0xba]v[0x6][0xb4][0x98]:I[0x4].c[0x1a][0xa1][0xaf][0xa6][0xb3]J[0x84][0xeb]4[0x12][0xe3][0xba][0xb9][0xa4]R{I[0xad][0xf7][0xac][0x94][0xbb]n7[0x8d][0xc8][0x8f][0xee]*[0xcc][0xf5][0xd5]Z[0xbc]J[[0xc3][0x16][0x99][0xae]*efN[0x1d][0x99][0xd9][0xf0]a[0xb1][0xa9]_[0x8d][0xbe][0xcb][0xc7]bUP[0xd6]d[0xf8][0xdd][0xf][0xff]5Y2[0xe8][0xf1]Z[0xab]in[0xb6][0xcc]gM[0x13]b[0xdb][0xcd][0xba][0xd9]d[0x1b][0x90][0xd7][0x82][0x16][0x2][0xcd][0x82][0xb4][0x11][0x2]s[0xb7][0xaa]1[0xb4]i[0xc6][0x9a][0x14][0xc1][0xdf][0xbb][0xd2][0xcc][0xf1]C[0xf7][0x12][0x3][\r][0x8e][0x1e]Z[0xd6][0x1b]L'k[0xb5][0x97][0xa5]W[0xa8][0xad]*[0x85][0xf5][0x10][0xd1][0xbe][0xef][0x80][0xaa][0x90][0xed]*[0x9f][0xfd][0xef]4[0xb0]W[0xed]N[0xde][0xee][0xce][0xdd][0xee]"[0xde][0xe6][0xd4][0xcd][0x87][0xf]w[0x1a]u[0x5]K~[0xab]C[0xf8][0xdf][0xea][0x9e][0xdd][0xd7]sbwQ%[0xdf][0xe9][0xef][0xdc][0xea][0xf6].[0x9c][0x9][0x82][0xd1][0xbb][0x89][\n]"
DEBUG wire -  << "`[0x1b]Gx[0xb][0x86][0xf8][0xec][0x10][0xde][0xa4]!N0[0x1b][0xd3]1[0x8e]+*[0xf4][0x0][0x87][0xdc]]T[0x11]8[0x93]dmU[0xea][0x88]j[0xc5]3S[0xf1]\[0xb9]U[0xd5]\[0x9c][0x5])j[0xa3][0xe9]4[0x91][0xed][0xe1]([0x81].[0x14][0xa0][0x87]([0x19][0x87][0x11][0xc]FRB[0x5][0xbf][0x89]V[0xe0][0xec][0xe5][0xda]{[0x90]p[0x17][0xbf][0xb4][0xd4]p[0xf6][0x90]'[0xa6]/[0xfa][0xb8][0x92]26[0x19]=[0xf5]"[0x90][0xeb][0xc0][0xc4][0xc5].5[0xad][0xb9][0xea]f[0x1a][0xe5][0xcf]u[0xf3]{[0x10][0xb9]m[0xfc]O![0xd2][0xcf][0xaa][0x99][0x8b][0xe9]TX[0xa7][0xb5]T[0x11]c.[0x4]V[0x95][0x98]Ye[0xb][0xea][0xba]S[0x1d]w[0xc1][0x9d]u[0x8f][0xd2]|e-[0x98][0xf0][0x10]d[0x1b][0xc5][0xba][0x8e][0xfe]W>[0xe3]Q=[0xb3][0xe4]{v[0x14]ZR[0xd0][0xb7][0xe6][0x99])[0x9b][0xc2]D[0x95][0xdd][0x1f][0xf9][0xb8]U"[0x11]B9[0x89][0x15][0xd5]-[0xaf]m[0xe][0xb][[0xe4]M.mY[0x1e][\n]"
DEBUG wire -  << "[0x14][0xb5][0xc6][0xd2]B[0xf9][0xfc][0x1d][0xd6]f)[0xd5]Z[0x9c][0x18]yT[0x9a][0x12][0xc9][0xb8][0xac][0x8d]q[0xdf][0xc3][0x85]yy[0xc7][0x90][0xb7][0xff][0xa8][0xf4]]w[0xb6][0xeb]6[0xb7]\10[0xf5][0x90][0xdb][0xde]5[0xdb][0xcf][0xcc][0xd6]F[0xdb][0x84][0xe8][0xa6][0xf9][0x3]%[0xd7][0xda][0x1b][0x9b][0xe6][0xd6][0x8e][0xd9]jAZ[0xab][0xd9][0xfc][0xa1][0xbe][0xcf][0xd6][0xb2]9n[0x8]Wt[0xcd][0x19][0xc2],X[0xc9][0xfd]g[0xbe][0xdb]rw7[0xf7]Y^`&[0xdc][0x99]-?[0x1f][0xf7]TE<E[0xac]l[0x1e][0xb3][0x82][0x9b][0xa3][0xe5]d[0xb][0xff][L[0xcb][0x1c][0x82][0xbb][0x11]SD[0xbb]6g9[0x94][0xad]GP[0xe1]Z[0x99][0xbf][0x91][0x9][0xa1][0x85][0x8a][0xa1][0xf0][0x9a][0xd0][0x9a][0xb6][0xe9][0xfb][0xc5]H[0xa6][0xf4][0x95]O[0xa7][0xa9][0xaf]~[0x10][0x8c][0xd6]MVi[0xdf][0x9]JI[0x8d]v[0x8][0x0][0xb2][0xda][0xa9][0x81]@[0x13][0x9a][0x81]2W[0x9a][0x0][0xd3]1T[0x11][0xf2][0x85][\n]"
DEBUG wire -  << "Xg[0x0][0xb5][0xf9][0xcf][0x82][0xae][0xde][0xdd][0x81]l[0xee][0xa7][0x8b][0x0][0x9f]$B[0xc6]Q[0xe8]2[0xed][0x82][0xe8][0x19][0xa5][0x12]=*[0xd2][0xc6][0x9]N+[0x8e]d:[0x83]IG[0xdf][0xbe][0xcf]q[0xa9][0xb9]/[0xf5][0xb7][0x9b]4J[0xd5][0xcb]P8_[0xa3]QjU[0x11]le[0xb9][0xec]I[0xcc]'[0xb8]p[0x4][0x1e]|[0xee][0x8]5#8[0x3][0xac]98[0xe7]*[0xde][0xce][0x92][0xe5][0x93][0x92][0xec][0xbb][0xe6][0x13][0xca][0xd5][0xf0][0xbc]#[0x1d][0x12][0xe3]1x[0xe7]J[0x12][0xca][0xd4][0x8c][0x1d][0x7][0xec]$[0x7][0xde][0x0]7Q[0xb2][0xf2][0x92][0x15][0xd0]\[0x81][0xcf]4[0x8f][0xbe][0xd6][0x14]y[0xa0]m[0xef][0x8][0xfa]q[0x96][0x15]+[0x8a] [0x15][0x9e][0xaa][0xe6][0x92]h[0xcd][0xe6][0xa6][0xbc][0x87]_[0x1a]'][0xdd]c[0x8a][0xfb]E[0xd6][0xe1][0xa8]-[0xf]R[0x9d][0x98][\r][0xd2][0xc2]+[\r]R[0xf5][0xfe]G[0x8d][0xee]r@Qp1[0xab]sT(q[0xcd][0xf4][0x1a][0x1d][0xc]<[0xf6]Z[0xe0]J[0xed][0xb3]<I9[0x1f][0xb3][0xa9]H[0xe0][0xde][0xc6]F)[0x8d][0xa8][0xd4][0x89]7[0xea][0xb3]?[0xf5][0xd9][0x9f][0xfa][0xec][0x1f]N[0x9f]U[0x8d][0xa5][0xf2]0[0x9a]~*[0xc6][0xcd][0xc8][0xaa]K[0xc6][0x9][0xae]T[0x6][0xf2]A[0x13][0x88]|[0x92][0x4]9[0xe][0xc4]*[0x86][0x97]eC[0xc9][0xb8]U[0x9a][0x0][0xa8][0x94][0xed]l[0xc7]WN[0xe0][0x13][0xf0][0xe7]aT[0xe0][0xc][0x11]4[0xee][0xb3][0xe7][0xfe]k[0xa7]P[0xaa][0xb][0xca][0x6]~+w[0xf6]|[0x81]DT[0x95][0xd3]3[0x13]X[0xe9][0xf9]-[0x82][0xa5][0x8][0xa6][0xce])~[0xdb]W}S[0xce][0x9f])C=[0x9a][0xe9].[0x97][0x1c][0xf5][0xc8]G[0x15][0xac][0xd5]c[0xfd]6[0x84][0xcb][0xb]W[0xb2]p[0x86][0xcd][0x95][0x15][0xfc][0xaf][0xb0]_[0xfa][0xa3]/[0x86][0x2]#[0xb9][0x87][0x6][0xe8]f-[0xff][0x94][0xe1][0x85][0xd3]O[0x19][0xcf][0xe2][0xab]:EC8]"t[0xc][0x91][0x5]A2[0xe0][0xbe]?[\r][0xa4]p[0x13][0x92][0xb9][0x4]v[\n]"
DEBUG wire -  << "4l[0x95][\n]"
DEBUG wire -  << "[0xaa][0x1c][0xb][0xea][0xd6][0xea]Ja[\n]"
DEBUG wire -  << "`[0x98]3[0xbd][0xd3][0xd9][0xd6][0x91])[0xa3][0x10]B[0xc1][0xe7][0x8b][0xc6]t[0xcc][0x96][0xbf][0xef][0xb1][0xcd]64[0x8b][0xbe]&[0xdc][0xac][0xad]eD[0x1][0xcb]bT[0xef][0xd0][0x3][0x9e]O[0x81][0x1c]D[0xa1][0xd4]ZK[0xa6][0xf9]\+.[0x12][0x10]j[0x97][0x80][0xfe][0x1e][0xf4][0xa8]h[0xf0][0xd9]NS[0xa1][0x6][0xc4]wY[0x93][0xab][0x97]N[0xd1]F[0xb5][0xca]%[0x96]U[[0xd8]p1[0xd5][0xf3]>[0xf]<[0xd2][0xf9][0x18][0x81]S[0x11][0xfd][0xb0]q[0xb4][0x1]aa[0xfb]x[0x93]~o[0xd1][0xef][0x1d][0xf8][0xbd]s[0xac][0x0]~:[0xf5]y[0xf][0xa0]6[0xb3][0x9c][0xa7]O[0x9a][0x1b][0xbb][0xfb] [0xbb]x@[0x82][0x8f]Kl [0x9d][0xfe]Z[0xb8][0xcf][0x81]rW[0xb3][0xc6][0x8e]'[0x9e][0xd5][0xe7][0xa1]3[0xc1])[0xab][0xef]Z[0x87][0x99]c[0xb0]|[0x14]~[0xc0][0x93]/[0xb8][0xd3]x[0x1b][0x17][0xbf][0x8d]D2[0xb1][0xb3][0xf7][0x99][0xb5]v[0x1b][0xf6][0xf6]CZ@[0x7]*[0xe0][0x92][0xd2][0xef][0xa2][0x1e][0x92]F[0x12][0xc5])[0xa1][0xc][0xb7][0xb4][0xb0]Q[0xa7][0x91]R[0x92][0xab][[0xcd][0xab][0xd8]a[0x8d][0xbc][0xef]$Y[0x10]=[0x19][0xa5][0xd8]~"w[0x8a][0xb6]e?[0xb3][[0xb6][0x3][0xba]'[\n]"
DEBUG wire -  << "J[0x8c][0xde]|0[0xa3][0xe5][0x18][0xde][0xb9]/[0x92][0xb4][0xbd]:[0xea]/qGr[0xd2]([0xe0]Vk[0xd9][0xb][0x9][0xdf][0xdf][0x8c]l[0xac][0xc2][0xf8]T[0xfb][0xb][0x1b][0xeb][0xcb]h[0xc6][0x1d][0xc2][0x8d][0xd9][0xdd][0xa5]'[0xae][0x97]~[0xfa][0xf8][0xba]z?[0xa7][[0xda][0xcf][0xf9][0xf1][0xf4][0xe5][0xed][0xbb]3[0x1]8[0x89][0x1d];[0x1e][0xc6][0xcf][0xa1][0xec][0xec][0xde][0xd1][0xb1]?[0xe]x[0xe8][0xf5]A[0xfb]T[0xd5]V[0xc8]V[0xb5][0xde]VSq[0x81]z[0xa1][0xa0]M[0x5][0x1b][0x87][0xac][0xb4]C{[0x80][0x1b]`8[0xa8][0xce][0xc2][0xee][0xec][0xbf][0x81][0xc5][0xf9][0x80]'k0[0xb5][\r]rVH[0x86]Q[0x92][0xe2][0xeb][0xed]L}[0x1e]wv[[0xed]{m[0xd8][0xc5]N[0xf8])[0x12]Ao[0xd9]V[0xd7][0xac][0xc3][0x14]l[0xa3]e7[0x1b][0xf4][0xf4]|[0x94][0xf8][0x1d],[0x2][0x9a][0xf5][0x87][0xf6]+[0xf8][0xbf]\[0x10][0x12][0xf2][0x93][0x13][0xe0]y[0xe9][0xe]^[0x12]6[0xe0][0xdb][0xdf][0x93]([0xa5][0xea]q[0xc4][0xf0][0xb4][0xa3][0xfb]lm[0xc1][0x6][0x9c][0x17][0xef]_[0xfe][0xca][0xec][0xa9]2[0xcf]|[0xed][0xeb][0xdf]A[0x4]\q[0xb5][0xd7]n[0xe2][0xcf][0xcd][0xc][0x9c]'[0xc9][0xed]([0xa4][0xf4][0x6][0xd7]Q[0xcc][0x1d]/[0x9d][0xec]5[0xed][0xdd][0x9d][0xd9][0x2][0xbd][0x1][0xbb][0x9e][0x9b][0xe3]{[0xd2][0xec]7[0xfb][0xad][0xd6],l:[0x1c][0x5]=Y[0x5][0xaf]Vj[0xde]dfxz[0x82][0x8e][0xb2][0xca][0xf9]i1[0xb9][0x9d].[0x1f][0x1d][0xf3][0xe2][0xe4][0xe7][0xd7][0xef][0xd8][0xc9][0x15][0xb8][0xcd]o[0x5][0x9e][0xb7] [0xd9][0xe5][0x16][0xa8][0x86][0x1d][0xf6])[0xf4]@OH[0xee][0xb3][0xa3][0x90][0xfb][0x93][0x14][0xb3][0xa6]G[0xc6][0x8],[0x11][0xa8][0x12]d[0xad][0xd5][0x19]1[0xd9][0xee][0xa6]Z[0xbe]c[0xcb]3[0xa5][0x19][0x99][0x3]31[0xb9][0x19][0xd4][0xaf][0xbd][0xcf][0xeb]?[0x93][0x99][0xcf][0x91][0xbe][0xef]][0x80][[0xb3]~[0xde]I[0xf6][0xbd][0xcf][0xc9]y[0x7]}[0xfb]V[0xd8][0xf1][0xb5][0xf6][0xa8][0x86]i[0xf6]o[0x1d][0xf5][0xe7][0xdb][0xb7][0xcf][0xe7]u;[0x1e][0xc9]a[0x8d]'[0x3][0xda]s%[0xeb]7&e[0xfa][0x9d][0xd6][0x8f][0xa1][0x18][0xb3][0x97] o[0xb5][0xfa]>[0xef][0xc8][0x99]=[0x8f][0x11][0xae].[0x8] [0xb9]r'e[0x84][0x9b]([0xf7][0xb9][0xcd][0xe5]$t:-x[0xc2][0x9d][0x99][0x83][0xfd][0xc0]V[0xb3][0xe6][0xef]"W[0xd8][0xb8][0x16]:I_[0xd0][0x9a][0xdf][0x1a]6j[0xed][0xa6]>[0xb7][0x9]l]qb[0xdd]\/[0x1e]_[0xa0]<[0x1c][0x8b]gm'[0xce]M[0xdf].$[0xc0][0xf][0xf8]z}[0x1f]zi[0xc0]k[0xeb][0x8a][0xf6]u[0x93][0xad]:[0xb2]Z[0xad][0xe6][0xe6][0xce][0xd6][0xc6]F[0xcb]ja[\n]"
DEBUG wire -  << ".[0xda][0x9e]BJP[0xfd][0x98][0x8a]N[0x1e][0x86]Y[0x98]3s<[0xc1][0xc9][0xbb][0x97][0xe5][0x8e][0xae][0xec]a[0xec][0xc5][0x86]:`j[0xed][0x0][0xc3]XF[0x1f][0xa0];F[0xd9]}[0xcc][0x96][0xe8]P[0xd0]NY[0x9e]k[0x81]jbh[0xaa][0xc8]`ZxL[0x2][0x9b]N5h?[0xd8][0xe7]x[0x86]CV[0x9e][0xe][0x9a][0x82][0xf0]*[0xab]$[0x8b][0xb]Y[0x86]_[0x9d]*[0xa5][0xbd]R[\r][0xa4][0xdf][0xd4]F{[0xc8][0xc5][0xc5]5:K[0xc8][0x99]YG[0xa4]_[0xfb][0xde][0x15][0x84][0x1e][0xe0][0xc0][0x82][0xb1]U[0x1e])[0xae][0x12]98[0xc4][0xb][0xc5]O$[0x19][0xfe][0x12][0x81][0xb9]6[0xa8][0xcc][0xd5][0x88][0x14][0x81][\n]"
DEBUG wire -  << "[0xa2][0x98][0xad]\v[0xe4]K[0x16][0x0]k,[0x7]|[0x6]C[0xf][0xc8]X[0xa2][0x19][\r]][0xff][0xdd][0xce]>[0xc8][0x99][0xe5][0x5][0x3][0x86]B}[0xdf][0xe3]B[0x9a][\r]'[0x89][0x80]d[0xd7][0xd2][0xc0]x[0xfc][0x0][0x3][0xe5]~[0x87][0xaa][0xf][0x1a]\[0xf1][0x2][0xdc][0x91][0xcb][0x8c]o[0x95][0x9c][0xd3][0x1f][0xa3][0xca][0xdc][0x1]H[0x15]/[0xb2][0xd2]"[0x82][0xca][0xa2][0x6]sy[0x9a]}[0xd4][0xc2][0xee][0xf2]}[0x1e][0xcb]<[0x19][0x8f][0x8b][0x1][0x8a][0x9f]`X[0x85][0x8b][0xb2][0xbc][0x81]:[0xfd]Cw[0x3]~[0x7][0xcf][0xd0]b[0xb4][0x89][0xeb][0xd9][0x91]|L[0xff][0xc3]@$[0xc4][0xab][0xa1]?1[0xe][0xcf][0x88]h[0xf6].'[0xab]P[0xe4][0xa0][0xa1]Z[0x9d]u[0xe3][0x94][0x93][0xf9]#[0xb1][0x13][0x8f]F[0x9b]m[0xdc]Tv[0x15]32y[0xcf][0x99]sx0[0xf2]UI[0xc][0xab][0xf5][0x14][0x1]}[0x93],29[0x1f]&[0xfc][0x12]J[0xf8][0xde][0xb4][0x4][0x6][0xe2]V{;[0x7][0xce][0x13][0xd9]4[0x9b][0xce][0x96]AE[0xd0][0xc5][0xa7]BFD[0xfa]_[0xcd][0xfe]MSq[0x1d];+!?[0x84]A[0xa2]e[0xfd][0x97]([0x98]=[0x8c]nvp[0x1c]"[0xc][0xca][0xdd]A[0xc3][0xf7][0xc8][0x1f][0x99]%[0xb7][0xb9][0xbb][0x9c]^[0xa5][0xc9][0xe6][0x89][0xd5][0xe9]z[0xc5][0x84][0xda][0x84]GG[0x1f]a[0xb8]\J[0xd5]_[0x83][0xb][\r][0x83][0xd0][0x9d][0x96]vB:+[0x91][0xc3][0xb2][0x85][0x87][0xc5][0xa6][0x9e]E[0x91]/[0xb3][0xb6]>[0xc9])[0xce][0xd7](j[0xa9]?$8V[0x92]+[0x7][0xaa]V3m[0x80]p.#[0x17][0xc8][0xfc][0xf][0x8c]Q[0x94][0x83]$[0xc2]zK[0x9d]_Z[0x11][0xa9][0xcf][0x6][0x9c]egkc[0x95][0xdd][0x8f][0xe8][\n]"
DEBUG wire -  << "\x[0xf1]![0x89][0xfe]iI[0x97][0xf7][0xe0][0xfd]R@[0xcf]+[0xe0]i[0xdf]WR[0xbb][0xb9]Ra][0xd0][0xa7][0xad][0xcd][0xbc]O[0xf3][0x7][0x9a][0x14]%6[0x16][0x9a]w[0xf2]"[0xfa][0xb0][0xa4]u[0xa2][0x17][0xc5][0x8d][0xc5][0xfd]O([0x1e][0xdc][0xff][0x8f][0xee]*[0x0]U<[0xdd]|[0xb6]R[0x9][0x0]t[0xb3],b[0x13]=[0xf6][0x1a]Mv[0x9f];[0xb7][0x8b][0xc3][0xde]ns[0xb7][0xd9][0xa0]R[0x16][0x94][0xfa][0x4].[^[0x10][0xb7]D[0x93][0x89][0xa3][0xe9][0xf7][0xb][0xd9][0xcf][0xd8]WB_[0x14][0xa0][0xc6][0x8][0x8f][0xea]\(M[0xcd][0x95]J[0x13][0xa2]+[0xc9][0xfe][0xab][0xb7][0xcb]$[0xbf][0x1f][0x90][0xdc][0xbf]z{[0xab][0xd4]o[0xdf]E[0xe5][0xdd][0x9d]NDW[0xa0][0xf3]xs[0xc9]IJ[0x9b]@[0xe3][0xf1][0xe6][0xad][0x14][0xee][0xb6][0xb6][0x1e]NaI[0xff][0x12][0x2]L[0xee][0xe6]OYU[0xed][0xc][0xb2];[0xcd]/[0x91][0xc2][0xd4]R[0xbc]R#[0xb3][0x98][0xf2][0xce]'_N[0xcf]B[0xbd][0xb5][0xe5][[0x9b][0xad]U[0xf6][\r][0xa2]+[0x90][0xfd][0xf6][0xf5][0xcb][0xa3][0xdb])[0xe]<[0x97][[0x1]8[0xcb]^L[0xb3][0xd0][0xfa](?[0xb0]j[0xae]E[0xae][0x13][0xf][0xc1]+[0x0][0xf3][0x6]-Bl[0xb7]6fs[0xb5][0x3]b[0xb3]< [0xde]F=[0xef][0x98]/i[0xe][0xc0]8[0x1c]i%[0xe0][0xdb][0xa9]m[0xef][0xac][0x94]Z@W[0xa0][0xf6][0xf4]?[0xfe][0xfd]vR[0xe5][0x6][0x90][0x9]P[0xb7][0xd2][0xb8][0xb3][0xbd]R[0x1a][0x11]][0x91]F[0xe5][0xad]+[0xdd][0xa7]>[0xa0][0xb1][0xf][0x1c][0xf][0x19][0xc]%[0x1e][0xb3][0xb8]\|[0xa4][0xc2]`[0x15][0xe]][0x84]:[0x15][0x6]l[0xde][0x1d]*(8k[0x5]u[[0xc5][0x8a][0xd5]r[0xa2][0xc8][0x8][0xf0][0x1c][0x10]H[0xde][0xde][0xd8]XCA[0xc3][0xb2][0x2][0xb7]y[0x9a][0xad][0xd5][0xba]F[0xad][0xb2]k[0xf4]R[0xcf]8,[0xa1]9[0x9b][0x98]@[0xa2][0xf3]"[0xb7][0xfa][0xc7][[0xab]5j[[0xa5]1|[0x8c][0xa1]G/J[0xd4][0x99][0xa0][0xcb][0x8e][0xe0]+[0xc2][0xa2]F-%[0xdc][0xce][0xfa][0x95]6[0x2][0xd1][0x95][0x1a][0x11][0xa6]x[0x14][0xea][0xa7][0xa5][\r] 8k[0xa4][0x88][0xcf][\n]"
DEBUG wire -  << "[0xcd][0x8][0xbc][0x8a][0xe3]f[0xa2][0xe4][0x83][0x6][0xee]}[0xca][0x82];[0x9a][0xc1][0x3]o,;[0x4][0x8][0x8f][0xce]1[0xf2][0x82]j[0xda]F$[0x80]/[0x8b][0x4]u([0x97][0xf3][0xa0][0x17][0xe1][0xc][0x88][0x9e][0x82][0xd1][0xd3]([0x85]o[0x95][0xac][0xf8][0xad]R[0x87][0xcc][0x10][0xc0][0xc0][0xb][0xbf][0xea][0x18][0xda][0x1a][0xb2][0xc3][0x5][0xf3]![0xc5][0xe4]$[0x1a][0x1b]3p[0xbe][0x15][0xb8]V[0xab][0xc9][0xf4]S[0xd4][0xef]KpO[[0x8c][0xf6][0xb4][0xab][0x89][0x18](2lMgy[0xa6][0x1f]GY[0xc9][0x8c][0xe][[0xba][0xcd][0xa5][0xdf][0x85][0xca]JkT[0x8d][0x8c]m[0xf3]K[0x90]G[0x89]_[0xbb][0xf7]4[0xc8][0x8b][0x91][0x84][0xf6]J<O3R3[0x1e][0xd6][0xd9][K[0xa2][0xb5][0xfe][0xcf]([0x14][0x16][0x82]Z-[0x9c]![0xa9][0xef][0x1b][0xb][0xa9][0xa4]O[0xbb][0x8c][0x82][0xf5][0x84]{[0xb8][0x94][0xdc][0xc8]{:[0xeb][0xaf]|[0xf6]l.kf"j[\r][0xac][0x86][0xa6]A[0xf5]<[0x14]B[0x1f]'[0xef][0xfa][0xec][0xdb][0xb1][0xfe]KG[0x9][0xcc]![0xa5]n[0xab][0x9c][0xf5][0xa2]>[0xdb]U[0xc2][0x92]m[0xbc][0xc1][0xd0][0x82][0xcd][0xf4]g;[0x9b]J[0x89][0xf][0xd5][0xd9][0xc4][0x7][0x8d][0x18][0x4]2[0x86][0x8]$M[0xa2]pp[0x98][0x1f]U[0x8c][0x13][0xd2][0x94]r[0xd0]Kh6^[0x4][0x87][0xf7];[0xbd][0xf8][0xa0][0x1]E[0x14]~Z[0xa6][0xc2][0xd4][0xc9][0xf6][0x6][0xc5][0xa2][0xea]P[0xab][0x8e][0xd1]j[0x81][0xa9][0x3][0x0][0x9c][0xca][0xc4][0xbf]8<R7[0x93][0x9][0x12]>}P[0x15].A[0xd8][0xa7][0xf1][0xbd][0xe4][0x83]D[0x85]d[0xec]6[0x9a][0x9b][0x8d]D\v[0xf5][0x91][0xc1][0xd2][0x8e]][0x8]+[0xaa][0x8f]W[0xa6][0x81][0xaf][0x1b][0xfd][0x9d][0x95]m4N7[0xde]B[0xf7]S5[0xea];[0xcb][0xbd][0x8f][0xff]=[0xc5]uz[0x1f][0x94][0x10]{[0xc7]G[0xaf]OOZ[0xbb][0x8a][0xec][0xef][0x9e]$\z[0xa6]0[0xcd][0x17][0xe6]2I[0x8c][0xa7][\r][0xb][0xf8]y[\r][0xc7][0xa4][0xb5][0xf9][0xc]DV[0xf7][0xe3]v{[0xda][0x8d][0xdb][0xf4][0xc5]L[0xa9][0xcc][0xd4][0xfd][0xe3][0xfa]0[0xf7][0xdc][0xc9]"@w[0x6]<[0xa4][0xb9][0xf9][0x0][0x8f][0xc4][0xee][0xda][0xbf]{[0x10]M[0x97][0x8e][0xc7]^Ioj[0xf6]w[0xd5][0xf9][0x8d][0xde][0xd5]C[0xfa][0xb5][0x12][0xd7]?D[0x9f]6ht6[0xb2][0xb1][0xda][0xa0]Q][0xd6][0x1e][0xd3][0xa3][0xc8][0xa7][0xfa]Ck[0x98]?[0x8f]&[0x9f]?[0x9a][0x9c][0xae][0x80]H[0xf0](H[0xe9][0xf5]<[0xdf]K'[0xe0][0xce][0xe0][0xa9][0x8a][0x9e][0xc][0xa4][\r][0xfe][0xb8][0xc2][0x19]s[0xfc][0xe8]2[0x16]t[0xda]=n;[0xe5]9J@[0x5]M[0x1d]f[0xb8][0xe2][0xc2][0xe1][0xf1]}[0xee] J[0xf][0xaa][0x5][0xd2][0x91]E^[0x9a][0x11]Vj[0xa3][0x89][0xf9][0xb8]U[0x91][0xf6]4[0x10][0xb][0xf0][0xac][0xb1]Q[0xaa]v[0x9f]a[0xbb][0xf1][0xd6][0x93]K/[0x1a][0xc9][0xc]O[0xc][0xc]KM[0xfa][0x98][0x80][0xf9][0xe0][0xee][0xa5]TP[0xe3][0xb7][0xd9][0xdf][0x88][0xda]K[0x1][0xa9]<%[0xec][0x88][0x9c][0xc2][0x9][0x18][0x98]S[0xfa][0xb9]?[0xe6][0x13][0xc9]zx[0x8e][0xb0][0xc2]@[0xbd][0x86]X[0xf3]:/=<[0xd9]_s\}[0xc1] [0xac]<[0xc7][0x8b][0x8c][0xc5][0xbb]:[0xe6][0xd0][0xa8][0x16]Q[0xb][0x90]b[0xc0][0xe9][0x81][0x8c]A[0x2][0xc2][0xf8]x[0x1c][0xb8]j[0x90][0x9d][[0xae]LH`t{[0xd0]3.[0xc3]mZ[0x4][0xde][0x1b]%.H,[0xc8][0x8c][0x8][0xe5]H[0xd7]T&#[0xc4][0xbe][0x84][0xa2]8[0xd3][0x8c][0x94]2Zv[0xab][0xaa][0xc6]C[0x80]P[0x1a]z[0x13]H[0xcf][0xfa]!&[0xaf][0xc0][0x8b][0xf1]l [0xd7][0xeb][0xf7][0x5][0xcd]G[0xe7]U[0xe6][0x88][0xf1][0xb6][0x13][0xc0]*[0x12][0x9b][0x9d][0x8e]@ [0xb]b8[0x1d] H62[\r][0xbd]5[0x18]B[0x80][0x11]`[0x6][0xe0]L[0xe0]p[0xa9]![0xf7][0xf0][0xe4]G[0x1f][0x97][0x17]N[0xb0]}[0x13]l[0x2][0x10][0xc1][0x1][0xd0][0xf1]\2[0xd2]t~[0xa7][0x87][0xa3]Q[0xd1][0x8e]h[0x90][0x12][0xf2][0xc0]}[0xc0][0xed][0x9b][0xd8][0x12][0xf5]m[0x16]jAwk[0xc0][0xde][0x1e]}zyB[0x9d].[0x87][0xd1]X[0xb1]EqXw[0xb3][0x84][0xba]e[0x1f]e[0x91][0x86][0xad][0xd5]O[0x84]p[0xa1][0x91][0xd8][0x97]$[0xb4][0xb8][0xf4][0x2]8[0x9b]s[0xc6][0x4][0x9a][0x2]hT[\n]"
DEBUG wire -  << "q[0x84] \1[0xc9]+4[0x80][0x9][0xe0][0x13]y[0xbb][0xa1].[0xa5][0xb2]#[0xc5]_P[0xac]I[0xc4]q[0x19]*2:"
DEBUG wire -  << "[0x10]<[0xcc]0[0xc7][0xc2][0x19][0xe1][0xf2]2[0x90]Jq[0x5][0xcf][0xca][0xe3][0x2]u[0xc1]A*[\n]"
DEBUG wire -  << "L/[\r]H[0xf8][0x85][0xab]EFx[0xec][0x14]R[0xeb][0xf9][0xfe]HS[0xa5][0x9a]*[0xa6]5[0xd2][0xc2][0xe]5[0xde]z[0x11][0xc][0xc7][0x9e][0x17][0xe2][0xc2]V,[0xa6]&o[0xa0][0xb7]',wBH5[0xce][0x85][0x14][0xea][0x19][0xf4][0xae][0xf2][0x17][0xc9][0x9][0xcc][0x13][0xb]_[0xe8][0xe][0xfa]Q[0x94]N?[0xbb][0xea]7[0xf5][0xc7][0xea][0xf9](5[0xd9][0x8b]7[0xb8][0xe3][0xd7][0xd2][0xe9]O[0xd9]a'__[0xed][0x1c][0xb0]4Rm[0x8e]f[0xbe]N[0xe9][0xcc][0xd2][0xf4]t![0x8d][0xc5][0xb8][0xab][0xe][0xed]O[0xe5]7[0xaa][0xdd][0xd5][0xce][0xfb][0xcf]|[0xa4][0xda][0xdd]\[0xea]z[0xdc][0xe1][0xc3][0xd4][0xee][\n]"
DEBUG wire -  << "[0xe6]@[0xcb][0xe8][0x96][0x11]u[0xcf][0x9][0x8d][0xf6][0xee]J[0xa7]`[0x10][0xdd]2[\n]"
DEBUG wire -  << "[0xef]?}[0xb1][0xbb][0xd2][0x9]3D[0xb7][0x8c][0xc6][0x7][0xcc]S[0xb4]wW:3[0x8f][0xe8][0x96]S{[0x97]I[0x89][0x8a][0x11][0x1d]Ohq[0xb6][0x1a]h[0xf4][0xa8][0x7][0xf7]/4[0x88][0xd9]7[0xf6][0x12][0x95]x[0x14]+KT"[0x3][0xd7][0xc1][0xe4][0xe7][0x8d][0xe2][0xe2][0x17][0xed][0xe3][0x86]Q[0x1f]x[0x85][0xc1][0xe7][0x19][0xe6][0xbe][0x86]\$[0xa4][0xa4][0xb9][0x16][0xcc][0x8f][0xa8][0xb1]_[0xfe][0x14][0xae][0xff][0x96]o/[0x99]9M}[0xfd][0xb0][0xf1]#;x[0xfc][0xf9][0xf8][0xe5][0xd1][0xd9][0xd1]g[0xf6]cc[\r][0xf]K[0x8f][0xfb]tC[0x83][0x8c]y[0x80][0xb7] [0xd0][0xb1];[0xc6][0x9e][0xf1]z=`[0xc3][0x11][0x84][0x2][0x8f][\r][0xd3][0xb8][0xe4][0xfe][0x8]/[\n]"
DEBUG wire -  << "[0xe9][0xf7]Z[0xa2][0xdd][0xde]y[0xd6][0xef][0xd1][0x9d][0x6]X[0x9c]_[0xf0][0xab][0xae][0xea][0x13][0xc2][0x83][0xef][0x85]{N[0x16][0xdc][0xa0][0xc0]]p[0xa7][0xbe]4[0xe8][0x8f][0x85]EpA#T[0x84][0x7][0xfd]u[0xc1][0xe9][0xf0][0xf0]J[0x6][0xe3][0x14][0x95][0xcd]G}'[0x19]{[0xe5][0x9][0xdf]U[0x6][0x19][0xdd][0x12][0x4][0x15][0xee]cC[0xd3][0xa1][0x8d]9[0xcd][0x1c]<[0x9c][0xe][0xd7][0x93]h[0xb9][0xbb][0xb8][0xe2]H[0xfa][0x9e][0x8b][0xd4]@r[0xc0]e[0x14]&[0x13][0xba][0x9]EU{[0xf4][0xf1]u[0xf7][0xd5][0xd1][0xbb][0xe3]__[0xbc][0xff]g[0xaa]7[[0xc9][0x8c][0xbc]D/[0xe3][0x15][0xee][0x99]7[0xf6][0xfa][0xdc][0x97][0xc2]4[0xf0]h[0xd6][0x99][0x14]Z[0xe6][0x86][0xd0]C[0xa8][0xe6]}x[0x8c][0xab][0xf5]u[0xee][\r]dG[0xe0][0x99]`nv[0xc6][0xb4][0xb1][0x97]&#([0x17]D[0xa8][0x10]F[0x81]z[0x7]H[0xbd][0x11][0x3][0xaf][0x8f]![0x8a]O[0xc1][0x92]"GAfOi[0xc7][0xb5][0x91]Wf[0x1a][0xb4]'[0x0]o[0x8b]Ag[0x2][0x9a][0xa3][0xbe][0xee]C[0x86][0xd7][0xda][\r][0xe9]2[0xc][0x95][0x0]O[0x1f]>[0x9e][0xfc][0x13][0xde][0x11][0xa3][0x1d]G[0x80]yw[0xf2][0xcf]g[0x90][0xf2][0xe][0xa7]SL[0xe3][0xc3][0x9b][0xa3]_[0xbb][0xa7]gG[0x1f]1[0xed]4[0xc5][0x1d])T?9-[0xb5][0xf][0xf5])[0xc8][0xfb][0xf][0x4][0x11][0xc5]s[0x0][0xaf]>[0xbd]y[0xd3][0x85]0[0xe7][0xe4][0xe4][0x1d][0x80][0xbc][0x2][0x92][0x99][0xda]%[0xce]j[0xaf]0[0xff][0xec][0x97]Oo_[0x9c]B[0xd6][0x19]6 [0xe4][0x9e][0xf][0x91][0xcb][0xcf][0x98]s[0xfc][0xe6][0xfd][0xe9][0x9]d[0x10][0xdb]X[0xed]D:[0x98]z[0xf2][0xf1][0xe3][0xfb][0x8f][0x4].r/[0xcf][0xcd][0x16][0xa6][0xe6]~-[0xb8]Rt[0xa2][0xbb][0xcd] [0x98][0xfd][0xd2]8d[0x1f][0xe8][0xfe][0xe][0x96][0xa2]{1[0xc0][0xa9]*[0xda][0x15]f[0x83][0xac][0x3][0xa1]4[0xf6][0x1][0xb2]d[0x1c]w[0x7][0xe0][0xf3][0x9][0x94][0x84]k[0x83][0x8e]G[0xf0][0x90][0x8d]Y[0xa7][0xa9]KH[0xf4][0x9d]"[0xaa][0x90][0xee]$}[0x99]OU[0x16][0x86][0xac]s[0xc9][0x90][0x8e]K[0xdb][0xc0]u[0xc2]<[0x0][0xb9][0xa0][0x87][0xe5][0x82][0xad][0xdb][0xfa]%[<[0xfd][0xa5]b[0xb1][0xfd][0x17][0xbd][0x92][0x1a][0x80][0x10]1[0x94][0x13][0xbd]/[\r]U[0x9f][0x8d][0x97]4b[0xc3][0x95][0x98][0x8f][0xbc]#[0x18][0x9][0xd9]9[0xf4]oZ[0xcd][0x90][0x84]=[0x8c]>[\n]"
DEBUG wire -  << "[0x9]N[0x98]Dq[0xc0]X[0x94]^[0xc0]E[0xc2]M[0xdf][0xd0][0xf]Q([0x14][0x0][0xe4][0xb7]t[0xb6][0xce][0x5][0xc5]+[0xd8](&?[0x8e]V[0xb]p[0xf0]a[0xc7][0xec][0xab][0x98][0x90][0xab][0xa7][0xd7][0xf2][0x8][0x9b]F]8[0x99][0xd6][0xf3][0x83];S[0xcf]=0[0xa1][0xa9]8[0x15]>[0xe8]*[0x81][0x97]$[0xbd]F[0x93]#[0xf5][0xbb][0x9d][\r]i[0xe0][0x18][0xcd][0x6][0xe4][0xad][0x4][0xf9][0x19][0x89][0xae][0xef]AH[0xd3][0x15]W[0xe]8[0xd9]T[0xfa][0xd7]h[0xc4][0x86][0x1c][0xfc]^[0xfc][0xaa][0x13][0xc4][0xa9][\n]"
DEBUG wire -  << "g[0x9][0x18][0x1e]"[0x86]d[0xa3][0x96][0x12][0xd2]V[0x9a]M[0xe8][0xd2][0xb2][0x8b][0xbb]U[0x14]Bl[0x10][0xf8][0xef]*[0x9d][0x1c][0xdf][0x80]_y[0xc1](`[0x8a][0x8]F[0x1b]][0xfa][0x18]_e7[0x1e]"[0xb6][0xdf]E[0x12]u{[0x93][0x94][0xb6]q[0x9][0x92]t[0xc8][0xc5]g[0xbc][0xf][0x11][0xa9][0x99][0xd8]%q[0x6][0x81][0x1f][0xa2]([0x3][0xf]B[0xba]|[0x91][\n]"
DEBUG wire -  << "[0xea]k[0xaa]N[0xa3][0x4][0xf][0x19]Js[0x1c]dr[0xf5]U[0x8d][0x10]&[0xeb][0x9]=[0xa4]B[0x82][0x8b][0x9f][0xa0][0xb][0x9f][0x8][0xd4][0x85][0xd4]4[0x80][0xea][0xf2][0xb0][0xab].[0xe7][0x9a]![0x5]1@|Ny[0xb])[0xc2][0xcc]n[0x0][0xa1]I2)2[0xf8]-[0xa5][0xb0],[0xa5][0xaa]8[0xa3]y{t[0xd1][0xa1][0xbe]).[0x17][0x82][0xb3][0x90][0xe2][0x81]">"[0xc][0xfe][0xf7]q[0x9a][0x2][0x19][0xca][0xc3][0x12][0xc7][0x91][0xd5][0x8b]h[0xd4][0xeb]*[0xbb][0x14]i[0x1][0xae][0xa3]P[0x5]],r[0xe8][0x93]:nA%d[0xaa][0xdb][0xec][0x85][0xba][0x4][0xc4][0xd9][0x93][0x18][0xdf]u[0x15]dW[0x8d]e[0xd0]T`[0xd7][0xc6][0x9c][0xe2][0xdb]([0xec]{[0x83][0x91]r[0xa2]T59>[0xed][0xc3][0xe8]y[0x81][0x4]#c2^[0x1e][0x85]O[0x11]U[0xa0][0x11]W[\n]"
DEBUG wire -  << "l[0xc0]'[0xc][0x97][0xde]e[0xe2][0xd5][0xca]9[0x87][0xda]$o[0xde]/gg[0x1f]t[0xcd]S[0x84]}[0xd0][0xbb][0x84][0xe8][0x93]*[0xab][0xde][0x11][0x0][0x82][0xa1][0xee],P[0x81][0x1]*K[0xc5][0xf6][0x99]l[0xe4]7u[0xfe][0xd0][0xfa][0x8b][0xec][0xc1][0x80][0x85][0xd6]h@[0x91][0xfc][0xd0][0xfe][0x8b][0x9c][0xc1]K[0xe3][0xca][0xbd][0xcf]p[0x11]*>[0xb4][0xa8][0xba][0xc]3[0x1b][0xf][0xc1][0xaa][0xd0])6[0xd0]'[0x13][0x9c]6[0xd1][0x95][0x93][0xf4]D9[0x7]^[0xbf][0x9f][0xb6]?[0x13][0xfa]<[0xf3]4[0x1b][0x5]9[0x8][\r]o[0x7]C|_5[0x1f]'[\r][0x99]JP<[0xd2][0xed][0x0][0xb3][0x8a]KJ[0xa7]\[0xd4][0x9][0xb6][0xf2]:P8 [0xef][0xa5]~[0x2][0xb3][0x93][0x8c]BgH[0xe6][0xc5]8[0xce][0x9e][0xbf][0x8c][0xda][0xcd][0xf6]6[0x89]%[0xea]c[0xc4][0x16]D[0x97]J[0x1][0xd1][0xc4]B[0xc2][0xe5][0x10]1[0xaa]{`s[0xfe][0x3][0x1c][0x16]m9?H[0xfa][0xeb][0x82][0x2][0x93][0xba][0x1f]i[0xe]Q[0x9]o[0xa6][0x9]q[0x87]M7[0xdb][0xca][0xa4][0xb1][0x90]F$[0x9]M[0x82][0xb7][0x12]1[0x1e][0x81][0xe0][0x2]#[0x99][0x84]p[0xfe]yNS[0x97]t[0xdb][0xaf]B[0xe2][0xa4][0x3]&0[0xf][0xbd][0x5][0xc5][0x11][0x95][0xf9].25[0x87]T^[0x18][0x85][0xe4][0xf6][0xf5]v[0xb7]6x[0xbb][0xe7][0xf6][0xda][0x90][0xf8]0?.[0xd3][0xe5]w3[0x9a][0x95]X[0x9e][0x13]Y[0x9d][0xad][0x9d]vsw[0xab][0xd9]s[0xb6][0xc][0xba]_G[0xe][0xbb]r[0xdc][0xef].GZ[0xbe],,#h[0xfa]d[0x13]2[0x1b][0x90])1J[0xc9][0xd8][0xbe]VK[0xa7][0x91][0xbf][0x18]&[0x90][0xff][0xb][0xa6]D[0xdd][0x85][0xa6][0x95][0x1b]d[0xfe]h[0xdc][0x80][0x17][0x97]O[0x84]d[0xde]![0x90][0x5][\n]"
DEBUG wire -  << "A[0xf0][0xa0][0x9b][0xb5]_[0xa5][0x8f]y[0x12]*9x[0xab][0xc7]M[0x8][0xe][0x15][0xc][0x8b][0xa8][0xaf]L[0x15][0xcd]'[0xf][0xd1][0xaf][0x6][0xb1]G+[0x95][0x89]<[0xba]R4[0x92]&[0x99][0xd9][0xd3]C[0xca]-[\r]G[0x2][0xa1]AH[0xea]g^[0xf][0xa2]T[0xd2]w[0x86][0xc][0xf1][0xaf]s[0xf8][0xd0]^[0x84][0xe][0xd8]$[0x8c])r{T[0x85][0xea][0xe6]OA[0xfd]SP[0xff]a[0x5]u[0x5]q[0xaa][0xd2][0xef][0x81][0x90]R[0xf9]^[0xba][0xe6][0xbe]wE[0x8d]T[0x9f]s[0xd4][0xbc][0x84]m_$[0xbc]x[0x9]v[0xee][0x90][0xe2][0xbe]=[0xc5][0x95][0x8c][0xc9][0x99]A[0x98][0xbb]V[0xdc][0xc8]n[0xc][0x87]b[0x85][0xfb][0xc3][0x95][0x97]C[0xf7][0x82]CF[0xf9][0xa2]p5[0x9d][0xa0][0xef][0x4]W[0xc5][0xf2][0x1b][0xc1]qP[0x8e][0xd4]>>$Q[0xa3]C[0x9f][0x8][0xd8][0x1][0x1e][0x0][0xc3][0xaf]P[0x13][0xfd][0xb1][0x2][\n]"
DEBUG wire -  << "[0xd2][0xbc][0x4][0xd9]0[0xee][0xd3]EX[0x10][0xd4]i[0xf3]^i[0xc3][0xfe][0x81]8[0x9e]i[0xa0][0xd3]Qo^{[0xd1][0xc3][0x18][0xbf]o[0xe0]W([0xa5][0x99][0xc8][0x97][0xd1][0xcb];[0x19][0xee][0xff][0xce][0xee]Nf[0x15][0xba]nN[0xc1][0x95][0xd8]U*[0x8d],[0x8b][0xf1][0x10][0x92]|ZF7[0xf9]X[0xd5][0xfb]+[0xd6]{[0xac][0xea][0x5][0xbf][0xf2]H[0xdd]8[0xf0][0x81][0xa6][0xca][0xbd]D[0xa6]4C3[0xdd][0x1c]70{[0xa6];[0xbd] [0x10][0xd7][0xad]|[0xfb]v[0xfb]-[0xe6][0xcb][0x8e]1[0xbd][0xf4][0xcc]0O:[0x95]7[0xa6][0xbd][0xea]T[0xdc][0xd5][0xf6]s[0xc7][0x98][0xbd][0xa6][0xcd]0[0xe9]@[0xd8]{[0x6]1[0x2]D[0xe3][0xfb][0x85][0x8b][0xb][0xeb][0xd7]ys[0xf4][0xc2]Vm[0xaf][0xdd]a[[0xec]E[0xb6]u:[0xdb][0xa7][0xe][0xe1]y[0xdd][0x1e]s/[0xad][0xd5][0x1f][0x80][0xc6][\n]"
DEBUG wire -  << "[0xbc][0x1]~[0xc][0xd1]7[0x89][0xde][0x3][0xe5][0xec][0x96][0xe9][0xd8]C<j[0x17][0xba][0xbe][0xc6][0x8]k[0xd3][0xdb][0xd5]p[0xce]O[0xe1][0xbf]7[0xe2]E[0x9b][0xdf][0x1]y[0xcf][0xf3]}<6[0x1][0xf8][0x8e]_[0xa0][0xee]XA[0x5]3F[0x1e]][0xe3][0xfa]p.|[0xe7]9[0x3][0xf]![0x1c][0xd4][0x9b][0x88]=[0xe7]+[0xc4][0x15][0xf7]&[0xbf][0x1a][0xa3][0xbe][0x8d]eE[0xd8][0x82]h$[0xbf][0x83][0xb3][0xd5][0xc8]h:[0xef][0x81][\r][0xcd][0xbc][0xc][0xa0][0xec][0xca]{ e9[0xae][0xdc]uY[\r]:P4[0xae][0xf]^[0xcf][0xc3]%[0xb2][0xea]([0x83][0x8b][0xe2]9[0xc][0xf8]yY[0xc9][0xf][0x8e][0xa3](|[0xb0]@J[0xbc],[0xa7][0xe7][0xaf]`4-[0xa0]}[0x96][0xd3][0xab][0xc2][:Jc[0xc5][0xe8][0xef]rz[0xc4][0xf7]1^_[0xa2]m%"[0xf6]'[0xdf]A[0xf5][0x92][0xbb][0xde].f[0xaf]z[[0x1]v[0xc0][0xa9][0x10]<X[0xd6][0xe2]HzhRW[0xa6][0xac][0xf0][0xc0][0xd9][0x7][0xe1]B[0x87][0xae][0xd5][0x9a][0xac][0x8a] ^[0x98][0xc][0x18][0xb7][0xe4]h0[0xc0]C5[0x1e] [0xd7][0x8b]-q[0xd1][0x8f][0xfb][0x1e];L7[0x9b][0xf7][0xc4]tP[0xef][0xdf][0xfc]R+[0x1c]S[0xe0][0xf5]k4[0xa5]n[0xe0][0xe2]/z}[0xec]|n[0x9e][0xd7][0xaf][0x99][0x1e]S`[0xe3][0xea][0x18]![0xcc][0xf6]Vv3[0xf8][0x8d][0xd3]A([0xba][0xa9][0x99]/[0xbe]#[0xda][0x14][0x1d][0xfa][0x9e][0xb2][0xcf]musn[0x87]>9[0xef][0x94][0xab][0xaf][0xf1][0xcf]/[0xcf][0x9f]>[0xc5][0xdf][0x8f];[0x9d][0xe9]E[0xb9][0xd3]$[0x15][0xaa][0x19][0xf5]o[0xdf]D[0xfd]Z[0xdf]y[0xad][0xbe][0xd3][0x94][0xf1][0x86]#[0xdf][0xdf][0x17][0x1d][0x8c]>[0xf7][0xc1][0x13][0xbc][0xd1][0x7]![0xdc][0xab][0x1f][0xe8].k<[0xeb]k[0xfa][0xcd]U[0x16][0xba][0xc3][0xe7][0xbd][0xe2][0xdd][0xf0]x[0x2][0xd3][0x86][0xb1][0xef][0xcc][0x9e][0xae][0xe0][0xd8][0xe4]7[0xd3][0x8d][0xd6][0xf5][0x1b][0xbc]e[0x1d][0x1a][0xda][0x83][0xe6]t[0x88][0xc8][0xa7]O{[0x9f][0x6][0x1e]S[0x8a][0x91]M[0xec][0xed]cb[0xed][0x95][0xe9][0x16][0x19][0x84]w[0x5][0xe3][0xbc]`[0xf9][0x96]b[0x0]2[0x89][0x3][0xf5]}[0x85]#[0xe7][0xda][0x8d]N[0xbf][0xb9][0xa9][0xab]k[0xde][0xb3]5[0x8][0xf5][0xfd][0xb5][0xc6][0x8f][0xec][0xfc][0xfc][0x90][0xfd][0xd8][0xc8][0x8f]X8hd[0x8b][0x16][0xf1][[0x11][0x9e][0x9d][0x80]G.[0xbc][0x9c][0x84]<[0xf0][0x1c]uJ[0x82]>[0x15]FM[0xb6]6[0xed][0xd6][0xf6]6SG[0xd3]I[[0x1d][0xbb][0x80]%[0x8e])[0xe0][0x99]-[0xd0][0x9b][0xb0][0xbf]}[0xb0]NG1[0x88]6A[0xe0][0xa2][0xaa]v[0xb3][0xf5][0xcc]j[0xb6][0xac][0xd6]&k[0xed][0xec]mm[0xef][0xb5][0xb6][0x9][0x8f]B$[0x11][0x18][0xc2]![0x4][0x86][0xd4][0xff][0x2][0xaa][0xd8][0x9e][0x19]x[0x8c][0x0][0x0]"
DEBUG RequestSpecificationImpl$RestAssuredHttpBuilder - Parsed data to instance of: class org.apache.http.conn.EofSensorInputStream
DEBUG RequestAddCookies - CookieSpec selected: default
DEBUG RequestAuthCache - Auth cache not set in the context
DEBUG PoolingHttpClientConnectionManager - Connection request: [route: {}->http://localhost:2064][total kept alive: 2; route allocated: 1 of 2000; total allocated: 2 of 2000]
DEBUG PoolingHttpClientConnectionManager - Connection leased: [id: 1][route: {}->http://localhost:2064][total kept alive: 1; route allocated: 1 of 2000; total allocated: 2 of 2000]
DEBUG MainClientExec - Stale connection check
DEBUG wire - http-outgoing-1 << "[read] I/O error: Read timed out"
DEBUG DefaultManagedHttpClientConnection - http-outgoing-1: set socket timeout to 10800000
DEBUG MainClientExec - Executing request GET /session/e9c2f5b492893b90288674161d6e7d46/element/0.01484094461664287-10/attribute/href HTTP/1.1
DEBUG MainClientExec - Target auth state: UNCHALLENGED
DEBUG MainClientExec - Proxy auth state: UNCHALLENGED
DEBUG headers - http-outgoing-1 >> GET /session/e9c2f5b492893b90288674161d6e7d46/element/0.01484094461664287-10/attribute/href HTTP/1.1
DEBUG headers - http-outgoing-1 >> Cache-Control: no-cache
DEBUG headers - http-outgoing-1 >> Host: localhost:2064
DEBUG headers - http-outgoing-1 >> Connection: Keep-Alive
DEBUG headers - http-outgoing-1 >> User-Agent: Apache-HttpClient/4.5.3 (Java/1.8.0_161)
DEBUG headers - http-outgoing-1 >> Accept-Encoding: gzip,deflate
DEBUG wire - http-outgoing-1 >> "GET /session/e9c2f5b492893b90288674161d6e7d46/element/0.01484094461664287-10/attribute/href HTTP/1.1[\r][\n]"
DEBUG wire - http-outgoing-1 >> "Cache-Control: no-cache[\r][\n]"
DEBUG wire - http-outgoing-1 >> "Host: localhost:2064[\r][\n]"
DEBUG wire - http-outgoing-1 >> "Connection: Keep-Alive[\r][\n]"
DEBUG wire - http-outgoing-1 >> "User-Agent: Apache-HttpClient/4.5.3 (Java/1.8.0_161)[\r][\n]"
DEBUG wire - http-outgoing-1 >> "Accept-Encoding: gzip,deflate[\r][\n]"
DEBUG wire - http-outgoing-1 >> "[\r][\n]"
DEBUG wire - http-outgoing-1 << "HTTP/1.1 200 OK[\r][\n]"
DEBUG wire - http-outgoing-1 << "Content-Length:134[\r][\n]"
DEBUG wire - http-outgoing-1 << "Content-Type:application/json; charset=utf-8[\r][\n]"
DEBUG wire - http-outgoing-1 << "[\r][\n]"
DEBUG wire - http-outgoing-1 << "{"sessionId":"e9c2f5b492893b90288674161d6e7d46","status":0,"value":"http://pros.unicam.it/mida-multiple-instances-and-data-animator/"}"
DEBUG headers - http-outgoing-1 << HTTP/1.1 200 OK
DEBUG headers - http-outgoing-1 << Content-Length:134
DEBUG headers - http-outgoing-1 << Content-Type:application/json; charset=utf-8
DEBUG MainClientExec - Connection can be kept alive indefinitely
DEBUG PoolingHttpClientConnectionManager - Connection [id: 1][route: {}->http://localhost:2064] can be kept alive indefinitely
DEBUG PoolingHttpClientConnectionManager - Connection released: [id: 1][route: {}->http://localhost:2064][total kept alive: 2; route allocated: 1 of 2000; total allocated: 2 of 2000]
DEBUG BasicClientConnectionManager - Get connection for route {}->http://pros.unicam.it:80
DEBUG DefaultClientConnectionOperator - Connecting to pros.unicam.it:80
DEBUG RequestAddCookies - CookieSpec selected: ignoreCookies
DEBUG RequestAuthCache - Auth cache not set in the context
DEBUG RequestTargetAuthentication - Target auth state: UNCHALLENGED
DEBUG RequestProxyAuthentication - Proxy auth state: UNCHALLENGED
DEBUG DefaultHttpClient - Attempt 1 to execute request
DEBUG DefaultClientConnection - Sending request: GET /mida-multiple-instances-and-data-animator/ HTTP/1.1
DEBUG wire -  >> "GET /mida-multiple-instances-and-data-animator/ HTTP/1.1[\r][\n]"
DEBUG wire -  >> "Accept: */*[\r][\n]"
DEBUG wire -  >> "Host: pros.unicam.it[\r][\n]"
DEBUG wire -  >> "Connection: Keep-Alive[\r][\n]"
DEBUG wire -  >> "User-Agent: Apache-HttpClient/4.5.3 (Java/1.8.0_161)[\r][\n]"
DEBUG wire -  >> "Accept-Encoding: gzip,deflate[\r][\n]"
DEBUG wire -  >> "[\r][\n]"
DEBUG headers - >> GET /mida-multiple-instances-and-data-animator/ HTTP/1.1
DEBUG headers - >> Accept: */*
DEBUG headers - >> Host: pros.unicam.it
DEBUG headers - >> Connection: Keep-Alive
DEBUG headers - >> User-Agent: Apache-HttpClient/4.5.3 (Java/1.8.0_161)
DEBUG headers - >> Accept-Encoding: gzip,deflate
DEBUG wire -  << "HTTP/1.1 200 OK[\r][\n]"
DEBUG wire -  << "Date: Mon, 14 Jan 2019 17:23:55 GMT[\r][\n]"
DEBUG wire -  << "Server: Apache/2.4.18 (Ubuntu)[\r][\n]"
DEBUG wire -  << "Vary: Accept-Encoding,Cookie[\r][\n]"
DEBUG wire -  << "Cache-Control: max-age=3, must-revalidate[\r][\n]"
DEBUG wire -  << "Content-Encoding: gzip[\r][\n]"
DEBUG wire -  << "Content-Length: 12662[\r][\n]"
DEBUG wire -  << "Keep-Alive: timeout=5, max=100[\r][\n]"
DEBUG wire -  << "Connection: Keep-Alive[\r][\n]"
DEBUG wire -  << "Content-Type: text/html; charset=UTF-8[\r][\n]"
DEBUG wire -  << "[\r][\n]"
DEBUG DefaultClientConnection - Receiving response: HTTP/1.1 200 OK
DEBUG headers - << HTTP/1.1 200 OK
DEBUG headers - << Date: Mon, 14 Jan 2019 17:23:55 GMT
DEBUG headers - << Server: Apache/2.4.18 (Ubuntu)
DEBUG headers - << Vary: Accept-Encoding,Cookie
DEBUG headers - << Cache-Control: max-age=3, must-revalidate
DEBUG headers - << Content-Encoding: gzip
DEBUG headers - << Content-Length: 12662
DEBUG headers - << Keep-Alive: timeout=5, max=100
DEBUG headers - << Connection: Keep-Alive
DEBUG headers - << Content-Type: text/html; charset=UTF-8
DEBUG DefaultHttpClient - Connection can be kept alive for 5000 MILLISECONDS
DEBUG RequestSpecificationImpl$RestAssuredHttpBuilder - Parsing response as: text/html; charset=UTF-8
DEBUG wire -  << "[0x1f][0x8b][0x8][0x0][0x0][0x0][0x0][0x0][0x0][0x3][0xed]}[0xeb]z[0xdb]F[0xb2][0xe0][0xef][0xf8])[0xda][0xc8][0x89]E&[0x4]x[0xd3][0x85][0x12]EedYN<[0xc7][0x17][0xad]%O&[0xc7][0xd6][0xd1][0xd7][0x4][0x9a]$l[0x10]@[0x0]P[0x14]c[0xeb][0xa9][0xf6][\r][0xf6][0xc9][0xb6][0xaa][0xba][0x1b]7B[0xa2],[0xd1][0xb3];[0xe7][0x8b]g"[0x2]}[0xa9][0xae][0xae][0xae][0xaa][0xae][0xaa][0xbe]`[0xff][0xf1][0xb3]7Gg[0xbf][0x9f][0x1c][0xb3]I2[0xf5][0xe][0x1e][0xed][0xe3][0xf][0xf3][0xb8]?[0x1e][0x18][0xc2]7[0xdf][0x9d][0x1a],[0x8c][0xc4][0xc8][0xbd][0x1a][0x18][0xc1]x[0xf][\n]"
DEBUG wire -  << "%[0xe1]^[0xb3][0x19][0x8c]Ck*[0x9a]~[0xfc][0xbd]q[0xf0][0x8][0xea][0x8][0xee][0x1c]<[0xfa]n*[0x12][0xce][0xec][0x9][0x8f]b[0x91][0xc]6[0xde][0x9d]=7{[0x1b]i[0xba][0xcf][0xa7]b`\[0xba]b[0x1e][0x6]Qb0;[0xf0][0x13][0xe1]'[0x3]c[0xee]:[0xc9]d[0xe0][0x88]K[0xd7][0x16]&[0xbd]4[0x98][0xeb][0xbb][0x89][0xcb]=3[0xb6][0xb9]'[0x6]m[0x3][0xa1]x[0xae][0xff][0x89]E[0xc2][0x1b][0x18]a[0x14][0x8c]\O[0x18]l[0x2][0xa8][\r][0xc][0x85][0xd4]x[0x1a][0x8e][0xad] [0x1a]7[0xaf]F~[0xb3]Mu[0xbe][0xdb]O[0xdc][0xc4][0x13][0x7][0xaf]^<;d&;y[0xfb][0xe6][0x14][0xff][0xd8]"[0x8e]E[0xcc][0xb8][0xef][0xb0]S[0x11]a[0xbb]1{[0xc9][0x87][0xfb]MY[0xfa][0x11][0xcb][0xfd][0xdb][0x8f][0xed][0xc8][\r][0x13][0x96],B@?[0x11]WI[0xf3]#[0xbf][0xe4]2[0xd5]`[0xae][0x3][0x1d][0x8]g#[0x13]I6[0xe3]ca[0xaa][0x9c]"[0x14][0xfc]w[0xc9]#&[0xa2]([0x88].[0xe2]$[0xba][0x8][0x86][0x1f][0xd9][0x80]}^*[0x85][0xff]6"[0xf1][0xc7][0xcc][0x8d][0x84][0xb3][0xc1][0xf6][0xd8][0x86][0x1b][0xb3][0xf4][0xbd]Q]~[0xea][0xc6]S[0x9e][0xd8][0x13]*[0xef][0x4][0xd0][0x1d]?H[0x98]L[0xba][0xa1][0xca]%[0xf7]\[0x87]'n[0xe0][0xeb]F[0xb0][\n]"
DEBUG wire -  << "[0xa5]n,[0xd5][0xb8].[0x92][0xa4])[0xfb]X[0xec][0xe2][0xa3][0xfd][0xc7][0xa6][0xc9][0xce]&[0x0])v[0x13][0xc1][0xe0]7[0x8][0x13]w[0xea][0xfe])[0x1c]6w[0x93][0x9]K&[0x82][0xfd][0x1e][0xf0]8a[0xa7][0xc7]oX[0xe8][0xcd][0xc6][0xae][0xcf].w[0xad]M[0x18][0x1a][0x1c][0xc3][0x18][0x6]q[0x81][0xf9][0x96][0x1d]L[0x9b][0xf3] r[0x80][0xf5][0xe2][0xb8])K[0xc6][0xcd]X[0x4]Mf[0x9a][0xc0][0xa4][0x19]+[0xd8][0xdc][0xf]|[0x17][0xb8][0xa4][0xc4][0xc][0xc0]"[0xb1]5[0xc3][0x9c][0xa9][0xe5]&[0xcd])[0xf4][0xd5][0x9c][0xce][0xbc][0xc4][\r]=a[0x2][0xb0][0x84][0xfb]0[0xea]&[0xb0][0x80][0x9]T[0xe0][0xf0][0xe0][0x2][0xb9][0x82][0xa8]i[0xb0]&4@[0x1c][0xb]0B[0x11]%[0xb]b}/@V[0xcc][0xb1][0xad][0xf0]/P:[0xaa]K#[0xb7][0xe4][0xca][0xf2](qm[0xac]}Cid[0xbb]\[0xf1][0xbb][0xb1][0xeb]M[0xd0][0x1c]![0x87][0x7][0x86]6[0xf]Su[0x9e][0xbd][0xd0][0x9d]'[0x80][0xcf][0xa0][0xf3][0xec]Pu[0x9e][0xbd]>[0xfe][0xed][0x94][0xbd][0x16]sv)[0xa2][0x18][0xea][0xb3][0x8e]ue]![0xa5][0x5][0x8f][0x5][0xfb][0x95][0x87][0xe1][0x82]%[0x1][0xd4][0xf4][0x83][0x19][0xc0]`[0x84]i$l[0xe1]^[0xc2]([0xe3][0x0]?=y[0xf5][0xe4][0xfb]^[0xa7][0xbd][0xd3]o[0xf7][0x9e][0xf8][0xc3]8[0xec]?[0x15]0[0xe2][0xcf][0xc4]4`[0x87]s[0x1e]9[0x8f][0x19][0xe5][0xb7][0xfb]2[0xf7][0x85]?[\n]"
DEBUG wire -  << "[0xf6]T[0xc1][0x93]W[0xd8]x[0xec][0x89]$[0x11][0x11][0xeb]4;[0xad]v[0x8f][0xbd]=~~[0xfc][0xf6][0xf8][0xf5][0xd1]1;9<9~{[0xca][0x9e]{[0xfc][0xd2][\r][0xd8]Q[0x10]E[0xdc][0x1]E[0xd1]`G[0x13][0x97]G[0x9c][0xbd][0x9a][0xfd][0x9]/Oy4[0xc4][0xb7][0xb7][0xa2][0xc1]^[0x6][0x91][0xf0][0xff][0xc][0xd8][0xdb] [0x8e]![0xb];[0xfc]<[0xa2][0xce][0xdb][0x1];s[0xc5][0x9f][0xba][0x96][0xea][0xbd][0xeb][0x8f]Y[0x5][0x8d][0x80]C[0x1][0xad][0xd7][0xd0][0x9a][0xe7][0xf1]a[0x10][0x91][0xc4][0xc4]{[0x0]&[0x98][0xb2][0xe7]A4[0xe5][0x1e][0xc][0xca][0x94][0xfb]0[0xc0]1[0x92][0xe6],[0x8] e[0x16][0xa2][0x92][0xb3]t[0x17][0xa1];>[0xd5][0x84][0xd2]G[0x81]?[0x12][0x80][0x16]P[0xf][0x8][0xfc]t[0x16][0xbb]>[0x8c]/{2[0x11][0x9e][0xe7][0x86][0xfd][0x9b]Fu[0x16]y[0xb9][0xd1][0xfc]V\[0x8e][0x92]{[0x81][0x9a]:[0xd7][0xd6]=[0xd9][0x10]Z[0x1a][0x8b][0x95]([0xcf]CS[0x95]h[0xce]B/[0xe0]NL[0xa3][0xde]lu[0xa9]7/[0x83]q`[0x85][0xfe]8[0xd7][0x88][0x9c]G[0x12][0xd0](@[0xd5]=[0x1b]8*[0xd7]H<[0x9b]Ny[0xb4][0xb8][0xb1][0xf8]_[0xb2][0xf1][0xef]([0x1b][0xef][0xb5]p[0x9c][0xdf]8[0xb0][0xf]V[0xa1]Ep[0xdf][0x80]y[0xf3]v[0xc4][0x6]0[0x8b][0x7]P[0xb0][0xdb]M[0xcf][0xf9][0xe9]c[0xc][0xd3][0xf0][0xc1]g[0xe3]o[0x4][0xee]*1[0xf6][0xc]=![0xc6][0xf6][0x4]H[0x88]v[0x8d][0xd1]0[0xfe]F[0xf3][0xca][0x9e][0xf1]&[0x1a][0x83]([0xff]I[0xf5]![0x19]u[0xc3][0xde][\r]8Bv[0xc]];[0x8c][0x8d][0xbd][0xf7])[0xd0][0xf9]|n-[0x82]Y2[0x1b][\n]"
DEBUG wire -  << "[0x9a]k[0xc1]f[0xf3]}[0xe1]5[0xdf][0x1d]][0x1c][0xfd]q[0xf5]*y6[0x8a]~[0xf9][0xaf][0xf9][0x9b][0xf1][0xfd]1[0x1c][0xb6]D06[0xce][0xa1]m[0xd7][0xb9][0xb1][0x91][0xef][0x83]"B[0xa4]A[0xf6]Vj[0x8e][0x86][0xe1][0x1][0x89][0xa0][0xa0]q[0x9d][0xd9][0x14]dF4[0x97][0xc][0x5][0x8b]f[0xfe][0xdc][0xd4][0xbf][0xe1][0xf8][0xb1][0x89][0xb6][0xa9] [0xc3][0x87]f[0xff][0x8d]fs[0xca][0xaf]l[0xc7][0xb7][0x86]A[0x90][0x80][0x99][0xc5]C|[0x81].n[0xd0][0x18][0xac][0xaa]<[0x2][0xf2][0xc7][0xd6]8[0x8][0xc6] [0xd4][0xa1][0x1b][0xdf][0xbd]fl[0xcd]q[0x8c]J[0x85][\r][0xee]I[0xf6][0x6]^[0x92][0x6]d~[0xe0][0xa3]8[0xfe][0xe9]j[\n]"
DEBUG wire -  << "j[0x9d][0x98]w[0xa5][0xa2]eO"[0xfe][0xc7],[0xe8][0xb3][0xe7]B8[0xb7][0x9b];#([0xa1]t[0xfc]7[0xc6][0xe5]([0x98]N[0x81][0xff][0xe3]; e[0xab][0xa2]9[0xec][0xc0]@[0xbf][0xd5][0xbc][0xc6][0x12][0xdf][0xcd]][0xdf][0x9][0xe6][0xd6][0xc5]<[0x4]=[0xf9][0xd1]=[0x5][\r][0x8][\n]"
DEBUG wire -  << ")F[0xeb][0xd9][0x18][0x82][0xea]}[0x97]r[0xbc][0xf7][0xa1][0xf9]A[0xf][0xc5][0x87]&[0x9]q[0xfc][0x1][0x1a][0x8e][0xc4][0x87]&U[0xfe][0x0][0x8e][0xc1][0x87][0xe6]N[0xe7]j[0xa7][0xf3][0x1]EC[0xca][0x1a][0x9])[0xc8][0xc9][0xe5][0xf8][0xeb]aA%[0x82][0x4][0xbf][0xc7][0x12][0x18]<[0xe1]{0[0x8b]l[0x10][0x82][0xcf][0x6][0xc8]4[0x10][0x99][0xaa]h[0x1]B[0xd0]E[0xea]|@e[0xe2][0xfa][0xb6]7s[0xb0][0x99][0x8f]1%P%SM1[0xd6][0x14][0xa4][0xe0]c[0xfc]3[0xcc]?[0x83]-[0xab]eu[0x8c][0xeb][0xeb]>[0x12][0xe8][0xf1][0x8][0xe6][0x1b][0x1c][0xc5][0x1a]o[0xc][0x1b]v[0xfd][0xb3]~g[0xe][0xa6][0xd4]?[0xa3][0xe7]a[0xf]N[0x93][0x8][0xe8]f[0x8d]@;[0x1f][0x81][0x8f]v[0x14]8[0xa2][0xef]Y`[0x96][0xf2][0xe8][0xad][0xb0][0x93]Z[0xab][0xd1]j|[0xb2][0xa4][0x3][0xf6][0xc9][0x9a][0x8]w<I[0xea][\r][0xcf][0x2]W[0xcb];[0x3]B[0xd5]l[0xb]9fQK[0xc0][0xc6]o[0xf0]:[0x14]o[0xd5][0xfb][0x8][0xdb][0x19]|[0xb2][0x92][0x0][0xa7][0xcb]wo_[0xd6][0xea][0xf][0x80]:[0xcc]A[0x15]%[0xa8][0x91]Hf[0x11][0xf4]i0[0x18][0x88][0xeb][0xb4][0x8b][0xa2][0xc6]e[0x7][0x87]}wT{[0xec]}[0xf9][0xf2]8[0x3]^[0x97]u[0x1e][0xb7][0xfb]1(v{R[0xf3],d[0xb1][0xa7]@M[0x90][0xb]d[0xb8] 4[0x10][0x99][0x0][0x95][0xfc]v[0xab][0xc5][0xba][0x9d][0xf0][0x8a][0x1d]F[0xe0]{[0x1a][0xd0][0xc5][0xcf]6[0x94]4F[0x1e][0x1f][0x1b]{[\n]"
DEBUG wire -  << "Tm8pj[0xef][0xb7][0xb6][0xba][[0xdb][0x8d][0xad][0xed]^[0x7][0xfe][0xea][0xe7][0xf6][0xee]y[0xa3][0x90][0xd3][0xeb][0xb4][0xba][0x85][0xec]z[0xfd][0xc9][0x93][0x2][0x80][0x9d]n[0xb7][0x3]y[0xed]N[0xf][0xfe]nv[0xba][0xd9]s[0xbb][0x97]Kog[0xcf][0xdd]Vu[0xf9][0xcd][0x9d][0xac]q[0x82]*[0x1b][0xcf][0x15]-&[0x0][0xfc]R[0x89]v)[0x1]ZZ[0x1][0x3][0xda][0xac]7[0x1e][0xf][0xeb]}"[0x93][0xe2]p5Li/[0xb1][0xe4][0xce]v[0xab][0xb1][0xbb][0xb3][0xdb]ilo[0xb5][0xba][0x9a]J:[0x83]`[0xe6]r[0x11][0xe4][0xb5][0x1e][0xb8]l[0xa0]Gz[0xa0][0xed][0xc1][0xd0][0xb2]#[0x1]"u[0xec][0x9][0xd4](5C[0xa9][0xb]@[0xc4][0x8a]#{[0xc0][0x1b][0xb6][0xe5][0x80][0x86][0x8e][0x6][0xb6]U[0xad]X[0x1a]Ck,[0x12]U?~[0xba]8[0xe3][0xe3][0xd7]0g[0xd5][0xc][0xc]e[0x18][0xf5][0xf7][0xad]s[0xe4]J[0xe1];`>yN[0xcd][0xae]_c[0xcb][0xe3][0xc6][0xa4][0xe1]6>6>-c[0x0]~([0x0]7[0x80][0xb3][0x81]k[0x1][0xf4][0x91][0x9c][0xc8][0x9f]<[0xc9][0xbf][0xd5][0x8c][0xe][0x0][0xef][0x8f][0x82][0xa8][0xf6]qp[0x8]&[0xda][0xa2]&[0x99][0xab][0xa1][0x88]W[0x7][0xc4]ci[0x1f][0xc5][0x83][0xcf][0x2]$}[0x1]b[0xe1][0x8f][0xf7][0x1e][0xb7][0x1a][0xd9][0xdb][0xf1][0x95]-[0xc2][0x4]L=L[0xbf]n[0xb8][0x83]V[0xdf][0xdd][0xff]hy[0xc2][0x1f]'[0x93][0xbe][0xfb][0xd3]O[0xf5][0xc][0xca][0xfb][0x8f][0xef][0xdd][0xf3][0xf3][0x81][0xa8][0xe1]o[0x1e][0xbc][0x95][0xc1][0x1b]T[0xa6]>yR[0x86][0xd2][0x90][0xc8]>[0x1e][0xc][0xf0][0x15]8[0xb9][0xb2]^[0x86]]5[0xdc],[0xb9][0x5][0x1a][0xc0][0x87][0x81]|[0x9c]+[0x81][0xe8]B[0x97][0x9f][0xbd]y[0xf5][0x16][0x86]u1x[0xdc][0x86][0xb7][0x8][0x1f][0x8f][0xb8][0xe7][\r][0xb9][0xfd]i[0x90][0xaa]N[0x90][0xf5]\A keK_[0xbe][0xd4]&[0xc5]:[0x5]p[0xb5][0xfa]5p[0x16]w[0x9c][0xe3]K[0xe0][0x8a][0x97]n[0xc][0xb6][0xa1][0x88]~[0xae]-[0xa7][0xd5][0xc]h[0xec]H[0x1a][0x8f]/[0xc1]r[0x84][0xc9][0x13][0x98][0xeb]q[0xbb][0xde][0xe0][0x15]e[0xd1][0xb6]T[0xf9][0xf5][0xbd][0x1a][0x94]H[0x12]nO[0xa8]P[0xcd][0x8]|[0x95]][0xc7][0xb6][0x8b]9[0x84][0x1d][0xd8][0xeb][0x89]@[0x13][0xf]L[0xda]F[0xe]y[0x98][0x99][0xa6]`[0xd1][0x83]A[0x0]*u({r[0x8a]eq`[0xca][0xfd][0xaa][0xd7][0x1b]D}[0x9a][0xd6][0xbe]|[0xf9]|[0xdd][0x18][[0xb9][0x99][0xed][0xe7]Q[0xad][0xf0]^[0xdf][0x1b][j[0xc2]~[0xf2]dl%s[0xf5]X[0xc3]r[0xea][0xad][0xde][0xc0][0x17]U[0xaa]^[0xaf]_[0xd7][0xe4]T[0xdf]p[0x2]{[0x86]b[0xd5][0xb8]a[0xea][0xaf][0xe3][0xb4][0x97]Y[0x8c]hE$[0xb]pMr[0xb2]n[0xc7]1X[0xf][0xee][0x14][0xe1][0x9b][0xf1][0xd4][0xf5][0xc4][0xa2]A[0xaf][0x4][0x88]}~[0xf4][0x9d][0xe3][0xc6][0xa1][0xc7][0x17]{[0xe0][0xc6][0xe0]\[0xc0][0x1e][0xbb]S[0x1c]m[0xf0]V[0x0]:x3[0xe][0xb8][0x1][0xcc][0xf][0x96]s[0xae][0xcc]x[0xc2][0x1][0xad][0xaa]\9[0xbf][0xed][0xb1][0xb6][0x98][0x16]3h[0x2][0xac]H[0x7]o[0x15][0x8c][0xdb]=[0xd6]bVk[0xa7][0x9c][0x9]l[0x97]`l[0xcb][0xe4][0x9e];[0x86]Bf[0xcb]Z[0x2][0x80][0xc3]3[0x8e][0xc0][0xe3]t[0xaa][0xf0][0x9][0x81][0x97]P[0x0][0xfc]|[0xfa][0xf5]#[0xa0][0x1e][0x92][0xac]`[0xd9]RJ<[0x11]"[0xd9][0xc0][0xb8][0xe6][0x6]Pn[0xe8][0x5][0xf6]'[0xd3]s[0x87][0x11]x[0xd5]&[0x10]u[0x83])[0x93][0xf7]F[0x8f]H[0x1b]18[0x4]M r[0xd2],[0x0][0x91][0xed][0x92]-[0x3][0x5]2cfCyFz[0xf4]6[0xd8]T8.[0x7]W[0xc9][0xf3][0xca]&x[0x19][0xd1][0x9]x[0xd1].7m[0xcf]Emn[0x82][0x8b]{7T[0xb5][0xf3][0xa6][0x3][0x8c][0xe0][0xa3]O[0x85][0xb]>[0xb6][0x89][0x92][0x1][0xe][\r][0x18][0xc6][0xc1]ptu1[\r][0x9c][0x99][0x87]][0xd2][0xc9][0xa6]'[0xc6][0xdc]^49X[0xc7][0x89][0xec][0xaa]D[0xa2][0x99]Cb}[0x1d]tx<q[0x1][0xdb][0xf8]>C[0xa0][0xeb][0xae][0x97][0xe6]H[0x17]S[0xd2][0xc5][0xc]gCD[0xcc][0x4][0x99][0x9d][0x99][0x12][0xcf][0xd6][0x12][0xa6][0xe8]w[0xde][0xe0][0x9c][0x91][0xdf]e[0xf2][0xb9][0x88][0x83][0xa9]hnZ;V[0x8b]P[0xcf]'[0x17][0xb0][0xef]@[0x91][0xee]7[0xc4][0xbe][0xfd][0x8d][0xf8]'k[0x82][0xfa][0x7]-[0x83][0x3][0xb6][0xbe]^[0xa5]t[0xfd]:[0xf4][0x9][0xed][0x94][0x81][0x15]K[0xa7][0xb0][0x8][0xd3][0xf4][0xad]0[0xc][0xed]5[0x9].[0x8d]s[0xec][0xfe])[0xee][0xc8][0xdf][0xb7]"[0x9e]2[0xe][0x1],[0xb1][\r]([0xd0][0xdd][0x87] [0x9c][0xe7][0xc8]5[0xe0]Z[0xe0][0xfb][9~M[0xa4][0xbe][0xa0][0xe4][0x87]`[0xbe][0xac][0xbe][0xef]JU9G/[0xe1]"[0xa7]_[0x89]R[0x9][0xc4][0xc1]#Kq[0x8][0xf8]i[0xa8]Q[0x1b][0xac][0x94][0xc0][0xd0][0xb3][0x4][0x3][[0xfd]\[0xc4][0x93] [0xc]a[0xc2][0xbb][0xb0]y[0x94]0[0xb][0xff]^x0[0x7][0xe1][0x84][0xff]]n[0xae][0x84][0xce]y[0x1][0xcc][0xef][0xdf]w[0xb7][0xbb][[0xdd][0x1d][0xc8][0xbc][0x86]"
DEBUG wire -  << "[0xff]n[0x0][0xce],[0x8f][0xf][0x85]g[0x8e][0xc0][0xce][0xa2]X[0xa8][0xeb][0x87][0xb3][0xe4]=![0x1b][0x83][0x9f]kO[0xce][0xf7][0xcc][0xb9][0x18]~ra[0xec]f[0x9][0xae]Mz[0xb2]A[0x9d][0x9a]7[0x1a]@Q[0x0][0xc8][0x16][0xfe][0xf]\[0xcd]][0xf8][0x7]?9<[0xee][0xda][0xe5];`[0xb5][0x9a]\T[0x8e][0x81]C2[0xb5][0xf0][0x8f][0x89][0xd4][0x9][0xf7][0x86][0x2]^[0xc4][0xca][0xda][0xc0]2[0xce][0xcc]~([0x94][0xc2][0x90][0xa9]J[0x92]zz[0x8c]F[0xf4][0xf]i[0xc3][0x1e]4H[0x85]!A&3q[0xa4][0x14]+[0xa8]Vrf[0x12][0xab][0x18][\r][0xc6]+[0xfa][0xa3][0x1e]L[0x9f]_2[0xcf]e[0xfc]&[0xec][0x97]`[0xed]M[0x2][0x10][0xa0];@[0x94][0x5][0x8b]p[0x5][0xfd][0x93][0x9c][0xb][0x1]1$[0xe][0xd4] [0x8]N[0x14][0x84][0xc0]n>[0xcd]j[0x0]CA8[0x80][0xe][0xdc]Zl[0x4][0xa6]w[0xbc][0xba][0x18][0x7][0x1f][0xe2]R,[0x95][0x93][0xbf][0x84][0xf6][0x1]"[0xbe][0x2][0x8d]a[0xe0],[0xf6][0xfc] [0xa9]Y[0x13][0xd0]w[0xf5][0xb4]>[0xf8][0xee]|[0xe6]%%x[0x96]lTV[0x18]&~}[0x8d]`[0xd4]H[0xac][0x9][0x18][0x11][0x11][0x81][0xa5]#[0x8c]D[0xc2][0xa5]*4[0xa8][0xc7][0x8c][S`[0xf2][0x4][0xfc][0xf7][[0xb2]M[0xd4][0xe5][0xf9][0x2][0x8a][0xcf]s[0xb8]Z[0x13][0x1e][0x9b][0xdc][0xb6]AKK.&[0xe][0xc1][0xc5]x[0xc5][0xd3]-[0xde][0xd9][0xdd][0xe2]}[0xa5][0xde][0xb0]F[0xc8][0xc1]R[0xa1][0x90]/[0x8b][0xc1]B[0xb1][0xec]Y[0x14][0xa1][0xa7][0xc5]n[0xca]Q[0x9d][0xb9]9?[0xc7][0x9a][0xd2]k2[0xb][0x8d]gm[0xf]gI[0x12][0xf8][0x8d][0xf4])[0xd7][0x8f]y[0x10]Pt[0x18]\K`[0xfe][0x8][0xd4][0xf4][0x5][0x81]b[0xb2][0xa4][0x94]b#[0x9e][\r][0xa7]nb[0x9c][0xdf][0xa3]J[0xd6][0x96][0xe3]^[0x82]K[0x88]j*[0xa6][0x19][0x8e][0xc3][0xe4][0x83]JD%[0xe1][0xdf][0x2][0x8][0x9][0xe1]<- [0xdf][0xd7][0x7])[0xc3],[0xa7][0xb0][0xc]YOv[0xb5]*[0xbd][0xba]V[0x9e]@U[0xe9][0xa5]Z[0xdf]K[0xbd][0xa8]z[0xc4]ne[0x8f][25[0x87][0xdc]V$[0x1b]j[0x10][0x12][0xfc][0xcf][0xc]#[0x17]Wj[0xab][0xd2][0xf6][0x90][0xf3]+3r[0xd2]P[0xce][0xca]!Q[0xce][0x92]2Z[0x99]g[0xad][0xce][0xbb][0x5][0xb2].qc[0xef][0xf6][\n]"
DEBUG wire -  << "[0x5]nAn5[0xfa]y[0xa9][0x97][0xb3]E[0xec]:[0x2]5Q[0x10][\n]"
DEBUG wire -  << "?[0xad][0x4]V[0x9c][0xa8]*d{[0x90][0xb1][0xb2][0xd4][0x12][0xa8][0x9b][][0x6][0xf8][0x15][0x18]f[0x1a][0xf2][0xe]`[0xb3][0xb2]4[0xc3][0xab]y>[0xcf]?[\n]"
DEBUG wire -  << "[0xc6]<[0x88]>[0x81][0x9e][0x82][0xd9]{[0x14]xn`[0xba][0x89][0x98][0xee][0xf9][0xc9][0xc4][0xb4])[0x88][0xbb][0xed][0xff][0xd4][0xae]+3A[0xcf]Z[0xa6][0xb4][0x13][0xf5][0x93][0xb6]y3[0xa3]B[\n]"
DEBUG wire -  << "\[0xac][0x1f]R[0xad][0x9b][0x99][0x92]y%\60S}\ay.[0xe9][0xe6][0xbf][0x91][0xc1][0xcc]j[0xe0]$[0x9b]*\[0xb4][0xb3][0xdd][0xb][0xaf][0xea][0xec]3[0xa3])[0xfe][0xbb][[0xe6][0xa2][0x3][0xcf]=[0xc8][0xcd][0xc][0xab][0x8b][0xa6]T[0xad][0x9c][0xbd][0xd3][0x89]{y[\n]"
DEBUG wire -  << "g[0x15][0xcd]|E[0xdd][0xe5]v%e5[0x84]$[0x18][0x8f]=[0xb1][0xa2][0x89][0xbc]![0xc1]\9[0xf9]d[0xd3]^[0x9e][0xb6]D\=[0x1][0xa5]S{n[0xf2]0Ae[0xc1]4[0xaf][0xa6]$[0xcc]}o{[0xe0][0x9e][0xfd][0xf7][0xc0][0x18]y[0xa6]q^W[0xc6][0x80]bS;[\n]"
DEBUG wire -  << "[0xc0]dL[0x2][0xb4][0xd5]TV[0x1]q[0x95]Fl\o[0xac]h[0xd4]Z[0xd1][0xea]W6[0xca][0x1d][0xe7]"[0x9][0xc8][0x8e][0xbe][0x90][0x90][0xeb][0xeb][0x9d][0xf1]*[0xe7][0x1a]v[0xd3][0xd4]U[0xa5][0xcc][0x1a][0x99]!Sv[0x1f]n[0x9e][0xea][0xd7][0xa3][0xef]RY[0xac]r[0xca]Z[0xc][0xd7][0xfd][0xf0][0xbf][0x16][0x8b][0xc6]C^k[0xb7][0x1a][0x9b][0xed][0xc6]n[0xab][0x1][0xbe][0xed]f[0xbd][0xd1]b][0xc8]k[0xc3]&[0x16]*[0x17][0xe9]`[0x9][0xcc][0xdd][0xaa][0x86][0xd0][0xa1][0x88]5)[0x82]u[0xa3][0xda][0xf0]C[0xf3][0x12][0x1d][\r][0x8e][0x16][0x9a][0x1e][\r][0xa6][0x92][0x95][0xda][0xd3][0xe9][0x15]j[0xab]Ja=[0x84][0xb5][0xbf]V[0xa0]*x[0xbb][0xca]f[0xff][0x17][0x9][0xf6][0xba][0xcd][0xc9][0xdb][0xcd][0xb9][0xdb]M[0xc4][0xdb][0x8c][0xba]e[0xf7][0xe1]NR[0x97][0x9b][0xc9]o5[0x8][0xff][0x9f][0x9a]g_k9[0xb1][0xbb][0xa8][0x92]{[0xda];[0xb7][0x9a][0xbd]7F[0x82]@z7Q[0x1]l[0xa3][0x84][0xb7]A[0xc4][0xcb]"[0xbc]I"Ne[0xba][0x99][0x8c][0xe3][0x8e][\n]"
DEBUG wire -  << "%[0xe0][0x90][0xdb]C[0x15][0x81][0x91]$s[0xab]RGT+[0x9e]R[0xc3]K[0xf5][0xd6][0xd5]r>[\n]"
DEBUG wire -  << "[0x92][0xd7]FY[0x98][0xc8]rQJ`[0x8][0x5][0xe8]!JF1[0x2]a$%[0x94][0xb3][0x9b]h[0x7][0xce]^[0xaa][0xbd][0xc7][0xb8][0xc1][0x11]W91z[0xc8][0xa3][0x86]'F[0x9][0x3][0xd9]m0z[0x1a][0x6][0xc0][0xd7][0xd3][0x6]nv[0xa9])[0xcd]Uo$A[0xfa]\o[0xdc][0x7][0x90][0xd3][0xc1][0xff]I@[0xea]Yv[0xf3]f<%[0xd4][0xac][0x95]*d[0x1a]7[0x16][0x96][0x8d]4tc7[0xb4]u[0xa7]6[0xee][0x2][[0xf][0x8f][0xd4]|E-[0x18]q[0x1f]x[0x1b][0xd9][0xba][0x8e][0xf6]W[0x1a][0xf1][0xa8][0x8e],y[0xae][0x15][0xf8]f,h[0xad][0xb9][0x14][0xb2][0xc9][0x5][0xaa][0xac][0xd1][0xcc][0xc3]S[0x1e][0x91][0x10][0xd2]H[0xac]hnukKP[0xd8]M[0xd6][0xe4][0xca][0x9e][0xa5][0xae]@^k[0xac][0xac][0x94][0xc6][0xef][0xb0]5S[0xaa][0xd6]|`[0xe4][0xbb]BHDSYM[0xc6]#[0x17]7[0xe6][0xa5][0x3]C[0xd6][0xfe]w[0x85]u[0xdd][0xf2][0xd0]mn9b[0xdc]P"[0xb7][0xdd]ktv[0x1b][0xed]n[0xa7][0x1][0xde]M[0xeb][0x7]J[0xae]u[0xba][0x9b][0x8d][0xad][0x9d]F[0xbb][\r]i[0xed]V[0xeb][0x87]z[0x9f]=[0xd2]1npWT[0xcb][0x1a][0xa0]vVR[0xfb][0x99][0xf7][0xda]No[0xb3][0xcf][0xd2][\n]"
DEBUG wire -  << "%w[0xa7]\[0xd9][0xef][0xa9][0xf2]x[0xf2]P[0xd9]2dYn[0x9][0x97][0xe3]-[0xfc][0xdf][0xcd][0xb8],[0x1][0xb8][0x1b]2y[0xb0][0x8f][0x96]f[0xe]9[0xd7]cQ[0xe1][0x98][0xda][0xde][0xd0]Lh[0xa2]b[0xc8][0xbd]F[0xb4][0xa7]-{[0xff]8[0x8b][0x13]Z[0xe5]Sir[0xd5][0xf][0x9c][0xd1]z[0x83]U[0xce][0xef]TJr[0x8d]2[0x8][0xa0]d[0xb5]Q[0x3][0x8e]&t[0x3]y[0xae][0x10][0x0]S>T[0xbe][0xe4]S[0xe9][0xb0][0x96][\n]"
DEBUG wire -  << "[0xaa][0xe9]_;][0xc3][0xbb][0x17][0xb2][0xb8][0x97][0xdc]T[0xf0][0xfb]H[0xc4]a[0xe0];L[0x99] *[0xa2]T[0xc0]Gz[0xda][0x18][0xe0]4[0xc3] NJ[0x90][0x94][0xf7][0xed]y[0x1c]d[0x81]{[0xb1]Z[0xbb]I[0x82]D[0xbe]L[0x84][0xfd])[0x98]%f[0x15][0xc2][0xa6][0xce]e[0xdf][0x87]|[0x81][0x1b]G[0xe0][0xc1][0xe3][0xb6][0x90][0x11][0xc1]RaE[0xc1]%S[0xf1]v[0x92][0xac][0xe]J[0xb2]{[0xc5][0x13][0x8a][0xcd][0xf0]t mbc<[0x13] 9[0xa1][0x88][0xcd][0xdc][0xb6]a[0x9e][0xe4]@[0x1b][0xa0]&rVZ[0xb3][0xa2]4[0x97][0xc5]K[0xdd][0xa3][0xd5][0x9a]<[\r][0xd4][0xdc];[0x83]q,[0x93]bM[0x1e][0xa4][0x84]S[0xd5]]b[0xad]rn[0xc2][0x87][0xb8][0xd2][0xb8][0xb8]P#&[0xa9][0x9f]'[0x1d]JmQHU[0xa2][0x16][0xd2][0xdc]+[0x9][0xa9]|[0xff]V[0xd2]]t(r&fu[0x8e]t%>3[0xb5]G[0x7][0x1d][0x8f][0xbd]6[0x98]R}[0x96]&I[0xe3][0xa3][0x9c][0x8a][0x8][0xee]u[0xbb][0x85]4[0xc2]R%^[0xff][0xa5][0xcf][0xfe][0xd2]g[0xe9][0xb3];}V%KE1[0xca][0x96][0x8a][0xf1][0x1c][0xb5][0x1c][0x92]y[0x84];[0x95][0x1]}[0xd0][0x4]"[\r][0x92] [0xc5][0x1]YI[0xf0]"oH[0x1e]7[0xb][0x1][0x80]J[0xde][0xe6]d[0xbc][0xe7][0x10][0xfc][0x1e][0xec]y[0x90][\n]"
DEBUG wire -  << "[0x8c][0x10]A[0xe7][0xde][0xbb][0xce][0xf]r[0xb5].@[0xd9][0xc0]_i[0xce][0x9e][0xdf][0xc0][0x11]U[0xf5]Td[0x2][0x1b]=[0xbf][0x85][0xb1]$[0xc2]48[0xf9][0xb5]}96[0xc5][0xfc]R[0x1d][0x1a]Q[0xad][0xbb][0x1c]2[0xd4][0x3][0xf]U[0xb0]R[0x8f][0xf5][0xdb][0x0][0xae][0xae]\I[0xc2][0x12][0x99]+[0x1b][0xf8][0x1f]1[0xa9]E_t[0x5]f[0xf1][0x1e]N@[0xd7][0x8f][0xd2][0xa5][0xc][0xd7][0xcf][0x96]2v[0xc3][0xab]:yC[0x18].[0x11][0xca][0x87][0xd0]NP<[0xe5][0x9e][0x97]9Rx[0x8][0xa9][0xb1][0xa2]lVh[0xd2].T[0x94]9&[0xb4][0xad][0xd4][0x95][0x84]4[0x5]1g[0xea]$[0xb6][0xa5]<SF.[0x84],[0x9f]n[0x1a]S>[[0xfa][0xbe][0xc7]6;[0xd0]-ZM[0xb8]~[0xf4]H#[0x5]$[0xb]Q[0xbd][0xc3][0x8][0xb8][0x1e]9r[0xe0][0x85]Ro[0xcd]8Ic[0xad][0xb8]I@[0xc8]S[0x2]j=[0xe8][0xbb][0xfc][0x84][0xcf]vZ[0x12]4[0x0][0xbe][0xcb][0x9e]\[0xb5]u[0x8a][0xe][0xaa]Un[0xb1][0xac]:[0xc2][0x86][0x9b][0xa9]~[0x1e][0xf1][0xa9][0xeb]-[0x6]o[0x3]0*[0x82][0x1f][0xba][0x87]]p[0xb];G[0x9b][0xf4]w[0x8b][0xfe][0xee][0xc0][0xdf][0x9d]#Y[0xe0][0xa7]S[0x8f][0xf][0xa1][0xd4][0xa6][0xce]y[0xf2]}[0xab][0xdb][0xeb][0x3][0xef][0xe2][0xdd][0xe][0x1e]n[0xb1][0x81]t[0xfa]5[0xf1][0x9c][0x3][0xe5][0xae]g[0x8f][0x1d][0x8f]\s[0xc4]}{[0x81]![0xab]{[0xed][0xc3]L![0x98][0x1e]2?[0xc0]I7[0xdc])[0xb8][0xcd][0x8f][0xcc]D[0xb4][0xb0][0xf4]{i[0xaf]][0xd7][0xda]~H[0xf][0xe8]B[0x8][0xdc]Rz/[0xec]!i[0x16]#;E[0x94][0xe1][0x14]66[0xaa]4RJ[0xf1][0xfa]v[0xf3]Jr[0x98]3[0xf7][0x9e]([0xb][0xc2]Gc[0x8a][0xfd]'t3[0xb0]mk[0xd7]j[6[0xe8][0x9e]`Z [0xf4][0xe6][0x83][0x9][0x1d][0xcf][0xe1][0x9d]{"J:[0xeb][0xc3][0xfe][0x12][0x88][0x1c]D[0xcd][0x1c]l[0xb9][0x97]=[0x97]p[0xff]nhY[0x5][0xf9][0x94][0xe7][0xb][0x9b][0x1b][0xab]p[0xc6][0x13][0xc2][0xcd][0xf2][0xe9][0xd2]c[0xc7]M[0xde][0xbd]}Q}[0x9e][0xd3])[0x9c][0xe7]|{[0xfa][0xec][0xf6][0xd3][0x99]P8[\n]"
DEBUG wire -  << "m+[0x9c][0x84]?C[0xdd][0xf2][0xd9][0xd1][0xb9]7[0x9f]r[0xdf][0x1d][0x81][0xf6][0xa9]j-[0x97]-[[0xbd][0xad][0xa5][0xfc][0x6][0xf5]\E[0x8b]*6[0xf]X[0xe1]@[0xf6][0x18][0xf][0xc0][0xe0][0xf9][0xfb][0xdc]a[0xec][0xdf]`[0xc6]9[0xc1][0x9b]A[0x98]<[0x6]Yf[0x92]I[0x10]%[0xf8]z;Q[0xe][0x7][[0xdd][0xcd][0xaf]:[0xb0][0x8b][0x83][0xf0]S [0xa6][0xc3]UG][0xf5][0x80][0xc9][0xb2][0xcd][0xb6][0xd5]j[0xd2][0xd3][0xcf][0xb3][0xc8][0x1b]`[0x15][0xd0][0xac]?t[0x9e][0xc3][0xff][0x8b][0x15]![0xe1][0xce]w8@[0xd9][0x95]'|[0x89][0x19][0x81][0xae][0xff]?!-[0xa7][\n]"
DEBUG wire -  << "[0x94]8[0x9e][0xc][0xd4][0x98]?[0xba][0xe1][0x0][0xcf][0xd3]7[0xcf]~gV6[0x19]h[[0xfd][0xf3][0x9f][0xd0][0x88]#[0xae][0xf6]:-[0xfc]w]*[0xe7][0xc6]d[0xb6][0xe4]R[0x86][0xe3][0xcf]A[0xc8]m7Y[0xec][0xb5][0xac][0xde]N[0xb9][0xc2]p[0xcc]>/[0xc5][0x8][0xbf]o[0x8d]Z[0xa3]v[0xbb]\6[0x99][0xcc][0xa6][0xc3][0xb8][0xaa][0xbc][0xdc][0xe9]y[0xad][0xa7][0xf1][0xec][0x6]!9[0xab][0xa7][0xb7][0xe5][0xa4][0xf3]|[0xf1][0xea][0x9c][0xa7][0xc7][0xbf][0xbc]x[0xcd][0x8e][0xaf][0xc0][0xec]~%[0x92][0x8][0xef]L[0xb8][0xdc][0x2][0xd5][0xb2][0xc3][0xde][0xf9].^:[0xc1]=v[0xe8]soA[0xd7])dW[0xe6][0x8][0xac]1[0x95]5h[0xb6][0x97]w[0xe4][0xe8][0xd3]Q[0xb5][0xf4][0xc4][0x97][0xdb][0x88][0x1b]Ac[0xdc][0x88][0x1a][0xbc]1[0xad]v[0xdf]o[0xfc]BfB[\n]"
DEBUG wire -  << "[0xf4][0xcd][0xf0]#[0x98]E[0x1b][0xe7][0x83][0xa8][0xef][0xbe][0x8f][0xce][0x7][0xf8][0xe7][0xcb][0x97][0xdc][0x89][0xb1]G[0xdf][0xd5]0[0xcd][0xfa]c [0xbe]|y^[0xb7][0xc2]Y<[0xa9][0xf1]hLg[0xb6][0xe2][0xfa]u[0x83]2[0xbd]A[0xfb]G_[0xcc][0xf1][0x16][\r]Q[0xab][0xf7][0xf9] .[0x9d][0x99][0xc]pw[0xc2][0x14][0x92]+Ob[0x6]x[0x8][0xb3][0xcf]-[0x1e]/|{[0xd0][0x86]'<[0xd9]9[0xee]O-[0x19]u[0x1d]8[0xc2][0xc2][0xbd][0xd4]Q[0xf2][0x94][0xf6][0xc][0xd7][0xb0]S[0x8f][0xae][0xeb]K[0x87][0xc8]6$%6[0x1a][0x1b][0xf9][0xeb][0xf][0xa4][0x85][0x4][0x8c][0xa9][0xfa]N[0x94][0xcb][0xde]>[0xc6]P~[0xcc]7[0xea]}[0x18][0xa5]1[0xaf]mH[0xdc]7[0x1a]l[0xe3][0xdd][0xa1][0xd9]n[0xb7]6w[0xb6][0xba][0xdd][0xb6][0xd9][0xc6][0x14][0xdc][0xf4][0x9d][0x95][0x8c]a[0xea][0xc0]T4[0x12][0xd1]M[0xc3][0x9c][0xd2][0xf5][0x6][0xc7][0xaf][0x9f][0x15][0x7][0xba]r[0x84]q[0x14][0x9b][0xf2]n[0xad]G[0xfb][0xe8][0x6]3Z[0xc0][0x1e][0x18]E[0xf3]So[0xf1]![0xa7][0x9f][0xb2]\[0xc7][0x4][0xd5][0xc6]p[0xaa][0xa3][0x9][0xd7][0xc4]k[0x16]X[0x16][0xaa]Pv[0xb4][0xc7][0xf1][0xe][0x8]][0x9f][0xee][0xd8][0x2][0xf7]L7[0xa2][0xfd]J[0xa6][0xe1][0xcb][0xb][0xb5][0x94]U[0xab][\n]"
DEBUG wire -  << "[0xa9]7yP[0x1f]rqs[0x8e][0xca]R[0xb]A[0xa5]}H[0xea]u[0xe4]^[0x81][0xeb][0x2][0x6]0L[0xd6][0xd2][0xa2][0xc5][0xfd]S"-[0xe][0xfe]F~[0x89]E[0xc3]/ [0x98]j[0x83][0xca]\[0x5]H"(K[0xe4][0xb3][0xa5][0xc9][0x8f]t[0xd1][0xe][0xb4][0x82][0xb2][0xcf]K[0x10][0x86][0x80][0xc6][\n]"
DEBUG wire -  << "[0xcd]i[0xa8][0xf6][0xef]vwBJ,w:f[0xc8][0xd4]_u[0xbb][0xc8]N[0xb3][0xdd]j[0xda]Q[0x0](;[0xa6]*Lw[0x8c][0x80][0xf2][0xbf]C[0xd3][0xfb]M.i[0x1][0xe6][0xcc][0xa5][0xa6][%[0xe5][0xd4]bV[0x91]:PR[0xfa][0x9b][0xac][0xb0][0x9][0xa1][0xb2][0xaa][0xc1]H[0xf5][0xcb][0x17][0x1c].[0xcf][0xe3]a[0x9c]&[0x83][0xc2][0x0]O[0xc2][0xf8][0x1e][0xdd]2[0xdc][0xd4][0xe5][0x8e][0xe5][0xed]!j[0x18]p[0x1d]][0x83]Eo[0x15][0xf7][0xc3]#[0xfa][0x98][0xfe][0xcd][0x8a][0xc4][0xe0][0xef][0xfa][0xde][0xc2]88#[0xa4][0xd9][0xeb][0x14][0xad]\[0x95][0xfd][0xa6][0xec][0xb5][0x1e][0xc6][0x8c][0x92][0xe9]#[0x91][0x13][0xaf][0x86]+w.[0xe3]]I[0xc][0xcd][0xef])q[0xe][0xf6]g[0x9e][0xac][0x89]n[0xb9][\n]"
DEBUG wire -  << "1[0xd0][0x9a]f[0x9e][0xc8][0xa9][0x98][0xf0]K[0xa8][0xe1][0xb9]Y[\r]t[0xe4][0xcd][0xce]vZ8MdY6[0xe][0x1d])[0x82][0xb]|[0xca]e[0x4][0xa4][0xff]e[0xf4]0K[0xc5]}[0xf0][0xac][0x0][0xfc][0x0][0x84]D[0xf1][0xfa][0xaf][0xc1][0xb4]|[0xf]_Y8[0xe][0xb0][0xc][0xf2][0xdd]~[0xd3]s[0xc9]^)[0xa3][0xdb][0xea][0xad][0xc6]Wj[0xb2]edU[0xba][0xda]q![0xf][0xf1][0x91][0xf1][0x81][0xee]v!U[0xad]&[0xe7]:[0x6][0xae]?m[\r][0x85]tV@[0x87][0xe9][0x8d][0x8b][0xf9][0xae][0xe2][0xed]E[0xb1][0xee][0xeb][0xf7])[0xc6][0xe9][0x1e]G[0xc5][0xf5][0x7]T[0x8e][0x15][0xf8][0xca][0x86][0xa6]e[0xa4][0xe][0x0].e[0xa4][0xc][0x99][0xfe][0x80][0x8c]"[0x1f]D[0x1][0xb6][[0x18][0xfc][0xc2][0x8e]Ju-b[0x99][0x9c][0xed][0xee]:[0x87][0x1f][0xc1][0xe5][0xa8][0xf0][0xf4]$[\n]"
DEBUG wire -  << "[0xfe][0xb1]b[0xc8][0x87][0xf0]~)`[0xe4]e[0xe1]l[0xec]+[0xb1][0xdd]\+[0xb3][0xde]0[0xa6][0xed][0xcd]tL[0xd3][0x7][\n]"
DEBUG wire -  << "[0xaa][0x12][0x19]s[0xdd];~[0x1a][0x9c][0xac][0xe8][0x9d][0x18][0x6]a[0xf3][0xe6][0xf1]'[0x10][0xf][0x1e][0xff][0xef][0xee][0xca][0x0]U4[0xdd][0xdc]]+[0x7][0x0][0xb8]2[0x89][0xd8]ob[0xc8][0xe8][0xf2][0xae][0x11][0xb7]og[0x87][0xbd]^[0xab][0xd7]jR-[0x13]j[0xbd][0x3][0x93]-[0xad][0x88]G[0xaa]i[0x8a][0xa3][0xf0][0xfd][0xc7]x[0xa4][0xc9]W[0x0][0x9f]g[0xa0][0xe6][0xc]o)[0xbd][0x91][0x9b]Zk[0xe5]&[0x4]W[0xe0][0xfd][0xe7][0xaf]Vq[0xfe]hJ|[0xff][0xfc][0xd5][0xad]\[0xbf]}[0x17][0x95]ww<[0x11]\[0xe][0xcf][0xa3][0xcd][0x15]71m[0x2][0x8e]G[0x9b][0xb7]b[0xd8]ko[0xad][0x13]C[0x4][0x97][0xc7]p""[0x98][0xd7]Bw[0x5][0xa2][0xba][0x18][0xe2][0xab][0x9f]oE{k[0xb3][0xfd]p[0xb4][0xb][0xd3][0x6][0x1][0xc0][0xe4][0x8b][0xf4]I5[0x5]&[0xb6]*y[0x91][0xe5][0x17]Par[0x7]b[0xbe][0xe7]x1[0xdd][0xda][0xee]*[0xa5][0x8b]mo[0xa5][0xc7][0xe6]z[0x5]b[0xb3]([0x10][0xaf][0x82][0xa1]{[0xc4]Wt[0x7][0xca][0xd8][0x1c]q[0xa5][0xc2][0xb7]c[0xdb][0xd9]Y+[0xb6][0x0].[0x87][0xed][0xe9][0xff][0xf9][0xdf][0xb7][0xa3][0x1a]w[0x1]M(u+[0x8e];[0xdb]k[0xc5][0x11][0xc1][0xe5]q[0x94][0xd6][0xba][0xd4]}r[0x1][0x8e][0x9d]p[0xbc][0x93][0xd0][0xa7][0xb][0x17]W[0xb3]O,![0x0][0xe3][0xa4][0x10][0xa0]M[0x9][0x1][0xbb]w[0x87][0x6]r[0xc6]ZN[0xdd]V[0x91]b[0xbd][0x94][0xc8][0x13][0x2],[0x7],[0x14][0xdf][0xde][0xd9]P[0x95][0x82][0x8e][0xe9][\n]"
DEBUG wire -  << "[0xb7]Y[0x9a][0xed][0xf5][0x9a]F[0xed][0xa2]i[0xf4]LE[0x1c]V[0xe0][0xac][0x3][0x13][0x88]tZ[0xe5]V[0xfb]xk[0xbd][0x93][0xda]VA[0x86][0x8b][0xb7]w[0xae][0xba][0xc2]/_[0x16][0x95]r![0xe1]v[0xd2][0xaf][0xb5][0x13][0x8][0xae][0xd0][0x9]?[0x1]ff[0xef]Vv[0x80][0xca][0x99]3[0x89][0xbc][0xae]Tbx[0xe9][0xc7][0x95][0xbc][0xe4][0xfd]&[0x9e][0x9d][0xd2][0xce][0x1d]E[0xf0][0xc0][0x1a][0xd3][0x97][0x8][0xe1][0xd5];FZQ[0x86]mD[0x4][0xf0][0xb4]'[0xa8]\[0xb9][0x94][0x6][0xc3][0x0]# *[0x4][0xa3][0xc2]([0xb9][0xb5]N[0x96]_[0xeb]T.380[0xf0][0xc2][0xaf][0x6][0x86][0x9a]V[0xd8][0xc1][\r][0xf1][0x90]|r[0x14][0xcc][0x8d]R9[0xcf][0x9c]:f[0xbb][0xc5][0xd4]S0[0x1a][0xc5]`[0x9e][0xb6][0x19][0x9d][0x89][0x97][0x81][0x18][0xa8]2igQ[0x9e]lq[0x95][0xe9]Ig[0xd2]V[0xdd]-[0xfc][0xcd][0xb5]S[0xd8][0xde]jh[0x8a]-[0xef]^[0x9e]E^[0xed][0xab]# [0xfa]nX\g[0x97][0xc1][0xe][0xf3][0xec][0x95][0xa9]Vw[0xcd][0xbf][0xcf]|abQ[0xb3][0x8d][0xc1][0x91]z[0xdf][0xb8][0x11]KZ[0x15]f[0xe4][0xa7]G[0xdc][0xc5]][0xe8]F:[0xc8]z[0xa8][0xd2][0xc0][0xd9]RV)[0x6][0xf5][0x8]&[0xc][0x85][0x83][0x1c]t[0xa8][0x84]vB:[0xea]z[0xd9]Y[0xfd][0xd2]-[0x4]K@i[0xc4]*[0x3]^4\=[0xc9]'[0xfa][0xcc][0xe]z[0x15][0xac]4[0x94][0x1d][0x1d]E[0x9][0xf][0xee][0x17]e[0xaa][0xb8][0xc3][0x96][0xe2]K[0x6][0x93][0xb7][0xf5][0x1b][0x9d]][0xb0][0xb3][0xe4]mW[0x3][0xa3][0xdd][0xce][0xfc][\r]\[0xdd][0xc1]q[0x85]no1[0xba][0xb7][\n]"
DEBUG wire -  << "[0xf7]#[0x18][0x88][0x2][0xae][0x1c]?[0xc][0xb][0xd6][0xdd][0xdd][0xd9][0x9d]7[0xd8][0xbd][0x81][0x98][0xdd]V[0xeb][0xaa][0xdd][0xe9]J`[0xad][0xd6][0x83]`[0xed]l[0xf7][0xae][0xba][0xed]-[0x82][0x5][0xcf][0xf][0x82][0xd5]nu6[0xaf]6;-[0x2][0x86]/s [0x19]^`30[0xf2][0x7]B[0x81][0xec]x [0xb4][0xdd]j]Bs[0xf4][0x86][0xeb]'[0xfb][0xcd][0x10]?[0xdd][0xd0][0x1][0xe7]2[0x89][0x2]|p[0x97][0x1b][0xad]q[0x19][0x82][\n]"
DEBUG wire -  << "[0x83],w[0xb0]:[0xaa][0xab]0[0x5][0x81][0xf7]][0xe7][0x8a][0x84][0x14][0x92] [0xcd]~[0xb0]/[0xa6][0x7]7[0xde][0x84][0xbd][0xdf][0x84][0xdc]t[0x16][0xa0][0xb2][0xdf][0xe2]nlr[0xa3][0xf]r7dk[0xe7][0x99][0xe7]&[0x0][0xc][0xf6][0xf][0xc3][0xc4][0x9a][0x84].[0x8e][0x7][0x8]q[0x12];0([0x8e]h[0x8e][0x82]x[0xee]~r[0xf1][0xe][0xa6][0xe6][0xd3]p[0x9a][0xdd]<[0xdd][0xcc][0xae][0xd9]n[0x2]R[0xa6][0x9f][0xbe][0x9a]o[0xec][0x4][0x7][0xce][\n]"
DEBUG wire -  << "[0x1d][0xf4]S[0xab]n[0xe4][0x96][0x13]IF[0x0]i>[0x95]([[0xbe][0xb5][0xfb][0x6]*[0xaf][0xfb].o[0xdd][0xfc]7[0xbc][0xd3];[0xed][0xc9]W\[0xee]}"[0x15]8{[0xc5]}P[0x1b][0xb4]b[0x93]]y[0x8e]4[0xdd][0xbb][0xb5],[0xb]C[0xd6][0xeb][0x82][0xfc][0xb4]-[0xf6]~i[0xf0]qm[0xd4][0x8a]C[0xbc][0xf8]VD[0xfa][0xaa][0xeb][0x10][0x87][0xb6][0xdd][0xb2]@[0x8a]v~[0xe8]<[0xdf][0xdd][0xe9][0x99]][0xb3][0xdb][0xde]5w{[0xdb][0x9b]=s[0xe7][0x2][0xc][0xd1][0x97]P[0xf1][0xbc]`[0xcf]|[0xb3][0xf1]@Y[0xd8][0xab][0x1a][0x8b]%[0x89][0xb5]RN[0x97]5[0x1f]N_[0x14]/$[0xa1][0xc5]z[0xdb][0xe6]n[0xab]LB[0xa0][0xa0]-f[0x91]9[0x8f]i[0x97][0xc2]?`[0x92][0xe9][0xb4]w[0xb7]Q..ph[0xc0][0xef][\r]Et[0xa1]E[0x2][0x89][0x86]4;/p[0xc6][0xf8][0xc7][0xff]<;~[0xfd][0xec][0xf8][0x19][0xfb][0x7]p[0xfd][0x8b]7[0xaf]K[0xdd][0xf9][0x9f][0xc6][0xfe]g[0xc2][0x9e][0xd0][0xb7]I[0x0]I[0xca][0xd7][0xcb]|n[0xb2]`[0xc1][0x88][0x1d][0xf1][0xa9][0x0][0xce][0xc][0x96][0x89]~[0xc7][0x9][0x4][0xec][0xa0][0xbf][0x7]3[0xe0][0x0][0xef][0x82][0xfa][0x92][0x5][0xb][0xe4]x[0x9c]<{[0xbe]<[0x1c]%e[0xf4][0xec][0xf8][0xf4][0xe8][0xed][0x8b][0x93]3[0x18][0x8e][0xd2]@[0xe4],[0x8f][0x90]n[0xc3][0xd7][0x9e][0x19]Z[0xe2][0xed][0x9e]Q,"-[0xd9][0xc3]H[0xf0]R[0x6]X&[0xb3][0xa9][0x9f][0xda]dc[0xca][0xfb],q'[0xa2];Z[0x18][\n]"
DEBUG wire -  << "[0x1f][0xd2][0xde]9[0x99]`[0xb5][0xbb][0xc8]D[0x9d][0xa5]h[0xe3]'g[0xb8][0x1c]?[0x1d]"axA[0xb8][0x83][0xf2][0x80]s[0xc][0x10][0x1c][0xec]N[0xce][0xaa][0xa6][\n]"
DEBUG wire -  << "[0x9a])[0xa6][0xbe][0xe5][0x6]*D{[0xa0]^sAY[0x99]^[0x9c]n[0xe8][0xef]\[0xc][0xd9]4p[0x84][0xe7][0x81][0x96][0x91][0x93][0x1b][0xba][0xdf]c[0xe0][0x1f][0xc0][0x19][0x86]Hb5[0x92][0xc][0x14][0xa7][0xc][0x4][0x85][0x2][0xc2][0xec][0xa6][0xc9]k[0xec]&[0x93][0xd9][0x90][0x14][0x17][0xa2]c[0xba][0x81][0xfc][0xfd][0x18][0x9b]I[0xf0]I[0xf8]f[0xec]Ng[0x9e]Z8+[0xa0][0xcd][\n]"
DEBUG wire -  << "[0x8]Ra[0x96][0x15][0xa6]K[0xf5][0x81]][0x96]:g[0xb1][0xdf][0x4][0x9b][0xf0]K[0xc1][0x84][0x1f][0xb9][0xf6][0x84]fg[0xa0][0xab]*/?[0xe4][0xc3][0xd1][\n]"
DEBUG wire -  << "[0x84]9[0xf]/2[0x3]>[0xa6][0xbe][0xa9]=[0x8e]r[0x84]"[0xe1][0x88][0x11][0xa8][0x1f][0x9a][0xda][0xdd]([0xeb]1[0x10][0x7]dU[0x9e][0xac][0x9b][0xab][0x86]\[0xbc][0x84][0x16][0xeb]Bq[0xf4]s[0x98][0xf4][0xf8][0xe2][0x86][0xf4]z[0x9c][0x8]d[0xc6]gc [0xe5][0x9c]/ U[0x5]3L[0xfa][0xbc][0x11][0xca]1[0x90][0x15]<[0xc3]8[0xc6][0x1b][0xda][0xa9]y[0x1b]t[0x86][0x90][0x1d][0xb5][0xd8][0x19][0x90]7[0x12]1.>[0x13][0xe8]Ko[0x19][0xee][0xe3][0xa5][0xba]<[0xd5][0x8][0xd4][0x13][0x1a]HR[0x5]9w[0x17][0xf]!O[0xb]2F-[0x11][0x86][0x92][0xc7][0xd4][0xa7][0x1b]b[0xa5][0xa4][0x91][0x9][0xe4][0x13]2Gn[0x17][0x11]b1[0x8f][0xf0]3[0x13]>[0xb6][0xf1]w~[0xc9]Oio[0x80][0xc5]^$[0x8c]v[0xdc][0xc4]%D[0x80]I@[0xcd][0xc6][0xa4][0xe5][0x87][0xe0][0x1d][0xc4][0xb8]m[0x1c]G[0x2][0xcf][0x8][0xa0][0x9e][0x1f][0x3]2[0xb][0x86][0x91][0x1f][0xdc][0xce][0xf][0x1e][0x96][0xf0][0x1d][0xd9]s`[0xc1]pB:[0xc8][0xd5][0xd1]t[0x1c]2r[0xe1][0x1e][0xc4]lZ[\n]"
DEBUG wire -  << "[0xf8][0x1]~[0xa4][0x89]F[0x1e][0xd0][0x9c][0x11]j\[0x9][0x3]"&[0xfc]K[0x17][0xa4][0x13][0xc7][0xd7]b[0xbf][\n]"
DEBUG wire -  << "[0xbc][0x10]N[0x16][0xb2]q[0x15][0x84]6U[0x14]z[0xab][0xba][0xe3]y$[0x17][0x80][0xaf][0xeb][0xb9][0x89][0x8b]R4*[0xc8]p&n[0xbf]M[0x84][0x14]o5[0x8e]@b[0xcc][0xa4][0xd1]F?[0x19]Z[0xc0]C[0x7][0xb8]{[0xc2][0xb5]?!t,L<B[0x87]<0E[0xef][0xbe][0xc6][0xb]t[0x91][0x9b][0xf0][0xe][0xba]T[0x99][0xea][0xa6][0x1d][0x11][0xe3]G[0xb8][0x98]r9[0xa9][0x7]C[0xc0][0x11][0x13][0xad]T[0x92][0xc2][0x82]z[0x95][0xbe]rNA[0x8d]"![0xbc][0x5][0x83]Qw=<[0x10][0x0]N[0x14][0xd2][0x4][0xf9]P[0xd1]%[0xf0][0x81][0xdf]][0x9c][0xc7]IFp-[\r][0xa4][\r][0x88]J[0x17][0x19]*y[0xd3]F[0xb0][0x4],[0xae]82[0xb5][0xa6]a[0xda]`2[0xe1][0x89]F3[0x9a][0xf9][0xd0]=][0x83][0x15][0x10]S[0xfe][0x3][0xce][0xc]tJA+k[0xe9]u[0xe0][0x1][0xd2][0xbe][0xf4][0xe5][0xf6]dt[0xa0][0x8f]:;[0xc1]-)[0xf8]K[0xd5]&K[0xea][0xb4]j[0x15][0xe8][0x15][0xf8];M[0xc2][0x12][0xb7]s'[0xb4]AQm[0x4][0xb8][0x18]z[0xdc][0xff][0x4]Z[0xcc][0xd5]3[0xc7][0x88][0xc3][0xf8][0xe3][0xee]b4r<[0xba][0xf][\r][0xdc][0xd0][0xc8][0xe5][0xe6][0xc4]u[0x1c][0xe1][0xc3]d[0x12][0xcd]([0xea][0x2]n[0xc6]0R[0xfb][0xc8][0xa8]Cg[0xd1][0x82][0xbd][0xa1][0x8b]%s}Dc[0xe][0xf0]\F[0x96][0xdc][0x4]7[0x19][0xce]@p[0x12][0xb2]t[0x10]w[0x18][0x9e]D[0xf0])[0xf9]hMp_[0x9b][0x1d][0xb][0xf7][0xc4][0xad][0xc6][0x18][0x97][0xe7][0xe8]J[0xee]*[0xcc]N[0xe9][0x2]m[0x86]__X;jr[0xf8][0xef][0x80]!~=/6[0x83][0xbb]R[0xf3]X[0xb1][0xd7]+[0x82]_[0x85]v[0x93][0x98][0xa0][0xa9]Y[0xa2]I\[0xa4]YJ[0x6][0xd1]J?a[0xaa]A[0x8a][0x2][0xf3][0xeb][0x9b][0xdf][0xd8][0xd9][0x1b][0xf6][0xee][0xf4][0xb8][0x8a]E[0xb3]r[0xa7][0x89][0x8][0xcd][0xe1][0xc2][0xc4]_[0x86][0x2][0x12],[0x17]uG[0x11][0x98]X:d[0x81]l[0x9c][0xc5],6;[0x1d]#[0x8b][0x8b]T}[0x14]Gn[0x83][0xbc]x[0xfa][0x9f][0x8b][0x17][0xf3]O[0xe3][0xf8][0xfd]n0[0x82]'[0xf]<[0xc][0x8c][0x16][0xc6]D[0xbc]`[0x8e][0xe1]8[0x1b][0x19]:[0x98][\n]"
DEBUG wire -  << "[0x94][\r][0x86][0xdb][0xc1]0*[0xd8][0x7][0xe5]gG[0xb]p7[0x1c][0x93]6[0x3][0xf7][0xd9]x[0x1][0xa3]g[0x7][0xa1][0xe8][0xb3][0xd0][0xb5][0x93]YD[0xc7][0x14][0xd4][0xa3][0x82][0x87][0xc7][0x8][0xe4]Y[0xf6][0x81]A[0xc3]A[0xad][0xde]N[0x80][0xf1][0xcc]-[0xf0][0x93],z[0x6][0x1e][0xb7]M[0xaa][0xaa]Z[0x1d][0xd1][0xc]H;%i[0x8e][0xa7][0x8d][0xa4][0xf7][0x93][0xe2][0x83][0xaf])[0x8d]|#g[0xa7]lNRZ[0xe][0xe7]oV[0xd0]f[0xa4][0x19][0xe3]I0W[0x8a][0xbb][0xa8][0xf8][0xb2]Y6[0xed][0x95][0xcd]C>T[0x93][0x86][0xa5])[0xa1][0xca]([0xb6][0xbe]oH[0xac][0xd7]D[0x8a][0x1d][0xea]i[0xa6]*.[0xd6][0xde][0xdd][0xdd][0xc9][0x7][0xc6]6[0xb3][0x5][0x7]R[0xa0]tE;[0x6]v[0xe8][0xb4][0x8]K[0xa3]e;[0xb8][0x96]r[0xcf][0x18]Y[0x5]Z[0xc][0xf1][0xf8][0xfa][0x80]T[0x9][0x92][0x8c][0x96][0xed]t[0xee][0x1f]-+[0x3][0xc4][0x90][0xd9][0xe6]f[0xeb][0xfe]![0xb3]2@[0x8a][0x9b]m[0xf5][0xb6]W[0xc4][0xcd][0x90][0x1c][0xb9][0xc0][0x99]|[0xcd]"g[0xb9][0xf9]:5\[0xc8][0xd2][0xad]RA[0xb7]y2d[0xfa]+[0x1b][0x8e]3u[0x8c][0x3][0xe6]r[0x7][0xa6][0xfc][0xcc][0xca])[0x1b]F[0x92];[0xd1]D[0x99][0x83][0xad]6)[0xb2]8Z[0x1d]c?[0xc7][0xfa]):[0xea]7o=[0xd5][0xe4][0xce]z[0x84][0x8f][0xa6]i=[0x93]uiW[0xa1][0x19][0xa3],u[0xb0][0xa3])t[0xa5][0x9d]#y[0xde][0xc][0x84]M[0xc3]E[0xb2]+[0xfb][0x1d]w[0xcd]Hi[0x4][0x1c][0xe5][0x80][0x14][0xc5]QL[0xf],[0xb4][0x15]5[0x8a][0xf0][0x8e]s[0xc][0x8][0x7]}G[0x82])w [0xf3][0x90][0x19]F[0xee]"e[0xae]Eb[0xcc][0xa3][0x14]ieh[0xa3][0x6]p[0xb]~_j[0xe3]+[0x8b]F[0xea]60[0xc8].][0x8e]a[0xe][0xfa][0xf6] ;[0xe1]>[0xe0][0x9]v[0xf]Yyrw[0x18]LG[0xc][0xd5]P[0xaa][0xf][0x8e]&A [\r]Mv[0x82]JP[0xd3][0x4][0xeb][0xe0][0xa8]Q[0x13][0x12][0xe9]e[0xa5]#[0xd1][[0x1a][0x7][0xc2]w)U9[0xb][0xf8]U\[0xb0]F[0xc1][0xdf][0x8f][0xd1][0xf]*E[\n]"
DEBUG wire -  << "[0xe2]P[0xd8][0xc0]?z[0x84][0xa6].[0xf0][0xf7]lJ[0x9d][0xa6]w~E[0xef]e;[0x94][0x96][0x1a][0xdc][0x10][0xef]*V$sq[0x8b][0xbb][0x95]M[0x80][0xf7]St[0xed][0xe]X[0x16]![0xd0][0xa5]J[0xc3]m[0xb7]Z[0x99][0x82][0xeb]v[0xab][0xf4][[0xa6][0xd6]z[0xdd][0xf6]}[0xd5]Z[0x1][0x9][0xb6][0xbb][0xbb][0xf9][0xd5][0xca]"[0x85] [0xf5][0xd8][0xf6][0xce][0xbd][0xf5]X[0x6][0x89][0x14]Xg;U`[0x95][0xda][0x6]H[0x94]S6[0xf4][0x96][0xe9][0x9a][0xe5][0xd0][0xc8]*[0xa5][0x2][0xd3][0xb8]b[0xc5][0x87]p [0xf9]B[0xd2][0x95]J[0x8b]h'*[0x96][0x9e]x[0x12][0x90][0x8b][0xa4]5[0x82][0x16][\n]"
DEBUG wire -  << "[0x9c][0x81][0xd1]J[0xa0][[0xb5][0xc1][0xcf]S[0x8a]C[0x85][0x11][0x13]t[0xbf][\n]"
DEBUG wire -  << "[0xf5][0xe6][0x18][0x84][0x9c]HO\[0xa7][0xf3]e[0xa1][0x6][0xb6][0x8e]>[0xa1][0x3][0x7][0x96][0x0][0xba]^[0xaa][0x5][0x84]P[0x12]f[0xcd][0xf4]c_I&[0xdd][0xb0]Nq[0x93]TW[0x5]![0xb3]I[0x89][0x0][0xf1][0x92]E[0xa6]gP[\r][0xa9][0xef][0xf]s_Fe[0x0][0xc8]%[0xf7]fB[0xc9][0x89]2H[0xab][0xc7]e[0x85]Ws[0xdb][0xda][0xce][0xab][0x17][0xe6][0xa1][0xa4][0xf9][0x82][0xe4][0xe8]!KqeX[0xe5][0xd5][0xb8][0x9d]N[0xce][0xe8][0xd8][0xed]V[0xac][0xc6]mu[0xd7][0xb2][0x1a]WB[0x84][0xb5][0xdb][0xad][0xed][0xfb],|[0xe5][0xe0][0x90]tv[0xda][0xf]Z[0x93][0xcb][0x83]C[0x11][0xdd][0xda][0xdc]|[0xc8][0xb2]\[0x1e][0x1c]Y[0x18];[0x9d]U[0x16][0x6][0xc]A~e[0xe][0xdf][0xa4][0xcc][0xf3][0x87][0xa9][0xe1][0x84][0xc7][0x9f][0xaa][0x86][0xbc][0xdb][0xea][0xe6][0x86][0xbc][0xd7]^[0x1e][0xf2]^[0xb7]#[0x87][0x9c]N[0x80]?H[\r]k$[0xd8][0xce][0xd6]=[0x95]'BP[0xe6][0xe4]n:[0xd0][0x95][0x84][0x84][0x8e][0xe5][0x8]IoyC[0xad][0xe8]5[0xde][0xf3][0xed]N[0xda]6[\r][0x95][0xc8][0xaa][0x14][0x9a]D[0x9d]&[0xae][0xe8][0xb3][0xe4][0x18][0xa8]q\[0xb5][0xef]E[0x17][0xcd][0x14]j[0xce][0x80][0xb8]D/[0x1b][0xfc][0xe1][0xb8][0xc1]`[0x84][0xd0][0x98]#[0xf5][0xa3]c[0x95]S[0xdc][0x98][0x8e][0xda]l[0xaa][0x8c]4[0xc][0x9]2[0x19][0x13]4=[0xf7][0x13][0xf8][0xb][0xb]?[0xe1]W[0xd2]eJ[0xad][0x13]x`1~[0x99][0x8c]{2l[0x8a][0xfb]fb[0x16][0xcf]P[0xf5][0xc6][0xf8][0x9d][0x9]0[0xe7][0xc0][0xfa][0xf2][0xf0][\n]"
DEBUG wire -  << "[\r]0q[0xb0]1[0xee][0xc5][0x81][\n]"
DEBUG wire -  << "[0x80]^[0x1][\r][0xa2][0x19][0xf9][0x9d]0[\n]"
DEBUG wire -  << "T[0x87]q[0xfc]$[0x9d]DK[0xc5]`SS[0xe2][0x19]ue[0x8f][0xed][0xdb][0xd0][0xc3][0x83][0xab][0xfd]&[0xfd]*[0x87][0xea]0[0x8e][0xe9]#S*[0x93][\r][0xd8]n[0xb1][0xc0][0x91][0xec][0xa4]^[0xa9]U[0xc5][0x9e][0x8c][0x93][0xfe][0x80]ut[0xd1][0x87][0x1b]-H[0x6]@[0xbc][0xd2]/k[0xb5][0xb7]3y[0xd9][0xda][0xde][0xbc][0x9b][[0xd6]C[0xfb][0xe6][0xde][0x82][0x93][0xc3][0x87]![0x2][0xf7][0x11][0x1d][0x5]c[0x1d]&[0x8c][0x6]u'[0x1b][0x6][0xf1][0xcd]{L[0xf4][0x9a][0x13][0xc4][0x15]"[0xa4],[0xda][0x8c][0xf7]e[0x18];ujrq[0xfe][0x92][3'[0x1e]/[0x18] [0xb4][0xe0][0xf3][0xdc][0x15][0x9e]C1[0xf2][0xd5][0xe6][0xff]r[0xa4][0xb9],[0x8a]R[0x14]2[0xb3][0x0][0x4][0x19][0xe4]H[0x9a][0x5][0xec][0x98][0x83]<P[\r][0x92]o0[0x8e]b2|[0xd0][\r][0xc2][0xfe][0x82]Q[0x81][0xb8]h[0x8e]E[0xcf][0x82][0xe9][0x8f][0x5]J[0xc0][0x84][0xf1][0xb][0xbc][0xf3][0xa3][0xf9]f[0x96][0xc0][0xf][0x19]Q[0x91]P[0xb1]r[0x94]r[0x1d]E[0xa6][0x9b]A[0x9a][0x81],%[0xfd][0x9f]t[0x91][0xb][0x97]![0xd5][0x8e]![\n]"
DEBUG wire -  << "[0xe5][0xa6][0x0]h[0x1d]#[0xcd][0x3][0xbf][0x80][0x8a][0xbf]QB[0x8b]+[0x95][0xa9][0x99][0x5][0xe0][0x96][0x80][0x11][0xfe]%Y[0x96][0xab]#:[0xc6][0xac]4T>[0x80][0x8c]2>[0xf3]x[0x84][0xd1]kMzp[0x7]+[0x9c]5T[0xf6][0xf1][0x83][0xbd][0x90][0xd6]&ql[0xd6][0xcf]5[0xcb]u[0xa6]q[0xa8][0xff][0xcd]&C[0xcd][0xf5]^]rz^[0xd4]`[0xb2][0xcc]X$/[0x12]1[0xad]!=3r[0xd6][0xab][0x8a][0x16][0xc0]U[0x2][0xc3][0xec]NU[0x6]0[0xc2][0xbd]Zit[0xce][0xcb][0xba]T[0xc9][0xd4]/30[0x8d][0xe3][0xd4][0x9f][0x94][0xb3][0x90][0xda]w[0xaa][0xa7].=[0xca]$[0xb8][0xae][0xc0][0xbb][0xaf][0xa8]pL!T[0xbe][0xc0][0xf1][0xc5]u[0x8]L#x[0x4][0xee]0[0x5][0xa5][0x98]J[0xf9][0xa8]\[0x1b][0x89]wQ[0x17][0xb8]NE[0x10]Q[0xd0]@K[0xa0]p[0xd3][0xa4]%([0x1a]H[0xd3]-[0xf1]9.o[0x91][0xea][0xa0][0xb6]b[0x8c]V[0xe0][0xc7][0xd4][0xe8]k=[0x92]c[0xf7][0x8a][0x83][0xfa]X"[0xf5][0x84]O[0xc3][0xbe][0xac][0xd4]a[0x8f][0x7][0xac][0xc5][0x9a]Mj[0xb1]D[0xaf][0xb3]"q[0xb4]W[0x84][0x8]ehdsl[0xb1]-[0x2][0xdf][0x85][0xd1][0xa0][0x87]>[0xc3][0x93][0xd9]i[0x9d][0xaa][0xc1][0xc3]rq[0x87][0xfd][0xf4]S}S[0xe0])[0x5][0x8e][0xe3]I[0x90][0xe0][0xfe][0xc7][0x9e][0xd9][0xee][0x98][0xed][0x1d][0x93]'[0xf0][0xd7][0xea][0xee]X[0xad]n[0x95][0x10]mmo[0xe5]\[0xfa]^v[0xf0]#/0[0x9b][0xd2][0x98]T[0xdb]C[0xef]?)[0xde][0x9]C[0xd6][0xeb]|[0xbd][0xe1]~[0x17][0xe0][0xd2][0xd9]hm>d[0x1e]][0xdd][0x8][0xb9] j[0x97][0xe1][0x8d]3,P=7[0xc1][0xd2][0xdb][0x1d][0xe7]Wy[0x84]L[0x15][0xc8]nX[0xc6][0xab][0x10]p[0xa7][0xab][0x98][0x1e][0x90][0xc2][0xd7][0xb][0xb8][0x14][0x8e]K[0xf1][0x81][0x8a][0x18][0xa1][0x12][0xcf][0xbc]p[0x8c][0xe8][0xa5][0xb1][0xc1]0[[0xb9][0xff]$[0x16][0xf3] r[0x8a][0xa1][0xaf][0xb4]V[0xaa]7[0x94]V[0xc8]O[0xe8]([0x96][0xf8][0x8e][0x6]+L*z[0xce][0xcd]f[0xaf][0x98]9[0xb][0x9f]OqY[0x1a]&[0x13][0x8a][0xb9][0xf9][0xee][0x1f]3[0xdc]3[0x8b][0x93]#[0xc8]E[0xa4][0xf5]H[0xda] [0xcd]D[0xb8][0x11]AD[0x18]8[0xd4][0x8][0xe3][0xac]/[0xa3][0xde]j[0xdb]]~[0x15][0xf6]v[0x1a]J[0xfc][0x8f][0xb4][0x15]_[0x90][0xf0][0xb4]{8mS[0xf8][0xa1]b+B^=h[0xaa][0xa5];:Bm[0x90][0x84][0x14][0xc2][0x80][0xee][0x8][0xb4]*`[0x9e][0x1f][0x7][0x88]|,[0xa0][0xc3][0xd8][0xb1][0x91][0x17][0xcc]q[0xca][0xc6][0x1d]F[0xa9]K[0xd1] k[0x1e][\n]"
DEBUG wire -  << "[0xa1][0xf2][0xcf]b[0xac][0xc7][0x99].[0xa4][0xee][0x82][0x6].[0x4][0x10]+[0xd5][0xe6]:[0xc2][0x81][0xb7][0xb2]|[0xcf]j[0xb7]*#[0x85][0xdd]\T[0xa2][0xbb][0xb9]Y[0xe5][0xa2]n[0xfd]+[0xb4][0x8a]F[0x90][0xf5]Z[0xeb][0xd7]*[0x8]\Y[0xe7][0xf7][0xf]a[0xdc][0xa9][0x11][0xb2][0xdb]q[0xaf][0xdd][0xad][0xb1][0xc7]n>[0xe]Aow[0xd6]*j[0x9]D[0x85][0xd9][0x97][0xd6][0xd5]@[0xe5]L[0xd0]U%Y[0x1f][0x8a]d[0xe][0xf8]2[0x8c][0x8a][0x2][0xfb][0xa2][0xd7][0x1c][0x90][0x90]6[0x8a][0xe1]:5[0xa5]k[0x6][0x95][/[0xe4]%[0x92]J[0xc4]UX[0x9f][0x91]];\[0x14],[0xff][0xda][0xa9][0x0]#[0xe3][0xc][0xec]IT*[0xb4][0xdf][0x91]VR[0x13][0x1][0xba]%[\n]"
DEBUG wire -  << "[0xe6][0x8c][0xbe]t][0x97][0xae]qI[0xe4][0xd2]%E[0xb5][0x8][0xa0][0xfa][0xa5]m[0x7][0xdc][0xcc][0x84][0xab]-[0xa4]Tp[0xe3] [0xaa]([0xc0]T[0xde])[0x92][0xf7][0x14][0xc8]K[0xbf][0xc1][0xca][0xf8]F"[0xb5]kmnW[0x89][0xd4]n7[0x1f]|[0xdf][0xed][0xdd][0xd5][0xda][0xbd][0xf7][0xe2][0xe2]][0x11]e[0x80][0xd9][0xda][0xb9][0x1e][0x81][0xab][0x1d][0xfb][0xbd]o&Z[0xd4][0x8]m[0xe5][0xef][0xec][0xde].Z[0xd0][0xc5][0x9c]h[0xd1][0xdb][0xdd][0x1d]b[0xb5][0xd9]][0xae][0xb4]K7[0xef]69[0xe1][0xa9]X[0xe8]{^[0xb4]=^`c-C[0xa5][0x80][0xb9]J[0x95]m[0xd2]b[0xa3][0x96][0xa7][0xb7][\n]"
DEBUG wire -  << "[0x8d]J[0x91]:[0xc2][0x1d]u[0x5][0x91]J[0x1b]G[0x1][0x0][0xd7][0x90][0xc4]&[0xf3][0x12][0x95]([0xa9]S0[0xd8]P[0xb5][0xd8]X[0xec]DJ[0xd8][0xa2][0xb8][0xc2]F[0x17][0xdd]f[0xdb][0xb1][0xd4][0xde][0xc4]ap[0x85][0xa4][0xa0][0xfd]}[0xd0][0x18][0x91]$[0x18][0xb9][0xb6]&IyU[0xff][0xdb][0xca][0xe2]f[0xcb]ju*e[0xb1][0xdd][0xcb]o'i[0xdd]U[0x16]w[0xbe][0x91],[0xa6][0x88]2[0xc0]l[0xdd]bB[0xc0][0xa5],v[0x1f][0x14][0x84]Z[0xdd][0x8][0xc9][0xe2]V{[0x85],[0xb6]{yY[0xc4][0xb7]|[0x94][0xf8],7[0xaf][0xcc]q[0xb1]h[0xa8]X[0xcc]N<\[0x8d][0xf6]p[0x1f]6[0x9a]k#[0xa5][0xca][0x3][0xb5][0xeb][0x9c]<^[0x9c]s[0xb4][0xaf][0xac][0xe5]V[0xda]z[0xda][0x1f][0xf6]g[0xd3][0xa1]4R[0xa5][0x8]d[0xa7][0x4][0xca][0xcc][0x9c][0xcd]6yh8[0x8d][0x82][0x1][0xc8]=[0xa6][0xcc][0xc5][0xe2]v[0xc4]8[0xf5][0xa7][0xf5][0xd6]m[0xc2]/[0xdd]:[0xf5]<[0xc0][0x8d]B[0xe9][0x82][0xbe][0xdc]/[0xa3][0xd6][0xe3]T;[0xb4][0xe1][0xb5]4[0xc3][0x86][0x9c][0x2][0xb5]8[0xe3][0xd1][0xe6]J[\r][0xa5][0xe4][0xc8][0xf2]>[0x1b][0xf6]Y[0xab][0xcf]l[0xf0]a[0x91][0x18]e[0xf7]T[0x86]/[0xfa][0xec][0xf1][0xa2][0xcf][0xfe][0x84][0x9f][0x8d][0xe0][0xd3][0x6][0x14]U[0x9d]+[0x95]vG[0xf9][0xa8][0xef][0x90][\r][0x6][0x3][0xb6]PedNj[0xc5][0xca]"6[0x15]A[0x98][0x85]R[0xb8][0xce]X[0x8c][0x1f][0xf][0x18][0xef][0xdf][0x6][0xe8]O([0xd1]Z[0xf2][0xad][0xf5][0xe]AT[0x80]g`dg[0x11][0x10][0x1d][0xfa][0x88][0x15]U[0x85]=[0x93][0xfa]HL[0xf0]([0xc2][0x8c][0xc6][0x1b][0xb4][0x16][0x97][0xa1][0x8d]BpL[0xb8]P'[0x82][0xac][0x0][0xdc][0x9a][0x6][0x1e][0x7]U[0xcf][0xa8][0x3][0xd5]-[0x1][0xc4]S[0xb9][0x1c]|[0xcc]r[0xa5][0xc2][0x1d][0xb9][0x11][0xa8]V{[0x12][0xe0][0x19][0xed]h[0xe6][0xc7][0x85]h[\n]"
DEBUG wire -  << "[0xb2][0x11][0xea][0x95][0xc4][0xc5][0x98][0xcc][0x4]wX[0x0][0x10]3[0xd7][0x4]p[0x8][0xd9]<[0x85]ZYW[0x90][\r][0xe7]A[0xba][0xc5]5ND[0x18][0xcb][0x86]s0r(f5ik[0x9a][0xc]n[0x2][0xcb][0xe2]f[0xd2]T[0x18][0xd2]v[0x8]&P[0x5]m;ZrN[0xb2]B[0x88][0xb2]T[0xdc]K[0xe7]j[0xe5][0xf3]~S[0x9d][0x9c][0xa4][0xe3][0x90]ib[0xee][0x9a][0xaa][0xfd]Q[0x10]$[0xd9][0xdd]c[0xea]M[0xfe][0x98]C[0x8f][0xc3]T[0xa2]_[0xdc][0xf1][0x1d][0xaf][0xc][0xcb][0xfe][0x15][0x8f][0xae][0xd2][0x81]Wy[0xfd][0xbe][0xa9][0x80]*[0x8d]V[0xba][0xa2]Ie[0x16][0xee]h[0xc9][0xa5][0xb1][0x10]?MC[0x8b][0xae]U[0x17]5[0xf5][0xd6]{[0xf9]M[0xe9][0xa6][0xa6][0x9e]<#[0xfd][0xc0][0xdb][0x99]zk[0xbd][0x8][0x4][0xc1][0xad]B[0xea]+O[0xf5]wzk[0xbd][0x87][0x0][0xc1][0xad][0xc2][0xf0][0xeb][0xcf][0xf0][0xf7][0xd6]zk[0x4][0x82][[0x85][0xe3][0x3][0xe][0xeb]wzk[0xbd][0x9e][0x6][0xc1][0xad][0xc6][0xf6].'[0xf3]+$:\[0xd0][0xfa][0xb6][0x14]4[0xb9][0xd4]-[0x85][0xfb]W[0x12]b[0xf6][0x85]=[0x13][0x97][0xc2][0x3][0xfb][0x98][0x96]+[0x96]vW[0xe3][0xc2][0xab]pc[0x8f]6[0xfd][0x1a][0xf2]"U?[0x90]s#[0xc5][0xa6][0xa7][0xe2][0x5][0xe4]""[0x5][0xcd]u[0xc3]%[0x1]R[0xf6][0x8b][0xf7][0xc1][0xe9][0x89][[0xde][0x1][0x99][0xbf]([0xf8]#[0xbf][0xe4][0xea]z[0xca][0x83][0xe6][0x8f]l[0xff][0xf1][0xfb][0xa3]g[0x87]g[0x87][0xef][0xd9][0x8f][0xcd]G`J[0xb3]p[0x4]s[0xd8]g#[0xe][0xf9][0xd4][0xd8][0xfb]l[0xd0][0xb7]k[0x8d]=[0xe3][0xc5][0xc6][0x94]MfS[0xee]?6[0x1a][0x6][0xb9][0xa4][0x90]8[0x1a][0xb6]E[0xa7][0xb3][0xb3];[0x1a][0x1a][0xd7][0xd7]}[0xaa][0xce]?[0xf2][0xab][0xb]9&[0x4][0x7][0xdf]g[0x11]B[0xa0]A[0xf8][0xd0][0xfc]P[0x1a][0x86][0xf]h[0xba]qg[0xea][0xfa][0x1f][0x9a][0xf4]cb[0x15][0xbc][0x15][0x18][0x1a][0xc2]]7[0x17]~[0x0]J[0x1a][0x9b];Ee[0xf3][0x16][0x8c][0x18][0xda][0x8b][0xf6]\[0x9a]9h[0xd7]@[0x9][0xda][0xa0]#[0x9c][0xc7][0x86][0xc2]#[0xc2]`W[0x9c][0xd0][0x19][0xfa][0x87][0xe3][0xe1][0xb8]1[0xba][0x18][0x17][0xb8][0xcf]:[0xf6]`[0xba][0x3]8[0x90]<[0xe5]q[0xe0]G[0xb]|Q[0xcd][0x1e][0xbe]}q[0xf1][0xfc][0xf0][0xf5][0xd1][0xef]O[0xdf][0xfc][0x93][0xda][0xd5][0xd7][0x81]#-[0xf1][0x98][0xcc]s[0xfc][0xf0][0x9c][0xb1]7[0x82]iM4[0x8c]$[0xe2]a)[0x85][0xee]z[0xc5][0xd2][0x13]h[0xe6][0x8d][0x84]W[0xde][0xab][0xdc]k[0xc8][0xe]f[0xf6][0x4]s[0xc1][0x98]L0[0x9a]i[0xec][0xe1][0x1e]z@%@[0x85]0[0x9b][0xca]w([0xa9][0xbe]f`[0xec][0xbd]7[0x8][0xe3][0xd3][0x9]0[0x17]P[0x14]xV[0x1a][0xc4]F[0xda]X[0xc3][0xa0][0x8b][0xf5][0x8d][0xf3][0x6][0xc]7x[0x1d]{[0x86][0x8c]_@[0x86][0xdb][0xee][0xf9][0xd8][0x9c]J[0x80][0xa7][0x93][0xb7][0xc7][0xff][0x80][0x12]'[0x91]@[0x3][0x5]+[0xbf]>[0xfe][0xe7][0x19][0xa4][0xbc][0xc6][0x8b][0x5][0x1a][0xc6][0xc9][0xcb][0xc3][0xdf]/N[0xcf][0xe][0xdf]b[0xda]i[0x82][0x9f]u[0xa0][0xf6]qC5[0xab][0x9d][0xd4][0xb3]"oN[0xa8]D[0x10].[0x15]x[0xfe][0xee][0xe5][0xcb][0x8b][0xd3][0xa3][0xb7][0xc7][0xc7][0xaf][0xa1][0xc8]s[0xf4]f[0xe4][0xf6]tV{[0x8e][0xf9]g[0xbf][0xbe]{[0xf5][0xf4][0x14][0xb2][0xce][0xb0][0x3]>wq[0x1f][0xea]/[0x98]s[0xf4][0xf2][0xcd][0xe9]1d[0x10][0xd9]X[0xed]8[0xb6]1[0xf5][0xf8][0xed][0xdb]7o[0xa9][0xb8][0xd0][0x8c][0xa1][0x8f]O[0xf9]dO![0x3][0x81]I[0x85]~[0x83]p,[0xb6]?[0x8c]>4[0xf][0xd8][0x9][0x9d].gI[0x4][0xce][0xf1][0x18]/m[0xa0]O[0xab]X[0xc0][0xeb]@_:4[0x13]%H[0x92]yx1[0xe6][0xb8][0x7]c[0x81]o[0xf4][0x8d]A[0x17][0xc9][0xa8][0x7][0x8d][0xdc]0[0x1a][0xd3][0xb4][0x92][0x1a]$[0xb5][0xf9][0xbf]*[0xb][0x8f]S.%C:[0xde][0xef]*"[0x82][0x6]E>[0xd2][0xc3]j[0xc6]V}[0xfd][0xa0]o [0xff]Pqc[0xfd][0x7]u[0x1d]9[0x14]B[0xc0]PO[0xc]?4e{r[0xcf][0xfd][0xb5][0x96][0xf2][0x99]{[0x8][0x92][0xa0][0xcf][0xb5][0xbd]l[0xb7]|bv?xK^@[0x8c][0xec][0x10]([0x97] [0x6][0x13][0x9][0xbf][0x9c][0x6][0xe3][0x0][0x86][0xa4],[0x0][0xf9]m[0xed]1[0xc8]\P[0xbc][0xe0][0xa5][0x87][0xf2][0x88][0x1b][0xae]z[0xf3][0x8][0x83]m[0x9f][0xc4][0x82][0x82][0x14][0xea]BKa[0x91][0xd4][0xf9][0x8b][0xac][0x9d][0x1f][0x9c]R;_[0x1][0x9][0xa7][0x8a]S[\n]"
DEBUG wire -  << "x[0xb][0x7]u[0x1c]N9[0xb1]z[0xb7][0xb4]H[0x3][0xc5][0xc8][0xa1]L{[0x9][0xfc]3[0x13][0x17][0x9e];u[0x93][0xb]qe[0xb][0xe1]P[0xed][0xdf][0x83][0x99]t[0xd9][0xf0][0xb0][0xe0]4T[0xeb][0x1f]T[0x18][0x8f]=0D[0x9b][0xf6][0x6][0xc6][0x96][0xd4]lB[0xd5][0x8e]/[0xd0][0xdb][0x94][0x0][0xb1]C1S[0xe9][0x85][0x9d][0xb8][0x12][0x9]rL[0x99]\"[0x0][0x9f]*veG[0xfe][0x14]Qp1\$[0xf4]-[0x14]A[0x9c][0x8e][0x7][0xbf][0xd0]Z[0x87]_[0xc4]fa[0x15][0xd8][0x19][0x18]~[0x82][0xac][0xc]4[0xf0]A[0x9b][0xbb][0xe]U[0xc4]i[0x82][0xf4]l[0x84]_[0xea]MR[0x18]4[0xe5][0xc2][0xb][0x8a]I([0xa2])[0x1e]%t[0xe4]1[0x9]0[0xd6]#4[0xc4]#[0x81][0xba][0x90][0xba][0x6][0xa5].[0xb8]A\_F[0x5]![0xe0][0xee][0x7][0xcc][0xbb][0x11]#[0xcc][0xbc][0x98][\n]"
DEBUG wire -  << "[0xb0][0xed][0x17]y[0x2][0xbf][0xa2][0x14][0xa6]S[0xaa][0xaa]3[0xba][0xbc][0x6]Mth/[0x83][0xe5][0x80]'[0xe0][0xd3]2K[0x1e][0x1e]![0x86][0x87]P[0xf0][0xe8]RD^D[0x81][0xe2]H[0xea][0x9b]pT[0x97][0xb]_[0x8][0xe0][0xad][0x8]`[0x1d][0xfa][0x8c][0x1e]Y`[0x93]O[0x93][0xae]e[0xcb]a[0xb3]n[0xd4]%[0xc0][0xce].[0xb9][0xc8][0x17][0xb2][0xe4][0x85][0x94][0xe5]3<[0xa3][0xc7][0xe6]\[0x1e][0x1f][0xf5]G[0xee]x&[0x8d]([0xd9]L[\n]"
DEBUG wire -  << "O[0xd9]0[0xd2][0xe9][0x91][0x87]1i[0xf2]r[0xc1][0xc3][0xa4][0xf3][0xfb][0xd0][0x80][0x2]\[0xc9][0xb0]S[0xbe]`x[0xff][0xac]f[0xaf]vJ9[0xd4]&i[0xf7]~=;;Q-g[0x0]G[0x1c]7[0xba]B[0xee];YW[0xbe]c[0x1]p[0x86].[0xca][0x85]r[0x4][0xc8]o[0xe7][0xd7][0xbc]A[0xfb]b[0xb0][0x17]?[0xb4][0xff]#V'NUA[0x11][0xfd][0xd0][0xf9][0x8f][0xb8][0x4][0x97][0xe4][0xca][0xf9][0x1a]q[0x11][0xea]4-5[0xa7]![0x83]K+hc[0x1b][\r][0xd8][0x2]=n[0xd5]8qO[0x90]R[0xe0][0xc5][0x9b][0xac][0xff][0x9a][0xe9][0xd3][0xcc]S-[0x5]i[0x11][0x12]o[0x1b][0x97][0x11]=[0xd9][0xfd][0xe7][0xd8][0xaa]L[0x90]4R[0xfd][0x80]i[0x15][0xef]U[0xce][0xa8][0xa8][0x12],iu s@[0xde]3[0xf5][0x4][0xd3][0xe][0xf8][0xc1]t[0x6][0x19]'9[0xfd][0xfc]a[0xd6]iu[0xb6][0x89]-Q[0x1f]#[0xb4]ip)[0x15][0x10]v[0x1c]x![0x9e] D[0xc2][0xef]"[0xa5]?[0x94][0xc3][0xaa]m[0xfb][0x87][0x98]~[0xe5]v[0x8]9dt[0xb6]V2[0xaf][0xd6][0x84][0xf8][0x99][0x8a][0xb][0xfd]=[0x10][0x5][0x85]4"qh4}[0x15]#[0xc4]C`\ $[0x8b]g[0x91][0xf8]9[0xc5][0xe9][0x82]t[0xdb][0xef][0xb8]#Q&0[0x17][0xad][0x5]I[0x11][0x99][0xf9]:h([\n]"
DEBUG wire -  << "[0xc9]<[0x1f]=zH[0x1f][0xf6][0xb6][0xba][0xbc]3t[0x86][0x1d]H|[0x98][0x1d][0xa7]u[0xf9][0xdd]&[0xcd]J(?[0x13]Z[0x83][0xad][0x9d]N[0xab][0xb7][0xd5][0x1a][0xda][8[0xda][0xe0][0x19]L.[0xe2][0xf9][0xe8]b5P[0xfd]![0x8a][0xf]M[0x9c]b5B[0xd9][0x93]E[0xc0],[0x0]&[0xd9]([0xa1][0xc9][0xfe][0xfd]gy8[0xd2][0x17][0xdd][0x4][0xb2]a*[0xc1]1[0xbd]J[0x94]r[0x83][0xcc][0x1f][0x8d]k[0xb0][0xe2][0xe4][0x6])[0xae][0xcd][0x86][0x6][0xf6][0x15][0x14][0x82][0xe0][0xd3][0xb][0xdd][0x99]>[0xe7][0x91]/[0xf9][0xe0][0x95][0x92][0x9b]|[0x98][0x11]c[0xea][0x11][0xae]![0xa3]][\r]l[0x8f][0xb3][0x94]fy[0x19]9[0xf2][0xe4]P[0xd3][0xb4][0xa7]D[0xca])[0x88]#[0x15]!!$[0xf5][0xb3][0xac][0x7][0x91]+qzI[0x1][0xff][0xbe][0x4][0x8f]v[0xcb][0xa9]Pj6[0x1f]U[0x81][0xba][0xfe][0x8b]Q[0xff]b[0xd4][F][0x83][0x9f]*[0xf5][0xbb][\n]"
DEBUG wire -  << "[0xbe]g[0x93][0xee][0xc8][0xbd][0x92][0x1]f[0xcc]&+[0x98][0xb6][0x82][0xc2]Dq[0x3][0xf3][0xe2]6[0x9c][0xd4] [0xc5][0x8f][0xdf]H[0xaa]h"[0xeb][0x9]A6[0x7][0x3][0x86][0x1e]?[0xa1][0x1f])[0xef][0x1c][0xaa][0xb9]1K[0xdf][0xc8][0xca][0xa1][0xd5]5[0xc8]p[0x2]![\r]A[0x99]@[0xe1][0x4][0xd7][0x91][0x97]<P5[0xcc][0xa3]4[0x14][0xca][0x99][0xbc][0xc6][0x2]QT[0xe0][0xe8][0x9c][0xa3][0xdc][0xbd][0x3].[\r][0xd9]e[0xea][0xca][0x10][0x8a]K[0xd0][0x1c][0xa6]O[0x1][0xe][0x85][0x9a][0xde]+[0xe7][0xb0]#[0x8a]k[\r]t:[0x1b].k/z[0x98]c[0x10][0x1c][0x1a]R[0x9a][0x89]l[0x19][0x1d]_[0xc7][0x8f][0xa8]Q[0xcc][0x7]-[0xc8][\n]"
DEBUG wire -  << "][0xb7][0xa4][0xe0][\n]"
DEBUG wire -  << "[0xe4]*[0xd4]F[0x92][0x85][0xf8]%[0xcf]4,[0xa3][0xba]|$[0xdb][0xfd][0x1d][0xdb]=[0x92][0xed][0x82]]I[0x87]Z[0x4];[0xa1]P9[0xae]4P[0x84]&[0xfb]B[0xcc][0xb8]1l8[0xf5][0xcf][0xd8][0x96]=[0x18][0xd2][0x17][0xec][0xbe]|[0x19]V[0xa0][0x85][0xee]w4[0xea][0x8d]g[0x3][0x83]F[0xf7]4A[0xbe]h[0x1c][0xf][0xc0][0xb1][0xa4][0x84][0x18][0x13]l[0xb0][0xe3]a([0x1a][0xcf][0x7][0xc6][0xb3]7[0xaf][0x8e][0xa4][0xe3][0xfb][0x92]$[0xd4]h[0xfc]20[0xb8][0xe3][0xd0]z[0xf3]K[0xb0][0x91][0xf1]SOF[0xe3][0xd7][0x1][0xb8][0xbd]g[0xe0]#[0x80]7[0xde][0xd7][0x98][0xb1]Q[0xad][0xfe][0xf9]?^[0x1e]>[0xb5]d[0xdf]kw[0xf8][0xb6][0xd4]G[0xfd][0xfd]1[0xfd][0xb1]7p[0xcf][0xeb][0xd6][0x9c][0xbb]I[0xad][0xfe][0x0]0[0xe6][0xd4][0xa5]{}[0xe8][0x93]q_[0x5][0xb2][0xfc][0xdd][0xb1][0xd0]E8[0xf2]Snx[0xf][0x1d][0x88][0x16][0xb6][0xa6][0xbe][0xd9][0x82]1?[0x9][0xff][0xab][0x1][0xdf][0xf4][0x5]9[0x0]>t[0xe9][0xf4]1H[0x90][0x83][0xdb][0xc3][0xee][0xd8]@[0x5]1fn[0x13][0x94][0xeb][0x1a][0xa8]p[0xcf][0x8f][0xf5]=[0x4]qPo"tm<|[0xf8][0xd5][0xe8]WC[0x94]_-][0x17][0xb4]i[0x0][0xc3][0xb7].`[0x14][0xce]{`G[0xb5][0x95][0x1][0x98]][0xb9][0xf][0xc4],[0x85][0x95][0x9a].[0xeb][0x1][0x7][0x8a][0xc6][0xc1][0x93]W[0xf][0xe7][0xc8][0xaa][0xef][0x1]~[0xcc][0xcc][0x10][0xd7]2%[0xff][0xa0][0x1c][0x5][0xfe][0x83][0x19]2[0xe]"[0xf5]u[0xe0]o[0x84]{[0x99][0xd2][0xeb][0x82][[0xf8][0x1e][0xe5][0x9a][0xc1][0xdf][0xe5][0x13][0x8c][0xf7]#<}[0xa4][0xd7]O[0xcc]H[0x84][0xde][0xe2][0x1e]X[0xd3][0x92]Q[0xdc][0x94][0xab][0xc4][0x1a][0xe7]a[0x10]$[0x18][0xe7][0x9]I[0xcd][0xea][0x97]uA[0x7][0x98][0x12][0xc0][0x83]y-[0xc]b[0xda]b[0xbc]6e%[0xfc][0xd9][0xc3]`[0xa1]A[0xd7]n/[0xd6][0x85][0x10][0xcf][0x5][0xc3][0x1f]F[0xad]x6[0x1e][0xe3][0x97])[0x1f][0xc0][0xd7]7[0xcf][0xc4]y;[0xee]>[0xf3]0[0xbc][0xd2]E#)v[0xfd][0xeb]_k[0xb9]o[0xf5][0xb9][0xa3][0x1a][0x85][0xd4][\r][0xbc][0xc8][0x8e]^[0x1f][0xdb][0xef][[0xe7][0xf5][0xcf][0xbf]f[0xdf][0xea][0xb3]p[0x7][0xbe][0x10][0x8d][0xce]V[0xbd][0x1f][0x89]d[0x16][0xf9][0xd7][0xf6][0x0]K][0xd3][0xea]![0x98][0x80][0xc5]O[0xf6][0x19][0x12]C[0xb0][0xfa][0xc4][0x80][0xd6]S[0xfa][0xdc][\n]"
DEBUG wire -  << "[0xe8][0xae][0xab][0x1]|>(6_[0xe3][0xef][0x9f][0x9d]?y[0x82][0x1f][0xf]p[0xa9]V[0x8e][0x89][0x91]%IW[0xcd][0xa8][0xf9]"[0xea][0x9f]%[0x2]L[0xae][0xd3][0x14][0xe1][0xfa]3[0xcf][0xeb][0x8b][0x1]z[0x9f]}[0xb0][0x4][0xaf][0xd5][0xd7][0x0][0xbf]j[0x1c][0x1c]1[0x12][0x18][0xb]6[0xb3]5[0xd7]87[0x1c][0x1e][0x1f]*J[0xfe][0xac]?c[0xdc]5[0xfa]v[0xf9][0x13][0x83][0xb6]Ev[0xf3][0x11]~b[0xa8]~[0xdd]h[0xd5][0xfb][0xd0][0xd1]!tg@H>y2|[0xff][0xb][0xd0][0x98]R[0xc][0x1d][0xd8][0xeb]cb[0xed]y[0xc3][0xc9][0x13]hhE[0x2][0xe3][0x82][0x5][0xf3][0x17][0xb]5[0x88][0x2][0xf5][0xbe][0x84][0x91]R[0xed]Z[0xa5]__[0xd7]k[0xe8]_[0xa5][0x1f]8[0xac][0xf7][0x1f]5d[0xe7][0xe7][0x7][0xec][0xc7]f[0xfa][0x9d][0xc1][0xfd][0xa6][0xbe][0x8a][0xb][0xd7][0x8a][0xf0][0x3][0x82][0xf8][0xdd][0xc1]g[0xf2][0xd8][0x85][0xfc]T[0xa0][0xfa][0xb4][0xaa][0xc][0xb6][0xb6][0xac]v[0xaf][0xc3][0xe4][0xf7][0xdd]cK~{[0x10]k[0x1c][0x91][0xc3]S[0xae]0\[0xb0][0xdf]N[0xcc][0xd3]Y[0x8][0xac]M%[0xf0][0x8a][0x87]N[0xab][0xbd]k[0xb6][0xda]f{[0x93][0xb5]w[0xf6][0xb6][0xb6][0xf7][0xda][0xdb][0x4]G[0x2][0x8a][0xb1]0[0xb8]CX[0x18]R[0xff]/[0x1d][0xc8][0x92][0xc2]x[0xbc][0x0][0x0]"
DEBUG RequestSpecificationImpl$RestAssuredHttpBuilder - Parsed data to instance of: class org.apache.http.conn.EofSensorInputStream
DEBUG RequestAddCookies - CookieSpec selected: default
DEBUG RequestAuthCache - Auth cache not set in the context
DEBUG PoolingHttpClientConnectionManager - Connection request: [route: {}->http://localhost:2064][total kept alive: 2; route allocated: 1 of 2000; total allocated: 2 of 2000]
DEBUG PoolingHttpClientConnectionManager - Connection leased: [id: 1][route: {}->http://localhost:2064][total kept alive: 1; route allocated: 1 of 2000; total allocated: 2 of 2000]
DEBUG MainClientExec - Stale connection check
DEBUG wire - http-outgoing-1 << "[read] I/O error: Read timed out"
DEBUG DefaultManagedHttpClientConnection - http-outgoing-1: set socket timeout to 10800000
DEBUG MainClientExec - Executing request GET /session/e9c2f5b492893b90288674161d6e7d46/element/0.01484094461664287-11/attribute/href HTTP/1.1
DEBUG MainClientExec - Target auth state: UNCHALLENGED
DEBUG MainClientExec - Proxy auth state: UNCHALLENGED
DEBUG headers - http-outgoing-1 >> GET /session/e9c2f5b492893b90288674161d6e7d46/element/0.01484094461664287-11/attribute/href HTTP/1.1
DEBUG headers - http-outgoing-1 >> Cache-Control: no-cache
DEBUG headers - http-outgoing-1 >> Host: localhost:2064
DEBUG headers - http-outgoing-1 >> Connection: Keep-Alive
DEBUG headers - http-outgoing-1 >> User-Agent: Apache-HttpClient/4.5.3 (Java/1.8.0_161)
DEBUG headers - http-outgoing-1 >> Accept-Encoding: gzip,deflate
DEBUG wire - http-outgoing-1 >> "GET /session/e9c2f5b492893b90288674161d6e7d46/element/0.01484094461664287-11/attribute/href HTTP/1.1[\r][\n]"
DEBUG wire - http-outgoing-1 >> "Cache-Control: no-cache[\r][\n]"
DEBUG wire - http-outgoing-1 >> "Host: localhost:2064[\r][\n]"
DEBUG wire - http-outgoing-1 >> "Connection: Keep-Alive[\r][\n]"
DEBUG wire - http-outgoing-1 >> "User-Agent: Apache-HttpClient/4.5.3 (Java/1.8.0_161)[\r][\n]"
DEBUG wire - http-outgoing-1 >> "Accept-Encoding: gzip,deflate[\r][\n]"
DEBUG wire - http-outgoing-1 >> "[\r][\n]"
DEBUG wire - http-outgoing-1 << "HTTP/1.1 200 OK[\r][\n]"
DEBUG wire - http-outgoing-1 << "Content-Length:99[\r][\n]"
DEBUG wire - http-outgoing-1 << "Content-Type:application/json; charset=utf-8[\r][\n]"
DEBUG wire - http-outgoing-1 << "[\r][\n]"
DEBUG wire - http-outgoing-1 << "{"sessionId":"e9c2f5b492893b90288674161d6e7d46","status":0,"value":"http://pros.unicam.it/mobica/"}"
DEBUG headers - http-outgoing-1 << HTTP/1.1 200 OK
DEBUG headers - http-outgoing-1 << Content-Length:99
DEBUG headers - http-outgoing-1 << Content-Type:application/json; charset=utf-8
DEBUG MainClientExec - Connection can be kept alive indefinitely
DEBUG PoolingHttpClientConnectionManager - Connection [id: 1][route: {}->http://localhost:2064] can be kept alive indefinitely
DEBUG PoolingHttpClientConnectionManager - Connection released: [id: 1][route: {}->http://localhost:2064][total kept alive: 2; route allocated: 1 of 2000; total allocated: 2 of 2000]
DEBUG BasicClientConnectionManager - Get connection for route {}->http://pros.unicam.it:80
DEBUG DefaultClientConnectionOperator - Connecting to pros.unicam.it:80
DEBUG RequestAddCookies - CookieSpec selected: ignoreCookies
DEBUG RequestAuthCache - Auth cache not set in the context
DEBUG RequestTargetAuthentication - Target auth state: UNCHALLENGED
DEBUG RequestProxyAuthentication - Proxy auth state: UNCHALLENGED
DEBUG DefaultHttpClient - Attempt 1 to execute request
DEBUG DefaultClientConnection - Sending request: GET /mobica/ HTTP/1.1
DEBUG wire -  >> "GET /mobica/ HTTP/1.1[\r][\n]"
DEBUG wire -  >> "Accept: */*[\r][\n]"
DEBUG wire -  >> "Host: pros.unicam.it[\r][\n]"
DEBUG wire -  >> "Connection: Keep-Alive[\r][\n]"
DEBUG wire -  >> "User-Agent: Apache-HttpClient/4.5.3 (Java/1.8.0_161)[\r][\n]"
DEBUG wire -  >> "Accept-Encoding: gzip,deflate[\r][\n]"
DEBUG wire -  >> "[\r][\n]"
DEBUG headers - >> GET /mobica/ HTTP/1.1
DEBUG headers - >> Accept: */*
DEBUG headers - >> Host: pros.unicam.it
DEBUG headers - >> Connection: Keep-Alive
DEBUG headers - >> User-Agent: Apache-HttpClient/4.5.3 (Java/1.8.0_161)
DEBUG headers - >> Accept-Encoding: gzip,deflate
DEBUG wire -  << "HTTP/1.1 200 OK[\r][\n]"
DEBUG wire -  << "Date: Mon, 14 Jan 2019 17:23:55 GMT[\r][\n]"
DEBUG wire -  << "Server: Apache/2.4.18 (Ubuntu)[\r][\n]"
DEBUG wire -  << "Vary: Accept-Encoding,Cookie[\r][\n]"
DEBUG wire -  << "Cache-Control: max-age=3, must-revalidate[\r][\n]"
DEBUG wire -  << "Content-Encoding: gzip[\r][\n]"
DEBUG wire -  << "Content-Length: 9747[\r][\n]"
DEBUG wire -  << "Keep-Alive: timeout=5, max=100[\r][\n]"
DEBUG wire -  << "Connection: Keep-Alive[\r][\n]"
DEBUG wire -  << "Content-Type: text/html; charset=UTF-8[\r][\n]"
DEBUG wire -  << "[\r][\n]"
DEBUG DefaultClientConnection - Receiving response: HTTP/1.1 200 OK
DEBUG headers - << HTTP/1.1 200 OK
DEBUG headers - << Date: Mon, 14 Jan 2019 17:23:55 GMT
DEBUG headers - << Server: Apache/2.4.18 (Ubuntu)
DEBUG headers - << Vary: Accept-Encoding,Cookie
DEBUG headers - << Cache-Control: max-age=3, must-revalidate
DEBUG headers - << Content-Encoding: gzip
DEBUG headers - << Content-Length: 9747
DEBUG headers - << Keep-Alive: timeout=5, max=100
DEBUG headers - << Connection: Keep-Alive
DEBUG headers - << Content-Type: text/html; charset=UTF-8
DEBUG DefaultHttpClient - Connection can be kept alive for 5000 MILLISECONDS
DEBUG RequestSpecificationImpl$RestAssuredHttpBuilder - Parsing response as: text/html; charset=UTF-8
DEBUG wire -  << "[0x1f][0x8b][0x8][0x0][0x0][0x0][0x0][0x0][0x0][0x3][0xed]}[0xe9]v[0xdb][0xb8][0x92][0xf0][0xef][0xf8])[0x10][0xe6]v,u[0x93][0xd4][0xe2]5[0xb2][0xe5][0xdc][0xc4]q[0xba]3'[0xdb][0x89][0x9d][0xb9][0xd3][0x93]xt [0x12][0x92][0xe8]pk.[0x96][0xd5][0x8e][0xdf][0xe5][0xbe][0xc3][0xf7][0x6][0xfd]d_U[0x1][0xdc]$[0xca]rb[0xf5][0x9d]s[0xe7][0xb4][0xbb]c[0x93]@[0xa1]P([0x14]j[0x1]@[0xe0][0xf0][0xe1][0x8b]w[0xc7]g[0xbf][0xbe]?a[0x93][0xc4]s[0x8f]6[0xe][0xf1][0xf]s[0xb9]?[0xee]k[0xc2]7>[0x9e]j,[0x8c][0xc4][0xc8][0xb9][0xea]k[0xc1][0xb8][0x7]@I[0xd8]k[0xb5][0x82]qhz[0xa2][0xe5][0xc7][0x8f][0xb4][0xa3][\r](#[0xb8]}[0xb4][0xf1][0xe0][0xd0][0x13][0x9]g[0xd6][0x84]G[0xb1]H[0xfa][0x9b][0x1f][0xcf]^[0x1a][0xfb][0x9b]y[0xba][0xcf]=[0xd1][0xd7].[0x1d]1[\r][0x83]([0xd1][0x98][0x15][0xf8][0x89][0xf0][0x93][0xbe]6u[0xec]d[0xd2][0xb7][0xc5][0xa5]c[0x9][0x83]^t[0xe6][0xf8]N[0xe2]p[0xd7][0x88]-[0xee][0x8a]~GC,[0xae][0xe3]a[0x91]p[0xfb]Z[0x18][0x5]#[0xc7][0x15][0x1a][0x9b][0x0]i}M[0x11]5[0xf6][0xc2][0xb1][0x19]D[0xe3][0xd6][0xd5][0xc8]ou[0xa8][0xcc][0x83][0xc3][0xc4]I\q[0xf4]&[0x18]:[0xc7][0x9c][0x19][0xec][0xfd][0x87]w[0xa7][0xf8][0xcb][0x12]q,b[0xc6]}[0x9b][0x9d][0x8a][0x8]k[0x8e][0xd9]k><lI[0xf8][\r]V[0xfa]9[0x8c][0xad][0xc8][0x9][0x13][0x96][0xcc]Bh@"[0xae][0x92][0xd6][0x5][0xbf][0xe4]2Uc[0x8e][\r]M[0x8][0xd3][0x91][0x81]LK[0xf9]X[0x18]*[0xa7][0x8a][0x5].y[0xc4]D[0x14][0x5][0xd1] N[0xa2]A0[0xbc]`}v[0xbd][0x0][0x85]?[0x9b][0x91][0xf8]-u"ao[0xb2][0x1e][0xdb]tb[0x96][0xbf][0xeb][0xf5][0xf0][0x9e][0x13]{<[0xb1]&[0x4]o[0x7][0xd0][0x1c]?H[0x98]LZR[0xe4][0x92][0xbb][0x8e][0xcd][0x13]'[0xf0][0xb3]J[0xb0][0x8][0xa5]n.[0x94][0xb8][0xa9][0xb2][0xa4]%[0xdb]Xm[0xe2][0xc6][0xe1]C[0xc3]`g[0x13][0xc0][0x14];[0x89]`[0xf0]7[0x8][0x13][0xc7]s~[0x17]6[0x9b]:[0xc9][0x84]%[0x13][0xc1]~[\r]x[0x9c][0xb0][0xd3][0x93]w,t[0xd3][0xb1][0xe3][0xb3][0xcb]'[0xe6]6t[\r][0xf6]b[0xc][0xdd]8[0xc3]|[0xd3][\n]"
DEBUG wire -  << "[0xbc][0xd6]4[0x88]l[0x10][0xbe]8nI[0xc8][0xb8][0x15][0x8b][0xa0][0xc5][0xc][0x3][0xc4][0xb4][0x10][0x6][0x8b][0xfb][0x81][0xef][0x80][0x9c][0xcc][0x89][0x3][0x8]Il[0xa6][0x98][0xe3][0x99]N[0xd2][0xf2]@[0x4],[0xde][0xd2]X[0xb]J[0x93]@[0x2]@([0xa2]dF[0x92][0xed][0x6](i%[0xa9][0x14][0xfe][0x0][0x85][0xbf][0x1e][0x1a]E[0xa1][0x4][0xcb][0xa3][0xc4][0xb1][0xb0][0xf4][0x12]h[0x94][0xa9][0x12][0xf8]][0xa5]q[0x19]>[H[0xee]C[0xcf]-`[0xed]1[0xfc][0xeb][\n]"
DEBUG wire -  << "v[0xec][0x6][0xa9][0xcd][0x8e][0x3]/L[0x13][0xc7][0x1f][0x3]>)[0x9d][0xec]4[0xf5]<[0x1e][0xcd][0x96][0x2]:H[0x8][0x13][0x9e][0x88][0xc6][0x80][0x97]%A[0xe8]X[0xd0]q<a[0x13][0x8e]rh[0x9][0xe7][0x12][0xfa][0xd3][0xf1][0xad]H[0xf0][0x18]K[0xf0][0x4])[0x0]j[0x90][0x98][0xd8][0xb1]E[0x84][0xa9][0xd8][0xd7][0x8e][0x87]c[0x9d][0xfb][0x96][0xa0][0xc6]aR[0x18]q+[0xc1][0xee]bi,X0b[0x9e]$[0x83][0x87][0xa1][0xb][0xc9][0x88]&6[0xd9]3[0xec][q[0xc9][0x81][0x0][0x10][0x0][0xc1]#k[0xc2]l[0x90][0x8b][0xaa][0x1][0xa1]IP[0xca]F[0x8e]pm[0xc6][0x1d][0xf]HN2Y[0xcb][0xea][0xe]F#7[0xe0]6[0xbe][0xda][0xc2]rbD[0xbc][0xa4]>6[0xe4]14[0x9]0[0xdb][0xce]h$"l7[0xb0]=r[0xac]Xg[0xc2][0x1c][0x9b][0xc][0x98]?[\n]"
DEBUG wire -  << ""[0x8f]Z[0xf2]x"\[0xd7][0x9][0xf][0x96]uO[0x1a][0xb9][0xa5]n[0xf9].i[0xc4][0xe1]3@[0x85]YBtwa[0x91][0x9a]6[0x81][0x11][0x97][0x88][0xa8]g[0xf1][0xc8].[0xa1][0x89]e[0xf7]/[0x5][0xff]K[0xb8][0xfe]W[0x85][0xeb]S&][0xe7]K{[0xe8]~[0xea][0xa4]l[0xcc]6Kt[0xb6]\[0xfb][0xa7][0x8b][0x18]l[0xc1][0xd1][0xb5][0xf6]w[0xc2]}[0x95]h=-[0xd3][0xca][0xb1]5[0x11][0x1e]G[0xf3][0xaa][0xe9][0xda][0xdf]I[0xff][0xf5][0xb4]w[0xd1][0x98][0xfb][0xce][0xef]T[0x1e][0x92]Q[0xf0]{K[0x4][0x1e][0xb2]ch[0xc5][0xb3]X[0xeb]}[0xca][0x91]N[0xa7]Ss[0x16][0xa4]I:[0x14][0xa4][0xf0][0xc1]u[0xf0]}[0xe1][0xb6]>[0x1e][0xf][0x8e][0xbb]z[0x93][0xbc][0x18]E?[0xff][0xf7][0xf4][0xdd][0xf8][0xbf][0x1b][0xe][0xdb]"[0x18]k[0xe7]P[0xb7]c/[0xad][0xe4]QP%[0x88]FPo[0xe5][0xc8][0xd1]57[0x18][0x7][0x0][0xa8][0xdd][0x14][0x86][0x8d]lYk[0xc1]Z[0x99]d~J[0xf6]g[0xd3][0xf6]c[0x3]]$A[0xd6][0x97]L[0xd0]f[0xab][0xe5][0xf1]+[0xcb][0xf6][0xcd]a[0x10]$`[0xeb]y[0x88]/[0xd0][0xc4]M[0xea][0x83]U[0x85]G[0xc0][0xfe][0xd8][0x1c][0x7][0xc1][0xd8][0x15]<t[0xe2][0xbb][0x97][0x8c][0xcd])[0xf6][0xd1][0x1c][0xb0][0xc6]][0x10][0x1c][0x9f]' 6[0xd2][0x8b])w|[0x14][0xc7]?]y[0xa0][0xb3]H[0xb0]V*[0x1a][0xf6]8[0xe2][0xbf][0xa5][0xc1][0x1]{)[0x84]}[0xbb][0xcd][0x1d][0x1][0x84][0xd2]q2-[0xa0]a<[0x18][0xc][0xf1][0x1d][0x88][0xb2][0x14]h[0x89]:[0xf0][0x13]o[0xf5][0xf1][0x10][0xe2][0xc1][0xd4][0xf1][0xed]`j[0xe][0xa6][0xa1][0xf0][0x82][0xb][0xe7]T$[0xa8][0xd1]bt[0xe1]4[0x1c][0xe2][0x1f]s[0xe9][0x8f]{[0x9f][[0x9f][0xb3][0xae][0xf8][0xdc]r<[0xd0][0x8c][0xf1]g[0xa8]8[0x12][0x9f][T[0xf8]3[0xf8][0xa7][0x9f][{[0xdd][0xab][0xbd][0xee]g[0x1c][0x1a]r[0xac][0x99][0xa1][0x8f][0xa3]+[0xbe][0x1c];.(D[0x98][0xe0][0xef][0x89]D[0x6]O[0xf8][0x1e][0xa4][0x91][0x5][0x83][0xe0]Z[0x83]1[\r]L[0xa6]"[0xd9][0x0]B[0xd4]U[0xee]|nMC[0x3][0xb4][0xaf][0x9b][0xda]X[0xcd]EL[0x9]T[0xc8]@[0xa5][0x9][0xed]4=[0x18][0x5][0x17][0xf1][0xd3]K[0x11][0xf5]w[0xcc][0xb6][0xd9][0xd5]nn[0xe][0x90]A[0xf]G[0xa9]O*[0xb4][0xc1][0xf5][0xa1]n5[0xaf][0xb3]wfcJ[0xf3][0x1a][0xdd]_[0xab][0x9a][0xa0][0x6]7GQ[0xe0][0x1d]C[0xa8]p[0x1c][0xd8][0xe2][0xc0]5[0xc1]}[0xe2][0xd1][0x7]P[0xc1][0x8d][0xb6][0xde][0xd6][0xbf][0x98]2[0xe][0xf8]bN[0x84]3[0x9e]$M[0xdd]5[0xc1][0xe3]w[0xcf][0x80]Q[\r][0xcb]D[0x89][0x99]5PK[0xeb][0xbc][0x9][0xe0][0xed][0xe6][0x1][0xe2][0xb6][0xfb]_[0xcc]$x[0xc1][0x13][0xfe][0xf1][0xc3][0xeb]F[0xf3][0x1e]X[0x87]%[0xac]b[0xe]k$[0x92]4[0x82]6[0xf5][0xfb]}q[0x93]7Q4[0xb8]l[0xe0][0xf0][0xc0][0x19]5[0x1e][0xba]_[0xbf]>,[0x90]7e[0x99][0x87][0x9d][0x83][0x18]t[0xb8]5i[0xb8]&[0x8a][0xd8]s[0xe0]&[0x8c][0xb][0x14][0xb8] [0xd4][0x90][0x98][0x0][0xf5][0xf9]n[0xbb][0xcd][0xb6][0xba][0xe1][0x15]{[0x16]A[0x8][0xa4]A[0x13][0xaf]-[0x80][0xd4]F.[0x1f]k=[0x85][0xaa]1[0xec][0xdb][0x8d]O;;[;[0xbb][0xfa][0xce][0xee]~[0x17]~g[0xcf][0x9d]'[0xe7]z%g[0xbf][0xdb][0xde][0xaa]d7[0x9b][0x8f][0x1f]W[0x10][0xec]mmu![0xaf][0xd3][0xdd][0x87][0xdf][0xdb][0xdd][0xad][0xe2][0xb9][0xb3]_J[0xef][0x14][0xcf][[0xed]z[0xf8][0xed][0xbd][0xa2]r[0xc2]*+/[0x81]V[0x13][0x0][0xff][0x1c]Dg.[0x1]jZ[0x81][0x3][0xea]l[0xea][0xf][0x87][0xcd][0x3]b[0x93][0x92]p[0xd5]My+[0x11]ro[0xb7][0xad]?[0xd9]{[0xd2][0xd5]ww[0xda][[0x19][0x97][0xb2][0xc][0xc2]Y[0xca]E[0x94]7Y[0xc7][0x15][0x1d]=[0xca]:[0xda][0xea][0xf]M[0xf4]R[0x12]q[0xe2][\n]"
DEBUG wire -  << "[0xd4]([\r]M[0xa9][0xb] [0xc4][0x8c]#[0xab][0xcf]u[0xcb][0xb4]ACG}[0xcb][0xac]W,[0xfa][0xd0][0x1c][0x8b]D[0x95][0x8f][0x9f][0xcf][0xce][0xf8][0xf8]-[0xd8][0xac][0x86][0x86][0x11][0xb5][0xd6][0xfc][0xd4]>G[0xa9][0x14][0xbe]}<q\[0xbb]a5o[0xb0][0xe6][0xb1]>[0xd1][0x1d][0xfd]B[0xff][0xb2]H[0x1][0x4]C[0x80]\[0x3][0xc9][0x6][0xa9][0x5][0xd4][0xc7][0xd2][0x90]?~\~kh]@~[0x0]>G[0xe3][0xa2][0xff],[0x8a][0xf8][0xac]![0x85]KW[0xcc]k[0x2][0xe1]q[0x1a][0xa2]{[0x15][0xf7][0xaf][0x5][0x8c][0xf4][0x19][0xc][0xb][0xdc]{[0xd8][0xd6][0x8b][0xb7][0x93]+K[0x84][0xc9]K([0x8][0xe9]7[0xba][0xd3]o[0x1f]8[0x87][0x17][0xa6]+[0xfc]q29p~[0xfa][0xa9]Y`[0xf9]t[0xf1][0xc9]9?[0xef][0x8b][0x6][0xfe]-[0xa3]7[0xb]|[0xfd][0xda][0xd4][0xc7][0x8f][0xe7][0xb1][0xe8][0x92][0xd8][0x87][0xfd]>[0xbe][0x82]$[0xd7][0x96]+[0xa8][0xab][0xc7][[0xe4]/[0xd6]@[0x1d]x?[0x94][0xf]K[0x10]H.4[0xf9][0xc5][0xbb]7[0x1f][0xa0][g[0xfd][0x87][0x1d]x[0x8b][0xf0][0xf1][0x98][0xbb][0xee][0x90][_[0xfa][0xb9][0xea][0x84][0xb1]^[0x2][0x4][0xb6][0xd6][0xd6][0xf4][0xf5]kcR-SA[0xd7]h[0xde][0x80]dq[0xdb]>[0xb9][0x4][0xa9]x[0xed][0xc4][0xe0]([0x8a][0xe8]ic1[0xad][0xa1]Ae[0xc7][0xd2][0x93]|[\r][0xe]-[0x18]O[0x10][0xae][0x87][0x9d][0xa6][0xce]k`[0xd1][0xe5]U[0xf9][0xcd]^[0x3] [0x92][0x84][[0x13][0x2]jh[0x81][0xaf][0xb2][0x9b]Xw5[0x87][0xa8][0x8b][0x13][0x90]Tt[0xf1][0xc6]B[0xd3]K[0xc4][0x83]e[0xf2]BW[0x80]C[0x0]*u([r[0x8a][0xb0][0xd8]1[0xf3][0xed]j6u[0xe2]>[0x99][0xb5][0xaf]_[0xaf]o[0xf4][0xb1]Y[0xb2]lOG[0x8d][0xca]{[0xb3]76[0x95][0xc1]~[0xfc]xl&S[0xf5][0xd8]@8[0xf5][0xd6][0xd4][0xf1]EA5[0x9b][0xcd][0x9b][0x86]4[0xf5][0xba][0x1d]X)[0xe]+}[0x89][0xe9]o[0xa2][0xd9]+<F[0xf4]"[0x92][0x19]x[0xff][0xa5][0xb1]n[0xc5]1x[0xf][0x8e][0x87][0xf8][0x8d][0xd8][0x83][0xd8]`[0xa6][0xd3]+!b[0xd7][0x1b][0xf]l'[0xe]][0xe][0x11][0x93][0xe3][0xa3]-`[0xf][0xb3][0xb0]&[0x1][0xec][0xc3] [0x82][0x80][0xa7][0xc7][0xfc]`1[0xe7][0xca][0x88]'[0x1c][0xc8][0xaa][0xcb][0x95][0xf6][0xad][0xc7]:[0xc2][0xab]f[0x90][0x1][0xac]I[0x87][0xa0][\r][0x9c][0xdb][0x1e]k3[0xb3][0xbd]7[0x9f][0x9]bGA[0x95][0xc1]]g[0xc]@F[0xdb]\@[0x80][0xdd]3[0x8e][0x82][0xd4][0xb7][0xeb][0xe8][0x9]A[0x96]P[0x0][0xfe]r[0xfa][0xcd][0x6]p[0xf]YV[0xf1]l)%[0x9e][0x8][0x91]l[0xe2][0xe4][0xda]&pn[0xe8][0x6][0xd6][0x17][0xc3]u[0x86][0x11][0x4][0x97][0x6]0u[0x93])[0x97][0xb7][0xde][0xc7]+91[0xd8][0x5]-`r[0xd2][0xaa] [0x91][0xf5][0x92]/[0x3][0x0][0x85]3[0xb3][0xa9]"[0xa3][0xac][0xf7]6!V[0xb3][0x1d][0xe][0xa1][0x92][0xeb][0xce][0xbb][0xe0][0xf3][0x84]ND[0x9c]8[0xdc][0xb0]\[0x7][0xb5][0xb9]1[0xe4][0xd1][0xdd]HU[0x91]\>[0xcb][0x5][0x1][0xa6]'[0x9c][0xd8][0x15][0x6][0x8e][0xc][0x8]h[0xc0]1[0xe][0x86][0xa3][0xab][0x81][0x17][0xd8][0xa9][0x8b]M[0xca][0x92][\r]W[0x8c][0xb9]5kq[0xf0][0x8e][0x13][0xd9]TID[0xab]D[0xc4][0xfa][0x1a]h[0xf3]x[0xe2]`[0x18][0xfe]=][0x90][0x95]]/[0xcf][0x91]/[0x86][0xe4][0x8b][0x11][0xa6]C$[0xcc][0x80]1[0x9b][0x1a][0x92][0xce][0xf6][0x2][0xa5][0x18]w.[0x9][0xce]([0xee]2[0xf8]T[0xc4][0x81]'Z[0xdb][0xe6][0x9e][0xd9]&[0xd2][0xcb][0xc9][0x15][0xea][0xbb][0x0][0xb2][0xf5]'R[0xdf][0xf9][0x93][0xe4][0xa7][0xa8][0x82][0xda][0x7]5C[0x0][0xb6][0xbe]V[0xe5]|[0xfd]6[0xf2][0x89][0xec]\[0x80][0x95]H[0xe7][0xb8][0x88][0xd2][0xfc][0xad][0xd2][\r][0x9d]5[\r]\[0xea][0xe7][0xd8][0xf9]][0xdc]Q[0xbe]o%<[0x17][0x1c]B8'6[0xa0]@[0x9f][0xdc][0x87][0xe0][0xb2]D[0xae][0x81][0xd6][0x8a][0xdc][0xdf]*[0xf1]kb[0xf5][0x80][0x92][0xef]C[0xf9][0xa2][0xfa][0xbe]+W[0xa5][0x8d]^[0xa0]E[0x9a]_I[0xd2][0x1c][0x8a][0xa3][\r]SI[0x8][0xc4]i[0xa8]Qu6[0x97][0xc0]0[0xb2][0x4][0x7][[0xfd][0x19][0xc4][0x93] [0xc][0xc1][0xe0][\r],[0x1e]%[0xcc][0xc4][0xdf][0x3][0x17]l[0x10][0x1a][0xfc][0x7]%[[0x9][0x8d]s[0x3][0xb0][0xef][0x8f][0xb6]v[0xb7]v[0xb6][0xf6] [0xf3][0x6][0xfe]-A[0xce]L[0x97][0xf][0x85]k[0xe0][0xcc][0xa3][0x9c]L[0xf5][0xc3]4[0xf9]D[0xc4][0xca]Y[0xcc][0xf3][0x9e]1[0x15][0xc3]/[0xe][0xf4]][0x9a][0xe0][0x12][0x99]++[0xcc]R[0xcb]N[0x3]([\n]"
DEBUG wire -  << "@[0xd9][0xc6][0xff] [0xd4]|[0x2]?[0xf0][0xa7]D[0xc7]][0x9b]|[0x7][0xaa]V[0xb3]K[0xce][0xc1][0xe2]$[0xa8][0x89][0xbf][0xc][0xe4]N[0xd8][0x1b][\n]"
DEBUG wire -  << "x[0x11]+K[0x83][0xc8][0xd8][0xa9]u_,[0x95].S[0x85]$[0xf7][0xb2]>[0x1a][0xd1][0xf][0xf2][0x86][0xdd][0xab][0x93]*][0x82]Bf`O)QP[0xb5][0x94][0xdc]$V[0xd3][0x1b][0x8c][0xd7][0xb4]G=[0x18]>[0xbf]d[0xae][0xc3][0xf8]2[0xea][0x17]p[0xf5]&[0x1][0xc][0xa0];`[0x94][0x80]U[0xbc][0x82]~[0xa4][0xe4][0xc2]o [0xc][0x99][0x3]%[0x8][0x83][0x1d][0x5]![0x88][0x9b]OV[\r]p([0xc]G[0xd0][0x80][[0xc1]F[0xe0]z[0xc7][0xab][0xc1]p[0xb6][0xff]R,[0xc0][0xc9][0xbf]D[0xf6][0x11][0x12][0xbe][0x82][0x8c]a`[0xcf]z~[0x90]4[0xcc][0x9][0xe8][0xbb]f^[0x1e]bw[0x9e][0xba][0xc9][0x1c]>SV*[0xb][0xc][0x13][0xbf][0xb9]F4[0xaa]'[0xd6][0x84][0x8c][0x98][0x88][0xc8][0xf2][0x1e]F&[0xe1]z[0x10]:[0xd4]c[0xc6]M[0xf][0x84]<[0x81][0xf8][0xfd][0x96]l[0x3]uy[0x19]@[0xc9]y[0x89]Vs[0xc2]c[0x83][[0x16]hi)[0xc5]$![0xb8]"[0xac]d[0xba][0xcd][0xbb]Ov[0xf8][0x81]RoX"[0xe4][0xe0][0xa9][0xd0][0x94]/[0x8b][0xc1]C1[0xad]4[0xc2][0x85][0x11][0x90][0xc1]%9[0xaa]1[0xcb][0xf3]K[0xa2])[0xa3]&[0xa3]RyQ[0xf7]0M[0x92][0xc0][0xd7][0xf3][0xa7]R;[0xa6]A@[0xb3][0xc3][0x10]Z[0x82][0xf0]G[0xa0][0xa6][0x7][0x84][0x8a]IH9[0x8a][0xb5]8[0x1d]zN[0xa2][0x9d]G[0x91][0xa2].[0xdb][0xb9][0x84][0x90][0x10][0xd5]TL[0x16][0x8e][0x83][0xf1]A%[0xa2][0x92][0xf0]w[0x5][0x85][0xc4]p[0x9e][0x3][0xc8][0xf7][0xf5]a*(+),M[0x96][0x93]M[0xad]K[0xaf]/UfP][0xfa]\[0xa9]GR/[0xaa][0x16][0xb1][[0xc5][0xe3][0x96][0xcc]LBn[0x3])[0xba][0x1a][0x6][0x9][0xfe]3[0xc2][0xc8][0xc1][0x5][0xcb][0xba][0xb4][0x1e]J~mFi4[0xcc]g[0x95][0x88][0x98][0xcf][0x92]c[0xb4]6[0xcf]\[0x9d]w[0xb][0xe6][0xc]bi[0xeb]z[0x15][0x80][[0x88][M~y[0xd4]Kk[0x81]k[0xb2][0xa8][0x89][0x82]P[0xf8]y![0xf0][0xe2]D[0x1d][0x90][0xe5]B[0xc6]J[0xa8][0x5]T[0xcb]k]D[0xf8][\r][0x14][0x16][0x1a][0xf2][0xe]h[0xb]X[0xb2][0xf0][0xca][0xce][0x97][0xe5]G[0xe1][0x98][0x6][0xd1][0x17][0xd0]S`[0xbd]G[0x81][0xeb][0x4][0x86][0x93][0x8][0xaf][0xe7]'[0x13][0xc3][0xa2]I[0xdc]][0xff][0xa7]NS[0xb9][0x9][0x99][0xd5]2[0xa4][0x9f][0x98]=e>o[0xe1]T[0xc8][0x1][0x17]g[0xf][0xb9][0xd6]-\[0xc9][0xb2][0x12][0x9e]w0s}\[0xe3]y.[0xe8][0xe6][0xbf][0x93][0xc3][0xcc][0x1a][0x10]$[0x1b]j[0xba]how?[0xbc]j[0xb2]kF&[0xfe][0xc1]-[0xb6][0xe8][0xc8]u[0x8e]J[0x96]a5h[0xce][0xd5]Z[0xeb][0x9d][0x1b][0xee]E[0x13][0xce]j[0xaa][0xf9][0x86][0xb2][0x8b][0xf5]J[0xce]f[0x18][0x92]`<v[0xc5][0x8a]*[0xca][0x8e][0x4]s[0xa4][0xf1])[0xcc]^[0x99][0xb7][0xc4][0xdc][0xcc][0x0][0xe5][0xa6][0xbd]d<[0xc]PY`[0xe6][0x95]I[0xc2][0xdc]O[0x96][0xb][0xe1][0xd9][0xff][0xf4][0xb5][0x91]kh[0xe7]M[0xe5][0xc](1[0xb5][0xa2][0x0]\[0xc6]$@_MeU[0x8]Wi$[0xc6]M}E[0xa5][0xe6][0x8a]Z[0xbf][0xb1]Rn[0xdb][0x83]$ ?z 17[0xd7]k[0xf1]jm[\r][f[0xba][0xea][0x94][0x99]^82[0xf3][0xe1][0xc3]rS[0xbf][0x1e]}[0x97][0x8f][0xc5][0xba][0xa0][0xac][0xcd]p[0xdd][0xf][0xff][0xb5]Y4[0x1e][0xf2]F[0xa7][0xad]ow[0xf4]'m[0x1d]b[0xdb][0xed][0xa6][0xde]f[[0x90][0xd7][0x81][0x6][0x2][0xcd][0x83]t[0x11][0x2]sw[0xea]1ti[0xc6][0x9a][0x14][0xc1][0xbf][0xba][0xd2][0xcc][0xf1]C[0xf7][0x12][0x3][\r][0x8e][0x1e]Z[0xd6][0x1b]L%+[0xb5][0x97][0xa5][0xd7][0xa8][0xad]:[0x85]u[0x1f][0xd1][0xfe][0xd6][0x1]U#[0xdb]u>[0xfb][0xbf]h`[0xaf][0xdb][0x9d][0xbc][0xdd][0x9d][0xbb][0xdd]E[0xbc][0xcd][0xa9][[0xc][0x1f][0xee]4[0xea]J[0x96][0xfc]V[0x87][0xf0][0xd5]=[0xfb]V[0xcf][0x89][0xdd]E[0x95]|[0xa7][0xbf]s[0xab][0xdb][0xbb]t&[0x8]F[0xef]6*[0x80]][0x1c][0xe1][0x1d][0x18][0xe2][0xf3]Cx[0x9b][0x86]8[0xc1]l[0x15]c[0x1c]wT[0xa8][0x1][0xe][0xb9][0xfb][0xa8]"p&[0xc9][0xd8][0xa9][0xd5][0x11][0xf5][0x8a]g[0xae][0xe2][0x85]r[0xeb][0xaa][0xb9]<[0xb]R[0xd6]F[0xc5]4[0x91][0xe9][0xe0]([0x81].[0x14][0xa0][0x87]([0x19][0x87][0x11][0xc]FRB%[0xbf][0x89]v[0xe0][0xf4]r[0xed]=[0x8e][0xb8][0x8d]+-[\r][0x9c]=[0xe4][0x91][0xee][0x8a][0x11]mk[0xd4][0x19]=[\r][0x3][0x90]kO[0xc7][0xcd].[\r][0xa5][0xb9][0x9a]z[0x12][0xe4][0xcf]M[0xfd]{[0x10][0xd9]][0xfc]O"R[0xcf][0xb2][0x99][0xcb][0xe9][0x94]X[0x8b]Z[0xea][0x88][0xd1][0x97][0x2][0xcb]J[0xf4][0xac][0xb2]%u[0xdd][0xa9][0x8e][0xbb][0xe0][0xce][0xba]Gj[0xbe][0xaa][0x16][0x8c][0xb8][0xf][0xb2][0x8d]b[0xdd]D[0xff]+[0x9f][0xf1][0xa8][0x9f]Yr[0x1d]3[0xf0][0x8d]Xn[0xed][0x9c][0x9b][0xb2])MT[0x99][0xa3][0xd4][0xc5][0x8f][\r]"![0xa4][0x93]XS[0xdd][0xea][0xda][0x16][0xb0][0xb0]e[0xde][0xe4][0xca][0x96][0xe5][0xa1]@Yk[0xac],[0x94][0xcf][0xdf]am[0x86]T[0xad][0xe5][0x89][0x91][0x7][0x95])[0x91][0x8c][0xcb][0xca][0x18][0x8f][0x1c][0xdc][0x98][0x97]w[0xc]y[0xfb][0xf]*[0xeb][0xba][0xf3]][0xb7][0xbd]c[0x8b][0xb1][0xae][0x86][0xdc][0xee][0xbe][0xde]}[0xa2]w[0xb6][0xba]:D7[0xed][0x1f]([0xb9][0xd1][0xdd][0xda][0xd6]w[0xf6][0xf4]N[0x7][0xd2]:[0xed][0xf6][0xf][0xcd][0x3][0xb6][0x91][0xcd]qC[0xb8][0xa2]j[0xce][0x10]f[0xc1]J[0xee]?[0xf3][0xfd][0x8e][0xbd][0xbf]}[0xc0][0xf2][0x2]s[0xe1][0xce]|[0xf9][0xc5][0xb8][0xa7].[0xe2])ce[0x8b][0x98]%[0xdc][0x2]-';[0xf8][0xdf]rZ[0x16][0x10][0xdc][0x8d][0x98]2[0xda][0x8d][0x5][0xcb]!m=[0x82][\n]"
DEBUG wire -  << "[0xdb][0xc8][0xfc][0x8d]L[0x8][\r]T[0xc][0xa5][0xd7][0x88][0xf6][0xb4][0x15][0xef][0x17]i[0x9c][0xd0]*[0x9f]J[0x93][0xab]~[0x10][0x8c]6uVk[0xdf][0x9]JJ[0x8d]r[0x8][0x0][0xb2][0xde][0xa9][0x81]@[0x13][0x9a][0x81]2W[0x99][0x0]S1T[0x19][0xf2][0xb9][0xc]X[0xe7][0x0][0x95][0xf9][0xcf][0x82][0xae][0xe1][0xdd][0x81]L[0xee]&[0xcb][0x0][0x1f]E"[0xe][0x3][0xdf]f[0xca][0x5]Q3J[0x15]zd[0xa4][0x8d][0x13][0x9c]F[0x18][0xc4][0xc9][0x1c]&[0x15]}[0xbb].[0x87][0xb1][0xc0][0xdd]X[0xad][0xdd]$A"_&[0xc2][0xfa][0x12][0xa4][0x89]QG[0xb0][0x91][0xe5][0xb2]G![0x9f][0xe1][0xc6][0x11]xp[0xb9]%[0xe4][0x8c][0xe0][0x1c][0xb0][0xe2][0xe0][0x82][0xab]x;KVOJ[0xb2][0xef][0x9a]O[0xa8]V[0xc3][0xf3][0x8e][0xb4]H[0x8c][0xa7][0xe0][0x9d]KI[0xa8]R3[0xb5],[0xb0][0x93][0x1c]x[0x3][0xdc]D[0xc9][0xca]K[0xd6]@s[0x9]>[0xd7]<Z[0xad])[0xf3]@[0xd9][0xde][0x14][0xfa]q[0x9e][0x15]k[0x8a] %[0x9e][0xba][0xe6][0x92]h[0xcd][0xe7]&|[0x88]+[0x8d][0xb3][0x81][0xea]1[0xc9][0xfd]2[0xeb]p[0xd4]V[0x7][0xa9]J[0xcc][0x6]i[0xe9][0x95][0x6][0xa9]|[0xff][0xb3]Fw5[0xa0]([0xb9][0x98][0xf5]92[0x94][0xb8]fj[0x8f][0xe][0x6][0x1e][0xbd][0xe][0xb8]R[0x7],O[0x92][0xce][0xc7]|*[0x12][0xd8][0xdb][0xda][0xaa][0xa4][0x11][0x95]*[0xf1][0xe6]/}[0xf6][0x97]>[0xfb]K[0x9f][0xfd][0xdb][0xe9][0xb3][0xba][0xb1]T[0x1d]F[0xc5]R1~[0xce]+[0xbb]d[0x1a][0xe1]Ne [0x1f]4[0x81][0xc8]'I[0x90][0xe3]@[0xac]dxU6[0xa4][0x8c][0x1b][0x95][0x9][0x80]Z[0xd9][0xe6][0x96][0xfc][0x8e]*'[0xf0][0x11][0xf8][0xf3]0*p[0x86][0x8][0x1a][0xf7][0xc9][0xb1][0xff][0xa7]_*5[0x0]e[0x3][0xbf][0xa5];{[0xbe]D"[0xea][0xca][0xa9][0x99][0x9][0xac][0xf4][0xfc][0x16][0xc1][0x92][0x4]S[0xe7][0x94][0xd7][0xf6]e[0xdf]T[0xf3][0xe7][0xca]P[0x8f]f[0xba][0xcb]&G=pQ[0x5]+[0xf5][0xd8][0xbc][\r][0xe1][0xea][0xc2][0xb5],[0x9c]csm[0x5][0xff]'[0xec][0x97]Z[0xf4][0xc5]P [0x8d]{h[0x80]n6[0xf2][0xa5][0xc][0xc7]/[0x96]2[0x9e][0x84]WM[0x8a][0x86]p[0xba]D[0xa8][0x18]"[0xb][0x82]b[0x8f][0xbb]n[0x11]H[0xe1]GH[0xfa][\n]"
DEBUG wire -  << "[0xd8][0x2]h[0xd2][0xa9][0x14][0x94]9[0x6][0xd4][0xad][0xd4][0x95][0xc4][0xe4][0xc1]0g[0xea][0x8b]aSE[0xa6][0x8c]B[0x8][0x9][0x9f]o[0x1a]S1[[0xfe][0xde]c[0xdb]]h[0x16][0xad]&[0xdc]lldD[0x1][0xcb]BT[0xef][0xd0][0x3][0x8e]K[0x81][0x1c]D[0xa1][0xd4]Z#N[0xf2][0xb9]V[0xdc]$ [0xe4]W[0x2]j=[0xe8]A[0xd9][0xe0][0xb3][0xbd][0xb6]D[\r][0x88][0xef][0xb2]'Wm[0x9d][0xa2][0xf][0xd5]j[0xb7]X[0xd6]}[0xc2][0x86][0x9b][0xa9][0x9e][0x8e][0xb8][0xe7][0xb8][0xb3][0xfe][0x87][0x0][0x9c][0x8a][0xe0][0x87][0xad]g[[0x10][0x16]v[0x8f][0xb7][0xe9][0xf7][0xe][0xfd][0xde][0x83][0xdf]{[0xc7][0x12][0xe0][0xa7]S[0x97][0xf][0x1]j;[0xcb]y[0xfc][0xa8][0xbd][0xb5][0x0][0xb2][0x8b]G[0xc][0xb8][0xb8][0xc5][0x6][0xd2][0xe9][0xaf][0x81][0xdf]9P[0xee]z[0xf6][0xd8][0xf1][0xc8]1F[0xdc][0xb7]f8e[0xf5]][0xfb]0s[0xc][0x86][0x8b][0xc2][0xf]x[0xf2][\r]w[\n]"
DEBUG wire -  << "o[0xeb][0xe2][0xb7]TD33{[0x9f][0xdb]k[0xb7]e[0xee][0xde][0xa7][0x5]t*[0x1]n)[0xfd].[0xea]!)[0x8d]Q[0x9c]"[0xca][0xb0]+[0x1b][0x1b]U[0x1a])[0xa5]x}[0xbb]y%;[0x8c][0xd4][0xf9]N[0x92][0x5][0xd1][0x93]Q[0x8a][0xed]'r[0xb][0xb4][0x1d][0xf3][0x89][0xd9]1-[0xd0]=[0x81]Wa[0xf4][0xf6][0xbd][0x19][0x1d]O[0xe1][0x9d][0xbb]"J[0xba][0xeb][0xa3][0xfe][0x12][0x98][0x1c]D[0xad][0x12]n[0xb9][0x97][0xbd][0x94][0xf0][0xfd][0xcd][0xc8][0xc6]*[0x8c]O[0xf9]}aks[0x15][0xcd][0xf8][0x85]pk[0xfe][0xeb][0xd2][0x13][0xdb]I>~xU[0xff]=[0xa7]][0xf9][0x9e][0xf3][0xc3][0xe9][0x8b][0xdb][0xbf][0xce][0x4][0xe0]([0xb4][0xcc]p[0x12]>[0x85][0xb2][0xf3][0xdf][0x8e]N[0xdd][0xa9][0xc7]}g[0x4][0xda][0xa7][0xae][0xb6]R[0xb6][0xac][0xf5][0xb6][0x9a][0xca][0x1b][0xd4]K[0x5]M*[0xd8]:b[0x95]o[0xaf][0xc7][0xf8][0x1][0xc][0x7][0xd5]Y[0xfa][0xee][0xfa][0x1f]`q[0xde][0xe3][0xf1][0x14]L~[0x6]9/$[0x93] J[0xf0][0xf5]v[0xa6]>[\r][0xfb][0xdb][0xed][0xce]7}[0xb0][0x8b][0x9d][0xf0]S [0xbc][0xe1][0xaa]O][0xb3][0xe][0x93][0xb0][0xad][0x8e][0xd9]n[0xd1][0xd3][0xd3]4r[0xfb]X[0x4]4[0xeb][0xf][0xdd][0x97][0xf0][0xb5] $[0xc8][0x3][\n]"
DEBUG wire -  << "[0xe0]a[0xe5][0xe7][0xbb]$i[0xc0][0xb4][0x19]ER[0xc9][0xd3][0x17][0xf3]I_[0xf5][0xd6][0xc6][0x92]Oo[0x9e][0xbf]{[0xf1]+3[0xb]5[0x9e]y[0xd9][0xd7][0xbf]C[0xe7][0xdb][0xe2][0xaa][0xd7]m[0xe3][0xcf][0xcd][0x1c][0x9c][0x13][0x93][0xc3]QJ[0x19][0x8e][0xaf][0x83][0x90][N2[0xeb][0xb5][0xcd][0xfd][0xbd][0xf9][0x2][0xc3]1[0xbb]^[0x98][0xdd]{[0xd4][0x1e][0xb5]G[0x9d][0xce]<l2I[0xbd]a\[0x7]/[0xf7]h[0xde]d[0x6][0xb8]8[0x80]F[0xda][0xe3][0xfc][0xb0][0x95][0xdc]BWO^y~[0xf2][0xf3][0xab][0xb7][0xec][0xe4][\n]"
DEBUG wire -  << "[0x1c][0xe6]7[0xf2][0x80][0x1]v[0xb9][0x3]Ja[0x8f]}[0xf4][0x1d][0xd0][0x10]1w[0xd9]3[0x9f][0xbb][0xb3][0x4][0xb3][0x8a][0x13]W[0x4][0x96]PG[0x12][0x90][0x9d][0x96]G[0xac]d[0xdf]55[0xf2]o[0xb5][0x1c]=[0xd6][0x3]}[0xac]G:[0xd7][0xbd][0xe6][0xb5][0xf3]i[0xf3]g2[0xf0]9[0xd2]w[0xc3][0xb]ph6[0xcf][0xfb][0xd1][0x81][0xf3]):[0xef][0xe3][0xaf][0xaf]_K[0xdf]zm<h`[0x9a][0xf9][_[0xfe][0xf9][0xfa][0xf5][0xd3]y[0xd3][0xc][0xd3]x[0xd2][0xe0][0xd1][0x98][0xbe][0xb6][0x8a][0x9b]7:e[0xba][0xfd][0xce][0x8f][0xbe][0x98][0xb2][0x17] l[0x8d][0xe6][0x1][0xef][0xc7]s_;[0x6][0xb8][0xaf][0xc0][0x83][0xe4][0xda]o([0x3][0xfc]|[0xf2][0x80][0x9b]<[0x9e][0xf9]V[0xbf][0x3]O[0xf8]M[0xe6][0xf8][0xc0]3[0xe5]|[0xf9][0xdb][0xc0][0x16]&[0xee][0x82][0x8e][0x92][0xe7][0xb4][0xdb][0xb7][0x81][0x8d][0xda][0xb8]i.|[0xfe][0xb5])9[0xb1][0xa9]o[0x96][0xf].[0x90][0xbe][0x8d][0xc1][0xb3][0xb6][0x13][0xe7][0x8a][0xb7][0x8b][0x18][0xe0][0xc7]|[0xb3]y[0x0][0xbd]4[0xe6][0x8d]MI[0xfb][0xa6][0xce]6?>3:[0x9d][0xf6][0xf6][0xde][0xce][0xd6]V[0xc7][0xe8]`[\n]"
DEBUG wire -  << "n[0xd7]. cP[0xfa][0x98][0x8a][0xee][0x1d][0x6]X[0x98]3w0[0xc1][0xc9][0xdb][0x17][0xd5][0x8e][0xae][0xed]a[0xec][0xc5][0x96]<[0x9c]i[0xe3][0x10][0x3]XFK[0xcf]}[0xad][0xea]8f[0x9b]s(\[0xa7],[0xc7]6@)14Rd*[\r]< [0x81][0x15][0x93][0xc][0xca][0x3]v9[0x9e][0xde][0x90][0x95][0xa7]C[0x9a] [0xb0][0xca]*[0xc9]"B[0x96][0xe1][0x97]'2)T[0x1][0xa9]7[0xf9][0x89]=[0xe4][0xe2][0xb6][0x1a][0x95][0xa5][0x96]p[0xe6]v[0x10][0xa9][0xd7][0x91]s[0x5]A[0x7][0xb8][0xae]`f[0xa5]/[0x8a];[0x9f]D[0xe][0xe][0x91]Byq$[0xc3]_!0[0xd7][0x6][0xb5][0xb9][\n]"
DEBUG wire -  << "[0x91]$PB[0x94][0xb3][0xa5][0xb3][0x8e]|[0xc9]B_[0x85][0xe5][0x90][0xcf]a[0x18][0x2][0x19]+[0xd4][0xa2][0xa6][0xea][0xbf][0xdb][0xa9][0x7]9[0xb3][0x1c]o[0xcc]P[0xa8][0x97]+[0xdb][0xcc][0xc7]HC[0xfc]83nu[0xdb][0x9d][0xbd]V[0xa7][0xdd][0xb2][0xa2][0x0]H[0xb6][\r][0x5][0x8c][0x7][0xf]0[0xd0][0xec]w[0xa8][0xfa][0xb0][0xc5]%/[0xc0][0x11][0xb9][0xcc][0xf8]V[0xcb]9[0xb5][0xc]U[0xe5][0xe]@[0xca]H[0x91]U[0xb6][0xf][0xd4][0x16][0xd5][0x98][0xcd][0x93]l9[0xb][0xbb][0xcb]uy[0x18][0xe7][0xc9][0xa0]0 [0x6][0xd0][0x1e]a@[0x85][0xdb][0xb1][0x9c][0xb1]<[0xf7]Cu[0x3][0xae][0x80]gh1[0xce][0xc4][0x9d][0xec]H>[0xa6][0xff]i 1D[0xaa][0xbe];[0xd3][0x8e][0xce][0x88]h[0xf6]6'[0xab]T[0xe4][0xb0]%[[0x9d]uc[0xc1][0xc9][0xfc][0x91][0xd8][0x89]'[0x8b][0xcd]7[0xae][0x90]][0xc9][0x8c]L[0xde]s[0xe6][0x1c][0x1d][0xa6][0xae],[0x89][0x1][0xb5][0x9a][0x1c][0xa0][0xd5][0xc8]2[0x93][0xf3]a[0xc2]/[0xa1][0x84][0xeb][0x14]%0[0x4]7[0xba][0xbb]9p[0x9e][0xc8][0x8a]l[0xec]:R[0x4][0x3]|*e[0x4][0xa4][0xff][0xe5][0xbc]_[0x91][0x8a];[0xd8]Y[0x5][0xf9][0x11][0xc][0x12]%[0xeb][0xbf][0x4][0xde][0xfc]An[0xf3][0x83][0xe3][0x8]aP[0xee][0xe][[0xae]C[0xce][0xc8]<[0xb9][0xed][0xfd][0xd5][0xf4]JM[0xb6]H[0xac]JW{%[0xe4][0xe7]wx[0x14]O[0x8c][0x81]r%U[0xad][0x3][0x97][0x1a][0x6]A;m[0xea][0x84]tV![0x87]e[[0xe][0xcb]M=[0xb][0x2]7[0xce][0xda][0xfa]([0xa7]8[0xdf][0x9d][0xa8][0xa4][0xfe][0x88][0xe0]XE[0xae],[0xa8]Z[0xce][0xb1][0x1][0xc2][0x85][0x8c]\ [0xf3]?0FQ[0xe][0xa2][0x0][0xeb][0xad]t~e/[0xa4]:Wo[0x9e][0x9d][0x9d][0xad]uv?[0xa2]+q[0xe1][0xf9][0xfb]([0xf8][0xcf][0x15]]]]><![CDATA[>[0x84][0xf7]K[0x1]=/[0x81][0x8b][0xbe][0xaf][0xa5]v{[0xad][0xc2][0xba][0xa4]O;[0xdb]y[0x9f][0xe6][0xf]4[0x1d]Jl,5[0xef][0xe4]y[0xf0]~E[0xeb][0xc4]0[0x8][[0xcb][0xfb][0x9f]P[0xdc][0xbb][0xff][0x1f][0xdc]U[0x0][0xea]x[0xba][0xfd]d[0xad][0x12][0x0][0xe8][0xe6]Y[0xc4][0xfe]![0x86][0xec][0x15][0x9a][0xec][0x11][0xb7]n[0x17][0x87][0xde]~{[0xbf][0xdd][0xa2]R[0x6][0x94][0xfa][0x8].[^[0x10]?[0x86]&[0x13]G[0x13][0xef][0x17][0xf1](c_[0x5]}Y[0x80]Z)[0x1e]s[0xb9]T[0x9a][0xda]k[0x95]&DW[0x91][0xfd][0x97]oVI[0xfe][0xc8]#[0xb9][0xf9][0xe6]V[0xa9][0xdf][0xbd][0x8b][0xca][0xbb];[0x9d][0x88][0xae]D[0xe7][0xf1][0xf6][0x8a]3[0x94][0xb6][0x81][0xc6][0xe3][0xed][)[0xdc][0xef][0xec][0xac][0x93]BDW[0xa6]p""[0xb0]k[0xa1][0xb3][0x82][0xd0][0xc][0xc][0xe9][0xcd][0x9e]o%{g[0xbb][0xb3]N[0xb2][0x11]][0x89][0xec]7[0xaf]^<[qN[0xa5]cs[0xc3][0x3]O[0xd7][0x9]i[0xf2]8[0xa6][0x13][0xee]b0I[0xb6]A~[0xf][0xf7][0xc1][0xa4][0x83]m[0x82][0x16]![0xb6][[0x1b][0xb3][0xbd][0xe]i[0xae][0xd8]@B[0x80][0xc9][0x83][0xfc])[0xab][0xaa][0x93]A[0xe][0x8a][0xfc][\n]"
DEBUG wire -  << ")Ln[0x84][0xac][0xf0][0x83][0xce][0xae][0xbb][0xdb][0xc9][0x9d][0xea][0x14][0xd7][0xdb][0x1b][0xdc][0xdd][g[0xef]![0xba][0x12][0xb5][0xa7][0xfc][0xbf][0xdb]I[0x8d][0xb7][0x80]L[0x80][0xba][0x95][0xc6][0xbd][0xdd][0xb5][0xd2][0x88][0xe8][0xca]4Jo][0xea]>[0xb9]t[0xc6][0xde][0xe3]![0x8a][0x91][0x1f][0xe3][0xd9][0x86][0xab]%0[0x96][0x18]@[0xf6]r[0xc]P[0xa7][0xc4][0x80][0xcd][0xbb]C[0x5]%g[0xad][0xa4]n[0xeb]X[0xb1]^N[0x94][0x19][0x1][0x9e][0x3][0x2][0xc5][0xb7]76TP[0xd0][0xb0][0xac][0xc0]m[0x9e]fg[0xbd][0xae]Q[0xa7][0xea][0x1a][0xbd]P3[0xe]+h[0xce]&&[0x90][0xe8][0xbc][0xc8][0xad][0xfe][0xf1][0xce]z[0x8d][0xda]N[0xc5][0xa8][0x1d]c[0xe8]1[0xc]"y[0xdc][0xe5][0xaa][0xc3][0xf7][0xca][0xb0][0xa8][0x94]+[0x9][0xb7][0xb3]~[0xad][0x8d]@t[0x95]F[0xf8][0x9][0x8]3[0xfb][0xb8][0xb2][0x1][0x4]g[0xa4][0x92][0xf8][0xac][0xd0][0x9c][0xc0][0xcb]8n.J>l[0xe1]WOYpG3x[0xe0][0x8d]e[0xc7][0xff][0xe0][0xa1]9Z^PN[0xdb][0x88][0x8][0xf0]e[0x91][0xa0][\n]"
DEBUG wire -  << "[0xe5]r[0x1e][0xc][0x3][0x9c][0x1]QS0j[0x1a][0xa5][0xb4]J[0xc9][0xca][0xab][0x94]*d[0x86][0x0][0x6]^[0xf8]U_S[0x9a][0x98][0x1d]-[0x99][0xf])'G[0xc1]T[0x9b][0x83]s[\r][0xcf]6:m[0xa6][0x9e][0x82][0xd1]([0x6][0xf7][0xb4][0xc3][0xe8]kv9[0x11][0x3]E&[0x9d]b[0x96][0xa7]X[0x16]e[0x85]"[0x9f]tT[0x83]+[0xbf]K5U[0xb6][0xa6]j[0x19][0xcf][0x16]w[0x1e][0xa7][0x91][0xdb][0xf8][0xe6]9[0x90][0xe7]i[0xc][0x8d][0x8d][0xf1][0x18][0xcd]@Nw[0x18]go[0xc][0xb5]2k[0xfc]G[0xea][0xb][0x3]A[0x8d][0xe]N[0x8f]4[0xf][0xb4][0xa5]T[0xd2][0x8a].[0xa3]H=[0xe2][0xe][0xee] [0xd7][0xf2]n[0xce]:+[0x9f]:[[0xc8][0x9a][0x9b][0x85][0xda][0x0][0x93][0xa1]h[0x90][0xdd][0xe][0x85][0xd0][0xb8][0xe6][0xfd][0x9e]-[0x19][0xab][0xbf]t[0x82][0xc0][0x2]R[0xea][0xb3][0xda])/[0xea][0xb0]}))[0xd9][0xf7]6[0x18]W[0xb0][0xb9][0xce][0xec]f[0xf3](![0x4][0x1c]I[0x14][0xf8][0xe3][0xbc][0xdb][0xd4]k[0x8f][0x1d][\n]"
DEBUG wire -  << "[0xef]h[0xc5][0x89][0xc0][0x87]-[0x80]9l[0x85] [0xc8][0xa1][0x8a]\T/[0x16][[0xf2]ww[0xdb]m`ovvp[0x1e][0xc4][0xc8]B[0x9d]$[0xfc]}'[0x9]cKp[0xd5]j<[0xa3][0xf6][0xa6][0x1e][0x9d][0xe9][0xac]S:n[0xfd][0x89][0xa8][0xce]$ *[0xec][0x99][0xcf]=`[0xa0][0xf0]/[0x1d][0xe8]\[0xda][0xec][0x85]{l[0x1c]Y1[0xb4]d:q,y[0x80]{[0x89]$[0xec][0x5]<9=[0x11][0xb6]y8[0x8c]p![0x6]t[0xa2][0x5][0xae][0x80]l[0x1e]d;q[0x9c][\n]"
DEBUG wire -  << "6[0x15]8[0xb][0xc]RnS[0xfd][0xe][0x1e][0xf8][0x86][0x95][0xc0]{2[\r][0x98]TL[0xc2]e[0xdc][0x1d][0x7][0x91][0x93]L[0x80]U[0xd0][0x10][0xa6][0x8e][0xbe]Cd5|BnF)t[0xa9]'Lv6[0x11]3[0x6][0xc1]p[0xc1]$[0xa4]u*\[0xd7][0xf8][0xe2]c[0xd0][0xfe]B[0x84][0xc9][0x84][0xbd]t"<[0xcf]Wv[0x15][0x92][0xf2][0xc2][0xb9][0xf8][0x82]G[\n]"
DEBUG wire -  << "1Z[0xaf][0x3]=[0x5][0xc4][0x0]\A[0x88][0xae][0x8e][0xe6]v[0x81][0x8f]4UD[0xc7][0xd9]#u[0xaa][0x8b],[0x92]L;@[0x5]`[0x82][0x84]Ve+[0x3][0x9a]p[0x94](H[0x8f]in>[0x93][0xb3]23[0xd5][0x19][0xff]d[0xce]u[0x99][[0xb0][0x3]([0xf0][0x1c][0x94][0xf3][0xfc]L}[0x82][0x18][0xbb][0xc1][0x10][0x84]4[0x9e][0xc5][0xe4][0x8e][0x97][0xfa][0x1f][0xa7]P[0x1c][0xe2][0x17][0x8c][0x13]*[0x3]p%.b[0xa3][0x13][0x1][0xd2][0x1]([0x87][0x2][0x1a][0xe4][0xba][0xc1][0x14]Zf[0xa7]9[0xed]e[0xe2][0xc4][0x95][0xb0]R|[0xca]:[0xfa][0x8c]FI[0x0][0xfa][0x9];[0xb5] [0x14][0xfb]@]-[0x0][0x19]C[0x94]>[0xf][0xfa]W[0xe1]t"[0x1c])[0x10][0xde]@[0xb][0xb9][0x1b][0x7][0xf2]^[0x0][0xdc][0xe7][0x8][0x83][0x6]I[0xc1][0x93][0xd0][0xc5][0xa5][0x13][0xa4]10<[0x97][0x99][0x10]j[0xe2][0xb8]M,[0xeb]\/[0xb0]A\h[0x87]"[0x9e]&[0x8b][0xdd][0x9f]U[0x14]K[0xb9]T[0xb2]#i[0x80][0xee]u [0xa8][0xc2][0xb8][0x89][0xe1][0xc6])[0xa9])H*/[0x85][0xb][0xdd]KH[0xc3]4[0xc2][0xe6] [0x19]Y[0xb][0xa4]2[0x8]Hs@R2[0xc3][0xb1]9[0xd7]5%1[0xbc][0x9b][0xa6][0xfb]PttU[0xdb][0x91][0xaf][0xc]^[0xc4][0xf0]K^[0xf1][0x9f]Wad[0xef]T[0x7][0xbf]+:[0xf8][0x14][0xb8]c[0xa7].<[0xfe][0xf1][0xcf]?[0xfe][0x99]U[0xc4][0xc0][0xe7])[0x1c][0x9c]l1[0xb]'[0x85]p[0xff][0x9][0xae]a[0xc5][0xad][0xe9],[0xf8]}[0xc7][0x1f]v[0xd3][0xc0][0xd9]m[0x8f][0x9e][0xb4][\n]"
DEBUG wire -  << "[0xa4][0xa7][0x19][0x17][0xcd][0xb][0x1e]=[0xb5][0xdd]~[0x1b]][0xd0])[0x1d][0xfd](}[0xa0]r3[0xb2][0x1c]b[0x18][0x96]`xm[0x7]j[0x13][0xf0][0xbb]h[0xfa][0x1e][0xc5][0xe][0xb7]T[0xfd][0xf1]O[0xf6]"H[0x87]4[0x9a][0x1c][0xeb]K6|[0x9]<[0x1b]*[0xd4]oS<[0xd4][0x8]b[0xe2](1![0x2]ax[0xe2]+[0xf6][0x8][0x88][0x7][0x14][0xf6]X[0x12][0xcd][0xa4]D[0x1d]Z  [0xc4]Gf@[0xc5][0xfc][0x93][0xf8]w[0x84][0x8][\r]\[0xd2]Gjr[0xd6][0x13],[0x90][0xe0][0xc8]ZQ][0x6].v[0xa6][0xf2]D[0x8f]^[0x82][0xd8]L[0xf8]%[0xc][0xb7] [0xb0][0x95][0x0][0x17]7Z[0x14][0xa2][0x5][0xe3](N#[0x12] 0S[0x98][0x9][0x15][0x13]v4[0x95][0xef][0xd2]d[0x1c]`[0xcf][0x8];7[0x8c][0x94][0xc9]p[0xcd][0x80][0xf1][0x11][0xae]_A5R[0xc7])[0xc9]w][0xc9][0x89][0x88][0x8f][0xe5][0x9][0xd7][0xa8]+A[0xeb][0x8b](.[0x11]H[0xfb][0x10][0xb0][0xe][0xd5]pn[0xdb][0xc][0xd7]N?[0x4][0xd3][0xac][0xe][0xaa]P[0xad][0xbd][0xa0][0xf6][0x92][0xbb][0xbf][0xa0]'[0x10].C[0x9f]"
DEBUG wire -  << "[0xb1][0x80]6[0x89][0x16][0xe8][0xcf][0x2]&[0xf][0xee][0x4]p[0x18][0x19][0xa9][0xa8][0xc0][0xe9][0xa0][0xfc][0x16][0xfb][0xce][0x2][0xd5][0xab]3[0xb9][0xc0]J[0x9][0xb2] [0xf6]&][0xea][0xc1][0xe4]z[0x1d] [0x92][0xdb]q[0xec][0xe3][0x9][0xcc][0xb2]0[0xd5][0x16][0xcf]u[0x1][0xf5]{[0xa6][0x9c][0x14][0xd7][0xc9][0xa6]I[0x84][0x98]Zp[0x9b][0x80]KP[0x15][0x86][0xab][\r][0xb2][0x5][0xfa][0x13][0xd4].8[0x84][0xa5]f[0xc8][0x9a][0x9][0xa1][0xc9][0xa5][0xd4][0x1][0x12][0x9d][0xe2]_[0xce][0xc][0xe4]][0xa5][0xd5]w[0xac][0xbf]t[0xa3]K[0x85][0x3][0xb1][0x90][0xb5]![0xde]8[0x1f][0xbf]%:Q[0xcf][0xc5][0xae]C;v[0x15]nY[0xa2][0xd6]rK'[0xa0][0xda]4<[0x9c]S[0xea]0[0x8f]t[0xb5][0x17][0xa0][0x9f][0xc4][0xcb]Ub[0xb7][0xc4]L[0xed]y[0x81][0xcc]y[0x9]A[0x17][0xc5]p[0x85][0xa6]z[0xf2][0x84]4[0xd5][0xad][0x8a][0x8a][0xfd]$[0xae]8[0xfa][0x6],[0xd7][0x8b][0xab][0xb5][0x95][0xf9][0xdb][0x10]H[0x1d][0x89]4[0xde][0xe5][0xd3][0xfd]:murU[0xd2]W[0xa4]k[0xfe]O[0xa8][0xac][0xe5][\n]"
DEBUG wire -  << "[0xeb]C[0xea]/Jm[0xe3][0xbd]yjJ[0xa7][0xb3][0xac][0x89][0xa4][0xc9][0x86]![0xe4][0xd2][0x1][0xc0]D<[0xdd][0x4][0x4]N[0xd6][0xd0][0x9d][0x1f][0xea][0xce][0x8][0xba][0x1f][0xc3]%[0xdc]~[\r][0xe][0x9][0x8][\n]"
DEBUG wire -  << "[0xd8]L[0x9][0x99][0xe4]j[0x82][0xa4][0xb][0xb7][0xf8]*[0xbf]"[0xf7](h<[0x81][0xaf][0x12][0xc6][0xcd]9[0xb1]y[0xec][0xf][0xe3][0xf0][0xe0]V[0x3][0x8a][uF#[0x10][0xa2][0x97][0xe4]}Eh[0xbe]!vr[0xe3][0x8c][0xf9][0xea]*[0x8c][0xfc]:[0x92][0x90]N[0xac]gxMB${'[0xa7][0x86][0x8e][0xb5]B[0xc3]X5[0x88]x[0xd5][0xc5][0xc]bf[0xd3][0xf1][0x12]7[0xb5],^[0x99][0x81]\J[0x15][0x89]6[0xa2],[0xad][0xc0][0x94]-[0xfb][0xc2]T[0x80]|[0x6]0[0x19][0xea]Q[0xfc][0x96]'[0x96]V[0xd6][0xf]GA[0x90][0x14][0xdb]%[0xd4][0x9b][0xfc]c[0xc]][0x88][0x84][0xf3][0x17]g|[0xc7]][0xe][0xc5]O5[0xd6][0xa6][0x18]]~[0xeb]c([0xa4]*B[0x9c][UV[0x99][0x95]e[0xa5]R[0x1a][0xd8]>[0xf0][0xba]q[0xff]w[0xed][0xda][0xf2][0xfe]z[0xd7][0xeb][0xe6][0x16][0x97][0xf7][0xe5][0xb4][0xce]=[0x17][0x94][0xf7][0xd7][0xba]v[0x81][0xe8]V[0x11][0xf5][0x8d][0x13][0x91][0xdd][0xfd][0xb5]N[0x9d]"[0xba]U[0x14]~[0xfb][0xb4][0xe3][0xfe]Z'[0xba][0x11][0xdd]*[0x1a][0xef]1[0xbf][0xd8][0xdd]_[0xeb][0x8a][0x1a][0xa2][M[0xed]]&[0x13]kFt8[0xa3][0xcf])[0xe4]@[0xa3]G5[0xb8][0xa1]A[0xcc][0xbe]B[0xb4][0x9b][0xc5]5[0x10][0xfd],[0x18][0xd1][0xfc][0x84]`4[0xa1][0x9a][0xdc][0xd8][0xe9][0x7]R9j[0xe8]cx[0xe2]U[0xec][0xd2][0x10][0xa9]h[0xae]%[0xf3][0x9a]r[0xec]W[0xb7][0xb0][0xa8][0xbf][0xd5][0xfb][0x86][0xe6][0xee]?[0xd8]<j[0xfd][0xc8][0xe][0x1f]~:~[0xf1][0xec][0xec][0xd9]'[0xf6]ck[0x3][0xaf]7[0x8]Gt[0xa7][\n]"
DEBUG wire -  << "(O[0xf][0xef]-[0xa1][0x83][0xb2][0xb4][0x9e][0xf6]j[0xd3]c[0x93][0x14]b[0xdb][0x87][0x9a][0xae][0x91]w[0x6][0x89][0xa3]aGt[0xbb]{OFC[0xba][0x85][0x4][0x8b][0xf3][0xb]~5[0x90]}Bx[0xf0][0xbd]t3[0xd1][0x92];O[0xb8][0xed]9[0xfe][0xe7][0x16][0xfd]1[0xb0][0x8]nA[0x86][0x8a][0xf0]h[0xce][0x1]XC[0x7]/Q[0xd1]NQ[0xd9]|[0xc8][0x1c][0xb7][0x97]8[0xaf]#[0xad]'[0xda]K[0x4][0x15][0xf6]CM[0xd1][0x81][0xfe][0x1d][0xf4][0x6]M[0xfa][0xdd][0x9f][0xe][0xdb][0x89][0xd1][0xfe][0xe]p[0xa7] [0xf9]x][0x91][0xae]y[0x1c][0xa2][0xdd]hFw[0x17][0xc9]j[0x9f]}x5x[0xf9][0xec][0xed][0xf1][0xaf][0xcf][0xdf][0xfd][0x17][0xd5][0x9b]}{[0x80][0xbc][0xc4][0x99][0xd3][0x97]x[0xca][0x85][0xd6][0x1b]A[0xf4]-t[\r][0xf]S[0x9e]K[0xa1][0xed][0xa9][0x8]=[0x81]j[0xde][0xf9][0xc7][0xf8]}[0x8d][0xca][0xbd][0x81][0xec] [0xb5]&[0x98][0x9b][0x9d][\n]"
DEBUG wire -  << "[0xaf][0xf5][0x92]([0x85]r^[0x80][\n]"
DEBUG wire -  << "![0xf5][0xe4];@[0xaa]O[0xa7][0xf0][0xc2]'[0xa2][0xf8]t[0x2][0xc2][0x5][0x1c][0x5][0x99]=[0xa5]3[0x12][0xb4][0xbc]2][0xa3][0xaf]x[0xf0]~'[0xbc]E[0x11][0x9a]#[0xa7]Z [0xc3][0xe9][0xec][0xfb]t}[0x8d]L[0x80][0xa7][0xf7][0x1f]N[0xfe][0x13]ouR[0xd3][0x4][0x0][0xf3][0xf6][0xe4][0xbf][0xce] [0xe5]-[0xce][0x84][0xea][0xda][0xfb][0xd7][0xcf]~[0x1d][0x9c][0x9e]=[0xfb][0x80]i[0xa7][0xd2][0xb][0xc7][0xfa]c[0xa8][0x1f]|[0xa0]f[0x1][0xf2][0xee]=A[0x4][0xe1][0x2][0xc0][0xcb][0x8f][0xaf]_[0xf]N[0x8f]?[0x9c][0x9c][0xbc][0x5][0x90][0x97])zpD3k[0xbc][0xc4][0xfc][0xb3]_>[0xbe]y~[\n]"
DEBUG wire -  << "Yg[0xd8][0x0][0x9f]|[0x90][0xc6][0xcf][0x98]s[0xfc][0xfa][0xdd][0xe9][0x9]d[0x10][0xdb]X[0xe3]$[0xb6]0[0xf5][0xe4][0xc3][0x87]w[0x1f][0x8]\d[0x82]![0xfd]j[0xfa][0x8c][0xd1][0xe2]>[\n]"
DEBUG wire -  << "[0x10]D[0x8f][0xd2][0x5]3[0xd9][0xe1]0[0xfa][0xdc]:b[0xef][0xa5][0xff][0x82]."[0x1f][0xe3],3}[0xc7]i[0x82][0xac][0x3][0xa1]4[0xf6][0x1][0xb2]d[0x1a][0xe][0xc6]8[0x81][0x86][0x92]p[0xad][0xd1][0x81]&[0xe][0xb2]1[0xeb]4ym[0x90][0xba][0x5]H[0x16]R[0x9d][0xa4][0xae][0xdf][0xaa][0xcb][\n]"
DEBUG wire -  << "[0xed][0xd1]b2[0xa4][0xe3][0x96]Tp[0xfb]1[0xf]@.[0xe8]a[0xb5]`[0xab][0xb6]~[0xce]>w[0xf8]\[0xf3]y[0xcc]g[0xf5][0xed][0x3][0x0]!b('[0x86][0x9f][[0xb2]>[0x13]/&[0xc5][0x86]K1O[0x9d]g0[0x12][0xb2][0x9b]#^w[0xda]>[0x9][0xbb][0x1f]|[0x90][0xb3]K([0xe]A6[0xd5][0x4].[0x12][0x1e][0xd3][0x0][0xfd][0x0][0xc1][0x8f][0x4][0x80][0xfc]N[0x16][0xc8][0xcb]\P[0xbc][0x82][0xa5]![0xb9][0xbf][0xb4][0xcb][0x87]G[0x11][0xc8][0xc3][0x17]1[0x8b][0xd1][0xb1]U{[0xf0][0x84]I[0xa3][0xce][0x9f][0x15][0xf5][0xfc]`[0xcf][0xd5][0xf3][\r][0x98][0xd0]T[0x9c][\n]"
DEBUG wire -  << "[0x17]t[0x95][0xc0]k[0xcd]^[0xa1][0xc9][0x89][0xd5][0xbb][0x99][\r]i[0xe0][0x18]-][0xe4][0xad][0x4][0xf9]I[0xc5][0xc0]u<'[0x19][0x88]+K[0x8][0x9b]J[0xff][0x1a][0xa4]r[0x96][0x2]g[0xba][0xbd][0x90]&W[0x3]F[0xc0][0x18][0x89]0$[0x9b][0xe2][0x93][0xd8][0x94][0x9a]M[0xa8][0xd2][0xf1][0x0][0xbf]/[0x93][0x8][0xb1]A[0x10][0x9b][0xcb]t9[0x83][0xc9][0xaf] [0x8e][0xf2][0x98]$[0x82][0xd1][0xa7]i8[0x81][0x90]d[0x17]}"[0xb6][0xdf]E[0x14][0xc][0x86][0xb3][0x84]>[0xbc][0x14]$[0xe9]4[0xf3][0xed][0xd2]5[0xa0]H[0xcd][0xcc][0xac][0x88]3[0x8][0xfc][0x4]E[0x19]x[0xe0][0xd3]d[0x1b][0x15]T[0x17][0xcb][0x9d][0x6][0x11][0x1e][0xb][0x96][0xe4]8[0xc8][0xe4][0xaa][0x1b]J[0xe5]Lh[0xa2]&aca[0xa5][0x11][0xce][0xcb][0xe1]4?N[0xca][0xe3][0xbd]oA2[0xe0][0xfe][0x80][0xa4]~[0x9e][0x14][0xc4][0x0]><[0xe5]-[0xa5][0x8]3[0x7][0x9e][0x80][0x10]cVf[0xf0][0x1b]JaYJ]qF[0xeb]mB[0x86][0x8d][0x5].[0x1b][0xc2]o[0x9f][0xe6][0xf6][0xcb][0xf8][0xce][0xe4][0x4]9[0x8c]j[0x8],[0x91][0xa1][0xdc][0xaf]p[0x1c]Y[0xbd][0x8c]F[0xb5][0x1f]z@[0xf7][0xc9][0x2][0xae]g[0xbe][0xbc]Z[0x96][0x5][0x16]m[0xc3][0xb0][0xb3][0xb8]Mv[0x9b][0xb9]T[0x97][0x80]8;1.[0x90][0xc]$[0xe4]@[0x8e]e[0xd0]T`[0xd7][0xa6][0x1c][0xec][0x1b][0xea][0xa9][0x91]3N#5[0x13][0x8c][0xd5][0xe4][0xf8][0x94][0xf]#[0xa3]M[0x11][0xe1]Y3d[0xbc][0x1c][0x9a]_[0xe][0xa8][0x2][0x85][0xb8]V`=>[0x93][0xd3]_J[0xbc]:9[0xe7]P[0x9b][0xe4][0xcd][0xfb][0xe5][0xec][0xec][0xbd][0xaa][0xb9]@8[0x2][0xbd]K[0x88]>[0xca][0xb2][0xf2][0x1d][0x1] [0x18][0x1a][0xcc][0x3][0x95][0x18] [0xb3][0xf2]5[\n]"
DEBUG wire -  << "[0x92][0x8d]|:[0xef][0x87][0xce][0xdf][0xe2]![0xc]Xh[0x8d][0x2][0x14][0xd1][0xf][0xdd][0xbf][0xc5]sxi\[0xd9][0xdf]2\ [0xf][0xf7][0xf5][0x18]T][0x86][0x99]M'`U[0xe8][0xdc])[0xe8][0x13]P[0xc7][0x11]S[0x95][0x93][0xf4][0x4]9[0x7]^[0xbd]+[0xda][0x9f][0x9]}[0x9e]y[0x9a][0x8d][0x82][0x1c][0x84][0x86][0xb7][0x85]+[0x1][0xae]l[0xfe]KZ[0x86][0xa0][0x4][0xc9]#[0xd5][0xe]0[0xab][0xb8][0x15][0xbc][0xe0][0xa2]J0[0xa5][0xd7][0x81][0xc2][0x1]y/[0xd4][0x13][0x98][0x9d]([0xf5][0xad][0x9][0x99][0x17][0xed]8{[0xfe][0x9c]v[0xdb][0xdd]][0x12]K[0xd4][0xc7][0x88]M[0xce]+[0xa9][0xf5]%[0x90][0x85]x[0x82][0x18][0xe5][0xf5][0xc7]9[0xff][0x1][0xe][0x8b]v[0xac][0x1f]b[0xfa]k[0xd3][0xea][0x9d][0xec]2,[0xab][0x84]7[0xd3][0x84][0xf8]M[0xdc] [0xfb][0xf8]Pa![0x8d]H[0x12][0x1a]yob[0xc4][0xf8][0xc][0x4][0x17][0x18]IS[0xb1]Os[0x9a][0x6][0xa4][0xdb]~[0x15][0xb1][0xce]d[0x2]s[0xd0][[0x90][0x1c][0x91][0x99]o[0x3]]qH[0xe6][0xf9][0xb8][0x96][0x5][0xe9][0xc3][0xfd][0x9d]-[0xde][0x1d][0xda][0xc3].$[0xde][0xcf][0x8f][0xcb]t[0xf9][0xdd][0x8c]f-[0x96][0xa7]DVg[0xaf][0xdb][0xde][0xdf]i[0xf][0xad][0x1d][0x8d]n[0xc4][0x8a]'[0x83]x:[0x1a][0xac]FZ[0xbd][0xde]/#[0xa8]x2[0x9][0x99][0x9][0xc8][0xa4][0x18]%d[0xec]?][0xcb]O[0x1e][0x90][0xbf]j[0xa5][0x8]%*[0x96][0xb7][0x17]*[0xe5][0x6][0x99]?j7[0xe0][0xc5][0xc9][\r]l<s[0x1b][0xe8]nPP[0x8][0x82]{[0x83][0xac][0xfd]2}[0xca]i[0xad][0x10][0x95][0xab][0x1a]7>8T0,[0x82][0x91]4U[0xa8][0xd7]q~[0x10][0xbd]~[0xb2]R[0x99][0xc8][0x9f]e[0x93]m[0xb3][0xcc][0xec][0xa9]!eW[0x86]#[0x81][0xd0] $[0xf5][0xb3][0xa8][0x7]Q*[0xd1][0xbc][0xe4][0x88]][0xc0][0x87][0xf6][0xc2][0xb7][0xc0]&aL[0x91][0xdb][0xa3]:T7[0x9][0xea]_[0x82][0xfa]o+[0xa8]k[0x88]S[0xa5]~[0xf7]p~[0x98]|/U[0xf3][0xc8][0xb9][0x92][0xab][0x14][0x98]M^0m[0xba][0xc1][0xeb][0xe6][0xea][0x85][0x17][0xef]~[0xcf][0x1d]R[0xfc][0xd2]Vr%crf[0x10]du[0xd0]a[0x18][0xf1][0x13][0xf9][0xd9][0xb2][\n]"
DEBUG wire -  << "[0x14]+-[0xb2]H/[0xc7][0xe3][0x9][0xc6][0xae][0x9a][0x1d][0x8][0xe9][0x8][0xca][0x4][0x9a]N[0xc0][0xd5]^[0xfc][0xc0][0x86][0x8a][0xd1][0xf4]7[0xa6][0xe1][0xa0]L[0xe5]"8[0x92][0xa8][0xd0][0xa1]O[0x4][0xec][0x0][0xf][0x0][0x17][0xb1][0xc8]/[0xb3][0xa5]'!W[0x8d][0xd0][0x86]q[0x97][0xae][0xae][0x83][0xa0]N[0x99][0xf7]Z[0x1b][0xf6]o[0xc4][0xf1]L[0x3][0x9d][0xa6][0xc3]E[0xed]E[0xf]SN[0x1b]q2[0xcd]D[0xbe][0x8c][0xda][0x12][0xcc][0xf0][0xc4][0x86][0xec]^qV[0xa3][0xeb][0x16][0x14]\[0x85]][0x95][0xd2][0xc8][0xb2][0x10][0x8f][\r][0xca][0xa7]eT[0x93][0x8f]e[0xbd][0xbf]b[0xbd][0xc7][0xb2]^[0xf0]+[0x9f][0xc9];B[0xde][0xd3]T9[0xee][0xfe][0xa0][0x19][0x9a][0xe2][0xa3][0xd6][0xb1]>[0xd4][0xed][0xe2]JO[0xdc]r[0xf6][0xf5][0xeb][0xed][0xf7]r[0xea]/[0xfa]ZqM[0xa1][0xa6][0x9f][0xf4]k[0xef]8|[0xd9][0xaf][0xb9]][0xf1][0xe7][0xbe]6[0xb1][0xa2][0xa6][0xff][0xd2][0x87][0xb0][0xf7][0xc]b[0x4][0x88][0xc6][0xf]JW[0x8d]6[0xaf][0xff][0xf6][0xfa][0xd9]sS[0xb6][0xbd]q[0x87][0xf][0xd9]/[0xb2][0xc3][0xe][0xb2][0x93]% <o[0x9a]S[0xee]$[0x8d][0xe6]=[0xd0][0x18][0x9e]3[0xc6][0xa5]@u[0xf7][0xef]7[0xa0][0x9c]?[0xe4] t[0x10][0x8f]<7B]<[0x86][0xb5][0xa9][0xcf]Lq[0xce]O[0xe2][0xff]f[0xc4][0xcb][0x8e][0xab][0x0][0xe4]C[0xc7][0xc5][0xc5]E[0x18]A6[0xae][0x13][0xdf][0xb1][0x82][0x1a]f[0xa4][0xe]][0xbc]|.|[0xe7][0xc9] [0xf7]![0x1c]7[0xb3][0x84][0x8e][0xf5][0x5][0xe2][0x8a]o&[0xbf][0x1e][0xa3][0xba]?iM[0xd8][0xbc] [0x8d][0xbf][0x83][0xb3][0xf5][0xc8][0xe4][\n]"
DEBUG wire -  << "[0xf9][0xfd][0xb0]e^[0x6]Pv[0xe5][0xdc][0x93][0xb2][0x1c]W[0xee][0xba][0xac][0x7][0x1d]([0x1a][0xdb][0xc5]%[0xf8]{Kd[0xdd][0xe1]#[0x17][0xe5][0x93]Sp[0x3][0x81][0x94][0x1f][0x1c]G[0x81]o[0x81][0x8c]q[0xcb][0xe5][0xd0]][0xc3]hZB[0xfb]<[0xa7][0xd7][0x85][0xb7]r[0xf8][0xcd][0x9a][0xd1][0xdf][0xe5][0xbc][0x97][0xef]c[0xbc][0xba][0xf6][0xde][0x88]D[0xe8][0xce][0xbe][0x83][0xea][0x15][0xb7]3^[0xcc]_[0xce][0xb8][0x6][0xec][0x80]S"[0xb8][0xb7][0xac][0x85]AL[0xfb]a[0xd6][0xa6][0xac][0xf0][0x88][0xe8]{[0xe1]B[0x87][0xae][0xd3][0x99][0xad][0x8b] ^[0x9a][0xc][0xbf][0x1f][0xb7][0xe2]t<[0xc6]cp[0xee]![0xd7][0xcb]-q[0xd9][0x8f][0xfb][0x1e];[0xc][0xaf]t\LN[0xdd][0xc1][0xcd]/[0x8d][0xd2][0xf1]"[0xce][0xa8]AS[0xea][0x9a][0xe3]3[0x8b]^[0x1f]Z[0x9f][0xda][0xe7][0xcd][0xeb]_[0x8a][0xe3]EL[0xb]'h[0x85][0xde][0xdd]i[0x1e][0xc8][0xeb][0xdd]o[0xac]>B[0xd1][0xdd][0xea]|[0xf9][0xad][0xee][0xba][0xe8][0xd3]z[0xca][0x1]7[0xe5]][0xd7]}[0xfe][0xe9][0xe4][0xbc]_[0xad][0xbe][0xc1]?[0xbd]8[0xfc][0x18]?[0xec][0xf7][0x8b][0xab][0xad][0x8b]$[0x19][0xaa]i[0xcd][0xaf]_E[0xf3]Z[0xdd]R/[0xd7]i[0xaa]x[0xfd][0xd4]u[0xf]D[0x1f][0xa3][0xcf][0x3][0xf0][0x4]o[0xd4][0x1]&[0xdf][0xd4][0xf]t[0xfb]<[0x9e][0xce]W[0xac][0xb9][0xc6][0xa5][0xee]p[0xf9]Pq2[0xbf]AsK;[0xb0][0xe6]OE[0xb1]L[0xf2][0x9b][0xe9][0xe][0xfa][0xe6][0x8d][0xde]n[0x1e]@C[0x87][0xd0][0x9c]>[0x11][0xf9][0xf8][0xf1][0xf0][0xd3][0xcf][0xc0]cJ[0xd1][0xb2][0x89][0xbd][0x3]Ll[0xbc][0xd4][0xed]2[0x83][0xf0]vo[0x9c][0x17][0xac][0xde]+[0xe]@:q[0xa0]y q[0xe4]\[0xbb]Q[0xe9]77[0xcd][0x6][0xc6]W[0xf9][0x99],[0xcd][0x83][0x8d][0xd6][0x8f][0xec][0xfc][0xfc][0x88][0xfd][0xd8][0xca][0x8f]F9l[0xe1][0x19]'t[0xe6]I[0xe2][0xb9]x[0xe6][0x9][0x1e][0x95][0xf2]Bmm[0xa7][0xf5][0xf9]bO[0x1b]HH[0xdb][0xec][0xec][0xee]3y[0x98]dl[0xca][0xe3]R[0xb0][0xc4]1[0x5]<[0xf3][0x5][0x86]3[0xf6][0x8f][0xf7][0xc6]i[0x1a][0x82]h[0x13][0x4]n:[0xea][0xb6];O[0x8c]v[0xc7][0xe8]l[0xb3][0xce]^og[0xb7][0xd7][0xd9]%<[0x12]Q[0x8c][0xc0][0x10][0xe]!0[0xa4][0xfe]f[0xe4]cpl[0x8f][0x0][0x0]"
DEBUG RequestSpecificationImpl$RestAssuredHttpBuilder - Parsed data to instance of: class org.apache.http.conn.EofSensorInputStream
DEBUG RequestAddCookies - CookieSpec selected: default
DEBUG RequestAuthCache - Auth cache not set in the context
DEBUG PoolingHttpClientConnectionManager - Connection request: [route: {}->http://localhost:2064][total kept alive: 2; route allocated: 1 of 2000; total allocated: 2 of 2000]
DEBUG PoolingHttpClientConnectionManager - Connection leased: [id: 1][route: {}->http://localhost:2064][total kept alive: 1; route allocated: 1 of 2000; total allocated: 2 of 2000]
DEBUG MainClientExec - Stale connection check
DEBUG wire - http-outgoing-1 << "[read] I/O error: Read timed out"
DEBUG DefaultManagedHttpClientConnection - http-outgoing-1: set socket timeout to 10800000
DEBUG MainClientExec - Executing request GET /session/e9c2f5b492893b90288674161d6e7d46/element/0.01484094461664287-12/attribute/href HTTP/1.1
DEBUG MainClientExec - Target auth state: UNCHALLENGED
DEBUG MainClientExec - Proxy auth state: UNCHALLENGED
DEBUG headers - http-outgoing-1 >> GET /session/e9c2f5b492893b90288674161d6e7d46/element/0.01484094461664287-12/attribute/href HTTP/1.1
DEBUG headers - http-outgoing-1 >> Cache-Control: no-cache
DEBUG headers - http-outgoing-1 >> Host: localhost:2064
DEBUG headers - http-outgoing-1 >> Connection: Keep-Alive
DEBUG headers - http-outgoing-1 >> User-Agent: Apache-HttpClient/4.5.3 (Java/1.8.0_161)
DEBUG headers - http-outgoing-1 >> Accept-Encoding: gzip,deflate
DEBUG wire - http-outgoing-1 >> "GET /session/e9c2f5b492893b90288674161d6e7d46/element/0.01484094461664287-12/attribute/href HTTP/1.1[\r][\n]"
DEBUG wire - http-outgoing-1 >> "Cache-Control: no-cache[\r][\n]"
DEBUG wire - http-outgoing-1 >> "Host: localhost:2064[\r][\n]"
DEBUG wire - http-outgoing-1 >> "Connection: Keep-Alive[\r][\n]"
DEBUG wire - http-outgoing-1 >> "User-Agent: Apache-HttpClient/4.5.3 (Java/1.8.0_161)[\r][\n]"
DEBUG wire - http-outgoing-1 >> "Accept-Encoding: gzip,deflate[\r][\n]"
DEBUG wire - http-outgoing-1 >> "[\r][\n]"
DEBUG wire - http-outgoing-1 << "HTTP/1.1 200 OK[\r][\n]"
DEBUG wire - http-outgoing-1 << "Content-Length:95[\r][\n]"
DEBUG wire - http-outgoing-1 << "Content-Type:application/json; charset=utf-8[\r][\n]"
DEBUG wire - http-outgoing-1 << "[\r][\n]"
DEBUG wire - http-outgoing-1 << "{"sessionId":"e9c2f5b492893b90288674161d6e7d46","status":0,"value":"http://pros.unicam.it/s3/"}"
DEBUG headers - http-outgoing-1 << HTTP/1.1 200 OK
DEBUG headers - http-outgoing-1 << Content-Length:95
DEBUG headers - http-outgoing-1 << Content-Type:application/json; charset=utf-8
DEBUG MainClientExec - Connection can be kept alive indefinitely
DEBUG PoolingHttpClientConnectionManager - Connection [id: 1][route: {}->http://localhost:2064] can be kept alive indefinitely
DEBUG PoolingHttpClientConnectionManager - Connection released: [id: 1][route: {}->http://localhost:2064][total kept alive: 2; route allocated: 1 of 2000; total allocated: 2 of 2000]
DEBUG BasicClientConnectionManager - Get connection for route {}->http://pros.unicam.it:80
DEBUG DefaultClientConnectionOperator - Connecting to pros.unicam.it:80
DEBUG RequestAddCookies - CookieSpec selected: ignoreCookies
DEBUG RequestAuthCache - Auth cache not set in the context
DEBUG RequestTargetAuthentication - Target auth state: UNCHALLENGED
DEBUG RequestProxyAuthentication - Proxy auth state: UNCHALLENGED
DEBUG DefaultHttpClient - Attempt 1 to execute request
DEBUG DefaultClientConnection - Sending request: GET /s3/ HTTP/1.1
DEBUG wire -  >> "GET /s3/ HTTP/1.1[\r][\n]"
DEBUG wire -  >> "Accept: */*[\r][\n]"
DEBUG wire -  >> "Host: pros.unicam.it[\r][\n]"
DEBUG wire -  >> "Connection: Keep-Alive[\r][\n]"
DEBUG wire -  >> "User-Agent: Apache-HttpClient/4.5.3 (Java/1.8.0_161)[\r][\n]"
DEBUG wire -  >> "Accept-Encoding: gzip,deflate[\r][\n]"
DEBUG wire -  >> "[\r][\n]"
DEBUG headers - >> GET /s3/ HTTP/1.1
DEBUG headers - >> Accept: */*
DEBUG headers - >> Host: pros.unicam.it
DEBUG headers - >> Connection: Keep-Alive
DEBUG headers - >> User-Agent: Apache-HttpClient/4.5.3 (Java/1.8.0_161)
DEBUG headers - >> Accept-Encoding: gzip,deflate
DEBUG wire -  << "HTTP/1.1 200 OK[\r][\n]"
DEBUG wire -  << "Date: Mon, 14 Jan 2019 17:23:55 GMT[\r][\n]"
DEBUG wire -  << "Server: Apache/2.4.18 (Ubuntu)[\r][\n]"
DEBUG wire -  << "Vary: Accept-Encoding,Cookie[\r][\n]"
DEBUG wire -  << "Cache-Control: max-age=3, must-revalidate[\r][\n]"
DEBUG wire -  << "Content-Encoding: gzip[\r][\n]"
DEBUG wire -  << "Content-Length: 10131[\r][\n]"
DEBUG wire -  << "Keep-Alive: timeout=5, max=100[\r][\n]"
DEBUG wire -  << "Connection: Keep-Alive[\r][\n]"
DEBUG wire -  << "Content-Type: text/html; charset=UTF-8[\r][\n]"
DEBUG wire -  << "[\r][\n]"
DEBUG DefaultClientConnection - Receiving response: HTTP/1.1 200 OK
DEBUG headers - << HTTP/1.1 200 OK
DEBUG headers - << Date: Mon, 14 Jan 2019 17:23:55 GMT
DEBUG headers - << Server: Apache/2.4.18 (Ubuntu)
DEBUG headers - << Vary: Accept-Encoding,Cookie
DEBUG headers - << Cache-Control: max-age=3, must-revalidate
DEBUG headers - << Content-Encoding: gzip
DEBUG headers - << Content-Length: 10131
DEBUG headers - << Keep-Alive: timeout=5, max=100
DEBUG headers - << Connection: Keep-Alive
DEBUG headers - << Content-Type: text/html; charset=UTF-8
DEBUG DefaultHttpClient - Connection can be kept alive for 5000 MILLISECONDS
DEBUG RequestSpecificationImpl$RestAssuredHttpBuilder - Parsing response as: text/html; charset=UTF-8
DEBUG wire -  << "[0x1f][0x8b][0x8][0x0][0x0][0x0][0x0][0x0][0x0][0x3][0xed]=[0xe9]z[0xdb]8[0x92][0xbf][0xe3][0xa7][0x80][0x99][0xe9]X[0xea]&[0xa9][0xc3]gd[0xcb]=[0x8e][0xed]tg[0xbe]$[0xf6][0xc6]N[0xf7]f[0x1c][0xaf]>[0x88][0x84]$:<[0xd4]$eY[0x9d][0xf8]][0xf6][0x1d][0xf6][\r][0xe6][0xc9][0xb6][0xaa][0x0]^[0x12]e[0xf9]P[0xcf]~[0xbd]_g[0xa6]e[0x12]([0x14][\n]"
DEBUG wire -  << "[0x85]B[0x1d][0x0][0x8][0xec][0xad][0x1e][0x9d][0x1c][0x9e]:=f[0x83][0xd8]s[0xf7]W[0xf6][0xf0][0xf]s[0xb9][0xdf]ok[0xc2]7>[0x9e]il[0x18][0x8a][0x9e]s[0xd3][0xd6][0x82]~[0xb][0x80][0xe2]a[0xab]V[0xb][0xfa]C[0xd3][0x13]5?z[0xae][0xed][0xaf]@[0x19][0xc1][0xed][0xfd][0x95]g{[0x9e][0x88]9[0xb3][0x6]<[0x8c]D[0xdc]^[0xfb]x[0xfe][0xda][0xd8]YK[0xd3]}[0xee][0x89][0xb6]v[0xed][0x88][0xf1]0[0x8]c[0x8d]Y[0x81][0x1f][0xb]?nkc[0xc7][0x8e][0x7]m[\;[0x96]0[0xe8]Eg[0x8e][0xef][0xc4][0xe]w[0x8d][0xc8][0xe2][0xae]h74[0xc4][0xe2]:[0xfe][0x17][0x16][\n]"
DEBUG wire -  << "[0xb7][0xad][\r][0xc3][0xa0][0xe7][0xb8]Bc[0x3] [0xad][0xad])[0xa2][0xfa][0xde][0xb0]o[0x6]a[0xbf]v[0xd3][0xf3]k[\r]*[0xf3]l/vbW[0xec][0x9f][0xfd][0xeb][0x98][0xc1]N?[0x9c][0x9c][0xe1][0x8f]%[0xa2]HD[0x8c][0xfb]6;[0x13]!V[0x1b][0xb1][0xb7][0xbc][0xbb]W[0x93][0xc0]+,[0xf7]o/[0xb2]Bg[0x18][0xb3]x2[0x4][0xea]cq[0x13][0xd7][0xae][0xf8]5[0x97][0xa9][0x1a]sl[0xa0]8[0xea][0x19][0xc8][0xb1][0x11][0xef][0xb]C[0xe5][0x14][0xb1][0xe0][0xbf]k[0x1e]2[0x11][0x86]A[0xd8][0x89][0xe2][0xb0][0x13]t[0xaf]X[0x9b]}[0x9d][0x81][0xc2]k[0xa1][0xf8]m[0xe4][0x84][0xc2]^c-[0xb6][0xe6]D,}[0xd7][0xcb][0xe1]='[0xf2]xl[\r][0x8][0xde][0xe][0xa0]9~[0x10]3[0x99]4[0xa7][0xc8]5w[0x1d][0x9b][0xc7]N[0xe0]'[0x95]`[0x11]J][0x9b])q[dIM[0xb6][0xb1][0xd8][0xc4][0x95][0xbd]U[0xc3]`[0xe7][0x3][0xc0][0x14]9[0xb1]`[0xf0]7[0x18][0xc6][0x8e][0xe7][0xfc].l6v[0xe2][0x1][0x8b][0x7][0x82]}[\n]"
DEBUG wire -  << "x[0x14][0xb3][0xb3][0xe3][0x13]6tG}[0xc7]g[0xd7]/[0xcd][\r][0xe8][0x1a][0xec][0xc2][0x8][0xfa]p[0x82][0xf9][0xa6][0x15]x[0xb5]q[0x10][0xda] yQT[0x93][0x90]Q-[0x12]A[0x8d][0x19][0x6][0xc8]hN[0x9e]l![0x89][0x81][0x86][0xe4]D[\n]"
DEBUG wire -  << "[0xfb][0xfb]Z[0x84]N[0xcf][0x1]^`[0xbd]V[0x10][0x86][0xc2][0x8a]}[0xc0][0xc7][0x82][0x1e][0xf3]Fn[0xec]@[0x9f]M[0x4]p[0x95][0xbd]:}[0xf7][0x1e] \[0x97]w[0x83][0x90]x[0xc2]l[0x87][0xf7]C[0xee]E [0x88]l[0xc8][0xc3][0xd8][0xb1]F.[0xf4][0x1f][0xb5][0x3][0x88][0x1a][0x2].[0x16][0x7],[0xe2]=[0x81]8u[0xe6][0xc1]/v[0xbf][0xed]D[0xa1][0xe8][0xf3][0xd0]v[0xfc]>[0x8b][0x82][0x91]oS[0x9d]/[0xb8]7[0xdc][0xcd][0xde]M[0xad][0x6][0xcd][0xc8][0x4][0xda][0xe2]~[0xe0]; [0xeb]S"[\r][0x82][0x1e][0x99]#[0xcc][0xf1]L'[0xae]E[0xeb]5[0x8d][0xd5][0x12][0x6]@[0xe6]P[0x84][0xf1][0x84]F[0xa6][0x1b][0xe0]H[0xc9][0xb1]@[0xf8][0x1d][0x1c][0xbc][0xe5][0xd0]([0xcd]9Xj [0x96][0x9e][0x3][0x8d][0xc3]b[0x8a][0xbb][0xb]G[0xd3]<d[0xd6][0xe][0x9b][0xd3][0x9c]Q[0xe8][0xe6][0x9a][0xf1][0xe0]n[0xc3][0xa1][0xd2]AI[0xce]!y$c[0x1d][0xf][0x9a][0xb3][0x90][0x96][0xf1][0xd0]P[0x10][0xb5][0xd1][0xd0][\r][0xb8][0x1d][0xd5][0x9a][0xf5][0xc6]6[0xe8]K [0xd3][\r][0xfa][0x81]9[0xf4][0xfb][0xb9]*[0xe4]([0x8b][0x81][0x8f][0xb1][0x8][[0x16][0xf0])WE4[0xf2]<[0x1e]N[0xe6][0x82][0xff][0xf9][0xfb][0xba][0xd8][0x9e][0xa7][0xe][0x84]"[0xb6][0xa5]wX[0xde]T[0xad][0xf1][0xe1][0xd0][0x5][0x1c][0xc8][0xb0][0x9a]k[0xff]p[0x15][0x81][0xa6][0xdf][0xff][0xaa][0xfd][0x9d][0x90][0xdd][0xc4]ZKKtnd[\r][0x84][0xc7][0xd1]rj[0xba][0xf6]wR[\r]-[0xed]$[0xec]s[0xdf][0xf9][0x9d][0xca]C2[0x8a]yk[0xe][0x85][0x90][0x1d]A[0xc3][0xe]"[0xad]u[0x91]"[0x1d][0x8f][0xc7][0xe6]$[0x18][0xc5][0xa3][0xae] u[0xe]^[0x81][0xef][0xb][0xb7][0xf6][0xf1][0xb0]s[0xf8][0xdb][0xcd][0xbb][0xf8][0xa8][0x17][0xfe][0xf4][0xcf][0xf1]I[0xff][0x9f][0xbf]u[0xbb]u[0x11][0xf4][0xb5]K[0xa8][0xdb][0xb1][0xe7]V[0xf2]<([0x12]Dc[0xa6][0xb5]p[0xac][0xe8][0x1a][0xb2][0x8][0x0][0xb5][0xdb][0xcc]l[0x91][0xa5][0xaa][0xcd][0xd8]"[0x93][0x8c]KN-[0xaf][0xd9]~d[0xa0][0xf7]#[0xc8][0xb6][0x92]f^[0xab][0xd5]<~c[0xd9][0xbe][0xd9][\r][0x82][0x18],9[0x1f][0xe2][0xb]4q[0x8d][0x15]t[0xfa][0x9c][0xc2]=`d[0xf6][0x83][0xa0][0xef][\n]"
DEBUG wire -  << ">t[0xa2][0xfb][0x97][0x8c][0xcc]1[0xf6][0xd1][0x14][0xb0][0xc6]][0x90]%[0x9f][0xc7] I[0xd2]G[0xc9]w|[0x18]E?[0xdc]x[0xa0][0xa1]Hr[0x17][0xaa][0x16][0xf6]"[0xe4][0xbf][0x8d][0x82]][0xf6]Z[0x8][0xfb]nS[0xd4][0x3][0x8][0xa5][0xd5][0xfe]`Z[0xe][0x3][0xcf][0x3][0xe9][0x8f][0xee]A[0x94][0xa5]@s[0xd4][0x81][0xb]x[0xa7][0x7][0x87][0x10][0xcf][0xc6][0x8e]o[0x7]c[0xb3]3[0x1e][\n]"
DEBUG wire -  << "/[0xb8]r[0xce]D[0x1c][0x83][0x86][0x88][0xd0]A[0xd3][0xba]<[0x12][0x1f]S[0xe9][0x8f]Z[0x9f]k[0x9f][0x93][0xae][0xf8]\[0xa3]![0x1c]}[0x86][0x8a]C[0xf1][0xb9]F[0x85]?[0xc3][0xc8][0xfc]\[0xdb]n[0xde]l7?[0xe3][0xd0][0x90]c[0x8d][0x6])[0x8c][0x93][0xeb][0xfe][0xc3]qA![0xc2][0x4][0x8f]%2x[0xc2][0xf7]`[0x14]Z0[0x8][0xbe]j0[0xa6][0x81][0xc9]T$[0x19]@[0x88][0xba][0xc8][0x9d][0xcf][0xa8]J[0x1c][0xdf]rG6Vs[0x15]Q[0x2][0x15]2[0xa0][0xf7][0x4][0xb4][0xd3][0xf4]`[0x14]\E?[0x82]vno[0x9a]u[0xb3][0xa9][0xdd][0xde][0xee]"[0x83]V{#[0xdf][0xc2]^[0xac]p[0xbd][0xab][[0xd5][0xaf][0xc9];[0xb3]1[0xa5][0xfa][0x15][0x9d][[0xab]}[0x16][0x87][0xc0]7[0xb3][0x17][0x6][0xde]!D[0x1][0x87][0x81]-v][0x13]<[0xb][0x1e]~[0x0][0xa5]\[0xa9][0xeb]u[0xfd][0x8b])][0xfc]/[0xe6]@8[0xfd]A\[0xd5]][0x13][0x9c]y[0xf7][0x1c][0x18]U[0xb1]L[0x94][0x98]I%[0x6]7R[0xe7]U[0x0][0xaf]Ww[0x11][0xb7][0xdd][0xfe]b[0xc6][0xc1][0x11][0x8f][0xf9][0xc7][0xf]o+[0xd5]'`[0xed][0xe6][0xb0][0x8a])[0xac][0xa1][0x88]G![0xb4][0xa9][0xdd]n[0x8b][0xdb][0xb4][0x89][0xa2][0xc2]e[0x3][0xbb][0xbb]N[0xaf][0xb2][0xea]~[0xfb][0xb6][0x9a]![0xaf][0xca]2[0xab][0x8d][0xdd][0x8][0xd4][0xba]5[0xa8][0xb8]&[0x8a][0xd8]+[0xe0]&[0x8c][0xb][0x14][0xb8]`[0xa8]!1[0x1][0xaa][0xf8][0xad]z[0x9d][0xad]7[0x87]7[0xec] [0x84][0xe8]F[0x83]&~[0xb5][0x0]R[0xeb][0xb9][0xbc][0xaf][0xb5][0x14][0xaa]J[0xb7]mW.67[0xd7]7[0xb7][0xf4][0xcd][0xad][0x9d]&[0xfc]&[0xcf][0x8d][0x97][0x97]z!g[0xa7]Y_/dW[0xab]/^[0x14][0x10]l[0xaf][0xaf]7![0xaf][0xd1][0xdc][0x81][0xdf][0x8d][0xe6]z[0xf6][0xdc][0xd8][0xc9][0xa5]7[0xb2][0xe7][0xf5]z9[0xfc][0xc6]vV9a[0x95][0x95][0xe7]@[0x8b][0x9][0x80][\n]"
DEBUG wire -  << "[0xa2]1[0x95][0x0]5-[0xc0][0x1]uV[0xf5][0xd5]nu[0x97][0xd8][0xa4]$\uS[0xda]J[0x84][0xdc][0xde][0xaa][0xeb]/[0xb7]_6[0xf5][0xad][0xcd][0xfa]z[0xc2][0xa5]$[0x83]p[0xe6]r[0x11][0xe5]m[0xd2]qYG[0xf7][0x92][0x8e][0xb6][0xda]][0xd3][\n]"
DEBUG wire -  << "[0x5][0xc][0xa9]cW[0xa0]F[0xa9]hJ][0x0]!f[0x14]Zm[0xae][[0xa6][\r][0x1a]:l[f[0xb9]b[0xd1][0xbb]f_[0xc4][0xaa]|[0xf4]jr[0xce][0xfb][0xef][0xc1]fU4[0xc][0x96][0xb5][0xea]E[0xfd][0x12][0xa5]R[0xf8][0xf6][0xe1][0xc0]q[0xed][0x8a]U[0xbd][0xc5][0x9a][0xfb][0xfa]@w[0xf4]+[0xfd][0xcb],[0x5][0x10]#[0x0]r[\r]$[0x1b][0xa4][0x16]P[0x1f]JC[0xfe][0xe2]E[0xfe][0xad][0xa2]5[0x1][0xf9]n/[0x8]+W[0xed][0x83]0[0xe4][0x93][0x8a][0x14].]1[0xaf][\n]"
DEBUG wire -  << "[0x84]G[0xa3]![0x86][0xe0]Q[0xfb][0xab][0x80][0x91]>[0x81]a[0xe1][0xf7][[0xab]u={;[0xbe][0xb1][0xc4]0~[\r][0x5]![0xfd]Vw[0xda][0xf5]]g[0xef][0xca]t[0x85][0xdf][0x8f][0x7][0xbb][0xce][0xf]?T3,[0x17]W[0x17][0xce][0xe5]e[T[0xf0]o[0x1e][0xbd][0x99][0xe1]k[0x97][0xa6][0xbe]x1[0x8d]E[0x97][0xc4][0xae][0xb6][0xdb][0xf8][\n]"
DEBUG wire -  << "[0x92]\Z.[0xa3][0xae][0x1c]o[0x96]?[[0x3]u[0xe0][0xd3]P[0xae][0xe6] [0x90]\h[0xf2][0xd1][0xc9][0xbb][0xf][0xd0][0xad][0x93][0xf6]j[0x3][0xde]B|<[0xe4][0xae][0xdb][0xe5][0xd6][0x97]v[0xaa]:a[0xac][0xe7][0x0][0x81][0xad][0xa5]5}[0xfb]V[0x19][0x14][0xcb][0x14][0xd0]U[0xaa][0xb7] Y[0xdc][0xb6][0x8f][0xaf]A*[0xde]:[0x11]x[0x86]"[0xfc][0xb1]2[0x9b]V[0xd1][0xa0][0xb2]C[0xe9]:[0xbe][0x5][0xbf][0x11][0x8c]'[0x8][0xd7]j[0xa3][0xaa][0xf3][0x12]X[0xf4],U~[0xb5]U[0x1][0x88]8[0xe6][0xd6][0x80][0x80]*Z[0xe0][0xab][0xec]*[0xd6]][0xcc]![0xea][0xa2][0x18]$[0x15]]<ph[0xf5][0x1c][0xf1]`[0x99][0xbc][0xa1]+[0xc0]![0x0][0x95][0xda][0x95]-9CX[0xec][0x98][0xe9]vU[0xab]:q[0x9f][0xcc][0xda][0xb7]o_o[0xf5][0xbe][0x99][0xb3]l?[0xf6]*[0x85][0xf7]j[0xab]o*[0x83][0xfd][0xe2]E[0xdf][0x8c][0xc7][0xea][0xb1][0x82]p[0xea][0xad][0xaa][0xe3][0x8b][0x82][0xaa]V[0xab][0xb7][0x15]i[0xea]u;[0xb0]F8[0xac][0xf4]9[0xa6][0xbf][0x8a]f/[0xf3][0x18][0xd1][0x8b][0x88]'[0xae][0xc8];[0x11]V[0x14][0x81][0xf7][0xe0]x[0x88][0xdf][0x88]<[0xc7][0x15][0x13][0x9d]^[0x9][0x11][0xfb][0xba][0xf2][0xc][0xc2][0x8d]![0x84]1-[0x88]S[0xd0][0x16][0xb0]U[0xc7][0xc3][0xde][0xe6]~[0xc][0xd8]![0x9a][0xb1]![0x8]`[0x10][0xf8][0xcf][0xe4][0xdc][0x18][0xd1][0x80][0x3]Ye[0xb9][0xd2][0xbe][0xb5]XCx[0xc5][0xc]2[0x80]%[0xe9][0x10][0xa1][0x81]s[0xdb]buf[0xd6][0xb7][0xa7]3A[0xec]b[0x9c]w0[0xb8][0xeb][0xf4][0x1][0xc8][0xa8][0x9b]3[0x8][0xb0]{[0xfa]!FGe[0xf4][0xc]A[0x96]P[0x0][0xfe]|[0xfa][0xed][\n]"
DEBUG wire -  << "p[0xf]YV[0xf0]l)%[0x1a][0x8][0x11][0xaf][0xe1][0xd4][0xd9][0x1a]p[0xae][0xeb][0x6][0xd6][0x17][0xc3]u[0xba]!D[0x92][0x6]0u[0x8d])[0x97]wn<[0x94]81[0xd8][0x5]5`r\+ [0x91][0xf5][0x92]/[0x3][0x0][0x99]3[0xb3][0xa6]"[0xa3][0xa4][0xf7][0xd6] .[0x84]P[0x12]B%[0xd7][0x9d]v[0xc1][0xa7][0x9][0x1d][0x88](v[0xb8]a[0xb9][0xe]js[0xa3][0xcb][0xc3][0xfb][0x91][0x9a][0x84]n[0xc9][0x1c][0x16][0x84][0xbb][0x9e]p"W[0x18]82 [0xa0][0x1][0xc7]8[0xe8][0xf6]n:^`[0x8f]\lR[0x92]l[0xb8][0x10][0xa9]Z[0x93][0x1a][0x7][0xef]8[0x96]M[0x95]D[0xd4]rD,[0xaf][0x81]6[0x8f][0x6][0xe]P[0x1b]=[0xa6][0xb][0x92][0xb2][0xcb][0xe5]9[0xf2][0xc5][0x90]|1[0x86][0xa3].[0x12]f[0xc0][0x98][0x1d][0x19][0x92][0xce][0xfa][0xc][0xa5][0x18]w[0xce][0x9][0xce]([0xee]2[0xf8]XD[0x81]'j[0x1b][0xe6][0xb6]Y'[0xd2][0xf3][0xc9][0x5][0xea][0x9b][0x0][0xb2][0xfe][0x7]R[0xdf][0xf8][0x83][0xe4]'[0xab][0x82][0xda][0x7]5C[0x0][0xb6][0xbc]V[0xa5]|}[0x18][0xf9]Dv*[0xc0]J[0xa4]S\Di[0xfa]V[0xe8][0x86][0xc6][0x92][0x6].[0xf5]s[0xe4][0xfc].[0xee])[0xdf]w[0x12][0x9e][\n]"
DEBUG wire -  << "[0xe]![0x9c][0x12][0x1b]P[0xa0]/[0x9f]Bp^"[0x97]@kA[0xee][0xef][0x94][0xf8]%[0xb1][0xba]C[0xc9]O[0xa1]|V}[0xdf][0x97][0xab][0xd2]F[0xcf][0xd0]"[0xcd][0xaf]$i[\n]"
DEBUG wire -  << "[0xc5][0xfe][0x8a][0xa9]$[0x4][0xe2]4[0xd4][0xa8]:[0x9b]J`[0x18]Y[0x82][0x83][0xad][0xfe]t[0xa2]A0[0x1c][0x82][0xc1][0xeb]X<[0x8c][0x99][0x89][0xbf][0x1d][0x17]l[0x10][0x1a][0xfc]g9[[0x9][0x8d]s[0x3][0xb0][0xef][0xcf][0xd7][0xb7][0xd6]7[0xd7][0xb7]![0xf3][0x16][0xfe][0x9b][0x83][0x9c][0x99].[0xef][\n]"
DEBUG wire -  << "[0xd7][0xe8][0x81][0x9f][0x85][0xfe][0x7]x[0xc][0xc3]Q|A[0xc4]F[0x10][0xe7]Z[0x83][0xcb][0x96]1[0x16][0xdd]/[0xe][0xf4][0xdd]([0xc6][0xd5]/WV[0x98][0xa4][0xe6][0x9d][0x6]P[0x14][0x80][0xb2][0x8e][0xff][0x83]P[0xf3]%[0xfc][0x83]?9:[0xee][0xdb][0xe4]{P[0xb5][0x98]][0x4][0xc7]  [0xf1]L[0xfc]1[0x90];[0xc3]VW[0xc0][0x8b]XX[0x1a]D[0xc6][0x1e]YO[0xc5]R[0xe8]2UHr/[0xe9][0xa3][0x1e][0xfd]C[0xde][0xb0]'uR[0xa1]KP[0xc8][0xc][0xec])%[\n]"
DEBUG wire -  << "[0xaa][0x96][0x9c][0x9b][0xc4]Jz[0x83][0xf1][0x92][0xf6][0xa8][0x7][0xc3][0xe7][0xd7][0xcc]u[0x18][0x9f]G[0xfd][0xc][0xae][0xd6] [0x80][0x1]t[0xf][0x8c][0x12][0xb0][0x88]W[0xd0]?)[0xb9][0xf0][0xb][0x84]!s[0xa0][0x4]a[0xb0][0xc3]`[0x8][0xe2][0xe6][0x93]U[0x3][0x1c][\n]"
DEBUG wire -  << "[0xc3]>4[0xe0]N[0xb0][0x1e][0xb8][0xde][0xd1]b0[0xe]1[0xc4][0xb5][0x98][0x81][0x93][0x89][0xec]}$|[0x1][0x19][0xdd][0xc0][0x9e][0xb4][0xfc] [0xae][0x98][0x3][0xd0]w[0xd5][0xb4]<[0xc4][0xee]|[0xe4][0xc6]S[0xf8]LY[0xa9],[0xd0][0x8d][0xfd][0xea][0x12][0xd1][0xa8][0x9e]X[0x12]2b""K{[0x18][0x99][0x84][0xcb]3[0xe8]P[0xf7][0x19]7=[0x10][0xf2][0x18][0xe2][0xf7];[0xb2][\r][0xd4][0xe5]y[0x0]%[0xe7]9Z[0xcd][0x1][0x8f][0xc]nY[0xa0][0xa5][0xa5][0x14][0x93][0x84][0xe0]z[0xaf][0x92][0xe9]:o[0xbe][0xdc][0xe4][0xbb]J[0xbd]a[0x89]![0x7]OE.[0xd4]D[0xe0][0xa1][0x98][0xd6]([0xc]1[0xd2]b[0xf3]rTc[0xe6][0xe7][0xe7]DSFMF[0xa1][0xf2][0xac][0xee][0xee]([0x8e][0x3]_O[0x9f]r[0xed][0x18][0x7][0x1][0xcd][0xe]Ch[0x9][0xc2][0x1f][0x82][0x9a][0xee][0x10]*&![0xe5]([0xd6][0xa2]Q[0xd7]sb[0xed][0xf2][0x11]E[0xb2][0xba]l[0xe7][0x1a]BBTS[0x11]Y8[0xe][0xc6][0x7][0x95][0x88]J[0xc2][0xdf][0x2][\n]"
DEBUG wire -  << "[0x89][0xe1]2[0x5][0x90][0xef][0xcb][0xc3][0x94]Q[0x96]SX[0x9a],'[0x9b]Z[0x96]^^*[0xcf][0xa0][0xb2][0xf4][0xa9]R[0xcf][0xa5]^T-bw[0x8a][0xc7][0x1d][0x99][0x89][0x84][0xdc][0x5][0x92]u5[0xc][0x12][0xfc][0xcf][0x18][0x86][0xe][0xae]N[0x96][0xa5][0xb5]P[0xf2]K3r[0xa3]a:+G[0xc4]t[0x96][0x1c][0xa3][0xa5]y[0xe6][0xe2][0xbc];0'[0x10]s[[0xd7]*[0x0][0xdc]A[0xdc]b[0xf2][0xf3][0xa3]^Z[0x8b][0xc8][0xb1][0x5]j[0xa2]`([0xfc][0xb4][0x10]xq[0xa2][0xc][0xc8]r!c![0xd4][0xc][0xaa][0xf9][0xb5][0xce]"|[0x0][0x85][0x99][0x86][0xbc][0x7][0xda][0xc][0x96],[0xbc][0xb2][0xf3]y[0xf9]Q8[0xc6]A[0xf8][0x5][0xf4][0x14]X[0xef]^[0xe0]:[0x81][0xe1][0xc4][0xc2]k[0xf9][0xf1][0xc0][0xb0]h[0x12]w[0xcb][0xff][0xa1]QUnBb[0xb5][0xc][0xe9]'&O[0x89][0xcf][0x9b]9[0x15]r[0xc0]E[0xc9]C[0xaa]u3W2[0xaf][0x84][0xa7][0x1d][0xcc]T[0x1f][0x97]x[0x9e]3[0xba][0xf9][0xef][0xe4]0[0xb3][\n]"
DEBUG wire -  << "[0x4][0xc9][0x86][0x9a].[0xda][0xde][0xda][0x19][0xde]T[0xd9]WF&[0xfe][0xd9][0x1d][0xb6]h[0xdf]u[0xf6]s[0x96]a1h[0xca][0xd5]R[0xeb][0x9d][0x1a][0xee]Y[0x13][0xce]J[0xaa]y@[0xd9][0xd9]z%g[0x13][0xc]q[0xd0][0xef][0xbb]bA[0x15]yG[0x82]9[0xd2][0xf8]df/[0xcf][bnb[0x80]R[0xd3][0x9e]3[0x1e][0x6][0xa8],0[0xf3][0xca]$a[0xee][0x85][0xe5]Bx[0xf6]_m[0xad][0xe7][0x1a][0xda]eU9[0x3]JL[0xad]0[0x0][0x97]1[0xe][0xd0]WSY[0x5][0xc2]U[0x1a][0x89]qU_P[0xa9][0xb9][0xa0][0xd6][0x7]V[0xca]m[0xbb][0x13][0x7][0xe4]Gw$[0xe6][0xea]r-^[0xa9][0xad]a[0xf3]LW[0x99]2[0xd3]3Gf:|[0x98]o[0xea][0x97][0xa3][0xef][0xd2][0xb1]X[0x16][0x94][0xd5][0x19][0xae][0xfb][0xe1]u[0x16][0xf6][0xbb][0xbc][0xd2][0xa8][0xeb][0x1b][\r][0xfd]e][0x87][0xd8]v[0xa3][0xaa][0xd7][0xd9]:[0xe4]5[0xe0]?[0x3][0x81][0xa6]A[0x9a][0x8][0x81][0xb9][0x9b][0xe5][0x18][0x9a]4cM[0x8a][0xe0][0xdf]]i[0xe2][0xf8][0xa1]{[0x89][0x81][0x6]G[0xf]-[0xe9][\r][0xa6][0x92][0x95][0xda]K[0xd2]K[0xd4]V[0x99][0xc2]z[0x8a]h?t@[0x95][0xc8]v[0x99][0xcf][0xfe]o[0x1a][0xd8][0xcb]v'[0xef]v[0xe7][0xee]v[0x11][0xef]r[0xea]f[0xc3][0x87]{[0x8d][0xba][0x9c]%[0xbf][0xd3]![0xfc]?u[0xcf][0x1e][0xea]9[0xb1][0xfb][0xa8][0x92]G[0xfa];w[0xba][0xbd]sg[0x82]`[0xf4]n[0xa0][0x2][0xd8][0xc2][0x11][0xde][0x80]!>=[0x84]7h[0x88][0x13][0xcc]z6[0xc6]qG[0x85][0x1a][0xe0][0x90][0xbb][0x83]*[0x2]g[0x92][0x8c][0xcd]R[0x1d]Q[0xae]x[0xa6]*[0x9e])[0xb7][0xac][0x9a][0xf3][0xb3] ym[0x94]M[0x13][0x99][0xe][0x8e][0x12][0xe8]B[0x1]z[0x88][0x92]q[0x18][0xc1]`$%[0x94][0xf3][0x9b]h[0x7]N+[0xd5][0xde][0xfd][0x90][0xdb][0xb8][0xd2]R[0xc1][0xd9]C[0x1e][0xea][0xae][0xe8][0xe1][0xbe][0xc2][0xa1][0xce][0xe8][0xa9][0x1b][0x80]\{:nv[0xa9]([0xcd]U[0xd5][0xe3] }[0xae][0xea][0x8f]Ad7[0xf1][0x12][0x91]z[0x96][0xcd][0x9c]O[0xa7][0xc4][0x9a][0xd5]RF[0x8c]>[0x17]XV[0xa2]'[0x95][0xcd][0xa9][0xeb]^u[0xdc][0x7]w[0xd2]=R[0xf3][0x15][0xb5]`[0xc8]}[0x90]m[0x14][0xeb]*[0xfa]_[0xe9][0x8c]G[0xf9][0xcc][0x92][0xeb][0x98][0x81]oD[0x82][0xd6][0x9a][0xa7][0xa6]lr[0x13]Ufo[0xe4][0xe2]w[0x4][0xa1][0x10][0xd2]I,[0xa9]nqm3X[0xd8]<ora[0xcb][0xd2]P [0xaf]5[0x16][0x16]J[0xe7][0xef][0xb0]6C[0xaa][0xd6][0xfc][0xc4][0xc8][0xb3][0xc2][0x94]H[0xc2]ee[0x8c]{[0xe]n[0xcc]K;[0x86][0xbc][0xfd]g[0x85]u[0xdd][0xe9][0xae][0xdb][0xd8][0xb4]E_WCnkGo[0xbe][0xd4][0x1b][0xeb]M[0x1d][0xa2][0x9b][0xfa]w[0x94]\i[0xae]o[0xe8][0x9b][0xdb]z[0xa3][0x1]i[0x8d]z[0xfd][0xbb][0xea].[I[0xe6][0xb8]!\Q5'[0x8][0x93]`%[0xf5][0x9f][0xf9]N[0xc3][0xde][0xd9][0xd8]ei[0x81][0xa9]pg[0xba][0xfc]l[0xdc]S[0x16][0xf1][0xe4][0xb1][0xb2]Y[0xcc][0x12]n[0x86][0x96][0xe3]M[0xfc][0xdf]|Zf[0x10][0xdc][0x8f][0x98]<[0xda][0x95][0x19][0xcb]!m=[0x82][\n]"
DEBUG wire -  << "[0xdb]H[0xfc][0x8d]D[0x8][\r]T[0xc][0xb9][0xd7][0x90][0xf6][0xb4]e[0xef]W[0xa3]([0xa6]U>[0x95]&W[0xfd] [0x18][0xad][0xea][0xac][0xd4][0xbe][0x13][0x94][0x94][0x1a][0xe5][0x10][0x0]d[0xb9]S[0x3][0x81]&4[0x3]e[0xae]0[0x1][0xa6]b[0xa8]<[0xe4]+[0x19][0xb0]N[0x1]*[0xf3][0x9f][0x4]][0xdd][0xfb][0x3][0x99][0xdc][0x8d][0xe7][0x1]>[0xc7][0x8d][0xdd][0x81]o3[0xe5][0x82][0xa8][0x19][0xa5][0x2]=2[0xd2][0xc6][0x9]Nc[0x18]D[0xf1][0x14]&[0x15]}[0xbb].[0x87][0xb1][0xc0][0xdd]H[0xad][0xdd][0xc4]A,_[0x6][0xc2][0xfa][0x12][0x8c]b[0xa3][0x8c]`#[0xc9]e[0xcf][0x87]|[0x82][0x1b]G[0xe0][0xc1][0xe5][0x96][0x90]3[0x82]S[0xc0][0x8a][0x83]3[0xae][0xe2][0xdd],Y<)[0xc9][0x1e]5[0x9f]P[0xac][0x86][0xa7][0x1d]i[0x91][0x18][0x8f][0xc1];[0x97][0x92]P[0xa4]flY`'9[0xf0][0x6][0xb8][0x89][0x92][0x95][0x96],[0x81][0xe6][0x12]|[0xaa]y[0xb4]Z[0x93][0xe7][0x81][0xb2][0xbd]#[0xe8][0xc7]iV,)[0x82][0x94]x[0xca][0x9a]K[0xa2]5[0x9d][0x1b][0xf3].[0xae]4N:[0xaa][0xc7]$[0xf7][0xf3][0xac][0xc3]Q[[0x1c][0xa4]*1[0x19][0xa4][0xb9]W[0x1a][0xa4][0xf2][0xfd][0x8f][0x1a][0xdd][0xc5][0x80]"[0xe7]b[0x96][0xe7][0xc8]P[0xe2]+S{t0[0xf0]h5[0xc0][0x95][0xda]ei[0x92]t>[0xa6]S[0x91][0xc0][0xd6][0xfa]z![0x8d][0xa8]T[0x89][0xb7][0xe9][0xb3][0xbf][0xf4][0xd9]_[0xfa][0xec]O[0xa7][0xcf][0xca][0xc6]Rq[0x18]eK[0xc5][0xf8][0xa5][0xae][0xec][0x92]q[0x88];[0x95][0x81]|[0xd0][0x4]"[0x9d]$A[0x8e][0x3][0xb1][0x92][0xe1]E[0xd9][0x90]2n[0x14]&[0x0]Je[0x9b][0x93][0xf3][0x9e]#[0xf0]9[0xf8][0xf3]0*p[0x86][0x8][0x1a]w[0xe1][0xd8][0xff][0xd5][0xce][0x95][0xea][0x80][0xb2][0x81]_[0xe9][0xce]^[0xce][0x91][0x88][0xb2]rjf[0x2]+[0xbd][0xbc]C[0xb0]$[0xc1][0xd4]9[0xf9][0xb5]}[0xd9]7[0xc5][0xfc][0xa9]2[0xd4][0xa3][0x89][0xee][0xb2][0xc9]Q[0xf]\T[0xc1]J=V[0xef]B[0xb8][0xb8]p)[0xb][0xa7][0xd8]\Z[0xc1][0xff][0xb][0xfb][0xa5][0x16]}1[0x14][0x18]E-4@[0xb7]+[0xe9]R[0x86][0xe3]gK[0x19]/[0x87]7U[0x8a][0x86]p[0xba]D[0xa8][0x18]"[0x9][0x82]"[0x8f][0xbb]n[0x16]H[0xe1]GH[0xfa][0x2][0xd8][0xc]h[0xd0]([0x14][0x94]9[0x6][0xd4][0xad][0xd4][0x95][0xc4][0xe4][0xc1]0g[0xea]cZSE[0xa6][0x8c]B[0x8][0x9][0x9f]n[0x1a]S1[[0xfa][0xde]b[0x1b]Mh[0x16][0xad]&[0xdc][0xae][0xac]$D[0x1][0xcb][0x86][0xa8][0xde][0xa1][0x7][0x1c][0x97][0x2]9[0x88]B[0xa9][0xb5]F[0x14][0xa7]s[0xad][0xb8]I@[0xc8][0xaf][0x4][0xd4]z[0xd0][0xb3][0xbc][0xc1]g[0xdb]u[0x89][0x1a][0x10][0xdf]gO[0xae][0xda]:E[0x1f][0xaa][0x95]n[0xb1],[0xfb][0x84][\r]7S[0xfd][0xd8][0xe3][0x9e][0xe3]N[0xda][0x1f][0x2]p*[0x82][0xef][0xd6][0xf][0xd6]!,l[0x1e]n[0xd0][0xef]&[0xfd]n[0xc3][0xef][0xf6][0xa1][0x4][0xf8][0xe1][0xcc][0xe5]][0x80][0xda]Hr^<[0xaf][0xaf][0xef][0xec][0x82][0xec][0xe2][0xe9][0x1].n[0xb1][0x81]t[0xfa]k[0xe0]w[0xe][0x94][0xbb][0x9c]=v<t[0x8c][0x1e][0xf7][0xad][0x9]NY=j[0x1f]f[0x8a][0xc1]pQ[0xf8][0x1]O[0xba][0xe1]N[0xe1][0xad]][0xfd]6[0x12][0xe1][0xc4]L[0xde][0xa7][0xf6][0xda][0xad][0x9b][Oi[0x1][0x9d]9[0x80][J[0x1f]E=$[0x8d]"[0x14][0xa7][0x90]2[0xec][0xc2][0xc6]F[0x95]FJ)Z[0xde]n^[0xc9][0xe]c[0xe4]<[0x92]dA[0xf4]$[0x94]b[0xfb][0x89][0xdc][0xc]m[0xc3]|i6L[0xb]tO[0xe0][0x15][0x18][0xbd][0xf1]dFGcx[0xe7][0xae][0x8][0xe3][0xe6][0xf2][0xa8][0xbf][0x6]&[0x7]a-[0x87][[0xee]e[0xcf]%<[0xbe][0x19][0xc9]X[0x85][0xf1])[0xbf]/[0xac][0xad]-[0xa2][0x19][0xbf][0x10][0xae]M]zl;[0xf1][0xc7][0xf]o[0xca][0xbf][0xe7][0xb4][0xb][0xdf]s~8;[0xba][0xfb][0xeb]L[0x0][0xe][0x87][0x96]9[0x1c][0xc][0x84][0xb2][0xd3][0xdf][0x8e][0x8e][0xdd][0xb1][0xc7]}[0xa7][0x7][0xda][0xa7][0xac][0xb6]\[0xb6][0xac][0xf5][0xae][0x9a][0xf2][0x1b][0xd4]s[0x5]M*X[0xdb]g[0x85][0xcf][0xb1][0xfb][0xf8][0x1][0xc][0x7][0xd5][0x99][0xfb][0x14][0xfb]W[0xb0]8[0xa7]x[0xf8][0x4][0x93][0x9f]AN[0xb][0xc9] [0x8]c|[0xbd][0x9b][0xa9]?[0xe][0xdb][0x1b][0xcd][0xfa][0x83]>[0xd8][0xc5]N[0xf8]![0x10]^w[0xd1][0xa7][0xae]I[0x87]I[0xd8]Z[0xc3][0xac][0xd7][0xe8][0xe9][0xc7]Q[0xe8][0xb6][0xb1][0x8]h[0xd6][0xef][0x9a][0xaf][0xe1][0xff][0xc5][0x82][0x90][0x10][0xad][0xc3][0xcf][0xc2]OwI[0xca][0x80]a[0xff][0x16]j[0xa4]r[0xc7]1[0xc2][0xe3][0xb6][0xea][0xa5][0x95]9[0x9f][0xdc][0xbc]:9[0xfa][0xc4][0xcc]L}'[0xde][0xf5][0xd7][0xdf][0xa1][0xd3]mq[0xd3]j[0xd6][0xf1][0xdf][0xed][0x14][0x9c][0x13][0x91][0xa3][0x91]K[0xe9][0xf6][0xbf][0x6]Cn9[0xf1][0xa4]U7w[0xb6][0xa7][0xb]t[0xfb][0xec][0xeb][0xcc][0xac][0xde][0xf3]z[0xaf][0xde]k4[0xa6]a[0xe3][0xc1][0xc8][0xeb]Fe[0xf0]ro[0xe6]mbx[0xb3]ce[0xa4][0x1d]N[0x8f]PI-s[0xf1]<[0x95]W[0xc7]?[0xbd]y[0xcf][0x8e]o[0xc0]Q~'b[0xf0]~#v[0xbd][0x9][0xca]`[0x9b]}[0xf4][0x1d][0xd0][0xc][0x11]w[0xd9][0x81][0xcf][0xdd]I[0x8c]Y[0xd9]9*[0x2]Kx[0xb2][0x4][0xd9]gypJ[0xf2]=S%[0xfd]F[0xcb][0xd1]#=[0xd0][0xfb]z[0xa8]s[0xdd][0xab]~u.[0xd6]~"[0xc3][0x9e]"=[0xe9]^[0x81]#[0xb3]v[0xd9][0xe]w[0x9d][0x8b][0xf0][0xb2][0x8d]?[0xdf][0xbe][0xe5][0xbe][0xf1]ZyV[0xc1]4[0xf3][0xb7][0xb6][0xfc][0xf3][0xed][0xdb][0xc5]e[0xd5][0x1c][0x8e][0xa2]A[0x85][0x87]}[0xfa][0xca]*[0xaa][0xde][0xea][0x94][0xe9][0xb6][0x1b][0xdf][0xfb]b[0xcc][0x8e]@[0xd0]*[0xd5]][0xde][0x8e][0xa6][0xbe]r[0xc]p?[0x81][0x7][0xc9][0xa5][0xdf]N[0x6][0xf8][0xd9][0xe4].7y4[0xf1][0xad]v[0x3][0x9e][0xf0][[0xcc][0xfe][0xae]g[0xca]y[0xf2][0xf7][0x81]-L[0xdc][0xfd][0x1c][0xc6][0xaf]h[0x97]o[0x5][0x1b][0xb5]r[[0x9d][0xf9][0xec]kMrbM_[0xcb][0x1f]X }[0x1a][0x83]'m'[0xce]eoW[0x11][0xc0][0xf7][0xf9]Zu[0x17]z[0xa9][0xcf]+k[0x92][0xf6]5[0x9d][0xad]}<0[0x1a][0x8d][0xfa][0xc6][0xf6][0xe6][0xfa]z[0xc3]h`[\n]"
DEBUG wire -  << "n[0xd3][0xce] #P[0xf6][0x98][0x8a]n[0x1d][0x6]V[0x98]3u [0xc1][0xf1][0xfb][0xa3]bG[0x97][0xf6]0[0xf6]bM[0x9e][0xb7][0xb4][0xb2][0x87][0x81]+[0xa3]%[0xe7][0xb6]Vt[0x18][0x93]M9[0x14][0xa6]S[0x96]c[0x1b][0xa0][0x8c][0x18][0x1a]'2[0x91][0x6][0x1e][0x8c][0xc0][0xb2][0xc9][0x5][0xe5][0xf9][0xba][0x1c]OmH[0xca][0xd3][0xb9]K[0x10]P%[0x95]$[0x91] K[0xf0][0xcb]C[0x96][0x94][0x1f][0xaa][0x80][0xd4][0x9b][0xfc][0xb4][0x1e]rq;[0x8d][0xca]RK7S;[0x87][0xd4]k[0xcf][0xb9][0x81]`[0x3]\V0[0xaf][0xd2][0x7][0xc5][0x1d]O"[0x5][0x87][0x8]![0xbf]([0x92][0xe0]/[0x10][0x98]j[0x83][0xd2]\[0x85]H[0x12](![0xf2][0xd9][0xd2]IG[0xbe]$![0xaf][0xc2][0xb2][0xc7][0xa7]0t[0x81][0x8c][0x5]*QS[0xf5][0xdf][0xef][0xb4][0x83][0x94]Y[0x8e][0xd7]g([0xd4][0xf]=[\r][0xa4]^[0xb3][0xc2][0x0]H[0xb6][\r][0x5]L[0xa7][0x82][0x80]V[0xbf]G[0xd5]{5.y[0x1][0xe][0xc8]u[0xc2][0xb7]R[0xce][0xa9][0xe5][0xa7]"w[0x0]RF[0x88][0xac][0xb0]m[0xa0][0xb4][0xa8][0xc6]l[0x1e]'[0xcb]X[0xd8]][0xae][0xcb][0x87]Q[0x9a][0xc][\n]"
DEBUG wire -  << "[0x3]|[0xed]9[0x6]R[0xb8][\r][0xcb][0xe9][0xcb][0xf3]>T7[0xe0][0xca]w[0x82][0x16][0xe3]K[0xdc][0xc1][0x8e][0xe4]c[0xfa][0x1f][0x6][0x12]A[0x84][0xea][0xbb][0x13]m[0xff][0x9c][0x88]f[0xef]S[0xb2]rE[0xf6]j[0xb2][0xd5]I7f[0x9c]L[0x1f][0x89][0x9d]x^[0xd8]t[0xe3]2[0xd9][0x95][0xcc]H[0xe4]=e[0xce][0xfe][0xde][0xc8][0x95]%1[0x90]V[0x93][0x2][0xb4][\n]"
DEBUG wire -  << "[0x99]gr:L[0xf8]5[0x94]p[0x9d][0xac][0x4][0x86][0xde]Fs+[0x5]N[0x13]Y[0x96][0x8d]]G[0x8a][0xa0][0x83]O[0xb9][0x8c][0x80][0xf4][0xbf][0x9c][0xef][0xcb]Rq[0xe7]:+ [0xdf][0x87]A[0xa2]d[0xfd][0xe7][0xc0][0x9b]>[0x9b]mzp[0xec]#[0xc][0xca][0xdd]^[0xcd]u[0xc8][0x11][0x99]&[0xb7][0xbe][0xb3][0x98]^[0xa9][0xc9]f[0x89]U[0xe9]j[0x8f][0x84][0xfc][0xec][0xe]L5([0x15][0x8][0x90][0xb][0xa9]j[0xfd]7[0xd7]0[0x8][0xd6]i3'[0xa4][0xb3][0x2]9,[0xd9]j[0x98]o[0xea]y[0x10][0xb8]Q[0xd2][0xd6][0xe7])[0xc5][0xe9][0xae]D%[0xf5][0xfb][0x4][0xc7][\n]"
DEBUG wire -  << "reA[0xd5]rn[\r][0x10][0xce]d[0xa4][0x2][0x99][0xfe][0x81]1[0x8a]r[0x10][0x6]Xo[0xa1][0xf3][0xb]{ [0xd5]Qy[0xd3][0xec]l[0xac]/[0xb3][0xfb][0x11]][0x8e][0xb][0xaf]N[0xc3][0xe0][0x97][0x5]][0xde][0x85][0xf7]k[0x1]=/[0x81][0xb3][0xbe]/[0xa5]vc[0xa9][0xc2]:[0xa7]O[0x1b][0x1b]i[0x9f][0xa6][0xf]4[\r]Jl[0xcc]5[0xef][0xf8]Up[0xba][0xa0]u[0xa2][0x1b][0xc]k[0xf3][0xfb][0x9f]P<[0xb9][0xff][0x9f][0xdd]W[0x0][0xca]x[0xba][0xf1]r[0xa9][0x12][0x0][0xe8][0xa6]Y[0xc4]~[0x15]][0xf6][0x6]Mv[0x8f][w[0x8b]Ck[0xa7][0xbe]S[0xaf]Q)[0x3]J}[0x4][0x97]--[0x88][0x1f]A[0x93][0x89][0xa3][0x9][0xf7][0xab][0xa8][0x97][0xb0][0xaf][0x80]>/@[0xb5][0x11][0x9e]\9W[0x9a][0xea]K[0x95]&DW[0x90][0xfd][0xd7][0xef][0x16]I~[0xcf]#[0xb9][0xfd][0xee]N[0xa9][0xdf][0xba][0x8f][0xca][0xbb]?[0x9d][0x88].G[0xe7][0xe1][0xc6][0x82][0xb3][0x93]6[0x80][0xc6][0xc3][0x8d];)[0xdc]il.[0x93]BD[0x97][0xa7]p B[0xb0]kCg[0x1][0xa1][0x9][0x18][0xd2][0x9b]<[0xdf]I[0xf6][0xe6]Fc[0x99]d#[0xba][0x1c][0xd9][0xef][0xde][0x1c][0x1d][0xdc]M[0xb1][0xe7][0xd8][0xdc][0xa0]S[0xed][0x86]4i[0x1c][0xc5]d[0x8c][0xc0]$[0xd9][0x6][0xf9]=[0xdc][0x7][0x93][0xe][0xb6][0x9]Z[0x84][0xd8][0xee]l[0xcc][0xc6]r[0xa5]y[0xa3]([0xcd][0xef][0x82][0xae]s[0xc8][0x17]4[0x7]`,[0x8e][0xb4][0x12][0xf0][0xdd][0xd4]6[0xb7][0x9f]Nm[0xc1]b[0x13][0x2]L[0xee][0xa4]OIU[0xf5][0x4][0xb2][0x93][0xe5][0x17]Har[0xbb]f[0xbe][0xc1]g[0xff][0xfa][0x9f][0xc5]gn[0xe2][0xf9][0xb1]w6s{k[0x9][0xcd],[0xa2][0xcb][0xd3]([0xbd]u[0xa9][0xfb][0xe4][0x92][0x19];[0xe5]x[0x86][0xa0]Og .[0x96][0xc0]Hb[0x0][0xd9]K1@[0x9d][0x12][0x3]6[0xef][0x1e][0x15][0xe4][0x9c][0xb5][0x9c][0xba]-c[0xc5]r9[0x91]g[0x4]x[0xe][0x8][0x14][0xdd][0xdd][0xd8][0xa1][0x82][0x82][0x86]%[0x5][0xee][0xf2]4[0x1b][0xcb]u[0x8d][0x1a]E[0xd7][0xe8]H[0xcd]8,[0xa0]9[0x99][0x98]@[0xa2][0xd3]"w[0xfa][0xc7][0x9b][0xcb]5j[0x9b][0x5]5p[0x98]?os[0x1][0xe9][0x85][0xb3]9[0x91][0xfe]b[0xe1][0xbb]Y[0xbf][0xd4]F [0xba]B#[0xfc][0x18][0x84][0x99]}\[0xd8][0x0][0x82]3F[0x92][0xf8][0xa4][0xd0][0x94][0xc0][0xcb]8n*J[0xde][0xab][0xe1][0xd7]NIpG3x[0xe0][0x8d]%[0xc7][0xfe][0xe0]a9ZZPN[0xdb][0x88][0x10][0xf0]%[0x91][0xa0][\n]"
DEBUG wire -  << "[0xe5]R[0x1e]t[0x3][0x9c][0x1]QS0j[0x1a]%[0xb7]:[0xc9][0xf2][0xab][0x93]*d[0x86][0x0][0x6]^[0xf8]M[S[0xba][0x8d][0xed][0xcf][0x99][0xf][0xc9]'[0x87][0xc1]X[0x9b][0x82]s[\r][0xcf]6[0x1a]u[0xa6][0x9e][0x82]^/[0x2][0xf7][0xb4][0xc1][0xe8]+v9[0x11][0x3]E[0x6][0x8d]l[0x96]'[[0xe]eJC[0xe][0x1a][0xaa][0xb5][0x85][0xdf]\5[0x85][0xfd][0xa8]Z[0xc2][0xb0][0xd9][0xed][0xc6][0xa3][0xd0][0xad]<x[0x2][0xe4][0xd5](r[0xf0][0xfc]V\[0x18][0x97]s[0x1d][0xc6][0xf9];C-[0xc7][0x1a][0xff][0x18][0xf9][0xc2]@P[0xa3][0x81]s#[0xd5]]m.[0x95][0xb4][0x8c][0xcb](L[0xf][0xb9][0x83][0xdb][0xc6][0xb5][0xb4][0x8f][0x93][0x9e]J[0xe7][0xcd]f[0xb2][0xa6][0xa6][0xa0]V[0xc0]^([0x1a]d[0x9f]C![0xb4]Ui[0xa7]'[0xeb][0xc4][0xea]/[0x1d][0x1b]0[0x83][0x94]:[0xac]t[0xbe][0x8b]zkG[0x8a]I[0xf2][0x91][\r][0x6][0x15]l[0xaa]'[0x9b][0xc9]$J[0xae]4[0x16][0xd2][0x94]<[0xaa]$)|[0x7][0xa1][0xe0]S[0x19][0x80]m[0xe4][0xf9]*[0x11]~[0x87][0x10][0xb4][0xc4]a[0xe0][0xf7][0xf7]i[0xce]*oN[0x1f]3U<[0xcd][0x96][0xe6][0xad]4&O[0x86][0xd7][0x1a][0xf5]LC[0xe3][0x4]&[0x9][0x89][0xb1][0xb1][0xb1][0xce][0xe8][0xd4]*[0xdc][0x8d][0x90][0xca][0x92]<[0xed]J.|[0xe3]w[0x7][0xbb]0[0xf6][0xe9][0xc4],[0x85][0xa6][0x86][0x1][0x95][0xa2][0xbb]6[0xc4][0xf3][0xee][0x9b]iC[0xe]s[0xe7][0x10][0x1f][0xe2][0x6])<[0xe4][0x1][0x82][0x10]y[0x6]qQ[0xad][0xc9][0xd3][0x86][0xcf]F][0xe3]4[0x91][0xb6][0xfd]w[0xe]5[0xa0]E[0x1e][0xbd][0xf0][0xbb][0xd1]pW[0xd5][0x14][0xd2][0xaa]F[0xc6][0xb8][0xa3][0x93][0xc3][0x8f][0xef][0x8e][0xdf][0x9f][0x9f]e[0xe5][0xba][0x12]FxO%f[0xaf][0x6]8d[0xbd][0xb4]+([0xe1]%M[0x4][0xa4][0x1c]ilc[0x87][0xc6]8[0x8f][0x8c]Q7[0xc5]v[0xc2]J[0x1a][0xf9][0xea]\0[0xa9][0x0]p[0xcc]<v[0x82][0xb2]Y[0xfb][0x9][0xa4]r[0x0][0xe3][0x0][0x13][0x8d][0xd7][0x8e]+H[0xbd][0x9f][0xda]=[0xd3][0xb1][0x82][0xb4][0xcf]U?S[0xbd]j[0xfe]7[0xeb][0xf2][0x97][0xcd]T([0xb6][0x9a]Y;[0xb6][0x9a][0xb2]cc{n[0x3]PHh[0xc8][0x13]L[0x8d][0x9a]ZK[0x1a]^#[0x16][0x15][0xfb][0xe6][0xf8][0xec][0xf0][0xc3][0x9b][0xd3][0xf3]7'[0xef][0xa7][0x4]&[0x83]![0x9d][0xa7][0x9e][0xff][0xad]'Z[0xd3][0x1c]nv^5;[0x87]*q[0xcf][0x10][0x1e][0xba][0x8f][0xe7][0xd5][0xda][0xc]p[0xe2][0x9c]5m[0x9d]G[0xe7][0xf][0xb8][0x88][0x9b][0x84][0xc0]LZ[0xf1](D[0x2]=PD[0x0][0xd8][0x9d][0xa4][0x80]:[0xb3][0xc5][0xb5]p[0x83][0xa1][0xc0]][0x89][0xec][0xe7][0xd8]sk[0xff]H[0xf][0xb4][0xa4]:iQ[0x8f]N[0xcf][0xc6]V[0x1e]r[0xf]H[0xe0],U[0x4][0xbc]hgqI[0xa5];[0xf4]|[0xd3][0x81][0xee]M[0xe6]v;][0x97][0xfb]_4[0xb9][0xea][0xe8][0x7][0xb8]&[0x87][0xaa]R[0xc1]I[0xa3][0x9b][0xf0][0xd4][0xb]l[0xe1][0xba][0xb8][0x1f][0x11]+[0xe7]l,[0xba][0x86]re[0xa7][0x88]E:[0x19][0xea]I[0xd9][0x87][0xe3][0xb3][0xf3][0xde][0xc8]ex([0xa1][0x1f][0x80]^[0x99]H&[0xe5][0x10]0[0xa5][0xa7][0xd3][0xe][0x13][0xd8]S[0xf8][0x1c]M"[0xf0]&d[0x9d][0x3].[0xf3][0xed]Q<[0xa1]|[0xfe]E[0x9e][0xfc]"[0xb7][Q[0x1e][0x8e]Vj'[0x8d]9h[0x18]^[[0x0][0xfc][0x94]][0xb][0x85][0xb8][0xec]rj[0x8d][0xec]:[0xe1][0x13][0x13][0xd1][0xf0][0x11][\n]"
DEBUG wire -  << "([0x0]"B[0xb2]R[0xde][0xc7][0x8c]6lFf"[0x82]'>n[0xf7]CbUk@[0xdc][0x4][0x98]I[0xad][0xa4][\r][0xaf][0xc8]H[0xda]d[0x8b][0x8][0x86][0x1][0xf0][0x8a][0x88][0xd0][0xff][0xf5][0xdf]xt[0xf9][0x10]/[0xea][0x0][0x99][0x8b]s[0x9c]K[0xfa][0xf4][0xe0][0xf4][\r]Q@;[0x8f]rBM[0x9b]V[0x11][0xf8][0xed][0xf9][0x99][0xe4])<[0xa0][0xdc][0xa9]et[0xa8][0x2]7[0x1f][0xca]#[0xd6]Ad%[0x8d][0x1e][0xf7]i[0xf9][0xca][0x16]=[0xc7][0x97]=v&,[0x93][0xad][0x9b]M[0xe0]3[0xa6][0xa3][0x90]us9[0x1b]f[0x3]i[0xf]F![0x18]b[0x94][0xc8][0xe0]5w\Rg][0xe8][0xfb][0xb1][0xa9][0xee][0x9b][0x88][0xc5][0x90][0xd0][0x8c]AZ[0x98][0xea]1[0xda]G[0xf4][0xdb][0x8]gw[0xe5][0xd0][0x94]+[0xec][0xd0][0x83][0xd1][0x17][0x0][0x86][0xee]v[0xf0]hJt[0xb4]3[0x11]J[0xf9][0x8b][\r][0x3];[0x88]lT[0x1c][0xcc][0x8b]N~[0x98]e[0xdd][0x97]@[0x16][0xaa][0xcb][0xf5][0xa8][0x9e]u[0xa7][0x14][0xae][0xbb][0x8f][0xa5][0xd7][0x81]}0b[0x6]"[0xcc][0xae][0xcf](v[0x1][0xed][0xf1][0x4][0x95]r[0xc3][0xb1]%[0x99]p$[0xe3][0xf1][0xfc][0xe4][0xe4][0xed][0x8c][0xf2][0x82][0x96][0x81][0xa1]*[0xd3]`[0x18][0x1c][0xf6][0x95]B[0xc2][0x1a][0x1d]?[0x1]K[0xa5]B[0xe]H[0xac][[0xf8][0xd7][0xe][0xe4]![0xfb]r[0x18][0xa2]\[0xf][0x1][0xe1][0xa2][0x5]U[0xf1][0xc5][0xf3][0x80]g[0xeb]5[0xc2],[0xc2][0xda]BE[0xf1]h[0x3]T[0xf4]02[0x85][0xfd]"5w[0xa8]LP1I"
DEBUG wire -  << "Y[0x9b][0x8d][0x8d][0xa2]e[0xa2]s0[0xf3][0xae][0xc8]}[0x1c][0x10]DR[0xa3][0x99]\[0xf6]P[0xae]d[0xce][0x16][0xcd][0x14][0xab][0xba][0xb2]O[0x1f]q[0xc7][0x3][0x98][0xb7][0x8b][0xf3][0xf][0x9f][0xd8][0x9b][0xf3][0xd5][0xd5][0xd5][0xcb]l[0xfa]8[0xe9][0xbe]o[0xa6]XfL[0xda][0xa3][0xb8][0xba]S[0xab][0xaf][0xd7][0xd0][0xf0]H[0x9f]z[0xc6]o[0xdb][0xac][0xbf][0xcc]Z[0xbf][0xb9][0xd3]([0xe1]![0xee]~[0xa4]m[0x8d][0x19]77q[0xa6][0x1a]h[0xc1]m[0x80]O![0x87]a[0xfd]c[0x9d]=[0x12][0x85][0xb1]^[0xaf][0xdf]4[0x1a][[0x84][\n]"
DEBUG wire -  << "[0x9e][0x9f][0x80]i{k[0xe7][0xa6][0xf9]Rb[0x82][0xe7]'`j[0xd4][0x9b][0x1b]7[0xeb]/7d[0xfb][0xe0]e[0xac][0x11][0xb][0x81][0xa7][0xf9]S=[0xb0][0xe5]x[0xac]G[0xa3]^[0xbf][0x86][0xda][0xe4][0xab][0x14][0xbe][0xe1][0x8c]_[\n]"
DEBUG wire -  << "[0xbd][0xdf][0xdd][0xff][0xf5][0xf8][0x95]qv[0xfc][0xe1][0x97]7[0x87][0xc7][0xec][0xe0][0xf0][0xf0][0xf8][0xec][0xac][0xb5]W[0xeb][0xa6][0xf0]g[0xeb][0xec][0xd7]3f[0x81][0xe8]u[0x5]*x[0xf4]1mT[0xb5][0xa0][0x8e]b[0xb4][0xb4][0x89]j[0xcc],[0x9][0xdd]`[0x10][0x86][0x89][0xcd][0x99][0xd6][0x1a][0xd2]x[0xe4]4j[0xa6]9[0xae][0x1d][0xce]~>??[0xa5]{[0x8f][0x0]?[0xe4][0xa1][0xa5][0x5][0x18][0xda][0xaf][0xd4]J[0xc9][0xb6][0x0][0xf1][0x8c][0xd7]1g(![0xa1]5[0xb4][0xc3][0xb5]lpO[0xab][0x1a][0x8a][0xa8]Q][0x3][0xd5]NH[0xae][0x92][0xdb][0xd6]fw[0x88][0xd0][0xbe][0x10][0xc8][0xfb]q[0xe0][0xb6][0x9d][0x98][0xae][0xf][0xf9][0xad][0xfd][0xd0][0xea][0xa9][0x98]<[0xec][0xb8][0xdd][0x87]`[0xd3][0xa5][0x84]Q[0x14][0xb7][0x1b][0x9b][0x8d]f[0xb3][0xb1][0xb5][0xd3][0xdc]hnl[0xc2][0xc0]V[0x19][0xfd][0xf6][0xc1][0xeb][0xff][0xb8]:|[0xc][0xad][0xfe][0xe7][0xbb]D[0xbf][0xfc][0xfe][0x8f]OG[0x8d]a[0xf7][0xe3][0xf9][0xe4][0xf4]]x[0xf4][0xe5][0xa7][0xeb][0xd3][0xff][0x98]Q[0x97]wS[0xb5]7[0xa6][0x80]c[0x96]8[0xe9][0x87]I[0xfe][0xe6]L"[0x18][0xc1][0xb4][0xcb][0xc0][0x15][0x12]Q[0xe6][0x9]q[0x9f]T[0xd3]>EA[0xa4]y[0x9c][0xfd][0x1b][0xcf][0x9d]N[0xac]9[0xfb][0xe8][0xce][0x16][0xc]$J[0xcb][0x94][0x87][0xd4]'_[0x6][0x90]+#[0xcc]i[0x1e]b[0xc4]]ek[0xcd][0xa7]*.0[0x7][0x18][0x89][0x83]oq[0xb6].G[0xd5][0xe6][0xe6]z[0x99][0x12][0xdb][0xc6][0x89][0xb6]T[0x83][0xd7][0xb7][0xef][0xb2][0x3];[0xcd][0xf5][0xc7]j[0xae][0xb9][0xf4][0xc8]Q[0xfe]P[0x8d]Q@G[0x8a]l[0xab][0xf9]hEV@[0x86][0xba]l[0xa3][0xb1][0xf9]h][0x96]G[0xa6][0xb4][0xf4]V[0xa3]\[0x8b][0x1][0xeb]sJ[0x8c][0xde][0xf2]:[0xec]<[0xf3][0xbc][0x94]'Ej[0x4][0x8c]cH[0x8e]T[0x1c][0x8e]([0xd8]!=[0xd5][0x83]x+[0x18]GJwd[0xf3]>[0xf2][0xf9][0xe2][0xec][0xe4][0xe3][0xfb][0xa3][0xf7][0xa0][0xf5][0xd8][0xe1][0xc9][0xd1][0xf1]e[0x92][0x97][0xe8][0x98][0xb][0xc3][0x90][0xce][0xa4]%^[0x3][0x9a]7G[0xc][0x2]q[0xc3]P[0xd5][0xaa][0xa4][0xcf][0xfe][0xe5][0xf7][0xc9][0x98]Qq<[0xbd]h[0xf2][0x82]!y[0xcb][0x90]V[0x18]U[0xb2][0xee][0x83][0xd7][0xc7]P[0xf5][0x92]j&[0xbc][0xb9][0xa6][0xfd][0x8a]~[0xd8][0xcc]([0xcc][0xf2][0x8b]-W*[0xbe]5MF[0x1d][0xea]|[0xd1][0x8f][0x81][0xfe][0x8f]>y[0xa8]4[0x15]a[0xb]n[0x83][0x97][0xfa]E[0xf8]ZY[0xc3][0x1b][0xa5][0x85][0xe4][0xa5]UL[0x9d][0xc][0x8f]*[0xe0][0xda][0x9]\[0xb9][0x15][0xa6][0xc]K3[0xc5][0xf2]N[0xf5][0xf2][0xac][0xbf]\Zp=-xV[0x80]I9[0xaf][0x18]w[0xcb]72,`[0x18]J+[0xda][0xcc][0xb7]3[0xf]Tbl[0x15][0xf6][0xc2][0x9f][0x99]Ie[0xf9][0xc]:X[0xce][0x1b][0xd2]d`[0x9a][0x98][0xdb][0xa3][0xb5][0xd7][0xb][0x82]8[0xdb]x[0xa7][0xde][0xe4][0x1f][0x3]l[0x1a]D[0x97][0xc9][0x8b][0xd3][0xbf][0xe7]~[0xb9][0xec]_q[0xe2][0x96]f{[0xe5][0xd7][0xa2][0x86]B[0xaa][0xc6][0xf7][0xd4][0xfe]$[0x95]Y[0xd8][0xa0][0x90]KcC<I[0x81][0xe6][0xec][0xca]v)[0xed],w[0xe7][0xc7][0xd4]6[0xa5][0x1d][0xb9]@[0xf0][0xc4][0xad]I;K][0x5]Gt[0x8b][0x88]z[0xe0][0x92]Vsg[0xa9][0x8b]p[0x88]n[0x11][0x85][0xf]_[0xc0][0xda]Y[0xea][0x92])[0xa2][D[0xe3][0x13]V[0xaa][0x9a];K[0xdd][0x9b][0x81][0xe8][0x16]S{[0x9f]e[0xa9][0x92][0x11]=[0x9c][0xd0][0x7]yr[0xa0][0xd1][0xa3][0x1a][0xdc]?[0xd3] f[0xdf][0xd8]Q:u[0xd6][0x9d][0x14]CQ[0xf4]s[0xd3]3[0xe6][0xd1][0xcd]M[0x1d]Ji@5[0xb4][0xba][0x9e]x[0x3][0xb9]HHAs[0xcd]Y![0x93]c[0xbf][0xb8][0x19]2[0xd1][0x85][0x1b][0xeb][0xa6]n[0xd0]Y[0xdb][0xaf]}[0xcf][0xf6]V/[0xe][0x8f][0xe][0xce][0xf].[0xd8][0xf7][0xb5][0x15][0xbc] g[0xd8][0xa3][[0xb9][0xc0][0x8c]yx[0xf3][0x15][0x1d][0xb5][0xa8][0xb5][0xb4]7k[0x1e][0x1b][0x8c][0xc0][0xa9]X[0xd5]t[0xed][0x9a][0xbb]#[0xbc][0x1c][0xae][0xd7]m[0x88]fs[0xfb]e[0xaf]K[0xf7]Xaq~[0xc5]o:[0xb2]O[0x8][0xf][0xbe][0xe7][0xee][0xb6][0x9b]sk[0x16][0xb7]=[0xc7][0xff]\[0xa3]?[0x6][0x16][0xc1][0x8f]X[0xa0]"<[0xdc][0xb9][0xe3][0x7][0xa0][0xa4][0xb1][0xba]3T6[0x1f][0xd4]U[0xad][0xec][0xb5]#p[0xe2][0xc]'[0x9a][0xf0]fU[0x4][0x15][0xf6][0xaa][0xa6][0xe8]P[0x91][\r][0xad] =[0x9d][0xe]0[0x88][0x18]8up[0xcf]y[0xe4]:6R[0x3][0xc9][0x1e][0x8f][0x2]?[0x9c][0xd0][0xed]w[0xb2][0xda][0x83][0xf]o:[0xaf][0xf][0xde][0x1f]~zu[0xf2][0x9f]To[0xf2][0xf5][0x1a][0xf2][0x12]g#_[0xe3]9IZ[0xab][0xc7][0xdd]H[0xe8][0x1a][0x1e][0xc7]?[0x95]B[0x1f]: [0xf4][0x0][0xaa]9[0xf1][0xf][0xf1][0xb]M[0x95]{[0xb][0xd9][0xc1][0xc8][0x1a]`nr[0xaf][0x88][0xd6][0x2]/[0xc][0xca]y[0x1]*[0x84][0x91]'[0xdf][0x1]R}|[0x8b]W[0x6][0x12][0xc5]g[0x3][0x10].[0xe0]([0xc8][0xec][0x19][0x9d][0xb2][0xa3][0xa5][0x95][0xe9][0x1a]}[0x7][0x8a]7[0x4][0xe2]-[0xbb][0xd0][0x1c][0xb9][0xbf][0x13]2[0x9c][0xc6][0x8e]O[0x17][0xa0][0xc9][0x4]x:[0xfd]p[0xfc][0xb][0xde][0xb][0x18][\n]"
DEBUG wire -  << "[0xf0]*FX[0xf8][0xfd][0xf1][0x9e]C[0xca]{\V[0xd3][0xb5][0xd3][0xb7][0x7][0x9f]:g[0xe7][0x7][0x1f]0[0xed],[0xc6][0xaf][0x90][0xa9][0xfe][0x8][0xea]g[0x95][0xd3]j[0x6]rrJ[0x10][0xc1]p[0x6][0xe0][0xf5][0xc7][0xb7]o;g[0x87][0x1f][0x8e][0x8f][0xdf][0x3][0xc8]k[0x9c][0xbc][0x90]'[0x3][0xb1][0xca]k[0xcc]?[0xff][0xf9][0xe3][0xbb]Wg[0x90]u[0x8e][\r][0xf0]![0xb4][0x8b]X[0xe5]'[0xcc]9|{rv[0xc][0x19][0xc4]6V9[0x8e],L=[0xfe][0xf0][0xe1][0xe4][0x3][0x81][0x8b]D0@[0x80][0x92][0xf][0xe1][0xc1]/A[0x1][0x82][0xb8][0xdb][0xa5][|L[0x6][0xce][0xc7][0xe7][0xda]>;[0xa5];[0xdb]X[0x1c]N[0x18][0xef][0xe3][0x92]%[0x9d][0x4]`[0x82][0xac][0x3][0xa1]4[0xf6][0x1][0xb2]d<[0xec][0xf4]9N[0xa3]O[0xf0][0x8d][0x8e][0xc4]r[0x90][0x8d]I[0xa7][0xc9][0x8b][0xe7][0xd4]=r[0xb2][0x90][0xea]$u[0x81]cY[0xd6][0xd0][0xee][0xcd]&C:~[0xdc] B[0xc2][0x6] W[0xf4][0xb0]X[0xb0]U[?'[0x1f][0xcc]}.[0xf9][0xc0][0xf2][0xb3][0xfa]z[0xe][0x80][0x10]1[0x94][0x13][0xdd][0xcf]5Y[0x9f][0x89][0xb7]Vc[0xc3][0xa5][0x98][0x8f][0x9c][0x3][0x18][0x9][0xc9][0xdd]Co[0x1b]u[0x9f][0x84][0xdd][0xf]>[0xc8]yv[0x14][0x87] [0x9d]t[0xef][0xd1]A?[0xd0][0xf][0x10][0xcb]I[0x0][0xc8]o$[0xa1][0x85][0xcc][0x5][0xc5]+[0xd8]hH[0xb1])[0xed][0x17][0xe5]a[0x8][0xf2][0xf0]EL"[0x9c][0xe5]V[0xbb][0xb9][0x85]I[0xa3][0xce][0x9f]d[0xf5]|gO[0xd5][0xf3][0x0]Lh*[0xce][0x84][0xb][0xba]J[0xe0][0xc5][0x98]o[0xd0][0xe4]D[0xea][0xdd]L[0x86]4p[0x8c][0xc2][0xab][0xb4][0x95] ?#[0xd1]q[0x1d][0xcf][0x89];[0xe2][0xc6][0x12][0xc2][0xa6][0xd2][0x9f][0x82][0x11][0x1b][0xf0]k[0xc1]p_[0x8f]7D[0x9][0x83][0xea][0x8][0x18][0xd7][0x8e]p[0x96]}BK[0x6][0x91])5[0x9b]P[0xa5][0xa3][0xe][0x86]f[0x12]!6(b*[0x9d][0xe2]v[0x8][0xd7][0x1c]o[0xe4]1I[0x4]Eq[0xe4][0xe5][0xc7][0xc9]E[0xd0][0x88][0xed]w[0x11][0x6][0x9d][0xee]$[0xa6]O[0xf7][0x5]I:[0xe4][0xd2][0xfa][0x4][0xfc]Ej&fA[0x9c]A[0xe0][0x7]([0xca][0xc0][0x3][0x9f][0xee][0xa4][0xa6][0x82][0xea]j[0xd2][0xb3] [0xc4][0x83]%[0xe3][0x14][0x7][0x99]\u[0x83]5[0x84][0x16][0x1e]^[0xaf]*c[0x8d]HX[0xa3][0xd0][0x89]'[0xd0][0x7][0xa8][0xb][0xa9]i[0x0][0xd5][0xe1]~G[0xde][0xbe]:E[\n]"
DEBUG wire -  << "b[0x80]0[0x80][0xf2][0xe6]R[0x84][0x99][0x1d]OxA8[0xc9]3[0xf8][0x1d][0xa5][0xb0]$[0xa5][0xac]8[0xa3][0x9d][0x1b][0xe8][0xa2]C}[0x19].[0xdb][0x1][0xe5][0x18][0xa1][0xb][0x92][0xc7]G[0x84][0xe1][0x9c][0x17]NR!C[0xb9]_[0xe0]8[0xb2]z[0x1e][0x8d][0xea][0xcb][0x9a][0xe][0xdd]7[0xe][0xb8][0xe]|y[0xf5]8[0xb],[0xda]"G[0xb][0x1e][0x88]Lv[0x9b]9W[0x97][0x80]8;[0x11]N[0xe9]u$dG[0x8e][0xe5]s[0xc]*[0xd9][0x98]c[0xb8][\r]c[0xb7][0xe7][0xf4]Gj[0xe1][0x80][0xaa]I[0xf1])[0x1f]&][0xa9][0xc2]eH4^[0xe][0xde][0xf4][0x12][0x7]T[0x81]B\*[0xb0][0x1e][0x9f]0[0xfc][0xf8]"[0x11][0xaf]F[0xca]9[0xd4]&i[0xf3]h[0xb2]P[0xd6][0x9c]![0xec][0x81][0xde]%D[0x1f]eY[0xf9][0x8e][0x0][0x10][0xc]u[0xa6][0x81]r[0xc][0x90]Yr[0x1a]3[0x91][0x8d]t[0x5][0xe6][0xbb][0xc6][0xdf][0xa2].[0xc]Xh[0x8d][0x2][0x14][0xe1]w[0xcd][0xbf]ESxi\[0xd9][0xf][0x19].B[0xad][0x12]Su[0x9]f6[0x1e][0x80]U[0xa1][0x93][0xb][0xa1]O&[0xb8][0x1a][0xa6]*'[0xe9][0x9]R[0xe][0xbc]9[0xc9][0xda][0x9f][0x8]}[0x9a]y[0x96][0x8c][0x82][0x14][0x84][0x86][0xb7][0x85][0xbb]P][0xd9]|\[0x8e]g2A[0xf2]H[0xb5][0x3][0xcc]*~T[0x94]qQ%[0x98][0xd2][0xeb]@[0xe1][0x80][0xbc]#[0xf5][0x4]f'[0x1c][0xf9][0xd6][0x80][0xcc][0x8b]v[0x98]<[0x1e]5[0xeb][0xcd]-[0x12]K[0xd4][0xc7][0x88][0xcd][0xb][0xae][0xa5][0x2][0xc2][0x86][0x83],D[0x3][0xc4]H[0xf4]uR[0xfe][0x3][0x1c][0x16]mX[0xdf]E[0xf4]W.[0xc7][0xca].[0xc3][0xb2]Jx[0x13]M[0x88]_Uw[0x92][0xcf][0xd7][0x15][0x16][0xd2][0x88]$[0xa1][0xa1][0xf7].B[0x8c][0x7] [0xb8][0xc0]H[0x16][0x8d]B[0xf1]cJS[0x87]t[0xdb]'[0x11][0xe1][0xba]2&0[0x7][0xbd][0x5][0xc9][0x11][0x99][0xf9]>[0xd0][0x15][0x87]d[0x9e][0x1f][0xf8][0xe4][0xf6]uw6[0xd7]y[0xb3]kw[0x9b][0x90][0xf8]4?.[0xd1][0xe5][0xf7]3[0x9a][0xa5]X~$[0xb2][0xda][0x9b][0xdb][0xcd][0xfa][0xce]f[0xbd]kmjt[0xa7]b4[0xe8]D[0xe3]^g1[0xd2][0xe2][0x5][0xb1][0x9]A[0xd9][0x93]I[0xc8]L@&[0xc5](&c[0xf1]U~<[0x87][0xfc][0xc5]0[0x81][0xfc]_0%[0xf2][0xfe][[0xa5][0xdc] [0xf3]{[0xed][0x16][0xbc]8[0xb9][0x15][0x9a]'n[0x3][0xdd].[\r][\n]"
DEBUG wire -  << "Ap[0xaf][0x93][0xb4]_[0xa6][0x8f]y[0xe8]K9x[0xa7][0xc6][0x8d][0xf][0xe][0x15][0xc][0x8b][0xa0]'M[0x15][0xea]uk[0x80]~5[0x88]=Z[0xa9]D[0xe4][0xd1][0x95][0xa2][0x91]4I[0xcc][0x9e][0x1a]Rva8[0x12][0x8][\r]BR?[0xb3]z[0x10][0xa5][0x12][0xcd]K[0x8a][0xf8][0xd3][0xc]>[0xb4][0x17][0xbe][0xda][0xf0][0x91][0xd9][0xa3]2T[0xb7][0x9][0xea]_[0x82][0xfa][0xa7][0x15][0xd4]%[0xc4][0xa9]R[0xbf][0xab][0xb9][0xeb][0xcc][0xe8][0xf6][0x9c][0x1b]j$e[0x93][0x17]L;8[0xf1][0xc2][0xd2]r[0xe1][0x1d][0x7][0xa1][0x9d]:[0xa4]xV[0x83][0xe4]J[0xc2][0xe4][0xc4] [0xc8][0xea][0xa0][0xc3]0[0xe2]'[0xf2]C[0x15][0x9d]C1'b[0xe9][0x1b]y9[0x1e][0x8f]1v[0xd5][0xec]@HGP&[0xd0]t[0x82]c[0xcb][0xf9]i*[0x86]y[0x94][0x86][0x83]r$[0xcf]n@[0x12][0x15]:[0xf4][0x89][0x80][0x1d][0xe0][0x1]0[0x8]i[0xc8]/[0xb3][0xa5]'A[0xf3][0x12]d[0xc3][0xb8]K[0x97][0x9f]BP[0xa7][0xcc]{[0xa9][\r][0xfb][0x13]q<[0xd1]@g[0xa3][0xee][0xac][0xf6][0xa2][0x87]1[0xde]w[0x5][0x15])[0xcd]D[0xbe][0x8c][0xfa]\[0x83][0xf6][0xea][0xd0][0x9c][0xf]z[0x90]%[0xba]nF[0xc1][0x15][0xd8]U([0x8d],[0x1b][0xe2][0xc1]s[0xe9][0xb4][0x8c]j[0xf2][0xa1][0xac][0xf7][0x13][0xd6]{([0xeb][0x5][0xbf][0xf2]@[0xde]2uJS[0xe5]N[0x18][0xc5]4C[0x93][0x1d][0x8f][0xd0][0xd7][0xbb][0xba][0x9d]][\n]"
DEBUG wire -  << "[0x8d][0xfb][0x97][0xbf]}[0xbb][0xfb]fg[0xfd][0xa8][0xad]e[0x17][0xdd]j[0xfa]q[0xbb][0xf4][0x96][0xdc][0xd7][0xed][0x92][0xfb]yjk[0xd3]W[0xf3]j[0xfa][0xcf]m[0x8]{[0xcf]!F[0x80]h|7wYu[0xf5][0xeb][0xdf][0xde][0x1e][0xbc]2e[0xdb]+[0xf7]8[\n]"
DEBUG wire -  << "[0xe5]*9.'9[0x9b][0x8][0xc2][0xf3][0xaa]9[0xe6]N\[0xa9]>[0x1][0x8d][0xe1]9[0xb8]m([0xb9]=[0xfe][0x1]([0xa7][0x8f][0xc9][0x19]:[0x88]G[0x9e]<[0xa4][0xae][0xae][0xc4][0xda][0xd4][0x81][0x5]8[0xe7]'[0xf1]?[0x18][0xf1][0xbc][0x3][0x8f][0x0]y[0xd7][0xa1][0xad][0x9]0[0x82]l<[0xf0][0xe5][0x9e][0x15][0x94]0c[0xe4][0xd4]p[0x17][0xe1][0xd3][0xb9][0xf0][0xc8][0xb3][0xa5][0x9e]B8[0xa8]71t[0xac]/[0x10]W<[0x98][0xfc]r[0x8c][0xea][0x6][0xbe]%a[0xf3][0x2][0xe8][0xbe]e![0xa3][0xe9][0xbc]'64[0xf1]2[0x80][0xb2][0x1b][0xe7][0x89][0x94][0xa5][0xb8]R[0xd7]e9[0xe8]@[0xd1][0xd8].x=O[0x97][0xc8][0xb2][0xe3][0xab][0xae][0xf2]go[0xc5][0xa0][0x9d][0xa4][0xfc][0xe0]8[\n]"
DEBUG wire -  << "[0xfc]'[0xb]d[0x84][0x17]$v[0xdd]%[0x8c][0xa6]9[0xb4]OszYx[0xb][0xc7][0xa7]-[0x19][0xfd]}N[0xc]{[0x1c][0xe3][0xe9]LI?6B1t'[0x8f][0xa0]z[0xc1][0xfd][0xbe]W[0xd3][0xd7][0xfb].[0x1];[0xe0][0x94][0x8][0x9e],k[0xc3] r[0xd0][0xa4].MY[0xe1]%[0x3]O[0xc2][0x85][0xe]][0xa3]1Y[0x16]A<7[0x19][0xfe]4nE[0xa3]~[0x1f][0xf]R{[0x82]\[0xcf][0xb7][0xc4]y?[0xee]1v[0x18]^[0xe9][0xfb][0x84][0x94][0xba][0xdd][0xdb][0x9f]+[0xb9][0x83][0xaa][0x9c]^[0x85][0xa6][0xd4]5[0xc7]g[0x16][0xbd][0xae]Z[0x17][0xf5][0xcb][0xea][0xd7][0x9f][0xb3][0x83][0xaa]L[0xb]'h[0x85][0xde][0xdc][0xac][0xee][0x86]"[0x1e][0x85][0xfe][0xad][0xd5]F[0xa8][Z=[0x4][0x17][0xb0]x^[0x95]&)[0x4][0xaf]O[0xb4]i=e[0x97][0x9b][0x81][0x8f][0xaa][0xa5][0xcd]/[0x8e]/[0xdb][0xc5][0xea]+[0xfc][0xe2][0xe8][0xf2][0xc5][0xb][0xfc]]m[0xe3]R[0xad][0xec][0x13]-K[0x92][0xa1][0x9a]V[0xfd][0xf6]MT[0xbf]J[0x2][0x98]\[0xa7])[0xe2][0xf5]G[0xae][0xbb]+[0xda][0x18]}[0xee][0x82]'x[0xab][0x8e][0xc2]zP?[0xd8]j[0xa6][0x91][0xad][0xb9]F[0xb9][0xee]pyWq2[0xbd][0x83]y][0xdb][0xb5][0xa6][0xcf][0xd7][0xb2]L[0xf2][0x9b][0xf][0xf1]|[0x8d][0xea][0xad]^[0xaf][0xee]BC[0xbb][0xd0][0x9c]6[0x11][0xf9][0xe2]E[0xf7][0xe2]'[0xe0]1[0xa5]h[0xc9][0xc4][0xde].&V^[0xeb]v[0x9e]A]3[0x14]8/Xp[0x11]H'[0xe]Tw%[0x8e][0x94]k[0xb7]*[0xfd][0xf6][0xb6]Z[0xc1][0xf8]*=[0xdd][0xab][0xba][0xbb]R[0xfb][0x9e]]^[0xee][0xb3][0xef]k[0xe9]![{[0xb5][0xe4]c[0x1f]\+[0xc2][0xd3][0xb3][0xf0][0xd0][0xad][0xa3][0x89][0xcf]=[0xc7][0x92][0xe7]de[0x9f]0[0x80][0x84][0xd4][0xcd][0xc6][0xe6][0xe][0x93][0xc7][0x11]G[0xa6]<x[0xb]K[0x1c]R[0xc0]3][0xa0];a[0xbf][0x9e][0x1a]g[0xa3]![0x88]6A[0xe0][0xa7][0x1][0xcd]z[0xe3][0xa5]Qo[0x18][0x8d][\r][0xd6][0xd8]nmn[0xb5][0x1a][[0x84]G"[0x8a]F[0xb4][\r][0x8a][0x80]![0xf5][0x1][0xb0]|[0xe7]x[0x89][0x95][0x0][0x0]"
DEBUG RequestSpecificationImpl$RestAssuredHttpBuilder - Parsed data to instance of: class org.apache.http.conn.EofSensorInputStream
DEBUG RequestAddCookies - CookieSpec selected: default
DEBUG RequestAuthCache - Auth cache not set in the context
DEBUG PoolingHttpClientConnectionManager - Connection request: [route: {}->http://localhost:2064][total kept alive: 2; route allocated: 1 of 2000; total allocated: 2 of 2000]
DEBUG PoolingHttpClientConnectionManager - Connection leased: [id: 1][route: {}->http://localhost:2064][total kept alive: 1; route allocated: 1 of 2000; total allocated: 2 of 2000]
DEBUG MainClientExec - Stale connection check
DEBUG wire - http-outgoing-1 << "[read] I/O error: Read timed out"
DEBUG DefaultManagedHttpClientConnection - http-outgoing-1: set socket timeout to 10800000
DEBUG MainClientExec - Executing request GET /session/e9c2f5b492893b90288674161d6e7d46/element/0.01484094461664287-13/attribute/href HTTP/1.1
DEBUG MainClientExec - Target auth state: UNCHALLENGED
DEBUG MainClientExec - Proxy auth state: UNCHALLENGED
DEBUG headers - http-outgoing-1 >> GET /session/e9c2f5b492893b90288674161d6e7d46/element/0.01484094461664287-13/attribute/href HTTP/1.1
DEBUG headers - http-outgoing-1 >> Cache-Control: no-cache
DEBUG headers - http-outgoing-1 >> Host: localhost:2064
DEBUG headers - http-outgoing-1 >> Connection: Keep-Alive
DEBUG headers - http-outgoing-1 >> User-Agent: Apache-HttpClient/4.5.3 (Java/1.8.0_161)
DEBUG headers - http-outgoing-1 >> Accept-Encoding: gzip,deflate
DEBUG wire - http-outgoing-1 >> "GET /session/e9c2f5b492893b90288674161d6e7d46/element/0.01484094461664287-13/attribute/href HTTP/1.1[\r][\n]"
DEBUG wire - http-outgoing-1 >> "Cache-Control: no-cache[\r][\n]"
DEBUG wire - http-outgoing-1 >> "Host: localhost:2064[\r][\n]"
DEBUG wire - http-outgoing-1 >> "Connection: Keep-Alive[\r][\n]"
DEBUG wire - http-outgoing-1 >> "User-Agent: Apache-HttpClient/4.5.3 (Java/1.8.0_161)[\r][\n]"
DEBUG wire - http-outgoing-1 >> "Accept-Encoding: gzip,deflate[\r][\n]"
DEBUG wire - http-outgoing-1 >> "[\r][\n]"
DEBUG wire - http-outgoing-1 << "HTTP/1.1 200 OK[\r][\n]"
DEBUG wire - http-outgoing-1 << "Content-Length:121[\r][\n]"
DEBUG wire - http-outgoing-1 << "Content-Type:application/json; charset=utf-8[\r][\n]"
DEBUG wire - http-outgoing-1 << "[\r][\n]"
DEBUG wire - http-outgoing-1 << "{"sessionId":"e9c2f5b492893b90288674161d6e7d46","status":0,"value":"http://pros.unicam.it/service-interaction-patterns/"}"
DEBUG headers - http-outgoing-1 << HTTP/1.1 200 OK
DEBUG headers - http-outgoing-1 << Content-Length:121
DEBUG headers - http-outgoing-1 << Content-Type:application/json; charset=utf-8
DEBUG MainClientExec - Connection can be kept alive indefinitely
DEBUG PoolingHttpClientConnectionManager - Connection [id: 1][route: {}->http://localhost:2064] can be kept alive indefinitely
DEBUG PoolingHttpClientConnectionManager - Connection released: [id: 1][route: {}->http://localhost:2064][total kept alive: 2; route allocated: 1 of 2000; total allocated: 2 of 2000]
DEBUG BasicClientConnectionManager - Get connection for route {}->http://pros.unicam.it:80
DEBUG DefaultClientConnectionOperator - Connecting to pros.unicam.it:80
DEBUG RequestAddCookies - CookieSpec selected: ignoreCookies
DEBUG RequestAuthCache - Auth cache not set in the context
DEBUG RequestTargetAuthentication - Target auth state: UNCHALLENGED
DEBUG RequestProxyAuthentication - Proxy auth state: UNCHALLENGED
DEBUG DefaultHttpClient - Attempt 1 to execute request
DEBUG DefaultClientConnection - Sending request: GET /service-interaction-patterns/ HTTP/1.1
DEBUG wire -  >> "GET /service-interaction-patterns/ HTTP/1.1[\r][\n]"
DEBUG wire -  >> "Accept: */*[\r][\n]"
DEBUG wire -  >> "Host: pros.unicam.it[\r][\n]"
DEBUG wire -  >> "Connection: Keep-Alive[\r][\n]"
DEBUG wire -  >> "User-Agent: Apache-HttpClient/4.5.3 (Java/1.8.0_161)[\r][\n]"
DEBUG wire -  >> "Accept-Encoding: gzip,deflate[\r][\n]"
DEBUG wire -  >> "[\r][\n]"
DEBUG headers - >> GET /service-interaction-patterns/ HTTP/1.1
DEBUG headers - >> Accept: */*
DEBUG headers - >> Host: pros.unicam.it
DEBUG headers - >> Connection: Keep-Alive
DEBUG headers - >> User-Agent: Apache-HttpClient/4.5.3 (Java/1.8.0_161)
DEBUG headers - >> Accept-Encoding: gzip,deflate
DEBUG wire -  << "HTTP/1.1 200 OK[\r][\n]"
DEBUG wire -  << "Date: Mon, 14 Jan 2019 17:23:55 GMT[\r][\n]"
DEBUG wire -  << "Server: Apache/2.4.18 (Ubuntu)[\r][\n]"
DEBUG wire -  << "Vary: Accept-Encoding,Cookie[\r][\n]"
DEBUG wire -  << "Cache-Control: max-age=3, must-revalidate[\r][\n]"
DEBUG wire -  << "Content-Encoding: gzip[\r][\n]"
DEBUG wire -  << "Content-Length: 8852[\r][\n]"
DEBUG wire -  << "Keep-Alive: timeout=5, max=100[\r][\n]"
DEBUG wire -  << "Connection: Keep-Alive[\r][\n]"
DEBUG wire -  << "Content-Type: text/html; charset=UTF-8[\r][\n]"
DEBUG wire -  << "[\r][\n]"
DEBUG DefaultClientConnection - Receiving response: HTTP/1.1 200 OK
DEBUG headers - << HTTP/1.1 200 OK
DEBUG headers - << Date: Mon, 14 Jan 2019 17:23:55 GMT
DEBUG headers - << Server: Apache/2.4.18 (Ubuntu)
DEBUG headers - << Vary: Accept-Encoding,Cookie
DEBUG headers - << Cache-Control: max-age=3, must-revalidate
DEBUG headers - << Content-Encoding: gzip
DEBUG headers - << Content-Length: 8852
DEBUG headers - << Keep-Alive: timeout=5, max=100
DEBUG headers - << Connection: Keep-Alive
DEBUG headers - << Content-Type: text/html; charset=UTF-8
DEBUG DefaultHttpClient - Connection can be kept alive for 5000 MILLISECONDS
DEBUG RequestSpecificationImpl$RestAssuredHttpBuilder - Parsing response as: text/html; charset=UTF-8
DEBUG wire -  << "[0x1f][0x8b][0x8][0x0][0x0][0x0][0x0][0x0][0x0][0x3][0xed]=iw[0xdb]8[0x92][0x9f][0xe3]_[0x1]3[0x93]X[0xea]&[0xa9][0xc3]gd[0xcb][0x19][0xc7]q[0xba][0xb3]/[0xd7][0xb3][0x9d][0x99][0xc9]8^=[0x90][0x84]$:[0xbc][0x9a][0x87]e[0xb5][0xe3]_[0xb5][0xff]`[0xd9]V[0x1][0xe0])J[0xb2]c[0xf5][0xcc][0x9b]}[0xed][0xee][0xd8]$P([0x14][\n]"
DEBUG wire -  << "[0x85]:@[0x1c][0x7][0xeb][0xaf]?[0x1e][0x9f][0xf9]tB[0xc6][0xb1][0xeb][0x1c][0xae][0x1d][0xe0][0x1f][0xe2]Po[0xd4]W[0x98][0xa7]}>SH[0x10][0xb2][0xa1]}[0xd3]W[0xfc]Q[0xf][0x80][0xe2][0xa0][0xd7]j[0xf9][0xa3]@wY[0xcb][0x8b][0x9e]*[0x87]kP[0x86]Q[0xeb]p[0xed][0xc9][0x81][0xcb]bJ[0xcc]1[\r]#[0x16][0xf7]7>[0x9f][0xbf][0xd1][0xf6]6[0xb2]t[0x8f][0xba][0xac][0xaf]\[0xdb]l[0x12][0xf8]a[0xac][0x10][0xd3][0xf7]b[0xe6][0xc5]}eb[[0xf1][0xb8]o[0xb1]k[0xdb]d[0x1a]Q[0x89][0xed][0xd9][0xb1]M[0x1d]-2[0xa9][0xc3][0xfa][0x1d][0x5][0xb1]8[0xb6][0xf7][0x8d][0x84][0xcc][0xe9]+A[0xe8][0xf]m[0x87])d[0xc][0xa4][0xf5][0x15]I[0xd4][0xc8][\r]F[0xba][0x1f][0x8e]Z7C[0xaf][0xd5][0xe1]e[0x9e][0x1c][0xc4]v[0xec][0xb0][0xc3]3[0x16]"v[0xf2][0x16][0xaa][0xc][0xa9][0x19][0xdb][0xbe]G>[0xd1][0x18]^[0xbc][0x8][0xea]"[0xef][0xdf][0xbe]>"[0x1a][0xf9]t[0xfa][0xf1][0xc][0x99],[0x8a]XD[0xa8]g[0x11]Y2"[0xef][0xa8]q[0xd0][0x12][0xd8][0xd6]H[0xe1][0xe7] 2C;[0x88]I<[\r][0xa0]y1[0xbb][0x89][W[0xf4][0x9a][0x8a]T[0x85][0xd8][0x16]40H[0x86][0x1a][0xb2]4[0xa1]#[0xa6][0xc9][0x9c]2[0x16][0xfc][0xb9][0xa6]!aa[0xe8][0x87][0x83]([0xe][0x7][0xbe]qE[0xfa][0xe4]v[0x6][\n]"
DEBUG wire -  << "6B[0xf6][b[0x87][0xcc][0xda] =[0xb2]aG${W[0xeb][0xe1]];ril[0x8e]9[0xbc][0xe5]Cs<?&"iN[0x91]k[0xea][0xd8][0x16]EN[0xa5][0x95]`[0x11][0x9e][0xba]1S[0xe2][0xae][0xcc][0x92][0x96]hc[0xb9][0x89]k[0x7][0xeb][0x9a]F[0xce][0xc7][0x80])[0xb2]cF[0xe0][0xaf][0x1f][0xc4][0xb6]k[0xff][0xce],2[0xb1][0xe3]1[0x89][0xc7][0x8c]|[0xf1]i[0x14][0x93][0xb3][0x93][0x8f]$p[0x92][0x11]t[0xcd][0xf5][0xb]}[0xb][0xba][0x6][0xfb]8[0x82]N[0x9e]b[0xbe]n[0xfa]nk[0xe2][0x87][0x16][0x88]f[0x14][0xb5][0x4]d[0xd4][0x8a][0x98][0xdf]"[0x9a][0x6]B[0x9c][0x8b][0x8a]I=[0xdf][0xb3]A[0x8a]*[0xc2][0x2]"[0x14][0xe9][0x9][0xe6][0xb8][0xba][0x1d]CQ[0xde][0xcd][0x9a][0x9d][0xb][0x88][0x16]H[0x1]i)[0xa4][0x5]8[0xb9][0x10]C[0xb1][0x80][0x85][0xf1][0x94][0x8f][0x6][0xc7]G[0xe9],H2[0xf3][0x6]8`[0xea][0xa1]Q@[\n]"
DEBUG wire -  << "[0xb0]4[0x8c]m[0x13]K[0xcf][0x81]FI+[0x80][0xaf]F[0x82][0xe7][0xd5]f1[0xd1]c[0x80]uI[0x9d]A[0xb5]N[0x1a]22[0xc][0x19]s[0xa6][0x4][0xc4][0xde]v[0xa8][0xe1]02f![0xeb]A[0xcd]P[0xbd]$[0xf2][0x94][0x99][0xcc][0xbe]f[0xe9]+f[0xb5]*i[0xa7][0xd4][0xb4][0xbd][0x11][0xd4][0x6][0xbd]kg[0xad]#[\r][0xda][0x9c][0x97]c4?z[0x8c][0x9c][0xfb][0xe4]=[0xf5][0xa6][0xa5][0xea]0[0xfd]M[0xe8][0xbb]"[0xa7]RQ[0xb5][0xd0][0xc]!0[0x9a][0x18]H[0xe1][0xdf]Q(O[0xd9][0x10][0x6]%u[0xe6]d:t[0x9a][0xa1][\r]-[0x16][0x92]7[0x89][0x3][0xba][0xc9][0x5][0x6][0x92]3[0x93]y4[0xb4]}r[0x9a]x[0x19][0xbf][0x9e]{F[0x14][0xec][0xcf][0xeb][0x88]$t[\n]"
DEBUG wire -  << "[0x1d][0xb0]BY[0xc5]!7@[0x15]\@a[0x11][0xba];[0x86]Q[\n]"
DEBUG wire -  << "[0xb5][0xf4]L[0x1a]Z[0x5]4Q[0xe2][0xba]4[0x9c][0xce][0x5][0xff]S[0xb8][0xfe]}[0xc2]U[0xee][0x89]?R[0xa9][0x14][0xcd][0xe0][0x6][\r][0x2][0x7][0xc4][0x15][0x11][0xb6][0x1c][0xeb][0xe7][0xab][0x8][0xac][0xc8][0xe1][0xad][0xf2]W^[0xf3]M[0xac][0xf4][0x94]T[0x9f]G[0xe6][0x98][0xb9][0x14][0xcd][0xb6][0xa2]*[0xe5]:[0xb2][0xa7]|[0xc]G[0xd4][0xb3][0xe7][0xe5]![0x19][0x7]Eo[0xce]`[0x80][0xec][0x8][0xda]x[0x14])[0xbd][0x8b][0xc][0xe9]d2[0xd1][0xa7]~[0x12]'[0x6][0xe3][0xa6][0x2]\[0x12][0xcf]cN[0xeb][0xf3][0xf1][0xe0][0xf8][0xb7][0x9b][0xf7][0xf1][0xeb]a[0xf8][0xcb]?'[0x1f]G[0xff][0xfc][0xcd]0[0xda][0xcc][0x1f])[0x97]P[0xb7]m[0xcd][0xad][0xe4][0xa9]_&[0x88][0x8f][0xa3][0xde][0xd2][0xf1][0xa3]*[0x8e]?[0xf2][0x1]P[0xb9][0xcb]M"[0xb7][0x82][0xad][0x19];[0xa7]s[0xc3]U[0xb0]\[0x1b][0x96][0x17]i[0xe8]z1n[0xb7][0xb9][0xf1][0xda]h[0xb5]\zcZ[0x9e]n[0xf8]~[0xc]^[0x2][\r][0xf0][0x5][0x9a][0xb8][0xc1][0xfb]`Y[0xe1]![0xb0]?[0xd2]G[0xbe]?r[0x18][\r][0xec][0xe8][0xfe]%#}[0x82]}T[0x1]V[0xa8][0x83][0xb2]Bc[0x10]*[0xe1][0xff][0x14];>[0x8c][0xa2][0x9f]o\[0xd0]g\[0xec][0x96][0xaa][0x1b][0xf2]<[0xa4][0xbf]%[0xfe]>y[0xc3][0x98][0xb5][0xd8]Z[0xf][0x1]Bj[0xba]?[0x98][0x96]c[0xdf][0xc5][0xd1][0x16][0xdd][0x83](S[0x82][0x16][0xa8][0x3][0xff]s[0xa1]w[0x88][0x10]O&[0xb6]g[0xf9][0x13]}0[0x9][0x98][0xeb]_[0xd9]g,[0x8e]A[0x1f]E[0xe8][0xfc])[0x6][0x8d][0xd8][0xe7]L[0xfa][0xa3][0xde][0xd7][0xd6][0xd7][0xb4]+[0xbe][0xb6]l[0x17][0xdc][0xc9][0xe8]+T[0x1c][0xb2][0xaf]-^[0xf8]+[0xf8][0xbd]_[[0xbb][0xdd][0x9b][0xdd][0xee]W[0x1c][0x1a]b[0xac][0xe9][0x81][0x87][0xa3]+[0xba][0x1e]=[0x1c][0x17][0x14][0xe2][0x98][0xe0][0xef][0x89]@[0x6]O[0xf8][0xee]'[0xa1][0x9][0x83][0xe0]V[0x81]1[\r]L[0xe6]E[0xd2][0x1][0x84][0xa8][0xcb][0xdc][0xf9][0xda][0x9a][0x4]`[0xb0]L'[0xb1][0xb0][0x9a][0xab][0x88]'[0xf0]B[0x1a][0xf4][0x1e][0x83]v[0xea][0xa0]}[0xf5][0xab][0xe8][0xe5]5[0xb][0xfb][0xdb]z[[0xef]*ww[0xfb][0xc8][0xa0][0xf5]a[0xe2]q[0xdd][0xd4][0xa0][0xaa][0xa1][0x9a][0xcd][0xdb][0xf4][0x9d]X[0x98][0xd2][0xbc]E[0xc7][0xd9][0xec][0x9f][0xc5]![0xf0]M[0x1f][0x82]b>[0x86][0x10][0xe4][0xd8][0xb7][0xd8][0xbe][0xa3][0x83][0x8b]ECP[0xc1]q[0xa3][0xad][0xb6][0xd5]o[0xba][0x88]/[0xbe][0xe9]cf[0x8f][0xc6]qSutP[0xa8][0xce]90[0xaa]a[0xea](1[0xd3]F[0xc].[0xaa]J[0x9b][0x0][0xde]n[0xee]#n[0xab][0xff]M[0x8f][0xfd][0xd7]4[0xa6][0x9f]O[0xdf]5[0x9a][0x8f][0xc0]j[0x14][0xb0][0xb2][\n]"
DEBUG wire -  << "[0xd6][0x90][0xc5][0x9][0xd8][0x1d][0xab][0xdf][0xef][0xb3][0xbb][0xac][0x89][0xc],[0x14]o[0xa0][0xb1]o[0xf][0x1b][0xeb][0xce][0xf7][0xef][0xeb]9[0xf2][0xa6]([0xb3][0xde][0xd9][0x8f]@[0xc3][0x9b][0xe3][0x86][0xa3][0xa3][0x88][0xbd][0x2]n[0xc2][0xb8]@[0x81][0xf3][0x3][0x5][0x89][0xf1]Q[0xdb][0xef][0xb4][0xdb]d[0xb3][0x1b][0xdc][0x90][0xa3][0x10]B+[0x5][0x9a]xk[0x2][0xa4]2t[0xe8]H[0xe9]IT[\r][0xa3]o5.[0xb6][0xb7]7[0xb7]w[0xd4][0xed][0x9d][0xbd].[0xfc]N[0x9f];/.[0xd5]R[0xce]^[0xb7][0xbd]Y[0xca]n6[0x9f]?/![0xd8][0xdd][0xdc][0xec]B^[0xa7][0xbb][0x7][0xbf][0xb7][0xba][0x9b][0xf9]sg[0xaf][0x90][0xde][0xc9][0x9f]7[0xdb][0xf5][0xf0][[0xbb]y[0xe5][0x1c][0xab][0xa8][0xbc][0x0]ZN[0x0][0xfc][0x15][0x88]N%[0x1]jZ[0x82][0x3][0xea]l[0xaa][0xeb]Fs[0x9f][0xb3]IJ[0xb8][0xec][0xa6][0xac][0x95][0x8][0xb9][0xbb][0xd3]V_[0xec][0xbe][0xe8][0xaa];[0xdb][0xed][0xcd][0x94]Ki[0x6][0xc7]Y[0xc8]E[0x94]wi[0xc7][0xe5][0x1d]=L;[0xda][0xec][0x1b][0xba][0x19]2[0x18]R'[0xe]C[0x8d][0xd2]P[0xa4][0xba][0x0]B[0xf4](4[0xfb]T5u[0xb]=[0x87][0xbe][0xa9][0xd7]+[0x16][0xd5][0xd0]G,[0x96][0xe5][0xa3]W[0xd3]s:[0xfa][0x0]6[0xab][0xa1]`[0xa4][0xae]4/[0xda][0x97]([0x95][0xe0][0x9d][0x1c][0x8f]m[0xc7]j[0x98][0xcd];[0xac]y[0xa4][0x8e]U[[0xbd]R[0xbf][0xcd]R[0x0]a[0x14] W@[0xb2]Aj[0x1][0xf5][0xb1]0[0xe4][0xcf][0x9f][0x17][0xdf][0x1a]J[0x17][0x90][0xef][0xf][0xfd][0xb0]q[0xd5]?[0x2][0xbf]f[0xda][0x10][0xc2][0xa5]J[0xe6]5[0x81][0xf0]([0x9]0[0xfe][0x8f][0xfa][0xb7][0xc]F[0xfa][0x14][0x86][0x85]7[0xea][0xad][0xb7][0xd5][0xfc][0xed][0xe4][0xc6]dA[0xfc][0x6][\n]"
DEBUG wire -  << "B[0xfa][0x9d]j[0xf7][0xdb][0xfb][0xf6][0xc1][0x95][0xee]0o[0x14][0x8f][0xf7][0xed][0x9f]n[0xe6]X.[0xae].[0xec][0xcb][0xcb]>k[0xe0][0xdf]"z=[0xc7][0xd7][0xaf]M}[0xfe][0xbc][0x8a]E[0x15][0xc4][0xae][0xf7][0xfb][0xf8][\n]"
DEBUG wire -  << "[0x92]\[.[0xa7][0xae][0x1e]o[0x9e]?[[0x3][0xef][0xc0][0xc7][0xa1]\/@ [0xb9][0xd0][0xe4][0xd7][0x1f][0xdf][0x9f]B[0xb7]N[0xfb][0xeb][0x1d]x[0xb][0xf1][0xf1][0x98]:[0x8e]A[0xcd]o[0xfd]Lu[0xc2]X/[0x0][0x2][kk[0xfa][0xfe][0xbd]1.[0x97])[0xa1]k4[0xef]@[0xb2][0xa8]e[0x9d]\[0x83]T[0xbc][0xb3]#p#Y[0xf8][0xb2]1[0x9b][0xd6]P[0xa0][0xb2]c[0xe1]g[0xbe][0xf3][0xa9][0x5][0xc6][0x13][0x84]k[0xbd][0xd3]Ti[\r][0xac][0x3][0x10]2[0xbf][0xd9]k[0x0]D[0x1c]Ss[0xcc][0x81][0x1a][0x8a][0xef][0xc9][0xec]&[0xd6]][0xce][0xe1][0xd4]E1H*[0xba]x#[0xa6][0xa8][0x5][0xe2][0xc1]2[0xb9][0x81][0xc3][0xc0]![0x0][0x95]j[0x88][0x96][0x9c]!,vL[0xb5]][0xcd][0xa6][0xca][0xb9][0xcf][0xcd][0xda][0xf7][0xef][0xb7]w[0xea]H/X[0xb6][0x97][0xc3]F[0xe9][0xbd][0xd9][0x1b][0xe9][0xd2]`?>[0xd2][0xe3][0x89]|l [0x9c]|k[0xaa][0xf8]"[0xa1][0x9a][0xcd][0xe6]]C[0x98]z[0xd5][0xf2][0xcd][0x4][0x87][0x95]:[0xc7][0xf4]7[0xd1][0xec][0xe5][0x1e]#z[0x11][0xf1][0x14][0x2][0x9f][0xc2]X7[0xa3][0x8][0xbc][0x7][0xdb]E[0xfc]Z[0xe4][0xda][0xe][0x9b][0xaa][0xfc][0x95]#"[0xb7]kO,;[\n]"
DEBUG wire -  << " ~[0xe8][0x81][0x1f][0x8f][0xb6][0x80][0xac][0xdb].[0xf6]6[0xf5]b[0xc0]n[0xf8][0x18]N[0xf4][0x88][0xe7][0xcf][0xe6][0xdc]h[0xd1][0x98][0x2]Yu[0xb9][0xc2][0xbe][0xf5]H[0x87][0xb9][0xe5][0xc]n[0x0]k[0xd2]!0[0x4][0xe7][0xb6]G[0xda]Do[0xef]V3A[0xec]b[0x9c][0x9a][0xd1][0xa8]c[0x8f][0x0]Hk[0xeb]3[0x8][0xb0]{F[0xa1][0x9f]xV[0x1d]=[0x1][0xc8][0x12][0xea][0xf][0xc0]_L[0xbf][[0x3][0xee]![0xcb]J[0x9e]-O[0x89][0xc6][0x8c][0xc5][0x1b]8-[0xb7][0x1][0x9c]3[0x1c][0xdf][0xfc][0xa6]9[0xb6][0x11]B[0x0][0xab][0x1]S7[0x88]ty[0xeb]}[0xbc][0x82][0x13][0x83]][0xd0][0x2]&[0xc7][0xad][0x12][0x12]Q/[0xf7]e[0x0] wf6dd[0x94][0xf6][0xde][0x6]q[0x99]eS[0x8][0x95][0x1c][0xa7][0xea][0x82]W[0x9][0x1d]CHhS[0xcd]tl[0xd4][0xe6][0x9a]A[0xc3][0xfb][0x91]*[0xe3][0xbc]l~,[0x86]P[0x8b][0xd9][0x91][0xc3]4[0x1c][0x19][0x10][0xd0][0x80]c[0xec][0x1b][0xc3][0x9b][0x81][0xeb][[0x89][0x83]MJ[0x93]5[0x87][0x8d][0xa8]9mQ[0xf0][0x8e]c[0xd1]TAD[0xab]@[0xc4][0xea][0x1a]h[0xd1]hl[0x3][0xb5][0xd1][0x8f]tAZv[0xb5]<G[0xbe]h[0x82]/Z[0x90][0x18]H[0x98][0x6]c6[0xd1][0x4][0x9d][0xed][0x19]J1[0xee][0x9c][0x13][0x9c][0xf1][0xb8]K[0xa3][0x13][0x16][0xf9].km[0xe9][0xbb]z[0x9b][0x93]^L.Q[0xdf][0x5][0x90][0xcd]?[0x90][0xfa][0xce][0x1f]$?y[0x15][0xbc]}P3[0x4]`[0xab]kU[0xc6][0xd7][0x87][0x91][0xcf][0xc9][0xce][0x4]X[0x8a]t[0x86][0x8b]S[0x9a][0xbd][0x95][0xba][0xa1][0xb3][0xa2][0x81][0xcb][0xfb]9[0xb2]g[0xf7][0x94][0xef][0x85][0x84]g[0x82][0xc3][0x11]V[0xc4][0x6][0x14][0xe8][0x8b][0xc7][0x10]\[0x94][0xc8][0x15][0xd0]Z[0x92][0xfb][0x85][0x12][0xbf]"V[0xf]x[0xf2]c([0x9f]U[0xdf][0xf7][0xe5][0xaa][0xb0][0xd1]3[0xb4][0x8][0xf3]+H[0xaa][0xa0]8\[0xd3][0xa5][0x84]@[0x9c][0x86][0x1a]U%[0x95][0x4][0x82][0x91]%8[0xd8][0xf2][0xcf] [0x1a][0xfb]A[0x0][0x6]o`[0xd2]0&:[0xfe][0x1e]8`[0x83][0xd0][0xe0]?)[0xd8]Jh[0x9c][0xe3][0x83]}[0xba][0xb9][0xb3][0xb9][0xbd][0xb9][0xb][0x99]w[0xf0]o[0xe]r[0xa2];[0xd4]`[0x8e]6[0x4]?[0xb][0xfd][0xf][0xf0][0x18][0x82]$[0xbe][0xe0][0xc4]F[0x10][0xe7][0x9a][0xe3][0xcb][0x9e]6a[0xc6]7[0x1b][0xfa].[0x89][0xf1][0xd3][0x9b]#*LS[0x8b]N[0x3]([\n]"
DEBUG wire -  << "@[0xd9][0xc6][0xff] [0xd4]|[0x1]?[0xf0][0xa7]@[0xc7]}[0x9b]|[0xf][0xaa][0x96][0xb3][0x8b][0xc3][0x11][0x8]H\[0x1d]i[0xc8][0x9d][0xa0]g0xaKK[0x83][0xc8]X[0x89][0xf9]X,[0xa5].[0x93][0x85][0x4][0xf7][0xd2]>[0x1a][0xf2][0x1f][0xe4][\r]yT'[0x95][0xba][0x4][0x85]L[0xc3][0x9e][0x92][0xa2] k)[0xb8]I[0xa4][0xa6]7[0x8][0xad]i[0x8f]|[0xd0]<zM[0x1c][0x9b][0xd0]y[0xd4][0xcf][0xe0][0xea][0x8d]}[0x18]@[0xf7][0xc0]([0x0][0xcb]x[0x19][0xff][0x11][0x92][0xb][0xbf][0x81]0d[0xe][0x94][0xe0][0x18][0xac][0xd0][0xf]@[0xdc]<n[0xd5][0x0][0x87][0xc4]p[0x8][\r]X[0x8]6[0x4][0xd7];Z[0xe][0x86]s[0xe1][0xd7]l[0x6]N[0xfc][0xe5]d[0x1f]"[0xe1]K[0xc8]0|k[0xda][0xf3][0xfc][0xb8][0xa1][0x8f]A[0xdf]5[0xb3][0xf2][0x10][0xbb][0xd3][0xc4][0x89]+[0xf8]tQ[0xa9](`[0xc4]^s[0x85]hdO[0xac][0x8][0x19]g""[0xcb]z[0x18][0x99][0x84]_[0x85][0xd0][0xa1][0x1e][0x11][0xaa][0xbb] [0xe4]1[0xc4][0xef][0xb][0xb2]5[0xd4][0xe5]E[0x0])[0xe7][0x5]Z[0xf5]1[0x8d]4j[0x9a][0xa0][0xa5][0x85][0x14]s[0x9][0xc1]o[0xc9]R[0xa6][0xdb][0xb4][0xfb]b[0x9b][0xee]K[0xf5][0x86]%[0x2][\n]"
DEBUG wire -  << "[0x9e][\n]"
DEBUG wire -  << "[0x9f][0xf2]%[0x11]x([0xba][0x99][0x84]!FZd^[0x8e]l[0xcc][0xfc][0xfc][0x82]h[0x8a][0xa8]I+U[0x9e][0xd7]m$q[0xec]{j[0xf6]Th[0xc7][0xc4][0xf7][0xf9][0xec]0[0x84][0x96] [0xfc]![0xa8][0xe9][0x1]GE[0x4][0xa4][0x18][0xc5]J[0x94][0x18][0xae][0x1d]+[0x97]?P$[0xaf][0xcb][0xb2][0xaf]!$D5[0x15]q[0xb]G[0xc1][0xf8][0xa0][0x12][0x91]I[0xf8][0xbb][0x84]B`[0xb8][0xcc][0x0][0xc4][0xfb][0xea]0[0xe5][0x94][0x15][0x14][0x96]"[0xca][0x89][0xa6][0xd6][0xa5][0xd7][0x97]*2[0xa8].[0xbd]R[0xea][0xa9][0xd0][0x8b][0xb2]Ed[0xa1]x,[0xc8]L%d[0x11]H[0xde][0xd5]0H[0xf0][0x9f][0x16][0x84]6~[0x14][0xad]K[0xeb][0xa1][0xe4][0xd7]f[0x14]FC5[0xab]@D5K[0x8c][0xd1][0xda]<}y[0xde][0x2][0xcc])[0xc4][0xdc][0xd6][0xf5]J[0x0][0xb][0x88][N~q[0xd4][0xb]k[0x11][0xd9][0x16]CM[0xe4][0x7][0xcc][0xcb][\n]"
DEBUG wire -  << "[0x81][0x17][0xc7][0xea][0x80]L[0x7]2[0x96]B[0xcd][0xa0][0x9a]_[0xeb],[0xc2][0x7]P[0x98]k[0xc8]{[0xa0][0xcd]a[0xb9][0x85][0x97]v[0xbe](?[0x12][0xc7][0xc4][0xf][0xbf][0x81][0x9e][0x2][0xeb]=[0xf4][0x1d][0xdb][0xd7][0xec][0x98][0xb9]=/[0x1e]k&[0x9f][0xc4][0xdd][0xf1]~[0xee]4[0xa5][0x9b][0x90]Z-M[0xf8][0x89][0xe9]S[0xea][0xf3][0xe6]N[0x85][0x18]pQ[0xfa][0x90]i[0xdd][0xdc][0x95],*[0xe1][0xaa][0x83][0x99][0xe9][0xe3][0x1a][0xcf]sF7[0xff][0x95];[0xcc][0xa4][0x1]A[0xb2]&[0xa7][0x8b]vw[0xf6][0x82][0x9b]&[0xb9]%[0xdc][0xc4]?Y`[0x8b][0xe][0x1d][0xfb][0xb0]`[0x19][0x96][0x83]f\[0xad][0xb5][0xde][0x99][0xe1][0x9e]5[0xe1][0xa4][0xa6][0x9a][0x7][0x94][0x9d][0xad]Wp6[0xc5][0x10][0xfb][0xa3][0x91][0xc3][0x96]TQt$[0x88]-[0x8c]On[0xf6][0x8a][0xbc][0xe5][0xcc]M[\r]Pf[0xda][0xb][0xc6]C[0x3][0x95][0x5]f^[0x9a]$[0xcc][0xbd]0[0x1d][0x8][0xcf][0xfe][0xbb][0xaf][0xc][0x1d]M[0xb9]lJg@[0x8a][0xa9][0x19][0xfa][0xe0]2[0xc6]>[0xfa]j2[0xab]D[0xb8]L[0xe3]b[0xdc]T[0x97]T[0xaa]/[0xa9][0xf5][0x81][0x95]R[0xcb][0x1a][0xc4]>[0xf7][0xa3][0x7][0x2]ss[0xb5][0x16][0xaf][0xd6][0xd6][0x90]y[0xa6][0xab]N[0x99][0xa9][0xb9]#S[\r][0x1f][0xe6][0x9b][0xfa][0xd5][0xe8][0xbb]l,[0xd6][0x5]em[0x82][0xdf][0xfd][0xf0]_[0x9b][0x84]#[0x83]6:mu[0xab][0xa3][0xbe]h[0xab][0x10][0xdb]n5[0xd5]6[0xd9][0x84][0xbc][0xe][0xfc][0xd3][0x10][0xa8][\n]"
DEBUG wire -  << "[0xd2]E[0x8][0xcc][0xdd][0xae][0xc7][0xd0][0xe5]3[0xd6]\[0x11][0xfc][0xab]+M[0x1d]?t/1[0xd0][0xa0][0xe8][0xa1][0xa5][0xbd]Ad[0xb2]T{iz[0x8d][0xda][0xaa]SX[0x8f][0x11][0xed][0x87][0xe][0xa8][0x1a][0xd9][0xae][0xf3][0xd9][0xff]E[0x3]{[0xd5][0xee][0xe4]bwn[0xb1][0x8b][0xb8][0xc8][0xa9][0x9b][\r][0x1f][0xee]5[0xea][\n]"
DEBUG wire -  << "[0x96]|[0xa1]C[0xf8]ou[0xcf][0x1e][0xea]9[0x91][0xfb][0xa8][0x92][0x1f][0xf4]w[0x16][0xba][0xbd]sg[0x82]`[0xf4]n[0xa1][0x2][0xd8][0xc1][0x11][0xde][0x81]!^[0x1d][0xc2][|[0x88]s[0x98][0xcd]|[0x8c][0xe3][0x8a][\n]"
DEBUG wire -  << "9[0xc0]!w[0xf]U[0x4][0xce]$i[0xdb][0xb5]:[0xa2]^[0xf1]T*[0x9e])[0xb7][0xaa][0x9a][0x8b][0xb3] Em[0x94]O[0x13][0xe9]6[0x8e][0x12][0xe8]B[0x6]z[0x88]'[0xe3]0[0x82][0xc1][0xc8][0x95]P[0xc1]o[0xe2]+pz[0x99][0xf6][0x1e][0x85][0xd4][0xc2]/-[\r][0x9c]=[0xa4][0xa1][0xea][0xb0]aL`[0xec][0xaa][0x84]?[0x19]>[0xc8][0xb5][0xab][0xe2]b[0x97][0x86][0xd4]\M5[0xf6][0xb3][0xe7][0xa6][0xfa]#[0x88][0xac].[0xfe]'[0x10][0xc9]g[0xd1][0xcc][0xf9]t[\n]"
DEBUG wire -  << "[0xac]y-u[0xc4][0xa8]s[0x81]E%jZ[0xd9][0x9c][0xba][0xee]U[0xc7]}p[0xa7][0xdd]#4_Y[0xb][0x86][0xd4][0x3][0xd9]F[0xb1]n[0xa2][0xff][0x95][0xcd]x[0xd4][0xcf],9[0xb6][0xee]{Z[0xc4][0xf8][0xb7][0xe6][0xca][0x94]Ma[0xa2]J[0x1f]&[0xe]nb[0x8][0x19][0x13]NbMu[0xcb]k[0x9b][0xc1]B[0xe6]y[0x93]K[[0x96][0x85][0x2]E[0xad][0xb1][0xb4]P6[0x87][0xb5]iB[0xb5][0x16]'F[0x9e][0x94][0xa6]DR.Kc<[0xb4]qa^[0xd6]1[0xdc][0xdb]R[0xfa][0xae][[0xed][0xba][0xad]m[0x8b][0x8d]T9[0xe4]v[0xf6][0xd4][0xee][0xb][0xb5][0xb3][0xd9]U![0xba]i?[0xe3][0xc9][0x8d][0xee][0xe6][0x96][0xba][0xbd][0xab]v:[0x90][0xd6]i[0xb7][0x9f]5[0xf7][0xc9]Z:[0xc7][\r][0xe1][0x8a][0xac]9E[0x98][0x6]+[0x99][0xff]L[0xf7]:[0xd6][0xde][0xd6]>[0xc9][\n]"
DEBUG wire -  << "T[0xc2][0x9d]j[0xf9][0xd9][0xb8][0xa7].[0xe2])b%[0xb3][0x98][0x5][0xdc][0xc]-'[0xdb][0xf8][0xdf]|Zf[0x10][0xdc][0x8f][0x98]"[0xda][0xb5][0x19][0xcb]!l=[0x82]2KK[0xfd][0x8d]T[0x8]5T[0xc][0x85][0xd7][0x90][0xaf]i[0xcb][0xdf][0xaf][0x92]([0xe6]_[0xf9]d[0x9a][0xf8][0xea][0x7][0xc1]hS%[0xb5][0xf6][0x9d]C[0x9][0xa9][0x91][0xe][0x1]@[0xd6];5[0x10]hB3P[0xe6]J[0x13]`2[0x86]*B[0xbe][0x12][0x1]k[0x5]P[0x9a][0xff]4[0xe8]2[0xee][0xf][0xa4]S'[0x9e][0x7][0xf8]4dQ[0xe0]{[0x16][0x91].[0x88][0x9c]Q*[0xd1]#"m[0x9c][0xe0][0xd4][0x2]?[0x8a]+[0x98]d[0xf4][0xed]8[0x14]WZ;[0x91][0xfc]v[0x13][0xfb][0xb1]x[0x19]3[0xf3][0x9b][0x9f][0xc4]Z[0x1d][0xc1]Z[0x9a]K[0x9e][0x6]t[0xca][0x17]?[\r][0x1c]j21#X[0x1][0x96][0x1c][0x9c]q[0x15][0x17][0xb3]d[0xf9][0xa4]$[0xf9][0xa1][0xf9][0x84]r54[0xeb]H[0x93][0x8b][0xf1][0x4][0xbc]s![0x9]ej&[0xa6][0x9]v[0x92][0x2]o[0x80][0x9b](YY[0xc9][0x1a]h*[0xc0]+[0xcd][0xe3]_k[0x8a]<[0x90][0xb6]7[0x81]~[0xac][0xb2]bE[0x11][0xa4][0xc0]S[0xd7]\.Z[0xd5][0xdc][0x18]73[0xe8][0xee]t {Lp[0xbf][0xc8]:[0x1c][0xb5][0xe5]A*[0x13][0xd3]AZx[0xe5][0x83]T[0xbc][0xff]Q[0xa3][0xbb][0x1c]P[0x14]\[0xcc][0xfa][0x1c][0x11]J[0xdc][0x12][0xb9]F[0x7][0x3][0x8f]^[0x7]\[0xa9]}[0x92]%[0x9][0xe7][0xa3][0x9a][0x8a][0x4][0xf6]67Ki[0x9c]J[0x99]x[0xf7][0xa7]>[0xfb]S[0x9f][0xfd][0xa9][0xcf][0xfe][0xe3][0xf4]Y[0xdd]X*[0xf][0xa3][0xfc]S1n[0x13][0x16]]2[0x9]q[0xa5]2[0x90][0xf][0x9a][0x80]e[0x93]$[0xc8]q V0[0xbc],[0x1b]B[0xc6][0xb5][0xd2][0x4]@[0xad]l[0x8b][\r]O[0x5][0x2][0x9f][0x82]?[0xf][0xa3][0x2]g[0x88][0xa0]q[0x17][0xb6][0xf5][0xdf][0xfd]B[0xa9][0x1]([0x1b][0xf8]-[0xdc][0xd9][0xcb]9[0x12]QWN[0xce]L`[0xa5][0x97][0xb][0x4]K[0x10][0xcc];[0xa7][0xf8]m_[0xf4]M9[0xbf]R[0x86][0xf7]h[0xaa][0xbb],[0xee][0xa8][0xfb][0xe][0xaa]`[0xa9][0x1e][0x9b][0x8b][0x10]./\[0xcb][0xc2][\n]"
DEBUG wire -  << "[0x9b]k+[0xf8]a[0xbf][0xe4]G_[0xc][0x5][0x92][0xa8][0x87][0x6][0xe8]n-[0xfb][0x94]a{[0xf9][0xa7][0x8c][0x17][0xc1]M[0x93]GC8][0xc2]d[0xc][0x91][0x6]A[0x91]K[0x1d]'[0xf][0xa4]p[0x13][0x92][0xba][0x4]6[0x7][0x1a]wJ[0x5]E[0x8e][0x6]uKu%0[0xb9]0[0xcc][0x89][0xdc]U[0xac][0xcb][0xc8][0x94][0xf0][0x10]B[0xc0]g[0x8b][0xc6]d[0xcc][0x96][0xbd][0xf7][0xc8]V[0x17][0x9a][0xc5][0xbf]&[0xdc][0xad][0xad][0xa5]D[0x1][0xcb][0x2]T[0xef][0xd0][0x3][0xb6][0xc3][0x3]9[0x88]Byk[0xb5]([0xce][0xe6]Zq[0x91][0x0][0x13][0xbb][0x4][0xe4][0xf7][0xa0]'E[0x83]Ov[0xdb][0x2]5 [0xbe][0xcf][0x9a]\[0xb9]t[0x8a]oT[0xab]]bY[0xb7][0x85][\r][0x17]S[0xbd][0x1c]R[0xd7]v[0xa6][0xfd]S[0x1f][0x9c][\n]"
DEBUG wire -  << "[0xff][0xd9][0xe6][0xd1]&[0x84][0x85][0xdd][0xe3]-[0xfe]{[0x9b][0xff][0xde][0x85][0xdf][0xbb][0xc7][0x2][0xe0][0xe7]3[0x87][0x1a][0x0][0xb5][0x95][0xe6]<[0xda][0xde][0xdc][0xdb][0x7][0xd9][0xc5][0xa3][0xb][0x1c]\b[0x3][0xe9][0xfc][0xaf][0x86][0xfb][0x1c]x[0xee]j[0xd6][0xd8][0xd1][0xd0][0xd6][0x86][0xd4]3[0xa7]8e[0xf5]C[0xeb]03[0xc][0x9a][0x83][0xc2][0xf]x[0xb2][0x5]w[0x12]o[0xeb][0xea][0xb7][0x84][0x85]S=}[0xaf][0xac][0xb5][0xdb][0xd4]w[0x1e][0xd3][0x2]~[0x9e][0x1].)[0xfd]![0xea]!)[0x89]P[0x9c]B[0x9e]a[0x95][0x16]6[0xca]4[0xae][0x94][0xa2][0xd5][0xad][0xe6][0x15][0xec][0xd0][0x12][0xfb][0x7]If[0x9c][0x9e][0x94]Rl?'7G[0xdb][0xd1]_[0xe8][0x1d][0xdd][0x4][0xdd][0xe3][0xbb]%Fo=[0x9a][0xd1][0xd1][0x4][0xde][0xa9][0xc3][0xc2][0xb8][0xbb]:[0xea][0xaf][0x81][0xc9]~[0xd8]*[0xe0][0x16]k[0xd9][0xb][0x9]?[0xde][0x8c]t[0xac][0xc2][0xf8][0x14][0xfb][0xb][[0x1b][0xcb]h[0xc6][0x1d][0xc2][0xad][0xea][0xee][0xd2][0x13][0xcb][0x8e]?[0x9f][0xbe][0xad][0xdf][0xcf]i[0x95][0xf6]s[0x9e][0x9e][0xbd]^[0xbc];[0x13][0x80][0xc3][0xc0][0xd4][0x83]q[0xf0][0x12][0xca]V[0xf7][0x8e]N[0x9c][0x89]K={[0x8][0xda][0xa7][0xae][0xb6]B[0xb6][0xa8]uQM[0xc5][0x5][0xea][0x85][0x82]:/[0xd8]:$[0xa5][0x9d][0xd9]#[0xdc][0x0]CAu[0x16]ve[0xff][0x1d],[0xce]'<[0xd8][0x82][0x88]m[0x90]U![0x19][0xfb]a[0x8c][0xaf][0x8b][0x99][0xfa]2[0xe8][0xef]n[0xee]>h[0xc3].v[0xc2][0xcf]>s[0x8d]e[][0xd3][0xe][0x13][0xb0][0xad][0x8e][0xde]n[0xf1][0xa7][0x97]I[0xe8][0xf4][0xb1][0x8]h[0xd6]g[0xdd]7[0xf0][0xb9] $,:[0xbc][0x0][0xb2][0x97]n[0xea][0xe5][0xf2][0x7][0xac][0xfc]7[0xd3])[0xc][0x2][0x8e]+[0x1a][0xf7]e[0xcf][0xae][0xcd][0xd9][0xa6][0xf3][0xea][0xe3][0xeb]/D[0xcf]U~[0xea][0x91][0xdf][0xfe][0xe][0xd8]-v[0xd3][0xeb][0xb6][0xf1][0xe7][0xae][0x2]gG[0xdc]9)[0xa4][0x18][0xa3][?[0xa0][0xa6][0x1d]O{m}o[0xb7]Z[0xc0][0x18][0x91][0xdb][0x99][0x99][0xc0][0xa7][0xed]a{[0xd8][0xe9]Ta[0xe3]q[0xe2][0x1a]Q[0x1d][0xbc]X[0xcf]y[0x97][0x1a][0xeb][0xfc][0x98][0x1b]a[0xbb][0xb3]#]2k^>[0xdf][0xe5][0xd5][0xc9]/o?[0x90][0x93][0x1b]`[0xd9]{[0x16][0x83][0xc7][0x1c][0x91][0xeb]mP [0xbb][0xe4][0xb3]g[0x83]6[0x89][0xa8]C[0x8e]<[0xea]Lc[0xcc][0xca][0xcf]uaX[0xc2][0x15]%[0xb8]M[0x17][0x7][0xb9][0xa4]{[0xa0][0x1a][0xd9][0xbe].[[0x8d]T_[0x1d][0xa9][0xa1]JU[0xb7]yk_l[0xfc][0xc2][0x9d][0x81][0xc][0xe9]G[0xe3][\n]"
DEBUG wire -  << "[0x9c][0x9f][0x8d][0xcb]~[0xb8]o_[0x84][0x97]}[0xfc][0xf5][0xfd]{a_[0xd8][0xda][0x93][0x6][0xa6][0xe9][0xbf][0xf5][0xc5][0x9f][0xef][0xdf]/.[0x9b]z[0x90]D[0xe3][0x6][\r]G|gV[0xd4][0xbc]Sy[0xa6][0xd3][0xef][0xfc][0xe4][0xb1][0x9]y[\r]"[0xd8]h[0xee][0xd3]~T[0xd9][0x19][0xe9][0xe3][0x1a][0x4][0x17][0x92]k[0xf7][[0xfa][0xb8][0xd5]r[0x9f][0xea]4[0x9a]zf[0xbf][0x3]O[0xb8]s[0xb4][0xef][0xea]bn[0xfd][0x83]o1[0x1d]WL[0x87][0xf1]+[0xbe]2[0xb8][0x81][0x8d]Z[0xbb]k[0xce]l[0x15][0xdb][0x10][0x9c][0xd8]P7[0x8a][0x87][0x1c][0x8]?H[0xa3]i[0xdb]9[0xe7][0xf2][0xb7][0xab][0x8][0xe0]Gt[0xa3][0xb9][0xf][0xbd]4[0xa2][0x8d][\r]A[0xfb][0x86]J6>[0x1f]i[0x9d]N{kw{s[0xb3][0xa3]u0[0x5][0x97]v[0xe7][0x90][0x11][0x18][0x8]LEW[0x10][0x83]1[0xcc][0xa9][0x1c]bp[0xf2][0xe1]u[0xb9][0xa3]k{[0x18]{[0xb1]%[0xe][0x88]Z;[0xc0]`[0x97][0xf0][0xcf][0xd4]}[0xa5][0xec]d[0xa6][0xb]yxh[0xcf][0xb3]lK[0x3][0x5]F[0xd0][0xa0]q[0xb3][0xaa][0xe1]a[\n]"
DEBUG wire -  << "$[0x9f][0x90][0x90][0xde][0xb2]C[0xf1][0xa4][0x87][0xb4]<?([\n]"
DEBUG wire -  << "[0x82][0xb0][0xb4][0x92]4z$)~q*[0x94][0xf4]]%[0x90]|[0x13][0xdb][0xf1]![0x17][0x97][0xe0][0xc8],[0xf9][0xb9][0xa7][0xb2][0xda]H[0xbe][0xe][0xed][0x1b][0x8]P[0xc0][0xcd][0x5][0x93],[0xfc]V\%[0xc5]2p[0x88]*[0x8a][0x1f]RR[0xfc]%[0x2]3mP[0x9b]+[0x11][0x9][0x2][0x5]D1[8[0xf6][0xc8][0x97]4L[0x96]X[0xe]h[0x5][0x83][0x1]d,Q[0x96][0x8a][0xac][0xff]~'$d[0xcc][0xb2][0xdd][0x11]A[0xa1][0x9e][0xaf][0x82]S$[0x9]p#g[0xd4][0xea][0xb6];[0xbb][0xad]N[0xbb]e[0x86]>[0x90]li[0x12][0x18][0xf]) [0xa0][0xef][0xef]Q[0xf5]A[0x8b][\n]"
DEBUG wire -  << "^[0x80][0xd3]r[0x9d][0xf2][0xad][0x96]s[0xf2][0x93]U[0x99];[0x0])[0xa2]JRZjP[T![0x16][0x8d][0xd3]O_[0xd8]][0x8e]C[0x83](K[0x6][0x85][0x1][0xf1][0x82][0xf2][0x14][0x83]/\[0xba]e[0x8f][0xc4][0x19]![0xb2][0x1b][0xf0]ky[0x8a][0x16]cR\[0xf5][0x8e][0xe4]c[0xfa][0x1f][0x6][0x12]AT[0xeb]9S[0xe5][0xf0][0x9c][0x13]M>dd[0x15][0x8a][0x1c][0xb4]D[0xab][0xd3]n[0xcc]9[0x99]=rv[0xe2][0xf9]e[0xd5][0xc6][0xe5][0xb2]+[0x98][0x91][0xca]{[0xc6][0x9c][0xc3][0x83][0xc4][0x11]%1[0xf8][0x96][0x13][0x9][0xfc][0xcb]e[0x91][0xc9][0xd9]0[0xa1][0xd7]P[0xc2][0xb1][0xf3][0x12][0x18][0xae]k[0xdd][0x9d][0xc]8K$y6v[0x1d]W[0x4][0x3]|*d[0xf8]\[0xff][0x8b]9[0xc2]<[0x15]W[0xbb][0x93][0x12][0xf2]C[0x18]$R[0xd6][0xf5][0xdd][0xea]ar[0xd5][0xc1]q[0x88]0(w[0x7]-[0xc7][0xe6].J[0x95][0xdc][0xf6][0xde]rz[0x85]&[0x9b]%V[0xa6][0xcb]u[0x15]b[0xab][0x1e][0x98]jP*[0x10]T[0x97]R[0xe5]7[0xe3]B[0xc3] [0xc0][0xe7][0xb]@![0x9d][0x94][0xc8]![0xe9][0xf2][0xc4]bS[0xcf]}[0xdf][0x89][0xd2][0xb6]>[0xcd]([0xce]V2J[0xa9]?[0xe4]p[0xa4]$W&T-[0xe6][0xe3][0x0][0xe1]LF&[0x90][0xd9][0x1f][0x18][0xa3]([0x7][0xa1][0x8f][0xf5][0x96]:[0xbf][0xb4]nR[0x9e][0xed]Weggs[0x95][0xdd][0x8f][0xe8][\n]"
DEBUG wire -  << "\x[0xf5])[0xf4][0xff][0xb6][0xa4][0xcb][\r]x[0xbf]f[0xd0][0xf3][0x2]8[0xef][0xfb]Zj[0xb7]V*[0xac]s[0xfa][0xb4][0xb3][0x95][0xf5]i[0xf6][0xc0][0xa7]N9[0x1b][0xb][0xcd];y[0xe5]Z[0xd2]:f[0xf8]Ak~[0xff]s[0x14][0x8f][0xee][0xff]'[0xf7][0x15][0x80]:[0x9e]n[0xbd]X[0xa9][0x4][0x0][0xba]*[0x8b][0xc8][0xdf][0x99]![0xe][0xbf][0x1a]Rs[0xb1]8[0xf4][0xf6][0xda]{[0xed][0x16]/[0xa5]A[0xa9][0xcf][0xe0][0xb2]e[0x5]q[0xe3]47q|[0x92][0xfe]*[0x1a][0xa6][0xec]+[0xa1]/[\n]"
DEBUG wire -  << "P+[0xc1][0xa3]6[0xe7]JS{[0xa5][0xd2][0x84][0xe8]J[0xb2][0xff][0xe6][0xfd]2[0xc9][0x1f][0xba]\[0xee][0xdf][0xbc]_([0xf5];[0xf7]Qy[0xf7][0xa7][0x13][0xd1][0x15][0xe8]<[0xde]Zr[0xde][0xd2][0x16][0xd0]x[0xbc][0xb5][0x90][0xc2][0xbd][0xce][0xf6]*)DtE[\n]"
DEBUG wire -  << "[0xc7],[0x4][0xbb][0x16][0xd8]K[0x8]M[0xc1][0x90][0xde][0xf4]y![0xd9][0xdb][[0x9d]U[0x92][0x8d][0xe8][\n]"
DEBUG wire -  << "d[0xe3][0xa9]n[0x8b])vm[0x8b]j.x[0xba]v[0xc0]'[0x9a][0xa3][0x98][0x1b]#0I[0x96][0xc6][0xfd][0x1e][0xea][0x81]I[0x7][0xdb][0x4]-Bl[0xb][0x1b][0xb3][0xb5]Zi[0xde]*K[0xf3]{[0xdf][0xb0][0x8f][0xe9][0x92][0xe6][0x0][0x8c]I[0x91]V[0xe][0xbc][0x98][0xda][0xee][0xee]J[0xa9][0x5]t[0x5]j[0xcf][0xfe][0xf7][0x96][0x9c]C[0xba][0x9]d[0x2][0xd4]B[0x1a]wwV@c[0xc9][0xab][0xe0][0x8]0y[0x90]=[0xc9][0xaa] [0x2][0x93][0x90][0x83]<[0xbf]D[\n]"
DEBUG wire -  << "[0x11][0xcb]PK[0xcd][0xbc][0xc7][0xb9][0x82][0x8f]9[0x8f][0xf5]^[0xe7][0xf9][0x16][0x9c][0xb5][0x82][0xba][0xad][0xe3][0xe6]*;|[0xb7][0xe4]X[0x82][0xe7][0x80]@[0xd1][0xe2][0xc6][0x6][0x12][\n]"
DEBUG wire -  << "[0x1a][0x96][0x16]X[0xe4]ivV[0xeb][0x1a]u[0xca][0xae][0xd1]k9[0xe3][0xb0][0x84][0xe6]tb[0x2][0x89][0xce][0x8a],[0xf4][0x8f][0xb7]Wk[0xd4][0xb6]Kj[0xe0][0x18]C[0xf][0xc3][0xf]y[0x80][0xb2][0x84]t[0xb3][0x4][0x8b]J[0xb9][0x94][0xb0][0x98][0xf5]+m[0x4][0xa2]+5[0xc2][0x8b]A[0x98][0xc9][0xe7][0xa5][\r][0xe0]pZ"[0x88]O[0xb]U[0x4]^[0xc4]q[0x95]([0xf9][0xa0][0x85];[0xa4][0xd2][0xe0][0x8e][0xcf][0xe0][0x81]7[0x96][0x1e][0x15][0x84][0x7][0xec](YA1m[0xc3]B[0xc0][0x97]F[0x82]2[0x94][0xcb]x`[0xf8]8[0x3]"[0xa7]`[0xe4]4J[0xe1][0x8b]&)~[0xd1][0x94]!3[0x4]0[0xf0]Bo[0xfa][0x8a][0xd4][0x1b][0xe4]p[0xce]|H19[0xf4]'J[0x5][0xce][0xd1]\K[0xeb][0xb4][0x89]|[0xf2][0x87][0xc3][0x8][0xdc][0xd3][0xe][0xe1];[0xdf][0xc5]D[0xc][0x14][0x19]w[0xf2]Y[0x9e][0xfc][0x13]*[0xb9][0xaf][\n]"
DEBUG wire -  << "[0x19]w$;J[0xbf][0xb]t[0x94][0x16][0xb9]*)Gg[0xd7]0'[0xa1][0xd3]x[0xf0][0xc][0xc9][0xab]$[0x2]VDx [0xa7]/&C[0xb4][0xf3][0xf7][0x9a][0xfc][0xc6][0xab][0xfd]W[0xe2]1[\r]A[0xb5][0xe]N[0x9e]4[0xf7][0x95][0xb9]T[0xf2]o[0xc3][0x84][0xc7][0xf1]![0xb5]q-[0xba][0x92][0x9]A[0xda][0x95][0xd9][0xc4][0xda]LVe[0x8e]j[\r]l[0x92][0xa4]A[0x8][0x5][0x14]BC[0x91]IE[0xfa][0xf1]Y[0xfe][0xe5]g[0x11][0xcc] [0xe5]=Z;![0xc6][0xbb]sO[0xc8]Q[0xba]s[0x7][0xa3][0xe]R[0xe9][0xea]n:[0xcb][0x12]@8[0x12][0x87][0xbe]7[0xaa][0xed][0xd4][0xea][0xa1][0xc2]8q[0xcd][0x81][0x17][0x9c].|`[0x84][0x85]Cmq[0x8e];;[0xa7]/[0x1a][0xfb][0x13])'[0x8d]fv>;[0x1e][0x9f]wC[0xfa]$U[0x8b][0x85][0xe9][0xe0]W[0xd3][0xb7]VC[0x91]T[0xe0][0x99]g[\n]"
DEBUG wire -  << "[0x9f]d[0xc5][0x1f],[0xb1]([0xdc]x[0xf]~X*[0x93][0xe0][0xc5]X[0xcc]a[0xa1]|[0xd7][0xf1][0x9c][0xfe][0x97][0xca][0xcf]7z[0x4][0xa9]f[0xcc][0xac][0xb7][0xf8]-![0xc5],O[0x16][0xc3][0xf][0x8][0x8d][0x1b]^[0x1f][0x1e][0xd1][0x9e]M[0xe0][0x1e][0xb4][0x2]1[0xaa][0x81]s[0xbc]x[0xde]u[0xf8][0xa6][0xc8][0xaf]SE[0xa2]EW[0x17][0x13][0xa4][0xac][0xf3][0x13])z|7[0xc1]>I[0xf][0x8][0xdb][0xda][0xd5]qQ[0x1f]H[0xa4][0xcf][0xf]~[0xc6][0x83][0xe3][0x13][0x0]n[0xe3][0xc0][0xcb]OR>h[0x89][0xec]*[0x18][0xf8][0xab][0x95]c[0x93][0xe7]Av[0x5][0xc2][0xea])[0xcb][0xf3][0xc0][0xc1][0xd4][0xcd]?[0x9]z^[0xa1][0xad][0xf9][0x85][0x8c][0xb9][0x85] R[0x98]w~[0xf4][0xbc]";[0xa2][0xc8][0xdc][0xa3][0xa5][0xe7][0x95][0xdb][0x9d][0xad][0xea][0xbe][0xfc][0xd8]CF/8[0x90]z^[0xb9][0x17]3[0xe5][\n]"
DEBUG wire -  << "gU[0xcf][0xed]U[0xe8][0xfd][0xb9][0xe7]X[0xe7][0x85]ZB[0x8][0xf][0xd3]AX;W[0xeb]{[0xa6]c[0x9b][0xdf]@b[0x8b][0xe3][0xb1]^([0xf9]B[0x14][\r][0x8f]>[0xdd][0xe7])=[0xbe][0xaf][0x7][0x84][0xb3]ptv6[0x1f]*[0xad]%([0x15]q[0x98]6[0x1f]*3VT<[0x83][0xc5][0x15]z[0x90]+[0xb7],[0xb1]0)}0[0xf4][0xfd]8[0xff][0xd2] [0xdf][0xc4][0x1f][0xcd]p[0xc0]Ld/[0xf6][0xe8][0x9e][0x1f][0x8][0xf2][0x9f][0xb2]![0xe2][0xe6]M,[0xa9][0xd5]$R[0xa9]>+[0x13][0xb2]2[0xb3]4#SH#[0x1]n7AF[0xd5]N[0xcb][0xee][0xad]v[0xaa][0xab]2/[0xbb]'<[0xa2]G[0xce][0xc5][0xee][0xad]4[0xec]Gt[0xcb][0x88]z[0xa0][0xf][0xdf][0xdd][i[0xd4][0x81][0xe8][0x96]Q[0xf8]p[0x8f]}o[0xa5][0xa1]0[0xa2][F[0xe3]#\[0xf3][0xee][0xde]J'[0xa3][0x10][0xdd]rj[0xef][0xe3][0x87][0xd7][0x8c][0xe8]`[0xca]W-[0x8a][0x81][0xc6][0x1f][0xe5][0xe0][0xfe][0x95][0xf]b[0xf2][0x9d][0xbc]f[0xd7][0xcc][0x1][0xeb]m[0x11]cJJd[0xe0][0xa7][0xdf][0xec] >[0xfc][0xde][0xab][0x88][0x95][0x12][0x9e]?[0x4]^[0xa1]Su[0x8e][0xb9]o![0x17][0x9])i[0xae]9![0x81][0x18][0xfb][0xe5][0xaf]?[0xa9][0x1a],[0x1d][0xeb]_9fx[0xe3][0xb0][0xf5][0x13]9X[0xbf]8~}t~tA~j[0xad][0xa1][0x1b][0x14][0xc][0xf9][0xd1][0xe5]Q@]<[0x1e][0x9c][0x9f]G[0xa1][0xf4][0x94][0xb7][0x1b].[0x19]'.[0xf5][0xd6][0x15]U[0xe1][0x6][0x1][0x12][0x87]F[0x87]u[0xbb][0xbb]/[0x86][0x6]?[0xec][0x1b][0x8b][0xd3]+z3[0x10]}[0xc2][0xf1][0xe0]{[0xe1][0x2][0x80]9G[0x8b]S[0xb][0xcc][0xf2][0xd7][0x16][0xff][0xa3]a[0x11]\[0xe9][0x3][0x15][0xe1][0x9]X[0x3][0xcf][0x7]%[0x8d][0xd5][0x9d][0xa1][0xb2]9[0x95]w[0xe5][0x90]76s[0xac][0x88]{[0x81]x[0xb5][\r][0x82]2k][0x91]t[0x84][0xc2][0xbc]q[0x8f][0xf8][0xf1]t@[0x88][0x85][0xde][0xe5][0x0]?[0xb2]G[0x8e]m!5[0x90][0xec][0xd2][0xc8][0xf7] [0x9e][0xc2]+[0x2]D[0xb5]G[0xa7]o[0x7]o[0x8e]>[0x1c]y[0xf5][0xf1][0x1f][0xbc][0xde]t[0x89][0x1f][0xf2][0x12][0xc3][0x8a]7[0xb8][0x99]T[0xe9][\r][0xa9][0x13]1U[0xc1]3[0xb]+)|e[0x7]B[0x8f][0xa1][0x9a][0x8f][0xde]1.c[0x95][0xb9]w[0x90][0xed]'[0xe6][0x18]s[0xd3][0xc3]W[0x95]^[0x1c]&P[0xce][0xf5]Q!$[0xae]x[0x7]H[0xb9]B[0x19][0xef]U[0xe0][0x14][0x9f][0x81][0xa1]E[0x8e][0x82][0xcc][0x9e][0xf1][0xad][0x88]JV[0x99][0xaa][0xf0][0xc5][0xb2]x[0x8d][0x2]^s[0x4][0xcd][0x11][0x1f][0xb4] [0xc3][0xee][0xec]y[0xfc][0x94]x[0x91][0x0]O[0x9f]NO[0xfe][0x86][0x97]'[0x84][0xec][0xda][0xf6][0x13],[0xfc][0xe1][0xe4][0x1f][0xe7][0x90][0xf2][0x1][0xc3][0x4]U[0xf9][0xf4][0xee][0xe8][0xcb][0xe0][0xec][0xfc][0xe8][0x14][0xd3][0xce]b\[0xaa][0xcd][0xeb]GCO"
DEBUG wire -  << "[0x1a][0x9f][0x9a]9[0xc8][0xc7]O[0x1c][0xc2][0xf]f[0x0][0xde]|~[0xf7]npv|zr[0xf2][0x1]@[0xc0][0xdb]p[0x88][0xd8]>I[0x1a]o0[0xff][0xfc][0xd7][0xcf][0xef]_[0x9d]A[0xd6]96[0xc0][0x3][0xdf]?"[0x8d]_0[0xe7][0xf8][0xdd][0xc7][0xb3][0x13][0xc8][0xe0]l#[0x8d][0x93][0xc8][0xc4][0xd4][0x93][0xd3][0xd3][0x8f][0xa7][0x1c][0x9c][0xa5][0x82][0x1][0x2][0x94][0xee][0x16]0[0xa9][0x87][0x2]d0[0xe2][0xf0][0xa3][0x8e]u[0x2][0xae][0xcb][0xd7][0xd6]![0xf9][0xc4][0xf][0xb6]'q[0x8][0x1][0xc6][0x8]C0[0xbe]]B[0x7]Y[0x7][0xfe]Bi[0xec][0x3]d[0xc9]$[0x18][0x8c] (f([0x9][0xb7][\n]"
DEBUG wire -  << "[0xdf]7l#[0x1b][0xd3]N[0x13][0xa7][0xf3][0xcb][0xc3][0xf6]E![0xd9]I[0xf2][0x96][0x8b][0xba][0xac][0xc0][0x1a][0xce]&C:[0xae][0xe6]`![0xc7][0x6] W[0xfc]a[0xb9]`[0xcb][0xb6]~MW[0x15]~[0xad]Y[0x85][0xfa]U.1[0x4] D[0xc][0xe5][0x98][0xf1][0xb5]%[0xea][0xe3][0xf1][\n]"
DEBUG wire -  << "6\[0x88]yb[0x1f][0xc1]HH[0xf]h~[0xd7]i{\[0xd8]=[0xff][0x94]E[0x89][0x13]G([0xe]>[0xb0][0x9a][0xbf][0x80][0x8b][0x84][0xbb]![0xa1][0x1f]|[0x8f][0x9][0x0][0xc8][0xef][0xc8]l[0x99][0xb][0x8a][0x97][0x91]$[0xe0][0xab][0x5][0xf8][0x7]2[0x1a]B[0x88]I[0xbe][0xb1]i[0x4][0xe] [0x91][0x9f][0xaf][0x99][0xce]G[0x9d]7[0xcd][0xeb]yfU[0xea]y[0x0]&4[0x15]g2[0xfe]B[0x1d][0x87]&'[0x8d][0xc7][0xf4]tH[0x3][0xc7]x\[0x9f][0xb5][0x12][0xe4]'a[0x3][0xc7]v[0xed]x[0xc0]nL[0xc6],^[0xfa][0x8b][0x9f][0x90]1[0x5][0x9f][0x1d][0xbd]Y7@[0x9][0x83][0xea]80<[0xf8][0x4][0xc9]F-[0xc5]"]h6&KG[0x3]\[0xc6]-[0x10]b[0x83]""[0xd3][0xf9][0x8d]Z.[0xbd][0xb1][0xdd][0xc4]%[0x82][0x8][0xc2]W[0x80][0xf][0xfd][0x90][0xc4][0xe9]M\[0x88][0xed]w[0x16][0xfa][0x3]c[0x1a][0xf3][0xfd][\r][0x8c]K:[0xe4][0xe2]3[0xde][0xd3][0x85][0xd4]L[0xf5][0x92]8[0x83][0xc0][0x8f]Q[0x94][0x81][0x7][0x1e][0xbf][0x14][0x8c][0x17][0x94][0xf7][0xb7][0x9c][0xf9]![0x9e][0xbe][0x11]g8[0xb8][0xc9][0x95]W[0x88][0x5],t[0xf1]:[0x1a][0x8b]S[0x11]13[0x9][0xed]x[\n]"
DEBUG wire -  << "}[0x80][0xba][0x90]7[\r][0xa0][0x6][0xd4][0x1b]p[0xa9][0xaf][0x92][0x82][0x18](x[0xed][0x98]7[0x97]"[0xcc][0x1c][0xb8][0xcc][0xf5][0xc3]i[0x91][0xc1][0xef]y[\n]"
DEBUG wire -  << "IS[0xea][0x8a][0x13]>U[0x85].:[0xd4][0x97][0xe3][0xb2]lP[0x8e][0x11][0xba] E|[0x9c]0[0xf8][0xdf][0xc1]U [0xc8]P [0xac][0xc8]qd[0xf5]<[0x1a][0xe5]R[0xa2][0x1][0xbf][0xf0][\r]p[0x1d]y[0xe2][0xee]7[0xe2][0x9b]|[0xbe][0x1d][0xf7]fqd[0xa2][0xdb][0xf4][0xb9][0xba][0x4][0xc4][0xd9][0x8e]"<`R@[0xe][0xc4]X>[0xc7]y[0xc]2[0xa1]`[0xdf]PO[\r][0xed]Q"[0x9c](QM[0x86]O[0xfa]0[0xbc]*[0x9c]t[0x87]vp[0xe3]e[0xe3]q[0xb8][0xb1][0xcf]+[0x90][0x88]k[0x5][0xd6][0x85][0xb0][0xf]W[0x9b][0xa4][0xe2][0xd5][0xc9]8[0x87][0xda]$k[0xde][0xaf][0xe7][0xe7][0x9f]d[0xcd]9[0xc2]![0xe8]][0x8e][0xe8][0xb3](+[0xde][0x11][0x0][0x82][0xa1]A[0x15][0xa8][0xc0][0x0][0x91][0x85][0x1]y.b[0xd9][\r]r[0xcf]:[0x89][0xc][0x18][0xb0][0xd0][0x1a][0x9][0xc8][0xc2]g[0xdd][0xbf]D[0x15][0xbc]|\Y[0xf][0x19].[0x90][0x87][0x9f][0xc4]4^][0x8a][0x99]L[0xc6]`U[0xf8][0xf1][0xe][0xd0]'[0xa0][0x8e]C"+[0xe7][0xd2][0xe3]g[0x1c]x[0xfb]1o*[0xf4]Y[0xe6]Y:[\n]"
DEBUG wire -  << "2[0x10]>[0xbc]M[0xfc][0xec][0xe6][0x88][0xe6][0xbf][0xc1]ZE[0x82][0xe0][0x91]l[0x7][0x98]U\E[0x95]sQ&[0xe8][0xc2][0xeb]@[0xe1][0x80][0xbc][0xd7][0xf2][0x9][0xcc]N[0x98]x[0xe6][0x98][0x9b][0x17][0xe5]8}[0xfe][0x9a]t[0xdb][0xdd][0x1d].[0x96][0xa8][0x8f][0x11][0x9b][0xeb]_[0xb][0x5][0x84][\r][0x7]Y[0x88][0xc6][0x88]Q[0xdc]O[0x98][0xf1][0x1f][0xe0][0xb0]h[0xc7]|[0x16][0xf1][0xbf][0x16]([0xb0]H[0xf6]#[0x96][0x95][0xc2][0x9b]jB\z>H[0xd7][0xf8]K,\#r[0x9][\r][0xdd][0xf7][0x11]b<[0x2][0xc1][0x5]F[0x92]([0x9][0xd9][0xcb][0x8c][0xa6][0x1][0xd7]m_X[0xa4][0x12][0x91]@l[0xf4][0x16][0x4]GD[0xe6][0x7]_[0x95][0x1c][0x12]y[0x9e][0xef]q[0xb7][0xcf][0xd8][0xdb][0xde][0xa4]][0xc3]2[0xba][0x90][0xf8]8?.[0xd5][0xe5][0xf7]3[0x9a][0xb5]X^r[0xb2][0xfa][0xdb][0xbb][0xdd][0xf6][0xde]v[0xdb]0[0xb7][0x15]~[0xf1]D4[0x1e]D[0x93][0xe1]`9[0xd2][0xf2]-:)A[0xf9][0x93][0xce][0x91][0xe9][0x80]L[0x88]Q[0xcc][0x8d][0xfd][0xc5][0xad]X-[0x88][0xfc][0xc5]0[0x81][0xfb][0xbf]`J[0xc4]%AR[0xb9]A[0xe6]O[0xca][0x1d]xq[0xe2][0xdb]/M[0xdd][0x6]~[0x5][0x17]([0x4]F[0xdd]A[0xda]~[0x91]>[0xa1][0xa1]'[0xe4][0xe0][0xbd][0x1c]7[0x1e]8T0,[0xfc][0xa1]0U[0xa8][0xd7][0xcd]1[0xfa][0xd5] [0xf6]h[0xa5]R[0x91]GW[0x8a][0x8f][0xa4]ij[0xf6][0xe4][0x90][0xb2]J[0xc3][0x91][0x83][0xf0]A[0xc8][0xd5][0xcf][0xac][0x1e]D[0xa9]D[0xf3][0x92]![0xfe]2[0x83][0xf][0xed][0x85]g[0x82]M[0xc2][0x98]"[0xb3]Gu[0xa8][0xee][0xfe][0x14][0xd4]?[0x5][0xf5]?VPW[0x10][0xa7][\n]"
DEBUG wire -  << "[0xfd][0xee][0xb2]([0x12][0xbe][0x97][0xac]yh[0xdf][0xf0]F[0xf2]l[0xee][0x5][0xf3]/Rx[0xab]K[0xbd][0xf0][0xe2][0xe5][0xac][0x99]C[0x8a][0x1b]Z[0x4]WR&[0xa7][0x6]a[0xe6][0xba][%[0xbd][0xc9][0x16][0x8a][0x15][0xee][0xb5][0x15]^[0xe][0xbf][0xaf][0x16]2[0xca][0x17][0xd8][0x8a][0xe9][0x4]yW[0xad]([0x96][0xdd]T[0x8b][0x83]2[0x11][0x1b]\[0x90]D[0x89][0xe]}"`[0x7]x[0x0][0x4]B[0x1a][0xee][0x97]Y[0xc2][0x93][0xe0][0xf3][0x12][0xdc][0x86]Q[0x87][0xdf][0x10][0x3]A[0x9d]4[0xef][0xb5]6[0xec]?[0x88][0xe3][0xa9][0x6]:K[0x8c]Y[0xed][0xc5][0x1f]&x(8T$5[0x13][0xf7]e[0xe4][0xda][0xf][0x82][0x1b]#[0xd3]K<I[0x8d][0xae][0x9b]Qp%v[0x95]J#[0xcb][0x2][0xdc][0x9d][0x9f]M[0xcb][0xc8]&[0x1f][0x8b]z[0xbf]`[0xbd][0xc7][0xa2]^[0xf0]+[0x8f][0xc4]Q[0xdc][0x9f][0xf8]T[0xb9][0x1d]F1[0x9f][0xa1][0xc9][0xf7][0x83][0x8c]TC[0xb5][0xf2][0x9b][0xb3][0xf0]{[0xec][0xf7][0xef][0x8b][0xaf][0xbf]R_[0xf7][0x95][0xfc]6 E=[0xe9][0xd7]^%[0xf4][0xa6]_s[0x89][0xd1]/}[0xa5]z[0x91][0xa2][0xfe][0xda][0x87][0xb0][0xf7][0x1c]b[0x4][0x88][0xc6][0xf7][0xb]7z5o[0xff][0xf2][0xee][0xe8][0x95].[0xda][0xde][0xb8][0xc7]~[0xb1][0xab]tOa[0xba][0x81][0x13][0xc2][0xf3][0xa6]>[0xa1]v[0xdc]h>[0x2][0x8d][0xe6][0xda][0xa3][0x10]CVq[0xc5][0xde][0x3]PV[0xf7][0x12][0x6]6[0xe2][0x11][0xdb]3[0xe5][0xfd][0x1e]X[0x9b][0xdc][0xa1][0x81]s~[0x2][0xff][0x83][0x11][0xcf][0xdb][0x15][\n]"
DEBUG wire -  << "[0xc8][\r][0xdb]qp?1[0xf0][0x1d]w[0xc5][0xdd][0xb3][0x82][0x1a]f$6[0xbf][0xdf][0xf0][0xf1]\[0xf8][0xc1][\r][0xb8][0x8f]![0x1c][0xd4][0x1b][0xb]l[0xf3][0x1b][0xc4][0x15][0xf]&[0xbf][0x1e][0xa3][0xbc][0xa6]`E[0xd8]\?[0x89]~[0x80][0xb3][0xf5][0xc8][0xf8]t[0xde]#[0x1b][0x9a]z[0x19]@[0xd9][0x8d][0xfd]H[0xca]2\[0x99][0xeb][0xb2][0x1a]t[0xa0]h,[0x7][0xbc][0x9e][0xc7]Kd[0xdd][0x1e][0xdf][0xab][0xe2][0x6][0xe5][0x18][0xb4][0x93][0x90][0x1f][0x1c]G[0xbe][0xf7]h[0x81][0x8c][0xf0][0x16][0x9][0xc3]Y[0xc1]h[0x9a]C{[0x95][0xd3][0xab][0xc2][[0xda]c[0xbe]b[0xf4][0xf7][0xd9]V[0xfd]c[0x8c][0x97][0xb7][0xcb]j![0xb][0x9c][0xe9][0xf]P[0xbd][0xe4][0x12][0xa4][0xab][0xea][0x1d]H+[0xc0][0xe]8[0x5][0x82]G[0xcb]Z[0xe0]G6[0x9a][0xd4][0x95])+<[0x89][0xf1]Q[0xb8][0xd0][0xa1][0xeb]t[0xa6][0xab]"[0x88][0x16]&[0xc3][0x1f][0xc7][0xad]([0x19][0x8d]p[0xb7][0xf9]#[0xe4]z[0xbe]%.[0xfa]q?b[0x87][0xf9][0x95][0xbf][0x6][0xcb][0x7][0xf5][0xfe][0xdd][0xaf][0x8d][0xc2][0xce]\{[0xd8][0xe0]S[0xea][0x8a][0xed][0x11][0x93][0xbf][0xae][0x9b][0x17][0xed][0xcb][0xe6][0xed][0xaf][0xf9][0xce]\[0xdd][0xc4][0x9]Z[0xa6]v[0xb7][0xd3]+s[0xef][0xcc]>B[0xf1]+L[0xe9][0xfc][0xcb]SU[0xd6][0xe7][0xdf]S[0xf6][0xa9].[0xae][0x94][0xec][0xd3][0x8b][0x93][0xcb]~[0xb9][0xfa][0x6][0xbd]x}[0xf9][0xfc]9[0xfe]^[0xef][0xf7][0xf3][0x1b]$[0xf3]$[0x11][0xaa])[0xcd][0xef][0xdf]Y[0xf3]V^[0x6]+[0xbe][0xd3][0x94][0xf1]z[0x89][0xe3][0xec][0xb3]>F[0x9f][0xfb][0xe0][0x9][0xde][0xc9][0xbd][0xbf][0xf][0xea][0x7]~[0xc9]+[0x1e][0x82][0x93]s[0x8d][\n]"
DEBUG wire -  << "[0xdd][0xe1]P[0xa3]xi2[0x1e]M[0xb2][0xa9][0xec][0x9b][0xd5][\r][0xc5][0xa6][0xce][0xfd]f~[0xd5]k[0xf3][0xe][0xaf][0x1f][0x86][0x86][0x1a][0xd0][0x9c]>'[0xf2][0xf9]s[0xe3][0xe2][0x17][0xe0]1OQ[0xd2][0x89][0xbd]}Ll[0xbc]Q[0xad]"[0x83][0xf0][0x12]M[0x9c][0x17],_[0xdf][0x9]@*[0xe7]@s_[0xe0][0xc8][0xb8]v'[0xd3][0xef][0xee][0x9a][0xe2][0xfe][0xe3]t[\r]Bs[0xad][0xf5][0x13][0xb9][0xbc]<$?[0xb5][\n]"
DEBUG wire -  << "[0x8b][0xd2]p{0[0xdf].[0x1c][0xbb][0xe]n[0x17][0xc6]][0xc6][0xaf][0xa7][0x1e]umSl[0xc][0x96][0xc7]%[0x88][0xc9][0xd6][0xb6][0xde][0xd9][0xed][0x12]qfS$[0xee]O[0xe7]%[0x8e]y[0xc0]S-`L[0xc9][0xdf]?igI[0x0][0xa2][0xcd]![0x8][0xb8][0xe8][0xdd]v[0xe7][0x85][0xd6][0xee]h[0x9d]-[0xd2][0xd9][0xed]m[0xef][0xf4]:;[0xf2][0x1e]vD[0x14]!0[0x84]C[0x8][0xc][0xa9][0xff][0x7][0xae][0x5][0xd6][0xf1]+[0x87][0x0][0x0]"
DEBUG RequestSpecificationImpl$RestAssuredHttpBuilder - Parsed data to instance of: class org.apache.http.conn.EofSensorInputStream
DEBUG RequestAddCookies - CookieSpec selected: default
DEBUG RequestAuthCache - Auth cache not set in the context
DEBUG PoolingHttpClientConnectionManager - Connection request: [route: {}->http://localhost:2064][total kept alive: 2; route allocated: 1 of 2000; total allocated: 2 of 2000]
DEBUG PoolingHttpClientConnectionManager - Connection leased: [id: 1][route: {}->http://localhost:2064][total kept alive: 1; route allocated: 1 of 2000; total allocated: 2 of 2000]
DEBUG MainClientExec - Stale connection check
DEBUG wire - http-outgoing-1 << "[read] I/O error: Read timed out"
DEBUG DefaultManagedHttpClientConnection - http-outgoing-1: set socket timeout to 10800000
DEBUG MainClientExec - Executing request GET /session/e9c2f5b492893b90288674161d6e7d46/element/0.01484094461664287-14/attribute/href HTTP/1.1
DEBUG MainClientExec - Target auth state: UNCHALLENGED
DEBUG MainClientExec - Proxy auth state: UNCHALLENGED
DEBUG headers - http-outgoing-1 >> GET /session/e9c2f5b492893b90288674161d6e7d46/element/0.01484094461664287-14/attribute/href HTTP/1.1
DEBUG headers - http-outgoing-1 >> Cache-Control: no-cache
DEBUG headers - http-outgoing-1 >> Host: localhost:2064
DEBUG headers - http-outgoing-1 >> Connection: Keep-Alive
DEBUG headers - http-outgoing-1 >> User-Agent: Apache-HttpClient/4.5.3 (Java/1.8.0_161)
DEBUG headers - http-outgoing-1 >> Accept-Encoding: gzip,deflate
DEBUG wire - http-outgoing-1 >> "GET /session/e9c2f5b492893b90288674161d6e7d46/element/0.01484094461664287-14/attribute/href HTTP/1.1[\r][\n]"
DEBUG wire - http-outgoing-1 >> "Cache-Control: no-cache[\r][\n]"
DEBUG wire - http-outgoing-1 >> "Host: localhost:2064[\r][\n]"
DEBUG wire - http-outgoing-1 >> "Connection: Keep-Alive[\r][\n]"
DEBUG wire - http-outgoing-1 >> "User-Agent: Apache-HttpClient/4.5.3 (Java/1.8.0_161)[\r][\n]"
DEBUG wire - http-outgoing-1 >> "Accept-Encoding: gzip,deflate[\r][\n]"
DEBUG wire - http-outgoing-1 >> "[\r][\n]"
DEBUG wire - http-outgoing-1 << "HTTP/1.1 200 OK[\r][\n]"
DEBUG wire - http-outgoing-1 << "Content-Length:101[\r][\n]"
DEBUG wire - http-outgoing-1 << "Content-Type:application/json; charset=utf-8[\r][\n]"
DEBUG wire - http-outgoing-1 << "[\r][\n]"
DEBUG wire - http-outgoing-1 << "{"sessionId":"e9c2f5b492893b90288674161d6e7d46","status":0,"value":"http://pros.unicam.it/projects/"}"
DEBUG headers - http-outgoing-1 << HTTP/1.1 200 OK
DEBUG headers - http-outgoing-1 << Content-Length:101
DEBUG headers - http-outgoing-1 << Content-Type:application/json; charset=utf-8
DEBUG MainClientExec - Connection can be kept alive indefinitely
DEBUG PoolingHttpClientConnectionManager - Connection [id: 1][route: {}->http://localhost:2064] can be kept alive indefinitely
DEBUG PoolingHttpClientConnectionManager - Connection released: [id: 1][route: {}->http://localhost:2064][total kept alive: 2; route allocated: 1 of 2000; total allocated: 2 of 2000]
DEBUG BasicClientConnectionManager - Get connection for route {}->http://pros.unicam.it:80
DEBUG DefaultClientConnectionOperator - Connecting to pros.unicam.it:80
DEBUG RequestAddCookies - CookieSpec selected: ignoreCookies
DEBUG RequestAuthCache - Auth cache not set in the context
DEBUG RequestTargetAuthentication - Target auth state: UNCHALLENGED
DEBUG RequestProxyAuthentication - Proxy auth state: UNCHALLENGED
DEBUG DefaultHttpClient - Attempt 1 to execute request
DEBUG DefaultClientConnection - Sending request: GET /projects/ HTTP/1.1
DEBUG wire -  >> "GET /projects/ HTTP/1.1[\r][\n]"
DEBUG wire -  >> "Accept: */*[\r][\n]"
DEBUG wire -  >> "Host: pros.unicam.it[\r][\n]"
DEBUG wire -  >> "Connection: Keep-Alive[\r][\n]"
DEBUG wire -  >> "User-Agent: Apache-HttpClient/4.5.3 (Java/1.8.0_161)[\r][\n]"
DEBUG wire -  >> "Accept-Encoding: gzip,deflate[\r][\n]"
DEBUG wire -  >> "[\r][\n]"
DEBUG headers - >> GET /projects/ HTTP/1.1
DEBUG headers - >> Accept: */*
DEBUG headers - >> Host: pros.unicam.it
DEBUG headers - >> Connection: Keep-Alive
DEBUG headers - >> User-Agent: Apache-HttpClient/4.5.3 (Java/1.8.0_161)
DEBUG headers - >> Accept-Encoding: gzip,deflate
DEBUG wire -  << "HTTP/1.1 200 OK[\r][\n]"
DEBUG wire -  << "Date: Mon, 14 Jan 2019 17:23:55 GMT[\r][\n]"
DEBUG wire -  << "Server: Apache/2.4.18 (Ubuntu)[\r][\n]"
DEBUG wire -  << "Vary: Accept-Encoding,Cookie[\r][\n]"
DEBUG wire -  << "Cache-Control: max-age=3, must-revalidate[\r][\n]"
DEBUG wire -  << "Content-Encoding: gzip[\r][\n]"
DEBUG wire -  << "Content-Length: 8742[\r][\n]"
DEBUG wire -  << "Keep-Alive: timeout=5, max=100[\r][\n]"
DEBUG wire -  << "Connection: Keep-Alive[\r][\n]"
DEBUG wire -  << "Content-Type: text/html; charset=UTF-8[\r][\n]"
DEBUG wire -  << "[\r][\n]"
DEBUG DefaultClientConnection - Receiving response: HTTP/1.1 200 OK
DEBUG headers - << HTTP/1.1 200 OK
DEBUG headers - << Date: Mon, 14 Jan 2019 17:23:55 GMT
DEBUG headers - << Server: Apache/2.4.18 (Ubuntu)
DEBUG headers - << Vary: Accept-Encoding,Cookie
DEBUG headers - << Cache-Control: max-age=3, must-revalidate
DEBUG headers - << Content-Encoding: gzip
DEBUG headers - << Content-Length: 8742
DEBUG headers - << Keep-Alive: timeout=5, max=100
DEBUG headers - << Connection: Keep-Alive
DEBUG headers - << Content-Type: text/html; charset=UTF-8
DEBUG DefaultHttpClient - Connection can be kept alive for 5000 MILLISECONDS
DEBUG RequestSpecificationImpl$RestAssuredHttpBuilder - Parsing response as: text/html; charset=UTF-8
DEBUG wire -  << "[0x1f][0x8b][0x8][0x0][0x0][0x0][0x0][0x0][0x0][0x3][0xed]}[0xe9]v[0xdb][0xb8][0x92][0xf0][0xef][0xf8])`[0xe6]v,u[0x93][0xd4][0xe2]5[0xb2][0xe5]\[0xc7]q[0xba][0xf3][0x9d],>[0xb1]3w2[0x8e]G[0x7]$![0x89][0xe][0xb7][0xe6]bY[0xed][0xf8]][0xbe]w[0x98]7[0x98]'[0x9b]*[0x0]\EI^[0xd4]w[0xce][0x9d][0xd3][0xee][0x8e]M[0x2][0x85]B[0xa1]P[0xa8][0x5][0xc4]r[0xb0][0xfe][0xe6][0xd3][0xf1][0xf9][0xd7][0xd3][0x13]2[0x8e]][0xe7]p[0xed][0x0][0xff][0x10][0x87]z[0xa3][0xbe][0xc2]<[0xed][0xcb][0x99]B[0x82][0x90][\r][0xed][0x9b][0xbe][0xe2][0x8f]z[0x0][0x14][0x7][0xbd]V[0xcb][0x1f][0x5][0xba][0xcb]Z^[0xf4]\9\[0x83]2[0x8c]Z[0x87]k[0xcf][0xe]\[0x16]Sb[0x8e]i[0x18][0xb1][0xb8][0xbf][0xf1][0xe5][0xfc][0xad][0xb6][0xb7][0x91][0xa5]{[0xd4]e}[0xe5][0xda]f[0x93][0xc0][0xf]c[0x85][0x98][0xbe][0x17]3/[0xee]+[0x13][0xdb][0x8a][0xc7]}[0x8b]][0xdb]&[0xd3][0xf8][0x8b]Jl[0xcf][0x8e]m[0xea]h[0x91]I[0x1d][0xd6][0xef]([0x88][0xc5][0xb1][0xbd][0xef]$dN_[0x9]Bh;L!c [0xad][0xaf]H[0xa2]Fn0[0xd2][0xfd]p[0xd4][0xba][0x19]z[0xad][0xe]/[0xf3][0xec] [0xb6]c[0x87][0x1d][0x9e][0x86][0xfe][0x15]3[0xe3][0x88]h[0xe4][0xf4][0xf3][0xa7]3[0xfc]e[0xb2](b[0x11][0xa1][0x9e]E[0xce]X[0x88]uG[0xe4]=5[0xe]Z[0xa2][0xc4][0x1a])[0xfc][0x1c]Dfh[0x7]1[0x89][0xa7][0x1]4!f7q[0xeb][0x8a]^S[0x91][0xaa][0x10][0xdb][0x82]F[0x4][0xc9]PC[0xb6]%t[0xc4]4[0x99]S[0xc6][0x82]?[0xd7]4$,[0xc][0xfd]p[0x10][0xc5][0xe1][0xc0]7[0xae]H[0x9f][0xdc][0xce]@[0xe1][0xcf]F[0xc8]~O[0xec][0x90]Y[0x1b][0xa4]G6[0xec][0x88]d[0xef]j=[0xbc]kG.[0x8d][0xcd]1[0x87][0xb7]|h[0x8e][0xe7][0xc7]D$[0xcd])rM[0x1d][0xdb][0xa2][0xb1][0xed]{i%X[0x84][0xa7]n[0xcc][0x94][0xb8]+[0xb3][0xa4]%[0xda]Xn[0xe2][0xda][0xc1][0xba][0xa6][0x91][0xf3]1`[0x8a][0xec][0x98][0x11][0xf8][0xeb][0x7][0xb1][0xed][0xda]0[0x8b]L[0xec]xL[0xe2]1#_}[0x1a][0xc5][0xe4][0xec][0xe4][0x13][0x9][0x9c]dd{[0xe4][0xfa][0xa5][0xbe][0x5]][0x83][0xfd][0x18]AGN1_7}[0xb7]5[0xf1]C[0xb][0xc4]/[0x8a]Z[0x2]2jE[0xcc]o[0x11]M[0x3]A[0xcd][0xc5][0xc1][0xa4][0x9e][0xef][0xd9] )[0x15][0x81][0x0]1[0x89][0xf4][0x4]s\[0xdd][0x8e][0xf1][0x95][0xb]AK!-([0xcf][0x85][0x12][0xd2][0x2][0x16][0xc6]S.[0xdd][0x8e][0x8f][0xd2]V[0x90]L[0xe6][\r]p[0x0][0xd4]C[0xa3]0[0x14]`i[0x18][0xdb]&[0x96][0x9e][0x3][0x8d]RU[0x0][0xbf][0xbf]D[0xce][0xc3]h1[0xd1][0x3][0xd0]{[0x5][0xbc][0xef][0x19][\r][0xbd][0xd3]#[0xeb][0xbf][0xff][0xe3][0x83]o1G{M#[0xe0][0xfd][0x99]o[0xc2]p"<[0xd7][0xf6]Fd[0xe8][0x87][0xe4]41[0x1c][0xdb]$G[0x96][0xb][0xa3][\r][0xc4][0x91][0xb]B[0xa4][0x92][0x93]/[0xda][0xdb][0xd3]][0xed][0xdd][0xf1]y[0x93][0x1c][0x8f][0xfd][0x90][0xf9][0x11]`{O[0xc3][0x11]#g[0xc8]![0x99]:[\n]"
DEBUG wire -  << "i0[0xb6][0x81]HD[0xf6]6[0x89][0x93][0x90][0x91]w@F[0xe8][0xb1][0xb8][0x84]e^[0xb][0x92][0xd0])P[0xfe][0xc8]NC9[0x1b][0xa0]n)2[0xf7]q[0x1c][0xb5]][0x18][0xbb]K)[0x9a][0x4][0x9a][0x84]h%[0x81][0xe3]S+ju[0xdb][0x9d][0xdd]V[0xa7][0xdd]r[0x90][0xbd][0x1][0xb5][0xf4][0xc0][0x1b][0x15]*[0x11][0x9a]/[0x6][0xf9][0x7][0xe6][0xf4]L[0x1a]Z[0x85]J[0xa2][0xc4]ui8[0x9d][0xb][0xfe]/[0xd9][0xcd][0xe5]&[0xac]D[0xf6][0xcb]([0xff][0x84][0xae]*[0xea][0xf8][\r][0x1a][0x4][0xc0]4[0xce][0xaa][0x96]c[0xfd]r[0x15][0x81][0x8a]<[0xbc]U[0xfe][0xce][0xd1][0xdd][0xc4]JOI[0x95]Ud[0x8e][0x99]K[0xd1][0xee]([0xaa][0xf2]w[0xae][0x14]z[0xca][0xa7]pD=[0xfb][0xf]^[0x1e][0x92]Q[0xd0]{sh[0x84][0xec][0x8][0x9a]v[0x14])[0xbd][0x8b][0xc][0xe9]d2[0xd1][0xa7]>[0xf0][0xda]`\[0xf][0x82]M[0xf5]<[0xe6][0xb4][0xbe][0x1c][0xf][0x8e][0xbf][0xf9][0x10][0xbf][0x19][0x86][0xbf][0xfe][0xc7][0xe4][0xd3][0xe8]?~7[0x8c]6t[0x91]r[0x9]u[0xdb][0xd6][0xdc]J[0x9e][0xfb]e[0x82][0xf8]x[0xe9]-[0x1d]'[0xaa][0xe2][0xf8]#[0x1f][0x0][0x95][0xbb]\[0xdf]s[0x15][0xdf][0x9a]Q[0xe2]:[0xd7][0xca][0x5][0xb5][0xbc]ay[0x91][0x86][0xbe][0x3][0xe3]F[0x89]k[0xe6][0x8d]V[0xcb][0xa5]7[0xa6][0xe5][0xe9][0x86][0xef][0xc7]([0x8c][0x1][0xbe]@[0x13]7x[0x1f],+<[0x4][0xf6]G[0xfa][0xc8][0xf7]G[0xd0][0x81][0x1d][0xdd][0xbf]d[0xa4]O[0xb0][0x8f]*[0xc0][\n]"
DEBUG wire -  << "uP[0x90]i[0xc][0xb2]$[0x8c]{[0xb1][0xe3][0xc3]([0xfa][0xe5][0xc6][0x5][0x1d][0xc5][0x5]x[0xa9]Z!/B[0xfa]{[0xe2][0xef][0x93][0xb7][0x8c]Y[0x8b]M[0xd1][0x10] [0xa4]F[0xfb][0x93]i9[0xf6]][0x17][0xe4]?[0xba][0x7]Q[0xa6][0x4]-P[0x7][0xe][0xd4]B[0xd7][0x7]![0x9e]Ml[0xcf][0xf2]'[0xfa]`[0x12]0[0xd7][0xbf][0xb2][0xcf]X[0x1c][0x83][0xee][0x89][0xd0][0xb3]Q[0xc]PK_2[0xe9][0x8f]z[0xdf]Z[0xdf][0xd2][0xae][0xf8][0xd6][0xe2][0x83]8[0xfa][0x6][0x15][0x87][0xec][[0x8b][0x17][0xfe][0x6][0x8e][0xdb][0xb7][0xd6]n[0xf7]f[0xb7][0xfb][\r][0x87][0x86][0x18]k|[0x90][0xc2]8[0xb9][0x1e]=[0x1c][0x17][0x14][0xe2][0x98][0xe0][0xef][0x89]@[0x6]O[0xf8][0xee]'[0xa1][0x9][0x83][0xe0]V[0x81]1[\r]L[0xe6]E[0xd2][0x1][0x84][0xa8][0xcb][0xdc][0xf9][0x86][0xca][0xc4][0xf6]L'[0xb1][0xb0][0x9a][0xab][0x88]'[0xf0]B[0x1a][0xf4][0x1e][0x83]v[0xea][0xa0]`[0xf5][0xab][0xe8][0xd5]5[0xb][0xfb][0xdb]z[[0xef]*ww[0xfb][0xc8][0xa0][0xf5]a[0xe2][0x99][0xd8][0x8b][\r][0xaa][0x1a][0xaa][0xd9][0xbc]M[0xdf][0x89][0x85])[0xcd][[0xf4][\n]"
DEBUG wire -  << "[0xcd][0xfe]Y[0x1c][0x2][0xdf][0xf4]a[0xe8][0xbb][0xc7][0xe0]C[0x1f][0x83]^[0xdf]wt[0x13]5[0xd5]gP[0x97][0x8d][0xb6][0xda]V[0xbf][0xeb][0xc2]A[0xfe][0xae][0x8f][0x99]=[0x1a][0xc7]M[0xd5][0xd1][0xc1][0x15]v[0xce][0x81]Q[\r]SG[0x89][0x99]6b[0xf0][0xbf]T[0xda][0x4][0xf0]vs[0x1f]q[[0xfd][0xef]z[0xec][0xbf][0xa1]1[0xfd][0xf2][0xf9]}[0xa3][0xf9][0x4][0xac]F[0x1]+[0xab]`[\r][0x19][0xd8][0x6]hS[0xbf][0xdf]gwY[0x13]Y[0x83][0x8a][0x6][0x1a][0xfb][0xf6][0xb0][0xb1][0xee][0xfc][0xf8][0xb1][0x9e]#o[0x8a]2[0xeb][0x9d][0xfd][0x8][0x14][0xbb]9n8:[0x8a][0x18][0x1a]3[0x18][0x17](p~[0xa0] 1>*[0xf9][0x9d]v[0x9b]lv[0x83][0x1b]r[0x14][0x82][0x95]S[0xa0][0x89][0xb7]&@*C[0x87][0x8e][0x94][0x9e]D[0xd5]0[0xfa]V[0xe3]b{{s{G[0xdd][0xde][0xd9][0xeb][0xc2][0xef][0xf4][0xb9][0xf3][0xf2]R-[0xe5][0xec]u[0xdb][0x9b][0xa5][0xec]f[0xf3][0xc5][0x8b][0x12][0x82][0xdd][0xcd][0xcd].[0xe4]u[0xba]{[0xf0]{[0xab][0xbb][0x99]?w[0xf6][\n]"
DEBUG wire -  << "[0xe9][0x9d][0xfc]y[0xb3]][0xf][0xbf][0xb5][0x9b]W[0xce][0xb1][0x8a][0xca][0xb][0xa0][0xe5][0x4][0xc0]_[0x81][0xe8]T[0x12][0xa0][0xa6]%8[0xa0][0xce][0xa6][0xba]n4[0xf7]9[0x9b][0xa4][0x84][0xcb]n[0xca]Z[0x89][0x90][0xbb];m[0xf5][0xe5][0xee][0xcb][0xae][0xba][0xb3][0xdd][0xde]L[0xb9][0x94]fp[0x9c][0x85]\Dy[0x97]v\[0xde][0xd1][0xc3][0xb4][0xa3][0xcd][0xbe][0xa1][0x9b]![0x83]!u[0xe2]0[0xd4]([\r]E[0xaa][0xb] D[0x8f]B[0xb3]OUS[0xb7]@C[0x87]}S[0xaf]W,[0xaa][0xa1][0x8f]X,[0xcb]G[0xaf][0xa7][0xe7]t[0xf4][0x11]lVC[0xc1]PSi^[0xb4]/Q*[0x99]g[0x1d][0x8f]m[0xc7]j[0x98][0xcd];[0xac]y[0xa4][0x8e]U[[0xbd]R[0xbf][0xcf]R[0x0]1[0x2] W@[0xb2]Aj[0x1][0xf5][0xb1]0[0xe4]/^[0x14][0xdf][0x1a]J[0x17][0x90][0xef][0x83][0xa3][0xd3][0xb8][0xea][0x1f][0x85]![0x9d]6[0x84]p[0xa9][0x92]yM <J[0x2][0xc]`[0xa3][0xfe]-[0x83][0x91]>[0x85]a[0xe1][0x8d]z[0xeb]m5;[0xb9]1Y[0x10][0xbf][0x85][0x82][0x90]~[0xa7][0xda][0xfd][0xf6][0xbe]}p[0xa5];[0xcc][0x1b][0xc5][0xe3]}[0xfb][0x97]_[0x9a]9[0x96][0x8b][0xab][0xb][0xfb][0xf2][0xb2][0xcf][0x1a][0xf8][0xb7][0x88]^[0xcf][0xf1][0xf5]kS_[0xbc][0xa8]bQ[0x5][0xb1][0xeb][0xfd]>[0xbe][0x82]$[0xd7][0x96][0xcb][0xa9][0xab][0xc7][0x9b][0xe7][0xcf][0xd6][0xc0];[0xf0]i([0xd7][0xb][0x10]H.4[0xf9][0xcd][0xa7][0xf][0x9f][0xa1][[0xa7][0xfd][0xf5][0xe][0xbc][0x85][0xf8]xL[0x1d][0xc7][0xa0][0xe6][0xf7]~[0xa6]:a[0xac][0x17][0x0][0x81][0xad][0xb5]5[0xfd][0xf8][0xd1][0x18][0x97][0xcb][0x94][0xd0]5[0x9a]w Y[0xd4][0xb2]N[0xae]A*[0xde][0x83];[0xcc]<[0x16][0xbe]j[0xcc][0xa6]5[0x14][0xa8][0xec]X8[0x8f][0xef][0xc1]s[0x4][0xe3][0x9][0xc2][0xb5][0xde]i[0xaa][0xb4][0x6][0x16]}K[0x99][0xdf][0xec]5[0x0]"[0x8e][0xa9]9[0xe6]@[\r][0xc5][0xf7]dv[0x13][0xeb].[0xe7]p[0xea][0xa2][0x18]$[0x15]]<pi[0xd5][0x2][0xf1]`[0x99][0xdc][0xc0]a[0xe0][0x10][0x80]J5DK[0xce][0x10][0x16];[0xa6][0xda][0xae]fS[0xe5][0xdc][0xe7]f[0xed][0xc7][0x8f][0xdb];u[0xa4][0x17],[0xdb][0xab]a[0xa3][0xf4][0xde][0xec][0x8d]ti[0xb0]_[0xbc][0x18][0xe9][0xf1]D>6[0x10]N[0xbe]5U|[0x91]P[0xcd]f[0xf3][0xae]!L[0xbd]j[0xf9]f[0x82][0xc3]J[0x9d]c[0xfa][0x9b]h[0xf6]r[0x8f][0x11][0xbd][0x88]x[\n]"
DEBUG wire -  << "[0x1]Ea[0xac][0x9b]Q[0x4][0xde][0x83][0xed]"~-rm[0x87]MU[0xfe][0xca][0x11][0x91][0xdb][0xb5]g[0x96][0x1d][0x5][0xe][0x9d][0xf6][0x88][0xed][0xa1]- [0xeb][0xb6][0x8b][0xbd]M[0xbd][0x18][0xb0][0x1b]~hA[0x18]@ [0xf0][0x9f][0xc9][0xb9][0xd1][0xa2]1[0x5][0xb2][0xea]r[0x85]}[0xeb][0x91][0xe]s[0xcb][0x19][0xdc][0x0][0xd6][0xa4]Cl[0x6][0xce]m[0x8f][0xb4][0x89][0xde][0xde][0xad]f[0x82][0xd8][0xc5]8[0xef][0xa0]Q[0xc7][0x1e][0x1][0x90][0xd6][0xd6]g[0x10]`[0xf7][0x8c]B?[0xf1][0xac]:z [0x2][0xb1]P[0x0][0xfe]b[0xfa][0xdd][0x1a]p[0xf]YV[0xf2]lyJ4f,[0xde][0xc0]9[0xa7][\r][0xe0][0x9c][0xe1][0xf8][0xe6]w[0xcd][0xb1][0x8d][0x10]bH[\r][0x98][0xba]A[0xa4][0xcb];7"J[0x9d][0x18][0xec][0x82][0x16]09n[0x95][0x90][0x88]z[0xb9]/[0x3][0x0][0xb9]3[0xb3]!#[0xa3][0xb4][0xf7]6[0x88][0xcb],[0x9b]B[0xa8][0xe4]8U[0x17][0xbc]J[0xe8][0x98]E[0xb1]M5[0xd3][0xb1]Q[0x9b]k[0x6][\r][0xef]Gj[0x1a][0xbc][0xa5][0x93]?1[0x84]Z[0xcc][0x8e][0x1c][0xa6][0xe1][0xc8][0x80][0x80][0x6][0x1c]c[0xdf][0x18][0xde][0xc]\[0xdf]J[0x1c]lR[0x9a][0xac]9lD[0xcd]i[0x8b][0x82]w[0x1c][0x8b][0xa6][\n]"
DEBUG wire -  << ""Z[0x5]"V[0xd7]@[0x8b]Fc[0x1b][0xa8][0x8d][0x1e][0xd3][0x5]i[0xd9][0xd5][0xf2][0x1c][0xf9][0xa2][0x9][0xbe]hAb a[0x1a][0x8c][0xd9]D[0x13]t[0xb6]g([0xc5][0xb8]sNp[0xc6][0xe3].[0x8d]NX[0xe4][0xbb][0xac][0xb5][0xa5][0xef][0xea]mNz1[0xb9]D}[0x17]@6[0xff]D[0xea];[0x92][0xfc][0xe4]U[0xf0][0xf6][0x5]|[0xea]du[0xad][0xca][0xf8][0xfa]0[0xf2]9[0xd9][0x99][0x0]K[0x91][0xce]pqJ[0xb3][0xb7]R7tV4py?G[0xf6][0x1f][0xec][0x9e][0xf2][0xbd][0x90][0xf0]Lp8[0xc2][0x8a][0xd8][0x80][0x2]}[0xf9][0x14][0x82][0x8b][0x12][0xb9][0x2]ZKr[0xbf]P[0xe2]W[0xc4][0xea][0x1]O~[\n]"
DEBUG wire -  << "[0xe5][0xb3][0xea][0xfb][0xbe]\[0x15]6z[0x86][0x16]a~[0x5]I[0x15][0x14][0x87]k[0xba][0x94][0x10][0x88][0xd3]P[0xa3][0xaa][0xa4][0x92]@0[0xb2][0x4][0x7][[0xfe][0x19]Dc?[0x8][0xc0][0xe0][\r]L[0x1a][0xc6]D[0xc7][0xdf][0x3][0x7]l[0x10][0x1a][0xfc]g[0x5][[0x9][0x8d]s|[0xb0][0xef][0xcf]7w6[0xb7]7w![0xf3][0xe][0xfe][0xcd]ANt[0x87][0x1a][0xcc][0xd1][0x86][0xe0]g[0xa1][0xff][0x1][0x1e]C[0x90][0xc4][0x17][0x9c][0xd8][0x8][0xe2]\s|[0xd9][0xd3]&[0xcc][0xf8]nC[0xdf]%1~;rD[0x85]ij[0xd1]i[0x0]E[0x1]([0xdb][0xf8][0x1f][0x84][0x9a]/[0xe1][0x7][0xfe][0x14][0xe8][0xb8]o[0x93][0xef]A[0xd5]rvq8[0x9c]yuu[0xfc][0xa5]!w[0x82][0x9e][0xc1][0xe0][0x85]--[\r]"c%[0xe6]S[0xb1][0x94][0xba]L[0x16][0x12][0xdc]K[0xfb]h[0xc8][0x90]7[0xe4]I[0x9d]T[0xea][0x12][0x14]2[\r]{J[0x8a][0x82][0xac][0xa5][0xe0]&[0x91][0x9a][0xde] [0xb4][0xa6]=[0xf2]A[0xf3][0xe8]5qlB[0xe7]Q?[0x83][0xab]7[0xf6]a[0x0][0xdd][0x3][0xa3][0x0],[0xe3]e[0xfc]GH.[0xfc][0x6][0xc2][0x90]9P[0x82]c[0xb0]B?[0x0]q[0xf3][0xb8]U[0x3][0x1c][0x12][0xc3]!4`![0xd8][0x10]\[0xef]h9[0x18][0x85][0x18][0xe2][0x9a][0xcd][0xc0][0x89][0xbf][0x9c][0xec]C$|[0x9][0x19][0x86]oM{[0x9e][0x1f]7[0xf4]1[0xe8][0xbb]fV[0x1e]bw"
DEBUG wire -  << "[0x9a]8q[0x5][0x9f].*[0x15][0x5][0x8c][0xd8]k[0xae][0x10][0x8d][0xec][0x89][0x15]![0xe3]LDdY[0xf]#[0x93][0xf0][0xc3][0xc]:[0xd4]#Bu[0x17][0x84]<[0x86][0xf8]}A[0xb6][0x86][0xba][0xbc][0x8] [0xe5][0xbc]@[0xab]>[0xa6][0x91]FM[0x13][0xb4][0xb4][0x90]b.![0xf8][0xa1]T[0xca]t[0x9b]v_n[0xd3]}[0xa9][0xde][0xb0]D@[0xc1]S[0xe1]S[0xbe]$[0x2][0xf]E7[0x93]0[0xc4]H[0x8b][0xcc][0xcb][0x91][0x8d][0x99][0x9f]_[0x10]M[0x11]5i[0xa5][0xca][0xf3][0xba][0x8d]$[0x8e]}O[0xcd][0x9e][\n]"
DEBUG wire -  << "[0xed][0x98][0xf8]>[0x9f][0x1d][0x86][0xd0][0x12][0x84]?[0x4]5=[0xe0][0xa8][0x88][0x80][0x14][0xa3]X[0x89][0x12][0xc3][0xb5]c[0xe5][0xf2][0x11]E[0xf2][0xba],[0xfb][0x1a]BBTS[0x11][0xb7]p[0x14][0x8c][0xf]*[0x11][0x99][0x84][0xbf]K([0x4][0x86][0xcb][0xc]@[0xbc][0xaf][0xe]SNYAa)[0xa2][0x9c]hj]z}[0xa9]"[0x83][0xea][0xd2]+[0xa5][0x9e][0xb][0xbd]([D[0x16][0x8a][0xc7][0x82][0xcc]TB[0x16][0x81][0xe4]][\r][0x83][0x4][0xff]iAh[0xe3]w[0xc9][0xba][0xb4][0x1e]J~mFa4T[0xb3][\n]"
DEBUG wire -  << "DT[0xb3][0xc4][0x18][0xad][0xcd][0xd3][0x97][0xe7]-[0xc0][0x9c]B[0xcc]m][0xaf][0x4][0xb0][0x80][0xb8][0xe5][0xe4][0x17]G[0xbd][0xb0][0x16][0x91]m1[0xd4]D~[0xc0][0xbc][0xac][0x10]xq[0xac][0xe][0xc8]t c)[0xd4][0xc][0xaa][0xf9][0xb5][0xce]"|[0x0][0x85][0xb9][0x86][0xbc][0x7][0xda][0x1c][0x96][xi[0xe7][0x8b][0xf2]#qL[0xfc][0xf0];[0xe8])[0xb0][0xde]C[0xdf][0xb1]}[0xcd][0x8e][0x99][0xdb][0xf3][0xe2][0xb1]f[0xf2]I[0xdc][0x1d][0xef][0x97]NS[0xba][0x9][0xa9][0xd5][0xd2][0x84][0x9f][0x98]>[0xa5]>o[0xee]T[0x88][0x1][0x17][0xa5][0xf][0x99][0xd6][0xcd]][0xc9][0xa2][0x12][0xae]:[0x98][0x99]>[0xae][0xf1]<gt[0xf3][0xdf][0xb9][0xc3]L[0x1a][0x10]$kr[0xba]hwg/[0xb8]i[0x92][[0xc2]M[0xfc][0xb3][0x5][0xb6][0xe8][0xd0][0xb1][0xf][0xb][0x96]a9h[0xc6][0xd5]Z[0xeb][0x9d][0x19][0xee]Y[0x13]Nj[0xaa]y@[0xd9][0xd9]z[0x5]gS[0xc][0xb1]?[0x1a]9lI[0x15]EG[0x82][0xd8][0xc2][0xf8][0xe4]f[0xaf][0xc8][[0xce][0xdc][0xd4][0x0]e[0xa6][0xbd]`<4PY`[0xe6][0xa5]I[0xc2][0xdc][0xb][0xd3][0x81][0xf0][0xec]?[0xfb][0xca][0xd0][0xd1][0x94][0xcb][0xa6]t[0x6][0xa4][0x98][0x9a][0xa1][0xf].c[0xec][0xa3][0xaf]&[0xb3]J[0x84][0xcb]4.[0xc6]MuI[0xa5][0xfa][0x92]Z[0x1f]X)[0xb5][0xac]A[0xec]s?z 07Wk[0xf1]jm[\r][0x99]g[0xba][0xea][0x94][0x99][0x9a];2[0xd5][0xf0]a[0xbe][0xa9]_[0x8d][0xbe][0xcb][0xc6]b]P[0xd6]&[0xf8][0xdd][0xf][0xff][0xb5]I82h[0xa3][0xd3]V[0xb7]:[0xea][0xcb][0xb6][\n]"
DEBUG wire -  << "[0xb1][0xed]VSm[0x93]M[0xc8][0xeb][0xc0]?[\r][0x81][0xaa] ][0x84][0xc0][0xdc][0xed]z[0xc]]]]><![CDATA[>c[0xcd][0x15][0xc1]?[0xbb][0xd2][0xd4][0xf1]C[0xf7][0x12][0x3][\r][0x8a][0x1e]Z[0xda][0x1b]D&K[0xb5][0x97][0xa6][0xd7][0xa8][0xad]:[0x85][0xf5][0x14][0xd1]~[0xe8][0x80][0xaa][0x91][0xed]:[0x9f][0xfd][0x9f]4[0xb0]W[0xed]N.v[0xe7][0x16][0xbb][0x88][0x8b][0x9c][0xba][0xd9][0xf0][0xe1]^[0xa3][0xae]`[0xc9][0x17]:[0x84][0xff][0xab][0xee][0xd9]C='r[0x1f]U[0xf2]Hg[0xa1][0xdb];w&[0x8]F[0xef][0x16]*[0x80][0x1d][0x1c][0xe1][0x1d][0x18][0xe2][0xd5]![0xbc][0xc5][0x87]8[0x87][0xd9][0xcc][0xc7]8[0xae][0xa8][0x90][0x3][0x1c]r[0xf7]PE[0xe0]L[0x92][0xb6]][0xab]#[0xea][0x15]O[0xa5][0xe2][0x99]r[0xab][0xaa][0xb9]8[0xb]R[0xd4]F[0xf9]4[0x91]n[0xe3]([0x81].d[0xa0][0x87]x2[0xe]#[0x18][0x8c]\[0x9][0x15][0xfc]&[0xbe][0x2][0xa7][0x97]i[0xef]QH-[0xfc][0xd2][0xd2][0xc0][0xd9]C[0x1a][0xaa][0xe][0x1b][0xc6][0x4][0xc6][0xae]J[0xf8][0x93][0xe1][0x83]\[0xbb]*.viH[0xcd][0xd5]Tc?{n[0xaa][0x8f]Adu[0xf1]?[0x81]H>[0x8b]f[0xce][0xa7]S`[0xcd]k[0xa9]#F[0x9d][0xb],*Q[0xd3][0xca][0xe6][0xd4]u[0xaf]:[0xee][0x83];[0xed][0x1e][0xa1][0xf9][0xca]Z0[0xa4][0x1e][0xc8]6[0x8a]u[0x13][0xfd][0xaf]l[0xc6][0xa3]~f[0xc9][0xb1]u[0xdf][0xd3]"[0xc6][0xbf]5W[0xa6]l[\n]"
DEBUG wire -  << "[0x13]U[0xfa]0qp[0x15]~[0xc8][0x98]p[0x12]k[0xaa][^[0xdb][0xc][0x16]2[0xcf][0x9b]\[0xda][0xb2],[0x14](j[0x8d][0xa5][0x85][0xb2][0xf9];[0xac]M[0x13][0xaa][0xb5]81[0xf2][0xac]4%[0x92]rY[0x1a][0xe3][0xa1][0x8d][0xb][0xf3][0xb2][0x8e][0xe1][0xde][0xfe][0xb3][0xd2]w[0xdd]j[0xd7]mm[l[0xa4][0xca]![0xb7][0xb3][0xa7]v_[0xaa][0x9d][0xcd][0xae][\n]"
DEBUG wire -  << "[0xd1]M[0xfb]'[0x9e][0xdc][0xe8]nn[0xa9][0xdb][0xbb]j[0xa7][0x3]i[0x9d]v[0xfb][0xa7][0xe6]>YK[0xe7][0xb8]!\[0x91]5[0xa7][0x8][0xd3]`%[0xf3][0x9f][0xe9]^[0xc7][0xda][0xdb][0xda]'Y[0x81]J[0xb8]S-?[0x1b][0xf7][0xd4]E<E[0xac]d[0x16][0xb3][0x80][0x9b][0xa1][0xe5]d[0x1b][0xff][0x9b]O[0xcb][0xc][0x82][0xfb][0x11]SD[0xbb]6c9[0x84][0xad]GPfi[0xa9][0xbf][0x91][\n]"
DEBUG wire -  << "[0xa1][0x86][0x8a][0xa1][0xf0][0x1a][0xf2]5m[0xf9][0xfb]U[0x12][0xc5][0xfc]+[0x9f]L[0x13]_[0xfd] [0x18]m[0xaa][0xa4][0xd6][0xbe]s(!5[0xd2]![0x0][0xc8]z[0xa7][0x6][0x2]Mh[0x6][0xca]\i[0x2]L[0xc6]PE[0xc8][0xd7]"`[0xad][0x0]J[0xf3][0x9f][0x6]][0xc6][0xfd][0x81]t[0xea][0xc4][0xf3][0x0][0x9f][0x87],[\n]"
DEBUG wire -  << "|[0xcf]"[0xd2][0x5][0x91]3J%zD[0xa4][0x8d][0x13][0x9c]Z[0xe0]Gq[0x5][0x93][0x8c][0xbe][0x1d][0x87][0xc2]X[0xa0]N$[0xbf][0xdd][0xc4]~,^[0xc6][0xcc][0xfc][0xee]'[0xb1]VG[0xb0][0x96][0xe6][0x92][0xe7][0x1][0x9d][0xe2][0xc2][0x11]xp[0xa8][0xc9][0xc4][0x8c]`[0x5]Xrp[0xc6]U\[0xcc][0x92][0xe5][0x93][0x92][0xe4]Q[0xf3][0x9][0xe5]jh[0xd6][0x91]&[0x17][0xe3][0x9]x[0xe7]B[0x12][0xca][0xd4]LL[0x13][0xec]$[0x5][0xde][0x0]7Q[0xb2][0xb2][0x92]5[0xd0]T[0x80]W[0x9a][0xc7][0xbf][0xd6][0x14]y mo[0x2][0xfd]Xe[0xc5][0x8a]"H[0x81][0xa7][0xae][0xb9]\[0xb4][0xaa][0xb9]15[0xf0]K[0xe3]t {Lp[0xbf][0xc8]:[0x1c][0xb5][0xe5]A*[0x13][0xd3]AZx[0xe5][0x83]T[0xbc][0xff]Y[0xa3][0xbb][0x1c]P[0x14]\[0xcc][0xfa][0x1c][0x11]J[0xdc][0x12][0xb9]F[0x7][0x3][0x8f]^[0x7]\[0xa9]}[0x92]%[0x9][0xe7][0xa3][0x9a][0x8a][0x4][0xf6]67Ki[0x9c]J[0x99]x[0xf7][0x97]>[0xfb]K[0x9f][0xfd][0xa5][0xcf][0xfe][0xe5][0xf4]Y[0xdd]X*[0xf][0xa3][0xfc]S1[0xee]s[0x15]]2[0x9]q[0xa5]2[0x90][0xf][0x9a][0x80]e[0x93]$[0xc8]q V0[0xbc],[0x1b]B[0xc6][0xb5][0xd2][0x4]@[0xad]lS[0xee][0xbc][0x17][0x8]|[0xe][0xfe]<[0x8c][\n]"
DEBUG wire -  << "[0x9c]![0x82][0xc6]][0xd8][0xd6][0xf6][0xb][0xa5][0x6][0xa0]l[0xe0][0xb7]pg/[0xe7]HD]993[0x81][0x95]^.[0x10],A0[0xef][0x9c][0xe2][0xb7]}[0xd1]7[0xe5][0xfc]J[0x19][0xde][0xa3][0xa9][0xee][0xb2][0xb8][0xa3][0xee];[0xa8][0x82][0xa5]zl.B[0xb8][0xbc]p-[0xb]+l[0xae][0xad][0xe0][0xff][0x84][0xfd][0x92][0x1f]}1[0x14]H[0xa2][0x1e][0x1a][0xa0][0xbb][0xb5][0xec]S[0x86][0xed][0xe5][0x9f]2^[0x6]7M[0x1e][\r][0xe1]t[0x9][0x93]1D[0x1a][0x4]E.u[0x9c]<[0x90][0xc2]MH[0xea][0x12][0xd8][0x1c]h[0xdc])[0x15][0x14]9[0x1a][0xd4]-[0xd5][0x95][0xc0][0xe4][0xc2]0'r[0x1b][0xad].#S[0xc2]C[0x8][0x1][0x9f]-[0x1a][0x93]1[[0xf6][0xde]#[]h[0x16][0xff][0x9a]p[0xb7][0xb6][0x96][0x12][0x5],[0xb]P[0xbd]C[0xf][0xd8][0xe][0xf][0xe4] [\n]"
DEBUG wire -  << "[0xe5][0xad][0xd5][0xa2]8[0x9b]k[0xc5]E[0x2]L[0xec][0x12][0x90][0xdf][0x83][0x9e][0x15][\r]>[0xd9]m[0xb][0xd4][0x80][0xf8]>kr[0xe5][0xd2])[0xbe]Q[0xad]v[0x89]e[0xdd][0x16]6\L[0xf5]jH][0xdb][0x99][0xf6]?[0xfb][0xe0]T[0xf8]?m[0x1e]mBX[0xd8]=[0xde][0xe2][0xbf][0xb7][0xf9][0xef]][0xf8][0xbd]{,[0x0]~9s[0xa8][0x1]P[i[0xce][0x8b][0xe7][0xed][0xcd][0xbd]}[0x90]][0xdc]{[0xef][0xe0][0x12][0x1b]H[0xe7]5[0xdc][0xe7][0xc0]sW[0xb3][0xc6][0x8e][0x86][0xb6]6[0xa4][0x9e]9[0xc5])[0xab]G[0xad][0xc3][0xcc]0h[0xe][\n]"
DEBUG wire -  << "?[0xe0][0xc9][0x16][0xdc]I[0xbc][0xad][0xab][0xdf][0x13][0x16]N[0xf5][0xf4][0xbd][0xb2][0xd6]nS[0xdf]yJ[0xb][0xf8]f}\R[0xfa]([0xea]!)[0x89]P[0x9c]B[0x9e]a[0x95][0x16]6[0xca]4[0xae][0x94][0xa2][0xd5][0xad][0xe6][0x15][0xec][0xd0][0x12][0xfb][0x91]$3NOJ)[0xb6][0x9f][0x93][0x9b][0xa3][0xed][0xe8]/[0xf5][0x8e]n[0x82][0xee][0xf1][0xdd][0x12][0xa3][0xb7][0x9e][0xcc][0xe8]h[0x2][0xef][0xd4]aa[0xdc]][0x1d][0xf5][0xd7][0xc0]d?l[0x15]p[0x8b][0xb5][0xec][0x85][0x84][0xc7]7#[0x1d][0xab]0>[0xc5][0xfe][0xc2][0xd6][0xc6]2[0x9a]q[0x87]p[0xab][0xba][0xbb][0xf4][0xc4][0xb2][0xe3]/[0x9f][0xdf][0xd5][0xef][0xe7][0xb4]J[0xfb]9?[0x9f][0xbd]Y[0xbc];[0x13][0x80][0xc3][0xc0][0xd4][0x83]q[0xf0][\n]"
DEBUG wire -  << "[0xca]V[0xf7][0x8e]N[0x9c][0x89]K={[0x8][0xda][0xa7][0xae][0xb6]B[0xb6][0xa8]uQM[0xc5][0x5][0xea][0x85][0x82]:/[0xd8]:$[0xa5][\r][0xd9]#[0xdc][0x0]CAu[0x16]6c[0xff][0x3],[0xce])[0x9e][0xda]@[0xc4]6[0xc8][0xaa][0x90][0x8c][0xfd]0[0xc6][0xd7][0xc5]L}[0x15][0xf4]w6[0x1f][0xb4]_[0x17][0xfb][0xe0][0x17][0x9f][0xb9][0xc6][0xb2][0x9d][0xae]i[0x9][0xd8]VGo[0xb7][0xf8][0xd3][0xab]$t[0xfa]X[0x4][0x14][0xeb]O[0xdd][0xb7][0xf0][0xb9][0xa0]H[0xe0]{[0xd7][0xe1]q[0xe9][0xfe]].j[0xc0][0xb5]"MB[0xcf][0xe3]p[0xa1]q_v[0xd8][0xda][0x9c][0xdd]7[0xaf]?[0xbd][0xf9]J[0xf4]\[0x93][0xa7][0x8e][0xf6][0xed][0x1f][0xd0][0xff][0x16][0xbb][0xe9]u[0xdb][0xf8]sW[0x81][0xb3]#[0xee]s[0x14]R[0x8c][0xd1][0xad][0x1f]P[0xd3][0x8e][0xa7][0xbd][0xb6][0xbe][0xb7][-`[0x8c][0xc8][0xed][0xcc][0x4][0xdf][0xf3][0xf6][0xb0]=[0xec]t[0xaa][0xb0][0xf1]8q[0x8d][0xa8][0xe]^,[0xd3][0xbc]Kmp~4[0x8b]0[0xc9][0xd9]1$[0x99][0x91].[0x9f]I[0xf2][0xfa][0xe4][0xd7]w[0x1f][0xc9][0xc9][\r][0xf8][0xcc][0x1f]X[0xc][0x8e]pD[0xae][0xb7]A/[0xec][0x92]/[0x9e][\r]J"[0xa2][0xe]9[0xf2][0xa8]3[0x8d]1+?[0x8b][0x84]a[0x9]W[0x94][0xe0][0xa6]Z[0x1c]>[0x92]nmjd[0xdb][0xb5]l5R}u[0xa4][0x86]*U[0xdd][0xe6][0xad]}[0xb1][0xf1]+[0xb7][0xf1][0x19][0xd2]O[0x6]v[0xd2][0xc6]e?[0xdc][0xb7]/[0xc2][0xcb]>[0xfe][0xfa][0xf1][0xa3][0xb0][0xdd]k[0xed]Y[0x3][0xd3][0xf4][0xdf][0xfb][0xe2][0xcf][0x8f][0x1f][0x17][0x97]M=H[0xa2]q[0x83][0x86]#[0xbe][0xe1]*j[0xde][0xa9]<[0xd3][0xe9]w~[0xf6][0xd8][0x84][0xbc][0x1]qk4[0xf7]i?[0xaa]lx[0xf4]qi[0x81][0xb][0xc9][0xb5][0xdb](}[0xdc]A[0xb9]Ou[0x1a]M=[0xb3][0xdf][0x81]'[0xdc][0x96]9[0xda]wu1e[0xfe][0xd1][0xb7][0x98][0x8e][0xb][0xa1][0xc3][0xf8]5_[0xf0][0xdb][0xc0]F[0xad][0xdd]5gv[0x80]m[0x8]Nl[0xa8][0x1b][0xc5][0xb3][0xb][0x84]{[0xa3][0xd1][0xb4][0xed][0x9c]s[0xf9][0xdb]U[0x4][0xf0]#[0xba][0xd1][0xdc][0x87]^[0x1a][0xd1][0xc6][0x86][0xa0]}C%[0x1b]_[0x8e][0xb4]N[0xa7][0xbd][0xb5][0xbb][0xbd][0xb9][0xd9][0xd1]:[0x98][0x82]+[0xb6]s[0xc8][0x8][0xf4]>[0xa6][0xa2][0x87][0x87]1[0x16][0xe6]T[0xce]&8[0xf9][0xf8][0xa6][0xdc][0xd1][0xb5]=[0x8c][0xbd][0xd8][0x12][0x7][0x17][0xad][0x1d]`[0xc]K[0xf8][0xd7][0xe7][0xbe]R[0xf6][0x1d][0xd3][0xf5]9<b[0xe7]Y[0xb6][0xa5][0xed]l[0x12]4S[0xdc]XjxD[0x2][0xc9][0xa7][0x19][0xa4][0xf][0xec]P<[0xbf]!-[0xce][0xcf]/[0x82][0xd0]*[0xad]#[0x8d][0x9]I[0x8a]^[0x1c]V$=R[0x9]$[0xdf][0xc4]&{[0xc8][0xc5][0x85]52K~[0xc4][0xa9][0xac]![0x92][0xaf]C[0xfb][0x6][0xc2][0xe]p^[0xc1][0xd0][\n]"
DEBUG wire -  << "o[0x14][0xd7]>[0xb1][0xc][0x1c]b[0x85][0xe2][0xe7][0x91][0x14][0x89][0xc0]L[0x19][0xd4][0xe6]JD[0x82]@[0x1]Q[0xcc][0x16][0xee]:[0xf2]%[\r]~%[0x96][0x3]Z[0xc1]`[0x0][0x19]K[0xf4][0xa2]"[0xeb][0xbf][0xdf][0xb9][0x7][0x19][0xb3]lwDP[0xa6][0x1f]~2[0x88][0x19][0xfa]@[0xb2][0xa5]I`~>[0x8][0xa8][0xf6]{T}[0xd0][0xa2][0x82][0x17][0xe0][0x8a]\[0xa7]|[0xab][0xe5][0x9c][0xfc][0x10]U[0xe6][0xe]@[0x8a]X[0x91][0x94][0x16][0x10][0xd4][0x16]U[0x88]E[0xe3][0xf4][0x83][0x16]v[0x97][0xe3][0xd0] [0xca][0x92][0xf1][0x10][0x17][0xa0][0xf8]9[0x86]T[0xb8] [0xcb][0x1e][0x89][0x93]?d7[0xe0]7[0xf0][0x14]-F[0x9a][0xb8][0x96][0x1d][0xc9][0xc7][0xf4]?[\r]$[0x82]X[0xd5]s[0xa6][0xca][0xe1]9'[0x9a]|[0xcc][0xc8]*[0x14]9h[0x89]V[0xa7][0xdd][0x98]s2{[0xe4][0xec][0xc4]#[0xb7][0xaa][0x8d][0xcb]eW0#[0x95][0xf7][0x8c]9[0x87][0x7][0x89]#JbH-[0xa7][0x7][0xf8][0xf7][0xc8]"[0x93][0xb3]aB[0xaf][0xa1][0x84]c[0xe7]%0[0x8][0xd7][0xba];[0x19]p[0x96]H[0xf2]l[0xec]:[0xae][0x8][0x6][0xf8]T[0xc8][0xf0][0xb9][0xfa][0x17]3y*[0xae]a'%[0xe4][0x87]0H[0xa4][0xac][0xff][0xe6][0xbb][0xd5]3[0xce][0xaa][0x83][0xe3][0x10]aP[0xee][0xe]Z[0x8e][0xcd][0xbd][0x91]*[0xb9][0xed][0xbd][0xe5][0xf4][\n]"
DEBUG wire -  << "M6K[0xec]L:[0x6][0xe3]|[0xb1]&([0xe]R[0xaa][0x84][0xa4]K[0x9][0x8b][\r]8[0xf7]}'J[[0xf0]<[0xa3]#[u(e[0xf9][0x90][0xc3][0x91][0x92][0xb4][0x98][0xa0][0x9b][0xc4][0xdc][0x19] [0x9c][0xc9][0xc8][0xc4],[0xfb][0x3]#[0xf]{7[0xf4][0xb1][0xde]R[0x97][0x96][0xd6]8[0xca][0x83][0xe4][0xaa]L[0xea]l[0xae][0xb2]S[0x11]][0x81][0xb][0xaf]OC[0xff][0xdf][0x96]t[0xa4][0x1][0xef][0xd7][0xc][0xfa]S[0x0][0xe7]=ZK[0xed][0xd6]JEpN[0x9f]v[0xb6][0xb2]>[0xcd][0x1e][0xf8]4'gc[0xa1]y'[0xaf][0xfd][0xd3]%[0xad]c[0x86][0x1f][0xb4][0xe6][0xf7]?G[0xf1][0xe4][0xfe]v_[0x1][0xa8][0xe3][0xe9][0xd6][0xcb][0x95]J[0x0][0xa0][0xab][0xb2][0x88][0xfc][0x83][0x19][0xe2][0xe0][0xac]!5[0x17][0x8b]Co[0xaf][0xbd][0xd7]n[0xf1]R[0x1a][0x94][0xfa][0x2]~XV[0x10]79s[0xc3][0xc5]'[0xd4][0xaf][0xa2]a[0xca][0xbe][0x12][0xfa][0xa2][0x0][0xb5][0x12]<[0xd7]q[0xae]4[0xb5]W*M[0x88][0xae]$[0xfb]o?,[0x93][0xfc][0xa1][0xcb][0xe5][0xfe][0xed][0x87][0x85]R[0xbf]s[0x1f]Ev:[0x11]][0x81][0xce][0xe3][0xad]%g#m[0x1][0x8d][0xc7][[0xb])[0xdc][0xeb]l[0xaf][0x92]BDW[0xa4]p[0xcc]B[0xb0]V[0x81][0xbd][0x84][0xd0][0x14][0xc][0xe9]M[0x9f][0x17][0x92][0xbd][0xbd][0xd5]Y%[0xd9][0x88][0xae]@[0xf6][0x87]wo[0x8e][0x16]S[0xec][0xda][0x16][0xd5]\[0xf0]_[0xed][0x80]O[\n]"
DEBUG wire -  << "G1[0x4][0x83],[0x82][0xe0][0xc1][0xd2][0xb8]7C=0[0xd4][0xb1][0x1f]B[0x8b][0x10][0xdb][0xc2][0xc6]l[0xad]V[0x9a][0xb7][0xca][0xd2][0xfc][0xc1]7[0xec]c[0xba][0xa4]9[0x0]cR[0xa4][0x95][0x3]/[0xa6][0xb6][0xbb][0xbb]Rj[0x1]][0x81][0xda][0xb3][0xff][0xfe][0xaf][0xc5][0xa4]F[0x9b]@&@-[0xa4]qwg[0xa5]4"[0xba]"[0x8d][0xc2][0x81][0x16][0x8a]K|[0xcf]"[0xa7][0x14][0x8f][0xf8][0xf3]"b{d[0xb9][0xf8]D[0x2][0x3][0x8]N[0x86][0x1][0xea][0x14][0x18][0xb0]y[0xf7][0xa8][0xa0][0xe0]?[0x15]te[0x1d]+[0x9e][0xce][0x9][0xb9][0xf2]T[0xcb][0x11]`[0xf2] {[0x92][0xda]i3[0x5][0x1c][0xe4][0xd9]EB[0x88]X:[dez[0xaa][0xe2]}[0xf]A[0xcd][0xe][0xc5]][0xe4]>vV[0xeb][0x19]u[0xca][0x9e][0xd1][0x1b]9[0x8b][0xb0][0x84][0xe6]t[0xb2][0x1][0x89][0xce][0x8a],tz[0xb7]Wk[0xd3][0xb6]KZ[0xe0][0x18][0xe3][0x9][0xc3][0x97][0x7]i.;S[0xaf][0x8][0x8b]:[0xb9][0x94][0xb0][0x98][0xf5]+m[0x4][0xa2]+5[0x2][0x2]|3&_[0x96]6[0x80][0xc3]i[0x89] >-T[0x19]2"8[0xab][0x84][0xbe][0x7]-[0xdc][0xcc][0x94]Fl|V[0xe][0x9c][0xb1][0xf4]T[0x1f]<[0xb]G[0xc9][\n]"
DEBUG wire -  << "[0x8a][0xa9][0x18][0x16][0x2][0xbe]4[0xbc][0x93][0xf1]Y[0xc6][0x3][0xc3][0xc7]i[\r]9[0xaf]"[0xe7]F[\n]"
DEBUG wire -  << "[0x1f][0x1f]I[0xf1][0xe3][0xa3][0x8c][0x83][0x3][0x1a][0xc2][0xb][0xbd][0xe9]+r[0xb8][0x90][0xc3]9[0x93][0x1c][0xc5][0xe4][0xd0][0x9f]([0x15]8Gs-[0xad][0xd3]&[0xf2][0xc9][0x1f][0xe]#[0xf0]N;[0x84]oR[0x17][0xb3]+Pd[0xdc][0xc9][0xa7]n[0xf2][0xaf][0x9d][0xa4]8[0xd2][0xc6][0x1d][0xd9][0xe4][0xd2][0xef]B][0xa5]5[0xa7]J[0xca][0xb5][0xd9]%[0xc5]I[0xe8]4[0x1e]<[0xb5][0xf1]:[0x89][0xa0][0xb9][0x11][0x9e][0x8f][0xe9][0x8b]Y[0xc][0xed][0xfc][0x83]&?[0xb9]j[0xff]/[0xf1][0x98][0x86][0xa0]Z[0x7]g=[0x9a][0xfb][0xca]\*[0xf9][0xa7]Z[0xc2][0x3][0xf0][0x90][0xda][0xb8]4\[0xc9]::[0xed][0xae]lFl&[0xab]2[0xb9][0xb4][0x6]fG[0xd2] :[0x1e][\n]"
DEBUG wire -  << "[0x81][0x6][0xcc]:>[0xfd][0x14],[0xff][0xf2][0x93][0x1]fp[0xf2]N[0xab][0x9d][0xc8][0xe2]=[0xb6]'D%[0xdd]G[0x83]q[0x5][0xa9][0xf4]f7[0x9d][0x1d][0xe1][0xeb]@@[0x10]c[0x9c][0x15][0xc4][0xbf]([0x95][0xb1][0x5]aH[0x1c][0xfa][0xde][0x8][0x7]Qi[0xc4][0xe0][0x84]gv[0x9c],K [0xce][0xe1][0x9f][0x3]<[0x8]c[0x1d][0xc9]J[0xf][0xeb][0x15][0x83]FbY[0xcd][0xc9][0xbd][0x7]- LPWC[0x95])[0x8e][0xf5]E[0xa2][0xc][0xdb]k[0xe1]|i[0xeb][0x3]p~[0x96][0xc4][0xb4]m[0xf2] [0xe0][0x2][0x95]H[0xf4]SN[0x5][0x96][0x14][0xb6][0x4][0x17]SV[0xe2][0xf4]\:[0x17][0x1a][0x8][0x99][0xd6]:/w[0x9]?HK[0xe][0xa8]G[0xce][0xdf][0x95]O[0xf6][0xe5]3w[\n]"
DEBUG wire -  << "[0x11]g[0xcc]+[0x9d][0x1d]p[0xd1][0xc5][0x19]`[0xf2][0x5][0xea][0xc0][0xf][0xe6]O[0xab][0x86]l[0xb5][0xdb][0x13][0x95]<[0x1a][0x87][0xd6][0xd9]n[0xdf][0xc0]?[0x8e][0xb][0xfe]>[0x9][0xd7]f[0xbb]}[0x3][0xff]8.[0xf8];[0x81]6[0xe2]A;}[0xa5][0xb8]q[0x15][0xda][0x8e][0x1b]W;[0xed][0xf6]5T[0xc6][0xdf][0xf0]SQA[0x9c][\n]"
DEBUG wire -  << "=[0x84][0xe5][0xf9][0xe2][0x9]R[0xe8][0xab][0x9d]U[0xf4]U*[0xa0]5][0xd5][0xdd]i[0xe7]][0x85][0x9e]WF[0x9d][0x10][0xa5]V:<[r[0xbc][0xce]X[0x1f][0xf1][0xc][0xf2]+t[0xb][0xd7][0x18]Yba[0x86][0xf6]`[0xe8][0xfb]q>[0xed].[0xdf][0xc4][0x1f][0xcd]p@[0xf5]f/[0xf6][0xe8][0x9e][0xb3][0xe5][0xf9]OY[0xb9]s[0xb3] V[0x8d]j[0x12][0xa9][0xe4]MevRf[0x96]&2[\n]"
DEBUG wire -  << "i$[0xc0][0x1d][0x15][0xb8][0x92][0xa8]v[0x8e]ro[0xb5]3D[0x95]I[0xca]=[0xe1]I<qbro[0x5][0xd1][0xf2]J[0xbc]i[0xa4]dY{[0x1e][0xe8]6w[0xf7]V:K[0x8c][0xe8][0x96]Q[0xf8]p'yo[0xa5][0x81][0x1d][0xa2][F[0xe3][0x13][0xbc][0xe1][0xee][0xde]J[0xa7][0x10][0xdd]rj[0xef][0xe3][0xfa][0xd6]([0x83]`[0xca][0xd7][0xf4][0x89]1[0xca][0x1f][0xa5]^[0xf8][0x8d][0x8f][0xf2][0x83][0xbc]a[0xd7][0xcc][0xf1][0x3][0xb0][0xfb][0xc6][0x94][0x94][0xc8][0xc0]/[0xa8][0xd9]1u[0xf8][0xd9]t[0xc6]T[0x9f]c[0xee];[0xc8]EBJJo[0x8e][0x17].[0xd4]F[0xf9]+[0x8a][0xfc][>[0xf4][0xbe]r[0x8][0xef][0xc6]a[0xeb]gr[0xb0]~q[0xfc][0xe6][0xe8][0xfc][0xe8][0x82][0xfc][0xdc]Z[0xc3]3v[0x83]!?[0xd8];[\n]"
DEBUG wire -  << "[0xa8][0x8b][0x87]g[0xf3][0xd3][0x1a][0x94][0x9e][0xf2]n[0xc3]%[0xe3][0xc4][0xa5][0xde][0xba][0xa2]*[0xd7][0xd4]I[0xf0]|[0xf9][0xa1][0xd1]a[0xdd][0xee][0xee][0xcb][0xa1][0xc1][0x8f][0xc2][0xc6][0xe2][0xf4][0x8a][0xde][0xc]D[0x9f]p<[0xf8]^8[0x1e][0xce][0xc1][0xdb][0x14]][0xa0]o-[0xfe]G[0xc3]"[0xb8][0xe][0x6]*[0xc2][0xf3][0xa1][0x6][0x9e][0xf][0xfa][0x1d][0xab];C=[0xf5]Y^[0x93]B[0xde][0xda][0xcc][0xb1]"B[0xc1]1[0xc1][M[0x10][0x94]Y[0xeb][0x8a][0xa4][0x3]oS[0x81][0xde][0xe0][0xe][0xea][0xd3][0xe9][0x80][0xa8][0x6][0x8d][0xd0][0x0][0xbf]UG[0x8e]m!5[0x90][0xec][0xd2][0xc8][0xf7] [0x84][0xc1][0x3][0xf4]E[0xb5]G[0x9f][0xdf][\r][0xde][0x1e]}<[0xfe][0xfa][0xfa][0xd3][0xbf][0xf3]z[0xd3][0x5]p[0xc8]K[0xf4][0xf2][0xdf][0xe2]VK[0xa5]7[0xa4]N[0xc4]T[0x5]O[0xf4][0xab][0xa4][0xf0][0x5][0x12][0x8]=[0x86]j>y[0xc7][0xb8][0xc8]S[0xe6][0xde]A[0xb6][0x9f][0x98]c[0xcc]M[0x8f]&Uzq[0x98]@9[0xd7]G[0x85][0x90][0xb8][0xe2][0x1d] [0xe5][0xfa]][0xbc]u[0x80]S|6[0x6][0xe1][0x2][0x8e][0x82][0xcc][0x9e][0xf1][0x8d]zJV[0x99][0xaa][0xf0][0xa5][0xa4]x[0xc9][0x0][0xde]p[0x3][0xcd][0x11][0x1f][0x86] [0xc3][0xee][0xec]y[0xfc][0xc]u[0x91][0x0]O[0xa7][0x9f]O[0xfe][\r][0xaf][0x16][0x8][0xd9][0xb5][0xed]'X[0xf8][0xe3][0xc9][0xbf][0x9f]C[0xca]Gt[0xdb]U[0xe5][0xf4][0xfd][0xd1][0xd7][0xc1][0xd9][0xf9][0xd1]gL;[0x8b]q!3[0xaf]?[0x82][0xfa]I[0xe3][0xb4][0x99][0x83]|:[0xe5][0x10]~0[0x3][0xf0][0xf6][0xcb][0xfb][0xf7][0x83][0xb3][0xe3][0xcf]''[0x1f][0x1][0xe4]-z&bs!i[0xbc][0xc5][0xfc][0xf3][0xdf][0xbe]|x}[0x6]Y[0xe7][0xd8][0x0][0x8f][0xda]ND[0x1a][0xbf]b[0xce][0xf1][0xfb]Og'[0x90][0xc1][0xd9]F[0x1a]'[0x91][0x89][0xa9]'[0x9f]?[0xfa][0xcc][0xc1]Y*[0x18] @[0xe9]Zz[0x93]z(@[0x6]#[0xe]?[0x8]X'[0x7]F[0xf8][0xad]uHN[0xf9][0xb1][0xef]$[0xe][0xa7][0x84][0x8e]0"[0xe2][0x9b][0x9]t[0x90]u[0xe0]/[0x94][0xc6]>@[0x96]L[0x82][0xc1][0x8][0xe2]P[0x86][0x92]p[0xab][0xf0]][0xb5]6[0xb2]1[0xed]4qv[0xbd]<[0x8a]^[0x14][0x92][0x9d]$[0xef][0x80][0xa8][0xcb][\n]"
DEBUG wire -  << "[0xac][0xe1]l2[0xa4][0xa3][0x93][0xcf]B[0x8e][\r]@[0xae][0xf8][0xc3]r[0xc1][0x96]m[0xfd][0x96][0xae][0xb9][0xfb]V[0xb3]F[0xf3][0x9b]\[0x80][0x7]@[0x88][0x18][0xca]1[0xe3][K[0xd4][0xa7][0xe3][0xb5]Q[0xd8]p![0xe6][0x89]}[0x4]#!=[0xbe][0xf8]}[0xa7][0xed]qa[0xf7][0xfc][0xcf],J[0x9c]8Bq[0xf0][0x81][0xd5][0xfc][0x5][0xbc]+[0xdc]+[0x8][0xfd][0xe0]{L[0x0]@~Gf[0xcb]\P[0xbc][0x8c]$[0x1][0xff][0xea][0xce]?I[0xd1][0x10]B>[0xf2][0x9d]M#[0x12][0xfb]D~[0x6]f:[0x1f]u[0xde]4[0xaf][0xe7]'[0xab]R[0xcf][0x3]0[0xa1][0xa9]8c[0xe][0xe8]*[0x86]wk[0xbc]C[0x93][0x13][0xc9]w=[0x1d][0xd2][0xc0]1[0xee][0xd5]f[0xad][0x4][0xf9]I[0xd8][0xc0][0xb1]];[0x1e][0xb0][0x1b][0x93]1[0x8b][0x97][0xfe][0xea]'dL[0xaf][0x19][0xc1][0xd9]G7@[0x9][0x83][0xea]80<[0xf8][0x4][0xc9]F-[0xc5]"]h6&KG[0x3]t[0xc0][0x5]BlPDd:[0xbf]L[0x9][0x9c]z[0xdb]M\"[0x88][0xe0][0xbe]>[0x8f][0xc9][0xe2][0xf4][0x12]&[0xc4][0xf6][0x7][0xb][0xfd][0x81]1[0x8d][0xf9][0xea][0xc6]%[0x1d]r[0xf1][0x19][0xaf]hBj[0xa6]zI[0x9c]A[0xe0][0xc7]([0xca][0xc0][0x3][0x8f][0xdf][0x7][0xc5][0xb][0xca][0xdb]M[0xce][0xfc][0x10][0xcf][0xa6][0x88]3[0x1c][0xdc][0xe4][0xca][0xdb][0xa3][0x2][0x16][0xba]xG[0x8b][0xc5][0xa9][0x80][0x98]=[0x9][0xed]x[\n]"
DEBUG wire -  << "}[0x80][0xba][0x90]7[\r][0xa0][0x6][0xd4][0x1b][0x88]+\*[0xa4] [0x6][0xea][0x11][0x9e]7[0x97]"[0xcc][0x1c][0xb8][0xcc][0xf5][0xc3]i[0x91][0xc1][0x1f]x[\n]"
DEBUG wire -  << "IS[0xea][0x8a][0x13]>;[0x84][0xde]=[0xd4][0x97][0xe3][0xb2]lP[0x8e][0x11][0xba] E|[0x9c]0[0xf8][0xdf][0xc1][0xe0][0x17][0x19][\n]"
DEBUG wire -  << "[0x84][0x15]9[0x8e][0xac][0x9e]G[0xa3]\[0x92]3[0xe0]w}[0x1][0xae]#O\[0xfb]E|[0x93][0xbb][0xa2][0xb8]s[0x89]#[0x13][0xdd][0xa6][0xcf][0xd5]% [0xce]v[0x14][0xe1][0xf1][0x8b][0x2]r [0xc6]2h*[0xb0]k[0x13][\n]"
DEBUG wire -  << "[0xf6][\r][0xf5][0xd4][0xd0][0x1e]%[0xc2][0x89][0x12][0xd5]d[0xf8][0xa4][0xf][0xc3][0xab][0xc2][0x99]rh[0x7][0xcd][0xa7][0x13]|^[0x81]D\+[0xb0].[0x9d][0x12]\[0xb5][0x91][0x8a]W'[0xe3][0x1c]j[0x93][0xac]y[0xbf][0x9d][0x9f][0x9f][0xca][0x9a]s[0x84]C[0xd0][0xbb][0x1c][0xd1][0x17]QV[0xbc]#[0x0][0xc4]Q[0x83]*P[0x81][0x1]"[0xb]gAr[0x11][0xcb].[0xf][0xfb][0xa9][0xf3][0xb7][0xc8][0x80][0x1][0xb][0xad][0x91][0x80],[0xfc][0xa9][0xfb][0xb7][0xa8][0x82][0x97][0x8f]+[0xeb]![0xc3][0x5][0xf2][0xf0]#[0x94][0xc6][0xab]K1[0x93][0xc9][0x18][0xac][\n]"
DEBUG wire -  << "?[0xfc][0x0][0xfa][0x4][0xd4]qHd[0xe5]\z[0xfc][0x8c][0x3][0xef]>[0xe5][0xed]O[0x85]>[0xcb]<KGA[0x6][0xc2][0x87][0xb7][0x89][0x1f][0xba][0x1c][0xd1][0xfc][0xb7]X[0xab]H[0x10]<[0x92][0xed][0x0][0xb3][0x8a][0xab][0x91]r.[0xca][0x4]]x[0x1d]([0x1c][0x90][0xf7]F>[0x81][0xd9][0x9][0x13][0xcf][0x1c]s[0xf3][0xa2][0x1c][0xa7][0xcf][0xdf][0x92]n[0xbb][0xbb][0xc3][0xc5][0x12][0xf5]1bs[0xfd]k[0xa1][0x80][0xb0][0xe1] [0xb][0xd1][0x18]1[0x8a][0xab][0xe9]2[0xfe][0x3][0x1c][0x16][0xed][0x98]?E[0xfc][0xaf][0x5][\n]"
DEBUG wire -  << ",[0x92][0xfd][0x88]e[0xa5][0xf0][0xa6][0x9a][0x10][0x17]f[0xf][0xd2][0x15][0xf0][0x12][0xb][0xd7][0x88]\BC[0xf7]C[0x84][0x18][0x8f]@p[0x81][0x91]$JB[0xf6]*[0xa3]i[0xc0]u[0xdb]W[0x16][0xa9]D$[0x10][0x1b][0xbd][0x5][0xc1][0x11][0x91][0xf9][0xd1]W%[0x87]D[0x9e][0xe7]{[0xdc][0xed]3[0xf6][0xb6]7i[0xd7][0xb0][0x8c].$>[0xcd][0x8f]Ku[0xf9][0xfd][0x8c]f-[0x96]W[0x9c][0xac][0xfe][0xf6]n[0xb7][0xbd][0xb7][0xdd]6[0xcc]m[0x85]_[0xcb][0x10][0x8d][0x7][0xd1]d8X[0x8e][0xb4]|[0xc7]LJP[0xfe][0xa4]sd: [0x13]b[0x14]scq+V[0xdd]!1L[0xe0][0xfe]/[0x98][0x12]q[0x85][0x8e]Tn[0x90][0xf9][0xb3]r[0x7]^[0x9c][0xf8][0xda]JS[0xb7][0x81]_P[0x5][\n]"
DEBUG wire -  << "[0x81]Qw[0x90][0xb6]_[0xa4]O[0xc4]l$*W9n<p[0xa8]`X[0xf8]Ca[0xaa]P[0xaf][0x9b]c[0xf4][0xab]U>M[0x94][0x89]<[0xba]R|$MS[0xb3]'[0x87][0x94]U[0x1a][0x8e][0x1c][0x84][0xf]B[0xae]~f[0xf5] J%[0x9a][0x97][0xc][0xf1][0xd7][0x19]|h/<[0x13]l[0x12][0xc6][0x14][0x99]=[0xaa]Cu[0xf7][0x97][0xa0][0xfe]%[0xa8][0xff][0xb2][0x82][0xba][0x82]8U[0xe8]w[0x97]E[0x91][0xf0][0xbd]d[0xcd]C[0xfb][0x86]7[0x92]gs/[0x98] [0xc2];O[0xea][0x85][0x17][0xef][0xe5][0xcc][0x1c]R[0xdc][0xee]![0xb8][0x92]295[0x8]37[0x9d]*[0xe9]%[0xa6]P[0xac]p[0xa5][0xa9][0xf0]r[0xf8]U[0xa5][0x90]Q[0xbe][0xbb]TL'[0xc8]kJE[0xb1][0xec][0x92]R[0x1c][0x94][0x89][0xd8][0xff][0x81]$Jt[0xe8][0x13][0x1];[0xc0][0x3] [0x10][0xd2]p[0xbf][0xcc][0x12][0x9e][0x4][0x9f][0x97][0xe0]6[0x8c]:[0xfc][0xfe][0x14][0x8][0xea][0xa4]y[0xaf][0xb5]a[0xff]B[0x1c]O5[0xd0]Yb[0xcc]j/[0xfe]0[0xc1]#[0xb3][0xa1]"[0xa9][0x99][0xb8]/#[0xa7]E[0x9]n[0x1b]Lo[0x99]$5[0xba]nF[0xc1][0x95][0xd8]U*[0x8d],[0xb]p[0xef]z6-#[0x9b]|,[0xea][0xfd][0x8a][0xf5][0x1e][0x8b]z[0xc1][0xaf]<[0x12][0x7]U[0x9f][0xf2]Yv;[0x8c]b>C[0x93]o[0xab][0x18][0xa9][0x86]j[0xe5][0xf7]J[0xe1][0xe7][0xd1][0x1f]?[0x16]_[0xe][0xa5][0xbe][0xe9]+[0xf9]]9[0x8a]z[0xd2][0xaf][0xbd]h[0xe7]m[0xbf][0xe6][0x8a][0x9f]_[0xfb]J[0xf5]v[0x1f]E[0xfd][0xad][0xf]a[0xef]9[0xc4][0x8][0x10][0x8d][0xef][0x17][0xee][0xbb]j[0xde][0xfe][0xed][0xfd][0xd1]k][0xb4][0xbd]q[0x8f][0xdd]TW[0xe9][0x8e][0xbb]t{#[0x84][0xe7]M}B[0xed][0xb8][0xd1]|[0x2][0x1a][0xcd][0xb5]G![0x86][0xac][0xe2][0x2][0xba][0x7][0xa0][0xac][0xee][0xb4][0xb]l[0xc4]#6/[0xca][0xdb]/[0xb0]6[0xb9][0xd3][0x1][0xe7][0xfc][0x4][0xfe][0x7]#[0x9e][0xb7]g[0x12][0x90][0x1b][0xb6][0xe3][0xe0]n[[0xe0];[0xee][0x19][0xbb]g[0x5]5[0xcc]Hl~[0xfb][0xdf][0xd3][0xb9][0xf0][0xc8][0xed][0xa9]O![0x1c][0xd4][0x1b][0xb]l[0xf3];[0xc4][0x15][0xf]&[0xbf][0x1e][0xa3]<[0xc4]E[0xd8]\?[0x89][0x1e][0xc1][0xd9]zd|:[0xef][0x89][\r]M[0xbd][0xc][0xa0][0xec][0xc6]~"e[0x19][0xae][0xcc]uY[\r]:P4[0x96][0x3]^[0xcf][0xd3]%[0xb2]n[0x7][0xec]Uq[0xfb]n[0xc][0xda]I[0xc8][0xf][0x8e]#[0xdf]{[0xb2]@Fx[0xc7][0x82][0xe1][0xac]`4[0xcd][0xa1][0xbd][0xca][0xe9]U[0xe1]-[0xed][0xc0]^1[0xfa][0xfb]l:~[0x1c][0xe3][0xe5][0xdd][0xab]Z[0xc8][0x2]g[0xfa][0x8][0xaa][0x97]\[0x11]tU[0xbd]!h[0x5][0xd8][0x1][0xa7]@[0xf0]dY[0xb][0xfc][0xc8]F[0x93][0xba]2e[0x85][0xe7][0x14]>[0x9][0x17]:t[0x9d][0xce]tU[0x4][0xd1][0xc2]d[0xf8][0xd3][0xb8][0x15]%[0xa3][0x11][0xee][0xc5]~[0x82]\[0xcf][0xb7][0xc4]E?[0xee]1v[0x98]_[0x88]k[0xb0]|P[0xef][0xdf][0xfd][0xd6](lp[0xb5][0x87][\r]>[0xa5][0xae][0xd8][0x1e]1[0xf9][0xeb][0xba]y[0xd1][0xbe]l[0xde][0xfe][0x96]op[0xd5]M[0x9c][0xa0]ejw;[0xbd]P[0xf6][0xce][0xec]#[0x14][0xbf][0xe0][0x93][0xce][0xbf]ZTe}[0xfe]=e[0x9f][0xea][0xe2][0xc2][0xc5]>[0xbd]8[0xb9][0xec][0x97][0xab]o[0xd0][0x8b]7[0x97]/^[0xe0][0xef][0xf5]~?[0xbf]_1O[0x12][0xa1][0x9a][0xd2][0xfc][0xf1][0x83]5o[0xe5]U[0xa9][0xe2];M[0x19][0xaf][0x97]8[0xce]>[0xeb]c[0xf4][0xb9][0xf][0x9e][0xe0][0x9d][0xdc]B[0xfb][0xa0]~[0xe0]W[0xa0][0xe2][0x11]1[0xf9]7[0xd7][0xa8][0xd0][0x1d][0xe]5[0x8a]W[\n]"
DEBUG wire -  << "[0xe3][0xc1][0x1d][0x9b][0xca][0xbe]Y[0xdd][0x97]k[0xea][0xdc]o[0xe6][0x17][0xa1]6[0xef][0xf0]r^h[0xa8][0x1][0xcd][0xe9]s"_[0xbc]0.~[0x5][0x1e][0xf3][0x14]%[0x9d][0xd8][0xdb][0xc7][0xc4][0xc6][[0xd5]*2[0x8][0xaf][0x98][0xc4]y[0xc1][0xf2][0xe5][0x96][0x0][0xa4]r[0xe]4[0xf7][0x5][0x8e][0x8c]kw2[0xfd][0xee][0xae])n[0x7]N[0xd7] 4[0xf7][0xd7]Z?[0x93][0xcb][0xcb]C[0xf2]s+[0xdb][0x9c]{[0xd0]J[0x17][0xec][0xe0][0xb7]"[0xdc]u[0x8b][0x9b]u[0xdf]L=[0xea][0xda][0xa6][0xd8]_+[0xf][0x13][0x10][0x93][0xad]x[0xc6]v[0x97][0x88][0x13][0x8d]"q[0xbb]8/q[0xcc][0x3][0x9e]j[0x1]cJ[0xfe]q[0xaa][0x9d]%[0x1][0x88]6[0x87] [0xe0][0xa2]w[0xdb][0x9d][0x97]Z[0xbb][0xa3]u[0xb6]Hg[0xb7][0xb7][0xbd][0xd3][0xeb][0xec][0xca][[0xca][0x11]Q[0x84][0xc0][0x10][0xe]!0[0xa4][0xfe][0xf]`[0xea]'[0xbf][\n]"
DEBUG wire -  << "[0x85][0x0][0x0]"
DEBUG RequestSpecificationImpl$RestAssuredHttpBuilder - Parsed data to instance of: class org.apache.http.conn.EofSensorInputStream
DEBUG RequestAddCookies - CookieSpec selected: default
DEBUG RequestAuthCache - Auth cache not set in the context
DEBUG PoolingHttpClientConnectionManager - Connection request: [route: {}->http://localhost:2064][total kept alive: 2; route allocated: 1 of 2000; total allocated: 2 of 2000]
DEBUG PoolingHttpClientConnectionManager - Connection leased: [id: 1][route: {}->http://localhost:2064][total kept alive: 1; route allocated: 1 of 2000; total allocated: 2 of 2000]
DEBUG MainClientExec - Stale connection check
DEBUG wire - http-outgoing-1 << "[read] I/O error: Read timed out"
DEBUG DefaultManagedHttpClientConnection - http-outgoing-1: set socket timeout to 10800000
DEBUG MainClientExec - Executing request GET /session/e9c2f5b492893b90288674161d6e7d46/element/0.01484094461664287-15/attribute/href HTTP/1.1
DEBUG MainClientExec - Target auth state: UNCHALLENGED
DEBUG MainClientExec - Proxy auth state: UNCHALLENGED
DEBUG headers - http-outgoing-1 >> GET /session/e9c2f5b492893b90288674161d6e7d46/element/0.01484094461664287-15/attribute/href HTTP/1.1
DEBUG headers - http-outgoing-1 >> Cache-Control: no-cache
DEBUG headers - http-outgoing-1 >> Host: localhost:2064
DEBUG headers - http-outgoing-1 >> Connection: Keep-Alive
DEBUG headers - http-outgoing-1 >> User-Agent: Apache-HttpClient/4.5.3 (Java/1.8.0_161)
DEBUG headers - http-outgoing-1 >> Accept-Encoding: gzip,deflate
DEBUG wire - http-outgoing-1 >> "GET /session/e9c2f5b492893b90288674161d6e7d46/element/0.01484094461664287-15/attribute/href HTTP/1.1[\r][\n]"
DEBUG wire - http-outgoing-1 >> "Cache-Control: no-cache[\r][\n]"
DEBUG wire - http-outgoing-1 >> "Host: localhost:2064[\r][\n]"
DEBUG wire - http-outgoing-1 >> "Connection: Keep-Alive[\r][\n]"
DEBUG wire - http-outgoing-1 >> "User-Agent: Apache-HttpClient/4.5.3 (Java/1.8.0_161)[\r][\n]"
DEBUG wire - http-outgoing-1 >> "Accept-Encoding: gzip,deflate[\r][\n]"
DEBUG wire - http-outgoing-1 >> "[\r][\n]"
DEBUG wire - http-outgoing-1 << "HTTP/1.1 200 OK[\r][\n]"
DEBUG wire - http-outgoing-1 << "Content-Length:102[\r][\n]"
DEBUG wire - http-outgoing-1 << "Content-Type:application/json; charset=utf-8[\r][\n]"
DEBUG wire - http-outgoing-1 << "[\r][\n]"
DEBUG wire - http-outgoing-1 << "{"sessionId":"e9c2f5b492893b90288674161d6e7d46","status":0,"value":"http://pros.unicam.it/documents/"}"
DEBUG headers - http-outgoing-1 << HTTP/1.1 200 OK
DEBUG headers - http-outgoing-1 << Content-Length:102
DEBUG headers - http-outgoing-1 << Content-Type:application/json; charset=utf-8
DEBUG MainClientExec - Connection can be kept alive indefinitely
DEBUG PoolingHttpClientConnectionManager - Connection [id: 1][route: {}->http://localhost:2064] can be kept alive indefinitely
DEBUG PoolingHttpClientConnectionManager - Connection released: [id: 1][route: {}->http://localhost:2064][total kept alive: 2; route allocated: 1 of 2000; total allocated: 2 of 2000]
DEBUG BasicClientConnectionManager - Get connection for route {}->http://pros.unicam.it:80
DEBUG DefaultClientConnectionOperator - Connecting to pros.unicam.it:80
DEBUG RequestAddCookies - CookieSpec selected: ignoreCookies
DEBUG RequestAuthCache - Auth cache not set in the context
DEBUG RequestTargetAuthentication - Target auth state: UNCHALLENGED
DEBUG RequestProxyAuthentication - Proxy auth state: UNCHALLENGED
DEBUG DefaultHttpClient - Attempt 1 to execute request
DEBUG DefaultClientConnection - Sending request: GET /documents/ HTTP/1.1
DEBUG wire -  >> "GET /documents/ HTTP/1.1[\r][\n]"
DEBUG wire -  >> "Accept: */*[\r][\n]"
DEBUG wire -  >> "Host: pros.unicam.it[\r][\n]"
DEBUG wire -  >> "Connection: Keep-Alive[\r][\n]"
DEBUG wire -  >> "User-Agent: Apache-HttpClient/4.5.3 (Java/1.8.0_161)[\r][\n]"
DEBUG wire -  >> "Accept-Encoding: gzip,deflate[\r][\n]"
DEBUG wire -  >> "[\r][\n]"
DEBUG headers - >> GET /documents/ HTTP/1.1
DEBUG headers - >> Accept: */*
DEBUG headers - >> Host: pros.unicam.it
DEBUG headers - >> Connection: Keep-Alive
DEBUG headers - >> User-Agent: Apache-HttpClient/4.5.3 (Java/1.8.0_161)
DEBUG headers - >> Accept-Encoding: gzip,deflate
DEBUG wire -  << "HTTP/1.1 200 OK[\r][\n]"
DEBUG wire -  << "Date: Mon, 14 Jan 2019 17:23:56 GMT[\r][\n]"
DEBUG wire -  << "Server: Apache/2.4.18 (Ubuntu)[\r][\n]"
DEBUG wire -  << "Vary: Accept-Encoding,Cookie[\r][\n]"
DEBUG wire -  << "Cache-Control: max-age=3, must-revalidate[\r][\n]"
DEBUG wire -  << "Content-Encoding: gzip[\r][\n]"
DEBUG wire -  << "Content-Length: 10641[\r][\n]"
DEBUG wire -  << "Keep-Alive: timeout=5, max=100[\r][\n]"
DEBUG wire -  << "Connection: Keep-Alive[\r][\n]"
DEBUG wire -  << "Content-Type: text/html; charset=UTF-8[\r][\n]"
DEBUG wire -  << "[\r][\n]"
DEBUG DefaultClientConnection - Receiving response: HTTP/1.1 200 OK
DEBUG headers - << HTTP/1.1 200 OK
DEBUG headers - << Date: Mon, 14 Jan 2019 17:23:56 GMT
DEBUG headers - << Server: Apache/2.4.18 (Ubuntu)
DEBUG headers - << Vary: Accept-Encoding,Cookie
DEBUG headers - << Cache-Control: max-age=3, must-revalidate
DEBUG headers - << Content-Encoding: gzip
DEBUG headers - << Content-Length: 10641
DEBUG headers - << Keep-Alive: timeout=5, max=100
DEBUG headers - << Connection: Keep-Alive
DEBUG headers - << Content-Type: text/html; charset=UTF-8
DEBUG DefaultHttpClient - Connection can be kept alive for 5000 MILLISECONDS
DEBUG RequestSpecificationImpl$RestAssuredHttpBuilder - Parsing response as: text/html; charset=UTF-8
DEBUG wire -  << "[0x1f][0x8b][0x8][0x0][0x0][0x0][0x0][0x0][0x0][0x3][0xed]}[0xe9]v[0xdb]8[0xb2][0xf0][0xef][0xe4])[0x10]f:[0x96][0xba]IJ[0x94][0xbc][0xc8]r[0xe4][0x8c][0xe3]%[0x9d][0xb9]q[0xec]c9[0xbd]L[0xe2][0xab][0x3][0x91][0x90]D[0x87][0x8b][0x9a][0x8b]m[0xc5][0xf1]9[0xf7][0x1d][0xee][0xb][0xf4];|o[0xd0][0x8f][0xf2]=[0xc9]W[0x5][0x80][0x9b]DIv[0xac][0x9e]9[0xf3][0x9d]vwl[0x12]([0x14][\n]"
DEBUG wire -  << "U[0x85]Z@[0x10]|[0xf9][0xec][0xe0]d[0xff][0xfc][0xd7][0xd3]C2[0x8a]\g[0xf7][0xe9]K[0xfc]C[0x1c][0xea][\r];[\n]"
DEBUG wire -  << "[0xf3][0xb4][0xf]][0x85][0x8c][0x3]6[0xb0]o:[0x8a]?l[0x3]P4n[0xd7]j[0xfe]p[0xac][0xbb][0xac][0xe6][0x85][0xcf][0x95][0xdd][0xa7][0xd0][0x86]Qk[0xf7][0xe9][0x93][0x97].[0x8b](1G4[0x8]Y[0xd4]Y[0xfb]p~[0xa4][0xb5][0xd6][0xd2]r[0x8f][0xba][0xac][0xa3]\[0xd9][0xec]z[0xec][0x7][0x91]BL[0xdf][0x8b][0x98][0x17]u[0x94]k[0xdb][0x8a]F[0x1d][0x8b]][0xd9]&[0xd3][0xf8][0x8d]Jl[0xcf][0x8e]l[0xea]h[0xa1]I[0x1d][0xd6]1[0x14][0xc4][0xe2][0xd8][0xde]g[0x12]0[0xa7][0xa3][0x8c][0x3]`;L!# [0xad][0xa3]H[0xa2][0x86][0xee]x[0xa8][0xfb][0xc1][0xb0]v3[0xf0]j[0x6]o[0xf3][0xe4]edG[0xe][0xdb]=[0xf0][0xcd][0xd8][0x85][0xce]B[0xa2][0x91][0xd3][0xb3][0x93].[0xfe]2Y[0x18][0xb2][0x90]P[0xcf]"][0x16]`[0xe7]!yG[0xfb]/k[0xa2][0xc9]S[0x92][0xfb]y[0x19][0x9a][0x81]=[0x8e]H4[0x19][0xc3][0x18]"v[0x13][0xd5].[0xe9][0x15][0x15][0xa5][\n]"
DEBUG wire -  << "[0xb1]-[0x18][0xc5]8[0x1e]h[0xc8][0xb7][0x98][0xe][0x99]&k[0x8a]X[0xf0][0xe7][0x8a][0x6][0x84][0x5][0x81][0x1f][0xf4][0xc2]([0xe8][0xf9][0xfd]K[0xd2]![0xb7]3P[0xf8][0xb3][0x16][0xb0][0xdf]b;`[0xd6][0x1a]i[0x93]5;$[0xe9][0xbd]Z[0xe][0xef][0xda][0xa1]K#s[0xc4][0xe1]-[0x1f][0x86][0xe3][0xf9][0x11][0x11]Es[0x9a]\Q[0xc7][0xb6]hd[0xfb]^[0xd2][0x9]6[0xe1][0xa5]k3-[0xee][0x8a],[0xa9][0x89]1[0x16][0x87][0xf8][0xf4][0xe5]3M#[0xe7]#[0xc0][0x14][0xda][0x11]#[0xf0][0xd7][0x1f]G[0xb6]ka[0x16][0xb9][0xb6][0xa3][0x11][0x89]F[0x8c][0xfc][0xea][0xd3]0"[0xdd][0xc3][0x13]2v[0xe2][0xa1][0xed][0x91][0xab]m}[0x1d]D[0x83][0x82][0xc]A[0x92][0x13][0xac][0xd7]M[0xdf][0xad]][0xfb][0x81][0x5][0xfa][0x17][0x86]5[0x1][0x19][0xd6]B[0xe6][0xd7][0x88][0xa6][0x81][0xa6]f[0xfa]`R[0xcf][0xf7]lP[0x95])[0x8d][0x0]=[0x9][0xf5][0x18]k\[0xdd][0x8e]jV[0xa2][0x5]5[0x85][0xd4][0x0][0x1]WK[0x80][0x19][0xb3] [0x9a]p[0xfd]v|[0xd4][0xb7][0x9c]n2[0xaf][0x87]S[0xa0][0x1c][0x1a][0xb5]![0x7]K[0x83][0xc8]6[0xb1][0xf5][0x1c]hT[0xab][0x1c][0xf8][0x3]tr[0x1e]J[0x8b][0x9][0x19][0x80][0xfc]r[0x88][0xff][0xe1][0xc7][0x81]G[0x1d]rJ[0x1]2$[0xfb]~[0x10]P[0xb]&[0x94]J[0x8e]t[0xf8][0x7][0xda]G[0x3][0x9b][0xec][0xe1][0xb5][0xf][0x80][0x81][0xac]x[0xe3][0xb1][0xd0]&][0xb8]:[0xf5][0x81][0xb5][0x2][0xe2][0x8c][0x91][0xd7][0xf0][0xa7];[0xa6]C[0xcf]w|[0xf2]F''p[0xbf]G[0xde][0xc4][0xb6][0xc5][0x0][0xc][0x8]<[\n]"
DEBUG wire -  << "`f[0x83][0xa0]>[0x93][0x81][0x1f][0x90][0xf][0x9e][0x5][0xbd]F0[0x4][0xda]w[0xa0][0xf5][0xe9][0xf1]{r[0xec][0x3]l[0xa8][0xff][0xf1][0xfb][0x1][0x85]![0xbc][0xa0][0xee]x[0x87][0xfc][0x97][0xe7]_;[0xcc][0x1a]2r[0xe8][0x81]`[0x19][0xb]loH^<o5[0xc]c[0x87][0x1c]:![0xd8][0x3][0x16][0xa8][0xe4][0xbd][0xc5][0xdc]>[0xb]H[0xa3]nl[0xe9][0xe4]#J[0xfd]bfP[0xf9][0x81][0x8][0xf2]UI[0xbf][0x8a][0x3][0xf8][0xe3]wrn[0xb3]/_[0x4][0xc4][0x1f][0xbf][0xef]![0xa9].[0xf0][0x88][0x8e][0x81][0xa1][0xd4][0x4][0xb5][0xf4][0x89][0xeb][0xf3][0x11][\r]9[0xfb][0xaf][0x80][0x9e][0x1]([0xe][0xf2][0x96][0xf8][0x3][0xd2][0x8f]C[0x1c]lH^[0x8c][0x98][0xe3][0xd8][0xe3][0x9d]y2[0x89][0x3]''[0x8b]oUD[0x9c]<=[0xb4][0x98]9\[0xf7]W[0x12]aj#[0x98]o[0x11][0xb][0xda]&[\r][0xac][0x1c][0x9a]0v][0x1a]L[0xe6][0x82][0xff][0xa5]T[0xff]z[0xa5][0xfa][0x98]h[0xd5][0xc5]\[0xb1]<[0xda]|[0xe4]][0xd8][0x1a][0x90][0xe8]HBj[0x8e][0xf5][0xc3]e[0x8][0x1e]`[0xf7]V[0xf9];G[0x13])m%[0xb1][0xc5][0xa1]9b.E[0xbf][0xaa][0xa8][0xca][0xdf][0xb9][0xc9]k+'[0xc1][0x90]z[0xf6][0x17][0xde][0x1e][0x8a]Q[0xe7][0xdb]st[0x1d][0xaa]C[0x18][0xc8]^[0xa8][0xb4]?[0xa6]H[0xaf][0xaf][0xaf][0xf5][0x89][0x1f]Gq[0x9f]q3[0xf]1[0x83][0xe7]1[0xa7][0xf6]a[0xbf][0xb7][0xff][0xdb][0xcd]qt0[0x8][0xde][0xfc][0xf3][0xfa]d[0xf8][0xcf][0xdf][0xfa][0xfd]:[0xf3][0x87][0xca][0x5][0xf4]m[s;y[0xee][0x17][0x9][0xe2]3[0xa7][0xbd]t[0xc6][0xa8][0x8a][0xe3][0xf]}[0x0]T[0xee]2w[0xc6]=Xm[0xc6]G[0xe9][0xdc][0xe9][0xe4][0xbc][0xce][0x9a][0xe5][0x85][0x1a][0xc6]F[0x8c][0xfb]\[0xee]x[0xd6]j5[0x97][0xde][0x98][0x96][0xa7][0xf7]}?[0x2][0xf]O[0xc7]x[0x3]C\[0xe3]2X[0xd6]x[0x0][0xec][0xf][0xf5][0xa1][0xef][0xf][0x1d]F[0xc7]vx[0xff][0x96][0xa1]~[0x8d]2[0x9a][0x2]V[0xa8][0x3][0xba][0xe3][0xd1][0x8]4G[0xc4].y[0xc1][0x7]a[0xf8][0xc3][0x8d][0xb][0xe6][0x8a][0xeb][0xd6]R[0x3]C^[0x4][0xf4][0xb7][0xd8][0xdf][0x81][0xd9][0xce][0xac][0xc5][0x9e]v[0x0][0x10][0xd2][0xb6][0xfd][0xc9][0xb4][0xec][0xfb][0xae][0x98][0x5][0xcb][0x89]2%h[0x8e]:[0x8][0x10][0x17]Fv[0x8][0xf1][0xe4][0xda][0xf6],[0xff]Z[0xef]][0x8f][0x99][0xeb]_[0xda]][0x16]E0[0xa1]C[0xc][0xdc][0x94]>[\r][0xd9][0x87]T[0xfb][0xc3][0xf6][0xa7][0xda][0xa7]D[0x14][0x9f]j[0xb6][0xb][0xa1]`[0xf8][0x9]:[0xe][0xd8][0xa7][0x1a]o[0xfc][0x9][0x2][0xd3]O[0xb5][0xad][0xc6][0xcd]V[0xe3][0x13]N[\r]1[0xd7][0xf4][0xb1][0x87][0xb3]+[0xbc][0x1a]>[0x1c][0x17]4[0xe2][0x98][0xe0][0xef][0xa1]@[0x6]Wx[0xf][0x6][0xdb][0x84]Ip[0xab][0xc0][0x9c][0x6]&[0xf3]&[0xc9][0x4]B[0xd4]E[0xee]|[0xaa]][0x8f]5[0xdb]3[0x9d][0xd8][0xc2]n.C^[0xc0][0x1b]i =[0x6][0xe3][0xd4]][0x98][0x5][0x97][0xe1]+[0xb0]b[0x9d][\r][0xbd][0xae]7[0x94][0xbb][0xbb][0x1d]d[0xd0][0xb3]A[0xec][0x99]([0xc5][\n]"
DEBUG wire -  << "U[0xfb][0xaa]Y[0xbd]M[0xee][0x89][0x85]%[0xd5][[0xc]z[0xcd]N7Bk[0xac][0xf][0x2][0xdf][0xdd][0x87][0x1c]a[0x1f],[0xe3][0x8e][0xa3]C[0xc4]D[0x83]3fF[0x95][0xba]ZW?[0xeb]"[0x1][0xf8][0xac][0x8f][0x98]=[0x1c]EU[0xd5][0xd1]![0xd4]w[0xce][0x81]Q[0x15]SG[0x8d][0x99]T"[0x8]/UZ[0x5][0xf0]zu[0x7]q[[0x9d][0xcf]z[0xe4][0xa3][0x1f][0xf8]p[0xf6][0xae]R}[0x4][0xd6]~[0xe]+[0x9b][0xc2][0x1a][0xb0][0x8]| t[0xd6][0xe9][0xb0][0xbb]t[0x88][0xac]B[0xc5][0x0][0xfb];[0xf6][0xa0][0xf2][0xcc][0xf9][0xfa][0xf5]Y[0x86][0xbc]*[0xda]<3vB0[0xe3][0xe6][0xa8][0xe2][0xe8][0xa8]b[0xaf][0x81][0x9b][0xe8][0xe6]@[0xe1][0xfc][0xb1][0x82][0xc4][0xf8]h[0xd2]7[0xeb]u[0xd2]l[0x8c]o[0xc8]^[0x0][0xb9][0x8f][0x2]C[0xbc]5[0x1]R[0x19]8t[0xa8][0xb4]%[0xaa]J[0xbf]cU>nl476[0xd5][0x8d][0xcd]V[0x3]~'[0xd7][0xc6][0xf6][0x85]Z[0xa8]i5[0xea][0xcd]Bu[0xb5][0xfa][0xe2]E[0x1][0xc1]V[0xb3][0xd9][0x80]:[0xa3][0xd1][0x82][0xdf][0xeb][0x8d]fvm[0xb4]r[0xe5]Fv[0xdd][0xac][0x97][0xc3][0xaf]oe[0x9d]s[0xac][0xa2][0xf3][0x1c]h[0xb1][0x0][0xf0]OA[0x18]S[0x5][0xd0][0xd3][0x12][0x1c][0xd0]gU}[0xd6][0xaf][0xee]p6I[\r][0x97]bJG[0x89][0x90][[0x9b]uu{k[0xbb][0xa1]nn[0xd4][0x9b][0x9][0x97][0x92][\n]"
DEBUG wire -  << "[0x8e]3W[0x8b]([0xef][0x12][0xc1]e[0x82][0x1e]$[0x82]6;}[0xdd][0xc][0x18]L[0xa9]C[0x87][0xa1]E[0xa9]([0xd2]\[0x0]!z[0x18][0x98][0x1d][0xaa][0x9a][0xba][0x5][0x16]:[0xe8][0x98]z[0xb9]aQ[0xfb][0xfa][0x90]E[0xb2]}[0xf8]zrN[0x87][0xef][0xc1]gU[0x14]L[0xa5][0x95][0xea][0xc7][0xfa][0x5]j%[0xf3][0xac][0xfd][0x91][0xed]X[0x15][0xb3]z[0x87]=[0xf][0xd5][0x91]j[0xab][0x97][0xea][0xe7]Y[\n]"
DEBUG wire -  << " [0x5][0x2][0xe4][\n]"
DEBUG wire -  << "h6h-[0xa0][0xde][0x17][0x8e][0xfc][0xc5][0x8b][0xfc]]Ei[0x0][0xf2][0x1d][0x8]S*[0x97][0x9d]=[0x8]v&[0x15][0xa1]\[0xaa]d^[0x15][0x8][0xf][0xe3]1&[0xe8]a[0xe7][0x96][0xc1]L[0x9f][0xc0][0xb4][0xf0][0x86][0xed]gu5[0xbb];[0xbc]1[0xd9]8:[0x82][0x86]P~[0xa7][0xda][0x9d][0xfa][0x8e][0xfd][0xf2]Rw[0x98]7[0x8c]F;[0xf6][0xf]?T3,[0x1f]/?[0xda][0x17][0x17][0x1d]V[0xc1][0xbf]y[0xf4]z[0x86][0xaf]SZ[0xfa][0xe2][0xc5]4[0x16]U[0x10][0xfb][0xac][0xd3][0xc1][[0xd0][0xe4][0xd2]v[0x19]u[0xe5]x[0xb3][0xfa][0xd9][0x1e][0xb8][0x0][0x1f][0x87][0xf2]Y[0xe][0x2][0xc9][0x85]![0x1f][0x9c][0x1c][0x9f][0x81]X'[0x9d]g[0x6][0xdc][0x5]x[0xb9]O[0x1d][0xa7]O[0xcd][0xcf][0x9d][0xd4]t[0xc2]\[0xcf][0x1][0x2][K{[0xfa][0xfa][0xb5]2*[0xb6])[0xa0][0xab]T[0xef]@[0xb3][0xa8]e[0x1d]^[0x81]V[0xbc][0xb3]C[0x88][0x15]Y[0xf0][0xaa]2[VQ[0xa0][0xb3]}[0x11]L[0xbe][0xf3][0xa9][0x5][0xce][0x13][0x94][0xeb][0x99]QUi[0x9][0xac][0x3][0x10][0xb2][0xbe][0xda][0xae][0x0]D[0x14]A|[0xcb][0x81]*[0x8a][0xef][0xc9][0xea]*[0xf6]][0xac][0xe1][0xd4]A[0xe0][0x1e]1[0xc][0xf1][0x86]LQs[0xc4][0x83]gr[0xc7][0xe][0x83][0x80][0x0]Lj_[0x8c][0xa4][0x8b][0xb0]([0x98][0xe9]qU[0xab]*[0xe7]>wk_[0xbf][0xde][0xde][0xa9]C=[0xe7][0xd9]^[\r]*[0x85][0xfb]j{[0xa8]K[0x87][0xfd][0xe2][0xc5]P[0x8f][0xae][0xe5]e[0x5][0xe1][0xe4]]U[0xc5][0x1b][0x9]U[0xad]V[0xef]*[0xc2][0xd5][0xab]I~[0xa6][0xce]q[0xfd]Ut{Y[0xc4][0x88]QD4[0x81][0xbc]$7[0xd7][0xcd]0[0x84][0xe8][0xc1]v[0x11][0xbf][0x16][0xba][0xb6][0xc3]&*[0xbf][0xe5][0x88][0xc8][0xed][0xd3]'[0x96][0x1d][0x8e][0x1d]:i[0x13][0xdb]C_@[0x9e][0xd9].J[0x9b]z[0x11]`[0xef][0xfb][0x1]d<m[0xe2][0xf9][0xb3]57Z8[0xa2]@VY[0xad][0xf0]omb0[0xb7]X[0xc1][0x1d]`I9[0xa4][0x82][0x10][0xdc][0xb6]I[0x9d][0xe8][0xf5][0xad][0xe9]JP[0xbb][0x8][0x97]U4[0xea][0xd8]C[0x0][0xd2][0xea][0xfa][0xc][0x2][0x14][0xcf]0[0xf0]c[0xcf]*[0xa3]g[0xc][0xba][0x84][0xf6][0x3][0xf0][0xe7][0xcb][0xef][0x9e][0x2][0xf7][0x90]e[0x85][0xc8][0x96][0x97][0x84]#[0xc6][0xa2]5\R[[0x3][0xce][0xf5][0x1d][0xdf][0xfc][0xac]9v[0x1f][0xd2][0xcb][0x89][0x6]L]#2[0xe4]-[0x8f][0xf1]rA[0xc][0x8a][0xa0][0x6]L[0x8e]j[0x5]$[0xa2]_[0x1e][0xcb][0x0]@[0x16][0xcc][0xac][0xc9][0xcc]([0x91][0xde][0x1a]q[0x99]eSH[0x95][0x1c]g:[0x4][0x9f]&t[0xc4][0xc2][0xc8][0xa6][0x9a][0xe9][0xd8]h[0xcd][0xb5]>[\r][0xee]G[0xaa]L[0xe6][0xd2][0xb5][0xad][0x8]R-f[0x87][0xe][0xd3]pf@B[0x3][0x81][0xb1][0xdf][0x1f][0xdc][0xf4] [0x8b][0x8c][0x1d][0x1c]RR[0xac]9lH[0xcd]I[0x8d]Bt[0x1c][0x89][0xa1][\n]"
DEBUG wire -  << ""j9"V7@[0x8b][0x86]#[0x1b][0xa8][\r][0xbf]E[0x4]I[0xdb][0xd5][0xf2][0x1c][0xf9][0xa2][0x9][0xbe]h[0xe3][0xb8][0x8f][0x84]i0gcM[0xd0]Y[0x9f][0xa1][0x14][0xf3][0xce]9[0xc9][0x19][0xcf][0xbb]4z[0xcd]B[0xdf]e[0xb5]u}K[0xaf]s[0xd2][0xf3][0xc5][0x5][0xea][0x1b][0x0][0xd2][0xfc][0x13][0xa9]7[0xfe]$[0xfd][0xc9][0xba][0xe0][0xe3][0x83][0x9e]![0x1][[0xdd][0xa8]R[0xbe]>[0x8c]|Nv[0xaa][0xc0]R[0xa5]S\[0x9c][0xd2][0xf4][0xae] [0x6]cE[0x13][0x97][0xcb]9[0xb4][0xbf][0xb0]{[0xea][0xf7]B[0xc2]S[0xc5][0xe1][0x8][0xa7][0xd4][0x6][0xc][0xe8][0xf6]c[0x8][0xce]k[0xe4][\n]"
DEBUG wire -  << "h-[0xe8][0xfd]B[0x8d]_[0x11][0xab]{[0xbc][0xf8]1[0x94][0xcf][0x9a][0xef][0xfb]rU[0xf8][0xe8][0x19]Z[0x84][0xfb][0x15]$M[0xa1][0xd8]}[0xaa]K[\r][0x81]<[\r]-[0xaa]J[0xa6][\n]"
DEBUG wire -  << "[0x8]f[0x96][0x10]`[0xcb]?[0xbd]p[0xe4][0x8f][0xc7][0xe0][0xf0]z&[\r]"[0xa2][0xe3][0xef][0x9e][0x3]>[0x8][0x1d][0xfe][0x93][0x9c][0xaf][0x84][0xc1]9>[0xf8][0xf7][0xe7][0xcd][0xcd][0xe6]Fs[0xb]*[0xef][0xe0][0xdf][0x1c][0xe4]Dwh[0x9f]9[0xda][0x0][0xe2],[0x8c]? b[0x18][0xc7][0xd1]GNl[0x8]y[0xae]9[0xba]hk[0xd7][0xac][0xff][0xd9][0x6][0xd9][0xc5][0x11]>[0x1b]sD[0x87]Ii>h[0x0]C[0x1]([0xeb][0xf8][0x1f][0xa4][0x9a][0xdb][0xf0][0x3]rt[0xdc]w[0xc8][0xf7][0xa0]j9[0xbb]8[0x1c]_7[0xd5][0xf1][0x97][0x86][0xdc][0x19][0xb7][0xfb][0xc]n[0xd8][0xd2][0xd6][0xa0]2Vl>[0x16]KAd[0xb2][0x91][0xe0]^"[0xa3][0x1][0xff]A[0xde][0x90]G[0x9][0xa9] "
DEBUG wire -  << "[0x12]T2[\r]%%UA[0xf6][0x92][0xb][0x93]H[0x89]4[0x8]-[0x19][0x8f][0xbc][0xd0]<zE[0x1c][0x9b][0xd0]y[0xd4][0xcf][0xe0]j[0x8f][0xfc]+V&[0xe1]i[0x8c][0x2][0xb0][0x88][0x97][0xf1][0x1f][0xa1][0xb9][0xf0][0x1b][0x8]C[0xe6]@[0xb][0x8e][0xc1][\n]"
DEBUG wire -  << "[0xfc]1[0xa8][0x9b][0xc7][0xbd][0x1a][0xe0][0x90][0x18]va[0x0][0xb][0xc1][0x6][0x10]z[0x87][0xcb][0xc1]([0xe4][0x10]Wl[0x6]N[0xfc][0xe5]d[0xef]"[0xe1]K[0xc8][0xe8][0xfb][0xd6][0xa4][0xed][0xf9]QE[0x1f][0x81][0xbd][0xab][0xa6][0xed]!w[0xa7][0xb1][0x13]M[0xe1][0xd3]E[0xa7][0xa2]A?[0xf2][0xaa]+D#%[0xb1]"d[0x9c][0x89][0x88],[0x95]02[0x9][0x9f][0x3]a@=$TwA[0xc9]#[0xc8][0xdf][0x17]Tkh[0xcb][0xf3][0x0]R[0xcf]s[0xb4][0xea]#[0x1a]j[0xd4]4[0xc1]J[0xb]-[0xe6][0x1a][0x82][0xcf][0x81][0xa5]N[0xd7]ic{[0x83][0xee]H[0xf3][0x86]-[0xc6][0x14]"[0x15][0xf1][0x0]$[0x84][0x8]E7[0xe3] [0xc0]L[0x8b][0xcc][0xab][0x91][0x83][0x99]_[0x9f]SM[0x91]5i[0x85][0xce][0xb3][0xbe][0xfb]q[0x14][0xf9][0x9e][0x9a]^[0xe5][0xc6]q[0xed][0xfb]|u[0x18]RKP[0xfe][0x0][0xcc]t[0x8f][0xa3]"[0x2]R[0xcc]b%[0x8c][0xfb][0xae][0x1d])[0x17][0xdf][0xd0]$[0xeb][0xcb][0xb2][0xaf] %D3[0x15]r[0xf]G[0xc1][0xf9][0xa0][0x11][0x91]E[0xf8][0xbb][0x80]B`[0xb8]H[0x1][0xc4][0xfd][0xea]0e[0x94][0xe5][0xc][0x96]"[0xda][0x89][0xa1][0x96][0x95][0x97][0xb7][0xca]3[0xa8][0xac]|[0xaa][0xd5]sa[0x17][0xe5][0x88][0xc8]B[0xf5]XP[0x99]h[0xc8]"[0x90]L[0xd4]0I[0xf0][0x9f]6[0xe]l|[0xc]ZV[0xd6]F[0xcd]/[0xad][0xc8][0xcd][0x86][0xe9][0xaa][0x1c][0x11][0xd3]Ub[0x8e][0x96][0xd6][0xe9][0xcb][0xeb][0x16]`N [0xe6][0x8e][0xae]][0x0]X@[0xdc]r[0xf2][0xf3][0xb3]^x[0x8b][0xd0][0xb6][0x18]Z"[0xcc][0xbc][0xb4][0x11]Dq[0xac][0xc][0xc8]t[0xa0]b)[0xd4][0xc][0xaa][0xf9][0xbd][0xce]"|[0x0][0x85][0x99][0x85][0xbc][0x7][0xda][0xc][0x96]{x[0xe9][0xe7][0xf3][0xfa]#q[0xf0][0xc7][0xd5]:z[0xef][0x81][0xef][0xd8][0xbe]fG[0xcc]m{[0xd1]H3[0xf9]"[0xee][0xa6][0xf7][0x83]Q[0x95]aB[0xe2][0xb5]4[0x11]'&WI[0xcc][0x9b][0x5][0x15]b[0xc2][0x85][0xc9]Eju[0xb3]P2o[0x84][0xa7][0x3][0xcc][0xd4][0x1e][0x97]D[0x9e]3[0xb6][0xf9][0xef]<`&[0x15]H[0x92]5[0xb9]\[0xb4][0xb5][0xd9][0x1a][0xdf]T[0xc9]-[0xe1].[0xfe][0xc9][0x2]_[0xb4][0xeb][0xd8][0xbb]9[0xcf][0xb0][0x1c]4[0xe5]j[0xa9][0xf7]N[0x1d][0xf7][0xac][0xb]'%[0xdd]<[0xa0][0xed]l[0xbf][0x82][0xb3][0x9][0x86][0xc8][0x1f][0xe][0x1d][0xb6][0xa4][0x8b]| Al[0xe1]|2[0xb7][0x97][0xe7]-gn[0xe2][0x80]R[0xd7][0x9e]s[0x1e][0x1a][0x98],p[0xf3][0xd2]%a[0xed]G[0xd3][0x81][0xf4][0xec][0xbf];[0xca][0xc0][0xd1][0x94][0x8b][0xaa][0xc][0x6][0xa4][0x9a][0x9a][0x81][0xf]!c[0xe4]c[0xac]&[0xab][\n]"
DEBUG wire -  << "[0x84][0xcb]2[0xae][0xc6]UuI[0xa7][0xfa][0x92]^[0x1f][0xd8])[0xb5][0xac]^[0xe4][0xf3]8[0xba]'0WW[0xeb][0xf1]J}[\r][0x99][0xe7][0xba][0xca][0x8c][0x99][0x9a][0x5]2[0xd3][0xe9][0xc3]|W[0xbf][0x1a]{[0x97][0xce][0xc5][0xb2][0xa4][0xac]N[0xf0][0xb9][0x1f][0xfe][0xab][0x93]`[0xd8][0xa7][0x15][0xa3][0xae][0xae][0x1b][0xea]v][0x85][0xdc]v[0xbd][0xaa][0xd6]I[0x13][0xea][0xc][0xf8][0xa7]![0xd0]4H[0x3]![0xb0]v[0xa3][0x1c]C[0x83][0xaf]XsC[0xf0][0xaf][0xee]4[0x9][0xfc]0[0xbc][0xc4]D[0x83]b[0x84][0x96]H[0x83][0xc8]bi[0xf6][0x92][0xf2][0x12][0xb3]Uf[0xb0][0x1e][0xa3][0xda][0xf][0x9d]P%[0xba]][0x16][0xb3][0xff][0x8b]&[0xf6][0xaa][0xc3][0xc9][0xc5][0xe1][0xdc][0xe2][0x10]qQP7[0x9b]>[0xdc]k[0xd6][0xe5]<[0xf9][0xc2][0x80][0xf0][0xdf][0x1a][0x9e]=4r"[0xf7]1%[0xdf][0x18][0xef],[0xc]{[0xe7][0xae][0x4][0xc1][0xec]]G[0x3][0xb0][0x89]3[0xdc][0x80])>=[0x85][0xd7][0xf9][0x14][0xe7]0[0xcd]l[0x8e][0xe3][0x8e][\n]"
DEBUG wire -  << "9[0xc1][0xa1][0xb6][0x85]&[0x2]W[0x92][0xb4][0x8d]R[0x1b]Qnx[0xa6]:[0x9e]i[0xb7][0xaa][0x9e][0xf3][0xab] yk[0x94]-[0x13][0xe9]6[0xce][0x12][0x10]![0x3];[0xc4][0x8b]q[0x1a][0xc1]d[0xe4]F([0x17]7[0xf1][0x1d]8[0xed][0xd4]z[0xf]q[0xab] >[0xe5][0xc4][0xd5]C[0x1a][0xa8][0xe][0x1b]D[0x4][0xe6][0xae]J[0xf8]U[0xdf][0x7][0xbd]vU[0xdc][0xec]R[0x91][0x96][0xab][0xaa]F~z]U[0xbf][0x5][0x91][0xd5][0xc0][0xff][0x4]"y-[0x86]9[0x9f]N[0x81]5[0xeb][0xa5][0x8c][0x18]u.[0xb0][0xe8]DM:[0x9b][0xd3][0xd7][0xbd][0xfa][0xb8][0xf][0xee]D<[0xc2][0xf2][0x15][0xad]`@=[0xd0]mT[0xeb]*[0xc6]_[0xe9][0x8a]G[0xf9][0xca][0x92]c[0xeb][0xbe][0xa7][0x85][0x8c]?k[0x9e]Z[0xb2][0xc9]-T[0xe9][0x83][0xd8][0xc1][0xb7][0xc][0x2][0xc6]D[0x90]X[0xd2][0xdd][0xf2][0xde]f[0xb0][0x90]y[0xd1][0xe4][0xd2][0x91][0xa5][0xa9]@[0xde]j,m[0x94][0xae][0xdf]ao[0x9a]0[0xad][0xf9][0x85][0x91]'[0x85]%[0x91][0x84][0xcb][0xd2][0x19][0xf]l[0xdc][0x98][0x97][\n]"
DEBUG wire -  << "[0x86]G[0xfb]O[\n]"
DEBUG wire -  << "[0xcf]u[0xa7]E[0xb7][0xbe]a[0xb1][0xa1]*[0xa7][0xdc]fKml[0xab]F[0xb3][0xa1]BvS[0xff][0x8e][0x17]W[0x1a][0xcd]uucK5[0xc](3[0xea][0xf5][0xef][0xaa];[0xe4]i[0xb2][0xc6][\r][0xe9][0x8a][0xec]9A[0x98]$+i[0xfc]L[[0x86][0xd5]Z[0xdf]!i[0x83][0xa9]tg[0xba][0xfd]l[0xde]S[0x96][0xf1][0xe4][0xb1][0x92]Y[0xcc][0x2]n[0x86][0x96][0xc3][\r][0xfc]o>-3[0x8][0xee]GL[0x1e][0xed][0xd3][0x19][0xcf]!|=[0x82]2KK[0xe2][0x8d]D[0x9]54[0xc][0xb9][0xdb][0x80][0xef]i[0xcb][0xee]/[0xe3]0[0xe2]O[0xf9]d[0x99]x[0xea][0x7][0xc9]hU%[0xa5][0xfe][0x9d]C[0x9][0xad][0x91][0x1][0x1]@[0x96][0x7]5[0x90]h[0xc2]0P[0xe7][\n]"
DEBUG wire -  << "[0xb]`2[0x87][0xca]C[0xbe][0x16][0x9][0xeb][0x14][0xa0]t[0xff]I[0xd2][0xd5][0xbf]?[0x90]N[0x9d]h[0x1e][0xe0][0xf3][0x80][0x85]c[0xdf][0xb3][0x88][0xc]A[0xe4][0x8a]R[0x81][0x1e][0x91]i[0xe3][0x2][0xa7]6[0xf6][0xc3]h[\n]"
DEBUG wire -  << "[0x93][0xcc][0xbe][0x1d][0x87][0xc2]\[0xa0]N([0x9f][0xdd]D~$nF[0xcc][0xfc][0xec][0xc7][0x91]VF[0xb0][0x96][0xd4][0x92][0xe7]c:[0xc1][0x8d]#p[0xe1]P[0x93][0x89][0x15][0xc1])`[0xc9][0xc1][0x99]Pq1K[0x96]/J[0x92]oZO(vCSA[0x9a]\[0x8d][0xaf]!:[0x17][0x9a]P[0xa4][0xe6][0xda]4[0xc1]OR[0xe0][\r]p[0x13]5+mY[0x2]M[0x5][0xf8][0xd4][0xf0][0xf8][0xd3][0x9a]<[0xf][0xa4][0xef][0x8d]A[0x8e][0xd3][0xac]XQ[0x6])[0xf0][0x94][\r][0x97][0xab][0xd6]tm[0x84][0xef][0x1a][0xe8][0xee][0xa4]'%&[0xb8][0x9f]g[0x1d][0xce][0xda][0xe2]$[0x95][0x85][0xc9]$[0xcd][0xdd][0xf2]I*[0xee][0xff][0xac][0xd9]]L(r!fy[0x8d]H%n[0x89][0xdc][0xa3][0x83][0x89]G[0xdb][0x80]Pj[0x87][0xa4]E"[0xf8][0x98].E[0x2][0xdb][0xcd]f[0xa1][0x8c]S)[0xb][0xef][0xfe][0xb2]g[0xd9][0xb3][0xbf][0xec][0xd9][0x9c]=+[0x9b]K[0xc5]i[0x94]=*[0xc6][0xf7]x[0x85]H[0xae][0x3][0xdc][0xa9][0xc][0xe4][0x83]%`[0xe9]"[0x9]r[0x1c][0x88][0x15][0xc]/[0xea][0x86][0xd0]q[0xad][0xb0][0x0]P[0xaa][0xdb][0x94][0x7][0xef]9[0x2][0x9f]C<[0xf][0xb3][0x2]W[0x88]`p[0x1f]m[0xeb][0xbf];[0xb9]V=06[0xf0][[0x84][0xb3][0x17]s4[0xa2][0xac][0x9d]\[0x99][0xc0]N/[0x16]([0x96] [0x98][0xb]'[0xff]l_[0xc8][0xa6]X?[0xd5][0x86]K4[0xb1]][0x16][0xf][0xd4]}[0x7]M[0xb0]4[0x8f][0xd5]E[0x8][0x97]7.e[0xe1][0x14][0x9b]K;[0xf8][0xff][0xc2][0xc9][0x87][0xbe][0x98][\n]"
DEBUG wire -  << "[0xc4]a[0x1b][0x1d][0xd0][0xdd][0xd3][0xf4]Q[0x86][0xed]e[0x8f]2[0xb6][0xc7]7U[0x9e][\r][0xe1]r[0x9][0x93]9D[0x92][0x4][0x85].u[0x9c],[0x91][0xc2][0x97][0x90][0xd4]%[0xb0][0x19][0xd0][0xc8](4[0x14]5[0x1a][0xf4]-[0xcd][0x95][0xc0][0xe4][0xc2]4'[0xf2]%a]f[0xa6][0x84][0xa7][0x10][0x2]>[0xdd]4&s[0xb6][0xf4][0xbe]M[0xd6][0x1b]0,[0xfe]4[0xe1][0xee][0xe9][0xd3][0x84](`[0xd9][0x18][0xcd];H[0xc0]vx"[0x7]Y([0x1f][0xad][0x16]F[0xe9]Z+n[0x12]`[0xe2]-[0x1][0xf9]<[0xe8]I[0xde][0xe1][0x93][0xad][0xba]@[\r][0x88][0xef][0xb3]'Wn[0x9d][0xe2]/[0xaa][0x95]n[0xb1],{[0x85][\r]7S[0xbd][0x1a]P[0xd7]v&[0x9d]3[0x1f][0x82][\n]"
DEBUG wire -  << "[0xff][0xbb][0xe6]^[0x13][0xd2][0xc2][0xc6][0xfe]:[0xff][0xbd][0xc1]o[0xc1][0xef][0xad]}[0x1][0xf0]C[0xd7][0xa1]}[0x80]ZOj^<[0xaf]7[;[0xa0][0xbb]x[0xb6][0x80][0x83][l[0xa0][0x9c][0xff][0xd5][0xf0]=[0x7]^[0xbb][0x9a]=v4[0xb0][0xb5][0x1][0xf5][0xcc][0x9].Y}[0xd3]>[0xcc][0x14][0x83][0xe6][0xa0][0xf2][0x3][0x9e]t[0xc3][0x9d][0xc4][[0xbb][0xfc]-f[0xc1]DO[0xee][0xa7][0xf6][0xda]5[0xf5][0xcd][0xc7][0x8c][0x80][0x9f]E[0x80][J[0xbf][0x89]z([0x8a]CT[0xa7][0x80]WX[0x85][0x8d][0x8d][0xb2][0x8c][0x1b][0xa5]pu[0xbb]y[0x5];[0xb4][0xd8][0xfe]F[0x92][0x19][0xa7]'[0xa1][0x14][0xc7][0xcf][0xc9][0xcd][0xd0][0x1a][0xfa][0xb6]n[0xe8]&[0xd8][0x1e][0xdf]-0z[0xfd][0xd1][0x8c][0xe][0xaf][0xe1][0x9e]:,[0x88][0x1a][0xab][0xa3][0xfe][\n]"
DEBUG wire -  << "[0x98][0xec][0x7][0xb5][0x1c]n[0xb1][0x97]=W[0xf0][0xed][0xc3]H[0xe6]*[0xcc]O[0xf1]~amm[0x19][0xcd][0xf8][0x86]pm[0xfa][0xed][0xd2]C[0xcb][0x8e]>[0x9c][0xbd]-[0x9f][0xd3]*[0xbc][0xcf]y[0xd6]=X[0xfc]v&[0x0][0x7]cS[0x1f][0x8f][0xc6][0xaf][0xa0][0xed][0xf4][0xbb][0xa3][0xd7][0xce][0xb5]K={[0x0][0xd6][0xa7][0xac][0xb7]\[0xb5][0xe8]uQO[0xf9][\r][0xea][0xb9][0x86]:oX[0xdb]%[0x85][0xd7][0xaf][0x87][0xf8][0x2][0xc][0x5][0xd3][0x99]{[0xf5][0xfa]g[0xf0]8[0xa7]x([0x5][0x11][0xaf]AN+[0xc9][0xc8][0xf]"[0xbc]][0xcc][0xd4]W[0xe3][0x8e]a[0x18][0xf]za[0x17][0x85][0xf0][0x83][0x8f]o[0xae]/y[0xd5]5[0x11][0x98][0x80][0xad][0x19]z[0xbd][0xc6][0xaf]^[0xc5][0x81][0xd3][0xc1]&`Y[0xbf]k[0x1c][0xc1][0xff][0xc5][0x86]P[0x90][0x9e]M[0x0][0xd7]K[0xdf][0xe0][0xe5][0xca][0x6]|[0xfb]W[0x12]%L=[0xd5]>[0xea]H[0x99]=[0x9d][0xf3][0x2][0xce][0xeb][0x93][0x83]_[0x89][0x9e][0x19][0xf3]$[0xd6][0xbe][0xfd][0x2]*`[0xb1][0x9b]v[0xa3][0x8e]?wSpv[0xc8][0xc3][0x8e]\Ix[0xeb][0x8f][0xa9]iG[0x93]v]omM7[0xe8][0xf][0xc9][0xed][0xcc][0x1a][0xdf][0xf3][0xfa][0xa0]>0[0x8c]i[0xd8]h[0x14][0xbb][0xfd][0xb0][0xc]^[0xec][0xd4][0xbc]K[0xdc]pv[0xf8][0x8c][0xf0][0xca][0xe9]A+[0xa9][0x9f].[0x9e][0xba][0xf2][0xfa][0xf0][0xcd][0xdb][0xf7][0xe4][0xf0][0x6][0xc2][0xe6]c[0x16]A,[0x1c][0x92][0xab][\r]0[\r][[0xe4][0x83]g[0x83][0x9d][0x8][0xa9]C[0xf6]<[0xea]L"[0xac][0xca]N[a[0xd8][0xc2][0x15]-[0xb8][0xb7][0x16][0xc7][0xab]$o7U[0xd2]7[0xb6]l5T}u[0xa8][0x6]*U[0xdd][0xea][0xad][0xfd]q[0xed][\r]w[0xf3])[0xd2][0x93][0xfe]%[0x84]5k[0x17][0x9d]`[0xc7][0xfe][0x18]\t[0xf0][0xd7][0xd7][0xaf][0xb9]7[0xbe][0x9e]>[0xa9]`[0x99][0xfe][G[0xfc][0xf9][0xfa][0xf5][0xe3]EU[0x1f][0xc7][0xe1][0xa8]B[0x83][0xa1][0x10]q[0xf5]N[0xe5][0x95]N[0xc7][0xf8][0xde]c[0xd7][0xe4][0x0][0xf4][0xad]R[0xdd][0xa1][0x9d]p[0xea][0x9d]G[0x1f]w[0x17][0xb8]P\[0xfa]&[0xa5][0x8f]/Q[0xee]P[0x9d][0x86][0x13][0xcf][0xec][0x18]p[0x85]of[0xe]w\][0xac][0x9a][0xbf][0xf7]-[0xa6][0xe3]^[0xe8] z[0xcd][0xf7][0xfc]VpPO[0xef][0xaa]3/[0x81][0xad][0x9]N[0xac][0xa9]k[0xf9][0xe3][0xb]D[0x84][0xa3][0xd1]d[0xec][0x9c]s[0xd9][0xdd]e[0x8][0xf0]C[0xba]V[0xdd][0x1])[\r]ieM[0xd0][0xbe][0xa6][0x92][0xb5][0xf]{[0x9a]a[0xd4][0xd7][0xb7]6[0x9a]MC3[0xb0][0x4]7mg[0x90]![0x98]~,[0xc5] [0xf][0xd3],[0xac][0x99]:[0x9e][0xe0][0xf0][0xfd]AQ[0xd0][0xa5][0x12]F)[0xd6][0xc4][0xd9]LO_b[0x1a]K[0xf8][0x3][0xe8][0x8e]R[0xc][0x1f][0x93]-:<i[0xe7]U[0xb6][0x5][0x14][0x1a][0x4]][0x15]w[0x98][0x1a][0x1e][0x93]@[0xb2][0xa5][0x6][0x19][0x7];[0x14][0xcf]pH[0xda][0xf3]3[0x9a] [0xbd]J:I[0xf2]B[0x92][0xe0][0x17][0x7]2[0xc9][0xa8]T[0x2][0xc9];[0xf1][0xa2]=[0xd4][0xe2][0xe6][0x1a]Y%[0x1f][0xe4]L[0xed]#[0x92][0xb7][0x3][0xfb][0x6]R[0xf][0x8]`[0xc1][0xd9][0x8a][0x88][0x14][0xf7]?[0xb1][0x14][0x1c][0xf2][0x85][0xfc]#[0x92][0x4][0x81][0xc0][0xd4][0x1a][0x94][0xd6]JD[0x82]@[0x1][0x91][0xaf][0x16]!;[0xf2]%I[0x80]%[0x96][0x97]t[\n]"
DEBUG wire -  << "C[0x1f][0xc8]Xb[0x19][0x15][0xd9][0xff][0xfd][0xce]>H[0x99]e[0xbb]C[0x82]J=[0xdf][0xde]&[0x91]F<[0xc6]W4[0xc3][0x1a][0x1e]wR3[0xea]53[0xf0][0x81]dK[0x93][0xc0]x[0xfc][0x0][0x1][0xe3]~[0x8f][0xae]_[0xd6][0xa8][0xe0][0x5][0x84]#W[0x9][0xdf]J9'[0x1f]F[0x15][0xb9][0x3][0x90]"_$[0x85]M[0x4][0xa5]M[0x15]b[0xd1](y[0xa8][0x85][0xe2]r[0x1c]:[0xe][0xd3]b0[0x18][0x90][0x9]([0xcf]1[0xad][0xc2]MY[0xf6]P[0x9c][0xfe]![0xc5][0x80][0xcf][0xc1][0x13][0xb4][0x98]m[0xe2]~v$[0x1f][0xcb][0xff]4[0x90][0x10][0xf2]U[0xcf][0x99]([0xbb][0xe7][0x9c]h[0xf2]>%+[0xd7][0xe4]eM[0x8c]:[0x11]c[0xc6][0xc9][0xf4][0x92][0xb3][0x13]O[0x15][0x9b][0x1e]\[0xa6][0xbb][0x82][0x19][0x89][0xbe][0xa7][0xcc][0xd9]}[0x19];[0xa2]%[0xa6][0xd5]r[0x89][0x80]?[0x93][0xcc]39[0x9d]&[0xf4][\n]"
DEBUG wire -  << "Z8v[0xd6][0x2][0x13]q[0xad][0xb1][0x99][0x2][0xa7][0x85]$[0xab]F[0xd1]qC[0xd0][0xc3][0xab]\[0x85][0xcf][0xed][0xbf]X[0xfd][0xcb]Jq[0x1f];) [0xdf][0x85]I"u[0xfd]G[0xdf][0x9d]>[0xc7]mzr[0xec]"[0xc][0xea][0xdd][0xcb][0x9a]c[0xf3]xd[0x9a][0xdc]zk9[0xbd][0xc2][0x92][0xcd][0x12];S[0x8e][0x9]9[0xdf][0xb0][0x9][0x86][0x83][0x14]:![0xc9]v[0xc2][0xfc][0x0][0xce]}[0xdf][0x9][0x93][0x11]<O[0xe9]Hw[0x1e]J][0xde][0xe5]p[0xa4][0xa0]-&[0xd8]&[0xb1]~[0x6][0x8]g*R5K[0xff][0xc0][0xcc]C[0xe9][0x6]>[0xf6][[0x10]ia[0x9f][0xa3]<,o[0x9a]IFs[0x95]BEt9.[0xbc]>[\r][0xfc][0x9f][0x96][0x8][0xb2][0xf][0xf7]W[0xc][0xe4])[0x80]3[0x89][0x96]R[0xbb][0xbe]R[0x15][0x9c]#Sc=[0x95]iz[0xc1][0x97]:9[0x1b]s[0xc3];|[0xed][0x9f].[0x19][0x1d][0xeb][0xfb][0xe3][0xda]|[0xf9]s[0x14][0x8f][0x96][0xff][0x93][0xfb]*@[0x19]O[0xd7][0xb7]W[0xaa][0x1][0x80]n[0x9a]E[0xe4]g[0xd6]'o[0xd1][0x11][0xf][0xa8][0xb9]X[0x1d][0xda][0xad]z[0xab]^[0xe3][0xad]4h[0xf5][0x1][0x2][0xb1][0xb4]![0xbe][0xe8][0xcc][0x1d][0x17]_T[0xbf][0xc][0x7][0x9][0xfb][\n]"
DEBUG wire -  << "[0xe8][0xf3][\n]"
DEBUG wire -  << "T[0x8b][0xf1][0xec][0xca][0xb9][0xda]T_[0xa9]6![0xba][0x82][0xee][0x1f][0x1d]/[0xd3][0xfc][0x81][0xcb][0xf5][0xfe][0xe8]x[0xa1][0xd6]o[0xde][0xc7][0x90][0xdd][0x9f]ND[0x97][0xa3]s}[0xc9][0xf9]H[0xeb]@[0xe3][0xfe][0xfa]B[\n]"
DEBUG wire -  << "[[0xc6][0xc6]*)Dty[\n]"
DEBUG wire -  << "G,[0x0]o5[0xb6][0x97][0x10][0x9a][0x80]![0xbd][0xc9][0xf5]B[0xb2]7[0xd6][0x8d]U[0x92][0x8d][0xe8]rd[0x1f][0xbf]=[0xd8][L[0xb1]k[Ts!~[0xb5][0xc7]|a[0x18][0x8f][0xb2][0x3]5[0x87][0xec][0xc1][0xd2]x4C=p[0xd4][0x91][0x1f][0xc0][0x88][0x10][0xdb][0xc2][0xc1][0xac][0xaf]V[0x9b][0xd7][0x8b][0xda]|[0xec][0xf7][0xed]}[0xba]d8[0x0]cR[0xa4][0x95][0x3]/[0xa6][0xb6][0xb1][0xb5]Rj[0x1]][0x8e][0xda][0xee][0x1f][0xff]g1[0xa9]a[0x13][0xc8][0x4][0xa8][0x85]4nm[0xae][0x94]FD[0x97][0xa7]Q[0x4][0xd0][0xc2]p[0x89]gZ[0xe4][0x94][0xe2][0xa1]~^Hl[0x8f],W[0x9f]P`[0x0][0xc5]I1@[0x9f][0x2][0x3][0xe][0xef][0x1e][0x1d][0xe4][0xe2][0xa7][0x9c][0xad],c[0xc5]j9[0x91]g[0x4][0xb8]}[0x4][\n]"
DEBUG wire -  << "[0x17][0xf]v,[0xa1]``I[0x83]E[0xc1][0x9f][0xb1][0x8a][0xb8]F[0xee][0x97][0xd5]2[0x4]X[0xdc]K[0xaf][0x92][0xae][0x8c][0x4][0xb2][0x97][0xd5][0x17]H!b[0xcb]o~[0xd4][0xe9]A[0x8d][0xf7]>[0x9c]6;[0xae]xa[0xd4][0xbb][0xb1]Z[0xa7][0xb6]Q0[0x3][0xfb][0x98]P[0xf4][0xfd][0x80][0xa7][0x1d]KH7[0xb][0xb0]h[0x94][0xb][0x5][0x8b][0xa5][0xb7][0xd2]A [0xba][0xc2]  [0xc3]7#[0xf2]a[0xe9][0x0]8[0x9c][0x16][0xb][0xe2][0x93]FSsFdgS[0xb9][0xef][0xcb][0x1a][0xbe][0xd1][0x94][0xa4]l|][0xe][0xa2][0xb1][0xe4]h[0x1f]<[0x10]GI[0x1b][0x8a][0xc5][0x18][0x16][0x0][0xbe]$[0xbf][0x93][0x9]Z[0xca][0x83][0xbe][0x8f][0xeb][0x1a]raE.[0x8e][0xe4][0x9e]@[0x92][0xfc][0x13]H[0x99][0x8][0x8f]i[0x0]7[0xf4][0xa6][0xa3]H[0xdd]#[0xbb]sV9[0xf2][0xc5][0x81][0xad]L[0xc1]9[0x9a]kiF[0x9d][0xc8]+0[0x8]!<5[0x8]S],[0xaf]@[0x93][0x91][0x91][0xad][0xdd]d[0x8f]<IAiG[0x86][0x1c]s[0xe1]w[0xae][0xb3][0xc2][0xce]S%a[0xdb][0xec][0xc6][0xe2]8p*[0xf]^[0xdc]x-OU[0xc5]G[0xe0]b[0x1d]C;?[0xd6][0xe4][0x83]W[0xed][0x1f][0xb1][0xc7]4[0x4][0xd5][0xc]\[0xf7][0xa8][0xee](s[0xa9][0xe4][0xf]l[0x9]O[0xc1][0x3]j[0xe3][0x6]q%[0x95]t"[0xaf]tMl[0xa6]jjy[0xe9])8[0x1e]I[0x83][0x90]<4B[0x8b][0x92][0x8a]>y",[0xff][0xf2][0x3][0x2]f[0x90]r[0xb1][0x95][0xae]eq[0x99][0xb5][0x84][0xb2]$[0xaf][0xd3]`jA[0xa6][0xe4][0xd9]H[0x16]H[0xc6][0x90]sD[0x81][0xef][\r]w[0x8b]g[0xfb][0xe2][0xea]2/~Y[0x1b][0xf3][0x84][0x93][0xcf][0xdb][0xdd]?[0xe3][0xc4][0xdf][0x84][0x80]o;[0xf9]7%t%G[0x0][0x83][0xd5][0xc8]LD[0xb2][0xc8][0x1b][0x9a]6[0x83]@[0xcd][0xb2][0x3][0x10][\n]"
DEBUG wire -  << "_[0xe1][0x95]%5)[0xca][0xda][0xd8][0xb6]k[0xdd][0xba][0xb1][0xb9]]o416[0x9b][0xf5][0xe6][0xba][0xf1][0xcb][0xab]+[0x9b]~[0xd7]<[0xb0]Gq_[0xd9][0xc5][0xc7]'hI.R[0x1b]([0x92][0xbd][0x19][0x8e]>[0xf0][0xb8][0xe1][0x8c]y[0xdf]|[0xec][0xb0][0x9c] [0xa4]h[0xc0]u[0xc0][0x9d][0xe9][0x80][0xc8]=[0xed][0xdd][0xae][0x18]8[0xb6][0xdf][0xf7][0xdd]q[0x8c][0x8b][0xad][0xe0][0x9f][0x87] -[0x17]:zYK[0x86][0x85][0x84][0x2]O[*G#[[0x1b][0x9b][0x9b]9[0x8]2[0x1e][0xeb][0xa4][0xb9][0xa1]m[0xd5][0xf5][0x14][0xe8][0xb1][0x2][0xd8][0xc2][0xf3]![0x8d]V[0xb3][0xde][0xa8]o4g[0xb9].[0x82][0x9e]L[0xe7]y[0xac]$^[0x99][0x1][0xd6][0x9d][0xe1]a[0x8d][0xc]&8[0x18][0xbc][0xc2][0xe0][0x9c][0xb3][0xee]g[0xd0]C< $\<9[0x8e][0x1c]ze[0xfb][0xf9][0x3][0xa4][0xf7]G6[0xd8]er[0x1c][0xa3][0xbc]^[0xd3][0xa0][0x8f]w([0xc9]w>[0xa0][0xff][0xe2][0x93]3?[0xc][0xa1][\n]"
DEBUG wire -  << ";[0x1][0x8d][0xc7][0xe]M_[\n]"
DEBUG wire -  << "X[0xcf]&[0x6]O[0xb]P[0x8e][0xc7]2y[0x80] O&[0xf][0x18][0xd9][0xf1][0xe9]P[0xf4][0xb6]m@[0xe7][0xbb][0xa8]M[0xa8][0x13]][0xe6]R[0x8f]?[\r][0x0][0xa5][0xc0]%([0xd2][0x15][0x87][\n]"
DEBUG wire -  << "[0xe6]gO[0x91][0x17][0x19][0xb][0x8][0xa8]KbLQ[0xd6]\W[0x8e][0xa9][0x7]&[0x86]?[0x18][0xf9][0xe3]w[0xe8][0x9f][0xcb][0xba][0xbd][0x10][0xe][0xc4]MZMp-F[0xd9]<CI[0xe9][0xe1][0x18][0xa7])[0xb][0x92][0xd3][0xa0][0xc7]@[0x11][0xd8]r[0xdd][0xa8][0xd7][0xb7][0xbe]k[0x1c]mo[0xb5][0xb4][0xa6][0xd6]4[0xb6][0xb5][0xed][0xd6][0xe6]zK[0xdb][0xea]A`[0xf9][0xe][0xf][0xed].[0x4][0x17][0x9a][0x1c]0[0x82]n[0x97][0xc9][0x0][0x9b]q[0xe3][0xb3]'[0x13][0xb8][0xfc][0xe4]y[0x1c]_[0xf][0x98][0xeb][0x8b][0x99][0xd2][0xda][0xd4][0xb6][0xeb][0xd3][0xac][0x3][0xce][0x99],[0xe][0xb4][0xeb][0x90]?[0xc0][0xff][0x9][0x8c]|[0xc3][0xd8][0xde][0xac]A[0xd3][0x1e][0x8a][0x4]"TP[0xd8][0x9e][0xd1][0xd2][0xc7][0xd6]@0k[0xca][\n]"
DEBUG wire -  << "=[0x80]Y[0xa5][0xdc][0xf9][0xe3][0xf7][0xbc][0x11][0xda]GGT03%[0xca]I[0xf0][0xbc]d[0xb][0xc7][0xdf][0xa5][0x3][0xc6][0xc7][0xcf][0x1f]1[0xa0][0xcf][0xe7]w[0xef]}a[0x82]r[0xda][0xd9][0xd8][0x88]F[0xa4][0xc8][0xca]dV"[0xa2][0xc3][0x1b][0xfe]}[0x8][0x8]|8[0x2][0x98][0x14][0xc0]h[0x11][0xa5][0x9b][0x13][0x8e][0xdd]@[0x4][0xf9]&[0xdd]([0x88][0xcd]([0x86][0xb0][0x89][0x9c][0x8c]Y[0x90]`[0xcd][0xe6]J[0xe5][0xf0][0x97][0xd3][0xb3][0xc3]n[0xb7][0xd6]=[0xe9]r[0xfd][0xae][0x2];[0x98]}[0x9]*[0xca][0x99][0xe4]Q[0xf0]e[0xc]t[0x94];[0x90][0xa6]*[0xec][0x1d]8[0x17]0R[0x1]~[0x89]BH[0x95]Y[0xfc][0x9c]h [0xe9]|[0xc4][0xf0][0xc0][0x15]<K1[0xb3][0x9e][0x89]EmlmJ[0x8b][0xb8][0xa5]m4J[0xe4][0xc]=[0x99][0xa1]~[0xcd][0xfa][0xba][0x19]2[0x88][0x81][0xc2]k[0x9d]Y[0xb1]N[0xe3][0x1a][0x97][0xb1]n[0xe][0xed]W[0x92]b [0x18]i[0xd1]7J%.[0xcc][0xef][0x11][0xed][0x7][0xf6][0x17][0x90]|[0xea]q[0x8e]i`2[0x7][0xfc][0xf2];[0x8a][0xf3][0x1]F[0xb7][0xe7]Y[0x1][0xa3][0xa9][0x1b][0xca][0xeb][0xc2][0x8c][0x1e]d[0xd3]d[0x1f][0xf7][\r][0xa3][0xb5][0x9a][0xd1]nT2`N"[0xa2]=[0xf0]<x[0xc6]L*f[0x9d][0xec][0xef][0xd9][0xdd]C[0xce]Hrtr[0xf6][0xe1]8u[0xd9]o=[0xf1][0xac][0x1f][0xb5][0xaa];[0x9][0x81][0xe9][0x1c][0x5]~G[0xe4][0xb5]=[0x14][0xb3][0xef]0[0xa0]:D[0x17][0xc2][0x86][0xc0][0xdc]~[0xff][0xfa][0xed][0xa9]J[0xae]|[0x7][0x98]jl[0x9][0xee]Bn[0xa0][0x19][0x8d][0xa6]N[0xce]!\[0xb6]=[0xf][0xe4][0x15]F ,[0x18][0xad]ah[0xc6][0x6][0xc1][0xc8][0x90][0x13][0xa0]'~[0x8b][0xff][0xfe][0xe3][0xf7]o[0xb0]Y[0xb5][0x9c][0xc5]jl[0xd7][\r]m[0xbb][0x87]_[0xa4][0xc9]y%[0xb9][0xa6][0xfb]g[[0xae]7[0x8e][0xdf][0x7][0xa5][0xbb][\n]"
DEBUG wire -  << "uhg[0x16][0xb4]<[0x99][0xa2][\r][0xbd]NN[0xce][0xb4][0xf8][0xb6][0x97][0xcd];[0xd2]=9[0xea][0x1e][0x1e]K[0xcd][0xfe][0xaf][0x0][0xb9]N=[0x82]9[0xc8][0x1][0xcc][0x96][0x18]T$[0x6]P[0xe4][0xde][0x1b][0x6][0xe2][0xf1]&0[0xb][0xb6][0xc9]?[0xa8][0x17][0xe3][0xf6][0xdc]Dx[0x6][0x4][0x8a][0xfd][0x80][0x17]q[0xce]>[0xda][0xfe]o5[\r][0x8][0xdd][0xb7]{[0x8d][0x12][0x1f]_[0xca][0xc6]Ym_[0xa0][0xdb][0xb2][0xea]'[0xe0][0xa9][0xed][0x95][0xa8]:[0x9a][0xbc][0x94][0xb5][0xe2]1F[0xbb][0xe0]Vy[0xcc]:[0xa3][0xfd]?[0xe5][0x2][0xb0][0x1c][0x8b][0x9b][\r][0x10][0xdd][0xdb][0xc3][0xc3][0xc3][0xda][0xde][0xfe]1Y[0xe4]-[0xf6][0xe2][0xc8][0x87])[0xc0][0xd0]T[0xe][0xa2]k[0x1a][0x14][0xa2][[0xa0][L[0x9d][0xad][0x94][0xef][0x9c][0xa6][0xcc][0x83]4[0x80]g[0xa4][0xd1]h[0xc1][0x0][0xc8][0x7][0x18][0xae]GA[0xbd] \[0xa6][0xf6][0x10][0x86][0xf9][0x16][0xe7][0x83]o[0x87]*[0xf9][0xd0][0xdd]S[0xc9][0x89][0x19][0xf9][0xdc][0xae][0xd5]Sti[0xb0],l[0xdd]L[0xbc][0xc]b[0xb4][0x19]c7c[0xdc][0x12][0xac][0xe3]%wJ[0xc9][0x9a]F[0xad]e[0x18][0x1b][[0xf5]V[0xed][0xdf]![0xb3][0x19]y[0xd1]$8[0xca][0x8b]e*[0xed][0x98]u[0xcf]S9[0xc7][0x9f] <![0xaa][0xed]f&[0xc5][0xed][0xf5][0xc6][0xbf]Sb[0x9b][0xcd][0x8d][0xfb]Jl[0x81]|[0x1e]d[0xae][0xe4]4J#^[0xed][0x1d][0x9d][0xc0] [0x8e][0x93]t[0xa6]<[0xe6]M[0xa5][0xc2]m>[0xc][0x0]LQ[0xb][0xed][0x9b]t[0x4][0x98][0x14][0x87]d[0xa3][0xf9][0xff][0xe7]7[0xb7][0xf2][0x8e]"1[0xf9][0xa5][0x9][0xe0][0xc3][0xc][0xd3]f[0xcb]hmh[0x9b][0xbd][0xf5]r[0x8e][0xcd]ht7b[0x3][\n]"
DEBUG wire -  << "[0xde]G$[0xcc][0xf][0xf2][0xc1][0x9c][0x87]ol[0x90][0x17] Lr[0xea][0xfb]x[0xe1][0x94][0x8d][0xb9]t[0x1b][0xbd][0xf1][0xe9][0xd9][0xc9][0xf1][0xc9][0xd9]aN[0xbb]1[0x0][0xad][0xa0][0xfd][0xa8][0xf2][0x8e][0x81]2[0x9f][0x7]=[0xa0]^>[0xf6]1[0xea][0xe0]9[0xa5][0x86]M;[0xca][0x92][0x8][0xd5][0xd8]n[0xd4][0x93][0x8]uKF[0xa8][0x8d][0xfa][0xba][0x8]Q[0xbf][0xd1]4d~[0xf2][0xcb]bE[0x9c][0xaf]u'[0xc0][0x83]+[0xdf][0xc6]p[\r]B[0x9](b~[0x1c]B[0xb0][0xe1][0x99]#[0xc][0xe7][0xc4]geR[0xdd];M[0x96][0x95]r[0xfc]j[0xd4]g[0x82][0xd4]9[0xf1]~I8[0x3]d[0xbe][0xed][0xe2][0xfc]?[0xf5][0xbf]x[0xd4][0xe3][0xd9]?[0x88]X[0x86]-[0xf5]M[0xcd]0[0xb6][0x81][0xc7][0xa0]i[0xf5][0x9c][0xc6]~S\RP[0xd9][0x8d][0xed]fsS[[0xef][0xb5]Jy[0xbf][0xe7][0x0][0xb9]@F[0xe0]C[0xec][0x8b][0xa7][0xba][0x9b]#[0xe4][0xaf][0x3]b[0x87]\[0x12]H[0xfc][0x2]|[0x8a][0xa2][0x2][0x93]3[0x96]f[0xeb]6[0xc8][0xd4]S[0xf1]2[\n]"
DEBUG wire -  << "[0x8e][0x19][0xac][0x98]][0x92][0xfe]|[0x8]%[0x9c]PT[0x10][0x1e][0x9e][0x1a][0xe]i[0x5]$[0xc]0Wbk[0x92][0x4]}[0x90]([0xc5][0x3][0x8a][0xf1];[0xb6][0xe8][0x9a][0xc][0xd5][0xc0][0xcf][0xc9][0xa2][0x90][0x1d][0xa0]H[0x80][0x1f][0x80]$U~[0x1a]e[0xc1]&D[0xde][0xef].[0xe3][0xbe]sI[0xb9]z;`5yD[0xc8][\r][0x7]i[0xac]oK!d[0x1][0x8d][0x1][0xe1]b3[0xbb][0xdd][0xe2][0x12][0xe1]3`s[0x5]"inol[0xae]Czkl?[0xde][0xf0][0xce][0xe8]{"[0x1b]h4'[0xf1])[0xcd][0xda]r[0xac]5[0x1a]3j[0xde][0x9d][0xb8]c?[0xb4][0xe3]t[0xc9]a/[0x1c][0xe3]3[0x9b]d[0xa1][0x8][0x94][0xc4][0x8b]R[0xcf][0x7]T[0xed][0xed]w[0xd1]d[0xbc][0xb7][0x1][0x8b][0xf]$[0x9f][0xc1][0x80],[0x86][0x91]#[0xb3][0x3][0x88]W^[0x7][0xf4][0x8b][0xed]H[0xbe]o[0xe6]8[0xdf][0xaa][0x3][0xeb][0xd7][0xb3][0xfb][0xcd][0xc4][0xef]q[0xee]o<[0xde][0x84]7Z[0xdb][0xcd]u[0xad][0xd1]+[0xe7][0xfd][0x99]m[0xe2]aE[0xc8][0xfd][0xa1]'l[0xd1][0xfd][0xa5][0x91][0x8b]B[0xa6]5[0xff][0x88]Q[0xd0]e[0xa9][0x9f]m[0xc][0xb2][0xf3][0xb]y[0x16][0x3][0x96][0xf2][0xf]'^[0x81][0x9a][0xd3][0xbe][0xed][0xd8][0xd1][0xa4]l[0x11][0xaf]`[0x8e][0xe]|[0xbe]j[0xdd][0x5]I`[0x84][0xc3]Sb[0xb0][0xd9]1[0xe0][0xe2][0xdd]8|v[0xc9]R[0xb0]?[0xc7],[0x1a][0xf9][0x96]H[0xc6][0xf9]F[0xa5][0xbc][0x93][0xe4][0x82][0xd8][0xca][0x9]b{][0xea][0xfb][0xa3]9[0xde][0xdc]^[0x87][0xc8]t[0xb3][0xcc][0x2][0xcd]Y[0xb0][0xc3][0xb5]:[0xfe]Q[0x8c][0xfb][0xae][0xc4]A[0xfc]t[0xcf]L[\n]"
DEBUG wire -  << " [0xa7][0xa7]L[0xfb][0xf1]y[0xd4]93G[0xfc][0xdb][0x94]$[0xe0][0x84][0xab]|[0xaf].[0xe4][0xbb][0x10]n[0x2][0x97]|RIr&[0xbe][0xd0][0x90]ry[0x96][0xb5]V`_1[0xb9][0xef]X[0x9c]Zo;[0xac]f[0xd5][0xea][0xaf][[0xc6]~[0xf7][0x8b][0xb9]i[0xee][0xbd][0xf7][0xcf][0xdc][0x9e][0xf6]?[0x84][0x1b][0xec]M[0xd8]`[0x7]g[0x1f]>[0xfc]8[0xac][0xff][0xfa][0xf3]Ou[0xda][0xb8][0xd9][0xe8][0xba][0xdb]G?[0x1d][0xe][0xeb]5[0xdc]U[0xfc]*[0xe][0xc7][0x9d]pDQR[0xca].8[0xe0]e[0xa6]f[0x11]#[0xe7][0xf3][0xed]^[0xcb]B[0xf]b[0xd7]1[0x9f]q[0x11][0xb3][0xee][0xfb][0xb4][0xa8]U[0x83]D[0x9d][0xaf][0xeb][0xca]E[0xa4][0xde][0xf9][0x99][0x8]EN[0xf][0x8e]ftq[0xe6][0xc1][0x9f][0xb8]~[0x99][0xac]D[0xf3]G5ianw[0xec][0xcb][0x81][0xef]G[0xd9][0x96]gy'[0xfe]h}[0x87][0x9a][0x9f][0xd3][0x1b]{x[0xcf][0x9d][0xca][0xd9]O[0xf1][0xb1][0x1a]"'[0xde][0xda][0xd7]$R9[0xf0][0xa9][0x9d][0xa1][0xb2][0xb2][0xb0][0x89],WF[0xc6]x[0xa2][\r][0xbe][0xc9]Y[0xba]?[0xb4][0xb5][0xda][0xdd]yS[0x1b]D[[0xe2]![0xee]#7[0x85][0xb6]V[0xba]S[0x9][0xd1]-#[0xea][0x81];[0x17][0x1a][0xad][0x15][0xec][0xb5]X[0xcd][0xce][0x5]$e[0xd9][0xe8][0x1e][0xbe]A[0xa1][0xb5][0xd2]]5[0x88]n[0x19][0x8d][0x8f][0xd8][0x89][0xd0]h[0xad]t[0xef][0x1d][0xa2][N[0xed]}[0xb6][0x1d][0x94]X[0x83][0xf1][0x84][0xbf]T-&)[0xbf][0x94][0x86][0xe1]Gn[0x0][0xc8]Wr[0xc0][0xae] e[0x1b]3[0x8b][0xf4]'d[0xc6][0x93][0xa4][0xdf][0x9]A7[0xa2][0x88]w[0xbb]<[0x0][0xbc][0xc2][0xc7][0xcb][0xe7]X[0xfb][0x16]j[0x91][0x90][0x82][0xd5][0x9b][0xb3][0x3]B[0xd8][0x8d][0xe2][0x16]v[0xf9][0xb7][0xf8][0xd5][0xd1][0xa9][0xaf][0xa0][0xad][0xed][0xd6][0xbe]'/[0x9f]}[0xdc]?[0xd8];[0xdf][0xfb]H[0xbe][0xaf]=[0xc5][0x8f][0x9c][0x8d][0x7][0xfc][0xcb][0x8a][0xe1][0x98][0xba][0xf8][0xf5]B~\[0xae][0xd2]V[0xde][0xae][0xb9]d[0x14][0x83][0xcf]}[0xa6][0xa8][0xca][0x15]ub[0xfc][0xc0][0xe7][0xa0]o[0xb0]Fck{[0xd0][0xe7][0xdf]"[0xc4][0xe6][0xf4][0x92][0xde][0xf4][0x84]L8[0x1e][0xbc][0xcf]}[0x9f]t[0xce][0x97][0xf][0xa9][0xe5][0xda][0xde][0xa7][0x1a][0xff][0xa3]a[0x13]|[0x11][0x11]:[0xc2][0x3][0xfa]{[0x9e][0xf][0x6][0x1e][0xbb][0xeb][0xa2][0xa1]:[0x93][0x9f][0xe1]&G6s0f[0x82][0xd8][\r][0xbf][0x9a][0x8d][0xa0][0xcc]z[0xa6]H:[0xf0]k[0xdd] [\r][0xbe]7[0xe0][0xf1]tXv[0x88][0xcf][0xbf]{[0xf8][0xa6]P[0xe8]@[0xf2][0x8e][0x1f]-U[0x15][0x97][0x86][0xbe][0x17]L[0xf8][0x17]LE[0xb7]{go{G{[0xef][0xf7]}}[0xf2][0xb][0xef]7y[0x3][0x19]y[0x89][0x1b],[0x8e][0xf0][0xac];[0xa5]=[0xa0]N[0xc8]T[0x5]?[0xa9]2U[0xc2]_OC[0xe8][0x11]ts[0xe2][0xed][0xe3][[0xf6][0xb2][0xf6][0xe][0xaa][0xfd][0xd8][0x1c]am[0xf2]m([0xa5][0x1d][0x5]1[0xb4]s}4[0x8][0xb1]+[0xee][0x1]R[0x1e][0xa0][0x80][0x9f]}[0xe5][0x14]wG[0xa0]\[0xc0]Q[0xd0][0xd9].?)MI;S[0x15][0xfe].?~[0xe5][0x15][0xbf][0xa0][0xe][0xc3][0x11][0xbb][0xf2][0xa1][0xc2]6Z[0x1e][0xff][0x88][0xa5]([0x80][0xab][0xd3][0xb3][0xc3][0x9f][0xf0][0xdb][0xae][0x1][0x83][0xf8]$[0xc6][0xc6][0xef][0xf]9[0x87][0x92][0xf7][0xb8]aBUN[0xdf][0xed][0xfd][0xda][0xeb][0x9e][0xef][0x9d]aY7[0xc2][0x93]$x[0xff][0x90][0x12]^[0x93][0xca]i5[0x3]99[0xe5][0x10][0x90])N[0x3][0x1c]}x[0xf7][0xae][0xd7][0xdd]?;<|[0xf] G@2[0x11][0xa7][0xbb][0x91][0xca][0x11][0xd6][0x9f][0xff][0xf8][0xe1][0xf8]u[0x17][0xaa][0xce]q[0x0][0x1e][0xb5][0x9d][0x90]T[0xde]`[0xcd][0xfe][0xbb][0x93][0xee]!Tp[0xb6][0x91][0xca]ahb[0xe9][0xe1][0xd9][0xd9][0xc9][0x19][0x7]g[0x89]b[0x80][0x2]%[0x87][0x99][0x98][0xd4]C[0x5][0xea]3[0xe2][0xf0]/[0xb1]A[0xb2][0xd0][0xf]>[0xd5]v[0xc9])[0xff][0xee]&[0x89] 8[0xa4]CL[0x9b][0xf9]i.:[0xe8]:[0xf0][0x17]Z[0xa3][0xc][0x90]%[0xd7][0xe3][0xde][0x90][0x82][0xf6][0xa1]&[0xdc]*[0xfc]XC[0x8c][0xea]R[0xa1][0x89][0x8f][0x87][0xca]o[0x81][0x8a]FRH[0xf2]#[0xbc]eU[0x18][0x8][0xcd][0x14]C9[0x6][0x8f][0x90][0xda]c[0x1d][0x80]\[0xf2][0x8b][0xe5][0x8a]-[0xc7][0xfa])y[0xe9][0xf9]S[0xc9]K[0xf2][0x9f][0xe4][0x1b][0xd0][0x0][0x84][0x88][0xa1][0x1d][0xeb][0xaa][0x89][0xfe][0xf4]Q[0xe4]:8p[0xa1][0xe6][0xb1][0x8d][0xab][0xaa][0xc9][0xf7][0xe3][0xde][0x19]u[0x8f]+[0xbb][0xe7][0x9f][0xb1]0v[0xa2][0x10][0xd5][0xc1][0x7]V[0xf3][0x1b][0x8][0xaf][0xf0][0xb0]6[0x90][0x3]$[0xa3][0x2][0x0][0xea][\r]Y-k[0xc1][0xf0]2[0x12][0x8f]y[\n]"
DEBUG wire -  << "[0xc4][0xdf][0x7][0xa0]A[0x0][0xfa][0xf0][0x99]M[0xf8][0xb3]s[0xf9][0xe][0xe][0xd3][0xf9][0xac][0xf3]&Y?[0xdf]YS[0xfd]<[0x0][0x13][0xba][0x8a].[0xc3][0xc7][0x86][0xc]?n[0xfc][0x16]]N([0xef][0xf5]dJ[0x3][0xc7]x[0xcc][0x9a][0x8e][0x12][0xf4]'f=[0xc7]v[0xed][0xa8][0xc7]n[0xf0]9#o[0xfd][0xab][0x1f][0x93][0x11][0xbd]b[0x4][0xb7]~[0xba]c[0xd4]0[0xe8][0x8e][0x3][0xc3][0x85]O[0x90]l[0xb4]R[0x90])[\n]"
DEBUG wire -  << "[0xcb][0xc6]d[0xeb][0xb0][0x87][0xa7]L[0x8][0x84]8[0xa0][0x90][0xc8]r[0xbe][0xde][0xe2][0xd2][0x1b][0xdb][0x85][0xf4]^[0x10]A[0xf8][0x1][0x15][0xb8]D[0x8e][0xdf]K%[0xf8][0x9d]r[0xc4][0xf6][0x5]r[0xf9]^[0x12][0xf1][0xe3]W[0x18][0xd7]t[0xa8][0xc5]k[0x2][0x91][0x9a][0x89]^PgP[0xf8][0x11][0xaa]2[0xf0][0xc0][0x3]kn[[0xbc][0xa1][0xfc][0xbc]t[0x17][0x92][0x8e][0x89]*z[0xe0]8[0xb8][0xcb][0x85][0x1b][0x9c]&[0x10][0xae][0xbb][0xf8]Il[0x8b]S[0x11]2[0x88]k0%[0x86][0xbc];[0xc4]T[0x2][0xbf][0xfe][0xec]G=[0xea][0xf5][0xb8][0xd6]O[0x93][0x82][0x18] [0xc5][0xe6]us)[0xc2][0xca][0x9e][0xcb]\?[0x98][0xe4][0x19]|[0xcc]KHRR[0xd6][0x9c][0xf0][0x9d]y[0x18][0xde]C[0x19].[0xcb][0x6][0xe3][0x18]b[0x8][0x92][0xc7][0xc7][0x9][0x83][0xff][0x1d]|[0x95][\r][0x19]J[0xbd][0x2][0xc7][0x91][0xd5][0xf3]h[0x94][0xef]C[0xf6][0x18][0xe8]V[0x0][0xb8][0xf6]<[0xc2]/[0x89]o[0xf2]@[0xcf]J[0x96][0xcb][0x84][0xd8][0xf4][0xb9][0xb6][0x4][0xd4][0xd9][0xe]q[0xf1][0xad]' {b.[0x83][0xa5][0x2][0xbf]vM[0xc1][0xbf][0xa1][0x9d][0x1a][0xd8][0xc3]X[0x4]Q[0xa2][0x9b][0x14][0x9f][0x8c]axW[0xb8]M[0x19][0xc6][0xc1][0x9d][0x97][0x8d]_[0xeb][0xc2][0xfd][0x10][0xf8]yp[0x81][0xb8]Ta]:![0xf8][0xca]\[0xa2]^F[0xca]9[0xb4]&[0xe9][0xf0]~<??[0x95]=g[0x8][0x7]`w9[0xa2][0xf][0xa2][0xad][0xb8]G[0x0]H[0xa4]z[0xd3]@9[0x6][0x88]*\[0xb][0xcc]T[0x8c][0xaf][0xb1][0xe0]([0xbe]3[0xfe][0x16][0xf6]a[0xc2][0xc2]h$ [0xb][0xbe]k[0xfc]-[0x9c][0xc2][0xcb][0xe7][0x95][0xf5][0x90][0xe9][0x2]u[0xfc][0x91][0x6][0xef].[0xc1]L[0xae]G[0xe0]U[0xf8][0xe9][0xb3] [0x13]0[0xc7][0x1][0x91][0x9d]s[0xed][0xf1]S[0xe][0xbc]=[0xc9][0xc6][0x9f](}Z[0xd9]MfA[\n]"
DEBUG wire -  << "[0xc2][0xa7][0xb7][0x89]Y[0xb9]#[0x86][0x84][0xbd][0x8a][0x2][0xc1]#9[0xe]p[0xab][0xf8]*h[0xc6]EY[0xa0][0x8b][0xa8][0x3][0x95][0x3][0xea][0xe][0xe4][0x15][0xb8][0x9d] [0xf6][0xcc][0x11]w/[0xca]~r[0xfd])n[0xd4][0x1b][0x9b]\-[0xd1][0x1e]#6[0xd7][0xbf][0x12][0x6][0x8][0x7][0xe][0xba][0x10][0x8e][0x10]#[0xa7][0xaf][0x97][0xf2][0x1f][0xe0][0xb0][0xa9]a~[0x17][0xf2][0xbf][0x16][0x18][0xb0]P[0xca][0x11][0xdb]J[0xe5]M,![0x9e][0x8c][0xd1]K[0x8e] [0x91]X[0xb8]E[0xe4][0x1a][0x1a][0xb8][0xc7]!b[0xdc][0x3][0xc5][0x5]F[0x92]0[0xe][0xd8][0xab][0x94][0xa6][0x1e][0xb7]m[0xbf][0xb2]P%[0xa2][0x80][0xd8][0x18]-[0x8][0x8e][0x88][0xca][0xf7][0xbe]*9$[0xea]<\[0x1f][0x83][0xf2]~k[0xa3]I[0x1b]}[0xab][0xdf][0x80][0xc2][0xc7][0xc5]q[0x89]-[0xbf][0x9f][0xd3],[0xc5][0xf2][0x8a][0x93][0xd5][0xd9][0xd8]j[0xd4][[0x1b][0xf5][0xbe][0xb9][0xa1][0xf0][0xef][0xe2][0x86][0xa3]^x=[0xe8]-GZ[0xfc][0xc8]wBPv[0xa5]sd: [0x13]j[0x14]qg[0xff][0xf1]V[0xbc][0xf2][0x8c][0xfc][0xc5]4[0x81][0xc7][0xbf][0xe0]J[0xc4]7[0xcc][0xa5]q[0x83][0xca][0xef][0x95];[0x88][0xe2][0xc4][0xab].4[0x9][0x1b]T[0x1c]+[0x18][0x4]F[0xdd]^2~Q~M[0x3]O[0xe8][0xc1][0xb1][0x9c]7^[0xcc][0x1f],[0xf9][0x3][0xe1][0xaa][0xd0][0xae][0x9b]#[0x8c][0xab]A[0xed][0xd1]K%*[0x8f][0xa1][0x14][0x9f]I[0x93][0xc4][0xed][0xc9])e[0x15][0xa6]#[0x7][0xe1][0x93][0x90][0x9b][0x9f]Y;[0x88]Z[0x89][0xee]%E[0xfc][0xeb][0xc]>[0xf4][0x17][0x9e])v[0xb0]d[0xfe][0xa8][0xc][0xd5][0xdd]_[0x8a][0xfa][0x97][0xa2][0xfe][0xc7]*[0xea][\n]"
DEBUG wire -  << "[0xf2]Ta[0xdf]]|r[0xc8]c/[0xd9][0xf3][0xc0][0xbe][0xe1][0x83][0xe4][0xd5]<[\n]"
DEBUG wire -  << "[0x1e][0x8b][\r]r[0xf3][0x94][0xf7][0xda][0xf][0xac]4 [0xc5][0xf3]v[0x4]W[0x12]&'[0xe]At[0x7][0x2][0xc3][0x8c][0x9f][0x93][0x1f][0xc8][0xec][0x1c][0x9a][0xd9]!I[0xef]x[0x94][0xe3][0xd2][0x8]sW[0xc5][0xf2][0x99][0x8][0x4]E[0x1]_N[0xb0]-[0xf1][0x82]=o[0x86]u[0xbc][0xc]'e,[0xce][0xdf]A[0x12]%:[0x8c][0x89][0x80][0x1d][0x10][0x1][0x10]Hi[0x2][0xb1][0xcb][0x90]G[0x12]|][0x82][0xfb]0[0xea][0xf0][0xf]XCR'[0xdd]{[0xa9][0xf][0xfb][0xf][0xe2]xb[0x81][0xba]q[0xd6]z[0xf1][0x8b]k[0xfc]f!t$-[0x13][0x8f]e[0xe4][0xa2]#[0xc1]s[0xdb][0xf8][0x9a][0xf]F[0x90]%[0xb6]n[0xc6][0xc0][0x15][0xd8]Uh[0x8d],[0x1b][0xe3][0xe1][0xa1][0xe9][0xb2][0x8c][0x1c][0xf2][0xbe][0xe8][0xf7]W[0xec]w_[0xf4][0xb]q[0xe5][0x9e][0xf8]R[0xe0])_f[0xb7][0x83]0[0xe2]+4[0xd9][0xa1]6C[0xb5][0xaf]Z[0xd5][[0xec][0xcb][0xec][0xf4][0xf9][0xa1]y_[0xbf][0xf6][0xcb][0xcf][0x94][0xe1][0xef][0xad](U[0xf5][0xa0][0xa3]d[0x1f]+W[0xd4][0xc3]N[0xe9][0x97][0xce][0x8f]:%[0xdf]X[0xd3]Q[0xa6]?[0xaf][0xae][0xa8]?v [0xed]=[0x87][0x1c][0x1][0xb2][0xf1][0x9d][0x84]22[0xa8]To[0xff][0xf6]n[0xef][0xb5].[0xc6]^[0xb9][0xc7]qV[0x97][0xc9][0x91]g[0xc9][0xf9]r[0x90][0x9e]W[0xf5]kjG[0x95][0xea]#[0xd0]h[0xae]=[0xc]0e[0xc5]S[0xea][0x1e][0x84]r[0xfa][0xa8][0xb3][0xb1][0x8d]x[0xc4][0xe9]q[0xf2][0xf3][0xc3][0xd8][0x9b]<f[0x6][0xd7][0xfc][0x4][0xfe][0x7]#[0x9e]wh[0x1d] [0xef][0xdb][0xfc]y'[0xcc] [0xb][0x1f][0xf2][0xdc][0xb3][0x83][0x12]f[0xc4]v[0xcd][0xc4][0xdd]R[0x8f][0xe6][0xc2]7[0x9e][0xf][0xf8][0x18][0xc2][0xc1][0xbc][0xb1][0xb1]m~[0x86][0xbc][0xe2][0xc1][0xe4][0x97]c[0x94]_Q][0x11]6[0xd7][0x7][0xf1][0xad][\n]"
DEBUG wire -  << "[0x19]_[0xce]{[0xe4]@[0x93]([0x3]([0xbb][0xb1][0x1f]IY[0x8a]+[\r]]V[0x83][0xe][0xc][0x8d][0xe5]@[0xd4][0xf3]x[0x8d],;[0x82][0xf0]2~b[0x4][0xd6]I[0xe8][0xf][0xce]#[0xdf]{[0xb4]B[0x86][0xf8][0x91][0xdb][0xbe][0xb3][0x82][0xd9]4[0x87][0xf6]iN[0xaf][\n]"
DEBUG wire -  << "o[0xe1][0x8][0xcc][0x15][0xa3][0xbf][0xcf][0xa9][0x8f][0xdf][0xc6]x~.[0xb0][0x17]i[0x1][0x1b];[0x93]o[0xa0]z[0xc9]7[0xda]/[0xa7]?[0xd1][0xbe][0x2][0xec][0x80]S x[0xb4][0xae][0xe1][0x6]%[0xbe][0x93]iU[0xc6][\n]"
DEBUG wire -  << "?[0x14][0xf3](\[0x18][0xd0][0x19][0xc6]dU[0x4][0xd1][0xdc]b[0xf8][0xe3][0xb8][0x15][0xc6][0xc3]![0x1e][0x86][0xf9][0x8][0xbd][0x9e][0xef][0x89][0xf3]q[0xdc][0xb7][0xf8]a[0xb8][0xe5]'F[0xa6][0xd4][0xed][0xdc][0xfd]X[0xc9][0x1d]/h[0xf]*|I][0xb1]=b[0xf2][0xdb]g[0xe6][0xc7][0xfa]E[0xf5][0xf6][0xc7][0xec]xA[0xdd][0xc4][0x5]Z[0xa6]66[0xaa];[0x1][0x8b][0xe2][0xc0][0xbb]3;[0x8]u[0xc7][0x9f][0x1e]B[0x8]X<eP[0x11][0x14]B[0xd4][0xc7]:[0xfc]y[0xca][0xe][0xd5]}[0xf]MK[0x87]~<[0xbc][0xe8][0x14][0xbb][0xaf][0xd0][0x8f][0x7][0x17]/^[0xe0][0xef]g[0x1d]|T+d[0xa2]dE"US[0xaa]_[0xbf][0xb2][0xea][0xad] [0x80][0x88][0xe7]4E[0xbc]^[0xec]8;[0xac][0x83][0xd9][0xe7][0xe]D[0x82]w[0xf2][0x0][0xc3][0x7][0xc9][0xc1][0xc2][0xd7][0x1a][0xf1][0x8c][0xee][0xec][0x99]k[0x98][0x13][0x87]C[0xfb][0x92][0x93][0xaf][0x92][0x93][0x93][0x9b][0xca][0x8e]9}*[0xa2][0xa9][0xf3][0xb8]y[0x1f][0xcf]O[0xaa][0xde][0xa9][0xf5][0xea][0xe][0xc][0xb4][0xf][0xc3][0xe9]p"_[0xbc][0xe8]|[0x3]<[0xe6]%J[0xb2][0xb0][0xb7][0x83][0x85][0x95]#[0xd5][0xca]3[0xa8][0xaf][0x7][0xc][0xd7][0x5][0xb][0xe1]/[0x2][0xa9][0x9c][0x3][0xd5][0x1d][0x81]#[0xe5][0xda][0x9d],[0xbf][0xbb][0xab]V0[0xbf]J[0xcf]d[0xac][0xee]<[0xad]}O..v[0xc9][0xf7][0xb5][0xf4]h[0xc4][0x97]5<[0xe3][0x90][0x9f]y[0x18][0xb9][0xe][0x9e]y[0x88]G%[0x1e]L<[0xea][0xda][0xa6]8[0xdd]P[0x9e][0xe6]*[0x16][[0xeb][0xba][0xb1][0xd1]$[0xe2]H[0xf9]P[0x17][0xc7]%b[0x8b]}[0x9e][0xf0]L7[0xe8]O[0xc8][0xcf][0xa7]Z7[0x1e][0x83]js[0x8][0xdc]^[0xda][0xa8][0x1b][0xdb]Z[0xdd][0xd0][0x8c]ubl[0xb5]76[0xdb][0xc6][0x16][0xc7]#[0x10][0x85][0x8][0xc][0xe9][0x10][0x2]C[0xe9][0xff][0x3][0x6][0xfe]'@k[0x9b][0x0][0x0]"
DEBUG RequestSpecificationImpl$RestAssuredHttpBuilder - Parsed data to instance of: class org.apache.http.conn.EofSensorInputStream
DEBUG RequestAddCookies - CookieSpec selected: default
DEBUG RequestAuthCache - Auth cache not set in the context
DEBUG PoolingHttpClientConnectionManager - Connection request: [route: {}->http://localhost:2064][total kept alive: 2; route allocated: 1 of 2000; total allocated: 2 of 2000]
DEBUG PoolingHttpClientConnectionManager - Connection leased: [id: 1][route: {}->http://localhost:2064][total kept alive: 1; route allocated: 1 of 2000; total allocated: 2 of 2000]
DEBUG MainClientExec - Stale connection check
DEBUG wire - http-outgoing-1 << "[read] I/O error: Read timed out"
DEBUG DefaultManagedHttpClientConnection - http-outgoing-1: set socket timeout to 10800000
DEBUG MainClientExec - Executing request GET /session/e9c2f5b492893b90288674161d6e7d46/element/0.01484094461664287-16/attribute/href HTTP/1.1
DEBUG MainClientExec - Target auth state: UNCHALLENGED
DEBUG MainClientExec - Proxy auth state: UNCHALLENGED
DEBUG headers - http-outgoing-1 >> GET /session/e9c2f5b492893b90288674161d6e7d46/element/0.01484094461664287-16/attribute/href HTTP/1.1
DEBUG headers - http-outgoing-1 >> Cache-Control: no-cache
DEBUG headers - http-outgoing-1 >> Host: localhost:2064
DEBUG headers - http-outgoing-1 >> Connection: Keep-Alive
DEBUG headers - http-outgoing-1 >> User-Agent: Apache-HttpClient/4.5.3 (Java/1.8.0_161)
DEBUG headers - http-outgoing-1 >> Accept-Encoding: gzip,deflate
DEBUG wire - http-outgoing-1 >> "GET /session/e9c2f5b492893b90288674161d6e7d46/element/0.01484094461664287-16/attribute/href HTTP/1.1[\r][\n]"
DEBUG wire - http-outgoing-1 >> "Cache-Control: no-cache[\r][\n]"
DEBUG wire - http-outgoing-1 >> "Host: localhost:2064[\r][\n]"
DEBUG wire - http-outgoing-1 >> "Connection: Keep-Alive[\r][\n]"
DEBUG wire - http-outgoing-1 >> "User-Agent: Apache-HttpClient/4.5.3 (Java/1.8.0_161)[\r][\n]"
DEBUG wire - http-outgoing-1 >> "Accept-Encoding: gzip,deflate[\r][\n]"
DEBUG wire - http-outgoing-1 >> "[\r][\n]"
DEBUG wire - http-outgoing-1 << "HTTP/1.1 200 OK[\r][\n]"
DEBUG wire - http-outgoing-1 << "Content-Length:107[\r][\n]"
DEBUG wire - http-outgoing-1 << "Content-Type:application/json; charset=utf-8[\r][\n]"
DEBUG wire - http-outgoing-1 << "[\r][\n]"
DEBUG wire - http-outgoing-1 << "{"sessionId":"e9c2f5b492893b90288674161d6e7d46","status":0,"value":"http://pros.unicam.it/collaborations/"}"
DEBUG headers - http-outgoing-1 << HTTP/1.1 200 OK
DEBUG headers - http-outgoing-1 << Content-Length:107
DEBUG headers - http-outgoing-1 << Content-Type:application/json; charset=utf-8
DEBUG MainClientExec - Connection can be kept alive indefinitely
DEBUG PoolingHttpClientConnectionManager - Connection [id: 1][route: {}->http://localhost:2064] can be kept alive indefinitely
DEBUG PoolingHttpClientConnectionManager - Connection released: [id: 1][route: {}->http://localhost:2064][total kept alive: 2; route allocated: 1 of 2000; total allocated: 2 of 2000]
DEBUG BasicClientConnectionManager - Get connection for route {}->http://pros.unicam.it:80
DEBUG DefaultClientConnectionOperator - Connecting to pros.unicam.it:80
DEBUG RequestAddCookies - CookieSpec selected: ignoreCookies
DEBUG RequestAuthCache - Auth cache not set in the context
DEBUG RequestTargetAuthentication - Target auth state: UNCHALLENGED
DEBUG RequestProxyAuthentication - Proxy auth state: UNCHALLENGED
DEBUG DefaultHttpClient - Attempt 1 to execute request
DEBUG DefaultClientConnection - Sending request: GET /collaborations/ HTTP/1.1
DEBUG wire -  >> "GET /collaborations/ HTTP/1.1[\r][\n]"
DEBUG wire -  >> "Accept: */*[\r][\n]"
DEBUG wire -  >> "Host: pros.unicam.it[\r][\n]"
DEBUG wire -  >> "Connection: Keep-Alive[\r][\n]"
DEBUG wire -  >> "User-Agent: Apache-HttpClient/4.5.3 (Java/1.8.0_161)[\r][\n]"
DEBUG wire -  >> "Accept-Encoding: gzip,deflate[\r][\n]"
DEBUG wire -  >> "[\r][\n]"
DEBUG headers - >> GET /collaborations/ HTTP/1.1
DEBUG headers - >> Accept: */*
DEBUG headers - >> Host: pros.unicam.it
DEBUG headers - >> Connection: Keep-Alive
DEBUG headers - >> User-Agent: Apache-HttpClient/4.5.3 (Java/1.8.0_161)
DEBUG headers - >> Accept-Encoding: gzip,deflate
DEBUG wire -  << "HTTP/1.1 200 OK[\r][\n]"
DEBUG wire -  << "Date: Mon, 14 Jan 2019 17:23:56 GMT[\r][\n]"
DEBUG wire -  << "Server: Apache/2.4.18 (Ubuntu)[\r][\n]"
DEBUG wire -  << "Vary: Accept-Encoding,Cookie[\r][\n]"
DEBUG wire -  << "Cache-Control: max-age=3, must-revalidate[\r][\n]"
DEBUG wire -  << "Content-Encoding: gzip[\r][\n]"
DEBUG wire -  << "Content-Length: 9114[\r][\n]"
DEBUG wire -  << "Keep-Alive: timeout=5, max=100[\r][\n]"
DEBUG wire -  << "Connection: Keep-Alive[\r][\n]"
DEBUG wire -  << "Content-Type: text/html; charset=UTF-8[\r][\n]"
DEBUG wire -  << "[\r][\n]"
DEBUG DefaultClientConnection - Receiving response: HTTP/1.1 200 OK
DEBUG headers - << HTTP/1.1 200 OK
DEBUG headers - << Date: Mon, 14 Jan 2019 17:23:56 GMT
DEBUG headers - << Server: Apache/2.4.18 (Ubuntu)
DEBUG headers - << Vary: Accept-Encoding,Cookie
DEBUG headers - << Cache-Control: max-age=3, must-revalidate
DEBUG headers - << Content-Encoding: gzip
DEBUG headers - << Content-Length: 9114
DEBUG headers - << Keep-Alive: timeout=5, max=100
DEBUG headers - << Connection: Keep-Alive
DEBUG headers - << Content-Type: text/html; charset=UTF-8
DEBUG DefaultHttpClient - Connection can be kept alive for 5000 MILLISECONDS
DEBUG RequestSpecificationImpl$RestAssuredHttpBuilder - Parsing response as: text/html; charset=UTF-8
DEBUG wire -  << "[0x1f][0x8b][0x8][0x0][0x0][0x0][0x0][0x0][0x0][0x3][0xed]}[0xeb]z[0xdb][0xb6][0xb2][0xe8][0xef][0xf8])[0x10]f5[0x96]Z[0x92][0xba][0xf8][0x1a][0xd9]r[0xeb]8N[0x9b]}r[0xfb][0xe2]d[0xaf][0xdd][0xed]x[0xeb][0x3]IH[0xa2][0xc3][[0x9][0xd2][0xb2][0xea][0xf8][0xa9][0xce][0x1b][0x9c]';3[0x0]H[0x91][0x14]%[0xf9][0xa2][0xae][0xf3][0xad][0xf3][0xd5]ml[0x12][0x18][0xc][0x6][0x83][0xc1]\@\[0xe][0x9f][0xbe][0xfa]p[0xf2][0xf9][0xf7][0x8f][0xa7]d[0x9c][0xf8][0xde][0xd1][0xc6]![0xfe]![0x1e][\r]F}[0x8d][0x5][0xc6][0x97]3[0x8d]D1[0x1b][0xba][0xd7]}-[0x1c][0xf5][0x0]([0x89]z[0xad]V8[0x8a]L[0x9f][0xb5][0x2][0xfe]L;[0xda][0x80]2[0x8c]:G[0x1b]O[0xe]}[0x96]Pb[0x8f]i[0xcc]Y[0xd2][0xdf][0xfc][0xf2][0xf9][0xb5][0xb1][0xbf][0x99][0xa7][0x7][0xd4]g}[0xed][0xca]e[0x93]([0x8c][0x13][0x8d][0xd8]a[0x90][0xb0] [0xe9]k[0x13][0xd7]I[0xc6]}[0x87]][0xb9]63[0xc4][0x8b]N[0xdc][0xc0]M\[0xea][0x19][0xdc][0xa6][0x1e][0xeb]w4[0xc4][0xe2][0xb9][0xc1]7[0x12]3[0xaf][0xaf]Eq8t=[0xa6][0x91]1[0x90][0xd6][0xd7][0x14]Q#?[0x1a][0x99]a<j][0xf][0x83]VG[0x94]yr[0x98][0xb8][0x89][0xc7][0x8e]NB[0xcf][0xa3]V[0x18][0xd3][0xc4][\r][0x3]N[0xc][0xf2][0xf1][0xd3][0x87]3[0xfc]e3[0xce][0x19]'4p[0xc8][0x19][0x8b][0x91][0x2]N[0xde]R[0xeb][0xb0]%[0xcb]m[0x90][0xc2][0xcf]![0xb7]c7JH2[0x8d][0xa0]![0x9][0xbb]NZ[0x97][0xf4][0x8a][0xca]T[0x8d][0xb8][0xe]4%J[0x87][0x6]2/[0xa5]#f[0xa8][0x9c]2[0x16][0xfc][0xb9][0xa2]1aq[0x1c][0xc6][0x3][0x9e][0xc4][0x83][0xd0][0xba]$}r3[0x7][0x85]?[0x9b]1[0xfb]#uc[0xe6]l[0x92][0x1e][0xd9]t9[0xc9][0xdf][0xf5]zx[0xdf][0xe5]>M[0xec][0xb1][0x80]wBhN[0x10]&D&-(rE=[0xd7][0x11][0x9c][0xc9]*[0xc1]""us[0xae][0xc4]m[0x99]%-[0xd9][0xc6]r[0x13]7[0xe][0x9f][0x1a][0x6][0xf9]<[0x6]L[0xdc]M[0x18][0x81][0xbf]a[0x94][0xb8][0xbe][0xfb]'s[0xc8][0xc4]M[0xc6]$[0x19]3[0xf2]{HyB[0xce]N?[0x90][0xc8]KGn@[0xae]^[0x98][0xdb][0xd0]5[0xd8][0x9b][0x1c][0xba]s[0x8a][0xf9][0xa6][0x1d][0xfa][0xad]I[0x18]; [0x84][0x9c][0xb7]$$oq[0x16][0xb6][0x88]a[0x80][0xb8][0xce][0x84][0xc2][0xa6]A[0x18][0xb8] /[0x15][0xb1][0x0]a[0xe1]f[0x8a]9[0xbe][0xe9]&-[0xbb]$[\n]"
DEBUG wire -  << "-[0x8d][0xb4][0x0][0x8b][0x10]P[0x0][0x8c]X[0x9c]L[0x85][0xa4]{!J^AJY0[0xc0][0xc1]P[0xf][0x8d]"Q[0x80][0xa5]q[0xe2][0xda]Xz[0x1]4[0xca]V[0x1][0xfc][0xbe][0xd2][0xb9][0x8][0xaf][0xc3]do[0x0][0x96][0x2][0xf6]c[0x80][0xf1][0xc3][0x98][0x91][0xc6]'64[0xc9]G[0x18];&yGc[0x9b]y^[0x8][0xe8][0xc8][0xa7][0x90][0xd3]&[0xf9][0xe5]K[0xe0][0x9e]P[0x9f]L[0x18][0x19][0x87][0xd0]1[0x94][0x8][0x16][0x80],8[0x8c][0x84]C[0xd1]e9[0xaa][0x8f][0x1e]M[0x86]a[0xec]K}[0xf0][0xf5]+U[0x19]3>[0x93][0xd7][0xd4][0x1e][0x8f]C{[0xcc][0xed]q[0xea]1[0xf2][0x1e][0xfa]p[0xc2]x[0x2][0xaf][0x13][0xe6][0xfe]Y"[0xe6][0x5]iB~[0x83][0x8e]d[0x9e]O[0x83][0xa0]I[0xce][0xdc][0xc0]f[0xa4][0xdb]n[0xef][0x1][0x19][0xaf][0xc2][0xd4][0x2][0x4][0xaf][0xd8](f[0xc]K[0x8c]b [0xd3]b[0xc9][0x84][0xb1][0x0][0x1a][0xc2][0x13][0x16]#[0x81]g[0xb6][0xcb][0xb0][0x18]H[0xd2][0xcb][0x94][0xbb][0x1][0xf0][0x8e][0xbc][0x9][0x90]J[0xc1]Wr6[0x5]H[0x9f][0x93]_[0xc8][0xeb][0xdf][0xde][0xff]S0[0xb5][0xb6][0xf0]I[0xe8]G)&gi[0xbf]|y[0xff][0xe6][0xe4][0xf8][0x1d][0x8a]1[0xb5][0x13][0xf7][0x8a][0x99][0xe4]MB[0x9e][0x8f][0x81]nt[0xb0][0xa8]3[0xd2][0xd8]+t[0xc2][0xa3]d[0x11][0x7][0xd1][0x0][0xd5]g[0x1][0xe1][0x3]E[0xc4][0xf5]A1[0xad][0xa4]k[0x12][0x19][\n]"
DEBUG wire -  << "[0xa2][0x95]F^H[0x1d][0xde][0xea][0xb6];{[0xad]N[0xbb][0x95][0xf7][0xf4]e4*T"[0x95]{[0x2][0x83][0x1b]8[0xd7][0xb3]i[0xec][0x14]*[0xe1][0xa9][0xef][0xd3]x[0xba][0x10][0xfc]o[0xb9][0xfd][0x17][0xca][0xed]y&[0xb8][0x17][0xb][0xfb]c[0x8d][0xfa][0xa9][0x8c][0xf8]/[0x90][0xbe][0xa2]M[0xde][0xa4]Q[0xe4][0x1][0x16]$[0xb3][0xe5]9?]r0iG7[0xda]/[0x2][0xdd]u[0xa2][0xf5][0xb4][0xcc][0xb8]@w2[0x9f][0xa2][0xb7][0xa0][0xe9][0xda]/B}[0xf7][0xb4][0xf][0xf1][0x88][0x6][0xee][0x9f][0xa2]<$[0xe3][0x8][0xee]-[0xa0][0x11][0xb2]94[0xed][0x98]k[0xbd][0xf3][0x1c][0xe9]d21[0xa7]a[0x9a][0xa4][0x16][0x13]v[0xb]<[0xa1] `^[0xeb][0xcb][0xc9][0xe0][0xe4][0x8f][0xeb]w[0xc9][0xab]a[0xfc][0xeb]O>[0x8c][0xfe][0xfb][0xf][0xcb]j[0xb3]p[0xa4]]@[0xdd][0xae][0xb3][0xb0][0x92]ga[0x99] [0xa1][0x2]z+[0x87][0xbe][0xae]y[0xe1]([0x4]@[0xed]vf[0x9f][0x85]In[0xcd][0x19]]SX[0xd1][0x82][0x19][0xdd]t[0x2]n[0xa0][0xc7][0xc7][0x84][0x13]!,[0xe9]f[0xab][0xe5][0xd3]k[0xdb][0x9]L+[0xc][0x13]pYh[0x84]/[0xd0][0xc4]M[0xd1][0x7][0xab][\n]"
DEBUG wire -  << "[0xf][0x81][0xfd][0xdc][0x1c][0x85][0xe1][0xc8]c4r[0xf9][0xdd]Krs[0x82]}T[0x1][0xd6][0xa8][0x7][0xd2][0x14][0xd0][0x4]dI:c[0xc5][0x8e][0x8f]9[0xff][0xe9][0xda][0x7][0xe5]+[0xc4]x[0xa5][0xa6]$[0xcf]c[0xfa]G[0x1a][0x1e][0x90][0xd7][0x8c]9[0xcb]][0x87]!@(%[0xfd][0x17][0xd3][0x2]c[0xd9][0x7][0xf9][0xe7]w [0xca]V[0xa0][0x5][0xea][0xc0][0xed]][0xea][0xaa]"[0xc4][0x93][0x89][0x1b]8[0xe1][0xc4][0x1c]L"[0xe6][0x87][0x97][0xee][0x19]K[0x12]7[0x18]q[0xf4]D5[0x8b]r[0xf6]%[0x97]~[0xde][0xfb][0xda][0xfa][0x9a]u[0xc5][0xd7][0x96][0x18][0xc4][0xfc]+T[0x1c][0xb3][0xaf]-Q[0xf8]+[0xb8][0xdb]_[{[0xdd][0xeb][0xbd][0xee]W[0x1c][0x1a]r[0xac][0x99]Q[0x80][0xa3][0x8b]_[0x8d][0xee][0x8f][0xb][\n]"
DEBUG wire -  << "[0x9]L[0xf0][0xf7]T"[0x83]'|[0xf]S0[0x0]Z[0xef]F[0x83]1[\r]L[0x16]E[0xb2][0x1][0x84][0xa8][0xcb][0xdc][0xf9][0x8a][0xca][0x4][0x94][0xb2][0x97]:X[0xcd]%[0x17][0x9][0xa2][0x90][0x1][0xbd][0xc7][0xa0][0x9d][0xa6][0xf][0xa3][0xe0][0x92][0xff]|[0xc5][0xe2][0xfe][0x8e][0xd9]6[0xbb][0xda][0xed][0xed][0x1]2[0xe8][0xe9]0[\r]l[0xec][0xc5][0x6][0xd5]-[0xdd]n[0xde]d[0xef][0xc4][0xc1][0x94][0xe6][\r]z[0xf1]v[0xff],[0x89][0x81]o[0xe6][0x10][0x14][0xd3][0x9]D>'`v[0xe]<[0x13][0xbc]?[0x1a]bv[0xd2]h[0xeb]m[0xfd][0x9b])[0xc3][0x9a]o[0xe6][0x98][0xb9][0xa3]q[0xd2][0xd4]=[0x13][0x2][0x18][0xef]30[0xaa]a[0x9b](1[0xd3]F[0x2][0xfe][0xb2]N[0x9b][0x0][0xde]n[0x1e] n[0xa7][0xff][0xcd]L[0xc2]W4[0xa1]_>[0xbd]m4[0x1f][0x81][0xd5]*`e[0x15][0xac]1K[0xd2][0x18][0xda][0xd4][0xef][0xf7][0xd9]m[0xde]D[0xd6][0xa0][0xb2][0x81][0xd6][0x81];l<[0xf5][0xbe]:C[0xde][0x94]e[0x9e]v[0xe]8(v{[0xdc][0xf0]L[0x14][0xb1][0x97][0xc0]M[0x18][0x17](pa[0xa4]!1!*[0xf9][0xdd]v[0x9b]lu[0xa3]kr[0x1c]CD[0xa7]A[0x13]ol[0x80][0xd4][0x86][0x1e][0x1d]i=[0x85][0xaa]a[0xf5][0x9d][0xc6][0xf9][0xce][0xce][0xd6][0xce][0xae][0xbe][0xb3][0xbb][0xdf][0x85][0xdf][0xd9]s[0xe7][0xc5][0x85]^[0xca][0xd9][0xef][0xb6][0xb7]J[0xd9][0xcd][0xe6][0xf3][0xe7]%[0x4]{[[][0xc8][0xeb]t[0xf7][0xe1][0xf7]vwk[0xf6][0xdc][0xd9]/[0xa4]wf[0xcf][[0xed]z[0xf8][0xed][0xbd]Y[0xe5][0x2][0xab][0xac][0xbc][0x0]ZN[0x0][0xfc][0x15][0x88]N%[0x1]jZ[0x81][0x3][0xea]l[0xea]O[0xad][0xe6][0x81]`[0x93][0x92]p[0xd5]My+[0x11]ro[0xb7][0xad][0xbf][0xd8]{[0xd1][0xd5]ww[0xda][[0x19][0x97][0xb2][0xc][0x81][0xb3][0x90][0x8b](o[0xb3][0x8e][0x9b]u[0xf4]0[0xeb]h[0xbb]o[0x99]v[0xcc]`H[0x9d]z[0xc]5JCS[0xea][0x2][0x8]1yl[0xf7][0xa9]n[0x9b][0xe]h[0xe8][0xb8]o[0x9b][0xf5][0x8a]E[0xb7][0xcc][0x11]KTy[0xfe]r[0xfa][0x99][0x8e][0xde][0x83][0xcd]jh8A[0xa0]5[0xcf][0xdb][0x17]([0x95],pN[0xc6][0xae][0xe7]4[0xec][0xe6]-[0xd6]<[0xd2][0xc7][0xba][0xab]_[0xea][0xdf][0xe6])[0x80][0x98][0xe][0x90]k [0xd9] [0xb5][0x80][0xfa]D[0x1a][0xf2][0xe7][0xcf][0x8b]o[\r][0xad][0xb][0xc8][0xf][0xc0]cj\[0xf6][0x8f][0xe3][0x98]N[0x1b]R[0xb8]t[0xc5][0xbc]&[0x10][0xce][0xd3][0x8][0xa7][0x1d]x[0xff][0x86][0xc1]H[0x9f][0xc2][0xb0][0x8]F[0xbd][0xa7]m}[0xf6]vzm[0xb3](y[\r][0x5]![0xfd]Vw[0xfb][0xed][0x3][0xf7][0xf0][0xd2][0xf4]X0J[0xc6][0x7][0xee]O?5gX[0xce]/[0xcf][0xdd][0x8b][0x8b]>k[0xe0][0xdf]"zs[0x86][0xaf]_[0x9b][0xfa][0xfc]y[0x15][0x8b].[0x89]}[0xda][0xef][0xe3]+Hrm[0xb9][0x19]u[0xf5]xg[0xf9][0xf3]5[0x88][0xe]|[0x1c][0xca][0xa7][0x5][0x8]$[0x17][0x9a][0xfc][0xea][0xc3][0xbb]O[0xd0][0xad][0xd3][0xfe][0xd3][0xe][0xbc][0xc5][0xf8]xB=[0xcf][0xa2][0xf6][0xb7]~[0xae]:a[0xac][0x17][0x0][0x81][0xad][0xb5]5}[0xff][0xde][0x18][0x97][0xcb][0x94][0xd0]5[0x9a][0xb7] Y[0xd4]qN[0xaf]@*[0xde][0xba][0xe0][0xfc][0x6],[0xfe][0xb9]1[0x9f][0xd6][0xd0][0xa0][0xb2][0x13][0xe9]<[0xbe][0x5][0xcf][0x11][0x8c]'[0x8][0xd7][0xd3]NS[0xa7]5[0xb0][0xe8][[0xaa][0xfc]f[0xaf][0x1][0x10]I[0x2][0xce][0xbf][0x0]jha[0xa0][0xb2][0x9b]Xw9GP[0xc7][0x13][0x90]Tt[0xf1][0xc0][0xa5][0xd5][0xb][0xc4][0x83]e[0xf2]#[0x8f][0x81]C[0x0]*[0xd5][0x92]-9CX[0xec][0x98]j[0xbb][0x9a]M]p_[0x98][0xb5][0xef][0xdf]on[0xf5][0x91]Y[0xb0]l?[0xf][0x1b][0xa5][0xf7]fod*[0x83][0xfd][0xfc][0xf9][0xc8][0x84]PB>6[0x10]N[0xbd]5u|QP[0xcd]f[0xf3][0xb6]!M[0xbd][0xee][0x84]v[0x8a][0xc3]J_`[0xfa][0x9b]h[0xf6]f[0x1e]#z[0x11][0xc9][0x14]"[0x98][0xc2]X[0xb7]9[0x7][0xef][0xc1][0xf5][0x11][0xbf][0xc1]}[0xd7]cS][0xbc][\n]"
DEBUG wire -  << "D[0xe4]f[0xe3][0x89][0xe3][0xf2][0xc8][0xa3][0xd3][0x1e]D$h[0xb][0xc8]S[0xd7][0xc7][0xde][0xa6]A[0x2][0xd8]![0x86]p [0xc][0x80][0xd8]l>[0xe7][0xda][0xe0]c[\n]"
DEBUG wire -  << "d[0xd5][0xe5]J[0xfb][0xd6]#[0x1d][0xe6][0x97]3[0x84][0x1][0xac]I[0x87]p[0x13][0x9c][0xdb][0x1e]i[0x13][0xb3][0xbd]W[0xcd][0x4][0xb1]Kp[0x9e][0xc8][0xa0][0x9e];[0x2] [0xa3]m[0xce]![0xc0][0xee][0x19][0xc5]a[0x1a]8u[0xf4]D K[0xa8]?[0x0]1[0xfd]v[0x3][0xb8][0x87],+y[0xb6]"[0x85][0x8f][0x19]K6q[0x8e]p[0x13]8gA[0x88][0xfa][0xcd][0xf0]\+[0x86][0xb0][0xd8][0x0][0xa6]n[0x12][0xe5][0xf2].[0x8c][0x88]2'[0x6][0xbb][0xa0][0x5]LNZ%$[0xb2]^[0xe1][0xcb][0x0][0xc0][0xcc][0x99][0xd9]T[0x91]Q[0xd6]{[0x9b][0xc4]g[0x8e]K!T[0xf2][0xbc][0xaa][0xb]^%t[0xc]a[0xaf]K[\r][0xdb]sQ[0x9b][0x1b][0x16][0x8d][0xef]Fj[0x16][0xbc]e[0x93]u[0x10][0x81][0xfb][0xcc][0xe5][0x1e]3pd@@[0x3][0x8e]qh[\r][0xaf][0x7]~[0xe8]@[0x88][0xcd][y[0xb2][0xe1][0xb1][0x11][0xb5][0xa7]-[\n]"
DEBUG wire -  << "[0xde]q"[0x9b]*[0x89]h[0x15][0x88]X_[0x3][0x1d][0xca][0xc7].P[0xcb][0x1f][0xd2][0x5]Y[0xd9][0xf5][0xf2][0x1c][0xf9]bH[0xbe][0x18]Qj!a[0x6][0x8c][0xd9][0xd4][0x90]t[0xb6][0xe7]([0xc5][0xb8]sAp&[0xe2].[0x83]N[0x18][0xf]}[0xd6][0xda]6[0xf7][0xcc][0xb6] [0xbd][0x98]\[0xa2][0xbe][0xb] [![0xf5][0x9d][0xbf]H~fU[0x88][0xf6]A[0xcd][0x10][0x80][0xad][0xaf]U9_[0xef]G[0xbe] ;[0x17]`%[0xd2]9.Ai[0xfe]V[0xea][0x86][0xce][0x9a][0x6][0xae][0xe8]g[0xee][0xfe][0xc9][0xee]([0xdf]K[0x9][0xcf][0x5]G [0xac][0x88][\r]([0xd0][0x17][0x8f]![0xb8]([0x91]k[0xa0][0xb5]$[0xf7]K%~M[0xac][0x1e][0x88][0xe4][0xc7]P>[0xaf][0xbe][0xef][0xca]Ui[0xa3][0xe7]h[0x91][0xe6]W[0x92]TAq[0xb4]a*[0x9][0x81]8[\r]5[0xaa]N*[0x9][0x4]#Kp[0xb0][0xd5][0x9f][0x1][0x1f][0x87]Q[0x4][0x6]o`[0xd3]8!&[0xfe][0x1e]x`[0x83][0xd0][0xe0]?)[0xd8]Jh[0x9c][0x17][0x82]}[0xb6][0xb5][0xbb][0xb5][0xb3][0xb5][0x7][0x99][0xb7][0xf0]o[0x1]rbz[0xd4]b[0x9e]1[0x4]?[0xb][0xfd][0xf][0xf0][0x18][0xa2]49[0x17][0xc4]r[0x88]s[0xed][0xf1]E[0xcf][0x98]0[0xeb][0x9b][0xb]}[0x97]&[0xf8][0xc5][0xcf][0x93][0x15]f[0xa9]E[0xa7][0x1][0x14][0x5][0xa0]l[0xe3][0x10]j[0xbe][0x80][0x1f][0xf8]S[0xa0][0xe3][0xae]M[0xbe][0x3]U[0xab][0xd9]%[0xe0][0x8]N[0xe1][0x9a][0xf8][0xcb]@[0xee]D=[0x8b][0xc1][0xb][Y[0x1a]D[0xc6]I[0xed][0xc7]b)u"
DEBUG wire -  << "[0x99]*$[0xb9][0x97][0xf5][0xd1]P[0xfc] o[0xc8][0xa3]:[0xa9][0xd4]%(d[0x6][0xf6][0x94][0x12][0x5]UK[0xc1]M"5[0xbd]AhM{[0xd4][0x83][0x11][0xd0]+[0xe2][0xb9][0x84].[0xa2]~[0xe]Wo[0x1c][0xc2][0x0][0xba][0x3]F[0x9]X[0xc6][0xcb][0xc4][0x8f][0x94]\[0xf8][\r][0x84]!s[0xa0][0x84][0xc0][0xe0][0xc4]a[0x4][0xe2][0x16][0x8][0xab][0x6]8[0x14][0x86]#h[0xc0]R[0xb0]![0xb8][0xde]|5[0x98][0x9c][0xa6][0x9f][0x83][0x93][0x5][0xd9]GH[0xf8][\n]"
DEBUG wire -  << "2[0xac][0xd0][0x99][0xf6][0x82]0i[0x98]c[0xd0]w[0xcd][0xbc]<[0xc4][0xee]4[0xf5][0x92][\n]"
DEBUG wire -  << ">SV*[0xb]XI[0xd0]\#[0x1a][0xd5][0x13]kB&[0x98][0x88][0xc8][0xf2][0x1e]F&[0xe1][0xb7]&t[0xa8]G[0x84][0x9a][0xf8]i [0x81][0xf8]}I[0xb6][0x81][0xba][0xbc][0x8][0xa0][0xe4][0xbc]@[0xab]9[0xa6][0xdc][0xa0][0xb6][\r]ZZJ[0xb1][0x90][0x10][0xfc][0xb0][0xad]d[0xba]M[0xbb]/v[0xe8][0x81]RoX"[0xa2][0xe0][0xa9][0xc8][0xcf]5[0x1c]<[0x14][0xd3]N[0xe3][0x18]#-[0xb2](G5fq~A4e[0xd4]d[0x94]*[0x9f][0xd5]m[0xa5]I[0x12][0x6]z[0xfe]Th[0xc7]$[0xc][0xc5][0xec]0[0x84][0x96] [0xfc]1[0xa8][0xe9][0x81]@E$[0xa4][0x1c][0xc5][0x1a]O-[0xdf]M[0xb4][0x8b][0x7][0x14][0x99][0xd5][0xe5][0xb8]W[0x10][0x12][0xa2][0x9a][0xe2][0xc2][0xc2]Q0>[0xa8]DT[0x92][0xf8][0xe6]VD!1\[0xe4][0x0][0xf2]}}[0x98]f[0x94][0x15][0x14][0x96]&[0xcb][0xc9][0xa6][0xd6][0xa5][0xd7][0x97]*2[0xa8].[0xbd]R[0xea][0x99][0xd4][0x8b][0xaa]Ed[0xa9]x,[0xc9][0xcc]$d[0x19][0xc8][0xac][0xab]a[0x90][0xe0]?#[0x8a]][0xfc][0xd4]Z[0x97][0xd6]C[0xc9][0xaf][0xcd]([0x8c][0x86]jV[0x81][0x88]j[0x96][0x1c][0xa3][0xb5]y[0xe6][0xea][0xbc]%[0x98]3[0x88][0x85][0xad][0xeb][0x95][0x0][0x96][0x10][0xb7][0x9a][0xfc][0xe2][0xa8][0x97][0xd6][0x82][0xbb][0xe]CM[0x14]F,[0xc8][0xb][0x81][0x17][0xc7][0xea][0x80]l[0xf]2VB[0xcd][0xa1]Z\[0xeb]<[0xc2]{P8[0xd3][0x90]w@;[0x83][0x15][0x16]^[0xd9][0xf9][0xa2][0xfc]([0x1c][0x93]0[0xfe][0x6]z[\n]"
DEBUG wire -  << "[0xac][0xf7]0[0xf4][0xdc][0xd0]p[0x13][0xe6][0xf7][0x82]dl[0xd8]b[0x12]w7[0xf8][0xa9][0xd3]TnBf[0xb5][0xc][0xe9]'fO[0x99][0xcf];s*[0xe4][0x80][0xe3][0xd9]C[0xae]ug[0xae]dQ[0x9]W[0x1d][0xcc]\[0x1f][0xd7]x[0x9e]s[0xba][0xf9][0x17][0xe1]0[0x93][0x6][0x4][0xc9][0x86][0x9a].[0xda][0xdb][0xdd][0x8f][0xae][0x9b][0xe4][0x86][0x8][0x13][0xff]d[0x89]-:[0xf2][0xdc][0xa3][0x82]eX[\r][0x9a]s[0xb5][0xd6]z[0xe7][0x86]{[0xde][0x84][0x93][0x9a]j[0xee]Qv[0xbe]^[0xc9][0xd9][0xc]C[0x12][0x8e]F[0x1e][QE[0xd1][0x91] [0xae]4>3[0xb3]W[0xe4][0xad]`nf[0x80]r[0xd3]^0[0x1e][0x6][0xa8],0[0xf3][0xca]$a[0xee][0xb9][0xed]Ax[0xf6]?}m[0xe8][0x19][0xda]ES9[0x3]JL[0xed]8[0x4][0x97]1[0x9][0xd1]WSY%[0xc2]U[0x9a][0x10][0xe3][0xa6][0xbe][0xa2]RsE[0xad][0xf7][0xac][0x94]:[0xce] [0x9][0x85][0x1f]=[0x90][0x98][0x9b][0xeb][0xb5]x[0xb5][0xb6][0x86],2]u[0xca]L[0x9f]92[0xd5][0xf0]a[0xb1][0xa9]_[0x8f][0xbe][0xcb][0xc7]b]P[0xd6]&[0xf8][0xdd][0xf][0xff][0xb5]I<[0xb2]h[0xa3][0xd3][0xd6][0xb7];[0xfa][0x8b][0xb6][0xe][0xb1][0xed]vSo[0x93]-[0xc8][0xeb][0xc0]?[0x3][0x81][0xaa] ][0x84][0xc0][0xdc][0x9d]z[0xc]]1c-[0x14][0xc1][0xbf][0xba][0xd2][0xcc][0xf1]C[0xf7][0x12][0x3][\r][0x8a][0x1e]Z[0xd6][0x1b]D%+[0xb5][0x97][0xa5][0xd7][0xa8][0xad]:[0x85][0xf5][0x18][0xd1][0xbe][0xef][0x80][0xaa][0x91][0xed]:[0x9f][0xfd]_4[0xb0][0xd7][0xed]N.w[0xe7][0x96][0xbb][0x88][0xcb][0x9c][0xba][0xf9][0xf0][0xe1]N[0xa3][0xae]`[0xc9][0x97]:[0x84][0xff]O[0xdd][0xb3][0xfb]zN[0xe4].[0xaa][0xe4][0x81][0xfe][0xce]R[0xb7]w[0xe1]L[0x10][0x8c][0xde]mT[0x0][0xbb]8[0xc2];0[0xc4][0xab]Cx[[0xc]q[0x1][0xb3]5[0x1b][0xe3][0xb8][0xa2]B[\r]p[0xc8][0xdd]G[0x15][0x81]3I[0xc6]N[0xad][0x8e][0xa8]W<[0x95][0x8a][0xe7][0xca][0xad][0xab][0xe6][0xe2],HQ[0x1b][0xcd][0xa6][0x89]L[0x17]G[0x9]t![0x3]=$[0x92]q[0x18][0xc1]`[0x14]J[0xa8][0xe0]7[0x89][0x15]8[0xbd]\{[0x8f]b[0xea][0xe0][0x97][0x96][0x6][0xce][0x1e][0xd2]X[0xf7][0xd8]0!0vu"[0x9e][0xac][0x10][0xe4][0xda][0xd7]q[0xb1]KCi[0xae][0xa6][0x9e][0x84][0xf9]sS[0x8]"[0xa7][0x8b][0xff]ID[0xea]Y6s1[0x9d][0x12][0xeb][0xac][0x96]:b[0xf4][0x85][0xc0][0xb2][0x12]=[0xab]lA]w[0xaa][0xe3].[0xb8][0xb3][0xee][0x91][0x9a][0xaf][0xac][0x5]c[0x1a][0x80]l[0xa3]X7[0xd1][0xff][0xca]g<[0xea]g[0x96]<[0xd7][0xc][0x3][0x83]3[0xf1][0xad][0xb9]2eS[0x98][0xa8]2[0x87][0xa9][0x87]{'b[0xc6][0xa4][0x93]XS[0xdd][0xea][0xda][0xe6][0xb0][0x90]E[0xde][0xe4][0xca][0x96][0xe5][0xa1]@Qk[0xac],[0x94][0xcf][0xdf]am[0x86]T[0xad][0xc5][0x89][0x91]'[0xa5])[0x91][0x8c][0xcb][0xca][0x18][0xf]]\[0x98][0x97]w[0x8c][0xf0][0xf6][0x9f][0x94][0xbe][0xeb]V[0xbb]n{[0xc7]a#][\r][0xb9][0xdd]}[0xbd][0xfb]B[0xef]luu[0x88]n[0xda]?[0x88][0xe4]Fwk[[0xdf][0xd9][0xd3];[0x1d]H[0xeb][0xb4][0xdb]?4[0xf][0xc8]F6[0xc7][\r][0xe1][0x8a][0xaa]9C[0x98][0x5]+[0xb9][0xff]L[0xf7];[0xce][0xfe][0xf6][0x1][0xc9][0xb]T[0xc2][0x9d]j[0xf9][0xf9][0xb8][0xa7].[0xe2])b%[0xf3][0x98]%[0xdc][0x1c]-[0xa7];[0xf8][0xdf]bZ[0xe6][0x10][0xdc][0x8d][0x98]"[0xda][0x8d]9[0xcb]!m=[0x82]2[0xc7][0xc8][0xfc][0x8d]L[0x8][\r]T[0xc][0x85][0xd7]X[0xac]i[0x9b][0xbd]_[0xa6]<[0x11]_[0xf9]T[0x9a][0xfc][0xea][0x7][0xc1]hS'[0xb5][0xf6]]@I[0xa9]Q[0xe][0x1]@[0xd6];5[0x10]hB3P[0xe6]J[0x13]`*[0x86]*B[0xbe][0x94][0x1]k[0x5]P[0x99][0xff],[0xe8][0xb2][0xee][0xe]dR/Y[0x4][0xf8],f<[\n]"
DEBUG wire -  << "[0x3][0x87]([0x17]D[0xcd]([0x95][0xe8][0x91][0x91]6Np[0x1a][0x11]./cR[0xd1][0xb7][0xe7]Q[0x18][0xb][0xd4][0xe3][0xea][0xdb]M[0x12]&[0xf2]e[0xcc][0xec]oa[0x9a][0x18]u[0x4][0x1b]Y.y[0x16][0xd1]).[0x1c][0x81][0x7][0x8f][0xda]L[0xce][0x8]V[0x80][0x15][0x7][0xe7]\[0xc5][0xe5],Y=)I[0x1e]4[0x9f]P[0xae][0x86][0xe6][0x1d]i[0xb]1[0x9e][0x80]w.%[0xa1]L[0xcd][0xc4][0xb6][0xc1]NR[0xe0][\r]p[0x13]%+/Y[0x3]M%x[0xa5]y[0xe2]kM[0x91][0x7][0xca][0xf6][0xa6][0xd0][0x8f]UV[0xac])[0x82][0x94]x[0xea][0x9a]+D[0xab][0x9a][0x9b]P[0xb][0xbf]4N[0x7][0xaa][0xc7]$[0xf7][0x8b][0xac][0xc3]Q[[0x1e][0xa4]*1[0x1b][0xa4][0x85]W1H[0xe5][0xfb]_5[0xba][0xcb][0x1]E[0xc1][0xc5][0xac][0xcf][0x91][0xa1][0xc4][\r]Qkt0[0xf0][0xe8]u[0xc0][0x95]: y[0x92]t>[0xaa][0xa9]H`ok[0xab][0x94]&[0xa8]T[0x89][0xb7][0xeb][0xb3][0xbf][0xf5][0xd9][0xdf][0xfa][0xec][0xdf]N[0x9f][0xd5][0x8d][0xa5][0xf2]0[0x9a]}*[0xc6][0xdd][0xc9][0xb2]K&1[0xae]T[0x6][0xf2]A[0x13][0xb0]|[0x92][0x4]9[0xe][0xc4]J[0x86][0x97]eC[0xca][0xb8]Q[0x9a][0x0][0xa8][0x95]mj[0xcb]mT9[0x81][0xcf][0xc0][0x9f][0x87]Q[0x81]3D[0xd0][0xb8]s[0xd7][0xf9][0x9f]~[0xa1][0xd4][0x0][0x94][\r][0xfc][0x96][0xee][0xec][0xc5][0x2][0x89][0xa8]+[0xa7]f&[0xb0][0xd2][0x8b]%[0x82]%[0x9][0x16][0x9d]S[0xfc][0xb6]/[0xfb][0xa6][0x9c]_)#z4[0xd3]][0x8e]p[0xd4]C[0xf]U[0xb0]R[0x8f][0xcd]e[0x8]W[0x17][0xae]ea[0x85][0xcd][0xb5][0x15][0xfc]a[0xbf][0xd4]G_[0xc][0x5]R[0xde]C[0x3]t[0xbb][0x91][0xca]p[0x83][0xd9][0xa7][0x8c][0x17][0xd1]uSDC8][0xc2]T[0xc][0x91][0x5]A[0xdc][0xa7][0x9e]7[0xb][0xa4]p[0x13][0x92][0xbe][0x2]v[0x6]4[0xee][0x94][\n]"
DEBUG wire -  << "[0xca][0x1c][0x3][0xea]V[0xea]Jb[0xf2]a[0x98][0x13][0xb5][0xe1][0xd9]T[0x91])[0x11]![0x84][0x84][0xcf][0x17][0x8d][0xa9][0x98]-[0xef][0x91][0xed].4K|M[0xb8][0xdd][0xd8][0xc8][0x88][0x2][0x96]E[0xa8][0xde][0xa1][0x7]\O[0x4]r[0x10][0x85][0x8a][0xd6][0x1a]<[0xc9][0xe7]Zq[0x91][0x0][0x93][0xbb][0x4][0xd4][0xf7][0xa0]'E[0x83]O[0xf6][0xda][0x12]5 [0xbe][0xcb][0x9a]\[0xb5]tJlT[0xab]]bY[0xb7][0x85][\r][0x17]S[0xfd]<[0xa4][0xbe][0xeb]M[0xfb][0x9f]Bp*[0xc2][0x1f][0xb6][0x8e][0xb7] ,[0xec][0x9e]l[0x8b][0xdf];[0xe2][0xf7][0x1e][0xfc][0xde];[0x91][0x0]?[0x9d]y[0xd4][0x2][0xa8][0xed],[0xe7][0xf9][0xb3][0xf6][0xd6][0xfe][0x1][0xc8].[0x9e][0x98][0xe0][0xe1][0x12][0x1b]H[0x17][\r][0xdc][0xe7] r[0xd7][0xb3][0xc6][0x8e][0xc6][0xae]1[0xa4][0x81]=[0xc5])[0xab][0x7][0xad][0xc3][0xcc]1[0x18][0x1e][\n]"
DEBUG wire -  << "?[0xe0][0xc9][0x17][0xdc])[0xbc][0xad][0xcb]?R[0x16]O[0xcd][0xec][0xbd][0xb2][0xd6]n[0xcb][0xdc]}L[0xb][0xc4][0xe1][\n]"
DEBUG wire -  << "[0xb8][0xa4][0xf4]A[0xd4]CR[0xca]Q[0x9c]b[0x91][0xe1][0x94][0x16]6[0xaa]4[0xa1][0x94][0xf8][0xfa]V[0xf3]Jv[0x18][0xa9][0xfb]@[0x92][0x99][0xa0]'[0xa3][0x14][0xdb]/[0xc8][0x9d][0xa1][0xed][0x98]/[0xcc][0x8e]i[0x83][0xee][0x9][0xfd][0x12][0xa3][0xb7][0x1f][0xcd]h>[0x81]w[0xea][0xb1]8[0xe9][0xae][0x8f][0xfa]+`r[0x18][0xb7][\n]"
DEBUG wire -  << "[0xb8][0xe5]Z[0xf6]B[0xc2][0xc3][0x9b][0x91][0x8d]U[0x18][0x9f]raks[0x15][0xcd][0xb8]C[0xb8]U[0xdd]]z[0xea][0xb8][0xc9][0x97]Oo[0xea][0xf7]s:[0xa5][0xfd][0x9c][0x9f][0xce]^-[0xdf][0x9d][0x9][0xc0]qd[0x9b][0xd1]8[0xfa][0x19][0xca]V[0xf7][0x8e]N[0xbc][0x89]O[0x3]w[0x8][0xda][0xa7][0xae][0xb6]B[0xb6][0xac]uYM[0xc5][0x5][0xea][0x85][0x82][0xa6]([0xd8]:"[0xa5][\r][0xd9]#[0xdc][0x0]CAu[0x16]6c[0xff][0x13],[0xce]G<e[0x83][0xc8]m[0x90]U![0x19][0x87]q[0x82][0xaf][0xcb][0x99][0xfa]s[0xd4][0xef][0xee]t[0xef][0xb5]a[0x17];[0xe1][0xa7][0x90][0xf9][0xd6][0xaa][0xad][0xae]Y[0x87]I[0xd8]V[0xc7]l[0xb7][0xc4][0xd3][0xcf]i[0xec][0xf5][0xb1][0x8]h[0xd6][0x1f][0xba][0xaf][0xe1][0xff]rAH([0x9f][0xb4][0x0][0x9]+[0xb7][0xf1][\n]"
DEBUG wire -  << "[0x89][0x3][0xe6][0xfd][0xcb])[0x93]J_[0xee][0xff][0xef][0xab][0xde][0xdb]X[0xb0][0x15][0xe7][0xe5][0x87]W[0xbf][0x13]s[0xa6][0xd6]3[0xaf][0xfb][0xe6]O[0x10][0x6][0x87]][0xf7][0xba]m[0xfc][0xb9][0xad][0xc0][0xb9]\8 [0x85][0x14]kt[0x13]F[0xd4]v[0x93]i[0xaf]m[0xee][0xef]U[0xb]X#r37[0xdb][0xf7][0xac]=l[0xf];[0x9d]*l2N}[0x8b][0xd7][0xc1][0xcb]5[0x9b][0xb7][0x99]A[0x9e][0x9d][0xab]#[0xed]s~[0x86]Ln[0xb1][0xcb][0x7][0xca][0xbc]<[0xfd][0xf5][0xcd]{rz[\r][0xe][0xf4];[0x96][0x80]W[0xcc][0xc9][0xd5][0xe]([0x89]=[0xf2]%pAcp[0xea][0x91][0xe3][0x80]z[0xd3][0x4][0xb3]f[0x7][0xc9]0,[0xe1][0xcb][0x12][0xc2]n[0xcb][0x93]c[0xb2]}N[0x8d]|[0xef][0x96][0xab]s=[0xd4]Gz[0xac]S[0xdd]o[0xde][0xb8][0xe7][0x9b][0xbf][\n]"
DEBUG wire -  << "[0x83][0x9f]#[0xfd]`][0x82][0x83][0xb3]y[0xd1][0x8f][0xf][0xdc][0xf3][0xf8][0xa2][0x8f][0xbf][0xbe]/[0xec][0xfd][0xda]x[0xd2][0xc0]4[0xf3][0x8f][0xbe][0xfc][0xf3][0xfd][0xfb][0xf9]E[0xd3][0x8c]R>n[0xd0]x$v_[0xf1][0xe6][0xad].2[0xbd]~[0xe7][0xc7][0x80]M[0xc8]+[0x10][0xba]F[0xf3][0x80][0xf6]ye[0xf7]c[0x88][0xeb][0xc]|H[0xae][0xdd]S[0x19][0xe2]v[0xca][0x3]jR>[\r][0xec]~[0x7][0x9e]p[0x8f][0xe6][0xe8][0xc0]7[0xe5][0xfc][0xf9][0xfb][0xd0]a&[0xae][0x8a][0x8e][0x93][0x97]b[0xf5]o[0x3][0x1b][0xb5]q[0xdb][0x9c][0xdb][0xe][0xb6])9[0xb1][0xa9]o[0x16][0xf]2[0x90][0xbe][0x8e]A[0xb3][0xb6][0xb][0xce][0xcd][0xde].9[0xc0][0x8f][0xe8]f[0xf3][0x0]ziD[0x1b][0x9b][0x92][0xf6]M[0x9d]l~96:[0x9d][0xf6][0xf6][0xde][0xce][0xd6]V[0xc7][0xe8]`[\n]"
DEBUG wire -  << ".[0xdf][0x9e]Ar0[0x2][0x98][0x8a][0xee][0x1e][0x6]\[0x98]S9[0xa8][0xe0][0xf4][0xfd][0xab]rG[0xd7][0xf6]0[0xf6]bK[0x9e]=[0xb5]q[0x88][0x1]-[0x11][0x9f][0xa2][0xfb]Z[0xc9][0x91]$e[0xb7][0xb2][0xf4][0xc6]+[0x99][0xf9]C[0xee]t.-=[0xf]n[0x80][0xa6][0x17]Ed9[0xd7]1@[0x1b][0x12][0xb4][0x8e][0xc2]F[0x1b]x2[0x3][0x99][0xcd]n([0xd7][0xdb][0xa3]xlD[0xb6][0xaa]H[0x1c]v[0x5][0x11]][0xd6][0x9a],[0x14]%[0xd9][0xaa]#y[0xb2][0x95]r[0x84][0x15][0x90]z[0x93]{[0xfb]![0x17][0xd7][0xf3][0xa8],[0xf5][0xed][0xa8][0xb2]tI[0xbd][0xe][0xdd]k[0x88]v[0xc0]g[0x6][0xfb].[0x9d]`\r[0xc5]rp[0x8]Q[0x8a]_e2[0xfc]%[0x2]s[0xb5]S[0x9b][0xab][0x10]I[0x2]%D1[F[0x9][0xc8][0x97],[0xe6]VX[0xe]i[0x5][0x83][0x5]d[0xac][0xd0][0xc3][0x9a][0xaa][0xff]n[0xc7]-[0xe4][0xcc]r[0xfd][0x11][0xc1][0xd1]s[0xff][0x3]I[0xec]8[0x4][0x92][0x1d]C[0x1][0xe3][0x89][0x7][0x4]L[0xc9][0x1d][0xaa]>lQ[0xc9][0xb][0xf0][0x80][0xae]2[0xbe][0xd5]rN}[0xff]*s[0x7] e[0x88]JJ[0xeb][0x16]j[0x8b]j[0xc4][0xa1]I[0xf6][0x1d][\r][0xbb][0xb],N[0xc4][0xf3]d[0xd0]L[0x10]|h[0xcf]0[0x92][0xc3]u`[0xee]H[0x1e]8[0xa2][0xba][0x1]?[0xbd]gh1[0xc0][0xc5]%[0xf4]H>[0xa6][0xff]e [0x1c]B[0xe4][0xc0][0x9b]jG[0x9f][0x5][0xd1][0xe4]}NV[0xa1][0xc8]aK[0xb6]:[0xeb][0xc6][0x19]'[0xf3]G[0xc1]N<[0x99][0xad][0xda][0xb8][0x99][0xec]Jfd[0xf2][0x9e]3[0xe7][0xe8]0[0xf5]dI[0x8c][0xe4][0xd5][0xac][0x84][0xf8][0xc]Zdr>L[0xe8][0x15][0x94][0xf0][0xdc]Y[0x9][0x8c][0xfd][0x8d][0xee]n[0xe][0x9c]'[0x92]Y6v[0x9d]P[0x4][0x3]|*d[0x84][0xc2][0xd0][0xc8][0x9][0xc7]Y*.[0x9d]'%[0xe4]G0H[0x94][0xac][0xff][0x16][0xfa][0xd5][0x3][0xf1][0xaa][0x83][0xe3][0x8]aP[0xee][0xe][[0x9e]+[0xbc][0x9f]*[0xb9][0xed][0xfd][0xd5][0xf4]JM6O[0xec]\:[0xce][0x1][0x88]5[0xa2][0xa0]8H[0xa9][0x12][0x92][0xad]`,6[0xe0]s[0x18]z<k[0xc1][0xb3][0x9c][0x8e]|[0xb1][0xa3][0x92][0xe5]#[0x1]GJ[0xd2]b[0x83]n[0x92]Sv[0x80]p.#[0x17][0xb3][0xfc][0xf][0x8c]<[0xec][0xdd]8[0xc4]zK]ZZZ[0xa9]N[0x1d][0xac]2[0xa9][0xb3][0xb5][0xce]NEt[0x5].[0xbc][0xfc][0x18][0x87][0xff][0xb9][0xa2]#-x[0xbf]b[0xd0][0x9f][0x12]x[0xd6][0xa3][0xb5][0xd4]n[0xaf]U[0x4][0x17][0xf4]ig;[0xef][0xd3][0xfc]A[0xcc][0xae][\n]"
DEBUG wire -  << "6[0x16][0x9a]w[0xfa]2[0xfc][0xb8][0xa2]u[0xcc][\n]"
DEBUG wire -  << "[0xa3][0xd6][0xe2][0xfe][0x17]([0x1e][0xdd][0xff]O[0xee]*[0x0]u<[0xdd]~[0xb1]V[0x9][0x0]tU[0x16][0x91]2[0x8b][0xbc]AC<[0xa4][0xf6]rq[0xe8][0xed][0xb7][0xf7][0xdb]-Q[0xca][0x80]R_[0xc0][0xe3][0xcb][0xb][0xe2][0xde]ja[0xb8][0xc4]<[0xfe]%[0x1f]f[0xec]+[0xa1]/[\n]"
DEBUG wire -  << "P+[0xc5]C@[0x17]JS{[0xad][0xd2][0x84][0xe8]J[0xb2][0xff][0xfa][0xdd]*[0xc9][0x1f][0xfa]B[0xee]_[0xbf][*[0xf5][0xbb]wQdw[0xa7][0x13][0xd1][0x15][0xe8]<[0xd9]^q$[0xd3]6[0xd0]x[0xb2][0xbd][0x94][0xc2][0xfd][0xce][0xce]:)DtE[\n]"
DEBUG wire -  << "[0xc7],[0x6]k[0x15][0xb9]+[0x8][0xcd][0xc0][0x90][0xde][0xec]y)[0xd9];[0xdb][0x9d]u[0x92][0x8d][0xe8][\n]"
DEBUG wire -  << "d[0xbf]{[0xf3][0xea]x9[0xc5][0xbe][0xeb]P[0xc3][0x7][0xff][0xd5][0x8d][0xc4]\4O [0xec]d[0x1c][0xc2][0x14][0xc7][0x10][0xde][0xc][\r][0xc0]P'a[0xc]-BlK[0x1b][0xb3][0xbd]^i[0xde].K[0xf3][0xbb][0xd0]rO[0xe8][0x8a][0xe6][0x0][0x8c]M[0x91]V[0x1][0xbc][0x9c][0xda][0xee][0xde]Z[0xa9][0x5]t[0x5]j[0xcf][0xfe][0xcf][0xff]^N*[0xdf][0x2]2[0x1]j)[0x8d]{[0xbb]k[0xa5][0x11][0xd1][0x15]i[0x94][0xe][0xb4]T\[0xf2]3[0x1a][0xf9]H[0xf1]d[0xc1][0x80][0xe3][0x9][0x88][0xab][0xc5][0x87]K[0xc] 89[0x6][0xa8]Sb[0xc0][0xe6][0xdd][0xa1][0x82][0x82][0xff]T[0xd0][0x95]u[0xac]X/'[0x8a][0x8c][0x0][0xb3][0x8f]@|yc#[0x5][0x5][\r][0xcb][\n]"
DEBUG wire -  << ",s[0xfe]:[0xeb][0xf5]k:e[0xbf][0xe6][0x95][0x9a]mXAs6)[0x81]D[0xe7]E[0x96][0xba][0xac];k[0x18][0xc3]ja[0xb1]1C[0x80][0xc9][0x83][0xfc])[0xab][0xaa][0x9b]A[0xe]f[0xf9]%R[0xd4]A[0x9b]%U\[0x9a][0xdf][0xbb][0xdf][0xd9][0xc4][0x95]s[0xab][0x97][0xf7][0xde]Zu[0x19][0xa2]+5[0x2]"|;!_V6@[0xc0][0x19][0xa9]$>+T[0x19]32:[0xab][0xc4][0xbe][0x87]-[0xdc]D[0x95][0x85]lb[0x2][0x10][0xbc][0xb1][0xec]4!<[0x83]G[0xcb][0xb][0xca]Y[0x1f][0x16][0x3][0xbe],[0xbe]S[0x1]Z[0xce][0x3]+[0xc4]y[\r]5[0xb1][0xa2]&G[\n]"
DEBUG wire -  << "[0x1f]=I[0xf1][0xa3][0xa7][\n]"
DEBUG wire -  << "[0x84]#[0x1a][0xc3][0xb][0xbd][0xee]k[0xaa][0x17][0xc9][0xd1][0x82]Y[0x8e]br[0x1c]N[0xb4][\n]"
DEBUG wire -  << "[0x9c]g[0xf8][0x8e][0xd1]i[0x13][0xf5][0x14][0xe][0x87][0x1c][0xdc][0xd3][0xe][0x11][0x9b][0xe3][0xe5][0xf4][\n]"
DEBUG wire -  << "[0x14][0x19]wfs7[0xb3][0xaf][0xac]d[0xbe][0xd3][0xc7][0x1d][0xd5][0xf0][0xd2][0xef]B[0x8d][0xa5][0x15][0xaf]Z[0xc6][0xbb][0xf9][0x5][0xcd]i[0xec]5[0xee]=[0xc3][0x91][0x9d]I[0x8b][0x9f][0xde][0xe5]d[0x86][0xf1][0xf9][0x9d][0xa1]>[0xf8][0x1a][0xff][0x91][0x6][0xcc]@P[0xa3][0x83][0x93][0x1f][0xcd][0x3][0xad]D[0xe5]F[0x91]L[0xf1][0xa5][0x98][0x88]@<[0xa6].[0xae]L[0xd7][0xf2][0xfe][0xce]z-[0x9f][0x19][0x9b][0xcb][0xaa]L2[0x81][0xf5]Q4[0xc8][0xee][0x87]28@[0xf3][0xfe][0xcf][0xbe]D[0xab][0xbf][0xe2]`[0x82]9[0x9c][0xa2][0xef][0xaa][0x13]RY[0xff]u[0xb3][0x9][0x90][0xf1][0xd6][0xd1][0xdd][0xce]"[0x86][0xae][0xda][0x82]&GGbBI[0xa1][0x13][0x87]L[0x89]#[0xa4][0xf0][0xa3][0xb7][0x98])[0xc4][0xf9]@[0xd1]%@1[0xd8][0xcb][0x87][0xcd]<[0x95][0x8f][0xc2][0x15]sN[0x1a][0x91]G[0xe9]k[0xb8]6Y[0xe0][0xc5][0xaf][0xca][0x8f]CM^[0xec][0xb6]':y0[0xe]c[0xab][0xdd][0xbe][0xde][0xed][\n]"
DEBUG wire -  << "T[0xf0][0xf8](T{[0xbb][0xfb][0xd7][0x9d][0x9d]}[0x81][0xb][0x9e]'[0x9a]`)[0xf0][0xb8][0xb8][0xb9][0x13][0xe8][0xc5][0xcd][0x9d][0xc0][0x82]+[0xa8]L[0xbc][0xe1][0x17][0x94][0xc3]V$[0x82]~[0xa1];[0x8f][0x1e]vh4[0xe8][0xc3][0x82][0xf2][0xab];=Z;Z[0x98]5[0xe7]7[0x8c][0xbb]G[0x8f]8k[0x1a]d[0xad][0xbb]D[0xd6][\n]"
DEBUG wire -  << "[0x12][0xb6][0xf3]P[0x9][0xb]&[0x81]lI[0xa4][0xa4][0xb3][0xd7]}[0x90],[0x4][0x13])P/[0x1e]#P[0x80]D[0x88][0xd2][0xde]n.J[0xf][0xc3][0xd2]iw[0xb7][0xaf][0xbb][;[0xb2]I[0xf0]R/[0x92][0xd8][0xd8][0x82]L[0xca][0xd7]y[0xa1][0xbc][0xc7][0xe9][0xe1]%I[0xcc][0xbe][0xd8][0xc][0xc7][0xc0]\{[0xdc]bA[0xcb][0x11][0xc5]Pec1<g[0xc8]Rj[0xbc][0xe5]s[0xdb][0xb0]\[0xe]![0xc7]}O G[0x9].[0x9e]B^[0x1e][0xe]-P[0xf8]`F[0xf1]d=[0xd3].[0xbb]t[0xdf]R[0xf1][0x1][0x1c][0xf4][0xb4]+[0xb1][0xfe][0x9]X[0xdd][0x9e]#[0x9a](I[0xed][0xa1]YX@S[0xf5]`sIG[0xed][0xe1][0xe6]#x[0xe0]b[0xf4][0x82]A[0xe0][0xae][0xe5]zn2Et#y[0xc6]!I&![0x91]5r[0x9d][0xe0]@[0xc1][0x1d]HD[0xe1][0xc2]F[0xe5]i[0xa2][0x99]xY[0x5]P[0x80][0x8][0xf1][0xb8]op[0x87]|[0xa1][0x1f]x[0x92]:[0xd3]LQ[0xe0][0xb][0x8][0xc8][0xf3]g[0xfb][0xdd][0xce][0xde][0x1][0xcf]|Dr&[0x80]T[0xd7][0x99][0xe4]3[0x80][0x86][0x96][0xa7]&[0xa0]+[0x85][0xb1][0x1d]IH[0xfc][0xf0][0x8a][0xe1]_Q9[0xb0][\n]"
DEBUG wire -  << "[0x4]!b[0xb1][0x1b]:[0x2][0x1c]+W[0x87]K[0x8a][0xb6]@qvM}Nx[0xc4]lw[0xe8]2\Y+[0x92])[0xb6]P,q[0xe5][0xa0][0x11] [0xdd][0x9a][0x16][0x1b][0x89] [0x1f][0xc1]|[0xe2][0xfa]L[0xf5]e[\r][0xf8]d[0x16][0xd5]Si[0x12]]=[0x0][0xe3][0xa5][0xc9]-'[0x8a][0xbf][0xd9]G[0x89]a[0x18]&[0xb3][0xaf]R[0xea]M[0xfe]1,[0xf]\[0x92][0xfc][0xc5][0x1d][0xdd][0xf1]c[0xd2][0xec][0xa7][0xec][0xf4][0x8][0xa7]I[0xae][0xe5]6[0x14]R5V+[0x93][0xf7]*[0xb3]4[0xcf]WH#[0x11][0xee]s[0xc2][0xf5]}[0xb5]S[0xf8][0xfb][0xeb][0x9d]@[0xad][0xcc][0xe1][0xef]K?[0xfb][0x91][0xf3][0xf6][0xfb]k[0x9d]LBt[0xab][0x88][0xba]gp[0xd9][0xdd]_k8[0x8c][0xe8]VQx[0xff]Pr[\r][0x93][0x17]k[\n]"
DEBUG wire -  << "%[0xf7][0xf7]V[0xb6][0xef][0x11][0xc1]bw[0xad][0xd3][0xa3][0x88]n5[0xb5]w[0x89][0xc]k[0xb4]A4[0x15]Km[0xe5] [0x15][0x8f]J1[0xfc]&[0x14][0x0][0xf9][0xe]6[0xf2][0x8a]ya$[0xb5][0xdc][0x9c]e[0xcc]O[0x8f][0xc4][0x5][0xc][0x9a]\[0xec][0x13][0x84]C[0xe0][0x15]:[0xff][0x9f]1[0xf7][\r][0xe4]"![0xa5][0x88]tA[0x90]*[0xf5]F[0xf9]+c[0x16][0xeb][0x94][0xee][0xa2][0xa8][0x9c][0x8d][0xbd]y[0xd4][0xfa][0x91][0x1c]>=?yu[0xfc][0xf9][0xf8][0x9c][0xfc][0xd8][0xda][0xc0][0xa3][0xaf][0xa3][0xa1]8o[0x9f]G[0xd4][0xc7]3[0xed][0xc5]!*ZO{[0xb3][0xe9][0x93]q[\n]"
DEBUG wire -  << "~[0xde]SM[0xd7][0xae][0xa8][0x97][0xe2][0xb5][0xf]C[0xab][0xc3][0xba][0xdd][0xbd][0x17]CK[0x9c]P[0x8f][0xc5][0xe9]%[0xbd][0x1e][0xc8]>[0x11]x[0xf0][0xbd]pk[0xc5][0x82][0xf3][0xf0][0xa9][0xe3][0xbb][0xc1][0xd7][0x96][0xf8]c`[0x11][0xb4][0xce]P[0x11][0x1e][0xdb]6[0x8]B[0xd0][0xf0]X[0xdd][0x19]*[0xaa]O[0xea][0xb6])[0xf2][0xda]e[0x9e][0x3][0xa6][0x16][0xdc]a[0xbc][0x1c][\n]"
DEBUG wire -  << "A[0x99][0xf3]TSt[0xe0][0xa5]T[0xd0][0x1b]"p{<[0x1d][0x10][0xf4][0xe3][0x9a][0xfe][0x1][0xae][0x1a][0xe1][0x9e][0xeb] 5[0x90][0xec]S[0x1e][0x6][0x10][0xe1][0xe3][0xbd][0x16][0xb2][0xda][0xe3]Oo[0x6][0xaf][0x8f][0xdf][0x9f][0xfc][0xfe][0xf2][0xc3][0x89]z[0xb3]u[0xa9][0xc8]K[0xc]_[0xe3][0xe]h[0xad]7[0xa4][0x1e]g[0xba][0x86][0x7]mVR[0xc4]R%[0x84][0x1e]C5[0x1f][0x82][0x13]\{[0xad]ro!;L[0xed]1[0xe6]f'[0x6]k[0xbd]$N[0xa1][0x9c][0x1f][0xa2]2I}[0xf9][0xe][0x90]jY=^[0x6]"(>[0x1b][0x83]p[0x1]GAf[0xcf][0xc4][0xfe]Y-[0xaf]L[0xd7][0xc4][\n]"
DEBUG wire -  << "o[0xbc][0xfb][0x3]/[\n]"
DEBUG wire -  << "[0x83][0xe6][0xc8][0xf][0xa7][0x90][0xe1]v[0xf6][0x3]q[0xb5][0x81]L[0x80][0xa7][0x8f][0x9f]N[0xff][0x13]o[0xfc][0x88][0xd9][0x95][0x1b][0xa6]X[0xf8][0xfd][0xe9]}[0x86][0x94][0xf7][0x18][0xce][0xea][0xda][0xc7][0xb7][0xc7][0xbf][0xf][0xce]>[0x1f][0xc2][0xb4][0xb3][0x4][0xf7][0x17][0x88][0xfa]9[0xd4]O[0x1a][0x1f][0x9b]3[0x90][0xf][0x1f][0x5]D[0x18][0xcd][0x1][0xbc][0xfe][0xf2][0xf6][0xed][0xe0][0xec][0xe4][0xd3][0xe9][0xe9]{[0x0]y[0x8d][0xf1][0xa9][0xdc][0xf3]K[0x1a][0xaf]1[0xff][0xf3]o_[0xde][0xbd]<[0x83][0xac][0xcf][0xd8][0x80][0x80][0xba][0x1e]'[0x8d]_1[0xe7][0xe4][0xed][0x87][0xb3]S[0xc8][0x10]l#[0x8d]Snc[0xea][0xe9][0xa7]O[0x1f]>[0x9]p[0x96][0x9][0x6][0x8]P[0xb6][0xc5][0xc5][0x86][0xe0][0x5][0x4][0xc8]b[0xc4][0x13][0xe7]s[0x9b][0xe4][0xd0][0x8a][0xbf][0xb6][0x8e] [0xca][0xc2][0xdb][0x18]H[0x12]O[0xc1]{[0xc1][0x99][0x2][0xb1][0xc7][0xc7][0x4]Y[0x7][0xfe]Bi[0xec][0x3]d[0xc9]$[0x1a][0x8c](H[0x1f]J[0xc2][0x8d]&6[0xbb][0xbb][0xc8][0xc6][0xac][0xd3][0xe4][0x95][0x12][0xea][0x86][0x8]YHu[0x92][0xba][0x9a][0xa5].+r[0x86][0xf3][0xc9][0x90][0x8e][0xcb][0x93][0xc0]9[0xc2]<[0x0][0xb9][0x14][0xf][0xab][0x5][[0xb5][0xf5]k[0xb6][0x14][0xf6]k[0xcd][0xd2][0xe9][0xaf]j],[0x0]!b([0xc7][0xac][0xaf]-Y[0x9f][0x89]w[0xf0]a[0xc3][0xa5][0x98][0xa7][0xee]1[0x8c][0x84][0xec]T[0xf1][0xb7][0x9d]v [0x84]=[0x8]?1[0x9e]z[0x9]Gq[0x8][0x81][0xd5][0xe2][0x5][0xdc]+[0xdc][0xc2][0xb][0xfd][0x0][0x9e][0xac][0x4][0x80][0xfc][0x8e][0xca]V[0xb9][0xa0]x[0x19]I#[0xe1][0xb][0x8a]O[0xb6]4[0x8e]A[0x1e][0xbe][0xb1][0xa9][0xf0]B[0xd5]2[0x9]f[0x8a]Q[0x17]Lg[0xf5][0xfc][0xe0]T[0xea][0xb9][0x7]&4[0x15]g[0xcc][0x3]][0xc5][0xf0][0xca][0x9b]7hr[0xb8]z7[0xb3]![\r][0x1c][0x13]aV[0xde]J[0x90][0x9f][0x94][\r]<[0xd7]w[0x93][0x1][0xbb][0xb6][0x19]sD[0xe9][0xdf][0xc3][0x94][0x8c])8[0xcb]8;[0xef]G(aP[0x9d][0x0][0x86][0x7]p[0xa4][0x81]l[0xd4]R[0x8c][0x9b]R[0xb3]1U[0x9a][0xf]0@[0x93][0x8][0xb1]A[0x9c][0xa8]t[0xe1][0x14]C[0xd0][0xe6][0xfa][0xa9]O$[0x11]"[0x96][0x13]nx[0x92][0xdd]e[0x87][0xd8][0xfe]dq8[0xb0][0xa6][0x89][0xd8][0x94][0xc3][0x84][0xa4]C.>[0xa3][0x17][0x8f][0xd4]L[0xcd][0x92]8[0x83][0xc0][0x8f]Q[0x94][0x81][0x7][0x81][0xb8]VO[0x14]T[0x97][0xe][0x9d][0x85]1[0x1e][0x19][0x93][0xe4]8[0x84][0xc9]U[0x97][0xf0][0x81][0xf3][0xef][0xe3][0xd5]I[0x8e][0xa0][0x82]3[0xf0][0x19]0[0xa0][0x89][0x19][0xea]B[0xd1]4[0x80][0x1a][0xd0]` oV[0xaa][0x90][0x82][0x18]h@D[0xde]B[0x8a]0s[0xe0]3?[0x8c][0xa7]E[0x6][0xbf][0x13])$K[0xa9]+N[0xc4][0xe4])[0xba][0xf7]P[0xdf][0xc][0x97][0x3]aJ[0xc0][0xd1][0x5])[0xe2][0x13][0x84][0xc1][0xff][0x1e][0xae]6B[0x86][0xd2][0xa0][0xc4]qd[0xf5]"[0x1a][0xd5][0x92][0xb5][0x81][0xb8]2[0x11]p[0x1d][0x7][0xf2][0xf6]D[0x12][0xda][0xc2][0x89][0xca][0xc3][0x1e][0xd9]m[0xe6]B][0x2][0xe2][0xec]BX[0x18][0x8c][0x6][0x12]r [0xc7]2h*[0xb0]k[0x13][\n]"
DEBUG wire -  << "[0xf6][\r][0xf5][0xd4][0xd0][0x1d][0xa5][0xd2][0x89][0x92][0xd5][0xe4][0xf8][0x94][0xf]#[0xe3]6[0x16][0xe3]9[0x4][0xc2]x[0xb9]x[0x86]s[0x12][0x8a][\n]"
DEBUG wire -  << "[0x14][0xe2]Z[0x81][0xf5])[0xc4][0x8c][0x81]7[0xcd][0xc4][0xab][0x93]s[0xe][0xb5]I[0xde][0xbc][0xdf]>[0xfe][0xa8]j[0x9e]![0x1c][0x82][0xde][0x15][0x88][0xbe][0xc8][0xb2][0xf2][0x1d][0x1] [0x90][0x1a]T[0x81][\n]"
DEBUG wire -  << "[0xc][0x90]Y2^[0xcc]d#[0xbf][0x83][0xf1][0x87][0xce]?[0xb8][0x5][0x3][0x16]Z[0xa3][0x0]Y[0xfc]C[0xf7][0x1f][0xbc][0x82]W[0x8c]+[0xe7]>[0xc3][0x5][0xf2][0xf0]#[0xad]![0xaa][0xcb]0[0x93][0xc9][0x18][0xac][0x8a]8[0x93][0x4][0xfa][0x4][0xd4]qLT[0xe5]Bz[0xc2][0x9c][0x3]o>[0xcc][0xda][0x9f][0x9]}[0x9e]y[0x96][0x8d][0x82][0x1c]D[0xc]o[0x1b]?[0x4]{[0xb2][0xf9][0xaf][0xb1]V[0x99] y[0xa4][0xda][0x1]f[0x15]W[0xeb][0xcd][0xb8][0xa8][0x12]L[0xe9]u[0xa0]p@[0xde]+[0xf5][0x4]f'N[0x3]{,[0xcc][0x8b]v[0x92]=M[0xbb][0xed][0xee][0xae][0x10]K[0xd4][0xc7][0x88][\r][0xc3]v[0xa1][0x80][0xb0][0xe1] [0xb]|[0x8c][0x18][0xe5][\r][0x9f]9[0xff][0x1][0xe][0x8b]v[0xec][0x1f][0xb8][0xf8][0xeb][0x80][0x2][0xe3][0xaa][0x1f][0xb1][0xac][0x12][0xde]L[0x13][0xe2]~[0x89]A[0xb6]1Ea[0x11][0x1a]QHh[0xec][0xbf][0xe3][0x88][0xf1][0x18][0x4][0x17][0x18]Ix[0x1a][0xb3][0x9f]s[0x9a][0x6]B[0xb7][0xfd][0x8e]s[0x1c]2[0x81][0xb8][0xe8]-H[0x8e][0xc8][0xcc][0xf7][0xa1][0xae]8$[0xf3][0x82]0[0x10]n[0x9f][0xb5][0xbf][0xb3]E[0xbb][0x96]cu![0xf1]q~\[0xa6][0xcb][0xef]f4k[0xb1][0xfc],[0xc8][0xea][0xef][0xec]u[0xdb][0xfb];m[0xcb][0xde][0xd1][0xc4]m)|<[0xe0][0x93][0xe1]`5[0xd2][0xf2][0xd5]O[0x19]A[0xb3]'S 3[0x1][0x99][0x14][0xa3]D[0x18][0xfb][0xf3][0x1b][0xb9]*[0x15][0xf9][0x8b]a[0x82][0xf0][0xc1][0x94][0xc8][0x9b][0xad][0x94]r[0x83][0xcc][0x1f][0xb5][[0xf0][0xe2][0xe4]j[0x4][0x9a][0xb9][\r][0xe2][0xde]8P[0x8][0x8c][0xfa][0x83][0xac][0xfd]2}B[0xe3]@[0xca][0xc1];5n[0x2]p[0xa8][0xe4]t[0x97]0U[0xa8][0xd7][0xed]1[0xfa][0xd5] [0xf6]h[0xa5]2[0x91]GWJ[0x8c][0xa4]if[0xf6][0xd4][0x90]rJ[0xc3]Q[0x80][0x88]A([0xd4][0xcf][0xbc][0x1e]D[0xa9]D[0xf3][0x92]#[0xfe]}[0xe][0x1f][0xda][0x8b][0xc0][0x6][0x9b][0x84]1En[0x8f][0xea]P[0xdd][0xfe]-[0xa8][0xb][0xea][0xbf][0xad][0xa0][0xae]!N[0x95][0xfa][0xdd]g[0x9c]K[0xdf]K[0xd5]<t[0xaf][0xe5][0xd4],f[0xb]/X|9[0xc5][0xab][0x88][0xea][0x85][0x17][0xaf]7[0xce][0x1d]R[0xdc][0x85]%[0xb9][0x92]193[0x8]s[0x17]Fk[0xd9]][0xd0]P[0xac]p3[0xb4][0xf4]r[0xc4][0x8d][0xcf][0x90]Q[0xbe][0x2]ZN'[0xa8][0xdb][0x9e]e[0xb1][0xfc][0xae]g[0x1c][0x94][0xa9][0xdc][0x95][0x85]$*t[0xe8][0x13][0x1];[0xc0][0x3] [0x10][0xd2][0x8][0xbf][0xcc][0x91][0x9e][0x84][0x98][0x97][0x10]6[0x8c]z[0xe2]Z#[0x8][0xea][0x94]y[0xaf][0xb5]a[0xff]F[0x1c][0xcf]4[0xd0]Yj[0xcd]k/[0xf1]0[0xc1][0x93][0xec][0xa1]"[0xa5][0x99][0x84]/[0x93][0xcd][0xfb][0xe3]n[0xde][0xec]>[R[0xa3][0xeb][0xe6][0x14]\[0x89]][0xa5][0xd2][0xc8][0xb2][0x8][0x8f][0x94][0xc8][0xa7]eT[0x93]Od[0xbd][0xbf]c[0xbd]'[0xb2]^[0xf0]+[0x8f][0xe5][0xf9][0xf1][0x1f][0xc5]4[0xbb][0x1b][0xf3]D[0xcc][0xd0][0xcc]68[0x8d]tKwf[0xd7][0xbd][0xe1][0xba][0x81][0xef][0xdf][0x97][0xdf][0xd9][0xa6][0xbf][0xea]k[0xb3]+[0xac]4[0xfd][0xb4]_{[0xff][0xd5][0xeb]~[0xcd][0xcd][[0xbf][0xf6][0xb5][0xea][0xa5][[0x9a][0xfe][[0x1f][0xc2][0xde][0xcf][0x10]#@4~P[0xb8][0x86][0xae]y[0xf3][0x8f][0xb7][0xc7]/M[0xd9][0xf6][0xc6][0x1d]69^f[0x1b]a[0xb3]][0xc7][0x10][0x9e]7[0xcd][0x9]u[0x93]F[0xf3][0x11]h[0xc][0xdf][0x1d][0xc5][0x18][0xb2][0xca]{![0xef][0x81][0xb2][0xba][0x1]6rc[0xb1]7H[0xec][0x82][0x95][0x97][0xd2]`mj'[0x10][0xce][0xf9]I[0xfc][0xf7]F[0xbc]h+3 [0xb7]\[0xcf][0xc3]M[0xf0][0xc0]w[0xdc][0xca]y[0xc7][\n]"
DEBUG wire -  << "j[0x98][0x91][0xba][0xe2]R[0xce][0xc7]s[0xe1][0x81][0xbb][0xc6][0x1f]C8[0xa8]7[0x16][0xb9][0xf6]7[0x88]+[0xee]M~=Fu[0xb7][0xc6][0x9a][0xb0][0xf9]a[0xca][0x1f][0xc0][0xd9]zdb:[0xef][0x91][\r][0xcd][0xbc][0xc][0xa0][0xec][0xda]}$e9[0xae][0xdc]uY[0xf]:P4[0x8e][0x7]^[0xcf][0xe3]%[0xb2]nc[0xfa]eqW=~h[0x95][0xf2][0x83][0xe3]([0xc][0x1e]-[0x90][0x1c][0xaf]>[0xb1][0xbc]5[0x8c][0xa6][0x5][0xb4]W9[0xbd].[0xbc][0xa5][0x83][0x11][0xd6][0x8c][0xfe].g[0x1]<[0x8c][0xf1][0xea]Jd#f[0x91]7}[0x0][0xd5]+n[0xee][0xba][0xac]^[0xdc][0xb5][0x6][0xec][0x80]S"x[0xb4][0xac]E!w[0xd1][0xa4][0xae]MY[0xe1][0xf1][0xa1][0x8f][0xc2][0x85][0xe]][0xa7]3][0x17]A[0xb4]0[0x19][0xfe]8n[0xf1]t4[0xc2]#[0x12][0x1e]![0xd7][0x8b]-q[0xd1][0x8f]{[0x88][0x1d][0x16][0xf7]T[l6[0xa8][0xf]nk[0x14][0xb6][0x9a][0xbb][0xc3][0x86][0x98]R[0xd7][0xdc][0x80][0xd8][0xe2][0xf5][0xa9]}[0xde][0xbe]h[0xde][0xfc]6[0xdb]jn[0xda]8A[0xcb][0xf4][0xee]Nv[0xcf][0xf3][0xad][0xdd]G(q[0xef].]|[0xe3][0xaf][0xce][0xfa][0xe2]{[0xca][0x1]5[0xe5]=[0xa8]}z~z[0xd1]/W[0xdf][0xa0][0xe7][0xaf].[0x9e]?[0xc7][0xdf]O[0xfb][0xfd][0xd9][0xb5][0xa7][0xb3]$[0x19][0xaa]i[0xcd][0xef][0xdf]Y[0xf3]F[0xdd]`,[0xbf][0xd3][0x94][0xf1][0x6][0xa9][0xe7][0x1d][0xb0]>F[0x9f][0x7][0xe0][0x9][0xde][0xaa][0xcd][0xec][0xf7][0xea][0x7]q31[0x9e][0xdc]4[0xfb][0xe6][0xca][0xb][0xdd][0xe1]Q[0xab]x[0xd3]7[0x9e][0xa7][0xb3][0xa5][0x1d][0xd8][0xd5][0x1d][0xf2][0xb6])[0xfc]fq?q[0xf3][0x16][0xef][0xcc][0x86][0x86]Z[0xd0][0x9c][0xbe] [0xf2][0xf9]s[0xeb][0xfc]W[0xe0][0xb1]H[0xd1][0xb2][0x89][0xbd][0x3]Ll[0xbc][0xd6][0x9d]"[0x83][0xf0][0xe6]W[0x9c][0x17],[0xdf]9[0xb]@[0xba][0xe0]@[0xf3]@[0xe2][0xc8][0xb9]v[0xab][0xd2]oo[0x9b][0xf2][0xd2][0xee]l[0xfd]B[0xf3]`[0xa3][0xf5]#[0xb9][0xb8]8"?[0xb6][0xf2]m[0xf2][0x87]-[0xdc][0xef].[0xf6][0xbf]'[0xbe][0x87][0xfb][0xdf]q[0xdb][0xfc][0xab]i@}[0xd7][0x96][0x1b][0xd0][0xd5][0x19][0x1f]r[0xb2][0x15]O[0x97]~A[0xe4]Ac[0xdc][0x94][[0xe7][0xb1][0xc4][0x89][0x8]x[0xaa][0x5][0xac])[0xf9][0xe7]G[0xe3],[0x8d]@[0xb4][0x5][0x4][0x1][0x17][0xbd][0xdb][0xee][0xbc]0[0xda][0x1d][0xa3][0xb3]M:{[0xbd][0x9d][0xdd]^gO[0xe0][0x91][0x88]8[0x2]C8[0x84][0xc0][0x90][0xfa][0x1][0x12]6<:W[0x8a][0x0][0x0]"
DEBUG RequestSpecificationImpl$RestAssuredHttpBuilder - Parsed data to instance of: class org.apache.http.conn.EofSensorInputStream
DEBUG RequestAddCookies - CookieSpec selected: default
DEBUG RequestAuthCache - Auth cache not set in the context
DEBUG PoolingHttpClientConnectionManager - Connection request: [route: {}->http://localhost:2064][total kept alive: 2; route allocated: 1 of 2000; total allocated: 2 of 2000]
DEBUG PoolingHttpClientConnectionManager - Connection leased: [id: 1][route: {}->http://localhost:2064][total kept alive: 1; route allocated: 1 of 2000; total allocated: 2 of 2000]
DEBUG MainClientExec - Stale connection check
DEBUG wire - http-outgoing-1 << "[read] I/O error: Read timed out"
DEBUG DefaultManagedHttpClientConnection - http-outgoing-1: set socket timeout to 10800000
DEBUG MainClientExec - Executing request GET /session/e9c2f5b492893b90288674161d6e7d46/element/0.01484094461664287-17/attribute/href HTTP/1.1
DEBUG MainClientExec - Target auth state: UNCHALLENGED
DEBUG MainClientExec - Proxy auth state: UNCHALLENGED
DEBUG headers - http-outgoing-1 >> GET /session/e9c2f5b492893b90288674161d6e7d46/element/0.01484094461664287-17/attribute/href HTTP/1.1
DEBUG headers - http-outgoing-1 >> Cache-Control: no-cache
DEBUG headers - http-outgoing-1 >> Host: localhost:2064
DEBUG headers - http-outgoing-1 >> Connection: Keep-Alive
DEBUG headers - http-outgoing-1 >> User-Agent: Apache-HttpClient/4.5.3 (Java/1.8.0_161)
DEBUG headers - http-outgoing-1 >> Accept-Encoding: gzip,deflate
DEBUG wire - http-outgoing-1 >> "GET /session/e9c2f5b492893b90288674161d6e7d46/element/0.01484094461664287-17/attribute/href HTTP/1.1[\r][\n]"
DEBUG wire - http-outgoing-1 >> "Cache-Control: no-cache[\r][\n]"
DEBUG wire - http-outgoing-1 >> "Host: localhost:2064[\r][\n]"
DEBUG wire - http-outgoing-1 >> "Connection: Keep-Alive[\r][\n]"
DEBUG wire - http-outgoing-1 >> "User-Agent: Apache-HttpClient/4.5.3 (Java/1.8.0_161)[\r][\n]"
DEBUG wire - http-outgoing-1 >> "Accept-Encoding: gzip,deflate[\r][\n]"
DEBUG wire - http-outgoing-1 >> "[\r][\n]"
DEBUG wire - http-outgoing-1 << "HTTP/1.1 200 OK[\r][\n]"
DEBUG wire - http-outgoing-1 << "Content-Length:103[\r][\n]"
DEBUG wire - http-outgoing-1 << "Content-Type:application/json; charset=utf-8[\r][\n]"
DEBUG wire - http-outgoing-1 << "[\r][\n]"
DEBUG wire - http-outgoing-1 << "{"sessionId":"e9c2f5b492893b90288674161d6e7d46","status":0,"value":"http://pros.unicam.it/contact-us/"}"
DEBUG headers - http-outgoing-1 << HTTP/1.1 200 OK
DEBUG headers - http-outgoing-1 << Content-Length:103
DEBUG headers - http-outgoing-1 << Content-Type:application/json; charset=utf-8
DEBUG MainClientExec - Connection can be kept alive indefinitely
DEBUG PoolingHttpClientConnectionManager - Connection [id: 1][route: {}->http://localhost:2064] can be kept alive indefinitely
DEBUG PoolingHttpClientConnectionManager - Connection released: [id: 1][route: {}->http://localhost:2064][total kept alive: 2; route allocated: 1 of 2000; total allocated: 2 of 2000]
DEBUG BasicClientConnectionManager - Get connection for route {}->http://pros.unicam.it:80
DEBUG DefaultClientConnectionOperator - Connecting to pros.unicam.it:80
DEBUG RequestAddCookies - CookieSpec selected: ignoreCookies
DEBUG RequestAuthCache - Auth cache not set in the context
DEBUG RequestTargetAuthentication - Target auth state: UNCHALLENGED
DEBUG RequestProxyAuthentication - Proxy auth state: UNCHALLENGED
DEBUG DefaultHttpClient - Attempt 1 to execute request
DEBUG DefaultClientConnection - Sending request: GET /contact-us/ HTTP/1.1
DEBUG wire -  >> "GET /contact-us/ HTTP/1.1[\r][\n]"
DEBUG wire -  >> "Accept: */*[\r][\n]"
DEBUG wire -  >> "Host: pros.unicam.it[\r][\n]"
DEBUG wire -  >> "Connection: Keep-Alive[\r][\n]"
DEBUG wire -  >> "User-Agent: Apache-HttpClient/4.5.3 (Java/1.8.0_161)[\r][\n]"
DEBUG wire -  >> "Accept-Encoding: gzip,deflate[\r][\n]"
DEBUG wire -  >> "[\r][\n]"
DEBUG headers - >> GET /contact-us/ HTTP/1.1
DEBUG headers - >> Accept: */*
DEBUG headers - >> Host: pros.unicam.it
DEBUG headers - >> Connection: Keep-Alive
DEBUG headers - >> User-Agent: Apache-HttpClient/4.5.3 (Java/1.8.0_161)
DEBUG headers - >> Accept-Encoding: gzip,deflate
DEBUG wire -  << "HTTP/1.1 200 OK[\r][\n]"
DEBUG wire -  << "Date: Mon, 14 Jan 2019 17:23:56 GMT[\r][\n]"
DEBUG wire -  << "Server: Apache/2.4.18 (Ubuntu)[\r][\n]"
DEBUG wire -  << "Vary: Accept-Encoding,Cookie[\r][\n]"
DEBUG wire -  << "Cache-Control: max-age=3, must-revalidate[\r][\n]"
DEBUG wire -  << "Content-Encoding: gzip[\r][\n]"
DEBUG wire -  << "Content-Length: 9935[\r][\n]"
DEBUG wire -  << "Keep-Alive: timeout=5, max=100[\r][\n]"
DEBUG wire -  << "Connection: Keep-Alive[\r][\n]"
DEBUG wire -  << "Content-Type: text/html; charset=UTF-8[\r][\n]"
DEBUG wire -  << "[\r][\n]"
DEBUG DefaultClientConnection - Receiving response: HTTP/1.1 200 OK
DEBUG headers - << HTTP/1.1 200 OK
DEBUG headers - << Date: Mon, 14 Jan 2019 17:23:56 GMT
DEBUG headers - << Server: Apache/2.4.18 (Ubuntu)
DEBUG headers - << Vary: Accept-Encoding,Cookie
DEBUG headers - << Cache-Control: max-age=3, must-revalidate
DEBUG headers - << Content-Encoding: gzip
DEBUG headers - << Content-Length: 9935
DEBUG headers - << Keep-Alive: timeout=5, max=100
DEBUG headers - << Connection: Keep-Alive
DEBUG headers - << Content-Type: text/html; charset=UTF-8
DEBUG DefaultHttpClient - Connection can be kept alive for 5000 MILLISECONDS
DEBUG RequestSpecificationImpl$RestAssuredHttpBuilder - Parsing response as: text/html; charset=UTF-8
DEBUG wire -  << "[0x1f][0x8b][0x8][0x0][0x0][0x0][0x0][0x0][0x0][0x3][0xed]}[0xe9]z[0xdb]8[0xb2][0xe8][0xef][0xf8])`f[0x12]K[0xdd]$%j[0xb1]e9r[0xda]q[0x9c][0xee][0x9c]/[0xdb][0x17]'=[0x93][0x93][0xe4][0xe8][0x83]HH[0xa2][0xc3][0xad]I[0xca][0xb6][0xda][0xf1][0xbb][0xdc]w[0xb8]op[0x9e][0xec]T[0x1][0xe0]*jq[0xac][0x99]s[0xe7]~[0xed][0xee][0xd8]$P([0x14][\n]"
DEBUG wire -  << "[0x85]Z[0xb0][0xf1][0xc9][0xee][0xf3][0xb7][0xa7][0x1f]>[0xbd];#[0xd3][0xd8]u[0x8e]w[0x9e][0xe0][0x1f][0xe2]Po2P[0x98][0xa7]}<WH[0x10][0xb2][0xb1]}=P[0xfc]I[0x1f][0x80][0xe2][0xa0][0xdf]h[0xf8][0x93]@wY[0xc3][0x8b][0x1e]*[0xc7];P[0x86]Q[0xeb]x[0xe7][0xc1][0x13][0x97][0xc5][0x94][0x98]S[0x1a]F,[0x1e][0xec]}[0xfc][0xf0]B[0xeb][0xed][0xa5][0xe9][0x1e]u[0xd9]@[0xb9][0xb4][0xd9]U[0xe0][0x87][0xb1]BL[0xdf][0x8b][0x99][0x17][0xf][0x94]+[0xdb][0x8a][0xa7][0x3][0x8b]][0xda]&[0xd3][0xf8][0x8b]Jl[0xcf][0x8e]m[0xea]h[0x91]I[0x1d]60[0x14][0xc4][0xe2][0xd8][0xde]7[0x12]2g[0xa0][0x4][0xa1]?[0xb6][0x1d][0xa6][0x90])[0x90]6P$Q[0x13]7[0x98][0xe8]~8i\[0x8f][0xbd][0x86][0xc1][0xcb]<x[0x12][0xdb][0xb1][0xc3][0x8e]O[0xa1].j[0xc6][0xe4]cD4[0xf2][0xee][0xfd][0xdb]s[0xfc]e[0xb2](b[0x11][0xa1][0x9e]E[0xce]Y[0x88][0xb5]G[0xe4][0x15][0x1d]=i[0x88]2;$[0xf7][0xf3]$2C;[0x88]I<[0xf][0xa0][0x11]1[0xbb][0x8e][0x1b][0x17][0xf4][0x92][0x8a]T[0x85][0xd8][0x16]4#[0x98][0x8d]5d[0xdc][0x8c]N[0x98]&s[0x8a]X[0xf0][0xe7][0x92][0x86][0x84][0x85][0xa1][0x1f][0xe][0xa3]8[0x1c][0xfa][0xa3][0xb]2 7[0xb]P[0xf8][0xb3][0x17][0xb2]?fv[0xc8][0xac]=[0xd2]'{vD[0xd2]w[0xb5][0x1a][0xde][0xb5]#[0x97][0xc6][0xe6][0x94][0xc3][>4[0xc7][0xf3]c"[0x92][0x96][0x14][0xb9][0xa4][0x8e]m[0xd1][0xd8][0xf6][0xbd][0xa4][0x12],[0xc2]S[0xf7][0x16]J[0xdc][0x16]Y[0xd2][0x10]m,6q[0xe7][0xc9][0xae][0xa6][0x91][0xf]S[0xc0][0x14][0xd9]1#[0xf0][0xd7][0xf]b[0xdb][0xb5][0xff]d[0x16][0xb9][0xb2][0xe3])[0x89][0xa7][0x8c]|[0xf2]i[0x14][0x93][0xf3][0xb3][0xb7]$pf[0x13][0xdb]#[0x97][0x87]z[0x7][0xba][0x6]{2[0x82][0xae][0x9c]c[0xbe]n[0xfa]n[0xe3][0xca][0xf]-[0x10][0xc0](j[0x8][0xc8][0xa8][0x11]1[0xbf]A4[\r]D5[0x13][0x8][0x93]z[0xbe]g[0x83][0xac][0x94]D[0x2][0x4]%[0xd2]g[0x98][0xe3][0xea]v[0xdc]0[0x85][0x18]h[0xb3][0xa8][0xa1][0x90][0x6]`[0xe0][0x82][0x9]@[0x1][0xb][0xe3]9[0x97]p[0xc7]G[0x89][0xcb]I'[0xf3][0x86]8[0x8][0xaa][0xa1]Q[0x1c]r[0xb0]4[0x8c]m[0x13]K/[0x81]F[0xb9][0xca][0x81][0xdf]E*[0x97][0xe1][0xb4][0x98][0xe8][0x5][0xe8][0xc1][0x1c][0xe6][0x17]6[0x14][0x7][0xb4]4[0xe6][0xec]~;[0x1e][0x3][0x9e]]@([0x93][0xc9]kj;[0xbb][0xa2][0xce][0xc7][0xf]{-[0xc3]8ZQ7y[0xe7];>y[0xe9][0x8d][0xfd][0x10][0x84][0xc9]6}^[0xa6][0xd5]<:[0xa5][0xa1]C[0xc9]+[0xdf][0xf2][0x1][0xd6][0xe6][0x89][0x80][0xe8]w[0x1b][0xf1][[0xbe][0xe7]Qb1[0xc7]a[0x4][0xe0]L[0x16][0xda]*9T[0xc9]~[0xab][0xd9]n[0xa9][0x90][0xe4]B[0x8a][0xe7][0x93][0xda][0xeb][0xd3][0xfa][0xff][0x9f][0x84][0x88][0x97]1u[0xe6][0xd8][0xc2][0xe8][0x97][0xb4][0xdb][0xc8]G[0xcf][0xbe]d![0x88][0xd3][0x9c][0xf8][0xe3][0xac][0xe4][0xb9]9[0xf5]}[0x7][0x93][0xce]M[0x9b]y&[0xe3][0x84]`[0xe6][0xd4][0x3]z's[0xa8][0xc4]w[0x83]Y[0xcc][0xc2][0x14][0xe0][0xb9]}iG[0x9c]U[0xd5][0xdc][0x9c][0x85]N[0x8e][0x8b]?,D([0xf9]C[0xd4]w9d[0x9b][0xf7][0xaf]P[0x94]1[0xc][0x16] [0xbd]o[0xd2][0xd0][0xca][0xa1][0x89]f[0xae]K[0xc3][0xf9]R[0xf0][0xbf][0xe4][0xe1][0x9e][0xf2]Pd[0xe7][0xfd][0x87]l[0xde]p[0xec][0xd1] p[0xa0][0x15][0xd8];[\r][0xc7][0xfa][0xf9]"[0x2][0xbd]{|[0xa3][0xfc][0xc2][0xf1]_[0xc7]J_I4`dN[0x99]K[0xd1][0x9c])[0xaa][0xf2][0xb][0xd7]3}[0xe5]m8[0xa1][0x9e][0xfd]'/[0xf][0xc9]([0xad][0xfd]%R[\n]"
DEBUG wire -  << "[0xd9][0x11][0xb4][0xe4]$R[0xfa][0x9f]S[0xa4]WWW[0xfa][0xdc][0x9f][0xc5][0xb3][0x11][0xe3][0xca][0x15]L[0xb5][0xe7]1[0xa7][0xf1][0xf1]tx[0xfa][0xc7][0xf5][0xeb][0xf8][0xf9]8[0xfc][0xf5]?[0xaf][0xde]N[0xfe][0xf3][0x8f][0xd1][0xa8][0xc9][0xfc][0x89][0xf2][0x15][0xea][0xb6][0xad][0xa5][0x95]<[0xf4][0x8b][0x4]q[0x91][0xef][0xaf][0x15]uU[0x81][0xee][0xf0][0x1]P[0xb9][0xcd][0x8c][0x8][0xb7][0x1b][0x8d][0x5][0xcb][0xa0]sU[0x9f][0xd3][0xf5]{[0x96][0x17]i[0xe8][0x92]0n[0xe9][0xb8][0xba][0xdf]k4\zmZ[0x9e]>[0xf2][0xfd][0x18][0xec]*[\r][0xf0][0x5][0x9a][0xb8][0xc7][0xfb]`][0xe1]1[0xb0]?[0xd2]'[0xbe]?q[0x18][\r][0xec]h[0xf3][0x92][0x91]~[0x85]}T[0x2]V[0xa8][0x3][0xc2][0xe3][0xd1][0x18]DGx[0xc][0xf9][0x8e][0xf][0xa3][0xe8][0xe7]k[0x17][0x14][\r][0x17][0xae][0xb5][0x9a][0x81]<[0xe][0xe9][0x1f]3[0xff][0x88][0xbc]`[0xcc]Zm[0xdf][0xc6][0x0]![0x95][0xd2]?[0x99][0x16][0x18]I.[0xc][0x88]h[0x3][0xa2]L[0x9][0x9a][0xa3][0xe][0xfc][0xb2][0x95][0xfe][0x14]B<[0xb8][0x2][0x9d][0xe5]_[0xe9][0xc3][0xab][0x80][0xb9][0xfe][0x85]}[0xce][0xe2][0xd8][0xf6]&[0x11][0xba]K[0xca][0x88]F[0xec]c*[0xfd]Q[0xff]K[0xe3]K[0xd2][0x15]_[0x1a][0xb6][0xb][0xe]X[0xf4][0x5]*[0xe][0xd9][0x97][0x6]/[0xfc][0x5][0xfc][0xc1]/[0x8d][0x83][0xd6][0xf5]A[0xeb][0xb][0xe][\r]1[0xd6][0xf4][0xc0][0xc3][0xd1][0x15]]N[0xee][0x8e][0xb][\n]"
DEBUG wire -  << "qL[0xf0][0xf7]L [0x83]'|[0xf7]g[0xa0][0xdb][0x94][0xfe][0x8d][0x2]c[0x1a][0x98][0xcc][0x8b]$[0x3][0x8]Q[0x17][0xb9][0xf3][0xa5]q[0x15]h[0xb6]g:3[0xb][0xab][0xb9][0x88]x[0x2]/[0xa4]A[0xef]1h[0xa7][0xee][0xc2]([0xb8][0x88][0x9e][0x82][0xca][0x1b]t[0xf5][0xa6][0xde]Rno[0x8f][0x90]A[0xbb][0xe3][0x99]gb/[0xd6][0xa8]:R[0xcd][0xfa]M[0xf2]N,L[0xa9][0xdf][0xa0][0xab]i[0xe][0xce]c[0xd0][0x8e][0x13]}[0x1c][0xfa][0xee])[0xb8][0xe6][0xa7][0xbe][0xc5][0x8e][0x1c][0x1d][0xdc][0x14][0x1a][0xbe]gf\k[0xaa]M[0xf5][0x9b].[0xfc][0xee]o[0xfa][0x94][0xd9][0x93]i\W[0x1d][0x1d]<l[0xe7][0x3]0[0xaa]f[0xea](1[0xf3]Z[0xc]N[0x9d]J[0xeb][0x0][0xde][0xac][0x1f]!nk[0xf0]M[0x8f][0xfd][0xe7]4[0xa6][0x1f][0xdf][0xbf][0xaa][0xd5][0xef][0x81]u[0x94][0xc3][0xca]JXC[0x16][0xcf]Bh[0xd3]`0`[0xb7]i[0x13]Y[0x8d][0x8a][0x6][0x8e][0x8e][0xec]qm[0xd7][0xf9][0xfe]}7C^[0x17]ev[0x8d][0xa3][0x8][0xf4][0xb8]9[0xad]9:[0x8a][0xd8]3[0xe0]&[0x8c][0xb][0x14]8?P[0x90][0x18][0x1f]u[0xfa]~[0xb3]I[0xda][0xad][0xe0][0x9a][0x9c][0x84][0x10]r([0xd0][0xc4][0x1b][0x13] [0x95][0xb1]C'J_[0xa2][0xaa][0x8d][0x6]V[0xed]s[0xb7][0xdb][0xee][0xee][0xab][0xdd][0xfd]^[0xb]~'[0xcf][0xc6][0xe1]W[0xb5][0x90][0xd3][0x3][0x93]V[0xc8][0xae][0xd7][0x1f]?. 8h[0x83][0xcd][0xeb][0xee][0x1b][0xad][0x1e][0xfc][0xee][0xb4][0xda][0xd9][0xb3][0xd1][0xcb][0xa5][0x1b][0xd9]s[0xbb]Y[\r][0xdf]9[0xc8]*[0xe7]XE[0xe5]9[0xd0]b[0x2][0xe0]/A[0x18][0xa5][0x4][0xa8]i[\r][0xe][0xa8][0xb3][0xae][0xee][0x8e][0xea]G[0x9c]MR[0xc2]e7[0xa5][0xad]D[0xc8][0x83][0xfd][0xa6]zxp[0xd8]R[0xf7][0xbb][0xcd]v[0xc2][0xa5]$[0x83][0xe3][0xcc][0xe5]"[0xca][0xdb][0xa4][0xe3][0xb2][0x8e][0x1e]'[0x1d]m[0xe]F[0xba][0x19]2[0x18]Rg[0xe]C[0x8d]RS[0xa4][0xba][0x0]B[0xf4](4[0x7]T5u[0xb]4t80[0xf5]j[0xc5][0xa2][0x8e][0xf4][0x9][0x8b]e[0xf9][0xe8][0xd9][0xfc][0x3][0x9d][0xbc][0x1][0x9b]US0[0x82]U[0xea][0x9f][0x9b]_Q*[0xc1]+:[0x9d][0xda][0x8e]U3[0xeb][0xb7]X[0xf3]D[0x9d][0xaa][0xb6]z[0xa1]~[[0xa4][0x0][0x2][0xf]@[0xae][0x80]d[0x83][0xd4][0x2][0xea]Sa[0xc8][0x1f]?[0xce][0xbf][0xd5][0x94][0x16] ?[0x2]w[0xa9]v18[0x9]C:[0xaf][0x9][0xe1]R%[0xf3][0xea]@x4[0xb]0.[0x8e][0x6]7[0xc]F[0xfa][0x1c][0x86][0x85]7[0xe9][0xef]6[0xd5][0xec][0xed][0xec][0xda]dA[0xfc][0x2][\n]"
DEBUG wire -  << "B[0xfa][0xad]j[0xf][0x9a]G[0xf6][0x93][0xb][0xdd]a[0xde]$[0x9e][0x1e][0xd9]?[0xff]\[0xcf][0xb0]|[0xbe][0xf8]l[0xfd]:`5[0xfc][0x9b]G[0xaf]g[0xf8][0x6][0x95][0xa9][0x8f][0x1f][0x97][0xb1][0xa8][0x82][0xd8][0xdd][0xc1][0x0]_A[0x92]+[0xcb]e[0xd4]U[0xe3][0xcd][0xf2][0x17]k[0xe0][0x1d]x?[0x94][0xbb]9[0x8]$[0x17][0x9a][0xfc][0xfc][0xed][0xeb][0xf7][0xd0][0xad][0xf3][0xc1][0xae][0x1]o!>[0x9e]R[0xc7][0x19]Q[0xf3][0xdb] U[0x9d]0[0xd6]s[0x80][0xc0][0xd6][0xca][0x9a][0xbe][0xaf]M[0x8b]e[\n]"
DEBUG wire -  << "[0xe8]j[0xf5][[0x90],jYg[0x97] [0x15][0xaf][0xec][0x8][0x9c]E[0x16]>[0xad]-[0xa6][0xd5][0x14][0xa8][0xec]Tx[0x93][0xaf]|j[0x81][0xf1][0x4][0xe1][0xda]5[0xea]*[0xad][0x80]u[0x0]B[0xe6][0xd7][0xfb]5[0x80][0x88][0xc1][0xf9][0x9c]r[0xa0][0x9a][0xe2]{2[0xbb][0x8e]u[0x17]s8uQ[0xc][0x92][0x8a].[0xde][0x84])j[0x8e]x[0xb0]Ln[0xe0]0p[0x8]@[0xa5][0x8e]DK[0xce][0x11][0x16];[0xa6][0xdc][0xae]z][0xe5][0xdc][0xe7]f[0xed][0xfb][0xf7][0x9b][u[0xa2][0xe7],[0xdb][0xd3]q[0xad][0xf0]^[0xef]Oti[0xb0][0x1f]?[0x9e][0xe8][0xf1][0x95]|[0xac]![0x9c]|[0xab][0xab][0xf8]"[0xa1][0xea][0xf5][0xfa]mM[0x98]z[0xd5][0xf2][0xcd][0x19][0xe]+u[0x89][0xe9][0xaf][0xa3][0xd9][0xcb]<F[0xf4]"[0xe2]9[0x84][0x13][0xb9][0xb1]nF[0x11]x[0xf][0xb6][0x8b][0xf8][0xb5][0xc8][0xb5][0x1d]6W[0xf9]+GDnv[0x1e]Xv[0x14]8t[0xde]'[0xb6][0x87][0xb6][0x80][0xec][0xda].[0xf6]6[0xf5]b[0xc0]>[0xf2]C[0xb][0xbc]~[0xe2][0xf9][0x8b]9[0xd7]Z4[0x85]([0xe6][0xaa]*W[0xd8][0xb7]>1[0x98][[0xcc][0xe0][0x6][0xb0]"[0x1d]b8pn[0xfb][0xa4]I[0xf4][0xe6]A9[0x13][0xc4].[0xc6][0xc9][0xc][0x8d]:[0xf6][0x4][0x80][0xb4][0xa6][0xbe][0x80][0x0][0xbb]g[0x12][0xfa]3[0xcf][0xaa][0xa2]'[0x0]YB[0xfd][0x1][0xf8][0xf3][0xe9][0xb7];[0xc0]=dY[0xc1][0xb3][0xe5])[0xd1][0x94][0xb1]x[0xf]'[0xb2][0xf6][0x80]s#[0xc7]7[0xbf]i[0x8e]=[\n]"
DEBUG wire -  << "![0xd6][0xd4][0x80][0xa9]{D[0xba][0xbc][0xd5]>^[0xce][0x89][0xc1].h[0x0][0x93][0xe3]F[0x1][0x89][0xa8][0x97][0xfb]2[0x0][0x90]93{22Jzo[0x8f][0xb8][0xcc][0xb2])[0x84]J[0x8e]Sv[0xc1][0xcb][0x84]NY[0x14][0xdb]T3[0x1d][0x1b][0xb5][0xb9]6[0xa2][0xe1]f[0xa4][0xca]h.[0x9d]Q[0x82][0x90][0xd8]ev[0xe4]0[\r]G[0x6][0x4]4[0xe0][0x18][0xfb][0xa3][0xf1][0xf5][0xd0][0xf5][0xad][0x99][0x83]MJ[0x92]5[0x87]M[0xa8]9oP[0xf0][0x8e]c[0xd1]TAD#G[0xc4][0xf6][0x1a]h[0xd1]h[\n]"
DEBUG wire -  << "[0xe1]5D[0x1e]?[0xd0][0x5]I[0xd9][0xed][0xf2][0x1c][0xf9][0xa2][0x9][0xbe]h[0xc1]l[0x84][0x84]i0fg[0x9a][0xa0][0xb3][0xb9]@)[0xc6][0x9d]K[0x82]3[0x1e]wi[0xf4][0x8a]E[0xbe][0xcb][0x1a][0x1d][0xfd]@or[0xd2][0xf3][0xc9][0x5][0xea][[0x0][0xd2][0xfe]'Ro[0xfc][0x93][0xe4]'[0xab][0x82][0xb7][0xf]j[0x86][0x0]l{[0xad]J[0xf9]z7[0xf2]9[0xd9][0xa9][0x0]K[0x91]NqqJ[0xd3][0xb7]B7[0x18][[0x1a][0xb8][0xbc][0x9f]#[0xfb]O[0xb6][0xa1]|[0xaf]$<[0x15][0x1c][0x8e][0xb0]$6[0xa0]@[0xf][0xef]Cp^"[0xb7]@kA[0xee]WJ[0xfc][0x96]X=[0xe4][0xc9][0xf7][0xa1]|Q}o[0xca]Ua[0xa3][0x17]h[0x11][0xe6]W[0x90]TBq[0xbc][0xa3]K[0x9][0x81]8[\r]5[0xaa]JJ[0x9][0x4]#Kp[0xb0][0xe5][0x9f]a4[0xf5][0x83][0x0][0xc][0xde][0xd0][0xa4]aLt[0xfc]=t[0xc0][0x6][0xa1][0xc1][0x90][0xb3][0x95][0xd0]8[0xc7][0x7][0xfb][0xfe][0xb0][0xbd][0xdf][0xee][0xb6][0xf] [0xf3][0x16][0xfe]-ANt[0x87][0x8e][0x98][0xa3][0x8d][0xc1][0xcf]B[0xff][0x3]<[0x86]`[0x16][0xe6][0xc4]F[0x10][0xe7][0x9a][0xd3][0xaf]}[0xed][0x8a][0x8d][0xbe][0xd9][0xd0]w[0xb3][0x18][0x97][0xa4][0x1c]Qa[0x92][0x9a]w[0x1a]@Q[0x0][0xca]&[0xfe][0x7][0xa1][0xe6]![0xfc][0xc0][0x9f][0x1c][0x1d][0x9b]6y[0x3][0xaa][0xd6][0xb3][0x8b][0xc3][0x11][0x9c][0xbf][0xd5][0xf1][0x97][0x86][0xdc][0x9][0xfa]#[0x6]/lmi[0x10][0x19]kf[0xde][0x17]K[0xa1][0xcb]d![0xc1][0xbd][0xa4][0x8f][0xc6][0xfc][0x7]yC[0xee][0xd5]I[0x85].A![0xd3][0xb0][0xa7][0xa4]([0xc8]Zrn[0x12][0xa9][0xe8][\r]B+[0xda]#[0x1f]4[0x8f]^[0x12][0xc7]&t[0x19][0xf5][0xb][0xb8][0xfa]S[0x1f][0x6][0xd0][0x6][0x18][0x5]`[0x11]/[0xe3]?Br[0xe1]7[0x10][0x86][0xcc][0x81][0x12][0x1c][0x83][0x15][0xfa][0x1][0x88][0x9b][0xc7]"
DEBUG wire -  << "[0xad][0x1a][0xe0][0x90][0x18][0x8e][0xa1][0x1]+[0xc1][0xc6][0xe0]zG[0xeb][0xc1]([0xc4][0x10][0x97]l[0x1]N[0xfc][0xe5]d[0x1f]#[0xe1]k[0xc8][0x18][0xf9][0xd6][0xbc][0xef][0xf9]qM[0x9f][0x82][0xbe][0xab][0xa7][0xe5]!v[0xa7]3'.[0xe1][0xd3]E[0xa5][0xa2][0xc0]([0xf6][0xea][D#{bK[0xc8]8[0x13][0x11]Y[0xda][0xc3][0xc8]$\[0xc0]A[0x87]zB[0xa8][0xee][0x82][0x90][0xc7][0x10][0xbf][0xaf][0xc8][0xd6]P[0x97][0xe7][0x1][0xa4][0x9c][0xe7]h[0xd5][0xa7]4[0xd2][0xa8]i[0x82][0x96][0x16]R[0xcc]%[0x4]W_[0xa5]L7i[0xeb][0xb0]K[0x8f][0xa4]z[0xc3][0x12][0x1][0x5]O[0x85]O[0xf9][0x92][0x8]<[0x14][0xdd][0x9c][0x85]!FZdY[0x8e]l[0xcc][0xf2][0xfc][0x9c]h[0x8a][0xa8]I+T[0x9e][0xd5]=[0x9a][0xc5][0xb1][0xef][0xa9][0xe9]S[0xae][0x1d]W[0xbe][0xcf]g[0x87]![0xb4][0x4][0xe1][0xf]AM[0xf]9*" [0xc5](V[0xa2][0xd9][0xc8][0xb5]c[0xe5][0xeb][0xf][0x14][0xc9][0xea][0xb2][0xec]K[0x8][0x9]QME[0xdc][0xc2]Q0>[0xa8]Dd[0x12][0xfe].[0xa0][0x10][0x18][0xbe][0xa6][0x0][0xe2]}{[0x98]2[0xca]r[\n]"
DEBUG wire -  << "K[0x11][0xe5]DS[0xab][0xd2][0xab]K[0xe5][0x19]T[0x95]^*[0xf5]P[0xe8]E[0xd9]"[0xb2]R<Vd&[0x12][0xb2][\n]"
DEBUG wire -  << "$[0xeb]j[0x18]$[0xf8]O[0xb]B[0x1b][0xd7]/[0xab][0xd2][0xfa]([0xf9][0x95][0x19][0xb9][0xd1]P[0xce][0xca][0x11]Q[0xce][0x12]c[0xb4]2O_[0x9f][0xb7][0x2]s[0x2][0xb1][0xb4]u[0xfd][0x2][0xc0][\n]"
DEBUG wire -  << "[0xe2][0xd6][0x93][0x9f][0x1f][0xf5][0xc2]ZD[0xb6][0xc5]P[0x13][0xf9][0x1][0xf3][0xd2]B[0xe0][0xc5][0xb1]* [0xd3][0x81][0x8c][0xb5]P[0xb][0xa8][0x96][0xd7][0xba][0x88][0xf0][0xe][0x14]f[0x1a]r[0x3][0xb4][0x19],[0xb7][0xf0][0xd2][0xce][0xe7][0xe5]G[0xe2][0xb8][0xf2][0xc3]o[0xa0][0xa7][0xc0]z[0x8f]}[0xc7][0xf6]5;fn[0xdf][0x8b][0xa7][0x9a][0xc9]'q[0xf7][0xbd][0x9f][0x8d][0xba]t[0x13][0x12][0xab][0xa5][0x9]?1yJ|[0xde][0xcc][0xa9][0x10][0x3].J[0x1e]R[0xad][0x9b][0xb9][0x92]y%\v0S}\[0xe1]y.[0xe8][0xe6]_[0xb8][0xc3]Lj[0x10]$kr[0xba][0xe8]`[0xbf][0x17]\[0xd7][0xc9][\r][0xe1]&[0xfe][0xc1][\n]"
DEBUG wire -  << "[t[0xec][0xd8][0xc7]9[0xcb][0xb0][0x1e]4[0xe5]j[0xa5][0xf5]N[\r][0xf7][0xa2][0x9]'[0x15][0xd5][0xdc][0xa1][0xec]b[0xbd][0x82][0xb3][0x9][0x86][0xd8][0x9f]L[0x1c][0xb6][0xa6][0x8a][0xbc]#Ala|2[0xb3][0x97][0xe7]-gnb[0x80]R[0xd3][0x9e]3[0x1e][0x1a][0xa8],0[0xf3][0xd2]$a[0xee]g[0xd3][0x81][0xf0][0xec][0xbf][0x6][0xca][0xd8][0xd1][0x94][0xaf]u[0xe9][0xc]H15C[0x1f]\[0xc6][0xd8]G_Mf[0x15][0x8][0x97]i\[0x8c][0xeb][0xea][0x9a]J[0xf5]5[0xb5][0xde][0xb1]RjY[0xc3][0xd8][0xe7]~[0xf4]P`[0xae]o[0xd7][0xe2]U[0xda][0x1a][0xb2][0xcc]tU)35sd[0xca][0xe1][0xc3]rS[0xbf][0x1d]}[0x97][0x8e][0xc5][0xaa][0xa0][0xac]Ip[0xdd][0xf][0xff]5I8[0x19][0xd1][0x9a][0xd1]T;[0x86]z[0xd8]T![0xb6][0xed][0xd4][0xd5]&iC[0x9e][0x1][0xff]4[0x4]*[0x83][0xb4][0x10][0x2]s[0xbb][0xd5][0x18]Z|[0xc6][0x9a]+[0x82]u[0xa5][0x89][0xe3][0x87][0xee]%[0x6][0x1a][0x14]=[0xb4][0xa4]7[0x88]L[0x96]j/I[0xaf]P[U[\n]"
DEBUG wire -  << "[0xeb]>[0xa2]}[0xd7][0x1]U![0xdb]U>[0xfb][0xbf]h`o[0xdb][0x9d]\[0xed][0xce][0xad]v[0x11]W9u[0x8b][0xe1][0xc3]F[0xa3].g[0xc9]W:[0x84][0xff][0xab][0xee][0xd9]]='[0xb2][0x89]*[0xf9]Ag[0xa5][0xdb][0xbb]t&[0x8]Fo[0x7][0x15][0xc0]>[0x8e]p[0x3][0x86]xy[0x8]w[0xf8][0x10][0xe7]0[0xed]l[0x8c][0xe3][0x8e][\n]"
DEBUG wire -  << "9[0xc0]![0xb7][0x87]*[0x2]g[0x92][0xb4]n[0xa5][0x8e][0xa8]V<[0xa5][0x8a][0x17][0xca]m[0xab][0xe6][0xfc],H^[0x1b]e[0xd3]D[0xba][0x8d][0xa3][0x4][0xba][0x90][0x81][0x1e][0xe2][0xc9]8[0x8c]`0r%[0x94][0xf3][0x9b][0xf8][0xe][0x9c]~[0xaa][0xbd]'![0xb5]p[0xa5][0xa5][0x86][0xb3][0x87]4T[0x1d]6[0x8e][0x9][0x8c]][0x95][0xf0][0xa7][0x91][0xf]r[0xed][0xaa][0xb8][0xd9][0xa5]&5W][0x8d][0xfd][0xf4][0xb9][0xae][0xfe][0x8]"[0xab][0x85][0xff][0x9]D[0xf2]Y4s9[0x9d][0x2]kVK[0x15]1[0xea]R`Q[0x89][0x9a]T[0xb6][0xa4][0xae][0x8d][0xea][0xd8][0x4]w[0xd2]=B[0xf3][0x15][0xb5]`H=[0x90]m[0x14][0xeb]:[0xfa]_[0xe9][0x8c]G[0xf5][0xcc][0x92]c[0xeb][0xbe][0xa7]E[0x8c][0xaf]5[0x97][0xa6]lr[0x13]U[0xfa]x[0xe6][0xe0][0xe6][0xfe][0x90]1[0xe1]$VT[0xb7][0xbe][0xb6][0x5],d[0x99]7[0xb9][0xb6]ei([0x90][0xd7][0x1a]k[0xb][0xa5][0xf3]wX[0x9b]&Tk~b[0xe4]AaJ$[0xe1][0xb2]4[0xc6]c[0x1b]7[0xe6][0xa5][0x1d][0xc3][0xbd][0xfd][0x7][0x85]u[0xdd]r[0xd7]u[0xba][0x16][0x9b][0xa8]r[0xc8][0xed][0xf7][0xd4][0xd6][0xa1]j[0xb4][*D7[0xcd]G<[0xb9][0xd6]jw[0xd4][0xee][0x81]j[0x18][0x90]f4[0x9b][0x8f][0xea]Gd'[0x99][0xe3][0x86]pE[0xd6][0x9c] L[0x82][0x95][0xd4][0xa6]=[0xc3][0xea]u[0x8e]HZ[0xa0][0x14][0xee][0x94][0xcb]/[0xc6]=U[0x11]O[0x1e]+Y[0xc4],[0xe0][0x16]h9[0xeb][0xe2][0xcb]iY@[0xb0][0x19]1y[0xb4];[0xb][0x96]C[0xd8]z[0x4]e[0x96][0x96][0xf8][0x1b][0x89][0x10]j[0xa8][0x18]r[0xaf]![0xdf][0xd3][0x96][0xbd]_[0xcc][0xa2][0x98][0xaf][0xf2][0xc9]4[0xb1][0xea][0x7][0xc1]h]%[0x95][0xf6][0x9d]C[0x9][0xa9][0x91][0xe][0x1]@V;5[0x10]hB3P[0xe6][\n]"
DEBUG wire -  << "[0x13]`2[0x86][0xca]C>[0x13][0x1]k[0x9]P[0x9a][0xff]$[0xe8][0x1a]m[0xe][0xa4]S'^[0x6][0xf8]0dQ[0xe0]{[0x16][0x91].[0x88][0x9c]Q*[0xd0]#"m[0x9c][0xe0][0xd4][0x2]?[0x8a]K[0x98]d[0xf4][0xed]8[0x14][0xc6][0x2]u"[0xb9]v[0x13][0xfb][0xb1]x[0x99]2[0xf3][0x9b]?[0x8b][0xb5]*[0x82][0xb5]$[0x97]<[0xc][0xe8][0x1c]7[0x8e][0xc0][0x83]CM&f[0x4]K[0xc0][0x92][0x83][0xb][0xae][0xe2]j[0x96][0xac][0x9f][0x94]$?4[0x9f]P[0xac][0x86][0xa6][0x1d]ir1[0xbe][0x2][0xef]\HB[0x91][0x9a]+[0xd3][0x4];I[0x81]7[0xc0]M[0x94][0xac][0xb4]d[0x5]4[0x15][0xe0][0xa5][0xe6][0xf1][0xd5][0x9a]<[0xf][0xa4][0xed][0x9d]A?[0x96]Y[0xb1][0xa5][0x8]R[0xe0][0xa9]j.[0x17][0xad]rnLG[0xb8][0xd2]8[0x1f][0xca][0x1e][0x13][0xdc][0xcf][0xb3][0xe]Gmq[0x90][0xca][0xc4]d[0x90][0xe6]^[0xf9] [0x15][0xef][0xff][0xac][0xd1]][0xc](r.fu[0x8e][0x8]%n[0x88][0xdc][0xa3][0x83][0x81]G[0xdf][0x0]W[0xea][0x88][0xa4]I[0xc2][0xf9]([0xa7]"[0x81][0xfd]v[0xbb][0x90][0xc6][0xa9][0x94][0x89][0xb7][0xe9][0xb3][0xbf][0xf4][0xd9]_[0xfa][0xec][0xdf]N[0x9f]U[0x8d][0xa5][0xe2]0[0xca][0x96][0x8a][0xf1][0xf8][0xac][0xe8][0x92][0xab][0x10]w*[0x3][0xf9][0xa0][0x9]X:I[0x82][0x1c][0x7]b[0x5][0xc3][0x8b][0xb2]!d\+L[0x0]T[0xca]6[0xe5][0xce]{[0x8e][0xc0][0x87][0xe0][0xcf][0xc3][0xa8][0xc0][0x19]"h[0xdc]g[0xdb][0xfa][0xaf]A[0xae][0xd4][0x10][0x94][\r][0xfc][0x16][0xee][0xec][0xd7]%[0x12]QUN[0xce]L`[0xa5]_W[0x8][0x96] [0x98]wN~m_[0xf4]M1[0xbf]T[0x86][0xf7]h[0xa2][0xbb],[0xee][0xa8][0xfb][0xe][0xaa]`[0xa9][0x1e][0xeb][0xab][0x10][0xae]/\[0xc9][0xc2][0x12][0x9b]++[0xf8][0xff][0xc2]~[0xc9]E_[0xc][0x5]fQ[0x1f][\r][0xd0][0xed]N[0xba][0x94]a{[0xd9]R[0xc6]ap][0xe7][0xd1][0x10]N[0x97]0[0x19]C$AP[0xe4]R[0xc7][0xc9][0x2])<[0x84][0xa4][0xae][0x81][0xcd][0x80][0xa6]F[0xa1][0xa0][0xc8][0xd1][0xa0]n[0xa9][0xae][0x4]&[0x17][0x86]9[0x91]'su[0x19][0x99][0x12][0x1e]B[0x8][0xf8]t[0xd3][0x98][0x8c][0xd9][0xd2][0xf7]>[0xe9][0xb4][0xa0]Y|5[0xe1]vg'![\n]"
DEBUG wire -  << "X[0x16][0xa0]z[0x87][0x1e][0xb0][0x1d][0x1e][0xc8]A[0x14][0xca][[0xab]Eq:[0xd7][0x8a][0x9b][0x4][0x98]8% [0xd7][0x83][0x1e][0xe4][\r]>9h[\n]"
DEBUG wire -  << "[0xd4][0x80]x[0x93]=[0xb9]r[0xeb][0x14]?[0xa8]V[0xb9][0xc5][0xb2][0xea][0x8][0x1b]n[0xa6]z:[0xa6][0xae][0xed][0xcc][0x7][0xef]}p*[0xfc]G[0xed][0x93]6[0x84][0x85][0xad][0xd3][0xe][0xff][0xdd][0xe5][0xbf][0xf][0xe0][0xf7][0xc1][0xa9][0x0][0xf8][0xf9][0xdc][0xa1]#[0x80][0xea]$9[0x8f][0x1f]6[0xdb][0xbd]#[0x90]]<[0xd2][0xef][0xe0][0x16][0x1b]H[0xe7]5<[0xe7][0xc0]s[0xb7][0xb3][0xc7][0x8e][0x86][0xb6]6[0xa6][0x9e]9[0xc7])[0xab][0x1f][0xda][0x87][0x99]b[0xd0][0x1c][0x14]~[0xc0][0x93]n[0xb8][0x93]x[0x1b][0x17][0xcc]X8[0xd7][0x93][0xf7][0xd2]^[0xbb][0xb6][0xbe][0x9f][0x16][0xf0][0x1b][0x0]pK[0xe9][0xf]Q[0xf]I[0xb3][0x8][0xc5])[0xe4][0x19]Vac[0xa3]L[0xe3]J)[0xda][0xde]n^[0xc1][0xe]mf[0xff] [0xc9][0x8c][0xd3][0x93]P[0x8a][0xed][0xe7][0xe4]fh[\r][0xfd]P7t[0x13]t[0x8f][0xef][0x16][0x18][0xdd][0xb9]7[0xa3][0xa3]+x[0xa7][0xe][0xb][0xe3][0xd6][0xf6][0xa8][0xbf][0x4]&[0xfb]a#[0x87][[0xec]e[0xcf]%[0xfc]x3[0x92][0xb1][\n]"
DEBUG wire -  << "[0xe3]S[0x9c]/l[0xec][0xad][0xa3][0x19]O[0x8]7[0xca][0xa7]K[0xcf],;[0xfe][0xf8][0xfe]e[0xf5]yN[0xab]p[0x9e][0xf3][0xfd][0xf9][0xf3][0xd5][0xa7]3[0x1]8[0xc]L=[0x98][0x6]O[0xa1]l[0xf9][0xec][0xe8][0x95]s[0xe5]R[0xcf][0x1e][0x83][0xf6][0xa9][0xaa]-[0x97]-j]US~[0x83]z[0xae][0xa0][0xce][0xb]6[0x8e]I[0xe1][0xfc][0xf5][0x4][0xf][0xc0]PP[0x9d][0xb9][0xb3][0xd7][0x7][0x8b][0xf3][0xe][0xaf][0x82] [0xe2][0x18]dYH[0xa6]~[0x18][0xe3][0xeb]j[0xa6]>[\r][0x6]F[0xb3]s[0xa7][0x3][0xbb][0xd8][0x9]?[0xfb][0xcc][0x1d][0xad];[0xea][0x9a]t[0x98][0x80]m[0x18]z[0xb3][0xc1][0x9f][0x9e][0xce]Bg[0x80]E@[0xb3]>j[0xbd][0x80][0xff][0x8b][0x5]!![0xbb]U[0x0]^[0xd6][0x1e][0xe1][0xe5][0xd2][0x6][0x8c][0xfb][0x97]R%[0x94][0xbd]8[0xf4]?[0x90][0xbd][0xb6][0xb3][0xe4][0x8][0xce][0xb3][0xb7][0xcf]?[0x11]=S[0xe7][0x89][0xb7]}[0xf3]'[0x8][0x81][0xc5][0xae][0xfb][0xad]&[0xfe][0xdc][0x96][0xe0][0xec][0x88];[0x1e][0xb9][0x94][0xd1][0xe4][0xc6][0xf][0xa8]i[0xc7][0xf3]~S[0xef][0x1d][0x94][0xb][0x8c]&[0xe4]fa[0x96][0xef]as[0xdc][0x1c][0x1b]F[0x19]6[0x9e][0xce][0xdc]QT[0x5]/[0xf6]j[0xde]&[0x86]8[0xbb][0xf4]E[0xd8][0xe5][0xf4][0x82][0x93][0xd4]R[0x17]o;yv[0xf6][0xeb][0xcb]7[0xe4][0xec][0x1a]8[0xf5][0x9a][0xc5][0xe0][\r]G[0xe4][0xb2][0xb][0xca][0xe1] [0xb9][0xa9][0x80]:[0xe4][0xc4][0xa3][0xce]<[0xc6][0xac][0xec][0x96][0x13][0x86]%\Q[0x82][0xdb]kq[0xad]Ir[0xbe][0xa9][0x96][0x9e][0xd9][0xb2][0xd5]H[0xf5][0xd5][0x89][0x1a][0xaa]Tu[0xeb]7[0xf6][0xe7][0xbd]_[0xb9][0xa1]O[0x91][0xbe][0x1d]][0x80]c[0xb3][0xf7]u[0x10][0x1e][0xd9][0x9f][0xc3][0xaf][0x3][0xfc][0xf5][0xfd]{[0xee][0xcc][0xd7][0xce][0x83][0x1a][0xa6][0xe9][0xc][0xc4][0x9f][0xef][0xdf]?[0xad][0xeb][0xc1],[0x9a][0xd6]h8[0xe1][0xa7][0xae][0xa2][0xfa][0xad][0xca]3[0x9d][0x81][0xf1][0x93][0xc7][0xae][0xc8]s[0x10][0xb8]Z[0xfd][0x88][0xe][0xa2][0xd2][0xa9]G[0x1f][0xf7][0x17][0xb8][0x90]\y[0x96][0xd2][0xc7]c[0x94]GT[0xa7][0xd1][0xdc]3[0x7][0x6]<[0xe1][0xd9][0xcc][0xc9][0x91][0xab][0x8b]y[0xf3]7[0xbe][0xc5]t[0xdc][\r][0x1d][0xc6][0xcf][0xf8][0xae][0xdf][0x1a]6j[0xe7][0xb6][0xbe]p[0xc]lOpbO[0xdd][0xcb]_` |[0x1c][0x8d]&m[0xe7][0x9c][0xcb][0xde]."[0x80][0x9f][0xd0][0xbd][0xfa][0x11][0xf4][0xd2][0x84][0xd6][0xf6][0x4][0xed]{*[0xd9][0xfb]x[0xa2][0x19]0[0xf6][0xf][0xba][0xed][0xb6][0xa1][0x19][0x98][0x82][0xdb][0xb6]3[0xc8][0x8][0x94]?[0xa6][0xa2][0x9b][0x87][0x81][0x16][0xe6][0x94].(8{[0xf3][0xbc][0xd8][0xd1][0x95]=[0x8c][0xbd][0xd8][0x10][0x97]"[0xed]<[0xc1]@[0x96][0xf0]%[0xe8][0x81]Rp I[0xd1][0x9d],[0xbc]E[0xa5][0xcc][0xf4]!u6W[0x96]^[0x4][0xd7]@[0xc3][0xf3]"[0xa2][0x9c]mi[0xc0][0x9][0x82]V[0x91][0xdb]f[\r]od [0xd9][0xac][0x86]t[0xb9][0x1d][0x8a][0xd7]E$[0xbb][0x89][0xf8]-L[0x10][0xc9]%[0xad]IBP[0x92][0xec]6[0x12]W.I[0x7]X[0x2][0xc9]7q[0xa6][0x1f]rq[0x1f][0x8f][0xcc][0x92]kF[0xa5]-K[0xf2]ul_C[0x94][0x3][0xbe]2[0xd8]u[0xe1][0xfc][0xe2]V+[0x96][0x82]Ch[0x92]_[0x8d]I[0xf0][0x17][0x8]L[0xd5]Ne[0xae]D$[0x8][0x14][0x10][0xf9]l[0x11][0x1d] _[0x92]X[byBK[0x18]F@[0xc6][0x1a][0x1d][0xac][0xc8][0xfa]7[0xbb]f!e[0x96][0xed]N[0x8][0x8e][0x9e][0xe5][0x9a]=qjf[0x1][0x9e][0x6][0x8d][0x1a][0xad][0xa6]q[0xd0]0[0x9a][\r]3[0xf4][0x81]dK[0x93][0xc0]x[0xd3][0x1][0x1]3[0xb2]A[0xd5]O[0x1a]T[0xf0][0x2]<[0x9f][0xcb][0x84]o[0x95][0x9c][0x93][0xeb]^E[0xee][0x0][0xa4][0x8]MIa[0xbf]BeQ[0x85]X4N[0xd6][0xcf][0xb0][0xbb][0x1c][0x87][0x6]Q[0x9a][0xc][0x9a][0x9][0x82][0xe][0xe5]!Fp[0xb8][0xff][0xcb][0x9e][0x88][0x8b]Fd7[0xe0][0x92]{[0x82][0x16][0x3][[0xdc]:[0x8f][0xe4]c[0xfa]?[\r]$[0x82][0xd0][0xd8]s[0xe6][0xca][0xf1][0x7]N4y[0x93][0x92][0x95]+[0xf2][0xa4]!Z[0x9d]tc[0xc6][0xc9][0xf4][0x91][0xb3][0x13][0xaf][\r]+7.[0x93]][0xc1][0x8c]D[0xde]S[0xe6][0x1c]?[0x99]9[0xa2]$F[0xf0]r6[0x82]/[0xe6][0x99][0x9c][0xe][0x13]z[0x9]%[0x1c];+[0x81]1[0xbf][0xd6][0xda]O[0x81][0xd3]D[0x92]ec[0xd7]qE0[0xc4][0xa7]\[0x86][0xcf][\r][0x8d][0x98]h[0xcc]Rq[0xcb]<) ?[0x86]A"e[0xfd]7[0xdf]-[0xdf][0xd4]V[0x1e][0x1c][0xc7][0x8][0x83]r[0xf7][0xa4][0xe1][0xd8][0xdc][0xf3])[0x93][0xdb][0xec][0xad][0xa7]Wh[0xb2]Eb[0x17][0xd2]1[0xf6][0xe7]{CAq[0x90]B%$[0xd9][0xb9][0x98]o[0xc0][0x7][0xdf]w[0xa2][0xa4][0x5][0xf]S:[0xd2]M[0x8e]R[0x96][0x8f]9[0x1c])H[0x8b][0x9][0xba]IL[0xd5][0x1][0xc2][0x85][0x8c]T[0xcc][0xd2]?0[0xf2][0xb0]wC[0x1f][0xeb]-tiaK[0xa5][0xbc][0xe][0xaf][0xcc]$[0xa3][0xbd][0xcd]NEt9.<{[0x17][0xfa][0xbf][0xaf][0xe9][0xc8][0x11][0xbc]_2[0xe8]O[0x1][0x9c][0xf5]h%[0xb5][0x9d][0xad][0x8a][0xe0][0x92]>5:i[0x9f][0xa6][0xf]|V[0x95][0xb3]1[0xd7][0xbc][0xb3]g[0xfe][0xbb]5[0xad]c#?h,[0xef][0x8e][0xe2][0xde][0xfd][0xff]`S[0x1][0xa8][0xe2]i[0xe7]p[0xab][0x12][0x0][0xe8][0xca],"g#[0xf2][0x12][\r][0xf1][0x98][0x9a][0xab][0xc5][0xa1][0xdf]k[0xf6][0x9a][\r]^J[0x83]R[0x1f][0xc1][0xe3]K[0xb]F[\r]i[0xb8][0xf8][0xfc][0xfd]E4N[0xd8]W@[0x9f][0x17][0xa0][0xc6][0xc]o[0xa7]\*M[0xcd][0xad]J[0x13][0xa2]+[0xc8][0xfe][0x8b][0xd7][0xeb]$[0xec]r[0xb9][0xf1]z[0xa5][0xd4][0xef]o[0xa2][0xc8]6[0xa7][0x13][0xd1][0xe5][0xe8]<[0xed][0xac][0xb9][0x8a][0xa9][0x3]4[0x9e]vVR[0xd8]3[0xba][0xdb][0xa4][0x10][0xd1][0xe5])[0x9c][0xb2][0x10][0xac]U`[0xaf]!4[0x1]Cz[0x93][0xe7][0x95]dw;[0xc6]6[0xc9]Ft9[0xb2]_[0xbf]|~[0xb2][0x9a]b[0xd7][0xb6][0xa8][0xe6][0x82][0xff]j[0x7]|[0xe]:[0x8a]![0xec]d[0x11][0x84])[0x96][0xc6][0xbd][0x19][0xea][0x81][0xa1][0x8e][0xfd][0x10]Z[0x84][0xd8]V6[0xa6][0xb3]]i[0xee][0x14][0xa5][0xf9][0xb5]?[0xb2]O[0xe9][0x9a][0xe6][0x0][0x8c]I[0x91]V[0xe][0xbc][0x9a][0xda][0xd6][0xc1]V[0xa9][0x5]t9j[0xcf][0xff][0xfb][0xff][0xae]&5j[0x3][0x99][0x0][0xb5][0x92][0xc6][0x83][0xfd][0xad][0xd2][0x88][0xe8][0xf2]4[\n]"
DEBUG wire -  << "[0x7]Z(.[0xb1]|F[0xde]Q[0xbc]@[0xd0][0x8b][0x88][0xed][0x91][0xf5][0xe2][0x13][0x9][0xc] 8)[0x6][0xa8]S`[0xc0][0xe6]mPA[0xce][0xca][0xe9][0xca]*Vl[0x97][0x13]yF[0x80][0xd9]G[0xa0]huc[0x3][0x9][0x5][\r]K[\n]"
DEBUG wire -  << "[0xac]r[0xfe][0x8c][0xed][0xfa]5F[0xd1][0xaf]y.g[0x1b][0xd6][0xd0][0x9c]LJ [0xd1]i[0x91][0x95].kw[0xbb][0x16][0xa9][[0x18][0xc3][0xa7][0x18][\r][0x8c][0xfc][0x90][0xc7][0xc]kH7[0xb][0xb0][0xa8]Q[0xb][0x9][0xab]Y[0xbf][0x85]F[0xc8]][0xd1]Z[0x86][0x0][0x93][0x87][0xe9][0x93][0xac][0xaa][0xd9]I [0x87]Y~[0x81][0x14]"6v[0x17][0xf9][0x90][0xdc][0xc7][0xb9][0xf9][0xcd][0xbf][0xb9][0xdb][0xa0]KcFDg[0xa5][0xd8][0xf7]I[0x3][0xf]O%![0x1b][0x9f][0x0][0x4]o,[0xb9]E[0x8][0xef][0xde]Q[0xd2][0x82]b[0xd6][0x87][0x85][0x80]/[0x89][0xef]d[0x80][0x96][0xb2]q[0xe4][0xe3][0xbc][0x86][0x9c]X[0x91][0x93]#[0xb9][0xc5]N[0x92]_[0xec][0x94][0x81]p@Cx[0xa1][0xd7][0x3]E2[0x80][0x1c]/[0x99][0xe5][0xc8]'[0x87][0xfe][0x95]R[0x82]s4[0x17][0xe7]}[0x88]|[0xf2][0xc7][0xe3][0x8][0xdc]S[0x83][0xf0]C[0xf1]bz[0x5][0x8a]L[0x8d]l[0xee]&[]%E[0xbe]M[\r][0xd9][0xe8][0xc2][0xef]\m[0x85]][0xae]J[0xc2][0xb7][0xc5]M[0xcc][0xb3][0xd0][0xa9][0xdd]yv[0xe3][0xd9],[0x82][0x6]Gx#[0xa7]/&2[0xb4][0xf][0xaf]5[0xb9][0xc8][0xab][0xfd][0xc7][0xcc]c[0x1a][0x82]j[0x6]N|[0xd4][0x8f][0x94][0x2][0x95];y2[0xf9][0xea]0[0xe1]AxHm[0xdc][0x8d][0xae][0xa4]}[0x9d][0xf4]X:+[0xb6][0x90]U[0x9a]`[0x2][0xcb]#i[0x10]][0xf]eP[0xae][0xd3][0xbe]OV[0x9f][0xe5]_~[0x19][0xc1][0x2]N[0xde]o[0xe5][0xc9][0xa8][0xa4][0xef]Z[0xc9][0xe4][0x7][0xdf]U[0x2]M[0x89]qz[0x11][0xff][0xa2][0xcc][0xc5]x[0xc5]6^[0xa6][0xae]t[0x9b][0x8f][0x14][0xbc][0xcc][0xbd]S[0xd5][0x95][0xca]q[0xf5]}[0xc0][0xd0][0xab][0x1d][0x1c][0x9][0xb1]u[0x17]\[0xa5]K[0x84][0xb]H[0x1a][0x82],I[0x9b][0x94][0x81][0xf2][0xf5]V[0xb1][0x1f][0x1c])[0xe5][0xca][0xba][0xd5][0x95]mxC1[0x10][0xd1][0xc5]:W3[0x9]wH[0x83]h[0x8c][0x8e][0xef]t[0x9f][0xf1][0x93][0xc6][0x8][0x4])[0x10]b[0x84][0xaa]([0xd3];[0xc5])j>1[0xed][0xd2][0x0][0xaf][0xc3][\n]"
DEBUG wire -  << "[0x1b][0x8d]N[7[0xda][0x87][0x9d]C[0xa3][0xa3][0x1a]m[0xbd][0xb9][0xdf][0xeb][0xf5][0x9a][0x87][0x8d]_[0xd2][0xe4]4[0x15][0x9e][0xe][0xfe]|:u[0x6]v[0xac][0xbd][0xfc][0xa0][0x88]% [0xcf][0x1f][0x83][0xd6][0x6][0xd1] [0xc9][0xb4][0xd8]p[0xe4]P[0xef][vs+[0xbc][0x11]P*![0xc1]+[0x8d]A[0xac][0xee]}[0xed][0xb2]P[0x8e][0xe9][0x88][0x81][0x0]6[0xe]}o[0x92]5[0x19]F[0x8d][0x13][0xfb][0xfd][0xe2][0xed][0xcc][0xca]q[0xf1]]`I[0x8a][0xe6][0xd1][0x8d][0x8a][0xcc][0x93][0xbc][0xcb]M[0xb][0x95]Z~\}[0xef][0xb3][0xa8]`T[0xc4]]B[0x1c]E[0xf1]*[0xc4][0xeb]n[0x8e][0xc6]*TRFj[0xca][0xdb][0xa4]#QfU[0x5]K/[0x9e][0xce][0xf3]8?d[0x1a][0x89][0xc8]6[0x12][0x19][0xae][0x1e][0x95][0x5]][0x16][0xd8]`[0xd2][0xd9][0x90][0xaf]j[0xf][0xb3][\r]nbk[0x95][0xe6][0xf9][0xe2];[0x5][0xd5]P[0xc3][0xfc][0x1c]?[0xae]tHs[0x84]k[0x19][0xf]dR<[0x5][0x81]C[0x19]KS[0x97]U.f<d1[0xfe][0xb5][0x83][0xa8][0x80][0x89][0xef][0xd6][0xe2][0x17];[0x83]*[0xc3][0x17]Tj.[0x8b][0xa7][0xbe]T[0x9b]|[0xbe][0x1c]8[0xb5][0xb8][0x18]{[0xad][0x81][0x94][0x88]]~`:[0x0][0xc4][0xc7]K[0x14][0xf9][0x99][0xa3]EB[0x8][0xaf]i8[0x5]#=[0xf][0xfc]X[0x3][0xdd][0x9b]~P[0x0][0x18][0x2]=[0x81]I[0xa2][0x84][0x96][0xdb][0x18][0x8][0x9e][0x2][0xae]C/[0xcd]d([0xfa]Ks[0xa3][0x99][0xf0]~[0x96][0xe5][0xbb]P;Z[0xfc][0x85]|[0x1a][0xc4][0xe6][0x94][0xae][0xc2][0xeb][0xda]9[0xb4][0x92][0xd9]xF[0x89]?B[0x8e]\gX[0xb0][0x1f][0x85][0x2]1[0x88]1[0xf8]W[0xb8]5Mt[0x15]7lEYB[0x83]s[0x1d][0x81][0xc1]!K[0x8b][\n]"
DEBUG wire -  << "[0xde][0x8e]m[0xe6]X[0x2][0x8b][0xa4][0x93][0xdf]|[0x9f][0xa4]$X[0xf0])r[0xb5][0xfd][\n]"
DEBUG wire -  << "[0xa0][0x8d]+[0x10][0xa6][0x92][0xe7][0xe5][0x16][0x9c]S[0xeb][0x9a]?E[0x96][0x17][0xf5][0x8a][0x8e]U[0xe4]6[0x83][0x15][0x0][0x12][0xa9]B[0xf8][0x16][0xdc][0xa9][0x8f][[0xbd][0x6][0xca]'T[0xb0]o8@[0xf2]5[0xe][0xe2]{[0xb6][0xc7][0xbf][0x98][0x1][0xf4]L[0xed]H[0x7][0x9f][0xea][0x94]O9[0xff][0x8e][0x89][0xa0][0xad]j{g|[0xe5][0x8a]kg[0xc4][0xbe]WW[0xa0][0x94][0xb8][0x9a]sy![0x84][0x2][0xbc]3[0x86]T[0xa0][0x6][0xe0]jb{[0xdd][0xc4][0x85]xm?[0xe5][0xa0][0xee][0xd1]Q[0x1c][0xcb]]{J[0x16]Z[0xd1]UE[0xb4]U}u& [0xee][0xde]Y[0x1c][0x88][0xf0][\n]"
DEBUG wire -  << "[0xfe][0xdf][0xe8].[0xa9]U[0x16];[0xac]"[0xfb]_<[0xa4]d[0xdd]+[0xbb]*[0x85][0xa9][0xee][0xac][0xf3]$[0xfb].=[0xf5][0x8e]_[0x90]N[0xc4][0xba]0%[0xb2][0x8a][0xfb]tW[0x16][0xfb]-W[0x88][0xcb]:H[0xaa][0xf5]e[0x1d]T[0xc8][0xbe]c[0x7]a[0xa7][0xd0][0x90]Q[0x2][0xc1][0x1][0xd0][0x82]3[0xb4][0xbe][0x3][0xf][0xed][0xe6]][0xbb]JR[0xb1][0xb2][0xab]R[0x98][0x15][0xe3]*[0x85][0xf9]A5[0xf8][0xc7][0xc][0xfd]z0e~H[0xe4][0x17][0x2]6[0xef]7p[0x99][0x12][0x8e][0xac][0x1d]h[0xe5][0xde][0xe2][0xef][0xd2][0xd2]f~J[0x1a][0xad]W[0xd8][0xe3][0x94][0xf][0x13]-d2[0xad]h[0xa0][0xe5][0x96][0x94]4W!"p[0xc7][0xef][0xc0]|c[0xf3][0x81][0xb2][0xff][0xca][0xfa][0xfb][0xfe][0xf3]O[0x1f]O[0xf0][0xe7][0x99][0xff][0xbb][0xb9]?z[0xf5][0xa7][0xff]\[0x9b]^[0x1c][0xbc][0xeb][0x1a]=[0xda]|[0xf5][0xed][0xfa]d[0xe4][0xfc][0x83][0xd3][0x92][0xb8][0x83]wjVN[\r][0x80][0x8f][0x90]5[0xac][0xb0][0x16]/O[0x17][0x14][0x9d][0x2]-[0xb8]An+'[0xa3][0x98][0xff]Ko[0x86]X=[0xf8]9[0xd2][0xd5]c[0xff][0x87][0xeb]-[0x88][0x1e]t=[0xf]7_[0xb][0xe9][0xcb][0xd6][0xd9][0x13][0xa6][0xe5]5[0xd9][0xd4][0xb6],[0xe6]U8[0xbd][0xf4][0x82]^[0x17][0xe9]-dTK[0xbd]B[0x12]u[0xd1],N[0xab][0x94]{"[0xa9]v[0xc9]L[0xd1][0xa2][0xae]E[0xfa][\n]"
DEBUG wire -  << "njB[[0xf6][0xbe][0x8e][0xa4]t[0x82]c[0xa3][0xf6]s[0x87]QD[0x5][0x95]l([0xe4]o[0xc2][0x8d]e[0xb5][0x96]|[0xed][0xa4][0xb2][0x85][0xe4]uu[0xb4]z[0xac][0xdb]1[0xda][0xfb][0xc6][0xe1][0x8a][0xca][0xaa]}[0xe2][0xe5][\r][0x14][0xb9][0xeb][0xaa][0xa6][0xcd]}[0xd6]i[0x1e]t[0xe][0xc6][\n]"
DEBUG wire -  << "[0x9f][0xdf][0xc3]R[0xdc]8[0xac][0xf0][0xaf][0xf9]W0[0xc6][0xf6]u[0xd2]+;[0x99]M[0x91][0xd1][0x8f][0x1f][0xa7][0xa1][0xd5]f[0xd1]_[0x0][0xed][0x1e][0x87][0xd0][0x92][0xc2][0xdc][0x5][0x11][0xf7][0x8e][0xa3][0x1d]hfSl[0xf2][0xe][0xf3][0xe6][0x91][0x92][0xed][0x1d]Z63!6[0x82][0x6][0xa3][0xc1][0xae][0xe1][0x1a]=[0xfc][0xd5][0x82]_[0xed]][0xc3]2[0xda]FS[0xef][0x18][0x7][0xfb][0xcd][0xce]A[0xef][0xa0][0xd5]>[0xd8]mY|[0x86][0xe2]`[0xff][0xe0]`[0xbf][0xd7];l[0xb5][0xa0]@[0xdb][0xe2][0xf3][0x17][0xbd][0xc3][0xfd][0xc3][0xc3][0xf6]~[0xf7][0xa0][0xd7]4[0xba][0xbb]-D0n[0xee][0xb6][0xe0]_[0x1b][0xff][0xb9][0x80][0xd4]6[0x9a][0xad][0xce]n[0xcb][0x86][0xb2][0xbb][0x9d]1`2 [0x1d][0xe0]0/j^7[0x1f][0xb5]O[0x9a][0xd7][0x87][0xed][0xf1]!c[0x7][0xbd][0xfd][0xc3][0xee]h[0xbc][0xdf][0x1][0x14][0x11][0xce][0xcd][0xfc][0x9c][0x9b][0x9b][0xf9][0xf9]Q[0xab][0xc5][0xe7]e~~5[0x13][0xf3]2[0x90][0xb0][0xdb]e[0xb2][0x1a]P[0xb9]P[0x8]~u.[0x8d]n[0xf3][0xa0][0xdb]=l[0x1a][0x9d][0x16][0xda]I[0xce]>[0xc1][0x1c][0x94]ZB14[0xc7][0xfd]q[0xe2][0x2][0x1][0xdc]e[H[0xc0][0xde][0x13]<[0x17][0xd3]=[0x85][0xdd];i[0xbf][0xca][0xf9][0xbe]b[0xa2][0xec]l1},{;[0xd5][0x16][0xfc]M[0xfc][0xd1]F t[0xdf][0xd2][0x17]{[0xb2][0xe1].[0xb6][0xec][0xa7]8[0xe3][0xca]g[0xca][0xc4][0xe1]QM"[0x95]3[0xa8][0xa5]]C2[0xb3][0xb0][0xc1] [0x97]F[0x2][0xbc]X[0x1][0xf][0x14]U[0xee][0x1d][0xea]mw[0xe7]Fi[0xf3]PO,t[0xdc]s[0xc3]Po[0xab][0xab][0xd8][0x88]n[0x1d]Qw\[0xd5]j[0xf5][0xb6][0xba][0xe][0x87][0xe8][0xd6]Qx[0xf7]5[0xac][0xde]VWM[0x11][0xdd]:[0x1a][0xef][0xb1]X[0xd5][0xea]mao[0xc5]v[0x16][0xab][0x90][0x94][0xf5]-[0xdd]dI[0xaa]B[0x1b][0x4]s~[0xb6]O[0xc]R[0xfe]([0x15][0xc3]o\[0x1][0x90][0xef][0xe4]9[0xbb]d[0x8e][0x1f][0x80]S>[0x9a][0x93][0x85][0x19][0xea][0xf4][0xba]z4[0x3][0xb]S[0x95][0x1f]0[0xf7]%[0xe4]"![0x85][0xa5][0xb0]%[0xab]cBo[0x14][0xb7]7&Fm[0xf9][0x11][0x9e][0xb2]=[0x6]F[\n]"
DEBUG wire -  << "[0x90][0x1f];[0xcb][0x93]w)[0xe5][0xfd][0xfa][0xd9][0xc1][0xa9][0xdc][0x95][0xe5][0x9d]MN[0xec][0x14]>[0xd9]W[0xfa][0x84][0xd0][0xde]q[0xe3]'[0xf2]d[0xf7][0xf3][0xe9][0xf3][0x93][0xf]'[0x9f][0xc9]O[0x8d][0x1d][0xfc]BP0[0xe6][0x9f]%[0x8b][0x2][0xea][0xe2][0xa7][0xbf][0xf8]][0x93]J_y[0xb9][0xe7][0x92][0xe9][0xcc][0xa5][0xde][0xae][0xa2]*[0xdc][0xa1][0x80][0xc4][0xf1][0xc8]`[0xad][0xd6][0xc1][0xe1]x[0xc4]?[0xe4][0x85][0xc5][0xd1][0xef][0x1c][\n]"
DEBUG wire -  << ")[0xe4]x[0xf0]=[0xf7]q[0xbf]%[0x9f][\r][0xa3][0x96]k{_[0x1a][0xfc][0x8f][0x86]E[0xf0][0x14][0xf]T[0x84][0xb7][[0xf]=[0x1f][0xec][0x12]Vw[0x8e][0xea][0xf5]}[0x12][0xa4][0xbd]@?5"[0x10]9[0xf1][0xf][0xbd]"([0xb3]v[0x15]I[0x7][0xc6]r C|[0xad][0xeb][0xfe]t[0x80][0xe7][0x8b][0xde][0xcb][0x10]7[0xd9]G[0x10][0xbe]!5[0x90][0xec][0xd2][0xc8][0xf7][0xc2]9[0xff][0xfc][0x9f][0xa8][0xf6][0xe4][0xfd][0xcb][0xe1][0x8b][0x93]7[0xa7][0x9f][0x9e][0xbd][0xfd][0x7][0xaf]79[0xbe][0x87][0xbc][0xc4][0x15][0xc3][0x17]xQ[0x94][0xd2][0x1f]S'b[0xaa][0x82][0xdf]#([0xa5][0xf0][0x93][0x1d][0x8][\r][0xe]!{[0xeb][0x9d][0xe2][0x11]U[0x99]{[0xb][0xd9][0xfe][0xcc][0x9c]bn[0xb2][0xf2][0xa4][0xf4][0xe3]p[0x6][0xe5]\[0x1f]U[0xe0][0xcc][0x15][0xef][0x0])O[0x1f][0xe3]7[0x13]9[0xc5][0xe7]S[0x18][0x12][0xc0]Q[0x18]i[0xe7][0xc2])H+S[0x15]~[0x10][0x16]?[0x91][0x88][0x1f][0xfd][0x85][0xe6][0x88]}[0xa6][0x90]a[0x1b]=[0x8f][0x1]N$[0xc0][0xd3][0xbb][0xf7]g[0xbf][0xe3][0x87][0x11]Cvi[0xfb]3,[0xfc][0xe6][0xec][0x1f][0x1f] [0xe5][\r]F[0x0][0xaa][0xf2][0xee][0xd5][0xc9][0xa7][0xe1][0xf9][0x87][0x93][0xf7][0x98]v[0x1e][0xe3]1l^[0x4][0xf5][0x93][0xda][0xbb]z[0x6][0xf2][0xf6][0x1d][0x87][0xf0][0x83][0x5][0x80][0x17][0x1f]_[0xbd][0x1a][0x9e][0x9f][0xbe]?;{[0x3] /[0x80]d"[0x1c][0x19]R{[0x81][0xf9][0x1f]~[0xfb][0xf8][0xfa][0xd9]9d}[0xc0][0x6]x[0xd4]v"R[0xfb][0x15]sN_[0xbd]=?[0x83][0xc][0xce]6R;[0x8b]LL={[0xff][0xfe][0xed]{[0xe][0xce][0x12][0xc1][0x0][0x1]Jn[0x2]0[0xa9][0x87][0x2]4b[0xc4][0xe1][0x9f]1[0xd2][0xc9][0x93]Q[0xf8][0xa5]qL[0xe4][0x9c]L[0xc][0xc1][0x1b][0x9d][0xe0][0xe2]*[0xbf][\n]"
DEBUG wire -  << "A[0x7]Y[0x7][0xfe]Bi[0xec][0x3]d[0xc9]U0[0x9c][0xc0][0x88]c([0x9]7[\n]"
DEBUG wire -  << "[0xbf][0x13][0xcc]F6&[0x9d]&[0xbe][0xbc]'?[0xa4]'[\n]"
DEBUG wire -  << "[0xc9]N[0x92]_[0xb0][0xac][0xca][\n]"
DEBUG wire -  << "[0xac][0xf1]b2[0xa4][0xe3]i[0xe][0x16]rl[0x0]r[0xc1][0x1f][0xd6][0xb][0xb6]l[0xeb][0x97]D[0xcb]|[0xa9]8a[0xfa]E[0x1e][0x1f][0x4] D[0xc][0xe5][0xd8][0xe8]KC[0xd4][0xa7][0xe3][0xb7][0xb4][0xb1][0xe1]B[0xcc]g[0xf6][0x9][0x8c][0x84][0xe4][0xe3]K[0xaf][0x8c][0xa6][0xc7][0x85][0xdd][0xf3][0xdf][0xb3]h[0xe6][0xc4][0x11][0x8a][0x83][0xf][0xac][0xe6]/[0xe0][0x14][0xe2]MG[0xd0][0xf][0x10][0x4][\n]"
DEBUG wire -  << "[0x0][0xc8]7d[0xb6][0xcc][0x5]s[0xc1][0xc8],[0xe0][0xab]U|[0x87]+[\r]C[0x90][0x87]ol[0x1e][0x91][0xd8]'rW9[0xd3][0xf9][0xa8][0xf3][0xe6]Y=[0x8f][0xac]R=w[0xc0][0x84][0x6][0xee][0x9c]9[0xa0][0xab][0x18]~[0x19][0xf4]%Z[0xbe]H[0xbe][0xeb][0xc9][0x90][0x6][0x8e][0xf1]%[0xfb][0xb4][0x95] ?36tl[0x9c][0x9c]`[0xd7]&c[0x16]/[0xfd][0xc9][0x9f][0x91])[0xbd]d[0x4]73[0xb9][0x1]J[0x18]T[0xc7][0x81][0xe1][0xc1]'H6j)[0x16][0xe9]B[0xb3]1Y:[0x1a][0xe2][0x11]m[0x81][0x10][0x1b][0x14][0x11][0x99][0xce][0x17][0xb4]]zm[0xbb]3[0x97][0x8]"[0x8]?[0xdd][\r][0xb6][0x81][0xc4][0xc9]w[0xa9][0x11][0xdb][0x9f],[0xf4][0x87][0xa3]y[0xcc][0xef].`\[0xd2]![0x17][0x9f][0xf1][0xab][0xd5]H[0xcd]\/[0x88]3[0x8][0xfc][0x14]E[0x19]x f[0xba]xA[0xf9]m[0xd6]s?[0xc4][0x9b]5[0xe3][0x14][0x7]w2[0xe4][0x7][0xb5][0x3][0x16][0xba][0xf8]AY[0x8b]S[0x11]1[0xf0][0x1d]p[0x15]3d[0xa8][0xb]y[0xd3][0x0]jH[0xbd]![0x97][0xfa]2)[0x88][0x81]z[0x84][0xe7]-[0xa5][0x8]3[0x87].s[0xfd]p[0x9e]g[0xf0]k[0x9e]B[0x92][0x94][0xaa][0xe2][0x84][0xef]5[0xc1][0xa0][0x4][0xea][0xcb]pY6(G\[0xa3][0x8c][0xf2][0xf8]8a[0xf0][0xbf][0x83][0xab][0xd0]!_[0x12],p[0x1c]Y[0xbd][0x8c]F[0xb9][0xc4]8[0xe4][0xb][0x82][0x80][0xeb][0xc4][0x13]k[0x83][0xc4]7[0xb9]3[0x85][0xf7][0xae]pd[0xa2][0xdb][0xf4][0xa5][0xba][0x4][0xc4][0xd9][0x8e]"[0xfc]x[0x84][0x80][0x1c][0x8a][0xb1][0xc][0x9a][\n]"
DEBUG wire -  << "[0xec][0xda][0x15][0xc5][0xbd][0x8]0v[0xc7][0xf6]d&[0xdc]FQM[0x8a]Oz^[0xbc]*[0xdc]x[0x87][0x93][0xc7]h[0xbc]l[0xfc][0xd4]M[0xec][0xf3][\n]"
DEBUG wire -  << "$[0xe2]J[0x81]u[0xe9][0x9c][0xe0]![0x90]D[0xbc][0x8c][0x94]s[0xa8]M[0xd2][0xe6][0xfd][0xf6][0xe1][0xc3];Ys[0x86]p[0xc]z[0x97]#[0xfa]([0xca][0x8a]w[0x4][0x80][0xf0]oX[0x6][0xca]1@d[0xe1][0x17].2[0x11]K[0xbf][0xa7][0xfe][0xc8][0xf8][4[0xc2][0xb9]ah[0x8a][0x0]d[0xe1][0xa3][0xd6][0xdf][0xa2][0x12]^>[0xae][0xac][0xbb][0xc][0x17][0xc8][0xc3]=[0xad][0x1a][0xaf].[0xc1]L[0xae][0xa6]`U[0xf8][0xd5][0x8d][0xb6][0xdc]s +[0xe7][0xd2][0xe3][0xa7][0x1c]x[0xf9]6k"[0xf4]i[0xe6]y2[\n]"
DEBUG wire -  << "R[0x10]>[0xbc]M[0xdc]7[0xeb][0x88][0xe6][0xbf][0xc0]ZE[0x82][0xe0][0x91]l[0x7][0x98]U<[0xdc][0x94]qQ&[0xe8][0xc2][0xeb]@[0xe1][0x80][0xbc][0xe7][0xf2][0x9][0xcc]N8[0xf3][0xcc])7/[0xca]i[0xf2][0xfc]e[0xd6]j[0xb6][0xf6][0xb9]X[0xa2]>Fl[0xae])[0x14][0x10]6[0x1c]d![0x9a]"FN[0xdf]0[0xe5]?[0xc0]aQ[0xc3]|[0x14][0xf1][0xbf][0x16]([0xb0]H[0xf6]#[0x96][0x95][0xc2][0x9b]hB<V>L[0xce][0xef]K,\#r[0x9][\r][0xdd][0xd7][0x11]b<[0x1][0xc1][0xc5][0x85][0xf5]h[0x16][0xb2][0xa7])MC[0xae][0xdb]>[0xb1]H%"[0x81][0xd8][0xe8]-[0x8][0x8e][0x88][0xcc]7[0xbe]*9$[0xf2][0xc4][0x8c]Z_[0x19][0xf5][0xba]m[0xda][0x1a]Y[0xa3][0x16]$[0xde][0xcf][0x8f]Kt[0xf9]fF[0xb3][0x12][0xcb]SN[0xd6][0xa0]{[0xd0]j[0xf6][0xba][0xcd][0x91][0xd9]U[0xf8]G%[0xa3][0xe9]0[0xba][0x1a][0xf][0xd7]#-~!7!({[0xd2]92[0x1d][0x90][0x9]1[0x8a][0xb9][0xb1][0xff]|#[0xe][0xf1]!1[0xb8][0xe1][0xfe]/[0x98][0x12][0xf1][0x1]`[0xa9][0xdc] [0xf3]'[0xe5][0x16][0xbc]8[0xb1]y[0x9b]&n[0x3][0xff][0xbc]6([0x4]F[0xdd]a[0xd2]~[0x91]~ECO[0xc8][0xc1]k9n<p[0xa8]`X[0xf8]ca[0xaa]P[0xaf][0x9b]S[0xf4][0xab]A[0xec][0xd1]J%"[0x8f][0xae][0x14][0x1f]I[0xf3][0xc4][0xec][0xc9]!e[0x15][0x86]#[0x7][0xe1][0x83][0x90][0xab][0x9f]E=[0x88]R[0x89][0xe6]%E[0xfc]i[0x1][0x1f][0xda][0xb][0xcf][0x4][0x9b][0x84]1Ej[0x8f][0xaa]P[0xdd][0xfe]%[0xa8][0x9][0xea][0xbf][0xad][0xa0]n!N[0x15][0xfa]=Y[0xd0]L[0x8d][0xee][0xd8][0xbe][0xe6][0x8d][0x94][0xdb][0x97]@[0xb3][0xf3][0xcd][0xa6][0xf8][0xc5][0xd6]j[0xe1][0xc5]e[0x8d][0xd4]![0xc5][0xcb]*[0x4]W[0x12]&'[0x6]AT[0x7][0x1d][0x86][0x11]?'?YB[0x85]bv[0x94].[0xa8][\n]"
DEBUG wire -  << "/[0xc7][0xa5]1[0xc6][0xae][0x8a][0xe5]3[0xe1][0x8][0x8a][0x4]>[0x9d]`[[0xe2][0xc8](/[0x86]y<[\r][0x7][0xe5]L[0xec][0x97]B[0x12]%:[0xf4][0x89][0x80][0x1d][0xe0][0x1][0xe0]r9[0xf7][0xcb],[0xe1]I[0xf0]y[0x9]n[0xc3][0xa8][0xc3][0xbf][0xfe][\n]"
DEBUG wire -  << "A[0x9d]4[0xef][0x95]6[0xec][0xdf][0x88][0xe3][0x89][0x6]:[0x9f][0x8d][0x16][0xb5][0x17][0xb8][0xc2][0xf]~AER3q_FN[0xec][0xe1]v[0x2]1[0xe7][0x83][0x1e]d[0x85][0xae][Pp[0x5]v[0x15]J#[0xcb][0x2][0xbc]y/[0x9d][0x96][0x91]M>[0x15][0xf5][0xf2]%[0xf5]SQ/[0xf8][0x95]'[0xe2]3[[0xef][0xf8][0xe2][0x80][0x1d]Fq:C#[0xe6][0xb9]^[0xe0]4[0xd7][0xdb]l[0xbe]H0LL[0xaf][0x84]xW[0xb](@[0xb9][0xe6][0xba][0x91]*[0xc4][0xeb]A[0xbe][0x14][0xe6][0xd0] [0x84][0xc5][0x8f][0xdc][0xa3]%[0xe0][`[0xbe]4[0x94][0xdb][0xac][0x13][0xf6]Y[0xaf][0xb9][0xcf][0xe]{m[0xca][0x7]evQ[0xc5]D[0x1d][0xa9]V[0xf6][0xb9]n[0xdc]C[0xf8][0xfd][0xfb][0xea]on[0xab][0xcf][0x7]J[0xf6][0x9]bE=[0x1b]T~[0xbf][0xf8][0xc5][0xa0][0xe2][0xcb][0xc9][0xbf][0xe][0x94][0xf2]G[0x93][0x15][0xf5][0xb7][0x1][0xc4][0xe3][0x1f] x[0xf1]g[0xf1]Q[0xee]3[0xe2][0xf5][0x9b][0xbf][0xbd]:y[0xa6][0x8b]N[0xa9]mpI[0xcd]Er[0x91]Qrk[0xd4]E[0xa4][0xd4][0xf5]+j[0xc7][0xb5][0xfa]=[0xd0]h[0xae]=AF[0xf3][0xbb][0xa7][0xee][0x84]r[0x93]IO[0xa8]M[0xde][0xe8][0x80][0x93][0x91][0x2][0xff][0x9d][0x11]/[0xbb][0x8a][\n]"
DEBUG wire -  << "[0x90][0x8f]l[0xc7][0xc1]K[0xcc][0x80][0xef][0xb8][0x82][0xbb]a[0x5][0x15][0xcc][0x98][0xd9][\r][0xd0][0xfa][[0xe0][0xc2][0xf][0xde][0xfa]u[0x1f][0xc2]A[0xef][0xb2][0xc0]6[0xbf]A[0xc0]sg[0xf2][0xab]1[0xca]o#n[0x9][0x9b][0xeb]C[0xf7]m[0xb][0x19][0x9f]g[0xbc]gC[0x13][0xf7][0x7]([0xbb][0xb6][0xef]IY[0x8a]+[0xf5][0xa9][0xb6][0x83][0xe][0x14][0x8d][0xe5][0x80];v[0x89][0xac][0xba]X[0xec]"+Z[0xc][0xda]I[0xc8][0xf][0x8e]#[0xdf][0xbb][0xb7]@F[0xf8][0xe9][0xca][0x91][0xb3][0x85][0xd1][0xb4][0x84][0xf6]2[0xa7][0xb7][0x85][0xb7]p[0xb1][0xdd][0x96][0xd1]or[0x97][0xdb][0x8f]1^nX[0xd3]B[0x16]8[0xf3][0x1f][0xa0]z[0xcd][0x97][0x97]/[0xca][0x1f]^[0xde][0x2]v[0xc0])[0x10][0xdc][[0xd6][0x2]?[0xb2][0xd1][0xa4]nMY[0xe1][0xe7][0x1f][0xee][0x85][0xb]=M[0xc3][0x98]o[0x8b] [0x9a][0x9b][0xa5][0xbf][0x1f][0xb7][0xa2][0xd9]d[0x82]W[0xdc][0xdd]C[0xae][0x97][[0xe2][0xbc][0x83][0xf9]#v[0x18]^[0xf9][0xee][0x9f]j[0xea]*6[0xc][0xa5][0xdb][0x1b][0xf9][0x5][0x86][0x17][0x11][0x1e]Qb[0xde][0xf0][0xe3][0xf9][0x8f]4l[0x89][0xef]"[0xf0][0x88][0xe6][0x1c][0xdd][0xfe]V[0xcb]]af[0x8f]k|[0xed]A[0xb1]=b[0xf2][0xd7]][0xf3]s[0xf3]k[0xfd][0xe6][0xb7][0xec][\n]"
DEBUG wire -  << "3[0xdd][0xc4][0x99]l[0xa6][0xb6][0xba][0xf5][0xa3][0x90][0xc5][0xb3][0xd0][0xbb]5[0x7][0x8]u[0xcb][0x97]Y[0xc1]%-[0xde]d[0xa6][0x88][0xfa][0xc0][0xb]e[0x3][0xbe][0xf0]tDu[0xdf]CU7[0xa0][0x9f][0xcf][0xbe][0xe][0x8a][0xd5][0xd7][0xe8][0xe7][0xe7]_[0x1f]?[0xc6][0xdf][0xbb][0x3]\[0x89][0x17]2[0xa2]dI"[0xa6]U[0xea][0xdf][0xbf][0xb3][0xfa][0x8d] [0x80][0x88][0x5][0xad]"^o[0xe6]8Gl[0x80]a[0xfa][0x11]x[0xa6][0xb7][0xf2][0x92][0xb4];[0xc9][0x85][0xc5][0xc6][0xc]'[0xcd][0xb5]lq:[0xca][0x89][0x87]CG[0xb2]g[0xd3][0xaf]u[0xb7][0x95]#[0xb3]|[0xf3][0x9a][0xa9][0xf3][0x0][0xe3][0x14][0xaf]N[0xa9][0xdf][0xaa][0xcd][0xfa][0x11]4t[0x4][0xcd][0x19]p"[0x1f]?[0x1e]}[0xfe][0x15]x[0xcc]S[0x94]d[0x6][0xf4][0x8][0x13]k/T+[0xcf][0xa0][0x91][0x1e]2[0x9c]@-[0xb8][0xe3][0x8][0xa4]r[0xe][0xd4][0x8f][0x4][0x8e][0x94]k[0xb7]2[0xfd][0xf6][0xb6]^[0xc3]@4[0xbd][0xf7][0xad]~[0xb4][0xd3][0xf8][0x89]|[0xfd]zL~j[0xa4][0xd7][0xaf]=i$[[0xe2]pQ[\r][0xf]>[0xe1]N[0xba][0xe7]s[0x8f][0xba][0xb6]).6[0x93]wF[0x8a]Y[0xe9][0xa6]n[0xb4][0xdb]D\\[0x1d][0xe9][0xe2]J6,q[0xca]#[0xc3]r[0x81][0xd1][0x9c][0xfc][0xfd][0x9d]v>[0xb]`[0xa8]q[0x8][0x2]!C[0xab]i[0x1c]jMC3:[0xc4]8[0xe8]w[0xf7][0xfb][0xc6][0x81]8[0xb3][0xc4][0x11]E[0x8][0xc]q#[0x2]C[0xea][0xff][0x0][0x16][0xd3][0x9c][0x17]H[0x97][0x0][0x0]"
DEBUG RequestSpecificationImpl$RestAssuredHttpBuilder - Parsed data to instance of: class org.apache.http.conn.EofSensorInputStream
DEBUG RequestAddCookies - CookieSpec selected: default
DEBUG RequestAuthCache - Auth cache not set in the context
DEBUG PoolingHttpClientConnectionManager - Connection request: [route: {}->http://localhost:2064][total kept alive: 2; route allocated: 1 of 2000; total allocated: 2 of 2000]
DEBUG PoolingHttpClientConnectionManager - Connection leased: [id: 1][route: {}->http://localhost:2064][total kept alive: 1; route allocated: 1 of 2000; total allocated: 2 of 2000]
DEBUG MainClientExec - Stale connection check
DEBUG wire - http-outgoing-1 << "[read] I/O error: Read timed out"
DEBUG DefaultManagedHttpClientConnection - http-outgoing-1: set socket timeout to 10800000
DEBUG MainClientExec - Executing request GET /session/e9c2f5b492893b90288674161d6e7d46/element/0.01484094461664287-18/attribute/href HTTP/1.1
DEBUG MainClientExec - Target auth state: UNCHALLENGED
DEBUG MainClientExec - Proxy auth state: UNCHALLENGED
DEBUG headers - http-outgoing-1 >> GET /session/e9c2f5b492893b90288674161d6e7d46/element/0.01484094461664287-18/attribute/href HTTP/1.1
DEBUG headers - http-outgoing-1 >> Cache-Control: no-cache
DEBUG headers - http-outgoing-1 >> Host: localhost:2064
DEBUG headers - http-outgoing-1 >> Connection: Keep-Alive
DEBUG headers - http-outgoing-1 >> User-Agent: Apache-HttpClient/4.5.3 (Java/1.8.0_161)
DEBUG headers - http-outgoing-1 >> Accept-Encoding: gzip,deflate
DEBUG wire - http-outgoing-1 >> "GET /session/e9c2f5b492893b90288674161d6e7d46/element/0.01484094461664287-18/attribute/href HTTP/1.1[\r][\n]"
DEBUG wire - http-outgoing-1 >> "Cache-Control: no-cache[\r][\n]"
DEBUG wire - http-outgoing-1 >> "Host: localhost:2064[\r][\n]"
DEBUG wire - http-outgoing-1 >> "Connection: Keep-Alive[\r][\n]"
DEBUG wire - http-outgoing-1 >> "User-Agent: Apache-HttpClient/4.5.3 (Java/1.8.0_161)[\r][\n]"
DEBUG wire - http-outgoing-1 >> "Accept-Encoding: gzip,deflate[\r][\n]"
DEBUG wire - http-outgoing-1 >> "[\r][\n]"
DEBUG wire - http-outgoing-1 << "HTTP/1.1 200 OK[\r][\n]"
DEBUG wire - http-outgoing-1 << "Content-Length:93[\r][\n]"
DEBUG wire - http-outgoing-1 << "Content-Type:application/json; charset=utf-8[\r][\n]"
DEBUG wire - http-outgoing-1 << "[\r][\n]"
DEBUG wire - http-outgoing-1 << "{"sessionId":"e9c2f5b492893b90288674161d6e7d46","status":0,"value":"http://pros.unicam.it/#"}"
DEBUG headers - http-outgoing-1 << HTTP/1.1 200 OK
DEBUG headers - http-outgoing-1 << Content-Length:93
DEBUG headers - http-outgoing-1 << Content-Type:application/json; charset=utf-8
DEBUG MainClientExec - Connection can be kept alive indefinitely
DEBUG PoolingHttpClientConnectionManager - Connection [id: 1][route: {}->http://localhost:2064] can be kept alive indefinitely
DEBUG PoolingHttpClientConnectionManager - Connection released: [id: 1][route: {}->http://localhost:2064][total kept alive: 2; route allocated: 1 of 2000; total allocated: 2 of 2000]
DEBUG BasicClientConnectionManager - Get connection for route {}->http://pros.unicam.it:80
DEBUG DefaultClientConnectionOperator - Connecting to pros.unicam.it:80
DEBUG RequestAddCookies - CookieSpec selected: ignoreCookies
DEBUG RequestAuthCache - Auth cache not set in the context
DEBUG RequestTargetAuthentication - Target auth state: UNCHALLENGED
DEBUG RequestProxyAuthentication - Proxy auth state: UNCHALLENGED
DEBUG DefaultHttpClient - Attempt 1 to execute request
DEBUG DefaultClientConnection - Sending request: GET / HTTP/1.1
DEBUG wire -  >> "GET / HTTP/1.1[\r][\n]"
DEBUG wire -  >> "Accept: */*[\r][\n]"
DEBUG wire -  >> "Host: pros.unicam.it[\r][\n]"
DEBUG wire -  >> "Connection: Keep-Alive[\r][\n]"
DEBUG wire -  >> "User-Agent: Apache-HttpClient/4.5.3 (Java/1.8.0_161)[\r][\n]"
DEBUG wire -  >> "Accept-Encoding: gzip,deflate[\r][\n]"
DEBUG wire -  >> "[\r][\n]"
DEBUG headers - >> GET / HTTP/1.1
DEBUG headers - >> Accept: */*
DEBUG headers - >> Host: pros.unicam.it
DEBUG headers - >> Connection: Keep-Alive
DEBUG headers - >> User-Agent: Apache-HttpClient/4.5.3 (Java/1.8.0_161)
DEBUG headers - >> Accept-Encoding: gzip,deflate
DEBUG wire -  << "HTTP/1.1 200 OK[\r][\n]"
DEBUG wire -  << "Date: Mon, 14 Jan 2019 17:23:56 GMT[\r][\n]"
DEBUG wire -  << "Server: Apache/2.4.18 (Ubuntu)[\r][\n]"
DEBUG wire -  << "Vary: Accept-Encoding,Cookie[\r][\n]"
DEBUG wire -  << "Cache-Control: max-age=3, must-revalidate[\r][\n]"
DEBUG wire -  << "Content-Encoding: gzip[\r][\n]"
DEBUG wire -  << "Content-Length: 11579[\r][\n]"
DEBUG wire -  << "Keep-Alive: timeout=5, max=100[\r][\n]"
DEBUG wire -  << "Connection: Keep-Alive[\r][\n]"
DEBUG wire -  << "Content-Type: text/html; charset=UTF-8[\r][\n]"
DEBUG wire -  << "[\r][\n]"
DEBUG DefaultClientConnection - Receiving response: HTTP/1.1 200 OK
DEBUG headers - << HTTP/1.1 200 OK
DEBUG headers - << Date: Mon, 14 Jan 2019 17:23:56 GMT
DEBUG headers - << Server: Apache/2.4.18 (Ubuntu)
DEBUG headers - << Vary: Accept-Encoding,Cookie
DEBUG headers - << Cache-Control: max-age=3, must-revalidate
DEBUG headers - << Content-Encoding: gzip
DEBUG headers - << Content-Length: 11579
DEBUG headers - << Keep-Alive: timeout=5, max=100
DEBUG headers - << Connection: Keep-Alive
DEBUG headers - << Content-Type: text/html; charset=UTF-8
DEBUG DefaultHttpClient - Connection can be kept alive for 5000 MILLISECONDS
DEBUG RequestSpecificationImpl$RestAssuredHttpBuilder - Parsing response as: text/html; charset=UTF-8
DEBUG wire -  << "[0x1f][0x8b][0x8][0x0][0x0][0x0][0x0][0x0][0x0][0x3][0xed]}[0xf9]~[0xdb][0xb6][0xd2][0xe8][0xdf][0xf1]S [0xcc][0xd7]XjIj[0xb1][0xbc][[0xce]q[0xbc][0xb4][0xb9][0xbf]l7N[0xce]9[0xfd][0xe2]|[0xfa]A$$[0xc1][0xe1][0xa2]r[0xb1][0xad]8~[0x97][0xf3][0xe][0xf7][\r][0xfa]dw[0x6][0x0]WQ[0x92][0x17][0xa5]m[0xee][0xad][0xdb][0xd8]$0[0x18][0xc][0x6][0x83][0xc1][0xc][0x96][0xe1][0xde][0xe3][0xa3]7[0x87][0xef]}{LF[0x91][0xeb][0xec][0xaf][0xec][0xe1][0x1f][0xe2]Po[0xd8][0xd5][0x98]g|8[0xd5][0xc8]8`[0x3]~[0xd5][0xd5][0xfc][0xe1][0xe][0x0]E[0xe3][0x9d]F[0xc3][0x1f][0x8e]M[0x97]5[0xbc][0xf0][0x89][0xb6][0xbf][0x2]e[0x18][0xb5][0xf7]W[0x1e][0xed][0xb9],[0xa2][0xc4][0x1a][0xd1] dQw[0xf5][0xc3][0xfb][0x13]ck5M[0xf7][0xa8][0xcb][0xba][0xda][0x5]g[0x97]c?[0x88]4b[0xf9]^[0xc4][0xbc][0xa8][0xab]]r;[0x1a]umv[0xc1]-f[0x88][0x17][0x9d]p[0x8f]G[0x9c]:FhQ[0x87]u[[0x1a]bq[0xb8][0xf7][0x99][0x4][0xcc][0xe9]j[0xe3][0xc0][0x1f]p[0x87]id[0x4][0xa4]u5E[0xd4][0xd0][0x1d][0xf]M?[0x18]6[0xae][0x6]^[0xa3]%[0xca]<[0xda][0x8b]x[0xe4][0xb0][0xfd]_|[0x97][0x11][0x83][0xbc]}[0xf7][0xe6][0x14]Y,[0xc]YH[0xa8]g[0x93]S[0x16]`[0xbd]!yI[0xfb]{[\r][0x9][0xbd]Br?{[0xa1][0x15][0xf0]qD[0xa2][0xc9][0x18][0xc8][0x8f][0xd8]U[0xd4]8[0xa7][0x17]T[0xa6]j[0x84][0xdb][0xd0][0x80]q<0[0x90]e1[0x1d]2C[0xe5][0x14][0xb1][0xe0][0xcf][0x5][\r][0x8][0xb][0x2]?[0xe8][0x85]Q[0xd0][0xf3][0xfb][0xe7][0xa4]K[0xae][0xa7][0xa0][0xf0]g5`[0xbf][0xc5]<`[0xf6]*[0xd9]![0xab]<$[0xe9][0xbb]^[\r][0xef][0xf2][0xd0][0xa5][0x91]5[0x12][0xf0][0xb6][0xf][0xcd][0xf1][0xfc][0x88][0xc8][0xa4][0x19]E.[0xa8][0xc3]m[0x1a]q[0xdf]K*[0xc1]""uu[0xaa][0xc4]M[0x91]%[\r][0xd9][0xc6]b[0x13]W[0xf6][0x1e][0x1b][0x6]y?[0x2]L![0x8f][0x18][0x81][0xbf][0xfe]8[0xe2].[0xff][0xc2]lr[0xc9][0xa3][0x11][0x89]F[0x8c][0xfc][0xea][0xd3]0"[0xa7][0xc7]o[0xc8][0xd8][0x89][0x87][0xdc]#[0x17][0xdb]f[0x7][0xba][0x6][0xfb]0[0x84]N[0x9c]`[0xbe]i[0xf9]n[0xe3][0xd2][0xf]l[0x10][0xbd]0lH[0xc8][0xb0][0x11]2[0xbf]A[0xc][0x3][0x84]4[0x13][0x5][0x8b]z[0xbe][0xc7]AJJ[0xc2][0x0]"[0x12][0x9a]1[0xe6][0xb8]&[0x8f][0x1a][0x1a]i@1![0x87][0x90]3fA4[0x11][0x2][0xed][0xf8](`9ad^[0xf]e[0xbe][0x1a][0x1a]e /[0xb8][0xac][0x8f]-[0x9d][0x9][0x8d][0xc2][0x94][0x3][0xbf][0x9d][0x10][0xce][0xc2][0x16][0x7]N[0xe][0xd7][0xdd]Z[0x89]T[0xf6]p[0xfc][0xe5]0[0xdc][0x93][0xc][0xee][0x82][0x8c]/$[0xe4]rl([0x88]F<v|j[0x87][0x8d]v[0xb3][0xb5][0xd9]h5[0x1b][0xfd]8[0xe4][0x1e][0xd4]i[0xb0][0xc1][0x80][[0x9c]y[0xd6][0xc4]h5[0xdb][0x9d][0xab]N{[0xcd]<[0x1f][0xf][0xe7]V[0xbc]#[0xd4]C[0xae]z,9[0xbf][0xc4][0x88][0xf1][0xe1]([0xaf]n[0xa0][0x9e]\[0x9][0xa9][0x95]"[0x90][0xcf][0x88][0x5];[0x16][\r][0xec][0x1c]h[0x18][0xbb].[\r]&3[0xc1][0x1f][0xdc][0xc3]Et[0xdf][0x82][0xb7][0x19]K[0xf3]zl[0x95][0x8e][0xc7][0xe] [0xc4][0xe1][0xdf]p[0xec][0x9f][0xce]CP[0x3][0xfb][0xd7][0xda]?[0x4][0xe6][0xab]H[0xdb][0xd1][0x92][0x1][0x19]Z#[0xe6]R[0xd4][0xab][0x9a][0xae][0xfd]C[0x8c][0x80][0x1d][0xed]_[0xac][0x8a][0x92][0xf])[0xdc]V[0xc0][0xd3][0x94]>I[0x6][0x88][0xae][0xa1][0xf4][0xce][0x2][0x83]l![0x9b];[0xb]eR[0xd7][0xc6]>6[0x1c]f[0x86][0x3][0xb]i[0xd7]v[0xae]S[0x9a]N[0x19][\r][0xac][0x91]J[0xd7][0xb5][0x88][0x6]C[0x16][0xcd][0xac][0xf4]Y[0xd8][0xbd][0xe]E[0x89][0x1e][0xb0][0xde]E[0x95][0xcc][0xbd][0xe1][\r][0x14][0xfc]-f[0xc1][0xc4][0xe0][0xde]8[0xc6][0xd2][0x89][0xe6][0x95]]5]B[0xbb][0xb9][0xc9][0xd4][0xe1]Ry[0xfc]&[0x18]R[0x8f][0xa1][0xaa]=[0xb]8[0x18][0x2]y[0x7][0xa1][0xb6][0xf3]1EzyyiN[0xfc]8[0x8a][0xfb]L[0xe8]S[0x98][0x97]=[0x8f]9[0x8d][0xf][0x87][0xbd][0xc3][0xdf][0xae]^EG[0x83][0xe0][0xe7][0xff][0xbe]|3[0xfc][0xef][0xdf][0xfa][0xfd]&[0xf3][0x87][0xda][0xa7][0x5][0xbd][0xe9][0x17][0x9][0xba]u[0x9f]9[0xfe][0xd0][0x7]@-[0xcf][0xa8][0x9c][0xf4][0xf]}[0xe8][0xc0][0xb4][0x9][0x82]b\[0xb0][0x80][0xf][0x14][0xcf][0xf2][0x8a][0xf6][0xe7]h-|s[0xf8][0xbf][0xb6]^[0x9c]l[0xad]o[0xbf]::y[0xf3]a[0xbc]M[0xff][0xfd][0xe1][0xf4][0xc8][0xde][0xee]M[0xb6]_[0xfc][0xbb]s[0xfc][0xe5][0xcd][0xeb][0x17][0xbf][0x9c]n[0xbd][0x92][0xb2][0x8e]3Qcj[0xae]1[0xc5][0xe4][0x91][0x9b]=Vm/4[0xd0][0xbc]ab[0xee][0x14][0x13][0xc8]j[0xa3][0xe1][0xd2]+[0xcb][0xf6][0xcc][0xbe][0xef]G[0xd0][0xc9]t[0x8c]/[0xc0][0xc1]U[0x81]zQ[0xe1][0x1][0x10][0x1d][0x9a][0xb2]Qt[0xcc][0xc3][0xdb][0x97][0xc][0xcd]K[0x14][0x81][0x12][0xb0]F[0x1d][0x10]7[0x8f][0xe2]<#m[0x90][0xbc]\[0x5]a[0xf8][0xd3][0x95][0xb]3[0x83]PE[0xb][0xb5]:y[0x1a][0xd0][0xdf]b[0x97][0x9c]0f[0xcf][0x9f]1[0x7][0x0][0xa1]&[0x94]oL[0xcb][0xa1][0xef][0xba][0xd0][0xcd][0xe1]-[0x88][0xb2][0x14]h[0x8e]:[0xb0][0xf1][0xe6]Zh[0x8][0xf1][0xe8][0x92]{[0xb6]i[0xf6].[0xc7][0xcc][0xf5][0xcf][0xf9])[0x8b]"[0x18][0xbb]![0x1a]`Z[0x9f][0x86][0xec]C:[0xb8][0xc2][0x9d][0xb3][0xc6]Y[0xd2][0x15]g[\r][0xa1][0x92][0xc3]3[0xa8]8`g[\r]Q[0xf8][0xc]l[0xcb][0xb3][0xc6]f[0xfb]j[0xb3]}[0x86]#O[0xe]es[0xec][0xe1][0xe0][\r]/[0x86]w[0xc7][0x5][0x85][0x4]&[0xf8]{,[0x91][0xc1][0x13][0xbe][0xfb]q`1[0xd4]q0[0x12][0x80][0xc9][0xa2]H2>[0x11]u[0x91];g85p[0xcf]rb[0x1b][0xab]9[0xf]E[0x82](d@[0xef]1h[0xa7][0xe9][0xc2](8[0xf][0x9f][0xc1]8[0xeb][0xae][0x9b]M[0xb3][\r][0xea]k[0x17][0x19][0xf4]x[0x10]{Bs[0xd6][0xa8][0xde][0xd7][0xad][0xfa]u[0xf2]NlL[0xa9]_[0xa3][0xf1]juO[0x85][0xce]3[0x7][0x81][0xef][0x1e][0x82][0x99][0xe8][0xdb]l[0xd7]1-[0xc0][0x1d][0xbc]cVTk[0xea]M[0xfd][0xb3])m[0xf8][0xcf][0xa6][0x9c]z[0xeb][0xba]c[0x82][0xb5][0xee][0xbc][0x7]F[0xd5],[0x13]%fR[0x8b][0xc0]L[0xd4]i[0x1d][0xc0][0x9b][0xf5]][0xc4]mw?[0x9b][0x91]D#[0xfa][0xe1][0xdd][0xcb]Z[0xfd][0x1]X[0xfb]9[0xac][0xac][0x84]5`Q[0x1c]@[0x9b][0xba][0xdd].[0xbb]I[0x9b][0xc8]jT6[0xb0][0xbf][0xcb][0x7][0xb5][0xc7][0xce][0xd7][0xaf][0x8f]3[0xe4]uY[0xe6]qk7[0x84]i[0xda][0x1a][0xd5][0x1c][0x13]E[0xec]9p[0x13][0xc6][0x5][\n]"
DEBUG wire -  << "[0x9c]?[0xd6][0x90][0x18][0x1f]5[0xd5]F[0xb3]I[0xd6][0xda][0xe3]+r[0x10][0xc0]$[0xa5]A[0x13][0xaf]-[0x80][0xd4][0x6][0xe][0x1d]j;[\n]"
DEBUG wire -  << "U[0xad][0xdf][0xb5]k[0x1f][0xd7][0xd7][0xd7][0xd6]7[0xf4][0xf5][0x8d][0xad]6[0xfc]N[0x9e][[0xdb][0x9f][0xf4]B[0xce]V[0xbb][0xb9]V[0xc8][0xae][0xd7][0x9f]>- [0xd8]\[kC^[0xab][0xbd][0x5][0xbf][0xc1][0xb8][0xc9][0x9e][[[0xb9][0xf4]V[0xf6][0xbc][0xd6][0xac][0x86][0xef]lf[0x95][0xb][0xac][0xb2][0xf2][0x1c]h1[0x1][0xf0][0x97] Z[0xa5][0x4][0xa8]i[0x1][0xe][0xa8][0xb3][0xae]?[0xee][0xd7]w[0x5][0x9b][0x94][0x84][0xab]nJ[[0x89][0x90][0x9b][0x1b]M}{s[0xbb][0xad]o[0xac]7[0xd7][0x12].%[0x19][0x2]g.[0x17]Q[0xde]$[0x1d][0x97]u[0xf4] [0xe9]h[0xab][0xdb]7[0xad][0x80][0xc1][0x90]:v[0x18]j[0x94][0x9a][0xa6][0xd4][0x5][0x10]b[0x86][0x81][0xd5][0xa5][0xba]e[0xda][0xa0][0xa1][0x83][0xae]eV+[0x16][0xbd]o[0x82][0x81][0xa1][0xca][0x87][0xcf]'[0xef][0xe9][0xf0]5Lh5[\r][0xbd]a[0xad][0xfe][0xb1][0xf9][0x9][0xa5][0x92]y[0xf6][0xe1][0x88];v[0xcd][0xaa][0xdf]`[0xcd]C}[0xa4]s[0xfd]\[0xff]<M[0x1][0xb8]2[0x80]\[0x3][0xc9][0x6][0xa9][0x5][0xd4][0x87][0xd2]Nx[0xfa]4[0xff]V[0xd3][0xda][0x80]|w[0xe0][0x7][0xb5][0xf3][0xee]A[0x10][0xd0]IM[\n]"
DEBUG wire -  << "[0x97][0xae][0x98]W[0x7][0xc2][0xc3]x[0x8c]>6[0x98]8[0xc]F[0xfa][0x4][0x86][0x85]7[0xdc]y[0xdc][0xd4][0xb3][0xb7][0xe3]+[0x8b][0x8d][0xa3][0x13]([0x8][0xe9]7:[0xef]6w[0xf9][0xde][0xb9][0xe9]0o[0x18][0x8d]v[0xf9]O?[0xd5]3,[0x1f][0xcf]?[0xf2]O[0x9f][0xba][0xac][0x86][0xf3][0xe8][0xcd][0xc]_[0xb7]2[0xf5][0xe9][0xd3]2[0x16]][0x12][0xfb][0xb8][0xdb][0xc5]W[0x90][0xe4][0xca]r[0x19]u[0xd5]x[0xb3][0xfc][0xe9][0x1a]D[0x7]>[0xc][0xe5][0xe3][0x1c][0x4][0x92][0xb]M>z[0xf3][0xea][0x1d]t[0xeb][0xa4][0xfb][0xb8][0x5]o[0x1]>[0x1e]R[0xc7][0xe9]S[0xeb]s7U[0x9d]0[0xd6]s[0x80][0xc0][0xd6][0xca][0x9a][0xbe]~[0xad][0x8d][0x8a]e[\n]"
DEBUG wire -  << "[0xe8]j[0xf5][0x1b][0x90],j[0xdb][0xc7][0x17] [0x15]/y[0x8]&[0x10][0xb][0x9e][0xd5][0xa6][0xd3]j[0x1a]Tv(m[0xa4][0x97][0xe0][0x7][0xc0][0xe4][0x9][0xc2][0xf5][0xb8]U[0xd7]i[0x5],z[\n]"
DEBUG wire -  << "*[0xbf][0xbe]S[0x3][0x88]([0xa2][0xd6]H[0x0][0xd5]4[0xdf]S[0xd9]u[0xac][0xbb][0x98]#[0xa8][0xb]#[0x90]T[0xb4] [0xc1]A[0xd1]s[0xc4][0xc3][0xcc][0xe4][0x8e][0x1d][0x6][0x6][0x1][0xa8][0xd4][0xbe]l[0xc9])[0xc2]b[0xc7][0x94][0xdb]U[0xaf][0xeb][0x82][0xfb]bZ[0xfb][0xfa][0xf5][0xfa]F[0x1f][0x9a][0xb9][0x99][0xed][0xd9][0xa0]Vx[0xaf][0xef][0xc]M5a?}:4[0xa3]K[0xf5]XC8[0xf5]V[0xd7][0xf1]EA[0xd5][0xeb][0xf5][0x9b][0x9a][0x9c][0xea]u[0xdb][0xb7]b[0x1c]V[0xfa][0x8c][0xa9][0xbf][0x8e][0xd3]^f[0x90][0xa2][0x15][0x11]M[0x1c][0x96]7"[0xac]0[0x4][0xeb][0x81][0xbb][0x88][0xdf][0x8]][0xee][0xb0][0x89].^[0x5]"r[0xbd][0xf2][0xc8][0xe6][0xe1][0xd8][0xa1][0x93][0x1d][0xc2]=[0x9c][0xb][0xc8]c[0xee]boS/[0x2][0xec]}?[0xb0][0xc1][0xa9]#[0x9e]?[0x9d]se[0x84]#[\n]"
DEBUG wire -  << "dU[0xe5][0xca][0xf9]m[0x87][0xb4][0x98][[0xcc][0x10][0x13]`E:[0xb8][0xa8]`[0xdc][0xee][0x90]&1[0x9b][0x9b][0xe5]L[0x10][0xbb][0x8][0x97]G[0xc][0xea][0xf0]![0x0][0x19]Ms[\n]"
DEBUG wire -  << "[0x1]v[0xcf]0[0xf0]c[0xcf][0xae][0xa2]g[0xc][0xb2][0x84][0xfa][0x3][0xf0][0xe7][0xd3]oV[0x80]{[0xc8][0xb2][0x82]e+R[0xc2][0x11]c[0xd1]*.[0x8d][0xad][0x2][0xe7][0xfa][0x8e]o}6[0x1c][0xde][0xf][0xc0][0x95]6[0x80][0xa9][0xab]D[0x99][0xbc]3[0xfd][0xdb][0xc4][0x88][0xc1].h[0x0][0x93][0xa3]F[0x1][0x89][0xac]W[0xd8]2[0x0][0x90][0x19]3[0xab][0xca][0xf1]Jzo[0x95][0xb8][0xcc][0xe6][0x14]<1[0xc7])[0x9b][0xe0]eBG,[0x4][0xb7][0xd2][0xb0][0x1c][0x8e][0xda][0xdc][0xe8][0xd3][0xe0]v[0xa4]&[0xae]x[0xb2]F[0x15][0x81]'[0xc7]x[0x8][0xe][\r][0x8e][0xc][0xf0][0x97][0xc0]0[0xf6][0xfb][0x83][0xab][0x9e][0xeb][0xdb][0xb1][0x83]MJ[0x92][\r][0x87][\r][0xa9]5iP[0xb0][0x8e]#[0xd9]TID#G[0xc4][0xf2][0x1a]h[0xd3]p[0xc4][0x81][0xda][0xf0]>][0x90][0x94]].[0xcf][0x91]/[0x86][0xe4][0x8b]1[0x8e][0xfb]H[0x98][0x1]c66$[0x9d][0xcd])J[0xd1][0xad][0x9d][0xe1][0x9c][0x9][0xbf][0xcb][0xa0][0x97],[0xf4]][0xd6][0xe8][0x98][0x9b]fS[0x90][0x9e]O.P[0xdf][0x6][0x90][0xb5]oH}[0xeb][0x1b][0xc9]OV[0x85]h[0x1f][0xd4][0xc][0xe][0xd8][0xf2]Z[0x95][0xf2][0xf5]n[0xe4][0xb][0xb2]S[0x1]V"[0x9d][0xe2][0x12][0x94][0xa6]o[0x85]nh-i[0xe0][0x8a]~[0xe][0xf9][0x17]vK[0xf9][0x9e]Kx*8[0x2]aIl@[0x81]n?[0x84][0xe0][0xbc]D.[0x81][0xd6][0x82][0xdc][0xcf][0x95][0xf8]%[0xb1][0xba]'[0x92][0x1f]B[0xf9][0xb4][0xfa][0xbe]-W[0xe5][0x1c]=E[0x8b][0x9c]~%I%[0x14][0xfb]+[0xa6][0x92][0x10][0xf0][0xd3]P[0xa3][0xea][0xa4][0x94]@[0xd0][0xb3][0x4][0x3][[0xfd][0xe9][0x85]#<[0x86][0x9][0xaf]g[0xd1] "&[0xfe][0xee]90[0x7][0xe1][0x84][0xff](7WB[0xe3][0x1c][0x1f][0xe6][0xf7]'k[0x1b]k[0xeb]k[0x9b][0x90]y[0x3][0xff]f '[0xa6]C[0xfb][0xcc]1[0x6]`g[0xa1][0xfd]A[0xc4][0xfa][0xe2]GA[0xac]\T[0xfc][0xb4]c\[0xb2][0xfe]g[0xe]}[0x17]G[0xb8][0xbd][0xe5][0xc8][\n]"
DEBUG wire -  << "[0x93][0xd4][0xbc][0xd1][0x0][0x8a][0x2]P6[0xf1]?p5[0xb7][0xe1][0x7][0xfe][0xe4][0xe8][0xb8]m[0x93]oA[0xd5]bv[0x9]8[0x2][0xe][0x89]k[0xe2]/[0x3][0xb9]3[0xde][0xe9]3xa[0xb]K[0x83][0xc8][0xd8][0xb1][0xf5]P,[0x85].S[0x85]$[0xf7][0x92]>[0x1a][0x88][0x1f][0xe4][\r]yP'[0x15][0xba][0x4][0x85][0xcc][0xc0][0x9e]R[0xa2][0xa0]j[0xc9][0x99]I[0xa4][0xa2]7[0x8][0xad]h[0x8f]z0<zA[0x1c]N[0xe8],[0xea][0xa7]p[0xed][0x8c]|[0x18]@[0xb7][0xc0]([0x1][0x8b]x"
DEBUG wire -  << "[0x99][0xf8][0x91][0x92][0xb][0xbf][0x81]0d[0xe][0x94][0x10][0x18][0xec][0xc0][0x1f][0x83][0xb8]ybV[0x3][0x1c][\n]"
DEBUG wire -  << "[0xc3]>4`.[0xd8][0x0]L[0xef]p1[0x18][0x5][0x1f][0xe2][0x82]M[0xc1][0xc9][0xbf][0x82][0xec]}$|[0x1][0x19]}[0xdf][0x9e][0xec]x~T3G[0xa0][0xef][0xea]iy[0xf0][0xdd]i[0xec]D%|[0xa6][0xac]T[0x16][0xe8]G^}[0x89]hTO,[0x9][0x99]`""K{[0x18][0x99][0x84][0xfb]ShP[0xf][0x9]5][0x10][0xf2][0x8][0xfc][0xf7]9[0xd9][0x6][0xea][0xf2]<[0x80][0x92][0xf3][0x1c][0xad][0xe6][0x88][0x86][0x6][0xb5],[0xd0][0xd2]R[0x8a][0x85][0x84][0xe0]~[0xae][0x92][0xe9]&mo[0xaf][0xd3]][0xa5][0xde][0xb0][0xc4][0x98][0x82][0xa5]"[0x96]|I[0x8][0x16][0x8a]i[0xc5]A[0x80][0x9e][0x16][0x99][0x95][0xa3][0x1a]3;?'[0x9a][0xd2]k2[\n]"
DEBUG wire -  << "[0x95]gu[0xf7][0xe3]([0xf2]==}[0xca][0xb5][0xe3][0xd2][0xf7][0xc5][0xea]0[0xb8][0x96] [0xfc][0x1][0xa8][0xe9][0x9e]@E$[0xa4][0x1c][0xc5]Z[0x18][0xf7]][0x1e]i[0x9f][0xee]Q$[0xab][0xcb][0xe6][0x17][0xe0][0x12][0xa2][0x9a][\n]"
DEBUG wire -  << "[0xc5][0xc]Ga[0xf2]A%[0xa2][0x92][0xf0]w[0x1][0x85][0xc4][0xf0])[0x5][0x90][0xef][0xcb][0xc3][0x94]Q[0x96]SX[0x9a],'[0x9b]Z[0x95]^]*[0xcf][0xa0][0xaa][0xf4]R[0xa9]'R/[0xaa][0x16][0x91][0xb9][0xe2]1'3[0x91][0x90]y YW[0xc3] [0xc1][0xc6]8[0xe0][0xb8]=[[0x95][0xb6][0x83][0x92]_[0x99][0x91][0x1b][\r][0xe5][0xac][0x1c][0x11][0xe5],9F+[0xf3][0xcc][0xc5]ys0'[0x10]3[[0xb7]S[0x0][0x98]C[0xdc]b[0xf2][0xf3][0xa3]^[0xce][0x16]![0xb7][0x19]j"[0xcc][0xbc][0xb4][0x10]Xq[0xac][\n]"
DEBUG wire -  << "[0xc8]r c![0xd4][0x14][0xaa][0xd9][0xb5]N#[0xbc][0x3][0x85][0x99][0x86][0xbc][0x5][0xda][0xc]V[0xcc][0xf0]j[0x9e][0xcf][0xcb][0x8f][0xc2]q[0xe9][0x7][0x9f]AO[0xc1][0xec]=[0xf0][0x1d][0xee][0x1b]<b[0xee][0x8e][0x17][0x8d][0xc]K,[0xe2]nx?[0xb5][0xea][0xca]LHf-C[0xda][0x89][0xc9]Sb[0xf3]fF[0x85][0x1c]pa[0xf2][0x90]j[0xdd][0xcc][0x94][0xcc]+[0xe1][0xb2][0x81][0x99][0xea][0xe3][\n]"
DEBUG wire -  << "[0xcb]sJ7[0xff]C[0x18][0xcc][0xa4][0x6]N[0xb2][0xa1][0x96][0x8b]67[0xb6][0xc6]WurM[0xc4][0x14][0xff]h[0xce]\[0xb4][0xef][0xf0][0xfd][0xdc][0xcc][0xb0][0x18]4[0xe5]j[0xe5][0xec][0x9d]N[0xdc][0xd3]S8[0xa9][0xa8][0xe6][0xe]e[0xa7][0xeb][0x95][0x9c]M0D[0xfe]p[0xe8][0xb0][0x5]U[0xe4][\r][0x9][0xc2][0xe5][0xe4][0x93]M{y[0xde][\n]"
DEBUG wire -  << "[0xe6]&[0x13]P:[0xb5][0xe7]&[0xf][0x3]T[0x16]L[0xf3]jJ[0xc2][0xdc][0x8f][0x96][0x3][0xee][0xd9][0xff]t[0xb5][0x81]ch[0x9f][0xea][0xca][0x18]Pbj[0x5]>[0x98][0x8c][0x91][0x8f][0xb6][0x9a][0xca]*[0x10][0xae][0xd2][0x84][0x18][0xd7][0xf5][0x5][0x95][0x9a][0xb]j[0xbd]c[0xa5][0xd4][0xb6]{[0x91]/[0xec][0xe8][0x9e][0xc4]\_[0xee][0x8c]W9[0xd7][0x90]YSW[0x95]2[0xd3]3C[0xa6][0xec]>[0xcc][0x9e][0xea][0x97][0xa3][0xef][0xd2][0xb1]X[0xe5][0x94]5[0x9][0xee][0xfb][0xe1][0xbf]&[0x9][0x86]}Zk5[0xf5]NK[0xdf]n[0xea][0xe0][0xdb]v[0xea]z[0x93][0xac]A^[0xb][0xfe][0x19][0x8]T[0x6]i#[0x4][0xe6][0xae]Wch[0x8b][0x15]k[0xa1][0x8][0xfe][0xe8]J[0x13][0xc3][0xf][0xcd]Kt4(ZhIo[0x10][0x95][0xac][0xd4]^[0x92]^[0xa1][0xb6][0xaa][0x14][0xd6]CD[0xfb][0xae][0x3][0xaa]B[0xb6][0xab]l[0xf6]?h`/[0xdb][0x9c][0x9c]o[0xce][0xcd]7[0x11][0xe7][0x19]u[0xd3][0xee][0xc3][0xad]F]n&[0x9f]k[0x10][0xfe][0xa9][0xe6][0xd9]]-'r[0x1b]UrO{g[0xae][0xd9];s%[0x8]Fo[0x7][0x15][0xc0][0x6][0x8e][0xf0][0x16][0xc][0xf1][0xf2][0x10][0xee][0x88]!.`[0xd6][0xb2]1[0x8e]'*[0xd4][0x0][0x87][0xdc]-T[0x11][0xb8][0x92]d[0xac]W[0xea][0x88]j[0xc5]S[0xaa]x[0xaa][0xdc][0xb2]j[0xce][0xaf][0x82][0xe4][0xb5]Q[0xb6]Ldr[0x1c]%[0xd0][0x85][0xc][0xf4][0x90]H[0xc6]a[0x4][0x83]Q([0xa1][0x9c][0xdd]$O[0x84][0xa6][0xda]{[0x18]P[0x1b]wZj[0xb8]zH[0x3][0xdd]a[0x83][0x88][0xc0][0xd8][0xd5][0x89]x[0xea][0xfb] [0xd7][0xae][0x8e][0x87]]jJs[0xd5][0xf5][0xc8]O[0x9f][0xeb][0xfa]}[0x10][0xd9]m[0xfc]O"R[0xcf][0xb2][0x99][0xb3][0xe9][0x94]X[0xb3]Z[0xaa][0x88][0xd1]g[0x2][0xcb]J[0xf4][0xa4][0xb2][0x19]u[0xdd][0xaa][0x8e][0xdb][0xe0]N[0xba]Gj[0xbe][0xa2][0x16][0xc][0xa8][0x7][0xb2][0x8d]b]G[0xfb]+][0xf1][0xa8]^Yr[0xb8][0xe9]{F[0xc8][0xc4]^si[0xc9]&[0xb7]Pe[0xe]b[0x7]/[\n]"
DEBUG wire -  << "[0x4][0x8c]I#[0xb1][0xa2][0xba][0xc5][0xb5]Ma![0xb3][0xac][0xc9][0x85]-K][0x81][0xbc][0xd6]XX(][0xbf][0x1b][0x8a][0xd3][0x90]B[0xb5][0xe6][0x17]F[0x1e][0x15][0x96]D[0x12].[0xab][0xc9]x[0xc0][0xf1]`^[0xda]1[0xc2][0xda]T[0xd8][0xd7]-w]g[0xdd]fC][\r][0xb9][0x8d]-[0xbd][0xbd][0xad][0xb7][0xd6][0xda]:x7[0xcd][0x1f]Dr[0xad][0xbd][0xd6][0xd1][0xd7]7[0xf5]V[0xb][0xd2]Z[0xcd][0xe6][0xf][0xf5]][0xb2][0x92][0xac]q[0x83][0xbb][0xa2]jN[0x10]&[0xce]Jj?[0xd3][0xad][0x96][0xbd][0xd5][0xd9]%i[0x81][0x92][0xbb]S.?[0xed][0xf7]Ty<y[0xac]d[0x1a][0xb3][0x84][0x9b][0xa2][0xe5]x[0x1d][0xff][0x9b]M[0xcb][0x14][0x82][0xdb][0x11][0x93]G[0xbb]25s[0xc8][0xb9][0x1e]A[0x99]m$[0xf6]F"[0x84][0x6]*[0x86][0xdc]k [0xce][0xb4]e[0xef][0xe7]q[0x18][0x89]]]]><![CDATA[>[0x95]&w[0xfd][0xc0][0x19][0xad][0xeb][0xa4]r~[0x17]PRj[0x94]A[0x0][0x90][0xd5]F[\r]8[0x9a][0xd0][0xc][0x94][0xb9][0xc2][0x2][0x98][0xf2][0xa1][0xf2][0x90][0xcf][0xa5][0xc3]Z[0x2]T[0xd3][0xe2]t[0xf5]o[0xf]dR'[0x9a][0x5][0xf8]$`[0xe1][0xd8][0xf7]l[0xa2]L[0x10][0xb5][0xa2]T[0xa0]Gz[0xda][0xb8][0xc0]i[0x8c][0xfd]0*aR[0xde][0xb7][0xe3]P[0x18][0xb][0xd4][0x9][0xd5][0xde]M[0xe4]G[0xf2]e[0xc4][0xac][0xcf]~[0x1c][0x19]U[0x4][0x1b]I.y2[0xa6][0x13]<8[0x2][0xf][0xe][0xb5][0x98]\[0x11],[0x1]+[0xe]N[0x99][0x8a][0xf3]Y[0xb2]xQ[0x92][0xdc]k=[0xa1]X[\r]M;[0xd2][0x12]b|[0x9][0xd6][0xb9][0x94][0x84]"5[0x97][0x96][0x5][0xf3]$[0x5][0xde][0x0]7Q[0xb2][0xd2][0x92][0x15][0xd0]T[0x82][0x97][0x9a]'vk[0xf2]<Pso[0xc][0xfd]Xf[0xc5][0x92]<H[0x89][0xa7][0xaa][0xb9]B[0xb4][0xca][0xb9][0x11][0xed][0xe3]N[0xe3][0xa4][0xa7]zLr?[0xcf]:[0x1c][0xb5][0xc5]A[0xaa][0x12][0x93]A[0x9a]{[0x15][0x83]T[0xbe][0xab][0xd1]]t(r&fu[0x8e]t%[0xae][0x89]:[0xa3][0x83][0x8e][0xc7]N[0xb]L[0xa9]][0x92]&I[0xe3][0xa3][0x9c][0x8a][0x4][0xee][0xac][0xad][0x15][0xd2][0x4][0x95]*[0xf1][0xe6]o}[0xf6][0xb7]>[0xfb][[0x9f]}w[0xfa][0xac]j,[0x15][0x87]Q[0xb6]U[0x8c]Wqe[0x97]\[0x6]xR[0x19][0xc8][0x7]M[0xc0][0xd2]E[0x12][0xe4]8[0x10]+[0x19]^[0x94][\r])[0xe3]Fa[0x1][0xa0]R[0xb6][0xa9]0[0xde]s[0x4]>[0x1]{[0x1e]F[0x5][0xae][0x10]A[0xe3]>r[0xfb][0xba][0xb9]R=P6[0xf0][[0x9a][0xb3][0x9f]fHDU9[0xb5]2[0x81][0x95]~[0x9a]#X[0x92]`[0xd1]9[0xf9][0xbd]}[0xd9]7[0xc5][0xfc]R[0x19][0xd1][0xa3][0x89][0xee][0xb2][0x85][0xa1][0xee];[0xa8][0x82][0x95]z[0xac][0xcf]C[0xb8][0xb8]p%[0xb]Kl[0xae][0xac][0xe0][0xff][0x89][0xf9]Km[0xfa][0xa2]+[0x10][0x87];8[0x1][0xdd][0xac][0xa4][[0x19][0xdc][0xcb][0xb6]2[0xb6][0xc7]Wu[0xe1][\r][0xe1]r[0x9]S>D[0xe2][0x4][0x85].u[0x9c][0xcc][0x91][0xc2]KH[0xfa][0x2][0xd8][0xc]h[0xd4]*[0x14][0x94]9[0x6][0xd4][0xad][0xd4][0x95][0xc4][0xe4][0xc2]0'[0x14]O[0xd4][0x2][0x88][0xf2]L[0x89]p!$|zhL[0xf9]l[0xe9][0xfb][0xe][0xe9][0xb4][0xa1]Yb7[0xe1]fe%![\n]"
DEBUG wire -  << "X6F[0xf5][0xe]=[0xc0][0x1d][0xe1][0xc8][0x81][0x17]*Zk[0x84]Q[0xba][0xd6][0x8a][0x87][0x4][0x98][0xbc]%[0xa0][0xf6][0x83][0x1e][0xe5]'|[0xb2][0xd9][0x94][0xa8][0x1][0xf1]m[0xce][0xe4][0xaa][0xa3]S[0xe2][0xa2]Z[0xe5][0x11][0xcb][0xaa]+lx[0x98][0xea][0xd9][0x80][0xba][0xdc][0x99]t[0xdf][0xf9]`T[0xf8]?[0xac][0x1d][0xac][0x81][[0xd8]>[0xec][0x88][0xdf][0xeb][0xe2][0xf7]&[0xfc][0xde]<[0x94][0x0]?[0x9d]:[0xb4][0xf]P[0x9d]$[0xe7][0xe9][0x93][0xe6][0xda][0xd6].[0xc8].[0x86][0x7]p[0xf0][0x88][\r][0xa4][0x8b][0xbf][0x6][0xde]s[0x10][0xb9][0xcb]9cG[0x3]n[0xc][0xa8]gMp[0xc9][0xea]^[0xe7]0S[0xc][0x86][0x83][0xc2][0xf]x[0xd2][0x3]w[\n]"
DEBUG wire -  << "o[0xe3]\[0xdc][0x14]5[0x93][0xf7][0xd2]Y[0xbb]5s[0xe3]!-[0x10]1[0x5][0xf0]H[0xe9][0xbd][0xa8][0x87][0xa4]8Dq[\n]"
DEBUG wire -  << "D[0x86]]8[0xd8][0xa8][0xd2][0x84]R[\n]"
DEBUG wire -  << "[0x97]w[0x9a]W[0xb2][0xc3][0x88][0xf9]=If[0x82][0x9e][0x84]Rl[0xbf] 7C[0xdb]2[0xb7][0xcd][0x96]i[0x81][0xee][0xf1][0xdd][0x2][0xa3];[0xf]ftx[0x9][0xef][0xd4]aA[0xd4]^[0x1e][0xf5][0x17][0xc0]d?h[0xe4]p[0xcb][0xb3][0xec][0xb9][0x84][0xfb]7#[0x19][0xab]0>[0xe5][0xfd][0xc2][0xc6][0xea]"[0x9a][0xf1][0x2]r[0xa3]|[0xbb][0xf4][0xd8][0xe6][0xd1][0x87]w/[0xaa][0xef]s[0xda][0x85][0xfb][0x9c][0xef]N[0x8f][0xe6][0xdf][0xce][0x4][0xe0]`l[0x99][0xe3][0xd1][0xf8][0x19][0x94]-[0xdf][0x1d][0xbd]t.][0xea][0xf1][0x1]h[0x9f][0xaa][0xda]r[0xd9][0xb2][0xd6]y5[0xe5][0xf][0xa8][0xe7][\n]"
DEBUG wire -  << "[0x9a][0xa2]`c[0x9f][0x14]/[0x18][0xe3][0x5][0x18][\n]"
DEBUG wire -  << "[0xaa]3w[0xa3][0xf8]_0[0xe3][0xbc][0xc5][0xe0][0x12]D^[0x83],[0xb][0xc9][0xc8][0xf]"|[0x9d][0xcf][0xd4];][0xd5]E[0xf6][0xff][0xe4]3[0xb7][0xbf][0xe8][0x92]k[0xd2]U[0x12][0xb6][0xd1]2[0x9b][\r][0xf1][0xf4],[0xe][0x9c].[0x16][0x1][0x9d][0xfa]C[0xfb][0x4][0xfe]/[0x16][0x84][0x84][0x85][0xf7]u[0x85]h[0x1][0x97][0xbe]5!R[0x99][0xe3][0x98][0xa0]QW[0xf5][0xca][0xca][0x8c]+6[0xcf][0xdf][0x1c][0xfd]J[0xcc]L]'[0xd6][0xf4][0xf5][0x17][0xe8]d[0x9b]][0xed][0xb4][0x9b][0xf8]sS[0x82][0xe3][0xa1]0,r)[0xfd][0xe1][0xb5]?[0xa6][0x16][0x8f]&;Msk[0xb3]\[0xa0]?$[0xd7]S[0xab]xO[0x9a][0x83][0xe6][0xa0][0xd5]*[0xc3]F[0xa3][0xd8][0xed][0x87]U[0xf0][0xf2],[0xe6]M2[0xd1]fab[0xe4][0xbc][0x9b][0x86]DIg[0xe2]b|[0x94][0xe7][0xc7]?[0xbf]xM[0x8e][0xaf][0xc0]0~[0xc5]"[0xb0]vCr[0xb1][0xe][0x83][0x93]|[0xf0]8h[0x82][0x90]:[0xe4][0xc0][0xa3][0xce]$[0xc2][0xac],.[\n]"
DEBUG wire -  << "[0xc3][0x12][0xae],![0xe6]c[0x19][0x8]%[0xb9][0xbf]TK[0xef]dq=[0xd4]}}[0xa8][0x7]:[0xd5][0xdd][0xfa]5[0xff][0xb8][0xfa][0xb3][0x98][0xc8]S[0xa4]o[0xfa][0xe7]`[0xb8][0xac]~[0xea][0x6][0xbb][0xfc]c[0xf0][0xa9][0x8b][0xbf][0xbe]~[0xcd][0xdd][0xe9]ZyT[0xc3]4[0xf3][0xb7][0xae][0xfc][0xf3][0xf5][0xeb][0xc7]Ous[0x1c][0x87][0xa3][0x1a][\r][0x86][0xe2]VUX[0xbf][0xd1]E[0xa6][0xd3]m[0xfd][0xe8][0xb1]Kr[0x4]2V[0xab][0xef][0xd2]nX[0xba][0xd5][0xe8][0xe3][0xf9][0x1][0x17][0x92]+[0xef]J[0xfa]xMr[0x97][0x9a]4[0x9c]xV[0xb7][0x5]Ox[0xf7]r[0xb8][0xeb][0x9a]r][0xfc][0xb5]o3[0x13]O;[0x7][0xd1]sq[0xaa][0xb7][0x86][0x8d]Z[0xb9][0xa9]O][0xf3]Z[0x95][0x9c]X[0xd5]W[0xf3][0xf1][0xf]Tl[0x1][0x9a][0xb4]]p.{;[0xf][0x1]~HW[0xeb][0xbb][0xd0]KCZ[[0x95][0xb4][0xaf][0xea]d[0xf5][0xc3][0x81][0xd1]j5;[0x9b][0xeb]kk-[0xa3][0x85])x,;[0x83][0xc]A[0xb9]c*[0x9a]q[0xe8]HaN.[0xbe][0x1]v[0xf5][0xf1][0xeb][0xa3]bGW[0xf6]0[0xf6]bC[0x6]PZ[0xd9]CG[0x95][0x88]-f[0x18][0x93][0x18]L[0xa4]h%&'q[0x84]o.[0xb2][0xb8]m[0xb4][[0x4]'$1-[0x1a][0x18]k[0x81]d[0xb][\n]"
DEBUG wire -  << "[0xca][0xda]u([0x6][0x82]H[0x8a][0x8b]`J[0xe0]D%[0x15]%[0xde][0x9f][0xc][0x98][0xa4]L[0xce][0x84][0x8][0xf9]&o[0xd1]C.[0x9e][0x9c]QYj[0x97][0xa6]tHH[0xbd][0xe][0xf8][0x15][0xf8][0x15]`[0x9d][0x92]$E.[0xac][0xe3][0x86][0x8e][0xd8]&'[0x15][0x9b]4[0xca]0[0xc5]cP,H[0xaa],[0x90][0x9a][0xea][0x86][0xca]\[0x85]R[0xd2],![0xf2][0xd9][0xd2]DG[0xe]%[0xe][0xaf][0xc2][0xb2]GK[0x18][0xfa]@[0xd4][0x2][0xdd][0xa8][0xa9][0xfa]o[0x17][0xeb] [0xe5][0x1f]w[0x87][0x4]E[0xfc][0xee][0xb1]][0x80]k@[0xb2]m(`[0xc]7@@[0xbd][0xdf][0xa2][0xea][0xbd][0x6][0x95][0xbc][0x0][0xf3][0xe3]"[0xe1][%[0xe7][0xd4][0xe6]S[0x91];[0x0])[0xfd]CR84PYT#6[0x8d][0x92]M,[0xec].[0xc7][0xa1][0xe3]0M[0x16]!Y[0xba][0xda][0x13]t[0xa3][0xf0][0x10][0x16][0x1f][0xca]H[0x1f][0xaa][0x1b]p[0xdf];A[0x8b][0xde]%[0x9e]_G[0xf2]1[0xfd][0x9b][0x81][0x84]([0x94][0xce]D[0xdb]/[0x88]&[0xaf]S[0xb2]rE[0xf6][0x1a][0xb2][0xd5]I7f[0x9c]L[0x1f][0x5];1[0x1a]X[0xb9]q[0x99][0xec]Jf[0xe4][0x6][0x84]d[0xce][0xfe]^[0xec][0xc8][0x92][0xe8]F[0xab]%[0x1][0xb1][0x7][0x99]grR[0xc][0xfe]@[0x9][0x87]g%[0xd0][0xf1]6[0xda][0x1b])p[0x9a]H[0xb2]l[0xec]:[0xa1][0x12]z[0xf8][0x94][0xcb][0xf0][0xc5]l W[0xfb][0xb2]T[0xa1]{[0xd4][0x9][0x4]#[0xc3][0x87]P[0xbd][0xf4]IU[0xdc]J[0x0]{Yv[0x9e]."[0x8f]P[0x0][0xd1]4[0xb1]$1N[0xd2][0x82][0xe1]%B[0xb6][0xa1][0xe4][0xee]5[0x1c].l[0x9a]r[0x83][0x9b][[0x8b][,[0xb5][0xe2]ts[0xa7][0xd2][0xd1][0x85][0x17]G<[0xa1]![0xa4]P[0x9]I[0xe] [0xe6][0x1b][0xf0][0xde][0xf7][0x9d]0i[0xc1][0x93][0x94][0x8e][0xf4][0xac][0xa2][0x1a][\r][0xfb][0x2][0x8e][0x14][0xe4][0xcd][0x2]]'W[0xdc][0x0][0xe1]TF*[0xa8][0xe9][0x1f][0x18][0xbb]([0x1f][0xa0]3[0x99]l[0xe8]tm"UF[0xc8]+3[0xa9][0xb5][0xb6]L[0xb1]@t9.<[0x1b][0xf8][0xff]\[0xd0][0x91]}x[0xbf]`[0xd0][0x9f][0x12]8[0xeb][0xd1]Jj;K[0x15][0xe2][0x19]}[0xda][0xea][0xa4]}[0x9a]>[0x88][0xc5]Q[0xc1][0xc6]\[0xf3][0x8e][0x9f][0xfb]o[0x17][0xb4][0x8e][0xf5][0xfd]qcv[0xff][0xb][0x14][0xf][0xee][0xff]G[0xb7][0x15][0x80]*[0x9e]v[0xb6][0x97]*[0x1][0x80][0xae][0xcc]"[0xf2]/[0xd6]'/p[0xce][0x1e]Pk[0xbe]8[0xec]l5[0xb7][0x9a][\r]Q[0xca][0x80]R[0x1f][0xc0][0xb0]K[0xb][0xe2][0xd5]h1[0xf5][0x89]e[0xf8][0xf3]p[0x90][0xb0][0xaf][0x80]>/@[0x8d][0x18][0x3]V[0xce][0x94][0xa6][0xe6]R[0xa5][0x9][0xd1][0x15]d[0xff][0xe4][0xd5]"[0xc9][0x1f][0xb8]B[0xee]O^[0xcd][0x95][0xfa][0x8d][0xdb]([0xb2][0xdb][0xd3][0x89][0xe8]rt[0x1e]v[0x16]DT[0xea][0x0][0x8d][0x87][0x9d][0xb9][0x14]n[0xb5][0xd6][0x97]I![0xa2][0xcb]S8b[0x1][0xcc]wc[0xbe][0x80][0xd0][0x4][0xc][0xe9]M[0x9e][0xe7][0x92][0xbd][0xde]i-[0x93]lD[0x97]#[0xfb][0xd5][0x8b][0xa3][0x83][0xf9][0x14][0xbb][0xdc][0xa6][0x86][0xb]F1[0x1f][0x8b][0xa5][0xe4]0[0x2][0xef][0x92][0x85][0xe0][0x8d][0xd8][0x86][0xb0][0x87][0xa8][0x7]S}[0xe4][0x7][0xd0]"[0xc4]6[0xb7]1[0x9d][0xe5]Js[0xa7]([0xcd][0xaf][0xfc]>?[0xa4][0xb][0x9a][0x3]0[0x16]EZ[0x5][0xf0]|j[0xdb][0x9b]K[0xa5][0x16][0xd0][0xe5][0xa8]=[0xfd][0xfd][0xff][0xcc]'5\[0x3]2[0x1]j.[0x8d][0x9b][0x1b]K[0xa5][0x11][0xd1][0xe5]i[0x94]&[0xb8]T\r[0x17][0x8c][0xbc][0xa5][0x18][0xe6][0xd1][0xb][0x9][0xf7][0xc8]b[0xf1][0x9]%[0x6][0x10][0x9c][0x14][0x3][0xd4])1`[0xf3]nQA[0xce]~[0xca][0xe9][0xca]*V,[0x97][0x13]yF[0xc0][0xb4][0x8f]@[0xe1][0xfc][0xc6][0x8e][0x15][0x14]4,)0[0xcf][0xf8]k-[0xd7][0xae]i[0x15][0xed][0x9a]#[0xb5][0xa8][0xb0][0x80][0xe6]d[0xed][0x1][0x89]N[0x8b][0xcc]5Y[0xd7][0x97];#[0xad][0x17][0xc6][0xf0]![0xfa][0x13]}?[0x10]^[0xc7][0x2][0xd2][0xad][0x2],j[0xd4]B[0xc2]|[0xd6]/[0xb5][0x11][0x88][0xae][0xd0][0x8]p[0xf0][0xad][0x88]|X[0xd8][0x0][0x1]g[0xc4][0x92][0xf8][0xa4]PI[0xe0][0xa5]sVr}[0xf7][0x1a]x[0x81])[0xf1][0xd8][0xc4]"[0x1d][0x98]RI$[0x1f][0x8c][0xa3][0xa5][0x5][0xe5][0xca][0xc][0xb][\n]"
DEBUG wire -  << "[0xe][0x1e][0x18]j~[0x1c]2[0xc7]P[0x1b][0x86]b}[0x99][Z[0xce][0x90][0x13][0xf9]$t[0xb8][0x9d][0xf8][0xbe][0x1]<fY[0x9a]8[0x9f][0xf9]hj[0x89][0xe2]6E[0x95][0xdf]YQ[\n]"
DEBUG wire -  << "TEnid[0xa5][0x8]$[0x8f]D(W[0xac]\on[0x87]T[0x15][0x9f][0xae]dj[0xe9][0xa5][0xc][0x11][0xf8][0x97]j[0x9][0xc7][0xe8][0xf3][0xa1][0xda][0x11]U6[0x9d]V[0xbd][0xee][0x80][0xa7]83X[0xd1][0xe8] = "[0xae][0xd7][0xcb][0xc5] <[0xc9]i[0x84]`:$[0xf][0xfe]`[0x10][0x82][0x19][0xdd]&[0x8f][0x1e]e[0xa8][0xf7]F[0xad]l[0xdd]*[0xdb][0xcb][0x5][0x95]2'[0xe4][0xf7][0xa8][0x95]oOi[0x91][0xa4][0xb4]d[0xa2][0xde]exQ3;[0xf6]![0xc2][0x8a][0x96][0xdb]V8[0x9a][0xab][0x96][0x8b][0x94][0xb4]M[0x1f][0xbf][0x8e][0x3][0xa7]v[0xe7]%![0xc1]/[0xa3][0x8d]kAuM[0xc8]S[0x81][0xbe][0x2][0x1][0x82][0xc6][0xaa]V[0xe4][0xba]^[0xc1][0x14][0x1a][0x9d][0xbd]d+[0x1d]YR[0xae][0xb9]bk[0x9c][0x88][0xc5][0x8f][0x80]r<[0x8a][0x9f].[0xeb][0xa8]}[0xf2]b[0xd7][0xc][0x18][0x8d][0xe2][0x0]zA[0xc6]PO^[0x95][0xcc][0x87][0xe2]D@[0x2][0xdc]Kso[0xb7](8-[0x98]3[\n]"
DEBUG wire -  << ":[0x86]k+[0xa1][0x82][0x87]T[0xa8]J$*[0xf1][0x4][0xff][0x8c][0xe6][0x85][0xad]]-l[0x7]}<v[0x85][0xab]r \[0xed][0xfd][0xbd][0xd1]z[0xea][0xaf]1[0xb9]>,[0x96][0xbc][0xde][0xb1][0xf4]X[0x7][0xc1]P?1vR([0x82]63[0x9d][0xc0][0x90][0xe]8[0xf0][0x10]Qa[0xec]t[0x0][0x8a]F[0xec][0xf7][0xff][0x88][0xc5]>[0x90][[0x9d][0xd8][0xc]O[0x81][0xa5]q[0xd5]mv[0xc1][0x1c],Nz[0xf9][0x83][0xdf][0xff][0x93][0x84][0xa3][0xf][0xff][0xf][0xc8][0xfc][0xef][0xff][0xc1][0xe8]m[0x1e][0xff]-[0xc6][0x4]p[0xb0]$6[0xd7][0xb7][0x99][0xe3]po[0xa8]#[0x14]u&!O[0xe0]s[0xf8][0x10][0x1d][0x8]%[0x8e] B/[0x81][0xb]@[0xb2][0xdc][0xd9][0x11][0x97]U&!h[0x96][0xa4]X[0x98][0x8c]-?[0xc0]S[0xdd][0xd0][0x82][0xdc][0x16]Xh[0x92]7q@[0x86]>u0:|[0xe4][0x13][0xdc]T[0x10][0xe4][0x83][0xfa][0x2][0xb2][0xc5][0x9],[0xc8]tY4[0xf2]m[0xa8]-T[0x8f][0xbe][0xe3][0xf]1[0x8a][0x99][0x18][0xbf][0xb8][0x10][0x8f][0x95][$[0x12][0xcb]+[0xaa]9%[0x16][0x90][0x11][0x1f][0x8e][0x8c][0xdf]b[0xea][0xf0]hBB[0x10][0x9][0xd2]s@&y[0xef][0x83][0xc0]~[0x86][0x9a][0x81]*[0x89]+[0xe][0xf1][0x84][0x15][0xe9]O[0xc8][0x98][0xf9]`[0xb6][0x8b][0xa0][0xf8][0xd4][0x2]4\[0xb4]&[0xe5]7[0x8c]][0x16]8[0x13][0x8c][0x12][0x2][0xb4]`[0xf8]f[0x11]f[\r][0x88][0x81][0x1c][0xd9][0xda]]r[0xc9][0x8][0xe5][0xa0]u[0xa3][0xdf][0xff][0xc3][0x6][0x3]&[0x3]^[0xf4][0xa1]Ka[0xba][0xc1]%V[0x8a][0xd1]TK[0x8d][0x96]<R[0x7]M[0x18]p[0x0][0x9a][0xc2][0xae]0[0xaa]9[0xc]*L[0x12][0xfd][0x97][0x15]H[0x18][0x9f]4[0x90]yC[0x18][0xb][0xc]1[0xeb][0x92]\[\n]"
DEBUG wire -  << "lF[0x2][0xc][0xde][0x87][0xd8][0xf2]=Bl_T[0x15][0xc6] [0x89][0x14]z1t[0xf1][0xdc][0x96]K[0xbd][0x18][0xbc]m[0x90]~)[0x1c]2u[0x88][0xb7][0x11]<[0xb1][0xdd][0x92]$[0x81][0xe2]p[0xa2]QB[0x83]H[0xc2][0xfd]7[0x13]D}Z[0x87][0x96][0xb4]kA[[0x16][0x87]\~[0xde][0x98][0x1a][0xcb]U[0x3][0xf9]*4Z[0xed]d$w[0x88]B[0x84][0x97][0xa5][0xd2][0xc5][0xf7][0xe9][0xea]P[0x90]3[0xd5]@[0xd3][0x5][0xbd][0xfd]J=[0x82][0xab][0xc9]Zb1[0xa8][0xed][0xc0][0x16][0xdb]\[0xeb][0xb3]D[0xd5][0xf1][0x4]t@[0xc9][0x80][0x1a][0xcc][0xe6]bE[0x87][0x17][0xa6][0xcc][0xd2][0x9c]R[0xfe][0xd9][0x1b]u[0xd2][\n]"
DEBUG wire -  << "[0x81][0xbc]D[0xad][0x1c][0xb1][0x90][0xf]=[0xf2][0x94][0xba][0xe3]][0xf2]*[0x19][0xb8][0xc0][0xe7]N5[0xae]d[0xd5][0xbf][0x90]6[0xde]'{[0x8d][0xf1][0xac][0x9]o[0xce][0x6][0xc1][0x9f][0xc8][0xe1][0xad][0x96][0xbd][0xd9]i[0xcf][0xe0][0xb0]8[0xe6][0xba],[0x16][0xff]o[0xa5],$[0x8f][0xf][0x94]B[0xfc][0xff][0x80][0xc5][0xb6][0xbd][0x6]?[0xb3]X[0xec][0xf][0xc3]eq[0xf8][0xd8][0x13][0xbb][0xd8][0xa0][0xa0]Q[0x91][0x1f]e[0xba][0xf8][193[0xe4][0xab][0xc][0xb9]D))[0xb]e[0xae][0xbd][0x12]1[0xea]*[[0x5][0x1f][0xab][0xed][0x14][0x91][0xf3][0xc7][0xd8](y[0xeb]8Gb[0xa5][0xad]R[0xd5][0xe6][0x5][0x8a]X[0xe0]*[0x1a][0xef][0x95]jx[0x9e][0x8][0x87][0xc6]Fb[0xaf]oT7[0xe]o[0x8e][0x8b][0xa0]E[0xea][0x8b]>[0xea][0xc5][0x1]Vi[0x95][0xd4]).[0xac][0xcf][0xf0]'Dq[0xf9][0x19][0x8d]<[0x9f]q[0xd7]5[0x91]Fw[0xa8][0xdd]s[0x7][0xf6][0xa4]w[0xe8][0x7]xF[0xd5][0xe3][0x6]k[0xad]77[[0x9d]v[0x7][0x83]^o[0xc9][0x8f]l[0xa8][0xed]Xh[0x89]IN[0x1c]z[0xc1]}[0x92][0x16][0x80][0xdc]l=[0xa4]2[0xbf][0x91][\r][0xd7][0xaa][0xe][0x9b][0xd7]e[0x8a])[0x9b][0xb3][0x98][0x92][0xf6]b[0xd5][0x87][0x80][0xca]?ST[0x14][0x6][0xb3]`p[0xe2]UU[0xb6]d[0xf6]H[0xce][0xd0]md[0xe8]"6[0xf4][0x83][0x89][0x94]f[0x17]l`[[0xdb]?[0x89][0x1d][0x87] r08[0xfd][0x0][0xf0]m,[0xc0]7.PW[0xb0][0xb2]Su[0x8]V[0x8e][0x13][0xf9];[0x3]A-[0xb8]n[0x8a][0xda][0xa4]=[0xaf][0xed][0xcf][0xce][0x93][0xcb][\n]"
DEBUG wire -  << "y}sON[0x16][0xfa]e[0xe0][0xfb]Q[0xc9][0x9d][0xce][0xe9][0xef][0xe4][0x18][0xb][0x8f][0xc][0x1e][0x99][0xb8][0xf5][0xd1][0xf7][0xfd][0xcf][0xe2][0x0][0x8b][0x8c][0xf9][0xd9][0x90][0x9c]7r2[0x94]l[0xb0][0xf7][0xfa]`[0xfe]N[0x17]$[0xfa][0x91]G[\n]"
DEBUG wire -  << "[0xc7][0xb6][0xc5][[0xc8]1r3[0xb0][0xa8][0xa4][0xef][0x93][0xaa][0xa4][0xce][0xc7][0xa6][0xe7][0xc9][0x9b][0xa9][0xf7][0xe7][0x8][0xeb]l[0xc5][0xf3][0xe8][0xfb][0xd0][0x1f][0xb4][0xb8][0x16][0x85]'[0x8b][0xac][0xc2][0xea][0xa5][0xef]T[0xf1]I[0x8a]G[0xa2]7Z[0xf2][0xd0]G^[0xcd][0x1c]x6(z[0xf2]V[0xd5]_[0xd4]1[0xa5][0xcc]F[0xb9]/[0x17][0xf6][0xdb][0xb7]S2[0xf7][0xe6]h[0x95][0xe0][0xcd][0xd3]N[0x5][0x1e]<\5[0x1d][0x80]F[0xb2]8[0xe4]|+[0xfd]D[0x5][0xbd][0xa6]l~^9[0xcd][0xc8][0xb8][0x9f]f[0xaa][0x14][0x84]G[0xf7][0xd1]N[0xd8]qx[0xdc][0x14]<[0x1d][0x19][0x86][0x99]{[\r]I[0xaa][0xa1][0xa4]v[0xa3][0xd9][0xa7][0x1d][0xda]i,I;%[0x95][0x19]![0xf8][0xe4][0x1][0xcb][0x94]TY[0xa4][0xfe]![0xc9][0x90]T[0xfc][0xd0]n[0xde][0xb3]>[0xf5]m[0xae][0xbf][0x95]a[0xa5][0x8][0x0][0x9f][0xfb]4[0x80][0xff][0xa1]+[0xcc][0xf4][0x83]}([0x8][0xdf]L[0x19]&[0xe7][0xe0]T[0xbd][0xa9]%[0xb6][0xb6][0xbe][0xbe][0xb9][0xb1][0x9e]W[0x91]G[0x81]I[0x9e]K([0xf2][0x8e]e[0xda][0xb1][0x9c][0xfe]WV[0x8c][0xb7][0xe6]n[0x95][0x10]V+[0xc6]b[0xf3][0x97][0xa2][0x13]y([0x82][0xdd]~#[0x9d][0xa8]x`[0x6],[0xaf][0x10][0xab]R[0xff][0x8a][0xda]0[0xed][0xc1]?^[0x3][0xaa][0xaa]{[0x1][0xeb][0xfd][0xad][0xfd]*kx[0xb0][0xf6][0xb3]}t[0xc1]y[0xde]r[0xb1]Y[0x14][0x99]4[0x1c]_=[0xfb][0x10][0xb1][0x17]vw{[]|[0x8b].[0xba][0xb6]|[\n]"
DEBUG wire -  << "[0xe2][0xee]7[0xd3][0x8f].[0xbd][0x2]-[0xa1][0x8e]cW8[0xa6][0x81]8[0x84]b[0xf9][0xe4]=g_[0xbe]p2[0xe5][0x99]N[0x3][0xfc][0x95][0x15][0xe4][0x12];[0xa0]J[0x92][0xe7]z[0xbe]eN}[0x7][0xf6][0xe5] [0xa1][0xd9][0x8c][0x4][0xcd][0x5][0xff]wf[0xde][0x9f][0xa9]WQ[0x91]I[0xfe][0xa6][0xfc][0xfe][[0x99]U[0xd6][0xf0]g[0xad][0x8b][0xb5][0xd6]:[0xcd][0xb5][0xd6][0xf6]V[0xaf][0xd5]l7[0xb7][[0xdb][0xcd][0x8d]N{}}m[0xab][0xb5][0xd9]k[0xaf][0xb5]6[0xda][0xdb][0x1b][0xcd][0xe6][0xd6][0xe6]zkc{[0xbd][0xd3]\[0xef][0xf9]F;[0xaf][0x96][0xd0][0x1c]Q^[0xda]+?[0xe0][0xd6][0x8]F/-[0x1a]k[0x15][0xd9][0xdf][0xdf]jYeC[0x1e][0xae]1[0xd2]m[0xe4][0xcc][0xc][0xfb]&[0x1e][0xa9][0x9b][0xd2]\[0xe1][0x95]Ve[0xfe][0x99]kfs[0xbc][0xd2][0x8c]T[0xa3][0xb3][0xbd][0xb5][0xdd][0xa6][0xdb][0x9b][0xdf][0xdc]0[0xcb][0x93][0xfa][0xb7][0x9e][0xb9][0xb7][0x9e][0x19][0xf8][0x81][0x87][0xd7][0xf2][0x85][0xc7][0xb7][0xd6][0xec][0xac]mm[0xb6]77[0xcb][0xba][0xe4][0x84][0xf6][0x3][0xfe][0x85][0xfb][0xe4]D[0x82][0x17]U[0xc9]t[0xee][0xf7][0xa9]I[0xca][0xed][0xf8][0x16][0x8a]d[0xc9][0x96][0x87][0xa2][0xd8]T[0xdd]X[0xb0]<f[0xe6][0xfd][0xd5][0xb4]HB[0xa9]"[0xf4][0x8f][0xf7][0xe9][0x92][0x8e][0xef][0x9d]lm[0xff]m[0x7]U[0xd6][0xf0]g[0xe9]'7[0xfe][0xc2][yut8[0xe2][0xb8][0xc8][0xf2][\n]"
DEBUG wire -  << "[0xd2]3-TH[0xfc][0xfe][0x94]O[0x8e][0xfc][0x87][0xeb][0x9c][0xb7]#[0x9b][0x9c]F[0xb1][0xcd][0x96][0xad]l,A[0xa5][0x89]=[0x92][0xd7]3[0x95][0xc9]5[0x15]#[0x89]4[0x90]Hc[0xad][0xb9][0xb5]N;[0xad]5[0xfa][0xb7][0x8d][0xf2]}[0xe8][0x0][0x0][0xc]y^[0x7][0xbc][0xf4][0x3][0xe6]}[0xf1][0xc9];[0xcc][0xc8][0xb4]@)[0xf9][0xfb][0xd3][0x3][0x85][0x6][0xfc][0x85]5[0x81]#[0xe9]4E[0xc7][0xe4]u[0xc1][0x8c][0x8c][0xbf][0x9a]6[0x0]2[0x91]@[0xbc][0x12][0xfd][0x9d]j[0x80][0xca]K[0x18][0xf7]8[0x80][0xa5][0xae]|[0x10][0xf5]7[0xe][0x89][0x82]S[0x83]Y[0xde][0xcd][0x90][0x99][0xf2][0xb8]}[0xd5][0x9][0xad][0x4][0x80],[0xf7]([0xbe][0xec]`CL[0xff][0xf5][0xdd][[0x1f][0x1][0x9b]q[0x2][0xac]J[0x9b][0x91]"[0x1b][0xf2][0xe7][0xbc]H[0xa9][0xab]f[0x1e]M[0xff][0x99]Ex[0xdc][0xfc][0xbd][0x1f][#q8[0xbd][0xa2][0x8b]+[0xce][0x82][0x15][0x7][0xd8]t>[0x9e][0xf0]#[0xe9]/c[0x4].[0xf6][0x17][0xa4][0xd2])B[0xb][0xd1][0x14][0x11][0x19]T[0x8c][0x83][0xe4][0x9e]M[0x1e][0xa8]XW[0xf5])[0xc2][0x13][0xee][0xd9][0x4][0xfa][0x9f]F[0xe2]([0xb6]?[0x18]pKnd[0xed][0x8d][0xa7],f[0x1c]T[0xb9]a[0xaf]b[0xb0][0xe0]1O@[0xe][0xa9][0x8b]'[0xa5]}1[0xea][0xfb][0x1][0x86][0x8e]*[0x97][0xf][0xc3](_[0xfe][0xd4][0x1a][0xf9][0xbe][0x83]eO[0xe5]Y}q[0x92][0xf1]=[0x9e][0xae][0xc7]C[0xea][0x93]9[0x98][0x92]S[0xfe][0xea][0x90][0x1e][0xeb]ar[0x1] Az[0xc4]/x(bPHu[0xb4]'[0xf8][0xc4][0xf7][0xdf]B%[0xe4]Er[0xfc][0xde][0xf2][0x89]vH[0x3][0x87][0x92][0x97][0xbe][0xed]_p[0x8b][0x8b][0xc1][0xcc][0xf7]59[0xa8][0x13][0xe6]b[0xd2]?9Xm[0xd4][0xf6]=[0x8f][0x12]<<[0xcc][0xa0][0xf1][0x81][0x5][0xad][0xd7][0xc9]6[0x99][0x6][0xdf]h7[0xd7][0xda]z[0xca] [0x9d][0xbc]:[0xcc][0x1][0xe5]@K[0x9]I[0x1][0x87]Yh[0x88]pQ[0xe9][0x85][0x9e]|[0x9a][0xb8]&[0xe6][0x8a]K[0xf0]Seo!V[0xb9]Zgh[0xac][0xca]14[0xe3][0xa2]G2[0xa6]T[0xbc]W'7[0xa2][0xaa]M[0x91]D[0x8b]T[0xc][0xa0][0xe9]+@I[0x14][0x1e]u-[0xa6][0xf8][0xfd][0x9c][0xfc]9[0xce][0xe2][0xcd][0xaa][0x19][0xf6]w[0xee][0xae][a[0xd2][0x9d][0xa1][0xb3][0xab]m[0x81]4{e[0xa5]p[\r][0x8c][0x7]09[0xf7]D([0xbb]^v[0xbd]I[0xc6]S5<_[0xea][0xd8]j[0xa8]^>[0xba][0x10]^-[0xca][0xdf])RI[0xd1][0x8][0xe6]-2[0xf1][0xe3]4uV[0xe5]2>[0x82]*[0xc6][0x82][0xc0][0xf][0xc2][0x2]&[0x11][0xa2]U][0xbb][0xda][0xc3][0x17]l[0x92][0xbc][0x10][0x1][0x98][0xfc]P[0xce][0x0]0[0x94][0xa6][0xe3][0xb0]][0x19][0xa0][0x12]dW[0x83][0xaa][0x7][0x10][0xdf][0x6][0xb][0x4][0xc1]+[0x8]![0xa2][0xa6][0xde][0xc8][0xf7][0xd8]d[0xec]G[0x6]h[0xb0]t#[0x1e][0x18][0x2]C[0x15][0x93]d[0x9]#[0x17][\r][0x18][0x84][0x9][0x83][0xcf][0xcd][0xcc]dh[0x9e][0xcc][0xcc][\r]cyWrV[0xbe][0xb][0xb5][0xe3][0xb5][0xad][0xa9]|:[0x8e][0xac][0x11][0x9d][0x87][0xd7][0xe5]9[0xb4][0x8a][0xd9][0xf8]a[0x12][0xf1][0x8]9[0xea][0xa2][0x9a][0x10][0x91][0x99][0xbd][0x13][0x81]^c=[0x11][0x8f]Vv[0x95][0xb8][0xeb]U[0x94][0xa5][0xcc][0xce][0x9f]YT[0xf2]v[0xc0][0x99]cK,[0x8a][0xce][0x1e][0xb2].I[0xc9]{[0xb][0xe8]$T[0x0][0xdd][0xba][0x2]y[0x9b]D[0xe4][0xe5][0xa2][0xd0]i[0x99][0x95][0x96]}:&/[0xea][0x15][0x1d][0xab][0xa9][0xd8][0x82]s[0x0][0x14]R[0x8d][0x88][0xb8][0xdb]#[0xdf][0x11]f[0xc8][0xaf]x[0xd7][0xe8][0xb5][0x0][0x8][0xd8]o1[0xf][0xf0][0x92][0x97][0xc7][0xbd][0xb][0xea][0x88][0xa3][0xe5]#[0x1e][0x9a][0xa0][0x9b][0xe]E[0x80][0x9a]b"LU[0xb5][0xd5]cq[0xce]{[0x82][0x85][0x11][0xfb]j][0x83]R[0xd0][0xd5][0xde][0x90][0xcd].[0x84]P[0x80]7fH[0x5]^[0x89][0x15][0x1a]by[0xdd]$[0x84]xa?[0xe5][0xa0][0x1e][0xd0]Q[0x2][0xcb]]{J[0x15][0x9a][0xd3]UE[0xb4]U}u,![0xee][0xde]Y[0x2][0x88][0x88][\n]"
DEBUG wire -  << "[0xfe][0x1a][0xdd][0xa5][0xb4][0xca]t[0x87]Ud[0xff][0xc1]CJ[0xd5]=[0xb7][0xab]R[0x98][0xea][0xce]:M[0xb2][0xef][0xd2]So[0x1d]FC[0xbc]3[0x87][0x1d]F[0x89][0xaa][0xe2]![0xdd][0x95][0xcd][0xc4][0xb3][0x15][0xe2][0xac][0xe]Rj}V[0x7][0x15][0xb2][0xef][0xd8]A[0xd8])[0xe8]+[0x10][0xf0]2[0x80][0x16][0x8c][0xe7][0xe2];[0xf0][0xb0][0xd6][0xbc]kW)*[0xe6]vU[\n]"
DEBUG wire -  << "3g\[0xa5]0[0xf7]T[0x83]x[0x95]Ux[0x89]>[0xde][0xe]w[0xf1][0x12][0xd1][0xed][0xfb][\r]L[0xc7][0x84]#[0xb][0x7]Z[0xb9][0xb7][0xc4][0xbb][0x9a]i3;[0xc5]V[0xc1][0x1][0xaa][0xe6][0xe3][0x94][0xf]C#`*[0xad]8A[0xab]8[0x95]i[0xae]F[0xd4][0xf5]"[0xb0][0x98]?[0xb3]IW[0xdb]xi[0xff]k[0xe3][0xe8][0xd7][0xf][0x7][0xf8][0xf3][0xdc][0xff][0xa7][0xb5][0xd1][0xf9][0xc5]?2F[0xe7][0x9b]o[0xd7][[[0xb4][0xf9][0xf2][0xf3][0xd5]A[0xdf][0xf9][0xb7][0xa0]E[0xb6][0xe7][0x8e][0xcd][0xca][0xa9][0x1][0xb0][0x11][0xb2][0x86][0x15]b[0xff][0xa9]O[\n]"
DEBUG wire -  << "[0x14][0x8d][0x2]#[0xff]E[0x3][0x15]K[0x9e]$[0x8b][0x12][0x89][0x99];[0xf0][0xb][0xa4][0xf3][0xc7][0xfe][0xbd][0xeb]-[0x88][0x1e]t[0xfd])[0x3][0x87][0xed][0x95][0x94][0xbe],[0xae]_[0xc2][0xb4][0xbc]&[0x1b]q[0xdb]f^[0x85][0xd1]K[0xcf][0xe9]U[0x91][0xde]BF[0xb5][0xd4]C[0x9f]*u[0xd1],[0xfa][0xc5][0xe5][0x9e]H[0xaa][0x9d][0x11][0x9a]bZ[0xd7][0x8a][0xfb][0xf3]y35[0xa1]-{_DR[0xea]R[0xdd][0xaa][0xfd][0xc2]`[0x94]^A%[0x1b][\n]"
DEBUG wire -  << "[0xf9][0xb7][0xe1][0xc6][0xac]ZK[0xb6]vR[0xd9]T[0xf2][0xa2]:[0xda][l[0xbd][0xd3]Z[0xdb]hm[0xcf][0xa9][0xac][0xda]&[0x9e][0xdd]@[0x99][0xbb][0xa8]j[0xda][0xdc]`[0x9d][0xe6]fgs[0xa0][0x89]{[0x88]XJL[0xe]s[0xec]k[0xb][0xa6][0xa5]`[0xc0][0xaf][0x92]^Y[0xc9][0xe6][0x14][0xe5][0xfd][0xf8]iH[0x87][0x95][0x92][0xe3]w[0xcb][0x15][0xba][0x5][0xb0][0xa5]%[0xb9]G[0xc2][0xcb][0x12][0x95][0x16]V4[0x15]%F[0x1f][0xda][0xfe]9}[0xe1][0xc3][0xdb][0xdf][0x81][0xac][0xf4][0x9a]e[0xc][0x11][0xf1][0xe1]"C!M}[0xd7]B[0xb0]L[0x95]Y[0x88][0x8a][0x97]K#c[0xfc][0xa8][0x1f]~[0xcc][0xa2]2d[0xe6][0xd6]r[0xc3][\r]./f[0xe6]VG[0x9b]Z[0xc7][0xba]{[0x80][0xcc][0xad][0xa5]FmCt[0x8b][0x88][0xba]c[0x14][0xa7][0xf6][0xd6]R[0xe3]N![0xba]E[0x14][0xde]=f[0xd3][0xd6]R[0xa3][0x84]![0xba]E4> 8S{k[0xa9][0xb1][0x4][0x11][0xdd]bjo[0x13][0x89][0xa9]B[0x19][0x8c]'[0xe2][0xb3]2r[0x8c][0x8a]G[0xa5][0x17]~[0x11][0xe3][0x9f]|M[0xee][0x87][0x83]i[0xd8][0x9f][0x90][0xa9][0xdd][0x12][0xc][0xba][0xc1]x[0xe8]0y!B[0xc4][0xbb][0xf7][0xfc][0x1][0xf0][\n]"
DEBUG wire -  << "[0x17][0xd2][0xdf]c[0xee][0xb][0xc8]U[[0x1b]e[0xf3]|J[0xdf]I[0xb5][0xa1]v [0x8a]Zw[0xce][0xd7]#[0xca][0xb3][0x2][0x8c]h[0x9]r[0xbf][0xcf]H[0xe4][\r][0x9b][0xe4][0x9a]g[0xfa][0xcd][0x8e][0xf4]c[0x11]m[0xb3]s[0x9b][0x8f]E[0xc8][0x85][0xf4]<[0xd8]9[0xbd][0xa0]*N[0xfa]~[0xe3]G[0xb2][0xf7][0xf8][0xe3][0xe1][0xd1][0xc1][0xfb][0x83][0x8f][0xe4][0xc7][0xc6][0xca][0x5][\r][0xc8]x@[0xba][0xe4]Z[0xb][0xc7][0xd4][0xd5]v[0xae]5[0x10]:[0xe6]h;[0xda][0x8b]U[0x97][0x8c]b[0x97]z[0x8f]5][0x13][0xd3][0x1a]$[0xe][0xfa]-[0xd6]non[0xf][0xfa][0xda][0xcd][0xcd][0xae]([0x8e][0xd6]OOJ[0x92][0xc0][0x83][0xef]q[0x80][0x18][0x4][0x3][0xce][0x1a]g%[0x16][0x9c]![0xf][0xa8][0xed]r[0xef][0xac]![0xfe][0x18]X[0x4]? [0x1][0x15][\r][0xb8][0xe3][0xf4]<?[0xe2][0x16]Vw[0x8a][0xda][0xf5]][0xe2]*[0x9c][0xa0][0xb5][0x14]b4[0x14][0x11][0xa0][0x5]A[0x99][0xfd]XSt[0xa0]G[0x1]2$"[0xa0]?[0x9c][0xe][0x8c][0xd5][0xd2]wX[0xf][0xc3][0xce][0xc8][0xb0]\;[0x1a]$[0xbb]4[0xf4][0xbd]`[0x82]/[0xaa][0xda][0x83]w/z'[0x7][0xaf][0xf]}[0xfe][0xe6][0xdf][0xa2][0xde][0xe4][0xcb]1[0xc8]K[0xdc]g:[0xc1]o[0x14]k;[0x3][0xea][0x84]L[0xd7]"[0xb0][0xf5]J)[0xe2][0xa3][0x3][0x8][\r]f[0x9]{[0xe3][0x1d][0xe2][0xd7][0x91]T[0xee][\r]d[0xe3][0xb6][\r][0xe6]^`0[0x18][0x8b]B[0x83][0xa2] [0x86]r[0xae][0x8f]j,v[0xe5];@[0xaa][0xf]_i;[0x1f]5A[0xf1][0xe9][0x8][0x86][0x4]p[0x14]F[0xda][0xa9][0xf8][0xc2][0xad][0x96]V[0xa6]k[0xe2][0x1b]L[0xda]'][0xc3][0x90]A[0xd0][0x1c][0x19][0x1b][0x19]2xk[0xcb][0xc3][0xea]T[0x2]<[0xbd]}w[0xfc]O[0x80]x[0x1b][0xb0][0xb][0xee][0xc7]X[0xf8][0xf5][0xf1][0xbf][0xdf]C[0xca]k[0xb4]Cu[0xed][0xed][0xcb][0x83]_{[0xa7][0xef][0xf][0xde]a[0xda]i[0x84][0xd1]`D[0xfd]![0xd4]Ojo[0xeb][0x19][0xc8][0x9b][0xb7][0x2][0xc2][0x1f]O[0x1][0x9c]|x[0xf9][0xb2]wz[0xf8][0xee][0xf8][0xf8]5[0x80][0x88][0xbb][0xe0][0xf2][0xab][0xbc][0xa4]v[0x82][0xf9][0xef][0xf9][0xf0][0xea][0xf9])d[0xbd][0xc7][0x6]x[0x94];![0xa9][0xfd][0x8c]9[0x87]/[0xdf][0x9c][0x1e]C[0x86]`[0x1b][0xa9][0x1d][0x87][0x16][0xa6][0x1e][0xbf]{[0xf7][0xe6][0x9d][0x0]g[0x89]`[0x80][0x0]%[[0x12][0x16][0xf5]P[0x80][0xfa][0x8c][0xe0]~[0x1e][0xb3]M[0xb2][0xd7][0xf][0xce][0x1a][0xfb]D[0xad][0xc]D[0xe0]B[0xd0]!F[0xc8][0x11]_[0xe1]3A[0xd6][0x81][0xbf]P[0x1a][0xfb][0x0]Yr9[0xee][\r]a[0xc4]1[0x94][0x84]kM|[0x8e][0x9a]#[0x1b][0x93]N[0x13][0x9b][0x8a][0xa2]O[0xd3]B[0xaa][0x93]0$[0xdc]gUYc{0[0x9d][0xc][0xe9][0xf8][0xa1][0x1][0x16][0x8]l[0x0]r.[0x1e][0x16][0xb][0xb6]j[0xeb]Y[0xa2]e[0xce]*>nt[0xa6][0xbe]\[0x3]@[0x88][0x18][0xca][0xb1][0xfe]YC[0xd6]g[0x8e]"[0xd7][0xc1][0x86]K1[0x8f][0xf9][0x1][0x8c][0x4][0xdc][0xcc]rX[0xc4]^[0xb6][0x9a][0x9e][0x10]v[0xcf][0xc7][0xc2][0xd8][0x89]B[0x14][0x7][0x1f]X-^d<$[0x13][0xfa][0x1]\[0x11][0x9][0x0][0xf9]-[0x95][0xad]ra[0xba]`$[0x1e][0x8b][0x9d]4[0x11][0x95][0x99][0x6][0x18]K[0xe][0x1c]_[0x11]$J[0xc5]Rg[0xa6][0x18]u[0xde]$[0xab][0xe7][0x7][0xbb]T[0xcf][0x1d]0[0xe1][0x4]w[0xca][0x1c][0xd0]U[0xcc]F[0x1d][0x87][0x13]e[0xa8][0xde][0xcd]dH[0x3][0xc7][0xc4]Fo[0xda]J[0x90][0x9f][0x98][0xf5][0x1c][0x8e].2[0xbb][0xb2][0x18][0xb3]E[0xe9]_[0xfd][0x98][0x8c][0xe8][0x5]#[0x18][0x80][0xd3][0x1d][0xa3][0x84]Au[0x2][0x18][0x3]Ka<[0xa5][0x9]j)[0x16][0x9a]R[0xb3]1U:[0xec][0xe1][0xd7][0xc1]$BlPHT[0xba][0xd8][0xd9]t[0xe9][0x15]wc[0x97]H"[0x88][0xf8][0xb0][0x98][0x8c]v[0xc5]C[0xb1][0x9b][0x86][0xd8][0xbe][0xb0][0xc0][0xef][0xf5]'[0x91][0xf8]l[0x1e][0x13][0x92][0xe][0xb9][0xe2][0xa4][0xc][0xfc]Ej&fA[0x9c]A[0xe0]G([0xca][0xc0][0x3][0xb9][0xde]"[\n]"
DEBUG wire -  << "[0xe2]4![0xf4]l[0x10]LtY[0x83][0xc0]![0xc][0x5]x[0xc1]a2f[0x81][0x8b]g[0x7]mA[0x5]x[0x8]q[0x80][0x1b][0xa9][0x18][0xa6][\n]"
DEBUG wire -  << "[0xa3]{[0x1]F[0x80][0xea]Q[0xaf]'w[0xe4]K[0xa4][0x88]PZ[0x1e][0x11]y3)[0xc2][0xcc][0x9e][0xcb]\?[0x98][0xe4][0x19][0xfc]J[0xa4][0x90]$[0xa5][0xaa]8[0x11][0xdf]tC[0x9f][0x4][0xea][0xcb]p[0xd9][0x1c][0x94]#n[0xa5][0x86]y|[0x82]0[0xf8][0xdf][0xc1]#[0x15][0x81][0xd8][0x98]*p[0x1c]Y=[0x8b]F[0xb5][0xd1][0xd5][0x13][0xdb]R[0x80][0xeb][0xc0][0x93];T[0xc4][0xb7][0x84]U[0x8f][0x9f][0xfc][0x94]1[0xc2]D[0xb7][0x99]3u[0x9][0x88]3[0xf]CP[0x17]=[0x9][0xd9][0x93]c[0x19]4[0x15][0xcc]k[0x97][0x14][0xe6]7[0xd4]S[0x3]>[0x8c][0xa5][0xe9]'[0xab]I[0xf1]%[0x7]"[0xb0]*[0x8c][0xbb][0x86]K[0x98]8y[0xf1]0[0x12][0x9f];[0xc2][\n]"
DEBUG wire -  << "[0x14][0xe2]J[0x81]u[0xe9][0x84][0xe0][0xa7][0xf][0x12][0xf1]j[0xa5][0x9c]Cm[0x92]6[0xef][0x97][0xf7][0xef][0xdf][0xaa][0x9a]3[0x84][0x3][0xd0][0xbb][0x2][0xd1][0x7]YV[0xbe]#[0x0]x[0xbd]2P[0x8e][0x1]2[0xb][0xc3][0x9e]e"[0x96][0x6]U[0xfb][0xa1][0xf5]_a[0x1f]W([0xa1])[0x12][0x90][0x5]?[0xb4][0xff]+,[0xe1][0x15][0xe3][0xca][0xbe][0xcb]p[0x81]<[0x8c][0xc3]l[0x88][0xea][0x12][0xcc][0xe4]r[0x4][0xb3]J[0x1c][0xca][0xe][0x13][0x8b][0x8a][0xaa]r!=~[0xca][0x81][0x17]o[0xb2][0xf6]'B[0x9f]f[0x9e]&[0xa3] [0x5][0x11][0xc3][0xdb][0xc2][0xbb]J[0x8e]l[0xfe][0x89]<[0xb5][0x86][0x9][0x92]G[0xaa][0x1d]0[0xad][0xe2]U[0xe6][0x8c][0x8b]*[0xc1][0x94]V[0x7][\n]"
DEBUG wire -  << "[0x7][0xe4][0x1d][0xa9]'[0x98]v[0x82][0xd8][0xb3]Fbz[0xd1][0xe][0x93][0xe7][0xb3][0xb8][0xdd]lo[0x8][0xb1]D}[0x8c][0xd8]\[0xff]B* l8[0xc8]B8B[0x8c][0x82][0xbe]^[0xca][0x80][0xc3][0xa2]-[0xeb][0x87]P[0xfc][0xb5]A[0x81][0x85][0xaa][0x1f][0xb1][0xac][0x12][0xde]D[0x13][0xe2][0x17][0xcd]z[0xc9][0xa7][0xe3][0x14][0x16][0xa1][0x11][0x85][0x84][0x6][0xee][0xab][0x10]1[0x1e][0x80][0xe0][0xe2][0xf6]n[0x18][0x7][0xec]YJSO[0xe8][0xb6]_Y[0x88]Q[0xb]1[0x81]p[0xb4][0x16]$Gd[0xe6]k_W[0x1c][0x92]yr]gG[0xeb]o[0xad][0xaf][0xd1]v[0xdf][0xee][0xb7]![0xf1]av\[0xa2][0xcb]o7iVby&[0xc8][0xea][0xae]o[0xb6][0x9b][[0xeb][0xcd][0xbe][0xb5][0x8e][0xbd][\r][0xfe][0xcc][0xa8][0x17]^[0xe]z[0x8b][0x91]&[0xdf],;k[0xe0][0x14][0x9b][0x10][0x94]=[0x99][0x2][0x99][0x9][0xc8][0xa4][0x18]Eb[0xb2][0xff]x-?][0x83][0xfc]E[0xe7]F[0xd8][0xbf]0[0x95]`[0x9f]^EJ[0xb9]A[0xe6][0x8f][0xda][\r]Xq2[0xe0]8M[0xcc][0x6][0x1d][0xdb][\n]"
DEBUG wire -  << "[\n]"
DEBUG wire -  << "[0x81]Q[0xb7][0x97][0xb4]_[0xa6]_[0xd2][0xc0][0x93]r[0xf0]J[0x8d][0x1b][0xf][0xc]*[0x18][0x16][0x18][0x87][0x11][0xf1][0xa3]^[0xb7]FhW[0x83][0xd8][0xe3],[0x95][0x88]<[0x9a]Rb$M[0x92]iO[\r])[0xbb]0[0x1c][0x5][0x88][0x18][0x84]B[0xfd]L[0xeb]A[0x94]J[0x9c]^R[0xc4][0xbf]N[0xe1][0xc3][0xf9][0xc2][0xc3][0x88]<[0xe8]S[0xa4][0xf3]Q[0x15][0xaa][0x9b][0xbf][0x5][0xf5]oA[0xfd]n[0x5]u[0x9]~[0xaa][0xd4][0xef][0xc9][0xb6]Z:[0xe9][0xe][0xf8][0x95]h[0xa4]:D[0x83]AW1[0x96]+L[0x14]3[0x84][0x17][0x17][0xd7]S[0x83][0x14][0xbf][0x93]([0xb9][0x92]09[0x99][0x10]du[0xd0]a[0xe8][0xf1][0xb][0xf2][0x93][0x8d]<([0xc6][0xc3]t[OZ9.[0x8d][0xd0]w[0xd5]l[0x9f]ICP&[0x88][0xe5][0x4].[0xe3][0xa5][0xca]b[0x98]'[0xd2]pP[0xc6][0xf2][0xd4][0xe][0x92][0xa8][0xd0][0xa1]M[0x14][0x8b]8[0xb6][0xb8]i+[0xec]2[Z[0x12]b]B[0xcc]a[0xd4][0x1]R[0xed][0x9]8ujz[0xaf][0x9c][0xc3][0xbe]#[0x8e]'[0x1a][0xe8]4[0xee]Ok/[0xf1]p[0x89][0xf7]>[0xa1]"[0xa5][0x99][0x84]-[0xa3]V[0x98]qS;=RI*t[0xdd][0x94][0x82]+[0xb0][0xab]P[0x1a]Y6[0xc6][0x8f][0xbe][0xa7][0xcb]2[0xaa][0xc9][0x87][0xb2]^[0xb1][0xb1]{([0xeb][0x5][0xbb][0xf2]@[0x6][0xbc]}+[0xf6][0x6]x[0x10]F[0xe9][\n]"
DEBUG wire -  << "[0x8d]\[0xe7]:[0xc1]e[0xae]7[0xd9]z[0x91]d[0x98]\^[0x9][0xf0]3[0xa1][0xa0][0x0][0xd5][0xce][0xdf][0xad]T!~[0xac][0xf2][0xac][0xb0][0x86][0x6].l[0xeb][0xac][0x81][0xdf][0xea][0x93][0xc7]P[0xce][0x1a][0xda]M[0xd6][0x9][0x1b]l[0xab][0xb9][0xc1][0xb6][0xb7][0xd6][0xa8][0x18][0x94][0xd9]7[0x14][0x87]z_[0xb7][0xeb][0xd7]H[0xa9][0xd5][0xed][0x8b]@[0xda]_[0xbf][0xf6][0xab]?a([0xe][0xf9]iu[0xfd][0xa8][0xab][0x9][0xb1];[0x8d]P`[0xf5][0xe3].x[0xbc]"![0xc4][0x4][0xb9])[0xad][0xe9]'][0xed][0xe8][0xcd][0xab]C[0xe9][0x91][0xbf][0x14][0xaa]C[0xd3][0xee]j[0xd4][0xb6][0x8f]/0[0x9][0x8c]w[0xc]'[0xaf][0xe9][0xbf]t[0xc1][0x1f][0xf][0xce][0x8b][0x1f]G[0xbb][0x9]edP[0xab]_[0xff][0xd7][0xcb][0x83][0xe7][0xa6][0xec][0x94][0xda]-[0xbe][0x8f]z[0x9e]|C7[0xf9]`[0xf1]y[0xa8][0xd5][0xcd]K[0xca][0xa3]Z[0xfd][0x1]h[0xc][0x97][0xf][0x91][0xd1][0xe2][0xb3][0xc7]wBy[0x9b]EO[0xa8]M}[0xd1][0x10][0x17]#%[0xfe];#[0x9e][0xf5][0x15]d@[0xde][0xe7]"|.[0xc]m[[0xc4][0xd4][0xb9]][0x5][0x15][0xcc][0x88]y[0x3][0xb4][0xfe][0x12][0xb8]p[0xcf][0xf]N?[0x84]p[0xd0][0xbb]l[0xcc][0xad][0xcf][0xe0][0xf0][0xdc][0x99][0xfc]j[0x8c]r[0xcf]wY[0xd8]\[0xfc][0xaa][0xc1][0xb2][0x90][0xc9][0x8f][0xb]<[0xc][b[0xfe][0x0]eW[0xfc][0x81][0x94][0xa5][0xb8]R[0x9b]j9[0xe8]@[0xd1][0xd8][0xe][0x98]c[0xf][0x97][0xc8][0xaa]oZ[0x9f][0xe7]?[0xc8][0x1d][0x81]v[0x92][0xf2][0x83][0xe3][0xc8][0xf7][0x1e],[0x90][0xa1][0x1f]D[0xb8][0xd6][0xfe][0xcd]h/szYx[0xb][0xdf]T_2[0xfa][0xdb]|F[0xfc]~[0x8c]W[0xc7][0xa6][0x8c][0x80][0x8d][0x9d][0xc9]=[0xa8][0x16];paC[0xee][0xd7]'4[0xf7]}?[0xc2][0x5][0xa8][0xb1]P[0xb3][0xc9][0xcb][0xb2][0xb0][0x3]N[0x89][0xe0][0xc1][0xb2]6[0xf6]C[0x8e]S[0xea][0xd2][0x94][0x15][0xf3][0xe2][0x87][0xe1]BK[0xb3][0xd5][0x9a],[0x8b] [0x9a][[0xa5][0x18][0xb7][0xc2]x8[0xc4][0xaf][0xab]?@[0xae]g[0xcf][0xc4]y[0x3][0xf3]>[0xf3]0[0xbc][0x8a][0x1b]%[0xd5][0xd4][0x15]?[0x4]-.[0xd5][0xa5][0x87][0xec][0x1a]t[0xcc][0xa1][0xc4][0xb3][0x91][0xd3]e^[0xef][0xc3][0xe9]}[0x1a]6[0xc3]v[0x91]xdsvo~[0xa9][0xe5][0xbe][0xae][0xcd][0x7]5[0xb1][0xf7][0xa0][0xe1]w?[0xc4][0xeb]c[0xeb]c[0xf3]S[0xfd][0xfa][0x97][0xec][0xeb][0xda][0xa6][0x85]+[0xd9]Lo[0xaf][0xd7]w[0x3][0x16][0xc5][0x81]wcu[0x11][0xea]Fl[0xb3][0x82]IZ[0xfc][0xc8][0xb6]&[0xeb][0x3]+[0x94]u[0xc5][0xc6][0xd3].5}[0xf]U][0x97]~<[0xfe][0xd4]-V_[0xa3][0x1f][0x8f]>=}[0x8a][0xbf][0x1f]wq'^[0xca][0x88][0x96]%I[0x9f]V[0xab][0xfd][0xca][0xea][0xd7][0x92][0x0]"7[0xb4][0x8a]x[0xbd][0xd8]qvY[0x17][0xdd][0xf4]][0xb0]Lo[0xd4][0xf7][0xbb][0xef]$[0x17]6[0x1b]0\47[0xb2][0xcd][0xe9]0'[0x1e][0xe][0xed][0xab][0x9e]U[[0xdf]MsM[0xdb][0xb5][0xca][0x1f][0x5][0xb7]L[0xe1]`[0x1c][0xe2][0xe7]>[0xeb]7z[0xb3][0xbe][0xb][\r][0xed]Cs[0xba][0x82][0xc8][0xa7]O[0xfb][0x1f][0x6][0x1e][0x8b][0x14]-Y[0x1][0xdd][0xc5][0xc4][0xda][0x89]n[0xe7][0x19][0xd4]7[0x3][0x86][0xb][0xa8][0x5]s[0x1c][0x81]t[0xc1][0x81][0xfa][0xae][0xc4][0x91]r[0xed]F[0xa5][0xdf][0xdc][0xd4]k[0xe8][0x88][0xa6][0x9f]$[0xaf][0xef][0xae]4~$[0x9f]>[0xed][0x93][0x1f][0x1b][0xe9][0x97][0xc1][0xf7][0x1a][0xf8][0x89]o[0xf1][0xc9][0xef][0xc8]u[0xf0][0x93][0xdf]x[0x9e][0xeb]h[0xe2]Q[0x97][[0xf2][0xbb][0xde][0xe2]sR4[0x92][0xab][0xd2]kf[0xbb][0xd5][0xc2][0x9d][0x16][0xdf][0xc3]O[0x83][0x88][0xaf][0x85]c[0x89]C[0xe1][0x19][0x96][0xb][0xf4]'[0xe4]_o[0x8d][0xd3]x[0xc]CM@[0x10]p[0x19][0xda][0xcd][0xd6][0xb6][0xd1]l[0x19][0xad][0xe]im[0xed][0xb4][0xb6]wZmysF [\n]"
DEBUG wire -  << "[0x11][0x18][0xfc]F[0x4][0x86][0xd4][0xff][0xb][0xb4][0xea][0xce][0x89][0xf][0xc6][0x0][0x0]"
DEBUG RequestSpecificationImpl$RestAssuredHttpBuilder - Parsed data to instance of: class org.apache.http.conn.EofSensorInputStream
DEBUG RequestAddCookies - CookieSpec selected: default
DEBUG RequestAuthCache - Auth cache not set in the context
DEBUG PoolingHttpClientConnectionManager - Connection request: [route: {}->http://localhost:2064][total kept alive: 2; route allocated: 1 of 2000; total allocated: 2 of 2000]
DEBUG PoolingHttpClientConnectionManager - Connection leased: [id: 1][route: {}->http://localhost:2064][total kept alive: 1; route allocated: 1 of 2000; total allocated: 2 of 2000]
DEBUG MainClientExec - Stale connection check
DEBUG wire - http-outgoing-1 << "[read] I/O error: Read timed out"
DEBUG DefaultManagedHttpClientConnection - http-outgoing-1: set socket timeout to 10800000
DEBUG MainClientExec - Executing request GET /session/e9c2f5b492893b90288674161d6e7d46/element/0.01484094461664287-19/attribute/href HTTP/1.1
DEBUG MainClientExec - Target auth state: UNCHALLENGED
DEBUG MainClientExec - Proxy auth state: UNCHALLENGED
DEBUG headers - http-outgoing-1 >> GET /session/e9c2f5b492893b90288674161d6e7d46/element/0.01484094461664287-19/attribute/href HTTP/1.1
DEBUG headers - http-outgoing-1 >> Cache-Control: no-cache
DEBUG headers - http-outgoing-1 >> Host: localhost:2064
DEBUG headers - http-outgoing-1 >> Connection: Keep-Alive
DEBUG headers - http-outgoing-1 >> User-Agent: Apache-HttpClient/4.5.3 (Java/1.8.0_161)
DEBUG headers - http-outgoing-1 >> Accept-Encoding: gzip,deflate
DEBUG wire - http-outgoing-1 >> "GET /session/e9c2f5b492893b90288674161d6e7d46/element/0.01484094461664287-19/attribute/href HTTP/1.1[\r][\n]"
DEBUG wire - http-outgoing-1 >> "Cache-Control: no-cache[\r][\n]"
DEBUG wire - http-outgoing-1 >> "Host: localhost:2064[\r][\n]"
DEBUG wire - http-outgoing-1 >> "Connection: Keep-Alive[\r][\n]"
DEBUG wire - http-outgoing-1 >> "User-Agent: Apache-HttpClient/4.5.3 (Java/1.8.0_161)[\r][\n]"
DEBUG wire - http-outgoing-1 >> "Accept-Encoding: gzip,deflate[\r][\n]"
DEBUG wire - http-outgoing-1 >> "[\r][\n]"
DEBUG wire - http-outgoing-1 << "HTTP/1.1 200 OK[\r][\n]"
DEBUG wire - http-outgoing-1 << "Content-Length:93[\r][\n]"
DEBUG wire - http-outgoing-1 << "Content-Type:application/json; charset=utf-8[\r][\n]"
DEBUG wire - http-outgoing-1 << "[\r][\n]"
DEBUG wire - http-outgoing-1 << "{"sessionId":"e9c2f5b492893b90288674161d6e7d46","status":0,"value":"http://pros.unicam.it/#"}"
DEBUG headers - http-outgoing-1 << HTTP/1.1 200 OK
DEBUG headers - http-outgoing-1 << Content-Length:93
DEBUG headers - http-outgoing-1 << Content-Type:application/json; charset=utf-8
DEBUG MainClientExec - Connection can be kept alive indefinitely
DEBUG PoolingHttpClientConnectionManager - Connection [id: 1][route: {}->http://localhost:2064] can be kept alive indefinitely
DEBUG PoolingHttpClientConnectionManager - Connection released: [id: 1][route: {}->http://localhost:2064][total kept alive: 2; route allocated: 1 of 2000; total allocated: 2 of 2000]
DEBUG BasicClientConnectionManager - Get connection for route {}->http://pros.unicam.it:80
DEBUG DefaultClientConnectionOperator - Connecting to pros.unicam.it:80
DEBUG RequestAddCookies - CookieSpec selected: ignoreCookies
DEBUG RequestAuthCache - Auth cache not set in the context
DEBUG RequestTargetAuthentication - Target auth state: UNCHALLENGED
DEBUG RequestProxyAuthentication - Proxy auth state: UNCHALLENGED
DEBUG DefaultHttpClient - Attempt 1 to execute request
DEBUG DefaultClientConnection - Sending request: GET / HTTP/1.1
DEBUG wire -  >> "GET / HTTP/1.1[\r][\n]"
DEBUG wire -  >> "Accept: */*[\r][\n]"
DEBUG wire -  >> "Host: pros.unicam.it[\r][\n]"
DEBUG wire -  >> "Connection: Keep-Alive[\r][\n]"
DEBUG wire -  >> "User-Agent: Apache-HttpClient/4.5.3 (Java/1.8.0_161)[\r][\n]"
DEBUG wire -  >> "Accept-Encoding: gzip,deflate[\r][\n]"
DEBUG wire -  >> "[\r][\n]"
DEBUG headers - >> GET / HTTP/1.1
DEBUG headers - >> Accept: */*
DEBUG headers - >> Host: pros.unicam.it
DEBUG headers - >> Connection: Keep-Alive
DEBUG headers - >> User-Agent: Apache-HttpClient/4.5.3 (Java/1.8.0_161)
DEBUG headers - >> Accept-Encoding: gzip,deflate
DEBUG wire -  << "HTTP/1.1 200 OK[\r][\n]"
DEBUG wire -  << "Date: Mon, 14 Jan 2019 17:23:57 GMT[\r][\n]"
DEBUG wire -  << "Server: Apache/2.4.18 (Ubuntu)[\r][\n]"
DEBUG wire -  << "Vary: Accept-Encoding,Cookie[\r][\n]"
DEBUG wire -  << "Cache-Control: max-age=3, must-revalidate[\r][\n]"
DEBUG wire -  << "Content-Encoding: gzip[\r][\n]"
DEBUG wire -  << "Content-Length: 11579[\r][\n]"
DEBUG wire -  << "Keep-Alive: timeout=5, max=100[\r][\n]"
DEBUG wire -  << "Connection: Keep-Alive[\r][\n]"
DEBUG wire -  << "Content-Type: text/html; charset=UTF-8[\r][\n]"
DEBUG wire -  << "[\r][\n]"
DEBUG DefaultClientConnection - Receiving response: HTTP/1.1 200 OK
DEBUG headers - << HTTP/1.1 200 OK
DEBUG headers - << Date: Mon, 14 Jan 2019 17:23:57 GMT
DEBUG headers - << Server: Apache/2.4.18 (Ubuntu)
DEBUG headers - << Vary: Accept-Encoding,Cookie
DEBUG headers - << Cache-Control: max-age=3, must-revalidate
DEBUG headers - << Content-Encoding: gzip
DEBUG headers - << Content-Length: 11579
DEBUG headers - << Keep-Alive: timeout=5, max=100
DEBUG headers - << Connection: Keep-Alive
DEBUG headers - << Content-Type: text/html; charset=UTF-8
DEBUG DefaultHttpClient - Connection can be kept alive for 5000 MILLISECONDS
DEBUG RequestSpecificationImpl$RestAssuredHttpBuilder - Parsing response as: text/html; charset=UTF-8
DEBUG wire -  << "[0x1f][0x8b][0x8][0x0][0x0][0x0][0x0][0x0][0x0][0x3][0xed]}[0xf9]~[0xdb][0xb6][0xd2][0xe8][0xdf][0xf1]S [0xcc][0xd7]XjIj[0xb1][0xbc][[0xce]q[0xbc][0xb4][0xb9][0xbf]l7N[0xce]9[0xfd][0xe2]|[0xfa]A$$[0xc1][0xe1][0xa2]r[0xb1][0xad]8~[0x97][0xf3][0xe][0xf7][\r][0xfa]dw[0x6][0x0]WQ[0x92][0x17][0xa5]m[0xee][0xad][0xdb][0xd8]$0[0x18][0xc][0x6][0x83][0xc1][0xc][0x96][0xe1][0xde][0xe3][0xa3]7[0x87][0xef]}{LF[0x91][0xeb][0xec][0xaf][0xec][0xe1][0x1f][0xe2]Po[0xd8][0xd5][0x98]g|8[0xd5][0xc8]8`[0x3]~[0xd5][0xd5][0xfc][0xe1][0xe][0x0]E[0xe3][0x9d]F[0xc3][0x1f][0x8e]M[0x97]5[0xbc][0xf0][0x89][0xb6][0xbf][0x2]e[0x18][0xb5][0xf7]W[0x1e][0xed][0xb9],[0xa2][0xc4][0x1a][0xd1] dQw[0xf5][0xc3][0xfb][0x13]ck5M[0xf7][0xa8][0xcb][0xba][0xda][0x5]g[0x97]c?[0x88]4b[0xf9]^[0xc4][0xbc][0xa8][0xab]]r;[0x1a]umv[0xc1]-f[0x88][0x17][0x9d]p[0x8f]G[0x9c]:FhQ[0x87]u[[0x1a]bq[0xb8][0xf7][0x99][0x4][0xcc][0xe9]j[0xe3][0xc0][0x1f]p[0x87]id[0x4][0xa4]u5E[0xd4][0xd0][0x1d][0xf]M?[0x18]6[0xae][0x6]^[0xa3]%[0xca]<[0xda][0x8b]x[0xe4][0xb0][0xfd]_|[0x97][0x11][0x83][0xbc]}[0xf7][0xe6][0x14]Y,[0xc]YH[0xa8]g[0x93]S[0x16]`[0xbd]!yI[0xfb]{[\r][0x9][0xbd]Br?{[0xa1][0x15][0xf0]qD[0xa2][0xc9][0x18][0xc8][0x8f][0xd8]U[0xd4]8[0xa7][0x17]T[0xa6]j[0x84][0xdb][0xd0][0x80]q<0[0x90]e1[0x1d]2C[0xe5][0x14][0xb1][0xe0][0xcf][0x5][\r][0x8][0xb][0x2]?[0xe8][0x85]Q[0xd0][0xf3][0xfb][0xe7][0xa4]K[0xae][0xa7][0xa0][0xf0]g5`[0xbf][0xc5]<`[0xf6]*[0xd9]![0xab]<$[0xe9][0xbb]^[\r][0xef][0xf2][0xd0][0xa5][0x91]5[0x12][0xf0][0xb6][0xf][0xcd][0xf1][0xfc][0x88][0xc8][0xa4][0x19]E.[0xa8][0xc3]m[0x1a]q[0xdf]K*[0xc1]""uu[0xaa][0xc4]M[0x91]%[\r][0xd9][0xc6]b[0x13]W[0xf6][0x1e][0x1b][0x6]y?[0x2]L![0x8f][0x18][0x81][0xbf][0xfe]8[0xe2].[0xff][0xc2]lr[0xc9][0xa3][0x11][0x89]F[0x8c][0xfc][0xea][0xd3]0"[0xa7][0xc7]o[0xc8][0xd8][0x89][0x87][0xdc]#[0x17][0xdb]f[0x7][0xba][0x6][0xfb]0[0x84]N[0x9c]`[0xbe]i[0xf9]n[0xe3][0xd2][0xf]l[0x10][0xbd]0lH[0xc8][0xb0][0x11]2[0xbf]A[0xc][0x3][0x84]4[0x13][0x5][0x8b]z[0xbe][0xc7]AJJ[0xc2][0x0]"[0x12][0x9a]1[0xe6][0xb8]&[0x8f][0x1a][0x1a]i@1![0x87][0x90]3fA4[0x11][0x2][0xed][0xf8](`9ad^[0xf]e[0xbe][0x1a][0x1a]e /[0xb8][0xac][0x8f]-[0x9d][0x9][0x8d][0xc2][0x94][0x3][0xbf][0x9d][0x10][0xce][0xc2][0x16][0x7]N[0xe][0xd7][0xdd]Z[0x89]T[0xf6]p[0xfc][0xe5]0[0xdc][0x93][0xc][0xee][0x82][0x8c]/$[0xe4]rl([0x88]F<v|j[0x87][0x8d]v[0xb3][0xb5][0xd9]h5[0x1b][0xfd]8[0xe4][0x1e][0xd4]i[0xb0][0xc1][0x80][[0x9c]y[0xd6][0xc4]h5[0xdb][0x9d][0xab]N{[0xcd]<[0x1f][0xf][0xe7]V[0xbc]#[0xd4]C[0xae]z,9[0xbf][0xc4][0x88][0xf1][0xe1]([0xaf]n[0xa0][0x9e]\[0x9][0xa9][0x95]"[0x90][0xcf][0x88][0x5];[0x16][\r][0xec][0x1c]h[0x18][0xbb].[\r]&3[0xc1][0x1f][0xdc][0xc3]Et[0xdf][0x82][0xb7][0x19]K[0xf3]zl[0x95][0x8e][0xc7][0xe] [0xc4][0xe1][0xdf]p[0xec][0x9f][0xce]CP[0x3][0xfb][0xd7][0xda]?[0x4][0xe6][0xab]H[0xdb][0xd1][0x92][0x1][0x19]Z#[0xe6]R[0xd4][0xab][0x9a][0xae][0xfd]C[0x8c][0x80][0x1d][0xed]_[0xac][0x8a][0x92][0xf])[0xdc]V[0xc0][0xd3][0x94]>I[0x6][0x88][0xae][0xa1][0xf4][0xce][0x2][0x83]l![0x9b];[0xb]eR[0xd7][0xc6]>6[0x1c]f[0x86][0x3][0xb]i[0xd7]v[0xae]S[0x9a]N[0x19][\r][0xac][0x91]J[0xd7][0xb5][0x88][0x6]C[0x16][0xcd][0xac][0xf4]Y[0xd8][0xbd][0xe]E[0x89][0x1e][0xb0][0xde]E[0x95][0xcc][0xbd][0xe1][\r][0x14][0xfc]-f[0xc1][0xc4][0xe0][0xde]8[0xc6][0xd2][0x89][0xe6][0x95]]5]B[0xbb][0xb9][0xc9][0xd4][0xe1]Ry[0xfc]&[0x18]R[0x8f][0xa1][0xaa]=[0xb]8[0x18][0x2]y[0x7][0xa1][0xb6][0xf3]1EzyyiN[0xfc]8[0x8a][0xfb]L[0xe8]S[0x98][0x97]=[0x8f]9[0x8d][0xf][0x87][0xbd][0xc3][0xdf][0xae]^EG[0x83][0xe0][0xe7][0xff][0xbe]|3[0xfc][0xef][0xdf][0xfa][0xfd]&[0xf3][0x87][0xda][0xa7][0x5][0xbd][0xe9][0x17][0x9][0xba]u[0x9f]9[0xfe][0xd0][0x7]@-[0xcf][0xa8][0x9c][0xf4][0xf]}[0xe8][0xc0][0xb4][0x9][0x82]b\[0xb0][0x80][0xf][0x14][0xcf][0xf2][0x8a][0xf6][0xe7]h-|s[0xf8][0xbf][0xb6]^[0x9c]l[0xad]o[0xbf]::y[0xf3]a[0xbc]M[0xff][0xfd][0xe1][0xf4][0xc8][0xde][0xee]M[0xb6]_[0xfc][0xbb]s[0xfc][0xe5][0xcd][0xeb][0x17][0xbf][0x9c]n[0xbd][0x92][0xb2][0x8e]3Qcj[0xae]1[0xc5][0xe4][0x91][0x9b]=Vm/4[0xd0][0xbc]ab[0xee][0x14][0x13][0xc8]j[0xa3][0xe1][0xd2]+[0xcb][0xf6][0xcc][0xbe][0xef]G[0xd0][0xc9]t[0x8c]/[0xc0][0xc1]U[0x81]zQ[0xe1][0x1][0x10][0x1d][0x9a][0xb2]Qt[0xcc][0xc3][0xdb][0x97][0xc][0xcd]K[0x14][0x81][0x12][0xb0]F[0x1d][0x10]7[0x8f][0xe2]<#m[0x90][0xbc]\[0x5]a[0xf8][0xd3][0x95][0xb]3[0x83]PE[0xb][0xb5]:y[0x1a][0xd0][0xdf]b[0x97][0x9c]0f[0xcf][0x9f]1[0x7][0x0][0xa1]&[0x94]oL[0xcb][0xa1][0xef][0xba][0xd0][0xcd][0xe1]-[0x88][0xb2][0x14]h[0x8e]:[0xb0][0xf1][0xe6]Zh[0x8][0xf1][0xe8][0x92]{[0xb6]i[0xf6].[0xc7][0xcc][0xf5][0xcf][0xf9])[0x8b]"[0x18][0xbb]![0x1a]`Z[0x9f][0x86][0xec]C:[0xb8][0xc2][0x9d][0xb3][0xc6]Y[0xd2][0x15]g[\r][0xa1][0x92][0xc3]3[0xa8]8`g[\r]Q[0xf8][0xc]l[0xcb][0xb3][0xc6]f[0xfb]j[0xb3]}[0x86]#O[0xe]es[0xec][0xe1][0xe0][\r]/[0x86]w[0xc7][0x5][0x85][0x4]&[0xf8]{,[0x91][0xc1][0x13][0xbe][0xfb]q`1[0xd4]q0[0x12][0x80][0xc9][0xa2]H2>[0x11]u[0x91];g85p[0xcf]rb[0x1b][0xab]9[0xf]E[0x82](d@[0xef]1h[0xa7][0xe9][0xc2](8[0xf][0x9f][0xc1]8[0xeb][0xae][0x9b]M[0xb3][\r][0xea]k[0x17][0x19][0xf4]x[0x10]{Bs[0xd6][0xa8][0xde][0xd7][0xad][0xfa]u[0xf2]NlL[0xa9]_[0xa3][0xf1]juO[0x85][0xce]3[0x7][0x81][0xef][0x1e][0x82][0x99][0xe8][0xdb]l[0xd7]1-[0xc0][0x1d][0xbc]cVTk[0xea]M[0xfd][0xb3])m[0xf8][0xcf][0xa6][0x9c]z[0xeb][0xba]c[0x82][0xb5][0xee][0xbc][0x7]F[0xd5],[0x13]%fR[0x8b][0xc0]L[0xd4]i[0x1d][0xc0][0x9b][0xf5]][0xc4]mw?[0x9b][0x91]D#[0xfa][0xe1][0xdd][0xcb]Z[0xfd][0x1]X[0xfb]9[0xac][0xac][0x84]5`Q[0x1c]@[0x9b][0xba][0xdd].[0xbb]I[0x9b][0xc8]jT6[0xb0][0xbf][0xcb][0x7][0xb5][0xc7][0xce][0xd7][0xaf][0x8f]3[0xe4]uY[0xe6]qk7[0x84]i[0xda][0x1a][0xd5][0x1c][0x13]E[0xec]9p[0x13][0xc6][0x5][\n]"
DEBUG wire -  << "[0x9c]?[0xd6][0x90][0x18][0x1f]5[0xd5]F[0xb3]I[0xd6][0xda][0xe3]+r[0x10][0xc0]$[0xa5]A[0x13][0xaf]-[0x80][0xd4][0x6][0xe][0x1d]j;[\n]"
DEBUG wire -  << "U[0xad][0xdf][0xb5]k[0x1f][0xd7][0xd7][0xd7][0xd6]7[0xf4][0xf5][0x8d][0xad]6[0xfc]N[0x9e][[0xdb][0x9f][0xf4]B[0xce]V[0xbb][0xb9]V[0xc8][0xae][0xd7][0x9f]>- [0xd8]\[kC^[0xab][0xbd][0x5][0xbf][0xc1][0xb8][0xc9][0x9e][[[0xb9][0xf4]V[0xf6][0xbc][0xd6][0xac][0x86][0xef]lf[0x95][0xb][0xac][0xb2][0xf2][0x1c]h1[0x1][0xf0][0x97] Z[0xa5][0x4][0xa8]i[0x1][0xe][0xa8][0xb3][0xae]?[0xee][0xd7]w[0x5][0x9b][0x94][0x84][0xab]nJ[[0x89][0x90][0x9b][0x1b]M}{s[0xbb][0xad]o[0xac]7[0xd7][0x12].%[0x19][0x2]g.[0x17]Q[0xde]$[0x1d][0x97]u[0xf4] [0xe9]h[0xab][0xdb]7[0xad][0x80][0xc1][0x90]:v[0x18]j[0x94][0x9a][0xa6][0xd4][0x5][0x10]b[0x86][0x81][0xd5][0xa5][0xba]e[0xda][0xa0][0xa1][0x83][0xae]eV+[0x16][0xbd]o[0x82][0x81][0xa1][0xca][0x87][0xcf]'[0xef][0xe9][0xf0]5Lh5[\r][0xbd]a[0xad][0xfe][0xb1][0xf9][0x9][0xa5][0x92]y[0xf6][0xe1][0x88];v[0xcd][0xaa][0xdf]`[0xcd]C}[0xa4]s[0xfd]\[0xff]<M[0x1][0xb8]2[0x80]\[0x3][0xc9][0x6][0xa9][0x5][0xd4][0x87][0xd2]Nx[0xfa]4[0xff]V[0xd3][0xda][0x80]|w[0xe0][0x7][0xb5][0xf3][0xee]A[0x10][0xd0]IM[\n]"
DEBUG wire -  << "[0x97][0xae][0x98]W[0x7][0xc2][0xc3]x[0x8c]>6[0x98]8[0xc]F[0xfa][0x4][0x86][0x85]7[0xdc]y[0xdc][0xd4][0xb3][0xb7][0xe3]+[0x8b][0x8d][0xa3][0x13]([0x8][0xe9]7:[0xef]6w[0xf9][0xde][0xb9][0xe9]0o[0x18][0x8d]v[0xf9]O?[0xd5]3,[0x1f][0xcf]?[0xf2]O[0x9f][0xba][0xac][0x86][0xf3][0xe8][0xcd][0xc]_[0xb7]2[0xf5][0xe9][0xd3]2[0x16]][0x12][0xfb][0xb8][0xdb][0xc5]W[0x90][0xe4][0xca]r[0x19]u[0xd5]x[0xb3][0xfc][0xe9][0x1a]D[0x7]>[0xc][0xe5][0xe3][0x1c][0x4][0x92][0xb]M>z[0xf3][0xea][0x1d]t[0xeb][0xa4][0xfb][0xb8][0x5]o[0x1]>[0x1e]R[0xc7][0xe9]S[0xeb]s7U[0x9d]0[0xd6]s[0x80][0xc0][0xd6][0xca][0x9a][0xbe]~[0xad][0x8d][0x8a]e[\n]"
DEBUG wire -  << "[0xe8]j[0xf5][0x1b][0x90],j[0xdb][0xc7][0x17] [0x15]/y[0x8]&[0x10][0xb][0x9e][0xd5][0xa6][0xd3]j[0x1a]Tv(m[0xa4][0x97][0xe0][0x7][0xc0][0xe4][0x9][0xc2][0xf5][0xb8]U[0xd7]i[0x5],z[\n]"
DEBUG wire -  << "*[0xbf][0xbe]S[0x3][0x88]([0xa2][0xd6]H[0x0][0xd5]4[0xdf]S[0xd9]u[0xac][0xbb][0x98]#[0xa8][0xb]#[0x90]T[0xb4] [0xc1]A[0xd1]s[0xc4][0xc3][0xcc][0xe4][0x8e][0x1d][0x6][0x6][0x1][0xa8][0xd4][0xbe]l[0xc9])[0xc2]b[0xc7][0x94][0xdb]U[0xaf][0xeb][0x82][0xfb]bZ[0xfb][0xfa][0xf5][0xfa]F[0x1f][0x9a][0xb9][0x99][0xed][0xd9][0xa0]Vx[0xaf][0xef][0xc]M5a?}:4[0xa3]K[0xf5]XC8[0xf5]V[0xd7][0xf1]EA[0xd5][0xeb][0xf5][0x9b][0x9a][0x9c][0xea]u[0xdb][0xb7]b[0x1c]V[0xfa][0x8c][0xa9][0xbf][0x8e][0xd3]^f[0x90][0xa2][0x15][0x11]M[0x1c][0x96]7"[0xac]0[0x4][0xeb][0x81][0xbb][0x88][0xdf][0x8]][0xee][0xb0][0x89].^[0x5]"r[0xbd][0xf2][0xc8][0xe6][0xe1][0xd8][0xa1][0x93][0x1d][0xc2]=[0x9c][0xb][0xc8]c[0xee]boS/[0x2][0xec]}?[0xb0][0xc1][0xa9]#[0x9e]?[0x9d]se[0x84]#[\n]"
DEBUG wire -  << "dU[0xe5][0xca][0xf9]m[0x87][0xb4][0x98][[0xcc][0x10][0x13]`E:[0xb8][0xa8]`[0xdc][0xee][0x90]&1[0x9b][0x9b][0xe5]L[0x10][0xbb][0x8][0x97]G[0xc][0xea][0xf0]![0x0][0x19]Ms[\n]"
DEBUG wire -  << "[0x1]v[0xcf]0[0xf0]c[0xcf][0xae][0xa2]g[0xc][0xb2][0x84][0xfa][0x3][0xf0][0xe7][0xd3]oV[0x80]{[0xc8][0xb2][0x82]e+R[0xc2][0x11]c[0xd1]*.[0x8d][0xad][0x2][0xe7][0xfa][0x8e]o}6[0x1c][0xde][0xf][0xc0][0x95]6[0x80][0xa9][0xab]D[0x99][0xbc]3[0xfd][0xdb][0xc4][0x88][0xc1].h[0x0][0x93][0xa3]F[0x1][0x89][0xac]W[0xd8]2[0x0][0x90][0x19]3[0xab][0xca][0xf1]Jzo[0x95][0xb8][0xcc][0xe6][0x14]<1[0xc7])[0x9b][0xe0]eBG,[0x4][0xb7][0xd2][0xb0][0x1c][0x8e][0xda][0xdc][0xe8][0xd3][0xe0]v[0xa4]&[0xae]x[0xb2]F[0x15][0x81]'[0xc7]x[0x8][0xe][\r][0x8e][0xc][0xf0][0x97][0xc0]0[0xf6][0xfb][0x83][0xab][0x9e][0xeb][0xdb][0xb1][0x83]MJ[0x92][\r][0x87][\r][0xa9]5iP[0xb0][0x8e]#[0xd9]TID#G[0xc4][0xf2][0x1a]h[0xd3]p[0xc4][0x81][0xda][0xf0]>][0x90][0x94]].[0xcf][0x91]/[0x86][0xe4][0x8b]1[0x8e][0xfb]H[0x98][0x1]c66$[0x9d][0xcd])J[0xd1][0xad][0x9d][0xe1][0x9c][0x9][0xbf][0xcb][0xa0][0x97],[0xf4]][0xd6][0xe8][0x98][0x9b]fS[0x90][0x9e]O.P[0xdf][0x6][0x90][0xb5]oH}[0xeb][0x1b][0xc9]OV[0x85]h[0x1f][0xd4][0xc][0xe][0xd8][0xf2]Z[0x95][0xf2][0xf5]n[0xe4][0xb][0xb2]S[0x1]V"[0x9d][0xe2][0x12][0x94][0xa6]o[0x85]nh-i[0xe0][0x8a]~[0xe][0xf9][0x17]vK[0xf9][0x9e]Kx*8[0x2]aIl@[0x81]n?[0x84][0xe0][0xbc]D.[0x81][0xd6][0x82][0xdc][0xcf][0x95][0xf8]%[0xb1][0xba]'[0x92][0x1f]B[0xf9][0xb4][0xfa][0xbe]-W[0xe5][0x1c]=E[0x8b][0x9c]~%I%[0x14][0xfb]+[0xa6][0x92][0x10][0xf0][0xd3]P[0xa3][0xea][0xa4][0x94]@[0xd0][0xb3][0x4][0x3][[0xfd][0xe9][0x85]#<[0x86][0x9][0xaf]g[0xd1] "&[0xfe][0xee]90[0x7][0xe1][0x84][0xff](7WB[0xe3][0x1c][0x1f][0xe6][0xf7]'k[0x1b]k[0xeb]k[0x9b][0x90]y[0x3][0xff]f '[0xa6]C[0xfb][0xcc]1[0x6]`g[0xa1][0xfd]A[0xc4][0xfa][0xe2]GA[0xac]\T[0xfc][0xb4]c\[0xb2][0xfe]g[0xe]}[0x17]G[0xb8][0xbd][0xe5][0xc8][\n]"
DEBUG wire -  << "[0x93][0xd4][0xbc][0xd1][0x0][0x8a][0x2]P6[0xf1]?p5[0xb7][0xe1][0x7][0xfe][0xe4][0xe8][0xb8]m[0x93]oA[0xd5]bv[0x9]8[0x2][0xe][0x89]k[0xe2]/[0x3][0xb9]3[0xde][0xe9]3xa[0xb]K[0x83][0xc8][0xd8][0xb1][0xf5]P,[0x85].S[0x85]$[0xf7][0x92]>[0x1a][0x88][0x1f][0xe4][\r]yP'[0x15][0xba][0x4][0x85][0xcc][0xc0][0x9e]R[0xa2][0xa0]j[0xc9][0x99]I[0xa4][0xa2]7[0x8][0xad]h[0x8f]z0<zA[0x1c]N[0xe8],[0xea][0xa7]p[0xed][0x8c]|[0x18]@[0xb7][0xc0]([0x1][0x8b]x"
DEBUG wire -  << "[0x99][0xf8][0x91][0x92][0xb][0xbf][0x81]0d[0xe][0x94][0x10][0x18][0xec][0xc0][0x1f][0x83][0xb8]ybV[0x3][0x1c][\n]"
DEBUG wire -  << "[0xc3]>4`.[0xd8][0x0]L[0xef]p1[0x18][0x5][0x1f][0xe2][0x82]M[0xc1][0xc9][0xbf][0x82][0xec]}$|[0x1][0x19]}[0xdf][0x9e][0xec]x~T3G[0xa0][0xef][0xea]iy[0xf0][0xdd]i[0xec]D%|[0xa6][0xac]T[0x16][0xe8]G^}[0x89]hTO,[0x9][0x99]`""K{[0x18][0x99][0x84][0xfb]ShP[0xf][0x9]5][0x10][0xf2][0x8][0xfc][0xf7]9[0xd9][0x6][0xea][0xf2]<[0x80][0x92][0xf3][0x1c][0xad][0xe6][0x88][0x86][0x6][0xb5],[0xd0][0xd2]R[0x8a][0x85][0x84][0xe0]~[0xae][0x92][0xe9]&mo[0xaf][0xd3]][0xa5][0xde][0xb0][0xc4][0x98][0x82][0xa5]"[0x96]|I[0x8][0x16][0x8a]i[0xc5]A[0x80][0x9e][0x16][0x99][0x95][0xa3][0x1a]3;?'[0x9a][0xd2]k2[\n]"
DEBUG wire -  << "[0x95]gu[0xf7][0xe3]([0xf2]==}[0xca][0xb5][0xe3][0xd2][0xf7][0xc5][0xea]0[0xb8][0x96] [0xfc][0x1][0xa8][0xe9][0x9e]@E$[0xa4][0x1c][0xc5]Z[0x18][0xf7]][0x1e]i[0x9f][0xee]Q$[0xab][0xcb][0xe6][0x17][0xe0][0x12][0xa2][0x9a][\n]"
DEBUG wire -  << "[0xc5][0xc]Ga[0xf2]A%[0xa2][0x92][0xf0]w[0x1][0x85][0xc4][0xf0])[0x5][0x90][0xef][0xcb][0xc3][0x94]Q[0x96]SX[0x9a],'[0x9b]Z[0x95]^]*[0xcf][0xa0][0xaa][0xf4]R[0xa9]'R/[0xaa][0x16][0x91][0xb9][0xe2]1'3[0x91][0x90]y YW[0xc3] [0xc1][0xc6]8[0xe0][0xb8]=[[0x95][0xb6][0x83][0x92]_[0x99][0x91][0x1b][\r][0xe5][0xac][0x1c][0x11][0xe5],9F+[0xf3][0xcc][0xc5]ys0'[0x10]3[[0xb7]S[0x0][0x98]C[0xdc]b[0xf2][0xf3][0xa3]^[0xce][0x16]![0xb7][0x19]j"[0xcc][0xbc][0xb4][0x10]Xq[0xac][\n]"
DEBUG wire -  << "[0xc8]r c![0xd4][0x14][0xaa][0xd9][0xb5]N#[0xbc][0x3][0x85][0x99][0x86][0xbc][0x5][0xda][0xc]V[0xcc][0xf0]j[0x9e][0xcf][0xcb][0x8f][0xc2]q[0xe9][0x7][0x9f]AO[0xc1][0xec]=[0xf0][0x1d][0xee][0x1b]<b[0xee][0x8e][0x17][0x8d][0xc]K,[0xe2]nx?[0xb5][0xea][0xca]LHf-C[0xda][0x89][0xc9]Sb[0xf3]fF[0x85][0x1c]pa[0xf2][0x90]j[0xdd][0xcc][0x94][0xcc]+[0xe1][0xb2][0x81][0x99][0xea][0xe3][\n]"
DEBUG wire -  << "[0xcb]sJ7[0xff]C[0x18][0xcc][0xa4][0x6]N[0xb2][0xa1][0x96][0x8b]67[0xb6][0xc6]WurM[0xc4][0x14][0xff]h[0xce]\[0xb4][0xef][0xf0][0xfd][0xdc][0xcc][0xb0][0x18]4[0xe5]j[0xe5][0xec][0x9d]N[0xdc][0xd3]S8[0xa9][0xa8][0xe6][0xe]e[0xa7][0xeb][0x95][0x9c]M0D[0xfe]p[0xe8][0xb0][0x5]U[0xe4][\r][0x9][0xc2][0xe5][0xe4][0x93]M{y[0xde][\n]"
DEBUG wire -  << "[0xe6]&[0x13]P:[0xb5][0xe7]&[0xf][0x3]T[0x16]L[0xf3]jJ[0xc2][0xdc][0x8f][0x96][0x3][0xee][0xd9][0xff]t[0xb5][0x81]ch[0x9f][0xea][0xca][0x18]Pbj[0x5]>[0x98][0x8c][0x91][0x8f][0xb6][0x9a][0xca]*[0x10][0xae][0xd2][0x84][0x18][0xd7][0xf5][0x5][0x95][0x9a][0xb]j[0xbd]c[0xa5][0xd4][0xb6]{[0x91]/[0xec][0xe8][0x9e][0xc4]\_[0xee][0x8c]W9[0xd7][0x90]YSW[0x95]2[0xd3]3C[0xa6][0xec]>[0xcc][0x9e][0xea][0x97][0xa3][0xef][0xd2][0xb1]X[0xe5][0x94]5[0x9][0xee][0xfb][0xe1][0xbf]&[0x9][0x86]}Zk5[0xf5]NK[0xdf]n[0xea][0xe0][0xdb]v[0xea]z[0x93][0xac]A^[0xb][0xfe][0x19][0x8]T[0x6]i#[0x4][0xe6][0xae]Wch[0x8b][0x15]k[0xa1][0x8][0xfe][0xe8]J[0x13][0xc3][0xf][0xcd]Kt4(ZhIo[0x10][0x95][0xac][0xd4]^[0x92]^[0xa1][0xb6][0xaa][0x14][0xd6]CD[0xfb][0xae][0x3][0xaa]B[0xb6][0xab]l[0xf6]?h`/[0xdb][0x9c][0x9c]o[0xce][0xcd]7[0x11][0xe7][0x19]u[0xd3][0xee][0xc3][0xad]F]n&[0x9f]k[0x10][0xfe][0xa9][0xe6][0xd9]]-'r[0x1b]UrO{g[0xae][0xd9];s%[0x8]Fo[0x7][0x15][0xc0][0x6][0x8e][0xf0][0x16][0xc][0xf1][0xf2][0x10][0xee][0x88]!.`[0xd6][0xb2]1[0x8e]'*[0xd4][0x0][0x87][0xdc]-T[0x11][0xb8][0x92]d[0xac]W[0xea][0x88]j[0xc5]S[0xaa]x[0xaa][0xdc][0xb2]j[0xce][0xaf][0x82][0xe4][0xb5]Q[0xb6]Ldr[0x1c]%[0xd0][0x85][0xc][0xf4][0x90]H[0xc6]a[0x4][0x83]Q([0xa1][0x9c][0xdd]$O[0x84][0xa6][0xda]{[0x18]P[0x1b]wZj[0xb8]zH[0x3][0xdd]a[0x83][0x88][0xc0][0xd8][0xd5][0x89]x[0xea][0xfb] [0xd7][0xae][0x8e][0x87]]jJs[0xd5][0xf5][0xc8]O[0x9f][0xeb][0xfa]}[0x10][0xd9]m[0xfc]O"R[0xcf][0xb2][0x99][0xb3][0xe9][0x94]X[0xb3]Z[0xaa][0x88][0xd1]g[0x2][0xcb]J[0xf4][0xa4][0xb2][0x19]u[0xdd][0xaa][0x8e][0xdb][0xe0]N[0xba]Gj[0xbe][0xa2][0x16][0xc][0xa8][0x7][0xb2][0x8d]b]G[0xfb]+][0xf1][0xa8]^Yr[0xb8][0xe9]{F[0xc8][0xc4]^si[0xc9]&[0xb7]Pe[0xe]b[0x7]/[\n]"
DEBUG wire -  << "[0x4][0x8c]I#[0xb1][0xa2][0xba][0xc5][0xb5]Ma![0xb3][0xac][0xc9][0x85]-K][0x81][0xbc][0xd6]XX(][0xbf][0x1b][0x8a][0xd3][0x90]B[0xb5][0xe6][0x17]F[0x1e][0x15][0x96]D[0x12].[0xab][0xc9]x[0xc0][0xf1]`^[0xda]1[0xc2][0xda]T[0xd8][0xd7]-w]g[0xdd]fC][\r][0xb9][0x8d]-[0xbd][0xbd][0xad][0xb7][0xd6][0xda]:x7[0xcd][0x1f]Dr[0xad][0xbd][0xd6][0xd1][0xd7]7[0xf5]V[0xb][0xd2]Z[0xcd][0xe6][0xf][0xf5]][0xb2][0x92][0xac]q[0x83][0xbb][0xa2]jN[0x10]&[0xce]Jj?[0xd3][0xad][0x96][0xbd][0xd5][0xd9]%i[0x81][0x92][0xbb]S.?[0xed][0xf7]Ty<y[0xac]d[0x1a][0xb3][0x84][0x9b][0xa2][0xe5]x[0x1d][0xff][0x9b]M[0xcb][0x14][0x82][0xdb][0x11][0x93]G[0xbb]25s[0xc8][0xb9][0x1e]A[0x99]m$[0xf6]F"[0x84][0x6]*[0x86][0xdc]k [0xce][0xb4]e[0xef][0xe7]q[0x18][0x89]]]]><![CDATA[>[0x95]&w[0xfd][0xc0][0x19][0xad][0xeb][0xa4]r~[0x17]PRj[0x94]A[0x0][0x90][0xd5]F[\r]8[0x9a][0xd0][0xc][0x94][0xb9][0xc2][0x2][0x98][0xf2][0xa1][0xf2][0x90][0xcf][0xa5][0xc3]Z[0x2]T[0xd3][0xe2]t[0xf5]o[0xf]dR'[0x9a][0x5][0xf8]$`[0xe1][0xd8][0xf7]l[0xa2]L[0x10][0xb5][0xa2]T[0xa0]Gz[0xda][0xb8][0xc0]i[0x8c][0xfd]0*aR[0xde][0xb7][0xe3]P[0x18][0xb][0xd4][0x9][0xd5][0xde]M[0xe4]G[0xf2]e[0xc4][0xac][0xcf]~[0x1c][0x19]U[0x4][0x1b]I.y2[0xa6][0x13]<8[0x2][0xf][0xe][0xb5][0x98]\[0x11],[0x1]+[0xe]N[0x99][0x8a][0xf3]Y[0xb2]xQ[0x92][0xdc]k=[0xa1]X[\r]M;[0xd2][0x12]b|[0x9][0xd6][0xb9][0x94][0x84]"5[0x97][0x96][0x5][0xf3]$[0x5][0xde][0x0]7Q[0xb2][0xd2][0x92][0x15][0xd0]T[0x82][0x97][0x9a]'vk[0xf2]<Pso[0xc][0xfd]Xf[0xc5][0x92]<H[0x89][0xa7][0xaa][0xb9]B[0xb4][0xca][0xb9][0x11][0xed][0xe3]N[0xe3][0xa4][0xa7]zLr?[0xcf]:[0x1c][0xb5][0xc5]A[0xaa][0x12][0x93]A[0x9a]{[0x15][0x83]T[0xbe][0xab][0xd1]]t(r&fu[0x8e]t%[0xae][0x89]:[0xa3][0x83][0x8e][0xc7]N[0xb]L[0xa9]][0x92]&I[0xe3][0xa3][0x9c][0x8a][0x4][0xee][0xac][0xad][0x15][0xd2][0x4][0x95]*[0xf1][0xe6]o}[0xf6][0xb7]>[0xfb][[0x9f]}w[0xfa][0xac]j,[0x15][0x87]Q[0xb6]U[0x8c]Wqe[0x97]\[0x6]xR[0x19][0xc8][0x7]M[0xc0][0xd2]E[0x12][0xe4]8[0x10]+[0x19]^[0x94][\r])[0xe3]Fa[0x1][0xa0]R[0xb6][0xa9]0[0xde]s[0x4]>[0x1]{[0x1e]F[0x5][0xae][0x10]A[0xe3]>r[0xfb][0xba][0xb9]R=P6[0xf0][[0x9a][0xb3][0x9f]fHDU9[0xb5]2[0x81][0x95]~[0x9a]#X[0x92]`[0xd1]9[0xf9][0xbd]}[0xd9]7[0xc5][0xfc]R[0x19][0xd1][0xa3][0x89][0xee][0xb2][0x85][0xa1][0xee];[0xa8][0x82][0x95]z[0xac][0xcf]C[0xb8][0xb8]p%[0xb]Kl[0xae][0xac][0xe0][0xff][0x89][0xf9]Km[0xfa][0xa2]+[0x10][0x87];8[0x1][0xdd][0xac][0xa4][[0x19][0xdc][0xcb][0xb6]2[0xb6][0xc7]Wu[0xe1][\r][0xe1]r[0x9]S>D[0xe2][0x4][0x85].u[0x9c][0xcc][0x91][0xc2]KH[0xfa][0x2][0xd8][0xc]h[0xd4]*[0x14][0x94]9[0x6][0xd4][0xad][0xd4][0x95][0xc4][0xe4][0xc2]0'[0x14]O[0xd4][0x2][0x88][0xf2]L[0x89]p!$|zhL[0xf9]l[0xe9][0xfb][0xe][0xe9][0xb4][0xa1]Yb7[0xe1]fe%![\n]"
DEBUG wire -  << "X6F[0xf5][0xe]=[0xc0][0x1d][0xe1][0xc8][0x81][0x17]*Zk[0x84]Q[0xba][0xd6][0x8a][0x87][0x4][0x98][0xbc]%[0xa0][0xf6][0x83][0x1e][0xe5]'|[0xb2][0xd9][0x94][0xa8][0x1][0xf1]m[0xce][0xe4][0xaa][0xa3]S[0xe2][0xa2]Z[0xe5][0x11][0xcb][0xaa]+lx[0x98][0xea][0xd9][0x80][0xba][0xdc][0x99]t[0xdf][0xf9]`T[0xf8]?[0xac][0x1d][0xac][0x81][[0xd8]>[0xec][0x88][0xdf][0xeb][0xe2][0xf7]&[0xfc][0xde]<[0x94][0x0]?[0x9d]:[0xb4][0xf]P[0x9d]$[0xe7][0xe9][0x93][0xe6][0xda][0xd6].[0xc8].[0x86][0x7]p[0xf0][0x88][\r][0xa4][0x8b][0xbf][0x6][0xde]s[0x10][0xb9][0xcb]9cG[0x3]n[0xc][0xa8]gMp[0xc9][0xea]^[0xe7]0S[0xc][0x86][0x83][0xc2][0xf]x[0xd2][0x3]w[\n]"
DEBUG wire -  << "o[0xe3]\[0xdc][0x14]5[0x93][0xf7][0xd2]Y[0xbb]5s[0xe3]!-[0x10]1[0x5][0xf0]H[0xe9][0xbd][0xa8][0x87][0xa4]8Dq[\n]"
DEBUG wire -  << "D[0x86]]8[0xd8][0xa8][0xd2][0x84]R[\n]"
DEBUG wire -  << "[0x97]w[0x9a]W[0xb2][0xc3][0x88][0xf9]=If[0x82][0x9e][0x84]Rl[0xbf] 7C[0xdb]2[0xb7][0xcd][0x96]i[0x81][0xee][0xf1][0xdd][0x2][0xa3];[0xf]ftx[0x9][0xef][0xd4]aA[0xd4]^[0x1e][0xf5][0x17][0xc0]d?h[0xe4]p[0xcb][0xb3][0xec][0xb9][0x84][0xfb]7#[0x19][0xab]0>[0xe5][0xfd][0xc2][0xc6][0xea]"[0x9a][0xf1][0x2]r[0xa3]|[0xbb][0xf4][0xd8][0xe6][0xd1][0x87]w/[0xaa][0xef]s[0xda][0x85][0xfb][0x9c][0xef]N[0x8f][0xe6][0xdf][0xce][0x4][0xe0]`l[0x99][0xe3][0xd1][0xf8][0x19][0x94]-[0xdf][0x1d][0xbd]t.][0xea][0xf1][0x1]h[0x9f][0xaa][0xda]r[0xd9][0xb2][0xd6]y5[0xe5][0xf][0xa8][0xe7][\n]"
DEBUG wire -  << "[0x9a][0xa2]`c[0x9f][0x14]/[0x18][0xe3][0x5][0x18][\n]"
DEBUG wire -  << "[0xaa]3w[0xa3][0xf8]_0[0xe3][0xbc][0xc5][0xe0][0x12]D^[0x83],[0xb][0xc9][0xc8][0xf]"|[0x9d][0xcf][0xd4];][0xd5]E[0xf6][0xff][0xe4]3[0xb7][0xbf][0xe8][0x92]k[0xd2]U[0x12][0xb6][0xd1]2[0x9b][\r][0xf1][0xf4],[0xe][0x9c].[0x16][0x1][0x9d][0xfa]C[0xfb][0x4][0xfe]/[0x16][0x84][0x84][0x85][0xf7]u[0x85]h[0x1][0x97][0xbe]5!R[0x99][0xe3][0x98][0xa0]QW[0xf5][0xca][0xca][0x8c]+6[0xcf][0xdf][0x1c][0xfd]J[0xcc]L]'[0xd6][0xf4][0xf5][0x17][0xe8]d[0x9b]][0xed][0xb4][0x9b][0xf8]sS[0x82][0xe3][0xa1]0,r)[0xfd][0xe1][0xb5]?[0xa6][0x16][0x8f]&;Msk[0xb3]\[0xa0]?$[0xd7]S[0xab]xO[0x9a][0x83][0xe6][0xa0][0xd5]*[0xc3]F[0xa3][0xd8][0xed][0x87]U[0xf0][0xf2],[0xe6]M2[0xd1]fab[0xe4][0xbc][0x9b][0x86]DIg[0xe2]b|[0x94][0xe7][0xc7]?[0xbf]xM[0x8e][0xaf][0xc0]0~[0xc5]"[0xb0]vCr[0xb1][0xe][0x83][0x93]|[0xf0]8h[0x82][0x90]:[0xe4][0xc0][0xa3][0xce]$[0xc2][0xac],.[\n]"
DEBUG wire -  << "[0xc3][0x12][0xae],![0xe6]c[0x19][0x8]%[0xb9][0xbf]TK[0xef]dq=[0xd4]}}[0xa8][0x7]:[0xd5][0xdd][0xfa]5[0xff][0xb8][0xfa][0xb3][0x98][0xc8]S[0xa4]o[0xfa][0xe7]`[0xb8][0xac]~[0xea][0x6][0xbb][0xfc]c[0xf0][0xa9][0x8b][0xbf][0xbe]~[0xcd][0xdd][0xe9]ZyT[0xc3]4[0xf3][0xb7][0xae][0xfc][0xf3][0xf5][0xeb][0xc7]Ous[0x1c][0x87][0xa3][0x1a][\r][0x86][0xe2]VUX[0xbf][0xd1]E[0xa6][0xd3]m[0xfd][0xe8][0xb1]Kr[0x4]2V[0xab][0xef][0xd2]nX[0xba][0xd5][0xe8][0xe3][0xf9][0x1][0x17][0x92]+[0xef]J[0xfa]xMr[0x97][0x9a]4[0x9c]xV[0xb7][0x5]Ox[0xf7]r[0xb8][0xeb][0x9a]r][0xfc][0xb5]o3[0x13]O;[0x7][0xd1]sq[0xaa][0xb7][0x86][0x8d]Z[0xb9][0xa9]O][0xf3]Z[0x95][0x9c]X[0xd5]W[0xf3][0xf1][0xf]Tl[0x1][0x9a][0xb4]]p.{;[0xf][0x1]~HW[0xeb][0xbb][0xd0]KCZ[[0x95][0xb4][0xaf][0xea]d[0xf5][0xc3][0x81][0xd1]j5;[0x9b][0xeb]kk-[0xa3][0x85])x,;[0x83][0xc]A[0xb9]c*[0x9a]q[0xe8]HaN.[0xbe][0x1]v[0xf5][0xf1][0xeb][0xa3]bGW[0xf6]0[0xf6]bC[0x6]PZ[0xd9]CG[0x95][0x88]-f[0x18][0x93][0x18]L[0xa4]h%&'q[0x84]o.[0xb2][0xb8]m[0xb4][[0x4]'$1-[0x1a][0x18]k[0x81]d[0xb][\n]"
DEBUG wire -  << "[0xca][0xda]u([0x6][0x82]H[0x8a][0x8b]`J[0xe0]D%[0x15]%[0xde][0x9f][0xc][0x98][0xa4]L[0xce][0x84][0x8][0xf9]&o[0xd1]C.[0x9e][0x9c]QYj[0x97][0xa6]tHH[0xbd][0xe][0xf8][0x15][0xf8][0x15]`[0x9d][0x92]$E.[0xac][0xe3][0x86][0x8e][0xd8]&'[0x15][0x9b]4[0xca]0[0xc5]cP,H[0xaa],[0x90][0x9a][0xea][0x86][0xca]\[0x85]R[0xd2],![0xf2][0xd9][0xd2]DG[0xe]%[0xe][0xaf][0xc2][0xb2]GK[0x18][0xfa]@[0xd4][0x2][0xdd][0xa8][0xa9][0xfa]o[0x17][0xeb] [0xe5][0x1f]w[0x87][0x4]E[0xfc][0xee][0xb1]][0x80]k@[0xb2]m(`[0xc]7@@[0xbd][0xdf][0xa2][0xea][0xbd][0x6][0x95][0xbc][0x0][0xf3][0xe3]"[0xe1][%[0xe7][0xd4][0xe6]S[0x91];[0x0])[0xfd]CR84PYT#6[0x8d][0x92]M,[0xec].[0xc7][0xa1][0xe3]0M[0x16]!Y[0xba][0xda][0x13]t[0xa3][0xf0][0x10][0x16][0x1f][0xca]H[0x1f][0xaa][0x1b]p[0xdf];A[0x8b][0xde]%[0x9e]_G[0xf2]1[0xfd][0x9b][0x81][0x84]([0x94][0xce]D[0xdb]/[0x88]&[0xaf]S[0xb2]rE[0xf6][0x1a][0xb2][0xd5]I7f[0x9c]L[0x1f][0x5];1[0x1a]X[0xb9]q[0x99][0xec]Jf[0xe4][0x6][0x84]d[0xce][0xfe]^[0xec][0xc8][0x92][0xe8]F[0xab]%[0x1][0xb1][0x7][0x99]grR[0xc][0xfe]@[0x9][0x87]g%[0xd0][0xf1]6[0xda][0x1b])p[0x9a]H[0xb2]l[0xec]:[0xa1][0x12]z[0xf8][0x94][0xcb][0xf0][0xc5]l W[0xfb][0xb2]T[0xa1]{[0xd4][0x9][0x4]#[0xc3][0x87]P[0xbd][0xf4]IU[0xdc]J[0x0]{Yv[0x9e]."[0x8f]P[0x0][0xd1]4[0xb1]$1N[0xd2][0x82][0xe1]%B[0xb6][0xa1][0xe4][0xee]5[0x1c].l[0x9a]r[0x83][0x9b][[0x8b][,[0xb5][0xe2]ts[0xa7][0xd2][0xd1][0x85][0x17]G<[0xa1]![0xa4]P[0x9]I[0xe] [0xe6][0x1b][0xf0][0xde][0xf7][0x9d]0i[0xc1][0x93][0x94][0x8e][0xf4][0xac][0xa2][0x1a][\r][0xfb][0x2][0x8e][0x14][0xe4][0xcd][0x2]]'W[0xdc][0x0][0xe1]TF*[0xa8][0xe9][0x1f][0x18][0xbb]([0x1f][0xa0]3[0x99]l[0xe8]tm"UF[0xc8]+3[0xa9][0xb5][0xb6]L[0xb1]@t9.<[0x1b][0xf8][0xff]\[0xd0][0x91]}x[0xbf]`[0xd0][0x9f][0x12]8[0xeb][0xd1]Jj;K[0x15][0xe2][0x19]}[0xda][0xea][0xa4]}[0x9a]>[0x88][0xc5]Q[0xc1][0xc6]\[0xf3][0x8e][0x9f][0xfb]o[0x17][0xb4][0x8e][0xf5][0xfd]qcv[0xff][0xb][0x14][0xf][0xee][0xff]G[0xb7][0x15][0x80]*[0x9e]v[0xb6][0x97]*[0x1][0x80][0xae][0xcc]"[0xf2]/[0xd6]'/p[0xce][0x1e]Pk[0xbe]8[0xec]l5[0xb7][0x9a][\r]Q[0xca][0x80]R[0x1f][0xc0][0xb0]K[0xb][0xe2][0xd5]h1[0xf5][0x89]e[0xf8][0xf3]p[0x90][0xb0][0xaf][0x80]>/@[0x8d][0x18][0x3]V[0xce][0x94][0xa6][0xe6]R[0xa5][0x9][0xd1][0x15]d[0xff][0xe4][0xd5]"[0xc9][0x1f][0xb8]B[0xee]O^[0xcd][0x95][0xfa][0x8d][0xdb]([0xb2][0xdb][0xd3][0x89][0xe8]rt[0x1e]v[0x16]DT[0xea][0x0][0x8d][0x87][0x9d][0xb9][0x14]n[0xb5][0xd6][0x97]I![0xa2][0xcb]S8b[0x1][0xcc]wc[0xbe][0x80][0xd0][0x4][0xc][0xe9]M[0x9e][0xe7][0x92][0xbd][0xde]i-[0x93]lD[0x97]#[0xfb][0xd5][0x8b][0xa3][0x83][0xf9][0x14][0xbb][0xdc][0xa6][0x86][0xb]F1[0x1f][0x8b][0xa5][0xe4]0[0x2][0xef][0x92][0x85][0xe0][0x8d][0xd8][0x86][0xb0][0x87][0xa8][0x7]S}[0xe4][0x7][0xd0]"[0xc4]6[0xb7]1[0x9d][0xe5]Js[0xa7]([0xcd][0xaf][0xfc]>?[0xa4][0xb][0x9a][0x3]0[0x16]EZ[0x5][0xf0]|j[0xdb][0x9b]K[0xa5][0x16][0xd0][0xe5][0xa8]=[0xfd][0xfd][0xff][0xcc]'5\[0x3]2[0x1]j.[0x8d][0x9b][0x1b]K[0xa5][0x11][0xd1][0xe5]i[0x94]&[0xb8]T\r[0x17][0x8c][0xbc][0xa5][0x18][0xe6][0xd1][0xb][0x9][0xf7][0xc8]b[0xf1][0x9]%[0x6][0x10][0x9c][0x14][0x3][0xd4])1`[0xf3]nQA[0xce]~[0xca][0xe9][0xca]*V,[0x97][0x13]yF[0xc0][0xb4][0x8f]@[0xe1][0xfc][0xc6][0x8e][0x15][0x14]4,)0[0xcf][0xf8]k-[0xd7][0xae]i[0x15][0xed][0x9a]#[0xb5][0xa8][0xb0][0x80][0xe6]d[0xed][0x1][0x89]N[0x8b][0xcc]5Y[0xd7][0x97];#[0xad][0x17][0xc6][0xf0]![0xfa][0x13]}?[0x10]^[0xc7][0x2][0xd2][0xad][0x2],j[0xd4]B[0xc2]|[0xd6]/[0xb5][0x11][0x88][0xae][0xd0][0x8]p[0xf0][0xad][0x88]|X[0xd8][0x0][0x1]g[0xc4][0x92][0xf8][0xa4]PI[0xe0][0xa5]sVr}[0xf7][0x1a]x[0x81])[0xf1][0xd8][0xc4]"[0x1d][0x98]RI$[0x1f][0x8c][0xa3][0xa5][0x5][0xe5][0xca][0xc][0xb][\n]"
DEBUG wire -  << "[0xe][0x1e][0x18]j~[0x1c]2[0xc7]P[0x1b][0x86]b}[0x99][Z[0xce][0x90][0x13][0xf9]$t[0xb8][0x9d][0xf8][0xbe][0x1]<fY[0x9a]8[0x9f][0xf9]hj[0x89][0xe2]6E[0x95][0xdf]YQ[\n]"
DEBUG wire -  << "TEnid[0xa5][0x8]$[0x8f]D(W[0xac]\on[0x87]T[0x15][0x9f][0xae]dj[0xe9][0xa5][0xc][0x11][0xf8][0x97]j[0x9][0xc7][0xe8][0xf3][0xa1][0xda][0x11]U6[0x9d]V[0xbd][0xee][0x80][0xa7]83X[0xd1][0xe8] = "[0xae][0xd7][0xcb][0xc5] <[0xc9]i[0x84]`:$[0xf][0xfe]`[0x10][0x82][0x19][0xdd]&[0x8f][0x1e]e[0xa8][0xf7]F[0xad]l[0xdd]*[0xdb][0xcb][0x5][0x95]2'[0xe4][0xf7][0xa8][0x95]oOi[0x91][0xa4][0xb4]d[0xa2][0xde]exQ3;[0xf6]![0xc2][0x8a][0x96][0xdb]V8[0x9a][0xab][0x96][0x8b][0x94][0xb4]M[0x1f][0xbf][0x8e][0x3][0xa7]v[0xe7]%![0xc1]/[0xa3][0x8d]kAuM[0xc8]S[0x81][0xbe][0x2][0x1][0x82][0xc6][0xaa]V[0xe4][0xba]^[0xc1][0x14][0x1a][0x9d][0xbd]d+[0x1d]YR[0xae][0xb9]bk[0x9c][0x88][0xc5][0x8f][0x80]r<[0x8a][0x9f].[0xeb][0xa8]}[0xf2]b[0xd7][0xc][0x18][0x8d][0xe2][0x0]zA[0xc6]PO^[0x95][0xcc][0x87][0xe2]D@[0x2][0xdc]Kso[0xb7](8-[0x98]3[\n]"
DEBUG wire -  << ":[0x86]k+[0xa1][0x82][0x87]T[0xa8]J$*[0xf1][0x4][0xff][0x8c][0xe6][0x85][0xad]]-l[0x7]}<v[0x85][0xab]r \[0xed][0xfd][0xbd][0xd1]z[0xea][0xaf]1[0xb9]>,[0x96][0xbc][0xde][0xb1][0xf4]X[0x7][0xc1]P?1vR([0x82]63[0x9d][0xc0][0x90][0xe]8[0xf0][0x10]Qa[0xec]t[0x0][0x8a]F[0xec][0xf7][0xff][0x88][0xc5]>[0x90][[0x9d][0xd8][0xc]O[0x81][0xa5]q[0xd5]mv[0xc1][0x1c],Nz[0xf9][0x83][0xdf][0xff][0x93][0x84][0xa3][0xf][0xff][0xf][0xc8][0xfc][0xef][0xff][0xc1][0xe8]m[0x1e][0xff]-[0xc6][0x4]p[0xb0]$6[0xd7][0xb7][0x99][0xe3]po[0xa8]#[0x14]u&!O[0xe0]s[0xf8][0x10][0x1d][0x8]%[0x8e] B/[0x81][0xb]@[0xb2][0xdc][0xd9][0x11][0x97]U&!h[0x96][0xa4]X[0x98][0x8c]-?[0xc0]S[0xdd][0xd0][0x82][0xdc][0x16]Xh[0x92]7q@[0x86]>u0:|[0xe4][0x13][0xdc]T[0x10][0xe4][0x83][0xfa][0x2][0xb2][0xc5][0x9],[0xc8]tY4[0xf2]m[0xa8]-T[0x8f][0xbe][0xe3][0xf]1[0x8a][0x99][0x18][0xbf][0xb8][0x10][0x8f][0x95][$[0x12][0xcb]+[0xaa]9%[0x16][0x90][0x11][0x1f][0x8e][0x8c][0xdf]b[0xea][0xf0]hBB[0x10][0x9][0xd2]s@&y[0xef][0x83][0xc0]~[0x86][0x9a][0x81]*[0x89]+[0xe][0xf1][0x84][0x15][0xe9]O[0xc8][0x98][0xf9]`[0xb6][0x8b][0xa0][0xf8][0xd4][0x2]4\[0xb4]&[0xe5]7[0x8c]][0x16]8[0x13][0x8c][0x12][0x2][0xb4]`[0xf8]f[0x11]f[\r][0x88][0x81][0x1c][0xd9][0xda]]r[0xc9][0x8][0xe5][0xa0]u[0xa3][0xdf][0xff][0xc3][0x6][0x3]&[0x3]^[0xf4][0xa1]Ka[0xba][0xc1]%V[0x8a][0xd1]TK[0x8d][0x96]<R[0x7]M[0x18]p[0x0][0x9a][0xc2][0xae]0[0xaa]9[0xc]*L[0x12][0xfd][0x97][0x15]H[0x18][0x9f]4[0x90]yC[0x18][0xb][0xc]1[0xeb][0x92]\[\n]"
DEBUG wire -  << "lF[0x2][0xc][0xde][0x87][0xd8][0xf2]=Bl_T[0x15][0xc6] [0x89][0x14]z1t[0xf1][0xdc][0x96]K[0xbd][0x18][0xbc]m[0x90]~)[0x1c]2u[0x88][0xb7][0x11]<[0xb1][0xdd][0x92]$[0x81][0xe2]p[0xa2]QB[0x83]H[0xc2][0xfd]7[0x13]D}Z[0x87][0x96][0xb4]kA[[0x16][0x87]\~[0xde][0x98][0x1a][0xcb]U[0x3][0xf9]*4Z[0xed]d$w[0x88]B[0x84][0x97][0xa5][0xd2][0xc5][0xf7][0xe9][0xea]P[0x90]3[0xd5]@[0xd3][0x5][0xbd][0xfd]J=[0x82][0xab][0xc9]Zb1[0xa8][0xed][0xc0][0x16][0xdb]\[0xeb][0xb3]D[0xd5][0xf1][0x4]t@[0xc9][0x80][0x1a][0xcc][0xe6]bE[0x87][0x17][0xa6][0xcc][0xd2][0x9c]R[0xfe][0xd9][0x1b]u[0xd2][\n]"
DEBUG wire -  << "[0x81][0xbc]D[0xad][0x1c][0xb1][0x90][0xf]=[0xf2][0x94][0xba][0xe3]][0xf2]*[0x19][0xb8][0xc0][0xe7]N5[0xae]d[0xd5][0xbf][0x90]6[0xde]'{[0x8d][0xf1][0xac][0x9]o[0xce][0x6][0xc1][0x9f][0xc8][0xe1][0xad][0x96][0xbd][0xd9]i[0xcf][0xe0][0xb0]8[0xe6][0xba],[0x16][0xff]o[0xa5],$[0x8f][0xf][0x94]B[0xfc][0xff][0x80][0xc5][0xb6][0xbd][0x6]?[0xb3]X[0xec][0xf][0xc3]eq[0xf8][0xd8][0x13][0xbb][0xd8][0xa0][0xa0]Q[0x91][0x1f]e[0xba][0xf8][193[0xe4][0xab][0xc][0xb9]D))[0xb]e[0xae][0xbd][0x12]1[0xea]*[[0x5][0x1f][0xab][0xed][0x14][0x91][0xf3][0xc7][0xd8](y[0xeb]8Gb[0xa5][0xad]R[0xd5][0xe6][0x5][0x8a]X[0xe0]*[0x1a][0xef][0x95]jx[0x9e][0x8][0x87][0xc6]Fb[0xaf]oT7[0xe]o[0x8e][0x8b][0xa0]E[0xea][0x8b]>[0xea][0xc5][0x1]Vi[0x95][0xd4]).[0xac][0xcf][0xf0]'Dq[0xf9][0x19][0x8d]<[0x9f]q[0xd7]5[0x91]Fw[0xa8][0xdd]s[0x7][0xf6][0xa4]w[0xe8][0x7]xF[0xd5][0xe3][0x6]k[0xad]77[[0x9d]v[0x7][0x83]^o[0xc9][0x8f]l[0xa8][0xed]Xh[0x89]IN[0x1c]z[0xc1]}[0x92][0x16][0x80][0xdc]l=[0xa4]2[0xbf][0x91][\r][0xd7][0xaa][0xe][0x9b][0xd7]e[0x8a])[0x9b][0xb3][0x98][0x92][0xf6]b[0xd5][0x87][0x80][0xca]?ST[0x14][0x6][0xb3]`p[0xe2]UU[0xb6]d[0xf6]H[0xce][0xd0]md[0xe8]"6[0xf4][0x83][0x89][0x94]f[0x17]l`[[0xdb]?[0x89][0x1d][0x87] r08[0xfd][0x0][0xf0]m,[0xc0]7.PW[0xb0][0xb2]Su[0x8]V[0x8e][0x13][0xf9];[0x3]A-[0xb8]n[0x8a][0xda][0xa4]=[0xaf][0xed][0xcf][0xce][0x93][0xcb][\n]"
DEBUG wire -  << "y}sON[0x16][0xfa]e[0xe0][0xfb]Q[0xc9][0x9d][0xce][0xe9][0xef][0xe4][0x18][0xb][0x8f][0xc][0x1e][0x99][0xb8][0xf5][0xd1][0xf7][0xfd][0xcf][0xe2][0x0][0x8b][0x8c][0xf9][0xd9][0x90][0x9c]7r2[0x94]l[0xb0][0xf7][0xfa]`[0xfe]N[0x17]$[0xfa][0x91]G[\n]"
DEBUG wire -  << "[0xc7][0xb6][0xc5][[0xc8]1r3[0xb0][0xa8][0xa4][0xef][0x93][0xaa][0xa4][0xce][0xc7][0xa6][0xe7][0xc9][0x9b][0xa9][0xf7][0xe7][0x8][0xeb]l[0xc5][0xf3][0xe8][0xfb][0xd0][0x1f][0xb4][0xb8][0x16][0x85]'[0x8b][0xac][0xc2][0xea][0xa5][0xef]T[0xf1]I[0x8a]G[0xa2]7Z[0xf2][0xd0]G^[0xcd][0x1c]x6(z[0xf2]V[0xd5]_[0xd4]1[0xa5][0xcc]F[0xb9]/[0x17][0xf6][0xdb][0xb7]S2[0xf7][0xe6]h[0x95][0xe0][0xcd][0xd3]N[0x5][0x1e]<\5[0x1d][0x80]F[0xb2]8[0xe4]|+[0xfd]D[0x5][0xbd][0xa6]l~^9[0xcd][0xc8][0xb8][0x9f]f[0xaa][0x14][0x84]G[0xf7][0xd1]N[0xd8]qx[0xdc][0x14]<[0x1d][0x19][0x86][0x99]{[\r]I[0xaa][0xa1][0xa4]v[0xa3][0xd9][0xa7][0x1d][0xda]i,I;%[0x95][0x19]![0xf8][0xe4][0x1][0xcb][0x94]TY[0xa4][0xfe]![0xc9][0x90]T[0xfc][0xd0]n[0xde][0xb3]>[0xf5]m[0xae][0xbf][0x95]a[0xa5][0x8][0x0][0x9f][0xfb]4[0x80][0xff][0xa1]+[0xcc][0xf4][0x83]}([0x8][0xdf]L[0x19]&[0xe7][0xe0]T[0xbd][0xa9]%[0xb6][0xb6][0xbe][0xbe][0xb9][0xb1][0x9e]W[0x91]G[0x81]I[0x9e]K([0xf2][0x8e]e[0xda][0xb1][0x9c][0xfe]WV[0x8c][0xb7][0xe6]n[0x95][0x10]V+[0xc6]b[0xf3][0x97][0xa2][0x13]y([0x82][0xdd]~#[0x9d][0xa8]x`[0x6],[0xaf][0x10][0xab]R[0xff][0x8a][0xda]0[0xed][0xc1]?^[0x3][0xaa][0xaa]{[0x1][0xeb][0xfd][0xad][0xfd]*kx[0xb0][0xf6][0xb3]}t[0xc1]y[0xde]r[0xb1]Y[0x14][0x99]4[0x1c]_=[0xfb][0x10][0xb1][0x17]vw{[]|[0x8b].[0xba][0xb6]|[\n]"
DEBUG wire -  << "[0xe2][0xee]7[0xd3][0x8f].[0xbd][0x2]-[0xa1][0x8e]cW8[0xa6][0x81]8[0x84]b[0xf9][0xe4]=g_[0xbe]p2[0xe5][0x99]N[0x3][0xfc][0x95][0x15][0xe4][0x12];[0xa0]J[0x92][0xe7]z[0xbe]eN}[0x7][0xf6][0xe5] [0xa1][0xd9][0x8c][0x4][0xcd][0x5][0xff]wf[0xde][0x9f][0xa9]WQ[0x91]I[0xfe][0xa6][0xfc][0xfe][[0x99]U[0xd6][0xf0]g[0xad][0x8b][0xb5][0xd6]:[0xcd][0xb5][0xd6][0xf6]V[0xaf][0xd5]l7[0xb7][[0xdb][0xcd][0x8d]N{}}m[0xab][0xb5][0xd9]k[0xaf][0xb5]6[0xda][0xdb][0x1b][0xcd][0xe6][0xd6][0xe6]zkc{[0xbd][0xd3]\[0xef][0xf9]F;[0xaf][0x96][0xd0][0x1c]Q^[0xda]+?[0xe0][0xd6][0x8]F/-[0x1a]k[0x15][0xd9][0xdf][0xdf]jYeC[0x1e][0xae]1[0xd2]m[0xe4][0xcc][0xc][0xfb]&[0x1e][0xa9][0x9b][0xd2]\[0xe1][0x95]Ve[0xfe][0x99]kfs[0xbc][0xd2][0x8c]T[0xa3][0xb3][0xbd][0xb5][0xdd][0xa6][0xdb][0x9b][0xdf][0xdc]0[0xcb][0x93][0xfa][0xb7][0x9e][0xb9][0xb7][0x9e][0x19][0xf8][0x81][0x87][0xd7][0xf2][0x85][0xc7][0xb7][0xd6][0xec][0xac]mm[0xb6]77[0xcb][0xba][0xe4][0x84][0xf6][0x3][0xfe][0x85][0xfb][0xe4]D[0x82][0x17]U[0xc9]t[0xee][0xf7][0xa9]I[0xca][0xed][0xf8][0x16][0x8a]d[0xc9][0x96][0x87][0xa2][0xd8]T[0xdd]X[0xb0]<f[0xe6][0xfd][0xd5][0xb4]HB[0xa9]"[0xf4][0x8f][0xf7][0xe9][0x92][0x8e][0xef][0x9d]lm[0xff]m[0x7]U[0xd6][0xf0]g[0xe9]'7[0xfe][0xc2][yut8[0xe2][0xb8][0xc8][0xf2][\n]"
DEBUG wire -  << "[0xd2]3-TH[0xfc][0xfe][0x94]O[0x8e][0xfc][0x87][0xeb][0x9c][0xb7]#[0x9b][0x9c]F[0xb1][0xcd][0x96][0xad]l,A[0xa5][0x89]=[0x92][0xd7]3[0x95][0xc9]5[0x15]#[0x89]4[0x90]Hc[0xad][0xb9][0xb5]N;[0xad]5[0xfa][0xb7][0x8d][0xf2]}[0xe8][0x0][0x0][0xc]y^[0x7][0xbc][0xf4][0x3][0xe6]}[0xf1][0xc9];[0xcc][0xc8][0xb4]@)[0xf9][0xfb][0xd3][0x3][0x85][0x6][0xfc][0x85]5[0x81]#[0xe9]4E[0xc7][0xe4]u[0xc1][0x8c][0x8c][0xbf][0x9a]6[0x0]2[0x91]@[0xbc][0x12][0xfd][0x9d]j[0x80][0xca]K[0x18][0xf7]8[0x80][0xa5][0xae]|[0x10][0xf5]7[0xe][0x89][0x82]S[0x83]Y[0xde][0xcd][0x90][0x99][0xf2][0xb8]}[0xd5][0x9][0xad][0x4][0x80],[0xf7]([0xbe][0xec]`CL[0xff][0xf5][0xdd][[0x1f][0x1][0x9b]q[0x2][0xac]J[0x9b][0x91]"[0x1b][0xf2][0xe7][0xbc]H[0xa9][0xab]f[0x1e]M[0xff][0x99]Ex[0xdc][0xfc][0xbd][0x1f][#q8[0xbd][0xa2][0x8b]+[0xce][0x82][0x15][0x7][0xd8]t>[0x9e][0xf0]#[0xe9]/c[0x4].[0xf6][0x17][0xa4][0xd2])B[0xb][0xd1][0x14][0x11][0x19]T[0x8c][0x83][0xe4][0x9e]M[0x1e][0xa8]XW[0xf5])[0xc2][0x13][0xee][0xd9][0x4][0xfa][0x9f]F[0xe2]([0xb6]?[0x18]pKnd[0xed][0x8d][0xa7],f[0x1c]T[0xb9]a[0xaf]b[0xb0][0xe0]1O@[0xe][0xa9][0x8b]'[0xa5]}1[0xea][0xfb][0x1][0x86][0x8e]*[0x97][0xf][0xc3](_[0xfe][0xd4][0x1a][0xf9][0xbe][0x83]eO[0xe5]Y}q[0x92][0xf1]=[0x9e][0xae][0xc7]C[0xea][0x93]9[0x98][0x92]S[0xfe][0xea][0x90][0x1e][0xeb]ar[0x1] Az[0xc4]/x(bPHu[0xb4]'[0xf8][0xc4][0xf7][0xdf]B%[0xe4]Er[0xfc][0xde][0xf2][0x89]vH[0x3][0x87][0x92][0x97][0xbe][0xed]_p[0x8b][0x8b][0xc1][0xcc][0xf7]59[0xa8][0x13][0xe6]b[0xd2]?9Xm[0xd4][0xf6]=[0x8f][0x12]<<[0xcc][0xa0][0xf1][0x81][0x5][0xad][0xd7][0xc9]6[0x99][0x6][0xdf]h7[0xd7][0xda]z[0xca] [0x9d][0xbc]:[0xcc][0x1][0xe5]@K[0x9]I[0x1][0x87]Yh[0x88]pQ[0xe9][0x85][0x9e]|[0x9a][0xb8]&[0xe6][0x8a]K[0xf0]Seo!V[0xb9]Zgh[0xac][0xca]14[0xe3][0xa2]G2[0xa6]T[0xbc]W'7[0xa2][0xaa]M[0x91]D[0x8b]T[0xc][0xa0][0xe9]+@I[0x14][0x1e]u-[0xa6][0xf8][0xfd][0x9c][0xfc]9[0xce][0xe2][0xcd][0xaa][0x19][0xf6]w[0xee][0xae][a[0xd2][0x9d][0xa1][0xb3][0xab]m[0x81]4{e[0xa5]p[\r][0x8c][0x7]09[0xf7]D([0xbb]^v[0xbd]I[0xc6]S5<_[0xea][0xd8]j[0xa8]^>[0xba][0x10]^-[0xca][0xdf])RI[0xd1][0x8][0xe6]-2[0xf1][0xe3]4uV[0xe5]2>[0x82]*[0xc6][0x82][0xc0][0xf][0xc2][0x2]&[0x11][0xa2]U][0xbb][0xda][0xc3][0x17]l[0x92][0xbc][0x10][0x1][0x98][0xfc]P[0xce][0x0]0[0x94][0xa6][0xe3][0xb0]][0x19][0xa0][0x12]dW[0x83][0xaa][0x7][0x10][0xdf][0x6][0xb][0x4][0xc1]+[0x8]![0xa2][0xa6][0xde][0xc8][0xf7][0xd8]d[0xec]G[0x6]h[0xb0]t#[0x1e][0x18][0x2]C[0x15][0x93]d[0x9]#[0x17][\r][0x18][0x84][0x9][0x83][0xcf][0xcd][0xcc]dh[0x9e][0xcc][0xcc][\r]cyWrV[0xbe][0xb][0xb5][0xe3][0xb5][0xad][0xa9]|:[0x8e][0xac][0x11][0x9d][0x87][0xd7][0xe5]9[0xb4][0x8a][0xd9][0xf8]a[0x12][0xf1][0x8]9[0xea][0xa2][0x9a][0x10][0x91][0x99][0xbd][0x13][0x81]^c=[0x11][0x8f]Vv[0x95][0xb8][0xeb]U[0x94][0xa5][0xcc][0xce][0x9f]YT[0xf2]v[0xc0][0x99]cK,[0x8a][0xce][0x1e][0xb2].I[0xc9]{[0xb][0xe8]$T[0x0][0xdd][0xba][0x2]y[0x9b]D[0xe4][0xe5][0xa2][0xd0]i[0x99][0x95][0x96]}:&/[0xea][0x15][0x1d][0xab][0xa9][0xd8][0x82]s[0x0][0x14]R[0x8d][0x88][0xb8][0xdb]#[0xdf][0x11]f[0xc8][0xaf]x[0xd7][0xe8][0xb5][0x0][0x8][0xd8]o1[0xf][0xf0][0x92][0x97][0xc7][0xbd][0xb][0xea][0x88][0xa3][0xe5]#[0x1e][0x9a][0xa0][0x9b][0xe]E[0x80][0x9a]b"LU[0xb5][0xd5]cq[0xce]{[0x82][0x85][0x11][0xfb]j][0x83]R[0xd0][0xd5][0xde][0x90][0xcd].[0x84]P[0x80]7fH[0x5]^[0x89][0x15][0x1a]by[0xdd]$[0x84]xa?[0xe5][0xa0][0x1e][0xd0]Q[0x2][0xcb]]{J[0x15][0x9a][0xd3]UE[0xb4]U}u,![0xee][0xde]Y[0x2][0x88][0x88][\n]"
DEBUG wire -  << "[0xfe][0x1a][0xdd][0xa5][0xb4][0xca]t[0x87]Ud[0xff][0xc1]CJ[0xd5]=[0xb7][0xab]R[0x98][0xea][0xce]:M[0xb2][0xef][0xd2]So[0x1d]FC[0xbc]3[0x87][0x1d]F[0x89][0xaa][0xe2]![0xdd][0x95][0xcd][0xc4][0xb3][0x15][0xe2][0xac][0xe]Rj}V[0x7][0x15][0xb2][0xef][0xd8]A[0xd8])[0xe8]+[0x10][0xf0]2[0x80][0x16][0x8c][0xe7][0xe2];[0xf0][0xb0][0xd6][0xbc]kW)*[0xe6]vU[\n]"
DEBUG wire -  << "3g\[0xa5]0[0xf7]T[0x83]x[0x95]Ux[0x89]>[0xde][0xe]w[0xf1][0x12][0xd1][0xed][0xfb][\r]L[0xc7][0x84]#[0xb][0x7]Z[0xb9][0xb7][0xc4][0xbb][0x9a]i3;[0xc5]V[0xc1][0x1][0xaa][0xe6][0xe3][0x94][0xf]C#`*[0xad]8A[0xab]8[0x95]i[0xae]F[0xd4][0xf5]"[0xb0][0x98]?[0xb3]IW[0xdb]xi[0xff]k[0xe3][0xe8][0xd7][0xf][0x7][0xf8][0xf3][0xdc][0xff][0xa7][0xb5][0xd1][0xf9][0xc5]?2F[0xe7][0x9b]o[0xd7][[[0xb4][0xf9][0xf2][0xf3][0xd5]A[0xdf][0xf9][0xb7][0xa0]E[0xb6][0xe7][0x8e][0xcd][0xca][0xa9][0x1][0xb0][0x11][0xb2][0x86][0x15]b[0xff][0xa9]O[\n]"
DEBUG wire -  << "[0x14][0x8d][0x2]#[0xff]E[0x3][0x15]K[0x9e]$[0x8b][0x12][0x89][0x99];[0xf0][0xb][0xa4][0xf3][0xc7][0xfe][0xbd][0xeb]-[0x88][0x1e]t[0xfd])[0x3][0x87][0xed][0x95][0x94][0xbe],[0xae]_[0xc2][0xb4][0xbc]&[0x1b]q[0xdb]f^[0x85][0xd1]K[0xcf][0xe9]U[0x91][0xde]BF[0xb5][0xd4]C[0x9f]*u[0xd1],[0xfa][0xc5][0xe5][0x9e]H[0xaa][0x9d][0x11][0x9a]bZ[0xd7][0x8a][0xfb][0xf3]y35[0xa1]-{_DR[0xea]R[0xdd][0xaa][0xfd][0xc2]`[0x94]^A%[0x1b][\n]"
DEBUG wire -  << "[0xf9][0xb7][0xe1][0xc6][0xac]ZK[0xb6]vR[0xd9]T[0xf2][0xa2]:[0xda][l[0xbd][0xd3]Z[0xdb]hm[0xcf][0xa9][0xac][0xda]&[0x9e][0xdd]@[0x99][0xbb][0xa8]j[0xda][0xdc]`[0x9d][0xe6]fgs[0xa0][0x89]{[0x88]XJL[0xe]s[0xec]k[0xb][0xa6][0xa5]`[0xc0][0xaf][0x92]^Y[0xc9][0xe6][0x14][0xe5][0xfd][0xf8]iH[0x87][0x95][0x92][0xe3]w[0xcb][0x15][0xba][0x5][0xb0][0xa5]%[0xb9]G[0xc2][0xcb][0x12][0x95][0x16]V4[0x15]%F[0x1f][0xda][0xfe]9}[0xe1][0xc3][0xdb][0xdf][0x81][0xac][0xf4][0x9a]e[0xc][0x11][0xf1][0xe1]"C!M}[0xd7]B[0xb0]L[0x95]Y[0x88][0x8a][0x97]K#c[0xfc][0xa8][0x1f]~[0xcc][0xa2]2d[0xe6][0xd6]r[0xc3][\r]./f[0xe6]VG[0x9b]Z[0xc7][0xba]{[0x80][0xcc][0xad][0xa5]FmCt[0x8b][0x88][0xba]c[0x14][0xa7][0xf6][0xd6]R[0xe3]N![0xba]E[0x14][0xde]=f[0xd3][0xd6]R[0xa3][0x84]![0xba]E4> 8S{k[0xa9][0xb1][0x4][0x11][0xdd]bjo[0x13][0x89][0xa9]B[0x19][0x8c]'[0xe2][0xb3]2r[0x8c][0x8a]G[0xa5][0x17]~[0x11][0xe3][0x9f]|M[0xee][0x87][0x83]i[0xd8][0x9f][0x90][0xa9][0xdd][0x12][0xc][0xba][0xc1]x[0xe8]0y!B[0xc4][0xbb][0xf7][0xfc][0x1][0xf0][\n]"
DEBUG wire -  << "[0x17][0xd2][0xdf]c[0xee][0xb][0xc8]U[[0x1b]e[0xf3]|J[0xdf]I[0xb5][0xa1]v [0x8a]Zw[0xce][0xd7]#[0xca][0xb3][0x2][0x8c]h[0x9]r[0xbf][0xcf]H[0xe4][\r][0x9b][0xe4][0x9a]g[0xfa][0xcd][0x8e][0xf4]c[0x11]m[0xb3]s[0x9b][0x8f]E[0xc8][0x85][0xf4]<[0xd8]9[0xbd][0xa0]*N[0xfa]~[0xe3]G[0xb2][0xf7][0xf8][0xe3][0xe1][0xd1][0xc1][0xfb][0x83][0x8f][0xe4][0xc7][0xc6][0xca][0x5][\r][0xc8]x@[0xba][0xe4]Z[0xb][0xc7][0xd4][0xd5]v[0xae]5[0x10]:[0xe6]h;[0xda][0x8b]U[0x97][0x8c]b[0x97]z[0x8f]5][0x13][0xd3][0x1a]$[0xe][0xfa]-[0xd6]non[0xf][0xfa][0xda][0xcd][0xcd][0xae]([0x8e][0xd6]OOJ[0x92][0xc0][0x83][0xef]q[0x80][0x18][0x4][0x3][0xce][0x1a]g%[0x16][0x9c]![0xf][0xa8][0xed]r[0xef][0xac]![0xfe][0x18]X[0x4]? [0x1][0x15][\r][0xb8][0xe3][0xf4]<?[0xe2][0x16]Vw[0x8a][0xda][0xf5]][0xe2]*[0x9c][0xa0][0xb5][0x14]b4[0x14][0x11][0xa0][0x5]A[0x99][0xfd]XSt[0xa0]G[0x1]2$"[0xa0]?[0x9c][0xe][0x8c][0xd5][0xd2]wX[0xf][0xc3][0xce][0xc8][0xb0]\;[0x1a]$[0xbb]4[0xf4][0xbd]`[0x82]/[0xaa][0xda][0x83]w/z'[0x7][0xaf][0xf]}[0xfe][0xe6][0xdf][0xa2][0xde][0xe4][0xcb]1[0xc8]K[0xdc]g:[0xc1]o[0x14]k;[0x3][0xea][0x84]L[0xd7]"[0xb0][0xf5]J)[0xe2][0xa3][0x3][0x8][\r]f[0x9]{[0xe3][0x1d][0xe2][0xd7][0x91]T[0xee][\r]d[0xe3][0xb6][\r][0xe6]^`0[0x18][0x8b]B[0x83][0xa2] [0x86]r[0xae][0x8f]j,v[0xe5];@[0xaa][0xf]_i;[0x1f]5A[0xf1][0xe9][0x8][0x86][0x4]p[0x14]F[0xda][0xa9][0xf8][0xc2][0xad][0x96]V[0xa6]k[0xe2][0x1b]L[0xda]'][0xc3][0x90]A[0xd0][0x1c][0x19][0x1b][0x19]2xk[0xcb][0xc3][0xea]T[0x2]<[0xbd]}w[0xfc]O[0x80]x[0x1b][0xb0][0xb][0xee][0xc7]X[0xf8][0xf5][0xf1][0xbf][0xdf]C[0xca]k[0xb4]Cu[0xed][0xed][0xcb][0x83]_{[0xa7][0xef][0xf][0xde]a[0xda]i[0x84][0xd1]`D[0xfd]![0xd4]Ojo[0xeb][0x19][0xc8][0x9b][0xb7][0x2][0xc2][0x1f]O[0x1][0x9c]|x[0xf9][0xb2]wz[0xf8][0xee][0xf8][0xf8]5[0x80][0x88][0xbb][0xe0][0xf2][0xab][0xbc][0xa4]v[0x82][0xf9][0xef][0xf9][0xf0][0xea][0xf9])d[0xbd][0xc7][0x6]x[0x94];![0xa9][0xfd][0x8c]9[0x87]/[0xdf][0x9c][0x1e]C[0x86]`[0x1b][0xa9][0x1d][0x87][0x16][0xa6][0x1e][0xbf]{[0xf7][0xe6][0x9d][0x0]g[0x89]`[0x80][0x0]%[[0x12][0x16][0xf5]P[0x80][0xfa][0x8c][0xe0]~[0x1e][0xb3]M[0xb2][0xd7][0xf][0xce][0x1a][0xfb]D[0xad][0xc]D[0xe0]B[0xd0]!F[0xc8][0x11]_[0xe1]3A[0xd6][0x81][0xbf]P[0x1a][0xfb][0x0]Yr9[0xee][\r]a[0xc4]1[0x94][0x84]kM|[0x8e][0x9a]#[0x1b][0x93]N[0x13][0x9b][0x8a][0xa2]O[0xd3]B[0xaa][0x93]0$[0xdc]gUYc{0[0x9d][0xc][0xe9][0xf8][0xa1][0x1][0x16][0x8]l[0x0]r.[0x1e][0x16][0xb][0xb6]j[0xeb]Y[0xa2]e[0xce]*>nt[0xa6][0xbe]\[0x3]@[0x88][0x18][0xca][0xb1][0xfe]YC[0xd6]g[0x8e]"[0xd7][0xc1][0x86]K1[0x8f][0xf9][0x1][0x8c][0x4][0xdc][0xcc]rX[0xc4]^[0xb6][0x9a][0x9e][0x10]v[0xcf][0xc7][0xc2][0xd8][0x89]B[0x14][0x7][0x1f]X-^d<$[0x13][0xfa][0x1]\[0x11][0x9][0x0][0xf9]-[0x95][0xad]ra[0xba]`$[0x1e][0x8b][0x9d]4[0x11][0x95][0x99][0x6][0x18]K[0xe][0x1c]_[0x11]$J[0xc5]Rg[0xa6][0x18]u[0xde]$[0xab][0xe7][0x7][0xbb]T[0xcf][0x1d]0[0xe1][0x4]w[0xca][0x1c][0xd0]U[0xcc]F[0x1d][0x87][0x13]e[0xa8][0xde][0xcd]dH[0x3][0xc7][0xc4]Fo[0xda]J[0x90][0x9f][0x98][0xf5][0x1c][0x8e].2[0xbb][0xb2][0x18][0xb3]E[0xe9]_[0xfd][0x98][0x8c][0xe8][0x5]#[0x18][0x80][0xd3][0x1d][0xa3][0x84]Au[0x2][0x18][0x3]Ka<[0xa5][0x9]j)[0x16][0x9a]R[0xb3]1U:[0xec][0xe1][0xd7][0xc1]$BlPHT[0xba][0xd8][0xd9]t[0xe9][0x15]wc[0x97]H"[0x88][0xf8][0xb0][0x98][0x8c]v[0xc5]C[0xb1][0x9b][0x86][0xd8][0xbe][0xb0][0xc0][0xef][0xf5]'[0x91][0xf8]l[0x1e][0x13][0x92][0xe][0xb9][0xe2][0xa4][0xc][0xfc]Ej&fA[0x9c]A[0xe0]G([0xca][0xc0][0x3][0xb9][0xde]"[\n]"
DEBUG wire -  << "[0xe2]4![0xf4]l[0x10]LtY[0x83][0xc0]![0xc][0x5]x[0xc1]a2f[0x81][0x8b]g[0x7]mA[0x5]x[0x8]q[0x80][0x1b][0xa9][0x18][0xa6][\n]"
DEBUG wire -  << "[0xa3]{[0x1]F[0x80][0xea]Q[0xaf]'w[0xe4]K[0xa4][0x88]PZ[0x1e][0x11]y3)[0xc2][0xcc][0x9e][0xcb]\?[0x98][0xe4][0x19][0xfc]J[0xa4][0x90]$[0xa5][0xaa]8[0x11][0xdf]tC[0x9f][0x4][0xea][0xcb]p[0xd9][0x1c][0x94]#n[0xa5][0x86]y|[0x82]0[0xf8][0xdf][0xc1]#[0x15][0x81][0xd8][0x98]*p[0x1c]Y=[0x8b]F[0xb5][0xd1][0xd5][0x13][0xdb]R[0x80][0xeb][0xc0][0x93];T[0xc4][0xb7][0x84]U[0x8f][0x9f][0xfc][0x94]1[0xc2]D[0xb7][0x99]3u[0x9][0x88]3[0xf]CP[0x17]=[0x9][0xd9][0x93]c[0x19]4[0x15][0xcc]k[0x97][0x14][0xe6]7[0xd4]S[0x3]>[0x8c][0xa5][0xe9]'[0xab]I[0xf1]%[0x7]"[0xb0]*[0x8c][0xbb][0x86]K[0x98]8y[0xf1]0[0x12][0x9f];[0xc2][\n]"
DEBUG wire -  << "[0x14][0xe2]J[0x81]u[0xe9][0x84][0xe0][0xa7][0xf][0x12][0xf1]j[0xa5][0x9c]Cm[0x92]6[0xef][0x97][0xf7][0xef][0xdf][0xaa][0x9a]3[0x84][0x3][0xd0][0xbb][0x2][0xd1][0x7]YV[0xbe]#[0x0]x[0xbd]2P[0x8e][0x1]2[0xb][0xc3][0x9e]e"[0x96][0x6]U[0xfb][0xa1][0xf5]_a[0x1f]W([0xa1])[0x12][0x90][0x5]?[0xb4][0xff]+,[0xe1][0x15][0xe3][0xca][0xbe][0xcb]p[0x81]<[0x8c][0xc3]l[0x88][0xea][0x12][0xcc][0xe4]r[0x4][0xb3]J[0x1c][0xca][0xe][0x13][0x8b][0x8a][0xaa]r!=~[0xca][0x81][0x17]o[0xb2][0xf6]'B[0x9f]f[0x9e]&[0xa3] [0x5][0x11][0xc3][0xdb][0xc2][0xbb]J[0x8e]l[0xfe][0x89]<[0xb5][0x86][0x9][0x92]G[0xaa][0x1d]0[0xad][0xe2]U[0xe6][0x8c][0x8b]*[0xc1][0x94]V[0x7][\n]"
DEBUG wire -  << "[0x7][0xe4][0x1d][0xa9]'[0x98]v[0x82][0xd8][0xb3]Fbz[0xd1][0xe][0x93][0xe7][0xb3][0xb8][0xdd]lo[0x8][0xb1]D}[0x8c][0xd8]\[0xff]B* l8[0xc8]B8B[0x8c][0x82][0xbe]^[0xca][0x80][0xc3][0xa2]-[0xeb][0x87]P[0xfc][0xb5]A[0x81][0x85][0xaa][0x1f][0xb1][0xac][0x12][0xde]D[0x13][0xe2][0x17][0xcd]z[0xc9][0xa7][0xe3][0x14][0x16][0xa1][0x11][0x85][0x84][0x6][0xee][0xab][0x10]1[0x1e][0x80][0xe0][0xe2][0xf6]n[0x18][0x7][0xec]YJSO[0xe8][0xb6]_Y[0x88]Q[0xb]1[0x81]p[0xb4][0x16]$Gd[0xe6]k_W[0x1c][0x92]yr]gG[0xeb]o[0xad][0xaf][0xd1]v[0xdf][0xee][0xb7]![0xf1]av\[0xa2][0xcb]o7iVby&[0xc8][0xea][0xae]o[0xb6][0x9b][[0xeb][0xcd][0xbe][0xb5][0x8e][0xbd][\r][0xfe][0xcc][0xa8][0x17]^[0xe]z[0x8b][0x91]&[0xdf],;k[0xe0][0x14][0x9b][0x10][0x94]=[0x99][0x2][0x99][0x9][0xc8][0xa4][0x18]Eb[0xb2][0xff]x-?][0x83][0xfc]E[0xe7]F[0xd8][0xbf]0[0x95]`[0x9f]^EJ[0xb9]A[0xe6][0x8f][0xda][\r]Xq2[0xe0]8M[0xcc][0x6][0x1d][0xdb][\n]"
DEBUG wire -  << "[\n]"
DEBUG wire -  << "[0x81]Q[0xb7][0x97][0xb4]_[0xa6]_[0xd2][0xc0][0x93]r[0xf0]J[0x8d][0x1b][0xf][0xc]*[0x18][0x16][0x18][0x87][0x11][0xf1][0xa3]^[0xb7]FhW[0x83][0xd8][0xe3],[0x95][0x88]<[0x9a]Rb$M[0x92]iO[\r])[0xbb]0[0x1c][0x5][0x88][0x18][0x84]B[0xfd]L[0xeb]A[0x94]J[0x9c]^R[0xc4][0xbf]N[0xe1][0xc3][0xf9][0xc2][0xc3][0x88]<[0xe8]S[0xa4][0xf3]Q[0x15][0xaa][0x9b][0xbf][0x5][0xf5]oA[0xfd]n[0x5]u[0x9]~[0xaa][0xd4][0xef][0xc9][0xb6]Z:[0xe9][0xe][0xf8][0x95]h[0xa4]:D[0x83]AW1[0x96]+L[0x14]3[0x84][0x17][0x17][0xd7]S[0x83][0x14][0xbf][0x93]([0xb9][0x92]09[0x99][0x10]du[0xd0]a[0xe8][0xf1][0xb][0xf2][0x93][0x8d]<([0xc6][0xc3]t[OZ9.[0x8d][0xd0]w[0xd5]l[0x9f]ICP&[0x88][0xe5][0x4].[0xe3][0xa5][0xca]b[0x98]'[0xd2]pP[0xc6][0xf2][0xd4][0xe][0x92][0xa8][0xd0][0xa1]M[0x14][0x8b]8[0xb6][0xb8]i+[0xec]2[Z[0x12]b]B[0xcc]a[0xd4][0x1]R[0xed][0x9]8ujz[0xaf][0x9c][0xc3][0xbe]#[0x8e]'[0x1a][0xe8]4[0xee]Ok/[0xf1]p[0x89][0xf7]>[0xa1]"[0xa5][0x99][0x84]-[0xa3]V[0x98]qS;=RI*t[0xdd][0x94][0x82]+[0xb0][0xab]P[0x1a]Y6[0xc6][0x8f][0xbe][0xa7][0xcb]2[0xaa][0xc9][0x87][0xb2]^[0xb1][0xb1]{([0xeb][0x5][0xbb][0xf2]@[0x6][0xbc]}+[0xf6][0x6]x[0x10]F[0xe9][\n]"
DEBUG wire -  << "[0x8d]\[0xe7]:[0xc1]e[0xae]7[0xd9]z[0x91]d[0x98]\^[0x9][0xf0]3[0xa1][0xa0][0x0][0xd5][0xce][0xdf][0xad]T!~[0xac][0xf2][0xac][0xb0][0x86][0x6].l[0xeb][0xac][0x81][0xdf][0xea][0x93][0xc7]P[0xce][0x1a][0xda]M[0xd6][0x9][0x1b]l[0xab][0xb9][0xc1][0xb6][0xb7][0xd6][0xa8][0x18][0x94][0xd9]7[0x14][0x87]z_[0xb7][0xeb][0xd7]H[0xa9][0xd5][0xed][0x8b]@[0xda]_[0xbf][0xf6][0xab]?a([0xe][0xf9]iu[0xfd][0xa8][0xab][0x9][0xb1];[0x8d]P`[0xf5][0xe3].x[0xbc]"![0xc4][0x4][0xb9])[0xad][0xe9]'][0xed][0xe8][0xcd][0xab]C[0xe9][0x91][0xbf][0x14][0xaa]C[0xd3][0xee]j[0xd4][0xb6][0x8f]/0[0x9][0x8c]w[0xc]'[0xaf][0xe9][0xbf]t[0xc1][0x1f][0xf][0xce][0x8b][0x1f]G[0xbb][0x9]edP[0xab]_[0xff][0xd7][0xcb][0x83][0xe7][0xa6][0xec][0x94][0xda]-[0xbe][0x8f]z[0x9e]|C7[0xf9]`[0xf1]y[0xa8][0xd5][0xcd]K[0xca][0xa3]Z[0xfd][0x1]h[0xc][0x97][0xf][0x91][0xd1][0xe2][0xb3][0xc7]wBy[0x9b]EO[0xa8]M}[0xd1][0x10][0x17]#%[0xfe];#[0x9e][0xf5][0x15]d@[0xde][0xe7]"|.[0xc]m[[0xc4][0xd4][0xb9]][0x5][0x15][0xcc][0x88]y[0x3][0xb4][0xfe][0x12][0xb8]p[0xcf][0xf]N?[0x84]p[0xd0][0xbb]l[0xcc][0xad][0xcf][0xe0][0xf0][0xdc][0x99][0xfc]j[0x8c]r[0xcf]wY[0xd8]\[0xfc][0xaa][0xc1][0xb2][0x90][0xc9][0x8f][0xb]<[0xc][b[0xfe][0x0]eW[0xfc][0x81][0x94][0xa5][0xb8]R[0x9b]j9[0xe8]@[0xd1][0xd8][0xe][0x98]c[0xf][0x97][0xc8][0xaa]oZ[0x9f][0xe7]?[0xc8][0x1d][0x81]v[0x92][0xf2][0x83][0xe3][0xc8][0xf7][0x1e],[0x90][0xa1][0x1f]D[0xb8][0xd6][0xfe][0xcd]h/szYx[0xb][0xdf]T_2[0xfa][0xdb]|F[0xfc]~[0x8c]W[0xc7][0xa6][0x8c][0x80][0x8d][0x9d][0xc9]=[0xa8][0x16];paC[0xee][0xd7]'4[0xf7]}?[0xc2][0x5][0xa8][0xb1]P[0xb3][0xc9][0xcb][0xb2][0xb0][0x3]N[0x89][0xe0][0xc1][0xb2]6[0xf6]C[0x8e]S[0xea][0xd2][0x94][0x15][0xf3][0xe2][0x87][0xe1]BK[0xb3][0xd5][0x9a],[0x8b] [0x9a][[0xa5][0x18][0xb7][0xc2]x8[0xc4][0xaf][0xab]?@[0xae]g[0xcf][0xc4]y[0x3][0xf3]>[0xf3]0[0xbc][0x8a][0x1b]%[0xd5][0xd4][0x15]?[0x4]-.[0xd5][0xa5][0x87][0xec][0x1a]t[0xcc][0xa1][0xc4][0xb3][0x91][0xd3]e^[0xef][0xc3][0xe9]}[0x1a]6[0xc3]v[0x91]xdsvo~[0xa9][0xe5][0xbe][0xae][0xcd][0x7]5[0xb1][0xf7][0xa0][0xe1]w?[0xc4][0xeb]c[0xeb]c[0xf3]S[0xfd][0xfa][0x97][0xec][0xeb][0xda][0xa6][0x85]+[0xd9]Lo[0xaf][0xd7]w[0x3][0x16][0xc5][0x81]wcu[0x11][0xea]Fl[0xb3][0x82]IZ[0xfc][0xc8][0xb6]&[0xeb][0x3]+[0x94]u[0xc5][0xc6][0xd3].5}[0xf]U][0x97]~<[0xfe][0xd4]-V_[0xa3][0x1f][0x8f]>=}[0x8a][0xbf][0x1f]wq'^[0xca][0x88][0x96]%I[0x9f]V[0xab][0xfd][0xca][0xea][0xd7][0x92][0x0]"7[0xb4][0x8a]x[0xbd][0xd8]qvY[0x17][0xdd][0xf4]][0xb0]Lo[0xd4][0xf7][0xbb][0xef]$[0x17]6[0x1b]0\47[0xb2][0xcd][0xe9]0'[0x1e][0xe][0xed][0xab][0x9e]U[[0xdf]MsM[0xdb][0xb5][0xca][0x1f][0x5][0xb7]L[0xe1]`[0x1c][0xe2][0xe7]>[0xeb]7z[0xb3][0xbe][0xb][\r][0xed]Cs[0xba][0x82][0xc8][0xa7]O[0xfb][0x1f][0x6][0x1e][0x8b][0x14]-Y[0x1][0xdd][0xc5][0xc4][0xda][0x89]n[0xe7][0x19][0xd4]7[0x3][0x86][0xb][0xa8][0x5]s[0x1c][0x81]t[0xc1][0x81][0xfa][0xae][0xc4][0x91]r[0xed]F[0xa5][0xdf][0xdc][0xd4]k[0xe8][0x88][0xa6][0x9f]$[0xaf][0xef][0xae]4~$[0x9f]>[0xed][0x93][0x1f][0x1b][0xe9][0x97][0xc1][0xf7][0x1a][0xf8][0x89]o[0xf1][0xc9][0xef][0xc8]u[0xf0][0x93][0xdf]x[0x9e][0xeb]h[0xe2]Q[0x97][[0xf2][0xbb][0xde][0xe2]sR4[0x92][0xab][0xd2]kf[0xbb][0xd5][0xc2][0x9d][0x16][0xdf][0xc3]O[0x83][0x88][0xaf][0x85]c[0x89]C[0xe1][0x19][0x96][0xb][0xf4]'[0xe4]_o[0x8d][0xd3]x[0xc]CM@[0x10]p[0x19][0xda][0xcd][0xd6][0xb6][0xd1]l[0x19][0xad][0xe]im[0xed][0xb4][0xb6]wZmysF [\n]"
DEBUG wire -  << "[0x11][0x18][0xfc]F[0x4][0x86][0xd4][0xff][0xb][0xb4][0xea][0xce][0x89][0xf][0xc6][0x0][0x0]"
DEBUG RequestSpecificationImpl$RestAssuredHttpBuilder - Parsed data to instance of: class org.apache.http.conn.EofSensorInputStream
DEBUG RequestAddCookies - CookieSpec selected: default
DEBUG RequestAuthCache - Auth cache not set in the context
DEBUG PoolingHttpClientConnectionManager - Connection request: [route: {}->http://localhost:2064][total kept alive: 2; route allocated: 1 of 2000; total allocated: 2 of 2000]
DEBUG PoolingHttpClientConnectionManager - Connection leased: [id: 1][route: {}->http://localhost:2064][total kept alive: 1; route allocated: 1 of 2000; total allocated: 2 of 2000]
DEBUG MainClientExec - Stale connection check
DEBUG wire - http-outgoing-1 << "[read] I/O error: Read timed out"
DEBUG DefaultManagedHttpClientConnection - http-outgoing-1: set socket timeout to 10800000
DEBUG MainClientExec - Executing request GET /session/e9c2f5b492893b90288674161d6e7d46/element/0.01484094461664287-20/attribute/href HTTP/1.1
DEBUG MainClientExec - Target auth state: UNCHALLENGED
DEBUG MainClientExec - Proxy auth state: UNCHALLENGED
DEBUG headers - http-outgoing-1 >> GET /session/e9c2f5b492893b90288674161d6e7d46/element/0.01484094461664287-20/attribute/href HTTP/1.1
DEBUG headers - http-outgoing-1 >> Cache-Control: no-cache
DEBUG headers - http-outgoing-1 >> Host: localhost:2064
DEBUG headers - http-outgoing-1 >> Connection: Keep-Alive
DEBUG headers - http-outgoing-1 >> User-Agent: Apache-HttpClient/4.5.3 (Java/1.8.0_161)
DEBUG headers - http-outgoing-1 >> Accept-Encoding: gzip,deflate
DEBUG wire - http-outgoing-1 >> "GET /session/e9c2f5b492893b90288674161d6e7d46/element/0.01484094461664287-20/attribute/href HTTP/1.1[\r][\n]"
DEBUG wire - http-outgoing-1 >> "Cache-Control: no-cache[\r][\n]"
DEBUG wire - http-outgoing-1 >> "Host: localhost:2064[\r][\n]"
DEBUG wire - http-outgoing-1 >> "Connection: Keep-Alive[\r][\n]"
DEBUG wire - http-outgoing-1 >> "User-Agent: Apache-HttpClient/4.5.3 (Java/1.8.0_161)[\r][\n]"
DEBUG wire - http-outgoing-1 >> "Accept-Encoding: gzip,deflate[\r][\n]"
DEBUG wire - http-outgoing-1 >> "[\r][\n]"
DEBUG wire - http-outgoing-1 << "HTTP/1.1 200 OK[\r][\n]"
DEBUG wire - http-outgoing-1 << "Content-Length:93[\r][\n]"
DEBUG wire - http-outgoing-1 << "Content-Type:application/json; charset=utf-8[\r][\n]"
DEBUG wire - http-outgoing-1 << "[\r][\n]"
DEBUG wire - http-outgoing-1 << "{"sessionId":"e9c2f5b492893b90288674161d6e7d46","status":0,"value":"http://pros.unicam.it/#"}"
DEBUG headers - http-outgoing-1 << HTTP/1.1 200 OK
DEBUG headers - http-outgoing-1 << Content-Length:93
DEBUG headers - http-outgoing-1 << Content-Type:application/json; charset=utf-8
DEBUG MainClientExec - Connection can be kept alive indefinitely
DEBUG PoolingHttpClientConnectionManager - Connection [id: 1][route: {}->http://localhost:2064] can be kept alive indefinitely
DEBUG PoolingHttpClientConnectionManager - Connection released: [id: 1][route: {}->http://localhost:2064][total kept alive: 2; route allocated: 1 of 2000; total allocated: 2 of 2000]
DEBUG BasicClientConnectionManager - Get connection for route {}->http://pros.unicam.it:80
DEBUG DefaultClientConnectionOperator - Connecting to pros.unicam.it:80
DEBUG RequestAddCookies - CookieSpec selected: ignoreCookies
DEBUG RequestAuthCache - Auth cache not set in the context
DEBUG RequestTargetAuthentication - Target auth state: UNCHALLENGED
DEBUG RequestProxyAuthentication - Proxy auth state: UNCHALLENGED
DEBUG DefaultHttpClient - Attempt 1 to execute request
DEBUG DefaultClientConnection - Sending request: GET / HTTP/1.1
DEBUG wire -  >> "GET / HTTP/1.1[\r][\n]"
DEBUG wire -  >> "Accept: */*[\r][\n]"
DEBUG wire -  >> "Host: pros.unicam.it[\r][\n]"
DEBUG wire -  >> "Connection: Keep-Alive[\r][\n]"
DEBUG wire -  >> "User-Agent: Apache-HttpClient/4.5.3 (Java/1.8.0_161)[\r][\n]"
DEBUG wire -  >> "Accept-Encoding: gzip,deflate[\r][\n]"
DEBUG wire -  >> "[\r][\n]"
DEBUG headers - >> GET / HTTP/1.1
DEBUG headers - >> Accept: */*
DEBUG headers - >> Host: pros.unicam.it
DEBUG headers - >> Connection: Keep-Alive
DEBUG headers - >> User-Agent: Apache-HttpClient/4.5.3 (Java/1.8.0_161)
DEBUG headers - >> Accept-Encoding: gzip,deflate
DEBUG wire -  << "HTTP/1.1 200 OK[\r][\n]"
DEBUG wire -  << "Date: Mon, 14 Jan 2019 17:23:57 GMT[\r][\n]"
DEBUG wire -  << "Server: Apache/2.4.18 (Ubuntu)[\r][\n]"
DEBUG wire -  << "Vary: Accept-Encoding,Cookie[\r][\n]"
DEBUG wire -  << "Cache-Control: max-age=3, must-revalidate[\r][\n]"
DEBUG wire -  << "Content-Encoding: gzip[\r][\n]"
DEBUG wire -  << "Content-Length: 11579[\r][\n]"
DEBUG wire -  << "Keep-Alive: timeout=5, max=100[\r][\n]"
DEBUG wire -  << "Connection: Keep-Alive[\r][\n]"
DEBUG wire -  << "Content-Type: text/html; charset=UTF-8[\r][\n]"
DEBUG wire -  << "[\r][\n]"
DEBUG DefaultClientConnection - Receiving response: HTTP/1.1 200 OK
DEBUG headers - << HTTP/1.1 200 OK
DEBUG headers - << Date: Mon, 14 Jan 2019 17:23:57 GMT
DEBUG headers - << Server: Apache/2.4.18 (Ubuntu)
DEBUG headers - << Vary: Accept-Encoding,Cookie
DEBUG headers - << Cache-Control: max-age=3, must-revalidate
DEBUG headers - << Content-Encoding: gzip
DEBUG headers - << Content-Length: 11579
DEBUG headers - << Keep-Alive: timeout=5, max=100
DEBUG headers - << Connection: Keep-Alive
DEBUG headers - << Content-Type: text/html; charset=UTF-8
DEBUG DefaultHttpClient - Connection can be kept alive for 5000 MILLISECONDS
DEBUG RequestSpecificationImpl$RestAssuredHttpBuilder - Parsing response as: text/html; charset=UTF-8
DEBUG wire -  << "[0x1f][0x8b][0x8][0x0][0x0][0x0][0x0][0x0][0x0][0x3][0xed]}[0xf9]~[0xdb][0xb6][0xd2][0xe8][0xdf][0xf1]S [0xcc][0xd7]XjIj[0xb1][0xbc][[0xce]q[0xbc][0xb4][0xb9][0xbf]l7N[0xce]9[0xfd][0xe2]|[0xfa]A$$[0xc1][0xe1][0xa2]r[0xb1][0xad]8~[0x97][0xf3][0xe][0xf7][\r][0xfa]dw[0x6][0x0]WQ[0x92][0x17][0xa5]m[0xee][0xad][0xdb][0xd8]$0[0x18][0xc][0x6][0x83][0xc1][0xc][0x96][0xe1][0xde][0xe3][0xa3]7[0x87][0xef]}{LF[0x91][0xeb][0xec][0xaf][0xec][0xe1][0x1f][0xe2]Po[0xd8][0xd5][0x98]g|8[0xd5][0xc8]8`[0x3]~[0xd5][0xd5][0xfc][0xe1][0xe][0x0]E[0xe3][0x9d]F[0xc3][0x1f][0x8e]M[0x97]5[0xbc][0xf0][0x89][0xb6][0xbf][0x2]e[0x18][0xb5][0xf7]W[0x1e][0xed][0xb9],[0xa2][0xc4][0x1a][0xd1] dQw[0xf5][0xc3][0xfb][0x13]ck5M[0xf7][0xa8][0xcb][0xba][0xda][0x5]g[0x97]c?[0x88]4b[0xf9]^[0xc4][0xbc][0xa8][0xab]]r;[0x1a]umv[0xc1]-f[0x88][0x17][0x9d]p[0x8f]G[0x9c]:FhQ[0x87]u[[0x1a]bq[0xb8][0xf7][0x99][0x4][0xcc][0xe9]j[0xe3][0xc0][0x1f]p[0x87]id[0x4][0xa4]u5E[0xd4][0xd0][0x1d][0xf]M?[0x18]6[0xae][0x6]^[0xa3]%[0xca]<[0xda][0x8b]x[0xe4][0xb0][0xfd]_|[0x97][0x11][0x83][0xbc]}[0xf7][0xe6][0x14]Y,[0xc]YH[0xa8]g[0x93]S[0x16]`[0xbd]!yI[0xfb]{[\r][0x9][0xbd]Br?{[0xa1][0x15][0xf0]qD[0xa2][0xc9][0x18][0xc8][0x8f][0xd8]U[0xd4]8[0xa7][0x17]T[0xa6]j[0x84][0xdb][0xd0][0x80]q<0[0x90]e1[0x1d]2C[0xe5][0x14][0xb1][0xe0][0xcf][0x5][\r][0x8][0xb][0x2]?[0xe8][0x85]Q[0xd0][0xf3][0xfb][0xe7][0xa4]K[0xae][0xa7][0xa0][0xf0]g5`[0xbf][0xc5]<`[0xf6]*[0xd9]![0xab]<$[0xe9][0xbb]^[\r][0xef][0xf2][0xd0][0xa5][0x91]5[0x12][0xf0][0xb6][0xf][0xcd][0xf1][0xfc][0x88][0xc8][0xa4][0x19]E.[0xa8][0xc3]m[0x1a]q[0xdf]K*[0xc1]""uu[0xaa][0xc4]M[0x91]%[\r][0xd9][0xc6]b[0x13]W[0xf6][0x1e][0x1b][0x6]y?[0x2]L![0x8f][0x18][0x81][0xbf][0xfe]8[0xe2].[0xff][0xc2]lr[0xc9][0xa3][0x11][0x89]F[0x8c][0xfc][0xea][0xd3]0"[0xa7][0xc7]o[0xc8][0xd8][0x89][0x87][0xdc]#[0x17][0xdb]f[0x7][0xba][0x6][0xfb]0[0x84]N[0x9c]`[0xbe]i[0xf9]n[0xe3][0xd2][0xf]l[0x10][0xbd]0lH[0xc8][0xb0][0x11]2[0xbf]A[0xc][0x3][0x84]4[0x13][0x5][0x8b]z[0xbe][0xc7]AJJ[0xc2][0x0]"[0x12][0x9a]1[0xe6][0xb8]&[0x8f][0x1a][0x1a]i@1![0x87][0x90]3fA4[0x11][0x2][0xed][0xf8](`9ad^[0xf]e[0xbe][0x1a][0x1a]e /[0xb8][0xac][0x8f]-[0x9d][0x9][0x8d][0xc2][0x94][0x3][0xbf][0x9d][0x10][0xce][0xc2][0x16][0x7]N[0xe][0xd7][0xdd]Z[0x89]T[0xf6]p[0xfc][0xe5]0[0xdc][0x93][0xc][0xee][0x82][0x8c]/$[0xe4]rl([0x88]F<v|j[0x87][0x8d]v[0xb3][0xb5][0xd9]h5[0x1b][0xfd]8[0xe4][0x1e][0xd4]i[0xb0][0xc1][0x80][[0x9c]y[0xd6][0xc4]h5[0xdb][0x9d][0xab]N{[0xcd]<[0x1f][0xf][0xe7]V[0xbc]#[0xd4]C[0xae]z,9[0xbf][0xc4][0x88][0xf1][0xe1]([0xaf]n[0xa0][0x9e]\[0x9][0xa9][0x95]"[0x90][0xcf][0x88][0x5];[0x16][\r][0xec][0x1c]h[0x18][0xbb].[\r]&3[0xc1][0x1f][0xdc][0xc3]Et[0xdf][0x82][0xb7][0x19]K[0xf3]zl[0x95][0x8e][0xc7][0xe] [0xc4][0xe1][0xdf]p[0xec][0x9f][0xce]CP[0x3][0xfb][0xd7][0xda]?[0x4][0xe6][0xab]H[0xdb][0xd1][0x92][0x1][0x19]Z#[0xe6]R[0xd4][0xab][0x9a][0xae][0xfd]C[0x8c][0x80][0x1d][0xed]_[0xac][0x8a][0x92][0xf])[0xdc]V[0xc0][0xd3][0x94]>I[0x6][0x88][0xae][0xa1][0xf4][0xce][0x2][0x83]l![0x9b];[0xb]eR[0xd7][0xc6]>6[0x1c]f[0x86][0x3][0xb]i[0xd7]v[0xae]S[0x9a]N[0x19][\r][0xac][0x91]J[0xd7][0xb5][0x88][0x6]C[0x16][0xcd][0xac][0xf4]Y[0xd8][0xbd][0xe]E[0x89][0x1e][0xb0][0xde]E[0x95][0xcc][0xbd][0xe1][\r][0x14][0xfc]-f[0xc1][0xc4][0xe0][0xde]8[0xc6][0xd2][0x89][0xe6][0x95]]5]B[0xbb][0xb9][0xc9][0xd4][0xe1]Ry[0xfc]&[0x18]R[0x8f][0xa1][0xaa]=[0xb]8[0x18][0x2]y[0x7][0xa1][0xb6][0xf3]1EzyyiN[0xfc]8[0x8a][0xfb]L[0xe8]S[0x98][0x97]=[0x8f]9[0x8d][0xf][0x87][0xbd][0xc3][0xdf][0xae]^EG[0x83][0xe0][0xe7][0xff][0xbe]|3[0xfc][0xef][0xdf][0xfa][0xfd]&[0xf3][0x87][0xda][0xa7][0x5][0xbd][0xe9][0x17][0x9][0xba]u[0x9f]9[0xfe][0xd0][0x7]@-[0xcf][0xa8][0x9c][0xf4][0xf]}[0xe8][0xc0][0xb4][0x9][0x82]b\[0xb0][0x80][0xf][0x14][0xcf][0xf2][0x8a][0xf6][0xe7]h-|s[0xf8][0xbf][0xb6]^[0x9c]l[0xad]o[0xbf]::y[0xf3]a[0xbc]M[0xff][0xfd][0xe1][0xf4][0xc8][0xde][0xee]M[0xb6]_[0xfc][0xbb]s[0xfc][0xe5][0xcd][0xeb][0x17][0xbf][0x9c]n[0xbd][0x92][0xb2][0x8e]3Qcj[0xae]1[0xc5][0xe4][0x91][0x9b]=Vm/4[0xd0][0xbc]ab[0xee][0x14][0x13][0xc8]j[0xa3][0xe1][0xd2]+[0xcb][0xf6][0xcc][0xbe][0xef]G[0xd0][0xc9]t[0x8c]/[0xc0][0xc1]U[0x81]zQ[0xe1][0x1][0x10][0x1d][0x9a][0xb2]Qt[0xcc][0xc3][0xdb][0x97][0xc][0xcd]K[0x14][0x81][0x12][0xb0]F[0x1d][0x10]7[0x8f][0xe2]<#m[0x90][0xbc]\[0x5]a[0xf8][0xd3][0x95][0xb]3[0x83]PE[0xb][0xb5]:y[0x1a][0xd0][0xdf]b[0x97][0x9c]0f[0xcf][0x9f]1[0x7][0x0][0xa1]&[0x94]oL[0xcb][0xa1][0xef][0xba][0xd0][0xcd][0xe1]-[0x88][0xb2][0x14]h[0x8e]:[0xb0][0xf1][0xe6]Zh[0x8][0xf1][0xe8][0x92]{[0xb6]i[0xf6].[0xc7][0xcc][0xf5][0xcf][0xf9])[0x8b]"[0x18][0xbb]![0x1a]`Z[0x9f][0x86][0xec]C:[0xb8][0xc2][0x9d][0xb3][0xc6]Y[0xd2][0x15]g[\r][0xa1][0x92][0xc3]3[0xa8]8`g[\r]Q[0xf8][0xc]l[0xcb][0xb3][0xc6]f[0xfb]j[0xb3]}[0x86]#O[0xe]es[0xec][0xe1][0xe0][\r]/[0x86]w[0xc7][0x5][0x85][0x4]&[0xf8]{,[0x91][0xc1][0x13][0xbe][0xfb]q`1[0xd4]q0[0x12][0x80][0xc9][0xa2]H2>[0x11]u[0x91];g85p[0xcf]rb[0x1b][0xab]9[0xf]E[0x82](d@[0xef]1h[0xa7][0xe9][0xc2](8[0xf][0x9f][0xc1]8[0xeb][0xae][0x9b]M[0xb3][\r][0xea]k[0x17][0x19][0xf4]x[0x10]{Bs[0xd6][0xa8][0xde][0xd7][0xad][0xfa]u[0xf2]NlL[0xa9]_[0xa3][0xf1]juO[0x85][0xce]3[0x7][0x81][0xef][0x1e][0x82][0x99][0xe8][0xdb]l[0xd7]1-[0xc0][0x1d][0xbc]cVTk[0xea]M[0xfd][0xb3])m[0xf8][0xcf][0xa6][0x9c]z[0xeb][0xba]c[0x82][0xb5][0xee][0xbc][0x7]F[0xd5],[0x13]%fR[0x8b][0xc0]L[0xd4]i[0x1d][0xc0][0x9b][0xf5]][0xc4]mw?[0x9b][0x91]D#[0xfa][0xe1][0xdd][0xcb]Z[0xfd][0x1]X[0xfb]9[0xac][0xac][0x84]5`Q[0x1c]@[0x9b][0xba][0xdd].[0xbb]I[0x9b][0xc8]jT6[0xb0][0xbf][0xcb][0x7][0xb5][0xc7][0xce][0xd7][0xaf][0x8f]3[0xe4]uY[0xe6]qk7[0x84]i[0xda][0x1a][0xd5][0x1c][0x13]E[0xec]9p[0x13][0xc6][0x5][\n]"
DEBUG wire -  << "[0x9c]?[0xd6][0x90][0x18][0x1f]5[0xd5]F[0xb3]I[0xd6][0xda][0xe3]+r[0x10][0xc0]$[0xa5]A[0x13][0xaf]-[0x80][0xd4][0x6][0xe][0x1d]j;[\n]"
DEBUG wire -  << "U[0xad][0xdf][0xb5]k[0x1f][0xd7][0xd7][0xd7][0xd6]7[0xf4][0xf5][0x8d][0xad]6[0xfc]N[0x9e][[0xdb][0x9f][0xf4]B[0xce]V[0xbb][0xb9]V[0xc8][0xae][0xd7][0x9f]>- [0xd8]\[kC^[0xab][0xbd][0x5][0xbf][0xc1][0xb8][0xc9][0x9e][[[0xb9][0xf4]V[0xf6][0xbc][0xd6][0xac][0x86][0xef]lf[0x95][0xb][0xac][0xb2][0xf2][0x1c]h1[0x1][0xf0][0x97] Z[0xa5][0x4][0xa8]i[0x1][0xe][0xa8][0xb3][0xae]?[0xee][0xd7]w[0x5][0x9b][0x94][0x84][0xab]nJ[[0x89][0x90][0x9b][0x1b]M}{s[0xbb][0xad]o[0xac]7[0xd7][0x12].%[0x19][0x2]g.[0x17]Q[0xde]$[0x1d][0x97]u[0xf4] [0xe9]h[0xab][0xdb]7[0xad][0x80][0xc1][0x90]:v[0x18]j[0x94][0x9a][0xa6][0xd4][0x5][0x10]b[0x86][0x81][0xd5][0xa5][0xba]e[0xda][0xa0][0xa1][0x83][0xae]eV+[0x16][0xbd]o[0x82][0x81][0xa1][0xca][0x87][0xcf]'[0xef][0xe9][0xf0]5Lh5[\r][0xbd]a[0xad][0xfe][0xb1][0xf9][0x9][0xa5][0x92]y[0xf6][0xe1][0x88];v[0xcd][0xaa][0xdf]`[0xcd]C}[0xa4]s[0xfd]\[0xff]<M[0x1][0xb8]2[0x80]\[0x3][0xc9][0x6][0xa9][0x5][0xd4][0x87][0xd2]Nx[0xfa]4[0xff]V[0xd3][0xda][0x80]|w[0xe0][0x7][0xb5][0xf3][0xee]A[0x10][0xd0]IM[\n]"
DEBUG wire -  << "[0x97][0xae][0x98]W[0x7][0xc2][0xc3]x[0x8c]>6[0x98]8[0xc]F[0xfa][0x4][0x86][0x85]7[0xdc]y[0xdc][0xd4][0xb3][0xb7][0xe3]+[0x8b][0x8d][0xa3][0x13]([0x8][0xe9]7:[0xef]6w[0xf9][0xde][0xb9][0xe9]0o[0x18][0x8d]v[0xf9]O?[0xd5]3,[0x1f][0xcf]?[0xf2]O[0x9f][0xba][0xac][0x86][0xf3][0xe8][0xcd][0xc]_[0xb7]2[0xf5][0xe9][0xd3]2[0x16]][0x12][0xfb][0xb8][0xdb][0xc5]W[0x90][0xe4][0xca]r[0x19]u[0xd5]x[0xb3][0xfc][0xe9][0x1a]D[0x7]>[0xc][0xe5][0xe3][0x1c][0x4][0x92][0xb]M>z[0xf3][0xea][0x1d]t[0xeb][0xa4][0xfb][0xb8][0x5]o[0x1]>[0x1e]R[0xc7][0xe9]S[0xeb]s7U[0x9d]0[0xd6]s[0x80][0xc0][0xd6][0xca][0x9a][0xbe]~[0xad][0x8d][0x8a]e[\n]"
DEBUG wire -  << "[0xe8]j[0xf5][0x1b][0x90],j[0xdb][0xc7][0x17] [0x15]/y[0x8]&[0x10][0xb][0x9e][0xd5][0xa6][0xd3]j[0x1a]Tv(m[0xa4][0x97][0xe0][0x7][0xc0][0xe4][0x9][0xc2][0xf5][0xb8]U[0xd7]i[0x5],z[\n]"
DEBUG wire -  << "*[0xbf][0xbe]S[0x3][0x88]([0xa2][0xd6]H[0x0][0xd5]4[0xdf]S[0xd9]u[0xac][0xbb][0x98]#[0xa8][0xb]#[0x90]T[0xb4] [0xc1]A[0xd1]s[0xc4][0xc3][0xcc][0xe4][0x8e][0x1d][0x6][0x6][0x1][0xa8][0xd4][0xbe]l[0xc9])[0xc2]b[0xc7][0x94][0xdb]U[0xaf][0xeb][0x82][0xfb]bZ[0xfb][0xfa][0xf5][0xfa]F[0x1f][0x9a][0xb9][0x99][0xed][0xd9][0xa0]Vx[0xaf][0xef][0xc]M5a?}:4[0xa3]K[0xf5]XC8[0xf5]V[0xd7][0xf1]EA[0xd5][0xeb][0xf5][0x9b][0x9a][0x9c][0xea]u[0xdb][0xb7]b[0x1c]V[0xfa][0x8c][0xa9][0xbf][0x8e][0xd3]^f[0x90][0xa2][0x15][0x11]M[0x1c][0x96]7"[0xac]0[0x4][0xeb][0x81][0xbb][0x88][0xdf][0x8]][0xee][0xb0][0x89].^[0x5]"r[0xbd][0xf2][0xc8][0xe6][0xe1][0xd8][0xa1][0x93][0x1d][0xc2]=[0x9c][0xb][0xc8]c[0xee]boS/[0x2][0xec]}?[0xb0][0xc1][0xa9]#[0x9e]?[0x9d]se[0x84]#[\n]"
DEBUG wire -  << "dU[0xe5][0xca][0xf9]m[0x87][0xb4][0x98][[0xcc][0x10][0x13]`E:[0xb8][0xa8]`[0xdc][0xee][0x90]&1[0x9b][0x9b][0xe5]L[0x10][0xbb][0x8][0x97]G[0xc][0xea][0xf0]![0x0][0x19]Ms[\n]"
DEBUG wire -  << "[0x1]v[0xcf]0[0xf0]c[0xcf][0xae][0xa2]g[0xc][0xb2][0x84][0xfa][0x3][0xf0][0xe7][0xd3]oV[0x80]{[0xc8][0xb2][0x82]e+R[0xc2][0x11]c[0xd1]*.[0x8d][0xad][0x2][0xe7][0xfa][0x8e]o}6[0x1c][0xde][0xf][0xc0][0x95]6[0x80][0xa9][0xab]D[0x99][0xbc]3[0xfd][0xdb][0xc4][0x88][0xc1].h[0x0][0x93][0xa3]F[0x1][0x89][0xac]W[0xd8]2[0x0][0x90][0x19]3[0xab][0xca][0xf1]Jzo[0x95][0xb8][0xcc][0xe6][0x14]<1[0xc7])[0x9b][0xe0]eBG,[0x4][0xb7][0xd2][0xb0][0x1c][0x8e][0xda][0xdc][0xe8][0xd3][0xe0]v[0xa4]&[0xae]x[0xb2]F[0x15][0x81]'[0xc7]x[0x8][0xe][\r][0x8e][0xc][0xf0][0x97][0xc0]0[0xf6][0xfb][0x83][0xab][0x9e][0xeb][0xdb][0xb1][0x83]MJ[0x92][\r][0x87][\r][0xa9]5iP[0xb0][0x8e]#[0xd9]TID#G[0xc4][0xf2][0x1a]h[0xd3]p[0xc4][0x81][0xda][0xf0]>][0x90][0x94]].[0xcf][0x91]/[0x86][0xe4][0x8b]1[0x8e][0xfb]H[0x98][0x1]c66$[0x9d][0xcd])J[0xd1][0xad][0x9d][0xe1][0x9c][0x9][0xbf][0xcb][0xa0][0x97],[0xf4]][0xd6][0xe8][0x98][0x9b]fS[0x90][0x9e]O.P[0xdf][0x6][0x90][0xb5]oH}[0xeb][0x1b][0xc9]OV[0x85]h[0x1f][0xd4][0xc][0xe][0xd8][0xf2]Z[0x95][0xf2][0xf5]n[0xe4][0xb][0xb2]S[0x1]V"[0x9d][0xe2][0x12][0x94][0xa6]o[0x85]nh-i[0xe0][0x8a]~[0xe][0xf9][0x17]vK[0xf9][0x9e]Kx*8[0x2]aIl@[0x81]n?[0x84][0xe0][0xbc]D.[0x81][0xd6][0x82][0xdc][0xcf][0x95][0xf8]%[0xb1][0xba]'[0x92][0x1f]B[0xf9][0xb4][0xfa][0xbe]-W[0xe5][0x1c]=E[0x8b][0x9c]~%I%[0x14][0xfb]+[0xa6][0x92][0x10][0xf0][0xd3]P[0xa3][0xea][0xa4][0x94]@[0xd0][0xb3][0x4][0x3][[0xfd][0xe9][0x85]#<[0x86][0x9][0xaf]g[0xd1] "&[0xfe][0xee]90[0x7][0xe1][0x84][0xff](7WB[0xe3][0x1c][0x1f][0xe6][0xf7]'k[0x1b]k[0xeb]k[0x9b][0x90]y[0x3][0xff]f '[0xa6]C[0xfb][0xcc]1[0x6]`g[0xa1][0xfd]A[0xc4][0xfa][0xe2]GA[0xac]\T[0xfc][0xb4]c\[0xb2][0xfe]g[0xe]}[0x17]G[0xb8][0xbd][0xe5][0xc8][\n]"
DEBUG wire -  << "[0x93][0xd4][0xbc][0xd1][0x0][0x8a][0x2]P6[0xf1]?p5[0xb7][0xe1][0x7][0xfe][0xe4][0xe8][0xb8]m[0x93]oA[0xd5]bv[0x9]8[0x2][0xe][0x89]k[0xe2]/[0x3][0xb9]3[0xde][0xe9]3xa[0xb]K[0x83][0xc8][0xd8][0xb1][0xf5]P,[0x85].S[0x85]$[0xf7][0x92]>[0x1a][0x88][0x1f][0xe4][\r]yP'[0x15][0xba][0x4][0x85][0xcc][0xc0][0x9e]R[0xa2][0xa0]j[0xc9][0x99]I[0xa4][0xa2]7[0x8][0xad]h[0x8f]z0<zA[0x1c]N[0xe8],[0xea][0xa7]p[0xed][0x8c]|[0x18]@[0xb7][0xc0]([0x1][0x8b]x"
DEBUG wire -  << "[0x99][0xf8][0x91][0x92][0xb][0xbf][0x81]0d[0xe][0x94][0x10][0x18][0xec][0xc0][0x1f][0x83][0xb8]ybV[0x3][0x1c][\n]"
DEBUG wire -  << "[0xc3]>4`.[0xd8][0x0]L[0xef]p1[0x18][0x5][0x1f][0xe2][0x82]M[0xc1][0xc9][0xbf][0x82][0xec]}$|[0x1][0x19]}[0xdf][0x9e][0xec]x~T3G[0xa0][0xef][0xea]iy[0xf0][0xdd]i[0xec]D%|[0xa6][0xac]T[0x16][0xe8]G^}[0x89]hTO,[0x9][0x99]`""K{[0x18][0x99][0x84][0xfb]ShP[0xf][0x9]5][0x10][0xf2][0x8][0xfc][0xf7]9[0xd9][0x6][0xea][0xf2]<[0x80][0x92][0xf3][0x1c][0xad][0xe6][0x88][0x86][0x6][0xb5],[0xd0][0xd2]R[0x8a][0x85][0x84][0xe0]~[0xae][0x92][0xe9]&mo[0xaf][0xd3]][0xa5][0xde][0xb0][0xc4][0x98][0x82][0xa5]"[0x96]|I[0x8][0x16][0x8a]i[0xc5]A[0x80][0x9e][0x16][0x99][0x95][0xa3][0x1a]3;?'[0x9a][0xd2]k2[\n]"
DEBUG wire -  << "[0x95]gu[0xf7][0xe3]([0xf2]==}[0xca][0xb5][0xe3][0xd2][0xf7][0xc5][0xea]0[0xb8][0x96] [0xfc][0x1][0xa8][0xe9][0x9e]@E$[0xa4][0x1c][0xc5]Z[0x18][0xf7]][0x1e]i[0x9f][0xee]Q$[0xab][0xcb][0xe6][0x17][0xe0][0x12][0xa2][0x9a][\n]"
DEBUG wire -  << "[0xc5][0xc]Ga[0xf2]A%[0xa2][0x92][0xf0]w[0x1][0x85][0xc4][0xf0])[0x5][0x90][0xef][0xcb][0xc3][0x94]Q[0x96]SX[0x9a],'[0x9b]Z[0x95]^]*[0xcf][0xa0][0xaa][0xf4]R[0xa9]'R/[0xaa][0x16][0x91][0xb9][0xe2]1'3[0x91][0x90]y YW[0xc3] [0xc1][0xc6]8[0xe0][0xb8]=[[0x95][0xb6][0x83][0x92]_[0x99][0x91][0x1b][\r][0xe5][0xac][0x1c][0x11][0xe5],9F+[0xf3][0xcc][0xc5]ys0'[0x10]3[[0xb7]S[0x0][0x98]C[0xdc]b[0xf2][0xf3][0xa3]^[0xce][0x16]![0xb7][0x19]j"[0xcc][0xbc][0xb4][0x10]Xq[0xac][\n]"
DEBUG wire -  << "[0xc8]r c![0xd4][0x14][0xaa][0xd9][0xb5]N#[0xbc][0x3][0x85][0x99][0x86][0xbc][0x5][0xda][0xc]V[0xcc][0xf0]j[0x9e][0xcf][0xcb][0x8f][0xc2]q[0xe9][0x7][0x9f]AO[0xc1][0xec]=[0xf0][0x1d][0xee][0x1b]<b[0xee][0x8e][0x17][0x8d][0xc]K,[0xe2]nx?[0xb5][0xea][0xca]LHf-C[0xda][0x89][0xc9]Sb[0xf3]fF[0x85][0x1c]pa[0xf2][0x90]j[0xdd][0xcc][0x94][0xcc]+[0xe1][0xb2][0x81][0x99][0xea][0xe3][\n]"
DEBUG wire -  << "[0xcb]sJ7[0xff]C[0x18][0xcc][0xa4][0x6]N[0xb2][0xa1][0x96][0x8b]67[0xb6][0xc6]WurM[0xc4][0x14][0xff]h[0xce]\[0xb4][0xef][0xf0][0xfd][0xdc][0xcc][0xb0][0x18]4[0xe5]j[0xe5][0xec][0x9d]N[0xdc][0xd3]S8[0xa9][0xa8][0xe6][0xe]e[0xa7][0xeb][0x95][0x9c]M0D[0xfe]p[0xe8][0xb0][0x5]U[0xe4][\r][0x9][0xc2][0xe5][0xe4][0x93]M{y[0xde][\n]"
DEBUG wire -  << "[0xe6]&[0x13]P:[0xb5][0xe7]&[0xf][0x3]T[0x16]L[0xf3]jJ[0xc2][0xdc][0x8f][0x96][0x3][0xee][0xd9][0xff]t[0xb5][0x81]ch[0x9f][0xea][0xca][0x18]Pbj[0x5]>[0x98][0x8c][0x91][0x8f][0xb6][0x9a][0xca]*[0x10][0xae][0xd2][0x84][0x18][0xd7][0xf5][0x5][0x95][0x9a][0xb]j[0xbd]c[0xa5][0xd4][0xb6]{[0x91]/[0xec][0xe8][0x9e][0xc4]\_[0xee][0x8c]W9[0xd7][0x90]YSW[0x95]2[0xd3]3C[0xa6][0xec]>[0xcc][0x9e][0xea][0x97][0xa3][0xef][0xd2][0xb1]X[0xe5][0x94]5[0x9][0xee][0xfb][0xe1][0xbf]&[0x9][0x86]}Zk5[0xf5]NK[0xdf]n[0xea][0xe0][0xdb]v[0xea]z[0x93][0xac]A^[0xb][0xfe][0x19][0x8]T[0x6]i#[0x4][0xe6][0xae]Wch[0x8b][0x15]k[0xa1][0x8][0xfe][0xe8]J[0x13][0xc3][0xf][0xcd]Kt4(ZhIo[0x10][0x95][0xac][0xd4]^[0x92]^[0xa1][0xb6][0xaa][0x14][0xd6]CD[0xfb][0xae][0x3][0xaa]B[0xb6][0xab]l[0xf6]?h`/[0xdb][0x9c][0x9c]o[0xce][0xcd]7[0x11][0xe7][0x19]u[0xd3][0xee][0xc3][0xad]F]n&[0x9f]k[0x10][0xfe][0xa9][0xe6][0xd9]]-'r[0x1b]UrO{g[0xae][0xd9];s%[0x8]Fo[0x7][0x15][0xc0][0x6][0x8e][0xf0][0x16][0xc][0xf1][0xf2][0x10][0xee][0x88]!.`[0xd6][0xb2]1[0x8e]'*[0xd4][0x0][0x87][0xdc]-T[0x11][0xb8][0x92]d[0xac]W[0xea][0x88]j[0xc5]S[0xaa]x[0xaa][0xdc][0xb2]j[0xce][0xaf][0x82][0xe4][0xb5]Q[0xb6]Ldr[0x1c]%[0xd0][0x85][0xc][0xf4][0x90]H[0xc6]a[0x4][0x83]Q([0xa1][0x9c][0xdd]$O[0x84][0xa6][0xda]{[0x18]P[0x1b]wZj[0xb8]zH[0x3][0xdd]a[0x83][0x88][0xc0][0xd8][0xd5][0x89]x[0xea][0xfb] [0xd7][0xae][0x8e][0x87]]jJs[0xd5][0xf5][0xc8]O[0x9f][0xeb][0xfa]}[0x10][0xd9]m[0xfc]O"R[0xcf][0xb2][0x99][0xb3][0xe9][0x94]X[0xb3]Z[0xaa][0x88][0xd1]g[0x2][0xcb]J[0xf4][0xa4][0xb2][0x19]u[0xdd][0xaa][0x8e][0xdb][0xe0]N[0xba]Gj[0xbe][0xa2][0x16][0xc][0xa8][0x7][0xb2][0x8d]b]G[0xfb]+][0xf1][0xa8]^Yr[0xb8][0xe9]{F[0xc8][0xc4]^si[0xc9]&[0xb7]Pe[0xe]b[0x7]/[\n]"
DEBUG wire -  << "[0x4][0x8c]I#[0xb1][0xa2][0xba][0xc5][0xb5]Ma![0xb3][0xac][0xc9][0x85]-K][0x81][0xbc][0xd6]XX(][0xbf][0x1b][0x8a][0xd3][0x90]B[0xb5][0xe6][0x17]F[0x1e][0x15][0x96]D[0x12].[0xab][0xc9]x[0xc0][0xf1]`^[0xda]1[0xc2][0xda]T[0xd8][0xd7]-w]g[0xdd]fC][\r][0xb9][0x8d]-[0xbd][0xbd][0xad][0xb7][0xd6][0xda]:x7[0xcd][0x1f]Dr[0xad][0xbd][0xd6][0xd1][0xd7]7[0xf5]V[0xb][0xd2]Z[0xcd][0xe6][0xf][0xf5]][0xb2][0x92][0xac]q[0x83][0xbb][0xa2]jN[0x10]&[0xce]Jj?[0xd3][0xad][0x96][0xbd][0xd5][0xd9]%i[0x81][0x92][0xbb]S.?[0xed][0xf7]Ty<y[0xac]d[0x1a][0xb3][0x84][0x9b][0xa2][0xe5]x[0x1d][0xff][0x9b]M[0xcb][0x14][0x82][0xdb][0x11][0x93]G[0xbb]25s[0xc8][0xb9][0x1e]A[0x99]m$[0xf6]F"[0x84][0x6]*[0x86][0xdc]k [0xce][0xb4]e[0xef][0xe7]q[0x18][0x89]]]]><![CDATA[>[0x95]&w[0xfd][0xc0][0x19][0xad][0xeb][0xa4]r~[0x17]PRj[0x94]A[0x0][0x90][0xd5]F[\r]8[0x9a][0xd0][0xc][0x94][0xb9][0xc2][0x2][0x98][0xf2][0xa1][0xf2][0x90][0xcf][0xa5][0xc3]Z[0x2]T[0xd3][0xe2]t[0xf5]o[0xf]dR'[0x9a][0x5][0xf8]$`[0xe1][0xd8][0xf7]l[0xa2]L[0x10][0xb5][0xa2]T[0xa0]Gz[0xda][0xb8][0xc0]i[0x8c][0xfd]0*aR[0xde][0xb7][0xe3]P[0x18][0xb][0xd4][0x9][0xd5][0xde]M[0xe4]G[0xf2]e[0xc4][0xac][0xcf]~[0x1c][0x19]U[0x4][0x1b]I.y2[0xa6][0x13]<8[0x2][0xf][0xe][0xb5][0x98]\[0x11],[0x1]+[0xe]N[0x99][0x8a][0xf3]Y[0xb2]xQ[0x92][0xdc]k=[0xa1]X[\r]M;[0xd2][0x12]b|[0x9][0xd6][0xb9][0x94][0x84]"5[0x97][0x96][0x5][0xf3]$[0x5][0xde][0x0]7Q[0xb2][0xd2][0x92][0x15][0xd0]T[0x82][0x97][0x9a]'vk[0xf2]<Pso[0xc][0xfd]Xf[0xc5][0x92]<H[0x89][0xa7][0xaa][0xb9]B[0xb4][0xca][0xb9][0x11][0xed][0xe3]N[0xe3][0xa4][0xa7]zLr?[0xcf]:[0x1c][0xb5][0xc5]A[0xaa][0x12][0x93]A[0x9a]{[0x15][0x83]T[0xbe][0xab][0xd1]]t(r&fu[0x8e]t%[0xae][0x89]:[0xa3][0x83][0x8e][0xc7]N[0xb]L[0xa9]][0x92]&I[0xe3][0xa3][0x9c][0x8a][0x4][0xee][0xac][0xad][0x15][0xd2][0x4][0x95]*[0xf1][0xe6]o}[0xf6][0xb7]>[0xfb][[0x9f]}w[0xfa][0xac]j,[0x15][0x87]Q[0xb6]U[0x8c]Wqe[0x97]\[0x6]xR[0x19][0xc8][0x7]M[0xc0][0xd2]E[0x12][0xe4]8[0x10]+[0x19]^[0x94][\r])[0xe3]Fa[0x1][0xa0]R[0xb6][0xa9]0[0xde]s[0x4]>[0x1]{[0x1e]F[0x5][0xae][0x10]A[0xe3]>r[0xfb][0xba][0xb9]R=P6[0xf0][[0x9a][0xb3][0x9f]fHDU9[0xb5]2[0x81][0x95]~[0x9a]#X[0x92]`[0xd1]9[0xf9][0xbd]}[0xd9]7[0xc5][0xfc]R[0x19][0xd1][0xa3][0x89][0xee][0xb2][0x85][0xa1][0xee];[0xa8][0x82][0x95]z[0xac][0xcf]C[0xb8][0xb8]p%[0xb]Kl[0xae][0xac][0xe0][0xff][0x89][0xf9]Km[0xfa][0xa2]+[0x10][0x87];8[0x1][0xdd][0xac][0xa4][[0x19][0xdc][0xcb][0xb6]2[0xb6][0xc7]Wu[0xe1][\r][0xe1]r[0x9]S>D[0xe2][0x4][0x85].u[0x9c][0xcc][0x91][0xc2]KH[0xfa][0x2][0xd8][0xc]h[0xd4]*[0x14][0x94]9[0x6][0xd4][0xad][0xd4][0x95][0xc4][0xe4][0xc2]0'[0x14]O[0xd4][0x2][0x88][0xf2]L[0x89]p!$|zhL[0xf9]l[0xe9][0xfb][0xe][0xe9][0xb4][0xa1]Yb7[0xe1]fe%![\n]"
DEBUG wire -  << "X6F[0xf5][0xe]=[0xc0][0x1d][0xe1][0xc8][0x81][0x17]*Zk[0x84]Q[0xba][0xd6][0x8a][0x87][0x4][0x98][0xbc]%[0xa0][0xf6][0x83][0x1e][0xe5]'|[0xb2][0xd9][0x94][0xa8][0x1][0xf1]m[0xce][0xe4][0xaa][0xa3]S[0xe2][0xa2]Z[0xe5][0x11][0xcb][0xaa]+lx[0x98][0xea][0xd9][0x80][0xba][0xdc][0x99]t[0xdf][0xf9]`T[0xf8]?[0xac][0x1d][0xac][0x81][[0xd8]>[0xec][0x88][0xdf][0xeb][0xe2][0xf7]&[0xfc][0xde]<[0x94][0x0]?[0x9d]:[0xb4][0xf]P[0x9d]$[0xe7][0xe9][0x93][0xe6][0xda][0xd6].[0xc8].[0x86][0x7]p[0xf0][0x88][\r][0xa4][0x8b][0xbf][0x6][0xde]s[0x10][0xb9][0xcb]9cG[0x3]n[0xc][0xa8]gMp[0xc9][0xea]^[0xe7]0S[0xc][0x86][0x83][0xc2][0xf]x[0xd2][0x3]w[\n]"
DEBUG wire -  << "o[0xe3]\[0xdc][0x14]5[0x93][0xf7][0xd2]Y[0xbb]5s[0xe3]!-[0x10]1[0x5][0xf0]H[0xe9][0xbd][0xa8][0x87][0xa4]8Dq[\n]"
DEBUG wire -  << "D[0x86]]8[0xd8][0xa8][0xd2][0x84]R[\n]"
DEBUG wire -  << "[0x97]w[0x9a]W[0xb2][0xc3][0x88][0xf9]=If[0x82][0x9e][0x84]Rl[0xbf] 7C[0xdb]2[0xb7][0xcd][0x96]i[0x81][0xee][0xf1][0xdd][0x2][0xa3];[0xf]ftx[0x9][0xef][0xd4]aA[0xd4]^[0x1e][0xf5][0x17][0xc0]d?h[0xe4]p[0xcb][0xb3][0xec][0xb9][0x84][0xfb]7#[0x19][0xab]0>[0xe5][0xfd][0xc2][0xc6][0xea]"[0x9a][0xf1][0x2]r[0xa3]|[0xbb][0xf4][0xd8][0xe6][0xd1][0x87]w/[0xaa][0xef]s[0xda][0x85][0xfb][0x9c][0xef]N[0x8f][0xe6][0xdf][0xce][0x4][0xe0]`l[0x99][0xe3][0xd1][0xf8][0x19][0x94]-[0xdf][0x1d][0xbd]t.][0xea][0xf1][0x1]h[0x9f][0xaa][0xda]r[0xd9][0xb2][0xd6]y5[0xe5][0xf][0xa8][0xe7][\n]"
DEBUG wire -  << "[0x9a][0xa2]`c[0x9f][0x14]/[0x18][0xe3][0x5][0x18][\n]"
DEBUG wire -  << "[0xaa]3w[0xa3][0xf8]_0[0xe3][0xbc][0xc5][0xe0][0x12]D^[0x83],[0xb][0xc9][0xc8][0xf]"|[0x9d][0xcf][0xd4];][0xd5]E[0xf6][0xff][0xe4]3[0xb7][0xbf][0xe8][0x92]k[0xd2]U[0x12][0xb6][0xd1]2[0x9b][\r][0xf1][0xf4],[0xe][0x9c].[0x16][0x1][0x9d][0xfa]C[0xfb][0x4][0xfe]/[0x16][0x84][0x84][0x85][0xf7]u[0x85]h[0x1][0x97][0xbe]5!R[0x99][0xe3][0x98][0xa0]QW[0xf5][0xca][0xca][0x8c]+6[0xcf][0xdf][0x1c][0xfd]J[0xcc]L]'[0xd6][0xf4][0xf5][0x17][0xe8]d[0x9b]][0xed][0xb4][0x9b][0xf8]sS[0x82][0xe3][0xa1]0,r)[0xfd][0xe1][0xb5]?[0xa6][0x16][0x8f]&;Msk[0xb3]\[0xa0]?$[0xd7]S[0xab]xO[0x9a][0x83][0xe6][0xa0][0xd5]*[0xc3]F[0xa3][0xd8][0xed][0x87]U[0xf0][0xf2],[0xe6]M2[0xd1]fab[0xe4][0xbc][0x9b][0x86]DIg[0xe2]b|[0x94][0xe7][0xc7]?[0xbf]xM[0x8e][0xaf][0xc0]0~[0xc5]"[0xb0]vCr[0xb1][0xe][0x83][0x93]|[0xf0]8h[0x82][0x90]:[0xe4][0xc0][0xa3][0xce]$[0xc2][0xac],.[\n]"
DEBUG wire -  << "[0xc3][0x12][0xae],![0xe6]c[0x19][0x8]%[0xb9][0xbf]TK[0xef]dq=[0xd4]}}[0xa8][0x7]:[0xd5][0xdd][0xfa]5[0xff][0xb8][0xfa][0xb3][0x98][0xc8]S[0xa4]o[0xfa][0xe7]`[0xb8][0xac]~[0xea][0x6][0xbb][0xfc]c[0xf0][0xa9][0x8b][0xbf][0xbe]~[0xcd][0xdd][0xe9]ZyT[0xc3]4[0xf3][0xb7][0xae][0xfc][0xf3][0xf5][0xeb][0xc7]Ous[0x1c][0x87][0xa3][0x1a][\r][0x86][0xe2]VUX[0xbf][0xd1]E[0xa6][0xd3]m[0xfd][0xe8][0xb1]Kr[0x4]2V[0xab][0xef][0xd2]nX[0xba][0xd5][0xe8][0xe3][0xf9][0x1][0x17][0x92]+[0xef]J[0xfa]xMr[0x97][0x9a]4[0x9c]xV[0xb7][0x5]Ox[0xf7]r[0xb8][0xeb][0x9a]r][0xfc][0xb5]o3[0x13]O;[0x7][0xd1]sq[0xaa][0xb7][0x86][0x8d]Z[0xb9][0xa9]O][0xf3]Z[0x95][0x9c]X[0xd5]W[0xf3][0xf1][0xf]Tl[0x1][0x9a][0xb4]]p.{;[0xf][0x1]~HW[0xeb][0xbb][0xd0]KCZ[[0x95][0xb4][0xaf][0xea]d[0xf5][0xc3][0x81][0xd1]j5;[0x9b][0xeb]kk-[0xa3][0x85])x,;[0x83][0xc]A[0xb9]c*[0x9a]q[0xe8]HaN.[0xbe][0x1]v[0xf5][0xf1][0xeb][0xa3]bGW[0xf6]0[0xf6]bC[0x6]PZ[0xd9]CG[0x95][0x88]-f[0x18][0x93][0x18]L[0xa4]h%&'q[0x84]o.[0xb2][0xb8]m[0xb4][[0x4]'$1-[0x1a][0x18]k[0x81]d[0xb][\n]"
DEBUG wire -  << "[0xca][0xda]u([0x6][0x82]H[0x8a][0x8b]`J[0xe0]D%[0x15]%[0xde][0x9f][0xc][0x98][0xa4]L[0xce][0x84][0x8][0xf9]&o[0xd1]C.[0x9e][0x9c]QYj[0x97][0xa6]tHH[0xbd][0xe][0xf8][0x15][0xf8][0x15]`[0x9d][0x92]$E.[0xac][0xe3][0x86][0x8e][0xd8]&'[0x15][0x9b]4[0xca]0[0xc5]cP,H[0xaa],[0x90][0x9a][0xea][0x86][0xca]\[0x85]R[0xd2],![0xf2][0xd9][0xd2]DG[0xe]%[0xe][0xaf][0xc2][0xb2]GK[0x18][0xfa]@[0xd4][0x2][0xdd][0xa8][0xa9][0xfa]o[0x17][0xeb] [0xe5][0x1f]w[0x87][0x4]E[0xfc][0xee][0xb1]][0x80]k@[0xb2]m(`[0xc]7@@[0xbd][0xdf][0xa2][0xea][0xbd][0x6][0x95][0xbc][0x0][0xf3][0xe3]"[0xe1][%[0xe7][0xd4][0xe6]S[0x91];[0x0])[0xfd]CR84PYT#6[0x8d][0x92]M,[0xec].[0xc7][0xa1][0xe3]0M[0x16]!Y[0xba][0xda][0x13]t[0xa3][0xf0][0x10][0x16][0x1f][0xca]H[0x1f][0xaa][0x1b]p[0xdf];A[0x8b][0xde]%[0x9e]_G[0xf2]1[0xfd][0x9b][0x81][0x84]([0x94][0xce]D[0xdb]/[0x88]&[0xaf]S[0xb2]rE[0xf6][0x1a][0xb2][0xd5]I7f[0x9c]L[0x1f][0x5];1[0x1a]X[0xb9]q[0x99][0xec]Jf[0xe4][0x6][0x84]d[0xce][0xfe]^[0xec][0xc8][0x92][0xe8]F[0xab]%[0x1][0xb1][0x7][0x99]grR[0xc][0xfe]@[0x9][0x87]g%[0xd0][0xf1]6[0xda][0x1b])p[0x9a]H[0xb2]l[0xec]:[0xa1][0x12]z[0xf8][0x94][0xcb][0xf0][0xc5]l W[0xfb][0xb2]T[0xa1]{[0xd4][0x9][0x4]#[0xc3][0x87]P[0xbd][0xf4]IU[0xdc]J[0x0]{Yv[0x9e]."[0x8f]P[0x0][0xd1]4[0xb1]$1N[0xd2][0x82][0xe1]%B[0xb6][0xa1][0xe4][0xee]5[0x1c].l[0x9a]r[0x83][0x9b][[0x8b][,[0xb5][0xe2]ts[0xa7][0xd2][0xd1][0x85][0x17]G<[0xa1]![0xa4]P[0x9]I[0xe] [0xe6][0x1b][0xf0][0xde][0xf7][0x9d]0i[0xc1][0x93][0x94][0x8e][0xf4][0xac][0xa2][0x1a][\r][0xfb][0x2][0x8e][0x14][0xe4][0xcd][0x2]]'W[0xdc][0x0][0xe1]TF*[0xa8][0xe9][0x1f][0x18][0xbb]([0x1f][0xa0]3[0x99]l[0xe8]tm"UF[0xc8]+3[0xa9][0xb5][0xb6]L[0xb1]@t9.<[0x1b][0xf8][0xff]\[0xd0][0x91]}x[0xbf]`[0xd0][0x9f][0x12]8[0xeb][0xd1]Jj;K[0x15][0xe2][0x19]}[0xda][0xea][0xa4]}[0x9a]>[0x88][0xc5]Q[0xc1][0xc6]\[0xf3][0x8e][0x9f][0xfb]o[0x17][0xb4][0x8e][0xf5][0xfd]qcv[0xff][0xb][0x14][0xf][0xee][0xff]G[0xb7][0x15][0x80]*[0x9e]v[0xb6][0x97]*[0x1][0x80][0xae][0xcc]"[0xf2]/[0xd6]'/p[0xce][0x1e]Pk[0xbe]8[0xec]l5[0xb7][0x9a][\r]Q[0xca][0x80]R[0x1f][0xc0][0xb0]K[0xb][0xe2][0xd5]h1[0xf5][0x89]e[0xf8][0xf3]p[0x90][0xb0][0xaf][0x80]>/@[0x8d][0x18][0x3]V[0xce][0x94][0xa6][0xe6]R[0xa5][0x9][0xd1][0x15]d[0xff][0xe4][0xd5]"[0xc9][0x1f][0xb8]B[0xee]O^[0xcd][0x95][0xfa][0x8d][0xdb]([0xb2][0xdb][0xd3][0x89][0xe8]rt[0x1e]v[0x16]DT[0xea][0x0][0x8d][0x87][0x9d][0xb9][0x14]n[0xb5][0xd6][0x97]I![0xa2][0xcb]S8b[0x1][0xcc]wc[0xbe][0x80][0xd0][0x4][0xc][0xe9]M[0x9e][0xe7][0x92][0xbd][0xde]i-[0x93]lD[0x97]#[0xfb][0xd5][0x8b][0xa3][0x83][0xf9][0x14][0xbb][0xdc][0xa6][0x86][0xb]F1[0x1f][0x8b][0xa5][0xe4]0[0x2][0xef][0x92][0x85][0xe0][0x8d][0xd8][0x86][0xb0][0x87][0xa8][0x7]S}[0xe4][0x7][0xd0]"[0xc4]6[0xb7]1[0x9d][0xe5]Js[0xa7]([0xcd][0xaf][0xfc]>?[0xa4][0xb][0x9a][0x3]0[0x16]EZ[0x5][0xf0]|j[0xdb][0x9b]K[0xa5][0x16][0xd0][0xe5][0xa8]=[0xfd][0xfd][0xff][0xcc]'5\[0x3]2[0x1]j.[0x8d][0x9b][0x1b]K[0xa5][0x11][0xd1][0xe5]i[0x94]&[0xb8]T\r[0x17][0x8c][0xbc][0xa5][0x18][0xe6][0xd1][0xb][0x9][0xf7][0xc8]b[0xf1][0x9]%[0x6][0x10][0x9c][0x14][0x3][0xd4])1`[0xf3]nQA[0xce]~[0xca][0xe9][0xca]*V,[0x97][0x13]yF[0xc0][0xb4][0x8f]@[0xe1][0xfc][0xc6][0x8e][0x15][0x14]4,)0[0xcf][0xf8]k-[0xd7][0xae]i[0x15][0xed][0x9a]#[0xb5][0xa8][0xb0][0x80][0xe6]d[0xed][0x1][0x89]N[0x8b][0xcc]5Y[0xd7][0x97];#[0xad][0x17][0xc6][0xf0]![0xfa][0x13]}?[0x10]^[0xc7][0x2][0xd2][0xad][0x2],j[0xd4]B[0xc2]|[0xd6]/[0xb5][0x11][0x88][0xae][0xd0][0x8]p[0xf0][0xad][0x88]|X[0xd8][0x0][0x1]g[0xc4][0x92][0xf8][0xa4]PI[0xe0][0xa5]sVr}[0xf7][0x1a]x[0x81])[0xf1][0xd8][0xc4]"[0x1d][0x98]RI$[0x1f][0x8c][0xa3][0xa5][0x5][0xe5][0xca][0xc][0xb][\n]"
DEBUG wire -  << "[0xe][0x1e][0x18]j~[0x1c]2[0xc7]P[0x1b][0x86]b}[0x99][Z[0xce][0x90][0x13][0xf9]$t[0xb8][0x9d][0xf8][0xbe][0x1]<fY[0x9a]8[0x9f][0xf9]hj[0x89][0xe2]6E[0x95][0xdf]YQ[\n]"
DEBUG wire -  << "TEnid[0xa5][0x8]$[0x8f]D(W[0xac]\on[0x87]T[0x15][0x9f][0xae]dj[0xe9][0xa5][0xc][0x11][0xf8][0x97]j[0x9][0xc7][0xe8][0xf3][0xa1][0xda][0x11]U6[0x9d]V[0xbd][0xee][0x80][0xa7]83X[0xd1][0xe8] = "[0xae][0xd7][0xcb][0xc5] <[0xc9]i[0x84]`:$[0xf][0xfe]`[0x10][0x82][0x19][0xdd]&[0x8f][0x1e]e[0xa8][0xf7]F[0xad]l[0xdd]*[0xdb][0xcb][0x5][0x95]2'[0xe4][0xf7][0xa8][0x95]oOi[0x91][0xa4][0xb4]d[0xa2][0xde]exQ3;[0xf6]![0xc2][0x8a][0x96][0xdb]V8[0x9a][0xab][0x96][0x8b][0x94][0xb4]M[0x1f][0xbf][0x8e][0x3][0xa7]v[0xe7]%![0xc1]/[0xa3][0x8d]kAuM[0xc8]S[0x81][0xbe][0x2][0x1][0x82][0xc6][0xaa]V[0xe4][0xba]^[0xc1][0x14][0x1a][0x9d][0xbd]d+[0x1d]YR[0xae][0xb9]bk[0x9c][0x88][0xc5][0x8f][0x80]r<[0x8a][0x9f].[0xeb][0xa8]}[0xf2]b[0xd7][0xc][0x18][0x8d][0xe2][0x0]zA[0xc6]PO^[0x95][0xcc][0x87][0xe2]D@[0x2][0xdc]Kso[0xb7](8-[0x98]3[\n]"
DEBUG wire -  << ":[0x86]k+[0xa1][0x82][0x87]T[0xa8]J$*[0xf1][0x4][0xff][0x8c][0xe6][0x85][0xad]]-l[0x7]}<v[0x85][0xab]r \[0xed][0xfd][0xbd][0xd1]z[0xea][0xaf]1[0xb9]>,[0x96][0xbc][0xde][0xb1][0xf4]X[0x7][0xc1]P?1vR([0x82]63[0x9d][0xc0][0x90][0xe]8[0xf0][0x10]Qa[0xec]t[0x0][0x8a]F[0xec][0xf7][0xff][0x88][0xc5]>[0x90][[0x9d][0xd8][0xc]O[0x81][0xa5]q[0xd5]mv[0xc1][0x1c],Nz[0xf9][0x83][0xdf][0xff][0x93][0x84][0xa3][0xf][0xff][0xf][0xc8][0xfc][0xef][0xff][0xc1][0xe8]m[0x1e][0xff]-[0xc6][0x4]p[0xb0]$6[0xd7][0xb7][0x99][0xe3]po[0xa8]#[0x14]u&!O[0xe0]s[0xf8][0x10][0x1d][0x8]%[0x8e] B/[0x81][0xb]@[0xb2][0xdc][0xd9][0x11][0x97]U&!h[0x96][0xa4]X[0x98][0x8c]-?[0xc0]S[0xdd][0xd0][0x82][0xdc][0x16]Xh[0x92]7q@[0x86]>u0:|[0xe4][0x13][0xdc]T[0x10][0xe4][0x83][0xfa][0x2][0xb2][0xc5][0x9],[0xc8]tY4[0xf2]m[0xa8]-T[0x8f][0xbe][0xe3][0xf]1[0x8a][0x99][0x18][0xbf][0xb8][0x10][0x8f][0x95][$[0x12][0xcb]+[0xaa]9%[0x16][0x90][0x11][0x1f][0x8e][0x8c][0xdf]b[0xea][0xf0]hBB[0x10][0x9][0xd2]s@&y[0xef][0x83][0xc0]~[0x86][0x9a][0x81]*[0x89]+[0xe][0xf1][0x84][0x15][0xe9]O[0xc8][0x98][0xf9]`[0xb6][0x8b][0xa0][0xf8][0xd4][0x2]4\[0xb4]&[0xe5]7[0x8c]][0x16]8[0x13][0x8c][0x12][0x2][0xb4]`[0xf8]f[0x11]f[\r][0x88][0x81][0x1c][0xd9][0xda]]r[0xc9][0x8][0xe5][0xa0]u[0xa3][0xdf][0xff][0xc3][0x6][0x3]&[0x3]^[0xf4][0xa1]Ka[0xba][0xc1]%V[0x8a][0xd1]TK[0x8d][0x96]<R[0x7]M[0x18]p[0x0][0x9a][0xc2][0xae]0[0xaa]9[0xc]*L[0x12][0xfd][0x97][0x15]H[0x18][0x9f]4[0x90]yC[0x18][0xb][0xc]1[0xeb][0x92]\[\n]"
DEBUG wire -  << "lF[0x2][0xc][0xde][0x87][0xd8][0xf2]=Bl_T[0x15][0xc6] [0x89][0x14]z1t[0xf1][0xdc][0x96]K[0xbd][0x18][0xbc]m[0x90]~)[0x1c]2u[0x88][0xb7][0x11]<[0xb1][0xdd][0x92]$[0x81][0xe2]p[0xa2]QB[0x83]H[0xc2][0xfd]7[0x13]D}Z[0x87][0x96][0xb4]kA[[0x16][0x87]\~[0xde][0x98][0x1a][0xcb]U[0x3][0xf9]*4Z[0xed]d$w[0x88]B[0x84][0x97][0xa5][0xd2][0xc5][0xf7][0xe9][0xea]P[0x90]3[0xd5]@[0xd3][0x5][0xbd][0xfd]J=[0x82][0xab][0xc9]Zb1[0xa8][0xed][0xc0][0x16][0xdb]\[0xeb][0xb3]D[0xd5][0xf1][0x4]t@[0xc9][0x80][0x1a][0xcc][0xe6]bE[0x87][0x17][0xa6][0xcc][0xd2][0x9c]R[0xfe][0xd9][0x1b]u[0xd2][\n]"
DEBUG wire -  << "[0x81][0xbc]D[0xad][0x1c][0xb1][0x90][0xf]=[0xf2][0x94][0xba][0xe3]][0xf2]*[0x19][0xb8][0xc0][0xe7]N5[0xae]d[0xd5][0xbf][0x90]6[0xde]'{[0x8d][0xf1][0xac][0x9]o[0xce][0x6][0xc1][0x9f][0xc8][0xe1][0xad][0x96][0xbd][0xd9]i[0xcf][0xe0][0xb0]8[0xe6][0xba],[0x16][0xff]o[0xa5],$[0x8f][0xf][0x94]B[0xfc][0xff][0x80][0xc5][0xb6][0xbd][0x6]?[0xb3]X[0xec][0xf][0xc3]eq[0xf8][0xd8][0x13][0xbb][0xd8][0xa0][0xa0]Q[0x91][0x1f]e[0xba][0xf8][193[0xe4][0xab][0xc][0xb9]D))[0xb]e[0xae][0xbd][0x12]1[0xea]*[[0x5][0x1f][0xab][0xed][0x14][0x91][0xf3][0xc7][0xd8](y[0xeb]8Gb[0xa5][0xad]R[0xd5][0xe6][0x5][0x8a]X[0xe0]*[0x1a][0xef][0x95]jx[0x9e][0x8][0x87][0xc6]Fb[0xaf]oT7[0xe]o[0x8e][0x8b][0xa0]E[0xea][0x8b]>[0xea][0xc5][0x1]Vi[0x95][0xd4]).[0xac][0xcf][0xf0]'Dq[0xf9][0x19][0x8d]<[0x9f]q[0xd7]5[0x91]Fw[0xa8][0xdd]s[0x7][0xf6][0xa4]w[0xe8][0x7]xF[0xd5][0xe3][0x6]k[0xad]77[[0x9d]v[0x7][0x83]^o[0xc9][0x8f]l[0xa8][0xed]Xh[0x89]IN[0x1c]z[0xc1]}[0x92][0x16][0x80][0xdc]l=[0xa4]2[0xbf][0x91][\r][0xd7][0xaa][0xe][0x9b][0xd7]e[0x8a])[0x9b][0xb3][0x98][0x92][0xf6]b[0xd5][0x87][0x80][0xca]?ST[0x14][0x6][0xb3]`p[0xe2]UU[0xb6]d[0xf6]H[0xce][0xd0]md[0xe8]"6[0xf4][0x83][0x89][0x94]f[0x17]l`[[0xdb]?[0x89][0x1d][0x87] r08[0xfd][0x0][0xf0]m,[0xc0]7.PW[0xb0][0xb2]Su[0x8]V[0x8e][0x13][0xf9];[0x3]A-[0xb8]n[0x8a][0xda][0xa4]=[0xaf][0xed][0xcf][0xce][0x93][0xcb][\n]"
DEBUG wire -  << "y}sON[0x16][0xfa]e[0xe0][0xfb]Q[0xc9][0x9d][0xce][0xe9][0xef][0xe4][0x18][0xb][0x8f][0xc][0x1e][0x99][0xb8][0xf5][0xd1][0xf7][0xfd][0xcf][0xe2][0x0][0x8b][0x8c][0xf9][0xd9][0x90][0x9c]7r2[0x94]l[0xb0][0xf7][0xfa]`[0xfe]N[0x17]$[0xfa][0x91]G[\n]"
DEBUG wire -  << "[0xc7][0xb6][0xc5][[0xc8]1r3[0xb0][0xa8][0xa4][0xef][0x93][0xaa][0xa4][0xce][0xc7][0xa6][0xe7][0xc9][0x9b][0xa9][0xf7][0xe7][0x8][0xeb]l[0xc5][0xf3][0xe8][0xfb][0xd0][0x1f][0xb4][0xb8][0x16][0x85]'[0x8b][0xac][0xc2][0xea][0xa5][0xef]T[0xf1]I[0x8a]G[0xa2]7Z[0xf2][0xd0]G^[0xcd][0x1c]x6(z[0xf2]V[0xd5]_[0xd4]1[0xa5][0xcc]F[0xb9]/[0x17][0xf6][0xdb][0xb7]S2[0xf7][0xe6]h[0x95][0xe0][0xcd][0xd3]N[0x5][0x1e]<\5[0x1d][0x80]F[0xb2]8[0xe4]|+[0xfd]D[0x5][0xbd][0xa6]l~^9[0xcd][0xc8][0xb8][0x9f]f[0xaa][0x14][0x84]G[0xf7][0xd1]N[0xd8]qx[0xdc][0x14]<[0x1d][0x19][0x86][0x99]{[\r]I[0xaa][0xa1][0xa4]v[0xa3][0xd9][0xa7][0x1d][0xda]i,I;%[0x95][0x19]![0xf8][0xe4][0x1][0xcb][0x94]TY[0xa4][0xfe]![0xc9][0x90]T[0xfc][0xd0]n[0xde][0xb3]>[0xf5]m[0xae][0xbf][0x95]a[0xa5][0x8][0x0][0x9f][0xfb]4[0x80][0xff][0xa1]+[0xcc][0xf4][0x83]}([0x8][0xdf]L[0x19]&[0xe7][0xe0]T[0xbd][0xa9]%[0xb6][0xb6][0xbe][0xbe][0xb9][0xb1][0x9e]W[0x91]G[0x81]I[0x9e]K([0xf2][0x8e]e[0xda][0xb1][0x9c][0xfe]WV[0x8c][0xb7][0xe6]n[0x95][0x10]V+[0xc6]b[0xf3][0x97][0xa2][0x13]y([0x82][0xdd]~#[0x9d][0xa8]x`[0x6],[0xaf][0x10][0xab]R[0xff][0x8a][0xda]0[0xed][0xc1]?^[0x3][0xaa][0xaa]{[0x1][0xeb][0xfd][0xad][0xfd]*kx[0xb0][0xf6][0xb3]}t[0xc1]y[0xde]r[0xb1]Y[0x14][0x99]4[0x1c]_=[0xfb][0x10][0xb1][0x17]vw{[]|[0x8b].[0xba][0xb6]|[\n]"
DEBUG wire -  << "[0xe2][0xee]7[0xd3][0x8f].[0xbd][0x2]-[0xa1][0x8e]cW8[0xa6][0x81]8[0x84]b[0xf9][0xe4]=g_[0xbe]p2[0xe5][0x99]N[0x3][0xfc][0x95][0x15][0xe4][0x12];[0xa0]J[0x92][0xe7]z[0xbe]eN}[0x7][0xf6][0xe5] [0xa1][0xd9][0x8c][0x4][0xcd][0x5][0xff]wf[0xde][0x9f][0xa9]WQ[0x91]I[0xfe][0xa6][0xfc][0xfe][[0x99]U[0xd6][0xf0]g[0xad][0x8b][0xb5][0xd6]:[0xcd][0xb5][0xd6][0xf6]V[0xaf][0xd5]l7[0xb7][[0xdb][0xcd][0x8d]N{}}m[0xab][0xb5][0xd9]k[0xaf][0xb5]6[0xda][0xdb][0x1b][0xcd][0xe6][0xd6][0xe6]zkc{[0xbd][0xd3]\[0xef][0xf9]F;[0xaf][0x96][0xd0][0x1c]Q^[0xda]+?[0xe0][0xd6][0x8]F/-[0x1a]k[0x15][0xd9][0xdf][0xdf]jYeC[0x1e][0xae]1[0xd2]m[0xe4][0xcc][0xc][0xfb]&[0x1e][0xa9][0x9b][0xd2]\[0xe1][0x95]Ve[0xfe][0x99]kfs[0xbc][0xd2][0x8c]T[0xa3][0xb3][0xbd][0xb5][0xdd][0xa6][0xdb][0x9b][0xdf][0xdc]0[0xcb][0x93][0xfa][0xb7][0x9e][0xb9][0xb7][0x9e][0x19][0xf8][0x81][0x87][0xd7][0xf2][0x85][0xc7][0xb7][0xd6][0xec][0xac]mm[0xb6]77[0xcb][0xba][0xe4][0x84][0xf6][0x3][0xfe][0x85][0xfb][0xe4]D[0x82][0x17]U[0xc9]t[0xee][0xf7][0xa9]I[0xca][0xed][0xf8][0x16][0x8a]d[0xc9][0x96][0x87][0xa2][0xd8]T[0xdd]X[0xb0]<f[0xe6][0xfd][0xd5][0xb4]HB[0xa9]"[0xf4][0x8f][0xf7][0xe9][0x92][0x8e][0xef][0x9d]lm[0xff]m[0x7]U[0xd6][0xf0]g[0xe9]'7[0xfe][0xc2][yut8[0xe2][0xb8][0xc8][0xf2][\n]"
DEBUG wire -  << "[0xd2]3-TH[0xfc][0xfe][0x94]O[0x8e][0xfc][0x87][0xeb][0x9c][0xb7]#[0x9b][0x9c]F[0xb1][0xcd][0x96][0xad]l,A[0xa5][0x89]=[0x92][0xd7]3[0x95][0xc9]5[0x15]#[0x89]4[0x90]Hc[0xad][0xb9][0xb5]N;[0xad]5[0xfa][0xb7][0x8d][0xf2]}[0xe8][0x0][0x0][0xc]y^[0x7][0xbc][0xf4][0x3][0xe6]}[0xf1][0xc9];[0xcc][0xc8][0xb4]@)[0xf9][0xfb][0xd3][0x3][0x85][0x6][0xfc][0x85]5[0x81]#[0xe9]4E[0xc7][0xe4]u[0xc1][0x8c][0x8c][0xbf][0x9a]6[0x0]2[0x91]@[0xbc][0x12][0xfd][0x9d]j[0x80][0xca]K[0x18][0xf7]8[0x80][0xa5][0xae]|[0x10][0xf5]7[0xe][0x89][0x82]S[0x83]Y[0xde][0xcd][0x90][0x99][0xf2][0xb8]}[0xd5][0x9][0xad][0x4][0x80],[0xf7]([0xbe][0xec]`CL[0xff][0xf5][0xdd][[0x1f][0x1][0x9b]q[0x2][0xac]J[0x9b][0x91]"[0x1b][0xf2][0xe7][0xbc]H[0xa9][0xab]f[0x1e]M[0xff][0x99]Ex[0xdc][0xfc][0xbd][0x1f][#q8[0xbd][0xa2][0x8b]+[0xce][0x82][0x15][0x7][0xd8]t>[0x9e][0xf0]#[0xe9]/c[0x4].[0xf6][0x17][0xa4][0xd2])B[0xb][0xd1][0x14][0x11][0x19]T[0x8c][0x83][0xe4][0x9e]M[0x1e][0xa8]XW[0xf5])[0xc2][0x13][0xee][0xd9][0x4][0xfa][0x9f]F[0xe2]([0xb6]?[0x18]pKnd[0xed][0x8d][0xa7],f[0x1c]T[0xb9]a[0xaf]b[0xb0][0xe0]1O@[0xe][0xa9][0x8b]'[0xa5]}1[0xea][0xfb][0x1][0x86][0x8e]*[0x97][0xf][0xc3](_[0xfe][0xd4][0x1a][0xf9][0xbe][0x83]eO[0xe5]Y}q[0x92][0xf1]=[0x9e][0xae][0xc7]C[0xea][0x93]9[0x98][0x92]S[0xfe][0xea][0x90][0x1e][0xeb]ar[0x1] Az[0xc4]/x(bPHu[0xb4]'[0xf8][0xc4][0xf7][0xdf]B%[0xe4]Er[0xfc][0xde][0xf2][0x89]vH[0x3][0x87][0x92][0x97][0xbe][0xed]_p[0x8b][0x8b][0xc1][0xcc][0xf7]59[0xa8][0x13][0xe6]b[0xd2]?9Xm[0xd4][0xf6]=[0x8f][0x12]<<[0xcc][0xa0][0xf1][0x81][0x5][0xad][0xd7][0xc9]6[0x99][0x6][0xdf]h7[0xd7][0xda]z[0xca] [0x9d][0xbc]:[0xcc][0x1][0xe5]@K[0x9]I[0x1][0x87]Yh[0x88]pQ[0xe9][0x85][0x9e]|[0x9a][0xb8]&[0xe6][0x8a]K[0xf0]Seo!V[0xb9]Zgh[0xac][0xca]14[0xe3][0xa2]G2[0xa6]T[0xbc]W'7[0xa2][0xaa]M[0x91]D[0x8b]T[0xc][0xa0][0xe9]+@I[0x14][0x1e]u-[0xa6][0xf8][0xfd][0x9c][0xfc]9[0xce][0xe2][0xcd][0xaa][0x19][0xf6]w[0xee][0xae][a[0xd2][0x9d][0xa1][0xb3][0xab]m[0x81]4{e[0xa5]p[\r][0x8c][0x7]09[0xf7]D([0xbb]^v[0xbd]I[0xc6]S5<_[0xea][0xd8]j[0xa8]^>[0xba][0x10]^-[0xca][0xdf])RI[0xd1][0x8][0xe6]-2[0xf1][0xe3]4uV[0xe5]2>[0x82]*[0xc6][0x82][0xc0][0xf][0xc2][0x2]&[0x11][0xa2]U][0xbb][0xda][0xc3][0x17]l[0x92][0xbc][0x10][0x1][0x98][0xfc]P[0xce][0x0]0[0x94][0xa6][0xe3][0xb0]][0x19][0xa0][0x12]dW[0x83][0xaa][0x7][0x10][0xdf][0x6][0xb][0x4][0xc1]+[0x8]![0xa2][0xa6][0xde][0xc8][0xf7][0xd8]d[0xec]G[0x6]h[0xb0]t#[0x1e][0x18][0x2]C[0x15][0x93]d[0x9]#[0x17][\r][0x18][0x84][0x9][0x83][0xcf][0xcd][0xcc]dh[0x9e][0xcc][0xcc][\r]cyWrV[0xbe][0xb][0xb5][0xe3][0xb5][0xad][0xa9]|:[0x8e][0xac][0x11][0x9d][0x87][0xd7][0xe5]9[0xb4][0x8a][0xd9][0xf8]a[0x12][0xf1][0x8]9[0xea][0xa2][0x9a][0x10][0x91][0x99][0xbd][0x13][0x81]^c=[0x11][0x8f]Vv[0x95][0xb8][0xeb]U[0x94][0xa5][0xcc][0xce][0x9f]YT[0xf2]v[0xc0][0x99]cK,[0x8a][0xce][0x1e][0xb2].I[0xc9]{[0xb][0xe8]$T[0x0][0xdd][0xba][0x2]y[0x9b]D[0xe4][0xe5][0xa2][0xd0]i[0x99][0x95][0x96]}:&/[0xea][0x15][0x1d][0xab][0xa9][0xd8][0x82]s[0x0][0x14]R[0x8d][0x88][0xb8][0xdb]#[0xdf][0x11]f[0xc8][0xaf]x[0xd7][0xe8][0xb5][0x0][0x8][0xd8]o1[0xf][0xf0][0x92][0x97][0xc7][0xbd][0xb][0xea][0x88][0xa3][0xe5]#[0x1e][0x9a][0xa0][0x9b][0xe]E[0x80][0x9a]b"LU[0xb5][0xd5]cq[0xce]{[0x82][0x85][0x11][0xfb]j][0x83]R[0xd0][0xd5][0xde][0x90][0xcd].[0x84]P[0x80]7fH[0x5]^[0x89][0x15][0x1a]by[0xdd]$[0x84]xa?[0xe5][0xa0][0x1e][0xd0]Q[0x2][0xcb]]{J[0x15][0x9a][0xd3]UE[0xb4]U}u,![0xee][0xde]Y[0x2][0x88][0x88][\n]"
DEBUG wire -  << "[0xfe][0x1a][0xdd][0xa5][0xb4][0xca]t[0x87]Ud[0xff][0xc1]CJ[0xd5]=[0xb7][0xab]R[0x98][0xea][0xce]:M[0xb2][0xef][0xd2]So[0x1d]FC[0xbc]3[0x87][0x1d]F[0x89][0xaa][0xe2]![0xdd][0x95][0xcd][0xc4][0xb3][0x15][0xe2][0xac][0xe]Rj}V[0x7][0x15][0xb2][0xef][0xd8]A[0xd8])[0xe8]+[0x10][0xf0]2[0x80][0x16][0x8c][0xe7][0xe2];[0xf0][0xb0][0xd6][0xbc]kW)*[0xe6]vU[\n]"
DEBUG wire -  << "3g\[0xa5]0[0xf7]T[0x83]x[0x95]Ux[0x89]>[0xde][0xe]w[0xf1][0x12][0xd1][0xed][0xfb][\r]L[0xc7][0x84]#[0xb][0x7]Z[0xb9][0xb7][0xc4][0xbb][0x9a]i3;[0xc5]V[0xc1][0x1][0xaa][0xe6][0xe3][0x94][0xf]C#`*[0xad]8A[0xab]8[0x95]i[0xae]F[0xd4][0xf5]"[0xb0][0x98]?[0xb3]IW[0xdb]xi[0xff]k[0xe3][0xe8][0xd7][0xf][0x7][0xf8][0xf3][0xdc][0xff][0xa7][0xb5][0xd1][0xf9][0xc5]?2F[0xe7][0x9b]o[0xd7][[[0xb4][0xf9][0xf2][0xf3][0xd5]A[0xdf][0xf9][0xb7][0xa0]E[0xb6][0xe7][0x8e][0xcd][0xca][0xa9][0x1][0xb0][0x11][0xb2][0x86][0x15]b[0xff][0xa9]O[\n]"
DEBUG wire -  << "[0x14][0x8d][0x2]#[0xff]E[0x3][0x15]K[0x9e]$[0x8b][0x12][0x89][0x99];[0xf0][0xb][0xa4][0xf3][0xc7][0xfe][0xbd][0xeb]-[0x88][0x1e]t[0xfd])[0x3][0x87][0xed][0x95][0x94][0xbe],[0xae]_[0xc2][0xb4][0xbc]&[0x1b]q[0xdb]f^[0x85][0xd1]K[0xcf][0xe9]U[0x91][0xde]BF[0xb5][0xd4]C[0x9f]*u[0xd1],[0xfa][0xc5][0xe5][0x9e]H[0xaa][0x9d][0x11][0x9a]bZ[0xd7][0x8a][0xfb][0xf3]y35[0xa1]-{_DR[0xea]R[0xdd][0xaa][0xfd][0xc2]`[0x94]^A%[0x1b][\n]"
DEBUG wire -  << "[0xf9][0xb7][0xe1][0xc6][0xac]ZK[0xb6]vR[0xd9]T[0xf2][0xa2]:[0xda][l[0xbd][0xd3]Z[0xdb]hm[0xcf][0xa9][0xac][0xda]&[0x9e][0xdd]@[0x99][0xbb][0xa8]j[0xda][0xdc]`[0x9d][0xe6]fgs[0xa0][0x89]{[0x88]XJL[0xe]s[0xec]k[0xb][0xa6][0xa5]`[0xc0][0xaf][0x92]^Y[0xc9][0xe6][0x14][0xe5][0xfd][0xf8]iH[0x87][0x95][0x92][0xe3]w[0xcb][0x15][0xba][0x5][0xb0][0xa5]%[0xb9]G[0xc2][0xcb][0x12][0x95][0x16]V4[0x15]%F[0x1f][0xda][0xfe]9}[0xe1][0xc3][0xdb][0xdf][0x81][0xac][0xf4][0x9a]e[0xc][0x11][0xf1][0xe1]"C!M}[0xd7]B[0xb0]L[0x95]Y[0x88][0x8a][0x97]K#c[0xfc][0xa8][0x1f]~[0xcc][0xa2]2d[0xe6][0xd6]r[0xc3][\r]./f[0xe6]VG[0x9b]Z[0xc7][0xba]{[0x80][0xcc][0xad][0xa5]FmCt[0x8b][0x88][0xba]c[0x14][0xa7][0xf6][0xd6]R[0xe3]N![0xba]E[0x14][0xde]=f[0xd3][0xd6]R[0xa3][0x84]![0xba]E4> 8S{k[0xa9][0xb1][0x4][0x11][0xdd]bjo[0x13][0x89][0xa9]B[0x19][0x8c]'[0xe2][0xb3]2r[0x8c][0x8a]G[0xa5][0x17]~[0x11][0xe3][0x9f]|M[0xee][0x87][0x83]i[0xd8][0x9f][0x90][0xa9][0xdd][0x12][0xc][0xba][0xc1]x[0xe8]0y!B[0xc4][0xbb][0xf7][0xfc][0x1][0xf0][\n]"
DEBUG wire -  << "[0x17][0xd2][0xdf]c[0xee][0xb][0xc8]U[[0x1b]e[0xf3]|J[0xdf]I[0xb5][0xa1]v [0x8a]Zw[0xce][0xd7]#[0xca][0xb3][0x2][0x8c]h[0x9]r[0xbf][0xcf]H[0xe4][\r][0x9b][0xe4][0x9a]g[0xfa][0xcd][0x8e][0xf4]c[0x11]m[0xb3]s[0x9b][0x8f]E[0xc8][0x85][0xf4]<[0xd8]9[0xbd][0xa0]*N[0xfa]~[0xe3]G[0xb2][0xf7][0xf8][0xe3][0xe1][0xd1][0xc1][0xfb][0x83][0x8f][0xe4][0xc7][0xc6][0xca][0x5][\r][0xc8]x@[0xba][0xe4]Z[0xb][0xc7][0xd4][0xd5]v[0xae]5[0x10]:[0xe6]h;[0xda][0x8b]U[0x97][0x8c]b[0x97]z[0x8f]5][0x13][0xd3][0x1a]$[0xe][0xfa]-[0xd6]non[0xf][0xfa][0xda][0xcd][0xcd][0xae]([0x8e][0xd6]OOJ[0x92][0xc0][0x83][0xef]q[0x80][0x18][0x4][0x3][0xce][0x1a]g%[0x16][0x9c]![0xf][0xa8][0xed]r[0xef][0xac]![0xfe][0x18]X[0x4]? [0x1][0x15][\r][0xb8][0xe3][0xf4]<?[0xe2][0x16]Vw[0x8a][0xda][0xf5]][0xe2]*[0x9c][0xa0][0xb5][0x14]b4[0x14][0x11][0xa0][0x5]A[0x99][0xfd]XSt[0xa0]G[0x1]2$"[0xa0]?[0x9c][0xe][0x8c][0xd5][0xd2]wX[0xf][0xc3][0xce][0xc8][0xb0]\;[0x1a]$[0xbb]4[0xf4][0xbd]`[0x82]/[0xaa][0xda][0x83]w/z'[0x7][0xaf][0xf]}[0xfe][0xe6][0xdf][0xa2][0xde][0xe4][0xcb]1[0xc8]K[0xdc]g:[0xc1]o[0x14]k;[0x3][0xea][0x84]L[0xd7]"[0xb0][0xf5]J)[0xe2][0xa3][0x3][0x8][\r]f[0x9]{[0xe3][0x1d][0xe2][0xd7][0x91]T[0xee][\r]d[0xe3][0xb6][\r][0xe6]^`0[0x18][0x8b]B[0x83][0xa2] [0x86]r[0xae][0x8f]j,v[0xe5];@[0xaa][0xf]_i;[0x1f]5A[0xf1][0xe9][0x8][0x86][0x4]p[0x14]F[0xda][0xa9][0xf8][0xc2][0xad][0x96]V[0xa6]k[0xe2][0x1b]L[0xda]'][0xc3][0x90]A[0xd0][0x1c][0x19][0x1b][0x19]2xk[0xcb][0xc3][0xea]T[0x2]<[0xbd]}w[0xfc]O[0x80]x[0x1b][0xb0][0xb][0xee][0xc7]X[0xf8][0xf5][0xf1][0xbf][0xdf]C[0xca]k[0xb4]Cu[0xed][0xed][0xcb][0x83]_{[0xa7][0xef][0xf][0xde]a[0xda]i[0x84][0xd1]`D[0xfd]![0xd4]Ojo[0xeb][0x19][0xc8][0x9b][0xb7][0x2][0xc2][0x1f]O[0x1][0x9c]|x[0xf9][0xb2]wz[0xf8][0xee][0xf8][0xf8]5[0x80][0x88][0xbb][0xe0][0xf2][0xab][0xbc][0xa4]v[0x82][0xf9][0xef][0xf9][0xf0][0xea][0xf9])d[0xbd][0xc7][0x6]x[0x94];![0xa9][0xfd][0x8c]9[0x87]/[0xdf][0x9c][0x1e]C[0x86]`[0x1b][0xa9][0x1d][0x87][0x16][0xa6][0x1e][0xbf]{[0xf7][0xe6][0x9d][0x0]g[0x89]`[0x80][0x0]%[[0x12][0x16][0xf5]P[0x80][0xfa][0x8c][0xe0]~[0x1e][0xb3]M[0xb2][0xd7][0xf][0xce][0x1a][0xfb]D[0xad][0xc]D[0xe0]B[0xd0]!F[0xc8][0x11]_[0xe1]3A[0xd6][0x81][0xbf]P[0x1a][0xfb][0x0]Yr9[0xee][\r]a[0xc4]1[0x94][0x84]kM|[0x8e][0x9a]#[0x1b][0x93]N[0x13][0x9b][0x8a][0xa2]O[0xd3]B[0xaa][0x93]0$[0xdc]gUYc{0[0x9d][0xc][0xe9][0xf8][0xa1][0x1][0x16][0x8]l[0x0]r.[0x1e][0x16][0xb][0xb6]j[0xeb]Y[0xa2]e[0xce]*>nt[0xa6][0xbe]\[0x3]@[0x88][0x18][0xca][0xb1][0xfe]YC[0xd6]g[0x8e]"[0xd7][0xc1][0x86]K1[0x8f][0xf9][0x1][0x8c][0x4][0xdc][0xcc]rX[0xc4]^[0xb6][0x9a][0x9e][0x10]v[0xcf][0xc7][0xc2][0xd8][0x89]B[0x14][0x7][0x1f]X-^d<$[0x13][0xfa][0x1]\[0x11][0x9][0x0][0xf9]-[0x95][0xad]ra[0xba]`$[0x1e][0x8b][0x9d]4[0x11][0x95][0x99][0x6][0x18]K[0xe][0x1c]_[0x11]$J[0xc5]Rg[0xa6][0x18]u[0xde]$[0xab][0xe7][0x7][0xbb]T[0xcf][0x1d]0[0xe1][0x4]w[0xca][0x1c][0xd0]U[0xcc]F[0x1d][0x87][0x13]e[0xa8][0xde][0xcd]dH[0x3][0xc7][0xc4]Fo[0xda]J[0x90][0x9f][0x98][0xf5][0x1c][0x8e].2[0xbb][0xb2][0x18][0xb3]E[0xe9]_[0xfd][0x98][0x8c][0xe8][0x5]#[0x18][0x80][0xd3][0x1d][0xa3][0x84]Au[0x2][0x18][0x3]Ka<[0xa5][0x9]j)[0x16][0x9a]R[0xb3]1U:[0xec][0xe1][0xd7][0xc1]$BlPHT[0xba][0xd8][0xd9]t[0xe9][0x15]wc[0x97]H"[0x88][0xf8][0xb0][0x98][0x8c]v[0xc5]C[0xb1][0x9b][0x86][0xd8][0xbe][0xb0][0xc0][0xef][0xf5]'[0x91][0xf8]l[0x1e][0x13][0x92][0xe][0xb9][0xe2][0xa4][0xc][0xfc]Ej&fA[0x9c]A[0xe0]G([0xca][0xc0][0x3][0xb9][0xde]"[\n]"
DEBUG wire -  << "[0xe2]4![0xf4]l[0x10]LtY[0x83][0xc0]![0xc][0x5]x[0xc1]a2f[0x81][0x8b]g[0x7]mA[0x5]x[0x8]q[0x80][0x1b][0xa9][0x18][0xa6][\n]"
DEBUG wire -  << "[0xa3]{[0x1]F[0x80][0xea]Q[0xaf]'w[0xe4]K[0xa4][0x88]PZ[0x1e][0x11]y3)[0xc2][0xcc][0x9e][0xcb]\?[0x98][0xe4][0x19][0xfc]J[0xa4][0x90]$[0xa5][0xaa]8[0x11][0xdf]tC[0x9f][0x4][0xea][0xcb]p[0xd9][0x1c][0x94]#n[0xa5][0x86]y|[0x82]0[0xf8][0xdf][0xc1]#[0x15][0x81][0xd8][0x98]*p[0x1c]Y=[0x8b]F[0xb5][0xd1][0xd5][0x13][0xdb]R[0x80][0xeb][0xc0][0x93];T[0xc4][0xb7][0x84]U[0x8f][0x9f][0xfc][0x94]1[0xc2]D[0xb7][0x99]3u[0x9][0x88]3[0xf]CP[0x17]=[0x9][0xd9][0x93]c[0x19]4[0x15][0xcc]k[0x97][0x14][0xe6]7[0xd4]S[0x3]>[0x8c][0xa5][0xe9]'[0xab]I[0xf1]%[0x7]"[0xb0]*[0x8c][0xbb][0x86]K[0x98]8y[0xf1]0[0x12][0x9f];[0xc2][\n]"
DEBUG wire -  << "[0x14][0xe2]J[0x81]u[0xe9][0x84][0xe0][0xa7][0xf][0x12][0xf1]j[0xa5][0x9c]Cm[0x92]6[0xef][0x97][0xf7][0xef][0xdf][0xaa][0x9a]3[0x84][0x3][0xd0][0xbb][0x2][0xd1][0x7]YV[0xbe]#[0x0]x[0xbd]2P[0x8e][0x1]2[0xb][0xc3][0x9e]e"[0x96][0x6]U[0xfb][0xa1][0xf5]_a[0x1f]W([0xa1])[0x12][0x90][0x5]?[0xb4][0xff]+,[0xe1][0x15][0xe3][0xca][0xbe][0xcb]p[0x81]<[0x8c][0xc3]l[0x88][0xea][0x12][0xcc][0xe4]r[0x4][0xb3]J[0x1c][0xca][0xe][0x13][0x8b][0x8a][0xaa]r!=~[0xca][0x81][0x17]o[0xb2][0xf6]'B[0x9f]f[0x9e]&[0xa3] [0x5][0x11][0xc3][0xdb][0xc2][0xbb]J[0x8e]l[0xfe][0x89]<[0xb5][0x86][0x9][0x92]G[0xaa][0x1d]0[0xad][0xe2]U[0xe6][0x8c][0x8b]*[0xc1][0x94]V[0x7][\n]"
DEBUG wire -  << "[0x7][0xe4][0x1d][0xa9]'[0x98]v[0x82][0xd8][0xb3]Fbz[0xd1][0xe][0x93][0xe7][0xb3][0xb8][0xdd]lo[0x8][0xb1]D}[0x8c][0xd8]\[0xff]B* l8[0xc8]B8B[0x8c][0x82][0xbe]^[0xca][0x80][0xc3][0xa2]-[0xeb][0x87]P[0xfc][0xb5]A[0x81][0x85][0xaa][0x1f][0xb1][0xac][0x12][0xde]D[0x13][0xe2][0x17][0xcd]z[0xc9][0xa7][0xe3][0x14][0x16][0xa1][0x11][0x85][0x84][0x6][0xee][0xab][0x10]1[0x1e][0x80][0xe0][0xe2][0xf6]n[0x18][0x7][0xec]YJSO[0xe8][0xb6]_Y[0x88]Q[0xb]1[0x81]p[0xb4][0x16]$Gd[0xe6]k_W[0x1c][0x92]yr]gG[0xeb]o[0xad][0xaf][0xd1]v[0xdf][0xee][0xb7]![0xf1]av\[0xa2][0xcb]o7iVby&[0xc8][0xea][0xae]o[0xb6][0x9b][[0xeb][0xcd][0xbe][0xb5][0x8e][0xbd][\r][0xfe][0xcc][0xa8][0x17]^[0xe]z[0x8b][0x91]&[0xdf],;k[0xe0][0x14][0x9b][0x10][0x94]=[0x99][0x2][0x99][0x9][0xc8][0xa4][0x18]Eb[0xb2][0xff]x-?][0x83][0xfc]E[0xe7]F[0xd8][0xbf]0[0x95]`[0x9f]^EJ[0xb9]A[0xe6][0x8f][0xda][\r]Xq2[0xe0]8M[0xcc][0x6][0x1d][0xdb][\n]"
DEBUG wire -  << "[\n]"
DEBUG wire -  << "[0x81]Q[0xb7][0x97][0xb4]_[0xa6]_[0xd2][0xc0][0x93]r[0xf0]J[0x8d][0x1b][0xf][0xc]*[0x18][0x16][0x18][0x87][0x11][0xf1][0xa3]^[0xb7]FhW[0x83][0xd8][0xe3],[0x95][0x88]<[0x9a]Rb$M[0x92]iO[\r])[0xbb]0[0x1c][0x5][0x88][0x18][0x84]B[0xfd]L[0xeb]A[0x94]J[0x9c]^R[0xc4][0xbf]N[0xe1][0xc3][0xf9][0xc2][0xc3][0x88]<[0xe8]S[0xa4][0xf3]Q[0x15][0xaa][0x9b][0xbf][0x5][0xf5]oA[0xfd]n[0x5]u[0x9]~[0xaa][0xd4][0xef][0xc9][0xb6]Z:[0xe9][0xe][0xf8][0x95]h[0xa4]:D[0x83]AW1[0x96]+L[0x14]3[0x84][0x17][0x17][0xd7]S[0x83][0x14][0xbf][0x93]([0xb9][0x92]09[0x99][0x10]du[0xd0]a[0xe8][0xf1][0xb][0xf2][0x93][0x8d]<([0xc6][0xc3]t[OZ9.[0x8d][0xd0]w[0xd5]l[0x9f]ICP&[0x88][0xe5][0x4].[0xe3][0xa5][0xca]b[0x98]'[0xd2]pP[0xc6][0xf2][0xd4][0xe][0x92][0xa8][0xd0][0xa1]M[0x14][0x8b]8[0xb6][0xb8]i+[0xec]2[Z[0x12]b]B[0xcc]a[0xd4][0x1]R[0xed][0x9]8ujz[0xaf][0x9c][0xc3][0xbe]#[0x8e]'[0x1a][0xe8]4[0xee]Ok/[0xf1]p[0x89][0xf7]>[0xa1]"[0xa5][0x99][0x84]-[0xa3]V[0x98]qS;=RI*t[0xdd][0x94][0x82]+[0xb0][0xab]P[0x1a]Y6[0xc6][0x8f][0xbe][0xa7][0xcb]2[0xaa][0xc9][0x87][0xb2]^[0xb1][0xb1]{([0xeb][0x5][0xbb][0xf2]@[0x6][0xbc]}+[0xf6][0x6]x[0x10]F[0xe9][\n]"
DEBUG wire -  << "[0x8d]\[0xe7]:[0xc1]e[0xae]7[0xd9]z[0x91]d[0x98]\^[0x9][0xf0]3[0xa1][0xa0][0x0][0xd5][0xce][0xdf][0xad]T!~[0xac][0xf2][0xac][0xb0][0x86][0x6].l[0xeb][0xac][0x81][0xdf][0xea][0x93][0xc7]P[0xce][0x1a][0xda]M[0xd6][0x9][0x1b]l[0xab][0xb9][0xc1][0xb6][0xb7][0xd6][0xa8][0x18][0x94][0xd9]7[0x14][0x87]z_[0xb7][0xeb][0xd7]H[0xa9][0xd5][0xed][0x8b]@[0xda]_[0xbf][0xf6][0xab]?a([0xe][0xf9]iu[0xfd][0xa8][0xab][0x9][0xb1];[0x8d]P`[0xf5][0xe3].x[0xbc]"![0xc4][0x4][0xb9])[0xad][0xe9]'][0xed][0xe8][0xcd][0xab]C[0xe9][0x91][0xbf][0x14][0xaa]C[0xd3][0xee]j[0xd4][0xb6][0x8f]/0[0x9][0x8c]w[0xc]'[0xaf][0xe9][0xbf]t[0xc1][0x1f][0xf][0xce][0x8b][0x1f]G[0xbb][0x9]edP[0xab]_[0xff][0xd7][0xcb][0x83][0xe7][0xa6][0xec][0x94][0xda]-[0xbe][0x8f]z[0x9e]|C7[0xf9]`[0xf1]y[0xa8][0xd5][0xcd]K[0xca][0xa3]Z[0xfd][0x1]h[0xc][0x97][0xf][0x91][0xd1][0xe2][0xb3][0xc7]wBy[0x9b]EO[0xa8]M}[0xd1][0x10][0x17]#%[0xfe];#[0x9e][0xf5][0x15]d@[0xde][0xe7]"|.[0xc]m[[0xc4][0xd4][0xb9]][0x5][0x15][0xcc][0x88]y[0x3][0xb4][0xfe][0x12][0xb8]p[0xcf][0xf]N?[0x84]p[0xd0][0xbb]l[0xcc][0xad][0xcf][0xe0][0xf0][0xdc][0x99][0xfc]j[0x8c]r[0xcf]wY[0xd8]\[0xfc][0xaa][0xc1][0xb2][0x90][0xc9][0x8f][0xb]<[0xc][b[0xfe][0x0]eW[0xfc][0x81][0x94][0xa5][0xb8]R[0x9b]j9[0xe8]@[0xd1][0xd8][0xe][0x98]c[0xf][0x97][0xc8][0xaa]oZ[0x9f][0xe7]?[0xc8][0x1d][0x81]v[0x92][0xf2][0x83][0xe3][0xc8][0xf7][0x1e],[0x90][0xa1][0x1f]D[0xb8][0xd6][0xfe][0xcd]h/szYx[0xb][0xdf]T_2[0xfa][0xdb]|F[0xfc]~[0x8c]W[0xc7][0xa6][0x8c][0x80][0x8d][0x9d][0xc9]=[0xa8][0x16];paC[0xee][0xd7]'4[0xf7]}?[0xc2][0x5][0xa8][0xb1]P[0xb3][0xc9][0xcb][0xb2][0xb0][0x3]N[0x89][0xe0][0xc1][0xb2]6[0xf6]C[0x8e]S[0xea][0xd2][0x94][0x15][0xf3][0xe2][0x87][0xe1]BK[0xb3][0xd5][0x9a],[0x8b] [0x9a][[0xa5][0x18][0xb7][0xc2]x8[0xc4][0xaf][0xab]?@[0xae]g[0xcf][0xc4]y[0x3][0xf3]>[0xf3]0[0xbc][0x8a][0x1b]%[0xd5][0xd4][0x15]?[0x4]-.[0xd5][0xa5][0x87][0xec][0x1a]t[0xcc][0xa1][0xc4][0xb3][0x91][0xd3]e^[0xef][0xc3][0xe9]}[0x1a]6[0xc3]v[0x91]xdsvo~[0xa9][0xe5][0xbe][0xae][0xcd][0x7]5[0xb1][0xf7][0xa0][0xe1]w?[0xc4][0xeb]c[0xeb]c[0xf3]S[0xfd][0xfa][0x97][0xec][0xeb][0xda][0xa6][0x85]+[0xd9]Lo[0xaf][0xd7]w[0x3][0x16][0xc5][0x81]wcu[0x11][0xea]Fl[0xb3][0x82]IZ[0xfc][0xc8][0xb6]&[0xeb][0x3]+[0x94]u[0xc5][0xc6][0xd3].5}[0xf]U][0x97]~<[0xfe][0xd4]-V_[0xa3][0x1f][0x8f]>=}[0x8a][0xbf][0x1f]wq'^[0xca][0x88][0x96]%I[0x9f]V[0xab][0xfd][0xca][0xea][0xd7][0x92][0x0]"7[0xb4][0x8a]x[0xbd][0xd8]qvY[0x17][0xdd][0xf4]][0xb0]Lo[0xd4][0xf7][0xbb][0xef]$[0x17]6[0x1b]0\47[0xb2][0xcd][0xe9]0'[0x1e][0xe][0xed][0xab][0x9e]U[[0xdf]MsM[0xdb][0xb5][0xca][0x1f][0x5][0xb7]L[0xe1]`[0x1c][0xe2][0xe7]>[0xeb]7z[0xb3][0xbe][0xb][\r][0xed]Cs[0xba][0x82][0xc8][0xa7]O[0xfb][0x1f][0x6][0x1e][0x8b][0x14]-Y[0x1][0xdd][0xc5][0xc4][0xda][0x89]n[0xe7][0x19][0xd4]7[0x3][0x86][0xb][0xa8][0x5]s[0x1c][0x81]t[0xc1][0x81][0xfa][0xae][0xc4][0x91]r[0xed]F[0xa5][0xdf][0xdc][0xd4]k[0xe8][0x88][0xa6][0x9f]$[0xaf][0xef][0xae]4~$[0x9f]>[0xed][0x93][0x1f][0x1b][0xe9][0x97][0xc1][0xf7][0x1a][0xf8][0x89]o[0xf1][0xc9][0xef][0xc8]u[0xf0][0x93][0xdf]x[0x9e][0xeb]h[0xe2]Q[0x97][[0xf2][0xbb][0xde][0xe2]sR4[0x92][0xab][0xd2]kf[0xbb][0xd5][0xc2][0x9d][0x16][0xdf][0xc3]O[0x83][0x88][0xaf][0x85]c[0x89]C[0xe1][0x19][0x96][0xb][0xf4]'[0xe4]_o[0x8d][0xd3]x[0xc]CM@[0x10]p[0x19][0xda][0xcd][0xd6][0xb6][0xd1]l[0x19][0xad][0xe]im[0xed][0xb4][0xb6]wZmysF [\n]"
DEBUG wire -  << "[0x11][0x18][0xfc]F[0x4][0x86][0xd4][0xff][0xb][0xb4][0xea][0xce][0x89][0xf][0xc6][0x0][0x0]"
DEBUG RequestSpecificationImpl$RestAssuredHttpBuilder - Parsed data to instance of: class org.apache.http.conn.EofSensorInputStream
DEBUG RequestAddCookies - CookieSpec selected: default
DEBUG RequestAuthCache - Auth cache not set in the context
DEBUG PoolingHttpClientConnectionManager - Connection request: [route: {}->http://localhost:2064][total kept alive: 2; route allocated: 1 of 2000; total allocated: 2 of 2000]
DEBUG PoolingHttpClientConnectionManager - Connection leased: [id: 1][route: {}->http://localhost:2064][total kept alive: 1; route allocated: 1 of 2000; total allocated: 2 of 2000]
DEBUG MainClientExec - Stale connection check
DEBUG wire - http-outgoing-1 << "[read] I/O error: Read timed out"
DEBUG DefaultManagedHttpClientConnection - http-outgoing-1: set socket timeout to 10800000
DEBUG MainClientExec - Executing request GET /session/e9c2f5b492893b90288674161d6e7d46/element/0.01484094461664287-21/attribute/href HTTP/1.1
DEBUG MainClientExec - Target auth state: UNCHALLENGED
DEBUG MainClientExec - Proxy auth state: UNCHALLENGED
DEBUG headers - http-outgoing-1 >> GET /session/e9c2f5b492893b90288674161d6e7d46/element/0.01484094461664287-21/attribute/href HTTP/1.1
DEBUG headers - http-outgoing-1 >> Cache-Control: no-cache
DEBUG headers - http-outgoing-1 >> Host: localhost:2064
DEBUG headers - http-outgoing-1 >> Connection: Keep-Alive
DEBUG headers - http-outgoing-1 >> User-Agent: Apache-HttpClient/4.5.3 (Java/1.8.0_161)
DEBUG headers - http-outgoing-1 >> Accept-Encoding: gzip,deflate
DEBUG wire - http-outgoing-1 >> "GET /session/e9c2f5b492893b90288674161d6e7d46/element/0.01484094461664287-21/attribute/href HTTP/1.1[\r][\n]"
DEBUG wire - http-outgoing-1 >> "Cache-Control: no-cache[\r][\n]"
DEBUG wire - http-outgoing-1 >> "Host: localhost:2064[\r][\n]"
DEBUG wire - http-outgoing-1 >> "Connection: Keep-Alive[\r][\n]"
DEBUG wire - http-outgoing-1 >> "User-Agent: Apache-HttpClient/4.5.3 (Java/1.8.0_161)[\r][\n]"
DEBUG wire - http-outgoing-1 >> "Accept-Encoding: gzip,deflate[\r][\n]"
DEBUG wire - http-outgoing-1 >> "[\r][\n]"
DEBUG wire - http-outgoing-1 << "HTTP/1.1 200 OK[\r][\n]"
DEBUG wire - http-outgoing-1 << "Content-Length:103[\r][\n]"
DEBUG wire - http-outgoing-1 << "Content-Type:application/json; charset=utf-8[\r][\n]"
DEBUG wire - http-outgoing-1 << "[\r][\n]"
DEBUG wire - http-outgoing-1 << "{"sessionId":"e9c2f5b492893b90288674161d6e7d46","status":0,"value":"mailto:flavio.corradini@unicam.it"}"
DEBUG headers - http-outgoing-1 << HTTP/1.1 200 OK
DEBUG headers - http-outgoing-1 << Content-Length:103
DEBUG headers - http-outgoing-1 << Content-Type:application/json; charset=utf-8
DEBUG MainClientExec - Connection can be kept alive indefinitely
DEBUG PoolingHttpClientConnectionManager - Connection [id: 1][route: {}->http://localhost:2064] can be kept alive indefinitely
DEBUG PoolingHttpClientConnectionManager - Connection released: [id: 1][route: {}->http://localhost:2064][total kept alive: 2; route allocated: 1 of 2000; total allocated: 2 of 2000]
DEBUG BasicClientConnectionManager - Get connection for route {}->http://localhost:8080
DEBUG DefaultClientConnectionOperator - Connecting to localhost:8080
DEBUG DefaultClientConnectionOperator - Connect to localhost:8080 timed out. Connection will be retried using another IP address
DEBUG DefaultClientConnectionOperator - Connecting to localhost:8080
DEBUG DefaultClientConnection - Connection org.apache.http.impl.conn.DefaultClientConnection@632aa1a3 closed
DEBUG DefaultClientConnection - Connection org.apache.http.impl.conn.DefaultClientConnection@632aa1a3 shut down
DEBUG BasicClientConnectionManager - Releasing connection org.apache.http.impl.conn.ManagedClientConnectionImpl@20765ed5
]]></system-out>
    <system-err><![CDATA[Starting ChromeDriver 2.45.615355 (d5698f682d8b2742017df6c81e0bd8e6a3063189) on port 2064
Only local connections are allowed.
Jan 14, 2019 6:23:48 PM org.openqa.selenium.remote.ProtocolHandshake createSession
INFO: Detected dialect: OSS
]]></system-err>
  </testcase>
</testsuite>